2026-02-04 20:49:01,538 : INFO : root : Loading config.
2026-02-04 20:49:01,540 : INFO : YamlMultifileConfigLoader : Machine config file #1: config.yaml
2026-02-04 20:49:01,540 : INFO : ConfigProcessor : Loading config from cache: C:\Users\finis\AppData\Local\Temp\46a2264aace4dc9247b28883ea729273.mpf_cache
2026-02-04 20:49:01,595 : INFO : ConfigProcessor : Loading config from cache: C:\Users\finis\AppData\Local\Temp\7a912b2511d42635e0b426a52fd16cc1.mpf_cache
2026-02-04 20:49:01,595 : INFO : ConfigProcessor : Loading config from cache: C:\Users\finis\AppData\Local\Temp\846fbc79a2a788b1cf5d5d816f13713f.mpf_cache
2026-02-04 20:49:01,596 : INFO : ConfigProcessor : Loading config from cache: C:\Users\finis\AppData\Local\Temp\7a912b2511d42635e0b426a52fd16cc1.mpf_cache
2026-02-04 20:49:01,596 : INFO : ConfigProcessor : Loading config from cache: C:\Users\finis\AppData\Local\Temp\846e437aa6a6d4e49cfecbc0eb6b947e.mpf_cache
2026-02-04 20:49:01,596 : INFO : ConfigProcessor : Loading config from cache: C:\Users\finis\AppData\Local\Temp\e174ecf493a349a73234a633270ad0d9.mpf_cache
2026-02-04 20:49:01,596 : INFO : ConfigProcessor : Loading config from cache: C:\Users\finis\AppData\Local\Temp\771489ba91bf1192210b19104700c5d3.mpf_cache
2026-02-04 20:49:01,598 : INFO : ConfigProcessor : Loading config from cache: C:\Users\finis\AppData\Local\Temp\1432a9cb30ea961dd7adffbc6e2c4f35.mpf_cache
2026-02-04 20:49:01,598 : INFO : ConfigProcessor : Loading config from cache: C:\Users\finis\AppData\Local\Temp\46e23fa43ebcbad0058dff2ccd1749db.mpf_cache
2026-02-04 20:49:01,598 : INFO : ConfigProcessor : Loading config from cache: C:\Users\finis\AppData\Local\Temp\4b672ce255959e7c9d79f5c0592d724e.mpf_cache
2026-02-04 20:49:01,599 : INFO : ConfigProcessor : Loading config from cache: C:\Users\finis\AppData\Local\Temp\9d587acd2514204c2184f3d2122ad4c0.mpf_cache
2026-02-04 20:49:01,599 : INFO : ConfigProcessor : Loading config from cache: C:\Users\finis\AppData\Local\Temp\11a9f655528ac0594d50c59aeb7a2be1.mpf_cache
2026-02-04 20:49:01,600 : INFO : ConfigProcessor : Loading config from cache: C:\Users\finis\AppData\Local\Temp\d3c2043c2caee824c7d19fec992b910d.mpf_cache
2026-02-04 20:49:01,600 : INFO : ConfigProcessor : Loading config from cache: C:\Users\finis\AppData\Local\Temp\3bf85c9c6a230df3db347439b2c95fce.mpf_cache
2026-02-04 20:49:01,600 : INFO : ConfigProcessor : Loading config from cache: C:\Users\finis\AppData\Local\Temp\c89ad23e02b0cc4b1c7ffdcd5d19c61c.mpf_cache
2026-02-04 20:49:01,601 : INFO : ConfigProcessor : Loading config from cache: C:\Users\finis\AppData\Local\Temp\5f596829baa7ca0c1b0b6fb070a8c551.mpf_cache
2026-02-04 20:49:01,601 : INFO : ConfigProcessor : Loading config from cache: C:\Users\finis\AppData\Local\Temp\e56caea5064b88beeafa152aec070b7d.mpf_cache
2026-02-04 20:49:01,601 : INFO : ConfigProcessor : Loading config from cache: C:\Users\finis\AppData\Local\Temp\16bb9e26d7631ec6cb300efdb81ae342.mpf_cache
2026-02-04 20:49:01,602 : INFO : ConfigProcessor : Loading config from cache: C:\Users\finis\AppData\Local\Temp\67f95873c210b4a0c23d78e3e0e68f7e.mpf_cache
2026-02-04 20:49:01,602 : INFO : ConfigProcessor : Loading config from cache: C:\Users\finis\AppData\Local\Temp\9e3f944bf38390c8870a73dddcf76b67.mpf_cache
2026-02-04 20:49:01,602 : INFO : ConfigProcessor : Loading config from cache: C:\Users\finis\AppData\Local\Temp\4bf8b529c69b45d37a3cfe4b57c83b44.mpf_cache
2026-02-04 20:49:01,603 : INFO : ConfigProcessor : Loading config from cache: C:\Users\finis\AppData\Local\Temp\f79cef1307aeffd9c86ffb92ac1cd06c.mpf_cache
2026-02-04 20:49:01,603 : INFO : ConfigProcessor : Loading config from cache: C:\Users\finis\AppData\Local\Temp\b32d6ee59e93b9fa86d5f1ff424d45cc.mpf_cache
2026-02-04 20:49:01,603 : INFO : ConfigProcessor : Loading config from cache: C:\Users\finis\AppData\Local\Temp\15c42393a8b6c79a9f2374f3a063a6f1.mpf_cache
2026-02-04 20:49:01,603 : INFO : ConfigProcessor : Loading config from cache: C:\Users\finis\AppData\Local\Temp\fbf60930feaa455399bcf6a382fb4acf.mpf_cache
2026-02-04 20:49:01,604 : INFO : ConfigProcessor : Loading config from cache: C:\Users\finis\AppData\Local\Temp\5c91be9f19670367b3b66d5ae17ec66c.mpf_cache
2026-02-04 20:49:01,604 : INFO : ConfigProcessor : Loading config from cache: C:\Users\finis\AppData\Local\Temp\4cef0a402579520dc1644bbcada1dd43.mpf_cache
2026-02-04 20:49:01,604 : INFO : ConfigProcessor : Loading config from cache: C:\Users\finis\AppData\Local\Temp\363f67c1c91992cd991e35986d72087d.mpf_cache
2026-02-04 20:49:01,604 : INFO : ConfigProcessor : Loading config from cache: C:\Users\finis\AppData\Local\Temp\5e94af9cec53454a75a5c3b496fb0a8f.mpf_cache
2026-02-04 20:49:01,605 : INFO : ConfigProcessor : Loading config from cache: C:\Users\finis\AppData\Local\Temp\e29eb48fe50114af2110fda51cb955d5.mpf_cache
2026-02-04 20:49:01,605 : INFO : ConfigProcessor : Loading config from cache: C:\Users\finis\AppData\Local\Temp\8650d74ed92ce75de237b5b0afe61717.mpf_cache
2026-02-04 20:49:01,605 : INFO : ConfigProcessor : Loading config from cache: C:\Users\finis\AppData\Local\Temp\6f2641ac439da895d55e1afeb302df16.mpf_cache
2026-02-04 20:49:01,605 : INFO : ConfigProcessor : Loading config from cache: C:\Users\finis\AppData\Local\Temp\d5fb3bc5538410bc00ef25b4c9bed61e.mpf_cache
2026-02-04 20:49:01,607 : INFO : ConfigProcessor : Loading config from cache: C:\Users\finis\AppData\Local\Temp\6da18e1d37738be2dfd621d5de7e938c.mpf_cache
2026-02-04 20:49:01,607 : INFO : Machine : Mission Pinball Framework Core Engine v0.80.0.dev11
2026-02-04 20:49:01,607 : INFO : Machine : Command line arguments: {'no_load_cache': False, 'create_config_cache': True, 'bcp': False, 'configfile': ['config.yaml'], 'force_assets_load': False, 'platform_integration_test': False, 'jsonlogging': False, 'logfile': 'logs\\2026-02-04-20-49-01-mpf-Bosgame-1NWVA.log', 'pause': False, 'production': False, 'text_ui': False, 'loglevel': 15, 'consoleloglevel': 20, 'force_platform': None, 'syslog_address': None, 'full_logfile_path': 'C:\\Users\\finis\\diehard-mpf\\logs\\2026-02-04-20-49-01-mpf-Bosgame-1NWVA.log'}
2026-02-04 20:49:01,607 : INFO : Machine : MPF path: C:\Users\finis\mpf\Lib\site-packages\mpf
2026-02-04 20:49:01,607 : INFO : Machine : Machine path: C:\Users\finis\diehard-mpf
2026-02-04 20:49:01,607 : INFO : Machine : Platform: win32
2026-02-04 20:49:01,607 : INFO : Machine : Python executable location: C:\Users\finis\mpf\Scripts\python.exe
2026-02-04 20:49:01,607 : INFO : Machine : Python version: 3.12.7 (64-bit)
2026-02-04 20:49:01,609 : INFO : Machine : Initializing MPF...
2026-02-04 20:49:01,667 : INFO : FAST : Auto-detecting ports for the following connections: ['net', 'exp', 'aud']
2026-02-04 20:49:01,999 : INFO : FAST : Detected AUD on port COM5
2026-02-04 20:49:01,999 : INFO : FAST : Detected NET on port COM4
2026-02-04 20:49:01,999 : INFO : FAST : Detected EXP on port COM6
2026-02-04 20:49:02,111 : INFO : FAST [NET] : Trying to connect to COM4 at 921600bps
2026-02-04 20:49:02,188 : INFO : FAST [NET] : Connected to COM4 at 921600bps
2026-02-04 20:49:02,203 : INFO : FAST [NET] : Connected to FP-CPU-2000 with firmware v02.26
2026-02-04 20:49:02,235 : INFO : FAST [NET] : Registered I/O Board 0: Model: FP-I/O-0024, Firmware: 01.10, Switches: 24, Drivers: 8
2026-02-04 20:49:02,250 : INFO : FAST [NET] : Registered I/O Board 1: Model: FP-I/O-3208, Firmware: 01.10, Switches: 32, Drivers: 8
2026-02-04 20:49:02,266 : INFO : FAST [NET] : Registered I/O Board 2: Model: FP-I/O-1616, Firmware: 01.10, Switches: 16, Drivers: 16
2026-02-04 20:49:02,282 : INFO : FAST [NET] : Registered I/O Board 3: Model: FP-I/O-1616, Firmware: 01.10, Switches: 16, Drivers: 16
2026-02-04 20:49:02,284 : INFO : FAST [EXP] : Trying to connect to COM6 at 921600bps
2026-02-04 20:49:02,360 : INFO : FAST [EXP] : Connected to COM6 at 921600bps
2026-02-04 20:49:02,376 : INFO : FAST [EXP] : Verifying hardware for EXP "neuron" (FP-EXP-2000, @48) with ID string "EXP FP-EXP-2000  0.44", board address 48
2026-02-04 20:49:02,391 : INFO : FAST [EXP] : Verifying hardware for EXP "neuron" (FP-EXP-2000, @48) with ID string "LED FP-BRK-0001  0.8", board address 480
2026-02-04 20:49:02,422 : INFO : FAST [EXP] : Verifying hardware for EXP "playfield" (FP-EXP-0071, @B4) with ID string "EXP FP-EXP-0071  0.48", board address B4
2026-02-04 20:49:02,438 : INFO : FAST [EXP] : Verifying hardware for EXP "playfield" (FP-EXP-0071, @B4) with ID string "BRK FP-EXP-0071  0.48", board address B40
2026-02-04 20:49:02,470 : INFO : FAST [EXP] : Verifying hardware for EXP "shakerboard" (FP-EXP-1313, @30) with ID string "EXP FP-EXP-1313  0.48", board address 30
2026-02-04 20:49:02,485 : INFO : FAST [EXP] : Verifying hardware for EXP "shakerboard" (FP-EXP-1313, @30) with ID string "BRK FP-EXP-1313  0.48", board address 300
2026-02-04 20:49:02,501 : INFO : FAST [AUD] : Trying to connect to COM5 at 230400bps
2026-02-04 20:49:02,578 : INFO : FAST [AUD] : Connected to COM5 at 230400bps
2026-02-04 20:49:02,595 : INFO : FAST [AUD] : Connected to FP-AUD-0100 with firmware v0.02
2026-02-04 20:49:02,595 : INFO : EventManager : Event: ======'machine_var_credits_string'====== Args={'value': 'FREE PLAY', 'prev_value': None, 'change': True}
2026-02-04 20:49:02,610 : INFO : EventManager : Event: ======'machine_var_fast_audio_headphones_volume'====== Args={'value': 10, 'prev_value': None, 'change': True}
2026-02-04 20:49:02,610 : INFO : EventManager : Event: ======'machine_var_fast_audio_main_volume'====== Args={'value': 60, 'prev_value': None, 'change': True}
2026-02-04 20:49:02,610 : INFO : EventManager : Event: ======'machine_var_master_volume'====== Args={'value': 0.5, 'prev_value': None, 'change': True}
2026-02-04 20:49:02,610 : INFO : EventManager : Event: ======'machine_var_player1_score'====== Args={'value': 17120, 'prev_value': None, 'change': True}
2026-02-04 20:49:02,610 : INFO : EventManager : Event: ======'machine_var_var_which_attract'====== Args={'value': 0, 'prev_value': None, 'change': True}
2026-02-04 20:49:02,610 : INFO : EventManager : Event: ======'machine_var_magnets_enabled'====== Args={'value': 0, 'prev_value': None, 'change': True}
2026-02-04 20:49:02,610 : INFO : EventManager : Event: ======'machine_var_mpf_version'====== Args={'value': 'Mission Pinball Framework v0.80.0.dev11', 'prev_value': None, 'change': True}
2026-02-04 20:49:02,610 : INFO : EventManager : Event: ======'machine_var_mpf_extended_version'====== Args={'value': 'Mission Pinball Framework v0.80.0.dev11, Config version:6, Show version: 6, BCP version:1.1', 'prev_value': None, 'change': True}
2026-02-04 20:49:02,610 : INFO : EventManager : Event: ======'machine_var_python_version'====== Args={'value': '3.12.7', 'prev_value': None, 'change': True}
2026-02-04 20:49:02,660 : INFO : EventManager : Event: ======'machine_var_platform'====== Args={'value': 'Windows-11-10.0.26200-SP0', 'prev_value': None, 'change': True}
2026-02-04 20:49:02,660 : INFO : EventManager : Event: ======'machine_var_platform_system'====== Args={'value': 'Windows', 'prev_value': None, 'change': True}
2026-02-04 20:49:02,660 : INFO : EventManager : Event: ======'machine_var_platform_release'====== Args={'value': '11', 'prev_value': None, 'change': True}
2026-02-04 20:49:02,661 : INFO : EventManager : Event: ======'machine_var_platform_version'====== Args={'value': '10.0.26200', 'prev_value': None, 'change': True}
2026-02-04 20:49:02,661 : INFO : EventManager : Event: ======'machine_var_platform_machine'====== Args={'value': 'AMD64', 'prev_value': None, 'change': True}
2026-02-04 20:49:02,661 : INFO : EventManager : Event: ======'machine_var_log_file_path'====== Args={'value': 'C:\\Users\\finis\\diehard-mpf\\logs\\2026-02-04-20-49-01-mpf-Bosgame-1NWVA.log', 'prev_value': None, 'change': True}
2026-02-04 20:49:02,661 : INFO : EventManager : Event: ======'init_phase_1'====== Args={}
2026-02-04 20:49:02,700 : INFO : EventManager : Event: ======'drop_target_bank_bank_up'====== Args={}
2026-02-04 20:49:02,700 : INFO : EventManager : Event: ======'drop_target_bank_bank1_up'====== Args={}
2026-02-04 20:49:05,112 : INFO : SwitchController : <<<<<<< 's_trough1' active >>>>>>>
2026-02-04 20:49:05,112 : INFO : SwitchController : <<<<<<< 's_trough2' active >>>>>>>
2026-02-04 20:49:05,112 : INFO : SwitchController : <<<<<<< 's_trough3' active >>>>>>>
2026-02-04 20:49:05,112 : INFO : SwitchController : <<<<<<< 's_nakatomi_lock_ball_count' active >>>>>>>
2026-02-04 20:49:05,112 : INFO : SwitchController : <<<<<<< 's_TrPF1' active >>>>>>>
2026-02-04 20:49:05,112 : INFO : SwitchController : <<<<<<< 's_TrPF2' active >>>>>>>
2026-02-04 20:49:05,159 : INFO : EventManager : Event: ======'init_phase_2'====== Args={}
2026-02-04 20:49:05,160 : INFO : SwitchController : Found active switch: (53, [FAST Platform Interface]) <switch.s_trough1>
2026-02-04 20:49:05,160 : INFO : SwitchController : Found active switch: (48, [FAST Platform Interface]) <switch.s_trough2>
2026-02-04 20:49:05,160 : INFO : SwitchController : Found active switch: (49, [FAST Platform Interface]) <switch.s_trough3>
2026-02-04 20:49:05,160 : INFO : SwitchController : Found active switch: (82, [FAST Platform Interface]) <switch.s_nakatomi_lock_ball_count>
2026-02-04 20:49:05,160 : INFO : SwitchController : Found active switch: (78, [FAST Platform Interface]) <switch.s_TrPF1>
2026-02-04 20:49:05,160 : INFO : SwitchController : Found active switch: (79, [FAST Platform Interface]) <switch.s_TrPF2>
2026-02-04 20:49:05,611 : INFO : ball_device.bd_trough : BCH: Initial count: 3
2026-02-04 20:49:05,611 : INFO : ball_device.bd_trough : State: idle
2026-02-04 20:49:05,611 : INFO : ball_device.bd_plunger : BCH: Initial count: 0
2026-02-04 20:49:05,613 : INFO : ball_device.bd_plunger : State: idle
2026-02-04 20:49:05,613 : INFO : ball_device.kickervault1_eject : BCH: Initial count: 0
2026-02-04 20:49:05,613 : INFO : ball_device.kickervault1_eject : State: idle
2026-02-04 20:49:05,614 : INFO : ball_device.rightkicker : BCH: Initial count: 0
2026-02-04 20:49:05,614 : INFO : ball_device.rightkicker : State: idle
2026-02-04 20:49:05,614 : INFO : ball_device.UrampUp001 : BCH: Initial count: 0
2026-02-04 20:49:05,614 : INFO : ball_device.UrampUp001 : State: idle
2026-02-04 20:49:05,614 : INFO : ball_device.rightvuk : BCH: Initial count: 0
2026-02-04 20:49:05,614 : INFO : ball_device.rightvuk : State: idle
2026-02-04 20:49:05,616 : INFO : ball_device.towervuk : BCH: Initial count: 0
2026-02-04 20:49:05,616 : INFO : ball_device.towervuk : State: idle
2026-02-04 20:49:05,629 : INFO : ball_device.airplane : BCH: Initial count: 0
2026-02-04 20:49:05,630 : INFO : ball_device.airplane : State: idle
2026-02-04 20:49:05,638 : INFO : EventManager : Event: ======'init_phase_3'====== Args={}
2026-02-04 20:49:05,699 : INFO : EventManager : Event: ======'init_phase_4'====== Args={}
2026-02-04 20:49:05,700 : INFO : BallController : Initial balls found: 3
2026-02-04 20:49:05,701 : INFO : EventManager : Event: ======'machine_var_audits_events_game_ended'====== Args={'value': 20, 'prev_value': None, 'change': True}
2026-02-04 20:49:05,701 : INFO : EventManager : Event: ======'machine_var_audits_events_game_started'====== Args={'value': 133, 'prev_value': None, 'change': True}
2026-02-04 20:49:05,701 : INFO : EventManager : Event: ======'machine_var_audits_missing_switches_SpinnerLeft'====== Args={'value': 13, 'prev_value': None, 'change': True}
2026-02-04 20:49:05,701 : INFO : EventManager : Event: ======'machine_var_audits_missing_switches_SpinnerRight'====== Args={'value': 22, 'prev_value': None, 'change': True}
2026-02-04 20:49:05,701 : INFO : EventManager : Event: ======'machine_var_audits_missing_switches_s_AirDuctEnter001'====== Args={'value': 33, 'prev_value': None, 'change': True}
2026-02-04 20:49:05,701 : INFO : EventManager : Event: ======'machine_var_audits_missing_switches_s_TrPF1'====== Args={'value': 55, 'prev_value': None, 'change': True}
2026-02-04 20:49:05,701 : INFO : EventManager : Event: ======'machine_var_audits_missing_switches_s_TrPF2'====== Args={'value': 55, 'prev_value': None, 'change': True}
2026-02-04 20:49:05,701 : INFO : EventManager : Event: ======'machine_var_audits_missing_switches_s_TrPF3'====== Args={'value': 55, 'prev_value': None, 'change': True}
2026-02-04 20:49:05,701 : INFO : EventManager : Event: ======'machine_var_audits_missing_switches_s_UrampUp001'====== Args={'value': 55, 'prev_value': None, 'change': True}
2026-02-04 20:49:05,701 : INFO : EventManager : Event: ======'machine_var_audits_missing_switches_s_air_duct'====== Args={'value': 21, 'prev_value': None, 'change': True}
2026-02-04 20:49:05,701 : INFO : EventManager : Event: ======'machine_var_audits_missing_switches_s_airplane'====== Args={'value': 1, 'prev_value': None, 'change': True}
2026-02-04 20:49:05,701 : INFO : EventManager : Event: ======'machine_var_audits_missing_switches_s_bottom_left_inner_drain'====== Args={'value': 1, 'prev_value': None, 'change': True}
2026-02-04 20:49:05,701 : INFO : EventManager : Event: ======'machine_var_audits_missing_switches_s_bottom_left_outer_drain'====== Args={'value': 2, 'prev_value': None, 'change': True}
2026-02-04 20:49:05,701 : INFO : EventManager : Event: ======'machine_var_audits_missing_switches_s_bottom_right_inner_drain'====== Args={'value': 1, 'prev_value': None, 'change': True}
2026-02-04 20:49:05,702 : INFO : EventManager : Event: ======'machine_var_audits_missing_switches_s_captiveball'====== Args={'value': 55, 'prev_value': None, 'change': True}
2026-02-04 20:49:05,702 : INFO : EventManager : Event: ======'machine_var_audits_missing_switches_s_door'====== Args={'value': 54, 'prev_value': None, 'change': True}
2026-02-04 20:49:05,702 : INFO : EventManager : Event: ======'machine_var_audits_missing_switches_s_door_open'====== Args={'value': 2, 'prev_value': None, 'change': True}
2026-02-04 20:49:05,702 : INFO : EventManager : Event: ======'machine_var_audits_missing_switches_s_door_tilt'====== Args={'value': 56, 'prev_value': None, 'change': True}
2026-02-04 20:49:05,702 : INFO : EventManager : Event: ======'machine_var_audits_missing_switches_s_drop_target_1'====== Args={'value': 55, 'prev_value': None, 'change': True}
2026-02-04 20:49:05,702 : INFO : EventManager : Event: ======'machine_var_audits_missing_switches_s_drop_target_2'====== Args={'value': 55, 'prev_value': None, 'change': True}
2026-02-04 20:49:05,702 : INFO : EventManager : Event: ======'machine_var_audits_missing_switches_s_drop_target_3'====== Args={'value': 54, 'prev_value': None, 'change': True}
2026-02-04 20:49:05,702 : INFO : EventManager : Event: ======'machine_var_audits_missing_switches_s_enter'====== Args={'value': 131, 'prev_value': None, 'change': True}
2026-02-04 20:49:05,702 : INFO : EventManager : Event: ======'machine_var_audits_missing_switches_s_escape'====== Args={'value': 131, 'prev_value': None, 'change': True}
2026-02-04 20:49:05,702 : INFO : EventManager : Event: ======'machine_var_audits_missing_switches_s_fire'====== Args={'value': 1, 'prev_value': None, 'change': True}
2026-02-04 20:49:05,702 : INFO : EventManager : Event: ======'machine_var_audits_missing_switches_s_highvuk'====== Args={'value': 3, 'prev_value': None, 'change': True}
2026-02-04 20:49:05,702 : INFO : EventManager : Event: ======'machine_var_audits_missing_switches_s_holly_h'====== Args={'value': 22, 'prev_value': None, 'change': True}
2026-02-04 20:49:05,702 : INFO : EventManager : Event: ======'machine_var_audits_missing_switches_s_holly_l'====== Args={'value': 54, 'prev_value': None, 'change': True}
2026-02-04 20:49:05,702 : INFO : EventManager : Event: ======'machine_var_audits_missing_switches_s_holly_l1'====== Args={'value': 53, 'prev_value': None, 'change': True}
2026-02-04 20:49:05,702 : INFO : EventManager : Event: ======'machine_var_audits_missing_switches_s_holly_l_1'====== Args={'value': 3, 'prev_value': None, 'change': True}
2026-02-04 20:49:05,702 : INFO : EventManager : Event: ======'machine_var_audits_missing_switches_s_holly_o'====== Args={'value': 22, 'prev_value': None, 'change': True}
2026-02-04 20:49:05,702 : INFO : EventManager : Event: ======'machine_var_audits_missing_switches_s_holly_y'====== Args={'value': 54, 'prev_value': None, 'change': True}
2026-02-04 20:49:05,702 : INFO : EventManager : Event: ======'machine_var_audits_missing_switches_s_kickervault1'====== Args={'value': 22, 'prev_value': None, 'change': True}
2026-02-04 20:49:05,702 : INFO : EventManager : Event: ======'machine_var_audits_missing_switches_s_left_coin'====== Args={'value': 133, 'prev_value': None, 'change': True}
2026-02-04 20:49:05,702 : INFO : EventManager : Event: ======'machine_var_audits_missing_switches_s_left_flipper_eos'====== Args={'value': 54, 'prev_value': None, 'change': True}
2026-02-04 20:49:05,702 : INFO : EventManager : Event: ======'machine_var_audits_missing_switches_s_left_inlane'====== Args={'value': 24, 'prev_value': None, 'change': True}
2026-02-04 20:49:05,702 : INFO : EventManager : Event: ======'machine_var_audits_missing_switches_s_left_magna'====== Args={'value': 1, 'prev_value': None, 'change': True}
2026-02-04 20:49:05,702 : INFO : EventManager : Event: ======'machine_var_audits_missing_switches_s_left_orbit'====== Args={'value': 13, 'prev_value': None, 'change': True}
2026-02-04 20:49:05,702 : INFO : EventManager : Event: ======'machine_var_audits_missing_switches_s_left_orbit2'====== Args={'value': 13, 'prev_value': None, 'change': True}
2026-02-04 20:49:05,702 : INFO : EventManager : Event: ======'machine_var_audits_missing_switches_s_left_outlane'====== Args={'value': 24, 'prev_value': None, 'change': True}
2026-02-04 20:49:05,702 : INFO : EventManager : Event: ======'machine_var_audits_missing_switches_s_left_sling'====== Args={'value': 2, 'prev_value': None, 'change': True}
2026-02-04 20:49:05,702 : INFO : EventManager : Event: ======'machine_var_audits_missing_switches_s_left_slingshot'====== Args={'value': 1, 'prev_value': None, 'change': True}
2026-02-04 20:49:05,702 : INFO : EventManager : Event: ======'machine_var_audits_missing_switches_s_left_top_target'====== Args={'value': 1, 'prev_value': None, 'change': True}
2026-02-04 20:49:05,702 : INFO : EventManager : Event: ======'machine_var_audits_missing_switches_s_mid_orbit'====== Args={'value': 64, 'prev_value': None, 'change': True}
2026-02-04 20:49:05,702 : INFO : EventManager : Event: ======'machine_var_audits_missing_switches_s_middle_top_target'====== Args={'value': 1, 'prev_value': None, 'change': True}
2026-02-04 20:49:05,702 : INFO : EventManager : Event: ======'machine_var_audits_missing_switches_s_minus'====== Args={'value': 131, 'prev_value': None, 'change': True}
2026-02-04 20:49:05,702 : INFO : EventManager : Event: ======'machine_var_audits_missing_switches_s_nakatomi_lock_ball_count'====== Args={'value': 55, 'prev_value': None, 'change': True}
2026-02-04 20:49:05,702 : INFO : EventManager : Event: ======'machine_var_audits_missing_switches_s_plus'====== Args={'value': 131, 'prev_value': None, 'change': True}
2026-02-04 20:49:05,702 : INFO : EventManager : Event: ======'machine_var_audits_missing_switches_s_popbumper_left'====== Args={'value': 45, 'prev_value': None, 'change': True}
2026-02-04 20:49:05,702 : INFO : EventManager : Event: ======'machine_var_audits_missing_switches_s_popbumper_right'====== Args={'value': 45, 'prev_value': None, 'change': True}
2026-02-04 20:49:05,702 : INFO : EventManager : Event: ======'machine_var_audits_missing_switches_s_push_drop_target_4'====== Args={'value': 54, 'prev_value': None, 'change': True}
2026-02-04 20:49:05,702 : INFO : EventManager : Event: ======'machine_var_audits_missing_switches_s_push_drop_target_5'====== Args={'value': 22, 'prev_value': None, 'change': True}
2026-02-04 20:49:05,702 : INFO : EventManager : Event: ======'machine_var_audits_missing_switches_s_right_coin'====== Args={'value': 133, 'prev_value': None, 'change': True}
2026-02-04 20:49:05,702 : INFO : EventManager : Event: ======'machine_var_audits_missing_switches_s_right_flipper'====== Args={'value': 54, 'prev_value': None, 'change': True}
2026-02-04 20:49:05,702 : INFO : EventManager : Event: ======'machine_var_audits_missing_switches_s_right_flipper_eos'====== Args={'value': 55, 'prev_value': None, 'change': True}
2026-02-04 20:49:05,702 : INFO : EventManager : Event: ======'machine_var_audits_missing_switches_s_right_inlane'====== Args={'value': 24, 'prev_value': None, 'change': True}
2026-02-04 20:49:05,702 : INFO : EventManager : Event: ======'machine_var_audits_missing_switches_s_right_magna'====== Args={'value': 1, 'prev_value': None, 'change': True}
2026-02-04 20:49:05,702 : INFO : EventManager : Event: ======'machine_var_audits_missing_switches_s_right_orbit'====== Args={'value': 49, 'prev_value': None, 'change': True}
2026-02-04 20:49:05,702 : INFO : EventManager : Event: ======'machine_var_audits_missing_switches_s_right_orbit2'====== Args={'value': 49, 'prev_value': None, 'change': True}
2026-02-04 20:49:05,702 : INFO : EventManager : Event: ======'machine_var_audits_missing_switches_s_right_outlane'====== Args={'value': 24, 'prev_value': None, 'change': True}
2026-02-04 20:49:05,702 : INFO : EventManager : Event: ======'machine_var_audits_missing_switches_s_right_sling'====== Args={'value': 1, 'prev_value': None, 'change': True}
2026-02-04 20:49:05,702 : INFO : EventManager : Event: ======'machine_var_audits_missing_switches_s_right_slingshot'====== Args={'value': 2, 'prev_value': None, 'change': True}
2026-02-04 20:49:05,702 : INFO : EventManager : Event: ======'machine_var_audits_missing_switches_s_right_top_target'====== Args={'value': 1, 'prev_value': None, 'change': True}
2026-02-04 20:49:05,702 : INFO : EventManager : Event: ======'machine_var_audits_missing_switches_s_rightkicker'====== Args={'value': 21, 'prev_value': None, 'change': True}
2026-02-04 20:49:05,702 : INFO : EventManager : Event: ======'machine_var_audits_missing_switches_s_rightvuk'====== Args={'value': 55, 'prev_value': None, 'change': True}
2026-02-04 20:49:05,702 : INFO : EventManager : Event: ======'machine_var_audits_missing_switches_s_safe_vuk'====== Args={'value': 3, 'prev_value': None, 'change': True}
2026-02-04 20:49:05,702 : INFO : EventManager : Event: ======'machine_var_audits_missing_switches_s_service_down'====== Args={'value': 2, 'prev_value': None, 'change': True}
2026-02-04 20:49:05,702 : INFO : EventManager : Event: ======'machine_var_audits_missing_switches_s_service_enter'====== Args={'value': 2, 'prev_value': None, 'change': True}
2026-02-04 20:49:05,702 : INFO : EventManager : Event: ======'machine_var_audits_missing_switches_s_service_esc'====== Args={'value': 2, 'prev_value': None, 'change': True}
2026-02-04 20:49:05,702 : INFO : EventManager : Event: ======'machine_var_audits_missing_switches_s_service_up'====== Args={'value': 2, 'prev_value': None, 'change': True}
2026-02-04 20:49:05,702 : INFO : EventManager : Event: ======'machine_var_audits_missing_switches_s_spinnerleft'====== Args={'value': 1, 'prev_value': None, 'change': True}
2026-02-04 20:49:05,702 : INFO : EventManager : Event: ======'machine_var_audits_missing_switches_s_spinnerright'====== Args={'value': 1, 'prev_value': None, 'change': True}
2026-02-04 20:49:05,702 : INFO : EventManager : Event: ======'machine_var_audits_missing_switches_s_start'====== Args={'value': 11, 'prev_value': None, 'change': True}
2026-02-04 20:49:05,702 : INFO : EventManager : Event: ======'machine_var_audits_missing_switches_s_swDivParkp'====== Args={'value': 34, 'prev_value': None, 'change': True}
2026-02-04 20:49:05,703 : INFO : EventManager : Event: ======'machine_var_audits_missing_switches_s_swleftinlane'====== Args={'value': 55, 'prev_value': None, 'change': True}
2026-02-04 20:49:05,703 : INFO : EventManager : Event: ======'machine_var_audits_missing_switches_s_swleftorb1'====== Args={'value': 1, 'prev_value': None, 'change': True}
2026-02-04 20:49:05,703 : INFO : EventManager : Event: ======'machine_var_audits_missing_switches_s_swleftorb2'====== Args={'value': 1, 'prev_value': None, 'change': True}
2026-02-04 20:49:05,703 : INFO : EventManager : Event: ======'machine_var_audits_missing_switches_s_swleftoutlane'====== Args={'value': 55, 'prev_value': None, 'change': True}
2026-02-04 20:49:05,703 : INFO : EventManager : Event: ======'machine_var_audits_missing_switches_s_swmidorb'====== Args={'value': 6, 'prev_value': None, 'change': True}
2026-02-04 20:49:05,703 : INFO : EventManager : Event: ======'machine_var_audits_missing_switches_s_swrightinlane'====== Args={'value': 54, 'prev_value': None, 'change': True}
2026-02-04 20:49:05,703 : INFO : EventManager : Event: ======'machine_var_audits_missing_switches_s_swrightorb1'====== Args={'value': 1, 'prev_value': None, 'change': True}
2026-02-04 20:49:05,703 : INFO : EventManager : Event: ======'machine_var_audits_missing_switches_s_swrightorb2'====== Args={'value': 2, 'prev_value': None, 'change': True}
2026-02-04 20:49:05,703 : INFO : EventManager : Event: ======'machine_var_audits_missing_switches_s_swrightoutlane'====== Args={'value': 55, 'prev_value': None, 'change': True}
2026-02-04 20:49:05,703 : INFO : EventManager : Event: ======'machine_var_audits_missing_switches_s_target002'====== Args={'value': 55, 'prev_value': None, 'change': True}
2026-02-04 20:49:05,703 : INFO : EventManager : Event: ======'machine_var_audits_missing_switches_s_target003'====== Args={'value': 55, 'prev_value': None, 'change': True}
2026-02-04 20:49:05,703 : INFO : EventManager : Event: ======'machine_var_audits_missing_switches_s_target004'====== Args={'value': 55, 'prev_value': None, 'change': True}
2026-02-04 20:49:05,703 : INFO : EventManager : Event: ======'machine_var_audits_missing_switches_s_target_2'====== Args={'value': 24, 'prev_value': None, 'change': True}
2026-02-04 20:49:05,703 : INFO : EventManager : Event: ======'machine_var_audits_missing_switches_s_target_3'====== Args={'value': 24, 'prev_value': None, 'change': True}
2026-02-04 20:49:05,703 : INFO : EventManager : Event: ======'machine_var_audits_missing_switches_s_targeth'====== Args={'value': 2, 'prev_value': None, 'change': True}
2026-02-04 20:49:05,703 : INFO : EventManager : Event: ======'machine_var_audits_missing_switches_s_targetl'====== Args={'value': 2, 'prev_value': None, 'change': True}
2026-02-04 20:49:05,703 : INFO : EventManager : Event: ======'machine_var_audits_missing_switches_s_targetl2'====== Args={'value': 1, 'prev_value': None, 'change': True}
2026-02-04 20:49:05,703 : INFO : EventManager : Event: ======'machine_var_audits_missing_switches_s_targeto'====== Args={'value': 2, 'prev_value': None, 'change': True}
2026-02-04 20:49:05,703 : INFO : EventManager : Event: ======'machine_var_audits_missing_switches_s_targety'====== Args={'value': 2, 'prev_value': None, 'change': True}
2026-02-04 20:49:05,703 : INFO : EventManager : Event: ======'machine_var_audits_missing_switches_s_tilt_bob'====== Args={'value': 133, 'prev_value': None, 'change': True}
2026-02-04 20:49:05,703 : INFO : EventManager : Event: ======'machine_var_audits_missing_switches_s_top_flipper_hold'====== Args={'value': 24, 'prev_value': None, 'change': True}
2026-02-04 20:49:05,703 : INFO : EventManager : Event: ======'machine_var_audits_missing_switches_s_towervuk'====== Args={'value': 55, 'prev_value': None, 'change': True}
2026-02-04 20:49:05,703 : INFO : EventManager : Event: ======'machine_var_audits_missing_switches_s_trmagl'====== Args={'value': 55, 'prev_value': None, 'change': True}
2026-02-04 20:49:05,703 : INFO : EventManager : Event: ======'machine_var_audits_missing_switches_s_trmagr'====== Args={'value': 55, 'prev_value': None, 'change': True}
2026-02-04 20:49:05,703 : INFO : EventManager : Event: ======'machine_var_audits_missing_switches_s_trough1'====== Args={'value': 1, 'prev_value': None, 'change': True}
2026-02-04 20:49:05,703 : INFO : EventManager : Event: ======'machine_var_audits_missing_switches_s_trough3'====== Args={'value': 15, 'prev_value': None, 'change': True}
2026-02-04 20:49:05,703 : INFO : EventManager : Event: ======'machine_var_audits_missing_switches_s_trough4'====== Args={'value': 15, 'prev_value': None, 'change': True}
2026-02-04 20:49:05,703 : INFO : EventManager : Event: ======'machine_var_audits_missing_switches_s_trough5'====== Args={'value': 15, 'prev_value': None, 'change': True}
2026-02-04 20:49:05,703 : INFO : EventManager : Event: ======'machine_var_audits_missing_switches_s_trough6'====== Args={'value': 15, 'prev_value': None, 'change': True}
2026-02-04 20:49:05,703 : INFO : EventManager : Event: ======'machine_var_audits_missing_switches_s_tunel_vuk'====== Args={'value': 1, 'prev_value': None, 'change': True}
2026-02-04 20:49:05,703 : INFO : EventManager : Event: ======'machine_var_audits_missing_switches_s_upper_pf_entrance'====== Args={'value': 36, 'prev_value': None, 'change': True}
2026-02-04 20:49:05,703 : INFO : EventManager : Event: ======'machine_var_audits_player_score'====== Args={'value': {'average': 89899, 'top': [691810, 665430, 224220, 152420, 150000, 138180, 97570, 97420, 90150, 33330], 'total': 24}, 'prev_value': None, 'change': True}
2026-02-04 20:49:05,703 : INFO : EventManager : Event: ======'machine_var_audits_shots_holly_h'====== Args={'value': 301, 'prev_value': None, 'change': True}
2026-02-04 20:49:05,703 : INFO : EventManager : Event: ======'machine_var_audits_shots_holly_l'====== Args={'value': 96, 'prev_value': None, 'change': True}
2026-02-04 20:49:05,703 : INFO : EventManager : Event: ======'machine_var_audits_shots_holly_l1'====== Args={'value': 75, 'prev_value': None, 'change': True}
2026-02-04 20:49:05,703 : INFO : EventManager : Event: ======'machine_var_audits_shots_holly_o'====== Args={'value': 121, 'prev_value': None, 'change': True}
2026-02-04 20:49:05,703 : INFO : EventManager : Event: ======'machine_var_audits_shots_holly_y'====== Args={'value': 27, 'prev_value': None, 'change': True}
2026-02-04 20:49:05,703 : INFO : EventManager : Event: ======'machine_var_audits_shots_targetl2'====== Args={'value': 2, 'prev_value': None, 'change': True}
2026-02-04 20:49:05,703 : INFO : EventManager : Event: ======'machine_var_audits_shots_vault_h'====== Args={'value': 59, 'prev_value': None, 'change': True}
2026-02-04 20:49:05,703 : INFO : EventManager : Event: ======'machine_var_audits_shots_vault_o'====== Args={'value': 61, 'prev_value': None, 'change': True}
2026-02-04 20:49:05,703 : INFO : EventManager : Event: ======'machine_var_audits_switches_SpinnerLeft'====== Args={'value': 23, 'prev_value': None, 'change': True}
2026-02-04 20:49:05,703 : INFO : EventManager : Event: ======'machine_var_audits_switches_SpinnerRight'====== Args={'value': 8, 'prev_value': None, 'change': True}
2026-02-04 20:49:05,703 : INFO : EventManager : Event: ======'machine_var_audits_switches_s_AirDuctEnter001'====== Args={'value': 14, 'prev_value': None, 'change': True}
2026-02-04 20:49:05,703 : INFO : EventManager : Event: ======'machine_var_audits_switches_s_TrPF1'====== Args={'value': 0, 'prev_value': None, 'change': True}
2026-02-04 20:49:05,703 : INFO : EventManager : Event: ======'machine_var_audits_switches_s_TrPF2'====== Args={'value': 0, 'prev_value': None, 'change': True}
2026-02-04 20:49:05,703 : INFO : EventManager : Event: ======'machine_var_audits_switches_s_TrPF3'====== Args={'value': 0, 'prev_value': None, 'change': True}
2026-02-04 20:49:05,703 : INFO : EventManager : Event: ======'machine_var_audits_switches_s_UrampUp001'====== Args={'value': 0, 'prev_value': None, 'change': True}
2026-02-04 20:49:05,703 : INFO : EventManager : Event: ======'machine_var_audits_switches_s_air_duct'====== Args={'value': 0, 'prev_value': None, 'change': True}
2026-02-04 20:49:05,703 : INFO : EventManager : Event: ======'machine_var_audits_switches_s_airplane'====== Args={'value': 42, 'prev_value': None, 'change': True}
2026-02-04 20:49:05,703 : INFO : EventManager : Event: ======'machine_var_audits_switches_s_bottom_left_inner_drain'====== Args={'value': 102, 'prev_value': None, 'change': True}
2026-02-04 20:49:05,703 : INFO : EventManager : Event: ======'machine_var_audits_switches_s_bottom_left_outer_drain'====== Args={'value': 92, 'prev_value': None, 'change': True}
2026-02-04 20:49:05,703 : INFO : EventManager : Event: ======'machine_var_audits_switches_s_bottom_right_inner_drain'====== Args={'value': 126, 'prev_value': None, 'change': True}
2026-02-04 20:49:05,703 : INFO : EventManager : Event: ======'machine_var_audits_switches_s_bottom_right_outer_drain'====== Args={'value': 328, 'prev_value': None, 'change': True}
2026-02-04 20:49:05,703 : INFO : EventManager : Event: ======'machine_var_audits_switches_s_bottom_right_vuk'====== Args={'value': 1822, 'prev_value': None, 'change': True}
2026-02-04 20:49:05,705 : INFO : EventManager : Event: ======'machine_var_audits_switches_s_captiveball'====== Args={'value': 0, 'prev_value': None, 'change': True}
2026-02-04 20:49:05,705 : INFO : EventManager : Event: ======'machine_var_audits_switches_s_door'====== Args={'value': 59, 'prev_value': None, 'change': True}
2026-02-04 20:49:05,705 : INFO : EventManager : Event: ======'machine_var_audits_switches_s_door_open'====== Args={'value': 0, 'prev_value': None, 'change': True}
2026-02-04 20:49:05,705 : INFO : EventManager : Event: ======'machine_var_audits_switches_s_door_tilt'====== Args={'value': 115, 'prev_value': None, 'change': True}
2026-02-04 20:49:05,705 : INFO : EventManager : Event: ======'machine_var_audits_switches_s_drop_target_1'====== Args={'value': 114, 'prev_value': None, 'change': True}
2026-02-04 20:49:05,705 : INFO : EventManager : Event: ======'machine_var_audits_switches_s_drop_target_2'====== Args={'value': 102, 'prev_value': None, 'change': True}
2026-02-04 20:49:05,705 : INFO : EventManager : Event: ======'machine_var_audits_switches_s_drop_target_3'====== Args={'value': 113, 'prev_value': None, 'change': True}
2026-02-04 20:49:05,705 : INFO : EventManager : Event: ======'machine_var_audits_switches_s_enter'====== Args={'value': 0, 'prev_value': None, 'change': True}
2026-02-04 20:49:05,705 : INFO : EventManager : Event: ======'machine_var_audits_switches_s_escape'====== Args={'value': 0, 'prev_value': None, 'change': True}
2026-02-04 20:49:05,705 : INFO : EventManager : Event: ======'machine_var_audits_switches_s_fire'====== Args={'value': 190, 'prev_value': None, 'change': True}
2026-02-04 20:49:05,705 : INFO : EventManager : Event: ======'machine_var_audits_switches_s_highvuk'====== Args={'value': 76, 'prev_value': None, 'change': True}
2026-02-04 20:49:05,705 : INFO : EventManager : Event: ======'machine_var_audits_switches_s_holly_h'====== Args={'value': 308, 'prev_value': None, 'change': True}
2026-02-04 20:49:05,705 : INFO : EventManager : Event: ======'machine_var_audits_switches_s_holly_l'====== Args={'value': 216, 'prev_value': None, 'change': True}
2026-02-04 20:49:05,705 : INFO : EventManager : Event: ======'machine_var_audits_switches_s_holly_l1'====== Args={'value': 75, 'prev_value': None, 'change': True}
2026-02-04 20:49:05,705 : INFO : EventManager : Event: ======'machine_var_audits_switches_s_holly_l_1'====== Args={'value': 93, 'prev_value': None, 'change': True}
2026-02-04 20:49:05,705 : INFO : EventManager : Event: ======'machine_var_audits_switches_s_holly_o'====== Args={'value': 237, 'prev_value': None, 'change': True}
2026-02-04 20:49:05,705 : INFO : EventManager : Event: ======'machine_var_audits_switches_s_holly_y'====== Args={'value': 71, 'prev_value': None, 'change': True}
2026-02-04 20:49:05,705 : INFO : EventManager : Event: ======'machine_var_audits_switches_s_kickervault1'====== Args={'value': 13, 'prev_value': None, 'change': True}
2026-02-04 20:49:05,705 : INFO : EventManager : Event: ======'machine_var_audits_switches_s_left spinner'====== Args={'value': 1170, 'prev_value': None, 'change': True}
2026-02-04 20:49:05,705 : INFO : EventManager : Event: ======'machine_var_audits_switches_s_left_coin'====== Args={'value': 0, 'prev_value': None, 'change': True}
2026-02-04 20:49:05,705 : INFO : EventManager : Event: ======'machine_var_audits_switches_s_left_flipper'====== Args={'value': 1438, 'prev_value': None, 'change': True}
2026-02-04 20:49:05,705 : INFO : EventManager : Event: ======'machine_var_audits_switches_s_left_flipper_eos'====== Args={'value': 1374, 'prev_value': None, 'change': True}
2026-02-04 20:49:05,705 : INFO : EventManager : Event: ======'machine_var_audits_switches_s_left_inlane'====== Args={'value': 0, 'prev_value': None, 'change': True}
2026-02-04 20:49:05,705 : INFO : EventManager : Event: ======'machine_var_audits_switches_s_left_magna'====== Args={'value': 377, 'prev_value': None, 'change': True}
2026-02-04 20:49:05,705 : INFO : EventManager : Event: ======'machine_var_audits_switches_s_left_orbit'====== Args={'value': 345, 'prev_value': None, 'change': True}
2026-02-04 20:49:05,705 : INFO : EventManager : Event: ======'machine_var_audits_switches_s_left_orbit2'====== Args={'value': 11, 'prev_value': None, 'change': True}
2026-02-04 20:49:05,705 : INFO : EventManager : Event: ======'machine_var_audits_switches_s_left_outlane'====== Args={'value': 0, 'prev_value': None, 'change': True}
2026-02-04 20:49:05,705 : INFO : EventManager : Event: ======'machine_var_audits_switches_s_left_sling'====== Args={'value': 397, 'prev_value': None, 'change': True}
2026-02-04 20:49:05,705 : INFO : EventManager : Event: ======'machine_var_audits_switches_s_left_slingshot'====== Args={'value': 1, 'prev_value': None, 'change': True}
2026-02-04 20:49:05,705 : INFO : EventManager : Event: ======'machine_var_audits_switches_s_left_top_target'====== Args={'value': 76, 'prev_value': None, 'change': True}
2026-02-04 20:49:05,705 : INFO : EventManager : Event: ======'machine_var_audits_switches_s_mid_orbit'====== Args={'value': 0, 'prev_value': None, 'change': True}
2026-02-04 20:49:05,705 : INFO : EventManager : Event: ======'machine_var_audits_switches_s_middle_top_target'====== Args={'value': 42, 'prev_value': None, 'change': True}
2026-02-04 20:49:05,705 : INFO : EventManager : Event: ======'machine_var_audits_switches_s_minus'====== Args={'value': 0, 'prev_value': None, 'change': True}
2026-02-04 20:49:05,705 : INFO : EventManager : Event: ======'machine_var_audits_switches_s_nakatomi'====== Args={'value': 199, 'prev_value': None, 'change': True}
2026-02-04 20:49:05,705 : INFO : EventManager : Event: ======'machine_var_audits_switches_s_nakatomi_lock_ball_count'====== Args={'value': 0, 'prev_value': None, 'change': True}
2026-02-04 20:49:05,705 : INFO : EventManager : Event: ======'machine_var_audits_switches_s_plunger_lane'====== Args={'value': 234, 'prev_value': None, 'change': True}
2026-02-04 20:49:05,705 : INFO : EventManager : Event: ======'machine_var_audits_switches_s_plus'====== Args={'value': 0, 'prev_value': None, 'change': True}
2026-02-04 20:49:05,705 : INFO : EventManager : Event: ======'machine_var_audits_switches_s_popbumper_left'====== Args={'value': 256, 'prev_value': None, 'change': True}
2026-02-04 20:49:05,705 : INFO : EventManager : Event: ======'machine_var_audits_switches_s_popbumper_right'====== Args={'value': 535, 'prev_value': None, 'change': True}
2026-02-04 20:49:05,705 : INFO : EventManager : Event: ======'machine_var_audits_switches_s_push_drop_target_4'====== Args={'value': 2, 'prev_value': None, 'change': True}
2026-02-04 20:49:05,705 : INFO : EventManager : Event: ======'machine_var_audits_switches_s_push_drop_target_5'====== Args={'value': 7, 'prev_value': None, 'change': True}
2026-02-04 20:49:05,705 : INFO : EventManager : Event: ======'machine_var_audits_switches_s_right spinner'====== Args={'value': 134, 'prev_value': None, 'change': True}
2026-02-04 20:49:05,705 : INFO : EventManager : Event: ======'machine_var_audits_switches_s_right_coin'====== Args={'value': 0, 'prev_value': None, 'change': True}
2026-02-04 20:49:05,705 : INFO : EventManager : Event: ======'machine_var_audits_switches_s_right_flipper'====== Args={'value': 1589, 'prev_value': None, 'change': True}
2026-02-04 20:49:05,705 : INFO : EventManager : Event: ======'machine_var_audits_switches_s_right_flipper_eos'====== Args={'value': 1535, 'prev_value': None, 'change': True}
2026-02-04 20:49:05,705 : INFO : EventManager : Event: ======'machine_var_audits_switches_s_right_inlane'====== Args={'value': 0, 'prev_value': None, 'change': True}
2026-02-04 20:49:05,705 : INFO : EventManager : Event: ======'machine_var_audits_switches_s_right_magna'====== Args={'value': 315, 'prev_value': None, 'change': True}
2026-02-04 20:49:05,705 : INFO : EventManager : Event: ======'machine_var_audits_switches_s_right_orbit'====== Args={'value': 261, 'prev_value': None, 'change': True}
2026-02-04 20:49:05,705 : INFO : EventManager : Event: ======'machine_var_audits_switches_s_right_orbit2'====== Args={'value': 11, 'prev_value': None, 'change': True}
2026-02-04 20:49:05,705 : INFO : EventManager : Event: ======'machine_var_audits_switches_s_right_outlane'====== Args={'value': 0, 'prev_value': None, 'change': True}
2026-02-04 20:49:05,705 : INFO : EventManager : Event: ======'machine_var_audits_switches_s_right_sling'====== Args={'value': 529, 'prev_value': None, 'change': True}
2026-02-04 20:49:05,705 : INFO : EventManager : Event: ======'machine_var_audits_switches_s_right_slingshot'====== Args={'value': 0, 'prev_value': None, 'change': True}
2026-02-04 20:49:05,705 : INFO : EventManager : Event: ======'machine_var_audits_switches_s_right_top_target'====== Args={'value': 38, 'prev_value': None, 'change': True}
2026-02-04 20:49:05,705 : INFO : EventManager : Event: ======'machine_var_audits_switches_s_rightkicker'====== Args={'value': 2, 'prev_value': None, 'change': True}
2026-02-04 20:49:05,705 : INFO : EventManager : Event: ======'machine_var_audits_switches_s_rightvuk'====== Args={'value': 0, 'prev_value': None, 'change': True}
2026-02-04 20:49:05,705 : INFO : EventManager : Event: ======'machine_var_audits_switches_s_safe_vuk'====== Args={'value': 354, 'prev_value': None, 'change': True}
2026-02-04 20:49:05,705 : INFO : EventManager : Event: ======'machine_var_audits_switches_s_service_down'====== Args={'value': 0, 'prev_value': None, 'change': True}
2026-02-04 20:49:05,705 : INFO : EventManager : Event: ======'machine_var_audits_switches_s_service_enter'====== Args={'value': 0, 'prev_value': None, 'change': True}
2026-02-04 20:49:05,705 : INFO : EventManager : Event: ======'machine_var_audits_switches_s_service_esc'====== Args={'value': 0, 'prev_value': None, 'change': True}
2026-02-04 20:49:05,705 : INFO : EventManager : Event: ======'machine_var_audits_switches_s_service_up'====== Args={'value': 0, 'prev_value': None, 'change': True}
2026-02-04 20:49:05,705 : INFO : EventManager : Event: ======'machine_var_audits_switches_s_spinnerleft'====== Args={'value': 10, 'prev_value': None, 'change': True}
2026-02-04 20:49:05,705 : INFO : EventManager : Event: ======'machine_var_audits_switches_s_spinnerright'====== Args={'value': 5, 'prev_value': None, 'change': True}
2026-02-04 20:49:05,705 : INFO : EventManager : Event: ======'machine_var_audits_switches_s_start'====== Args={'value': 67, 'prev_value': None, 'change': True}
2026-02-04 20:49:05,705 : INFO : EventManager : Event: ======'machine_var_audits_switches_s_swDivParkp'====== Args={'value': 0, 'prev_value': None, 'change': True}
2026-02-04 20:49:05,705 : INFO : EventManager : Event: ======'machine_var_audits_switches_s_swleftinlane'====== Args={'value': 0, 'prev_value': None, 'change': True}
2026-02-04 20:49:05,706 : INFO : EventManager : Event: ======'machine_var_audits_switches_s_swleftorb1'====== Args={'value': 2, 'prev_value': None, 'change': True}
2026-02-04 20:49:05,706 : INFO : EventManager : Event: ======'machine_var_audits_switches_s_swleftorb2'====== Args={'value': 2, 'prev_value': None, 'change': True}
2026-02-04 20:49:05,706 : INFO : EventManager : Event: ======'machine_var_audits_switches_s_swleftoutlane'====== Args={'value': 0, 'prev_value': None, 'change': True}
2026-02-04 20:49:05,706 : INFO : EventManager : Event: ======'machine_var_audits_switches_s_swmidorb'====== Args={'value': 0, 'prev_value': None, 'change': True}
2026-02-04 20:49:05,706 : INFO : EventManager : Event: ======'machine_var_audits_switches_s_swrightinlane'====== Args={'value': 1, 'prev_value': None, 'change': True}
2026-02-04 20:49:05,706 : INFO : EventManager : Event: ======'machine_var_audits_switches_s_swrightorb1'====== Args={'value': 1, 'prev_value': None, 'change': True}
2026-02-04 20:49:05,706 : INFO : EventManager : Event: ======'machine_var_audits_switches_s_swrightorb2'====== Args={'value': 0, 'prev_value': None, 'change': True}
2026-02-04 20:49:05,706 : INFO : EventManager : Event: ======'machine_var_audits_switches_s_swrightoutlane'====== Args={'value': 0, 'prev_value': None, 'change': True}
2026-02-04 20:49:05,706 : INFO : EventManager : Event: ======'machine_var_audits_switches_s_target002'====== Args={'value': 0, 'prev_value': None, 'change': True}
2026-02-04 20:49:05,706 : INFO : EventManager : Event: ======'machine_var_audits_switches_s_target003'====== Args={'value': 0, 'prev_value': None, 'change': True}
2026-02-04 20:49:05,706 : INFO : EventManager : Event: ======'machine_var_audits_switches_s_target004'====== Args={'value': 0, 'prev_value': None, 'change': True}
2026-02-04 20:49:05,706 : INFO : EventManager : Event: ======'machine_var_audits_switches_s_target_2'====== Args={'value': 0, 'prev_value': None, 'change': True}
2026-02-04 20:49:05,706 : INFO : EventManager : Event: ======'machine_var_audits_switches_s_target_3'====== Args={'value': 0, 'prev_value': None, 'change': True}
2026-02-04 20:49:05,706 : INFO : EventManager : Event: ======'machine_var_audits_switches_s_targeth'====== Args={'value': 0, 'prev_value': None, 'change': True}
2026-02-04 20:49:05,706 : INFO : EventManager : Event: ======'machine_var_audits_switches_s_targetl'====== Args={'value': 0, 'prev_value': None, 'change': True}
2026-02-04 20:49:05,706 : INFO : EventManager : Event: ======'machine_var_audits_switches_s_targetl2'====== Args={'value': 2, 'prev_value': None, 'change': True}
2026-02-04 20:49:05,706 : INFO : EventManager : Event: ======'machine_var_audits_switches_s_targeto'====== Args={'value': 0, 'prev_value': None, 'change': True}
2026-02-04 20:49:05,706 : INFO : EventManager : Event: ======'machine_var_audits_switches_s_targety'====== Args={'value': 0, 'prev_value': None, 'change': True}
2026-02-04 20:49:05,706 : INFO : EventManager : Event: ======'machine_var_audits_switches_s_tilt_bob'====== Args={'value': 0, 'prev_value': None, 'change': True}
2026-02-04 20:49:05,706 : INFO : EventManager : Event: ======'machine_var_audits_switches_s_top_flipper_eos'====== Args={'value': 1375, 'prev_value': None, 'change': True}
2026-02-04 20:49:05,706 : INFO : EventManager : Event: ======'machine_var_audits_switches_s_top_flipper_hold'====== Args={'value': 0, 'prev_value': None, 'change': True}
2026-02-04 20:49:05,706 : INFO : EventManager : Event: ======'machine_var_audits_switches_s_towervuk'====== Args={'value': 0, 'prev_value': None, 'change': True}
2026-02-04 20:49:05,706 : INFO : EventManager : Event: ======'machine_var_audits_switches_s_trmagl'====== Args={'value': 0, 'prev_value': None, 'change': True}
2026-02-04 20:49:05,706 : INFO : EventManager : Event: ======'machine_var_audits_switches_s_trmagr'====== Args={'value': 0, 'prev_value': None, 'change': True}
2026-02-04 20:49:05,706 : INFO : EventManager : Event: ======'machine_var_audits_switches_s_trough1'====== Args={'value': 344, 'prev_value': None, 'change': True}
2026-02-04 20:49:05,706 : INFO : EventManager : Event: ======'machine_var_audits_switches_s_trough2'====== Args={'value': 122, 'prev_value': None, 'change': True}
2026-02-04 20:49:05,706 : INFO : EventManager : Event: ======'machine_var_audits_switches_s_trough3'====== Args={'value': 119, 'prev_value': None, 'change': True}
2026-02-04 20:49:05,706 : INFO : EventManager : Event: ======'machine_var_audits_switches_s_trough4'====== Args={'value': 123, 'prev_value': None, 'change': True}
2026-02-04 20:49:05,706 : INFO : EventManager : Event: ======'machine_var_audits_switches_s_trough5'====== Args={'value': 103, 'prev_value': None, 'change': True}
2026-02-04 20:49:05,706 : INFO : EventManager : Event: ======'machine_var_audits_switches_s_trough6'====== Args={'value': 103, 'prev_value': None, 'change': True}
2026-02-04 20:49:05,706 : INFO : EventManager : Event: ======'machine_var_audits_switches_s_trough_jam'====== Args={'value': 181, 'prev_value': None, 'change': True}
2026-02-04 20:49:05,706 : INFO : EventManager : Event: ======'machine_var_audits_switches_s_tunel_vuk'====== Args={'value': 225, 'prev_value': None, 'change': True}
2026-02-04 20:49:05,706 : INFO : EventManager : Event: ======'machine_var_audits_switches_s_upper_pf_entrance'====== Args={'value': 0, 'prev_value': None, 'change': True}
2026-02-04 20:49:05,706 : INFO : EventManager : Event: ======'machine_var_audits_switches_swPlunger'====== Args={'value': 16, 'prev_value': None, 'change': True}
2026-02-04 20:49:05,707 : INFO : EventManager : Event: ======'init_phase_5'====== Args={}
2026-02-04 20:49:05,708 : INFO : EventManager : Event: ======'init_done'====== Args={}
2026-02-04 20:49:05,708 : INFO : EventManager : Event: ======'machine_reset_phase_1'====== Args={}
2026-02-04 20:49:05,710 : INFO : EventManager : Event: ======'machine_reset_phase_2'====== Args={}
2026-02-04 20:49:05,710 : INFO : EventManager : Event: ======'machine_reset_phase_3'====== Args={}
2026-02-04 20:49:05,711 : INFO : drop_target_bank.bank : All targets are already up. Will not reset bank.
2026-02-04 20:49:05,711 : INFO : drop_target_bank.bank1 : All targets are already up. Will not reset bank.
2026-02-04 20:49:05,711 : INFO : EventManager : Event: ======'reset_complete'====== Args={}
2026-02-04 20:49:05,711 : INFO : EventManager : Event: ======'mode_service_will_start'====== Args={}
2026-02-04 20:49:05,712 : INFO : EventManager : Event: ======'mode_service_starting'====== Args={}
2026-02-04 20:49:05,712 : INFO : EventManager : Event: ======'mode_attract_will_start'====== Args={}
2026-02-04 20:49:05,713 : INFO : EventManager : Event: ======'mode_attract_starting'====== Args={}
2026-02-04 20:49:05,713 : INFO : coil.c_cab_coin_return_left_right : Enabling Driver with power 1.0 (pulse_ms 10ms and pulse_power 1.0)
2026-02-04 20:49:05,713 : INFO : coil.c_cab_start_button : Enabling Driver with power 0.4 (pulse_ms 10ms and pulse_power 1.0)
2026-02-04 20:49:05,713 : INFO : Mode.attract : Started. Priority: 10
2026-02-04 20:49:05,713 : INFO : EventManager : Event: ======'modes_active_modes_changed'====== Args={}
2026-02-04 20:49:05,713 : INFO : EventManager : Event: ======'mode_attract_started'====== Args={}
2026-02-04 20:49:05,713 : INFO : coil.c_cab_start_button : Enabling Driver with power 1.0 (pulse_ms 10ms and pulse_power 1.0)
2026-02-04 20:49:05,714 : INFO : EventManager : Event: ======'collecting_balls_complete'====== Args={}
2026-02-04 20:49:05,714 : INFO : Mode.service : Started. Priority: 100000
2026-02-04 20:49:05,714 : INFO : EventManager : Event: ======'modes_active_modes_changed'====== Args={}
2026-02-04 20:49:05,714 : INFO : EventManager : Event: ======'mode_service_started'====== Args={}
2026-02-04 20:49:05,716 : INFO : Machine : Starting the main run loop with active modes: [<Mode.service>, <Mode.attract>]
2026-02-04 20:49:06,109 : INFO : coil.c_cab_start_button : Disabling Driver
2026-02-04 20:49:06,516 : INFO : coil.c_cab_start_button : Enabling Driver with power 1.0 (pulse_ms 10ms and pulse_power 1.0)
2026-02-04 20:49:06,909 : INFO : coil.c_cab_start_button : Disabling Driver
2026-02-04 20:49:07,315 : INFO : coil.c_cab_start_button : Enabling Driver with power 1.0 (pulse_ms 10ms and pulse_power 1.0)
2026-02-04 20:49:07,722 : INFO : coil.c_cab_start_button : Disabling Driver
2026-02-04 20:49:08,112 : INFO : coil.c_cab_start_button : Enabling Driver with power 1.0 (pulse_ms 10ms and pulse_power 1.0)
2026-02-04 20:49:08,519 : INFO : coil.c_cab_start_button : Disabling Driver
2026-02-04 20:49:08,910 : INFO : coil.c_cab_start_button : Enabling Driver with power 1.0 (pulse_ms 10ms and pulse_power 1.0)
2026-02-04 20:49:33,909 : INFO : coil.c_cab_start_button : Enabling Driver with power 1.0 (pulse_ms 10ms and pulse_power 1.0)
2026-02-04 20:49:34,311 : INFO : coil.c_cab_start_button : Disabling Driver
2026-02-04 20:49:34,720 : INFO : coil.c_cab_start_button : Enabling Driver with power 1.0 (pulse_ms 10ms and pulse_power 1.0)
2026-02-04 20:49:35,112 : INFO : coil.c_cab_start_button : Disabling Driver
2026-02-04 20:49:35,518 : INFO : coil.c_cab_start_button : Enabling Driver with power 1.0 (pulse_ms 10ms and pulse_power 1.0)
2026-02-04 20:49:35,909 : INFO : coil.c_cab_start_button : Disabling Driver
2026-02-04 20:49:36,319 : INFO : coil.c_cab_start_button : Enabling Driver with power 1.0 (pulse_ms 10ms and pulse_power 1.0)
2026-02-04 20:49:36,712 : INFO : coil.c_cab_start_button : Disabling Driver
2026-02-04 20:49:37,116 : INFO : coil.c_cab_start_button : Enabling Driver with power 1.0 (pulse_ms 10ms and pulse_power 1.0)
2026-02-04 20:49:42,674 : INFO : Machine : Shutting down...
2026-02-04 20:49:42,674 : INFO : EventManager : Event: ======'shutdown'====== Args={}
2026-02-04 20:49:42,674 : INFO : EventManager : Event: ======'mode_service_will_stop'====== Args={}
2026-02-04 20:49:42,674 : INFO : EventManager : Event: ======'mode_service_stopping'====== Args={}
2026-02-04 20:49:42,675 : INFO : Mode.service : Stopped.
2026-02-04 20:49:42,675 : INFO : EventManager : Event: ======'modes_active_modes_changed'====== Args={}
2026-02-04 20:49:42,675 : INFO : EventManager : Event: ======'mode_service_stopped'====== Args={}
2026-02-04 20:49:42,675 : INFO : EventManager : Event: ======'clear'====== Args={'key': 'service'}
2026-02-04 20:49:42,764 : INFO : root : MPF run loop ended.
