2025-12-06 15:10:51,162 : INFO : root : Loading config.
2025-12-06 15:10:51,166 : INFO : YamlMultifileConfigLoader : Machine config file #1: config.yaml
2025-12-06 15:10:51,166 : INFO : ConfigProcessor : Loading config from cache: C:\Users\carr-\AppData\Local\Temp\23e177fce4903a9a69d69f474fa748a1.mpf_cache
2025-12-06 15:10:51,258 : WARNING : ConfigProcessor : Config file in cache changed: C:\Users\carr-\Documents\development\diehard-mpf\modes\attract\config\attract.yaml
2025-12-06 15:10:51,259 : INFO : ConfigProcessor : Loading config from file C:\Users\carr-\Documents\development\mpf080\mpf\modes\attract\config\attract.yaml.
2025-12-06 15:10:51,261 : INFO : ConfigProcessor : Loading config: C:\Users\carr-\Documents\development\mpf080\mpf\modes\attract\config\attract.yaml
2025-12-06 15:10:51,261 : INFO : ConfigProcessor : Loading config from file C:\Users\carr-\Documents\development\diehard-mpf\modes\attract\config\attract.yaml.
2025-12-06 15:10:51,271 : INFO : ConfigProcessor : Loading config: C:\Users\carr-\Documents\development\diehard-mpf\modes\attract\config\attract.yaml
2025-12-06 15:10:51,272 : INFO : ConfigProcessor : Config file cache created: C:\Users\carr-\AppData\Local\Temp\2f9bbeccf93c71693a410725897ab70d.mpf_cache
2025-12-06 15:10:51,272 : INFO : ConfigProcessor : Loading config from cache: C:\Users\carr-\AppData\Local\Temp\71986c9cb54d44e1ee87b7d4d0f68024.mpf_cache
2025-12-06 15:10:51,273 : INFO : ConfigProcessor : Loading config from cache: C:\Users\carr-\AppData\Local\Temp\2f9bbeccf93c71693a410725897ab70d.mpf_cache
2025-12-06 15:10:51,283 : WARNING : ConfigProcessor : Config file in cache changed: C:\Users\carr-\Documents\development\diehard-mpf\modes\base\config\base.yaml
2025-12-06 15:10:51,283 : INFO : ConfigProcessor : Loading config from file C:\Users\carr-\Documents\development\diehard-mpf\modes\base\config\base.yaml.
2025-12-06 15:10:51,289 : INFO : ConfigProcessor : Loading config: C:\Users\carr-\Documents\development\diehard-mpf\modes\base\config\base.yaml
2025-12-06 15:10:51,291 : INFO : ConfigProcessor : Config file cache created: C:\Users\carr-\AppData\Local\Temp\460998002e273cec26232c9157d92984.mpf_cache
2025-12-06 15:10:51,292 : WARNING : ConfigProcessor : Config file in cache changed: C:\Users\carr-\Documents\development\diehard-mpf\modes\bullets\config\bullets.yaml
2025-12-06 15:10:51,292 : INFO : ConfigProcessor : Loading config from file C:\Users\carr-\Documents\development\diehard-mpf\modes\bullets\config\bullets.yaml.
2025-12-06 15:10:51,295 : INFO : ConfigProcessor : Loading config: C:\Users\carr-\Documents\development\diehard-mpf\modes\bullets\config\bullets.yaml
2025-12-06 15:10:51,295 : INFO : ConfigProcessor : Config file cache created: C:\Users\carr-\AppData\Local\Temp\20b013b046c359f6243f62843681857a.mpf_cache
2025-12-06 15:10:51,296 : WARNING : ConfigProcessor : Config file in cache changed: C:\Users\carr-\Documents\development\diehard-mpf\modes\holly\config\holly.yaml
2025-12-06 15:10:51,296 : INFO : ConfigProcessor : Loading config from file C:\Users\carr-\Documents\development\diehard-mpf\modes\holly\config\holly.yaml.
2025-12-06 15:10:51,309 : INFO : ConfigProcessor : Loading config: C:\Users\carr-\Documents\development\diehard-mpf\modes\holly\config\holly.yaml
2025-12-06 15:10:51,309 : INFO : ConfigProcessor : Config file cache created: C:\Users\carr-\AppData\Local\Temp\1113c1d20ec4e70f79a7ed8de50ab69e.mpf_cache
2025-12-06 15:10:51,310 : WARNING : ConfigProcessor : Config file in cache changed: C:\Users\carr-\Documents\development\diehard-mpf\modes\score\config\score.yaml
2025-12-06 15:10:51,310 : INFO : ConfigProcessor : Loading config from file C:\Users\carr-\Documents\development\diehard-mpf\modes\score\config\score.yaml.
2025-12-06 15:10:51,324 : INFO : ConfigProcessor : Loading config: C:\Users\carr-\Documents\development\diehard-mpf\modes\score\config\score.yaml
2025-12-06 15:10:51,325 : INFO : ConfigProcessor : Config file cache created: C:\Users\carr-\AppData\Local\Temp\668dbdbfcbfe997663fcbdfe0871c0b4.mpf_cache
2025-12-06 15:10:51,326 : WARNING : ConfigProcessor : Config file in cache changed: C:\Users\carr-\Documents\development\diehard-mpf\modes\mystery\config\mystery.yaml
2025-12-06 15:10:51,326 : INFO : ConfigProcessor : Loading config from file C:\Users\carr-\Documents\development\diehard-mpf\modes\mystery\config\mystery.yaml.
2025-12-06 15:10:51,330 : INFO : ConfigProcessor : Loading config: C:\Users\carr-\Documents\development\diehard-mpf\modes\mystery\config\mystery.yaml
2025-12-06 15:10:51,331 : INFO : ConfigProcessor : Config file cache created: C:\Users\carr-\AppData\Local\Temp\9f94008f2458f1d20e2cc19a054f750f.mpf_cache
2025-12-06 15:10:51,332 : INFO : ConfigProcessor : Loading config from cache: C:\Users\carr-\AppData\Local\Temp\6a4847c7210b75a304ae3e1d0e125b6a.mpf_cache
2025-12-06 15:10:51,334 : INFO : ConfigProcessor : Loading config from cache: C:\Users\carr-\AppData\Local\Temp\5bdb9da15c9005c4036d70c7ddf4c03f.mpf_cache
2025-12-06 15:10:51,335 : INFO : ConfigProcessor : Loading config from cache: C:\Users\carr-\AppData\Local\Temp\4ef2cae97e908c683695ed521c4a6650.mpf_cache
2025-12-06 15:10:51,336 : INFO : ConfigProcessor : Loading config from cache: C:\Users\carr-\AppData\Local\Temp\3fafba5daebe73845f095f892a673873.mpf_cache
2025-12-06 15:10:51,336 : INFO : ConfigProcessor : Loading config from cache: C:\Users\carr-\AppData\Local\Temp\c01a61b73c292b8700a32cafeda2e6a0.mpf_cache
2025-12-06 15:10:51,338 : INFO : ConfigProcessor : Loading config from cache: C:\Users\carr-\AppData\Local\Temp\3675271a3c90b9f1f0f947db698ba341.mpf_cache
2025-12-06 15:10:51,339 : INFO : ConfigProcessor : Loading config from cache: C:\Users\carr-\AppData\Local\Temp\4e385f0fc3c119806280d03e756fbf7d.mpf_cache
2025-12-06 15:10:51,339 : INFO : ConfigProcessor : Loading config from cache: C:\Users\carr-\AppData\Local\Temp\17e9360ec3e282ab24c38e32f4731b24.mpf_cache
2025-12-06 15:10:51,340 : INFO : ConfigProcessor : Loading config from cache: C:\Users\carr-\AppData\Local\Temp\d26a06b4c29ce604d42260b0d65dcd46.mpf_cache
2025-12-06 15:10:51,341 : INFO : ConfigProcessor : Loading config from cache: C:\Users\carr-\AppData\Local\Temp\e7fd0e8687e60c6b50353af968986d97.mpf_cache
2025-12-06 15:10:51,343 : INFO : Machine : Mission Pinball Framework Core Engine v0.80.0.dev6
2025-12-06 15:10:51,343 : INFO : Machine : Command line arguments: {'no_load_cache': False, 'create_config_cache': True, 'bcp': True, 'configfile': ['config.yaml'], 'force_assets_load': False, 'platform_integration_test': False, 'jsonlogging': False, 'logfile': 'logs\\2025-12-06-15-10-51-mpf-LAPTOP-99TN7EPH.log', 'pause': False, 'production': False, 'text_ui': False, 'loglevel': 15, 'consoleloglevel': 10, 'force_platform': 'smart_virtual', 'syslog_address': None, 'full_logfile_path': 'C:\\Users\\carr-\\Documents\\development\\diehard-mpf\\logs\\2025-12-06-15-10-51-mpf-LAPTOP-99TN7EPH.log'}
2025-12-06 15:10:51,343 : INFO : Machine : MPF path: C:\Users\carr-\Documents\development\mpf080\mpf
2025-12-06 15:10:51,343 : INFO : Machine : Machine path: C:\Users\carr-\Documents\development\diehard-mpf
2025-12-06 15:10:51,343 : INFO : Machine : Platform: win32
2025-12-06 15:10:51,343 : INFO : Machine : Python executable location: C:\Users\carr-\Documents\development\mpf080\mpfenv\Scripts\python.exe
2025-12-06 15:10:51,343 : INFO : Machine : Python version: 3.9.13 (64-bit)
2025-12-06 15:10:51,346 : INFO : Machine : Initializing MPF...
2025-12-06 15:10:51,481 : INFO : EventManager : Event: ======'machine_var_credits_string'====== Args={'value': 'FREE PLAY', 'prev_value': None, 'change': True}
2025-12-06 15:10:51,518 : INFO : EventManager : Event: ======'machine_var_fast_audio_headphones_volume'====== Args={'value': 10, 'prev_value': None, 'change': True}
2025-12-06 15:10:51,518 : INFO : EventManager : Event: ======'machine_var_fast_audio_main_volume'====== Args={'value': 60, 'prev_value': None, 'change': True}
2025-12-06 15:10:51,518 : INFO : EventManager : Event: ======'machine_var_master_volume'====== Args={'value': 0.5, 'prev_value': None, 'change': True}
2025-12-06 15:10:51,518 : INFO : EventManager : Event: ======'machine_var_player1_score'====== Args={'value': 17120, 'prev_value': None, 'change': True}
2025-12-06 15:10:51,518 : INFO : EventManager : Event: ======'machine_var_var_which_attract'====== Args={'value': 0, 'prev_value': None, 'change': True}
2025-12-06 15:10:51,518 : INFO : EventManager : Event: ======'machine_var_mpf_version'====== Args={'value': 'Mission Pinball Framework v0.80.0.dev6', 'prev_value': None, 'change': True}
2025-12-06 15:10:51,519 : INFO : EventManager : Event: ======'machine_var_mpf_extended_version'====== Args={'value': 'Mission Pinball Framework v0.80.0.dev6, Config version:6, Show version: 6, BCP version:1.1', 'prev_value': None, 'change': True}
2025-12-06 15:10:51,519 : INFO : EventManager : Event: ======'machine_var_python_version'====== Args={'value': '3.9.13', 'prev_value': None, 'change': True}
2025-12-06 15:10:51,570 : INFO : EventManager : Event: ======'machine_var_platform'====== Args={'value': 'Windows-10-10.0.26100-SP0', 'prev_value': None, 'change': True}
2025-12-06 15:10:51,570 : INFO : EventManager : Event: ======'machine_var_platform_system'====== Args={'value': 'Windows', 'prev_value': None, 'change': True}
2025-12-06 15:10:51,570 : INFO : EventManager : Event: ======'machine_var_platform_release'====== Args={'value': '10', 'prev_value': None, 'change': True}
2025-12-06 15:10:51,570 : INFO : EventManager : Event: ======'machine_var_platform_version'====== Args={'value': '10.0.26100', 'prev_value': None, 'change': True}
2025-12-06 15:10:51,570 : INFO : EventManager : Event: ======'machine_var_platform_machine'====== Args={'value': 'AMD64', 'prev_value': None, 'change': True}
2025-12-06 15:10:51,570 : INFO : EventManager : Event: ======'machine_var_log_file_path'====== Args={'value': 'C:\\Users\\carr-\\Documents\\development\\diehard-mpf\\logs\\2025-12-06-15-10-51-mpf-LAPTOP-99TN7EPH.log', 'prev_value': None, 'change': True}
2025-12-06 15:10:51,571 : INFO : EventManager : Event: ======'init_phase_1'====== Args={}
2025-12-06 15:10:51,667 : INFO : EventManager : Event: ======'drop_target_bank_bank_up'====== Args={}
2025-12-06 15:10:51,667 : INFO : EventManager : Event: ======'drop_target_bank_bank1_up'====== Args={}
2025-12-06 15:10:51,670 : INFO : EventManager : Event: ======'init_phase_2'====== Args={}
2025-12-06 15:10:51,670 : INFO : SwitchController : Found active switch: ('d-29', <Platform.SmartVirtual>) <switch.s_trough1>
2025-12-06 15:10:51,670 : INFO : SwitchController : Found active switch: ('d-24', <Platform.SmartVirtual>) <switch.s_trough2>
2025-12-06 15:10:51,670 : INFO : SwitchController : Found active switch: ('d-25', <Platform.SmartVirtual>) <switch.s_trough3>
2025-12-06 15:10:51,670 : INFO : SwitchController : Found active switch: ('d-26', <Platform.SmartVirtual>) <switch.s_trough4>
2025-12-06 15:10:51,670 : INFO : SwitchController : Found active switch: ('d-27', <Platform.SmartVirtual>) <switch.s_trough5>
2025-12-06 15:10:51,670 : INFO : SwitchController : Found active switch: ('d-28', <Platform.SmartVirtual>) <switch.s_trough6>
2025-12-06 15:10:51,679 : INFO : EventManager : Event: ======'bcp_connection_attempt'====== Args={'name': 'local_display', 'host': 'localhost', 'port': 5050}
2025-12-06 15:10:51,682 : INFO : BCPClientSocket : Connecting BCP to 'local_display' at localhost:5050...
2025-12-06 15:10:55,269 : INFO : BCPClientSocket : Connected BCP to 'local_display' localhost:5050
2025-12-06 15:10:55,270 : INFO : EventManager : Event: ======'bcp_clients_connected'====== Args={}
2025-12-06 15:10:55,270 : INFO : ball_device.bd_trough : BCH: Initial count: 6
2025-12-06 15:10:55,270 : INFO : ball_device.bd_trough : State: idle
2025-12-06 15:10:55,271 : INFO : ball_device.bd_plunger : BCH: Initial count: 0
2025-12-06 15:10:55,271 : INFO : ball_device.bd_plunger : State: idle
2025-12-06 15:10:55,271 : INFO : ball_device.kickervault1_eject : BCH: Initial count: 0
2025-12-06 15:10:55,271 : INFO : ball_device.kickervault1_eject : State: idle
2025-12-06 15:10:55,272 : INFO : ball_device.rightkicker : BCH: Initial count: 0
2025-12-06 15:10:55,272 : INFO : ball_device.rightkicker : State: idle
2025-12-06 15:10:55,272 : INFO : ball_device.UrampUp001 : BCH: Initial count: 0
2025-12-06 15:10:55,272 : INFO : ball_device.UrampUp001 : State: idle
2025-12-06 15:10:55,272 : INFO : ball_device.rightvuk : BCH: Initial count: 0
2025-12-06 15:10:55,272 : INFO : ball_device.rightvuk : State: idle
2025-12-06 15:10:55,273 : INFO : ball_device.towervuk : BCH: Initial count: 0
2025-12-06 15:10:55,274 : INFO : ball_device.towervuk : State: idle
2025-12-06 15:10:55,275 : INFO : ball_device.airplane : BCH: Initial count: 0
2025-12-06 15:10:55,275 : INFO : ball_device.airplane : State: idle
2025-12-06 15:10:55,292 : INFO : EventManager : Event: ======'init_phase_3'====== Args={}
2025-12-06 15:10:55,365 : INFO : EventManager : Event: ======'init_phase_4'====== Args={}
2025-12-06 15:10:55,365 : INFO : BallController : Initial balls found: 6
2025-12-06 15:10:55,367 : INFO : EventManager : Event: ======'machine_var_audits_events_game_ended'====== Args={'value': 20, 'prev_value': None, 'change': True}
2025-12-06 15:10:55,367 : INFO : EventManager : Event: ======'machine_var_audits_events_game_started'====== Args={'value': 119, 'prev_value': None, 'change': True}
2025-12-06 15:10:55,367 : INFO : EventManager : Event: ======'machine_var_audits_missing_switches_SpinnerLeft'====== Args={'value': 8, 'prev_value': None, 'change': True}
2025-12-06 15:10:55,367 : INFO : EventManager : Event: ======'machine_var_audits_missing_switches_SpinnerRight'====== Args={'value': 8, 'prev_value': None, 'change': True}
2025-12-06 15:10:55,367 : INFO : EventManager : Event: ======'machine_var_audits_missing_switches_s_AirDuctEnter001'====== Args={'value': 33, 'prev_value': None, 'change': True}
2025-12-06 15:10:55,367 : INFO : EventManager : Event: ======'machine_var_audits_missing_switches_s_TrPF1'====== Args={'value': 41, 'prev_value': None, 'change': True}
2025-12-06 15:10:55,367 : INFO : EventManager : Event: ======'machine_var_audits_missing_switches_s_TrPF2'====== Args={'value': 41, 'prev_value': None, 'change': True}
2025-12-06 15:10:55,367 : INFO : EventManager : Event: ======'machine_var_audits_missing_switches_s_TrPF3'====== Args={'value': 41, 'prev_value': None, 'change': True}
2025-12-06 15:10:55,367 : INFO : EventManager : Event: ======'machine_var_audits_missing_switches_s_UrampUp001'====== Args={'value': 41, 'prev_value': None, 'change': True}
2025-12-06 15:10:55,367 : INFO : EventManager : Event: ======'machine_var_audits_missing_switches_s_air_duct'====== Args={'value': 3, 'prev_value': None, 'change': True}
2025-12-06 15:10:55,367 : INFO : EventManager : Event: ======'machine_var_audits_missing_switches_s_airplane'====== Args={'value': 1, 'prev_value': None, 'change': True}
2025-12-06 15:10:55,367 : INFO : EventManager : Event: ======'machine_var_audits_missing_switches_s_bottom_left_inner_drain'====== Args={'value': 1, 'prev_value': None, 'change': True}
2025-12-06 15:10:55,368 : INFO : EventManager : Event: ======'machine_var_audits_missing_switches_s_bottom_left_outer_drain'====== Args={'value': 2, 'prev_value': None, 'change': True}
2025-12-06 15:10:55,368 : INFO : EventManager : Event: ======'machine_var_audits_missing_switches_s_bottom_right_inner_drain'====== Args={'value': 1, 'prev_value': None, 'change': True}
2025-12-06 15:10:55,368 : INFO : EventManager : Event: ======'machine_var_audits_missing_switches_s_captiveball'====== Args={'value': 41, 'prev_value': None, 'change': True}
2025-12-06 15:10:55,368 : INFO : EventManager : Event: ======'machine_var_audits_missing_switches_s_door'====== Args={'value': 42, 'prev_value': None, 'change': True}
2025-12-06 15:10:55,368 : INFO : EventManager : Event: ======'machine_var_audits_missing_switches_s_door_tilt'====== Args={'value': 42, 'prev_value': None, 'change': True}
2025-12-06 15:10:55,368 : INFO : EventManager : Event: ======'machine_var_audits_missing_switches_s_drop_target_1'====== Args={'value': 41, 'prev_value': None, 'change': True}
2025-12-06 15:10:55,368 : INFO : EventManager : Event: ======'machine_var_audits_missing_switches_s_drop_target_2'====== Args={'value': 41, 'prev_value': None, 'change': True}
2025-12-06 15:10:55,368 : INFO : EventManager : Event: ======'machine_var_audits_missing_switches_s_drop_target_3'====== Args={'value': 40, 'prev_value': None, 'change': True}
2025-12-06 15:10:55,368 : INFO : EventManager : Event: ======'machine_var_audits_missing_switches_s_enter'====== Args={'value': 119, 'prev_value': None, 'change': True}
2025-12-06 15:10:55,368 : INFO : EventManager : Event: ======'machine_var_audits_missing_switches_s_escape'====== Args={'value': 119, 'prev_value': None, 'change': True}
2025-12-06 15:10:55,368 : INFO : EventManager : Event: ======'machine_var_audits_missing_switches_s_fire'====== Args={'value': 40, 'prev_value': None, 'change': True}
2025-12-06 15:10:55,368 : INFO : EventManager : Event: ======'machine_var_audits_missing_switches_s_highvuk'====== Args={'value': 3, 'prev_value': None, 'change': True}
2025-12-06 15:10:55,368 : INFO : EventManager : Event: ======'machine_var_audits_missing_switches_s_holly_h'====== Args={'value': 8, 'prev_value': None, 'change': True}
2025-12-06 15:10:55,368 : INFO : EventManager : Event: ======'machine_var_audits_missing_switches_s_holly_l'====== Args={'value': 40, 'prev_value': None, 'change': True}
2025-12-06 15:10:55,368 : INFO : EventManager : Event: ======'machine_var_audits_missing_switches_s_holly_l1'====== Args={'value': 39, 'prev_value': None, 'change': True}
2025-12-06 15:10:55,368 : INFO : EventManager : Event: ======'machine_var_audits_missing_switches_s_holly_l_1'====== Args={'value': 3, 'prev_value': None, 'change': True}
2025-12-06 15:10:55,368 : INFO : EventManager : Event: ======'machine_var_audits_missing_switches_s_holly_o'====== Args={'value': 8, 'prev_value': None, 'change': True}
2025-12-06 15:10:55,368 : INFO : EventManager : Event: ======'machine_var_audits_missing_switches_s_holly_y'====== Args={'value': 40, 'prev_value': None, 'change': True}
2025-12-06 15:10:55,368 : INFO : EventManager : Event: ======'machine_var_audits_missing_switches_s_kickervault1'====== Args={'value': 8, 'prev_value': None, 'change': True}
2025-12-06 15:10:55,368 : INFO : EventManager : Event: ======'machine_var_audits_missing_switches_s_left_coin'====== Args={'value': 119, 'prev_value': None, 'change': True}
2025-12-06 15:10:55,369 : INFO : EventManager : Event: ======'machine_var_audits_missing_switches_s_left_flipper'====== Args={'value': 40, 'prev_value': None, 'change': True}
2025-12-06 15:10:55,369 : INFO : EventManager : Event: ======'machine_var_audits_missing_switches_s_left_flipper_eos'====== Args={'value': 40, 'prev_value': None, 'change': True}
2025-12-06 15:10:55,369 : INFO : EventManager : Event: ======'machine_var_audits_missing_switches_s_left_inlane'====== Args={'value': 24, 'prev_value': None, 'change': True}
2025-12-06 15:10:55,369 : INFO : EventManager : Event: ======'machine_var_audits_missing_switches_s_left_magna'====== Args={'value': 1, 'prev_value': None, 'change': True}
2025-12-06 15:10:55,369 : INFO : EventManager : Event: ======'machine_var_audits_missing_switches_s_left_outlane'====== Args={'value': 24, 'prev_value': None, 'change': True}
2025-12-06 15:10:55,369 : INFO : EventManager : Event: ======'machine_var_audits_missing_switches_s_left_sling'====== Args={'value': 1, 'prev_value': None, 'change': True}
2025-12-06 15:10:55,369 : INFO : EventManager : Event: ======'machine_var_audits_missing_switches_s_left_slingshot'====== Args={'value': 1, 'prev_value': None, 'change': True}
2025-12-06 15:10:55,369 : INFO : EventManager : Event: ======'machine_var_audits_missing_switches_s_left_top_target'====== Args={'value': 1, 'prev_value': None, 'change': True}
2025-12-06 15:10:55,369 : INFO : EventManager : Event: ======'machine_var_audits_missing_switches_s_mid_orbit'====== Args={'value': 3, 'prev_value': None, 'change': True}
2025-12-06 15:10:55,369 : INFO : EventManager : Event: ======'machine_var_audits_missing_switches_s_middle_top_target'====== Args={'value': 1, 'prev_value': None, 'change': True}
2025-12-06 15:10:55,369 : INFO : EventManager : Event: ======'machine_var_audits_missing_switches_s_minus'====== Args={'value': 119, 'prev_value': None, 'change': True}
2025-12-06 15:10:55,369 : INFO : EventManager : Event: ======'machine_var_audits_missing_switches_s_nakatomi_lock_ball_count'====== Args={'value': 41, 'prev_value': None, 'change': True}
2025-12-06 15:10:55,369 : INFO : EventManager : Event: ======'machine_var_audits_missing_switches_s_plus'====== Args={'value': 119, 'prev_value': None, 'change': True}
2025-12-06 15:10:55,369 : INFO : EventManager : Event: ======'machine_var_audits_missing_switches_s_popbumper_left'====== Args={'value': 31, 'prev_value': None, 'change': True}
2025-12-06 15:10:55,369 : INFO : EventManager : Event: ======'machine_var_audits_missing_switches_s_popbumper_right'====== Args={'value': 31, 'prev_value': None, 'change': True}
2025-12-06 15:10:55,369 : INFO : EventManager : Event: ======'machine_var_audits_missing_switches_s_push_drop_target_4'====== Args={'value': 40, 'prev_value': None, 'change': True}
2025-12-06 15:10:55,369 : INFO : EventManager : Event: ======'machine_var_audits_missing_switches_s_push_drop_target_5'====== Args={'value': 8, 'prev_value': None, 'change': True}
2025-12-06 15:10:55,369 : INFO : EventManager : Event: ======'machine_var_audits_missing_switches_s_right_coin'====== Args={'value': 119, 'prev_value': None, 'change': True}
2025-12-06 15:10:55,369 : INFO : EventManager : Event: ======'machine_var_audits_missing_switches_s_right_flipper'====== Args={'value': 40, 'prev_value': None, 'change': True}
2025-12-06 15:10:55,369 : INFO : EventManager : Event: ======'machine_var_audits_missing_switches_s_right_flipper_eos'====== Args={'value': 41, 'prev_value': None, 'change': True}
2025-12-06 15:10:55,369 : INFO : EventManager : Event: ======'machine_var_audits_missing_switches_s_right_inlane'====== Args={'value': 24, 'prev_value': None, 'change': True}
2025-12-06 15:10:55,369 : INFO : EventManager : Event: ======'machine_var_audits_missing_switches_s_right_magna'====== Args={'value': 1, 'prev_value': None, 'change': True}
2025-12-06 15:10:55,370 : INFO : EventManager : Event: ======'machine_var_audits_missing_switches_s_right_outlane'====== Args={'value': 24, 'prev_value': None, 'change': True}
2025-12-06 15:10:55,370 : INFO : EventManager : Event: ======'machine_var_audits_missing_switches_s_right_slingshot'====== Args={'value': 2, 'prev_value': None, 'change': True}
2025-12-06 15:10:55,370 : INFO : EventManager : Event: ======'machine_var_audits_missing_switches_s_right_top_target'====== Args={'value': 1, 'prev_value': None, 'change': True}
2025-12-06 15:10:55,370 : INFO : EventManager : Event: ======'machine_var_audits_missing_switches_s_rightkicker'====== Args={'value': 7, 'prev_value': None, 'change': True}
2025-12-06 15:10:55,370 : INFO : EventManager : Event: ======'machine_var_audits_missing_switches_s_rightvuk'====== Args={'value': 41, 'prev_value': None, 'change': True}
2025-12-06 15:10:55,370 : INFO : EventManager : Event: ======'machine_var_audits_missing_switches_s_safe_vuk'====== Args={'value': 3, 'prev_value': None, 'change': True}
2025-12-06 15:10:55,370 : INFO : EventManager : Event: ======'machine_var_audits_missing_switches_s_spinnerleft'====== Args={'value': 1, 'prev_value': None, 'change': True}
2025-12-06 15:10:55,370 : INFO : EventManager : Event: ======'machine_var_audits_missing_switches_s_spinnerright'====== Args={'value': 1, 'prev_value': None, 'change': True}
2025-12-06 15:10:55,370 : INFO : EventManager : Event: ======'machine_var_audits_missing_switches_s_start'====== Args={'value': 32, 'prev_value': None, 'change': True}
2025-12-06 15:10:55,370 : INFO : EventManager : Event: ======'machine_var_audits_missing_switches_s_swDivParkp'====== Args={'value': 41, 'prev_value': None, 'change': True}
2025-12-06 15:10:55,370 : INFO : EventManager : Event: ======'machine_var_audits_missing_switches_s_swleftinlane'====== Args={'value': 41, 'prev_value': None, 'change': True}
2025-12-06 15:10:55,370 : INFO : EventManager : Event: ======'machine_var_audits_missing_switches_s_swleftorb1'====== Args={'value': 1, 'prev_value': None, 'change': True}
2025-12-06 15:10:55,370 : INFO : EventManager : Event: ======'machine_var_audits_missing_switches_s_swleftorb2'====== Args={'value': 1, 'prev_value': None, 'change': True}
2025-12-06 15:10:55,370 : INFO : EventManager : Event: ======'machine_var_audits_missing_switches_s_swleftoutlane'====== Args={'value': 41, 'prev_value': None, 'change': True}
2025-12-06 15:10:55,370 : INFO : EventManager : Event: ======'machine_var_audits_missing_switches_s_swmidorb'====== Args={'value': 6, 'prev_value': None, 'change': True}
2025-12-06 15:10:55,370 : INFO : EventManager : Event: ======'machine_var_audits_missing_switches_s_swrightinlane'====== Args={'value': 40, 'prev_value': None, 'change': True}
2025-12-06 15:10:55,370 : INFO : EventManager : Event: ======'machine_var_audits_missing_switches_s_swrightorb1'====== Args={'value': 1, 'prev_value': None, 'change': True}
2025-12-06 15:10:55,370 : INFO : EventManager : Event: ======'machine_var_audits_missing_switches_s_swrightorb2'====== Args={'value': 2, 'prev_value': None, 'change': True}
2025-12-06 15:10:55,370 : INFO : EventManager : Event: ======'machine_var_audits_missing_switches_s_swrightoutlane'====== Args={'value': 41, 'prev_value': None, 'change': True}
2025-12-06 15:10:55,370 : INFO : EventManager : Event: ======'machine_var_audits_missing_switches_s_target002'====== Args={'value': 41, 'prev_value': None, 'change': True}
2025-12-06 15:10:55,370 : INFO : EventManager : Event: ======'machine_var_audits_missing_switches_s_target003'====== Args={'value': 41, 'prev_value': None, 'change': True}
2025-12-06 15:10:55,370 : INFO : EventManager : Event: ======'machine_var_audits_missing_switches_s_target004'====== Args={'value': 41, 'prev_value': None, 'change': True}
2025-12-06 15:10:55,370 : INFO : EventManager : Event: ======'machine_var_audits_missing_switches_s_target_2'====== Args={'value': 24, 'prev_value': None, 'change': True}
2025-12-06 15:10:55,370 : INFO : EventManager : Event: ======'machine_var_audits_missing_switches_s_target_3'====== Args={'value': 24, 'prev_value': None, 'change': True}
2025-12-06 15:10:55,370 : INFO : EventManager : Event: ======'machine_var_audits_missing_switches_s_targeth'====== Args={'value': 2, 'prev_value': None, 'change': True}
2025-12-06 15:10:55,370 : INFO : EventManager : Event: ======'machine_var_audits_missing_switches_s_targetl'====== Args={'value': 2, 'prev_value': None, 'change': True}
2025-12-06 15:10:55,370 : INFO : EventManager : Event: ======'machine_var_audits_missing_switches_s_targetl2'====== Args={'value': 1, 'prev_value': None, 'change': True}
2025-12-06 15:10:55,370 : INFO : EventManager : Event: ======'machine_var_audits_missing_switches_s_targeto'====== Args={'value': 2, 'prev_value': None, 'change': True}
2025-12-06 15:10:55,370 : INFO : EventManager : Event: ======'machine_var_audits_missing_switches_s_targety'====== Args={'value': 2, 'prev_value': None, 'change': True}
2025-12-06 15:10:55,370 : INFO : EventManager : Event: ======'machine_var_audits_missing_switches_s_tilt_bob'====== Args={'value': 119, 'prev_value': None, 'change': True}
2025-12-06 15:10:55,370 : INFO : EventManager : Event: ======'machine_var_audits_missing_switches_s_top_flipper_eos'====== Args={'value': 41, 'prev_value': None, 'change': True}
2025-12-06 15:10:55,370 : INFO : EventManager : Event: ======'machine_var_audits_missing_switches_s_top_flipper_hold'====== Args={'value': 24, 'prev_value': None, 'change': True}
2025-12-06 15:10:55,370 : INFO : EventManager : Event: ======'machine_var_audits_missing_switches_s_towervuk'====== Args={'value': 41, 'prev_value': None, 'change': True}
2025-12-06 15:10:55,370 : INFO : EventManager : Event: ======'machine_var_audits_missing_switches_s_trmagl'====== Args={'value': 41, 'prev_value': None, 'change': True}
2025-12-06 15:10:55,371 : INFO : EventManager : Event: ======'machine_var_audits_missing_switches_s_trmagr'====== Args={'value': 41, 'prev_value': None, 'change': True}
2025-12-06 15:10:55,371 : INFO : EventManager : Event: ======'machine_var_audits_missing_switches_s_trough2'====== Args={'value': 39, 'prev_value': None, 'change': True}
2025-12-06 15:10:55,371 : INFO : EventManager : Event: ======'machine_var_audits_missing_switches_s_trough3'====== Args={'value': 39, 'prev_value': None, 'change': True}
2025-12-06 15:10:55,371 : INFO : EventManager : Event: ======'machine_var_audits_missing_switches_s_trough4'====== Args={'value': 39, 'prev_value': None, 'change': True}
2025-12-06 15:10:55,371 : INFO : EventManager : Event: ======'machine_var_audits_missing_switches_s_trough5'====== Args={'value': 41, 'prev_value': None, 'change': True}
2025-12-06 15:10:55,371 : INFO : EventManager : Event: ======'machine_var_audits_missing_switches_s_trough6'====== Args={'value': 41, 'prev_value': None, 'change': True}
2025-12-06 15:10:55,371 : INFO : EventManager : Event: ======'machine_var_audits_missing_switches_s_trough_jam'====== Args={'value': 39, 'prev_value': None, 'change': True}
2025-12-06 15:10:55,371 : INFO : EventManager : Event: ======'machine_var_audits_missing_switches_s_tunel_vuk'====== Args={'value': 1, 'prev_value': None, 'change': True}
2025-12-06 15:10:55,371 : INFO : EventManager : Event: ======'machine_var_audits_missing_switches_s_upper_pf_entrance'====== Args={'value': 15, 'prev_value': None, 'change': True}
2025-12-06 15:10:55,371 : INFO : EventManager : Event: ======'machine_var_audits_player_score'====== Args={'value': {'average': 89899, 'top': [691810, 665430, 224220, 152420, 150000, 138180, 97570, 97420, 90150, 33330], 'total': 24}, 'prev_value': None, 'change': True}
2025-12-06 15:10:55,371 : INFO : EventManager : Event: ======'machine_var_audits_shots_bullet_air_duct'====== Args={'value': 4, 'prev_value': None, 'change': True}
2025-12-06 15:10:55,371 : INFO : EventManager : Event: ======'machine_var_audits_shots_bullet_mid_orbit'====== Args={'value': 6, 'prev_value': None, 'change': True}
2025-12-06 15:10:55,371 : INFO : EventManager : Event: ======'machine_var_audits_shots_holly_h'====== Args={'value': 301, 'prev_value': None, 'change': True}
2025-12-06 15:10:55,371 : INFO : EventManager : Event: ======'machine_var_audits_shots_holly_l'====== Args={'value': 96, 'prev_value': None, 'change': True}
2025-12-06 15:10:55,371 : INFO : EventManager : Event: ======'machine_var_audits_shots_holly_l1'====== Args={'value': 75, 'prev_value': None, 'change': True}
2025-12-06 15:10:55,371 : INFO : EventManager : Event: ======'machine_var_audits_shots_holly_o'====== Args={'value': 121, 'prev_value': None, 'change': True}
2025-12-06 15:10:55,371 : INFO : EventManager : Event: ======'machine_var_audits_shots_holly_y'====== Args={'value': 27, 'prev_value': None, 'change': True}
2025-12-06 15:10:55,371 : INFO : EventManager : Event: ======'machine_var_audits_shots_targetl2'====== Args={'value': 2, 'prev_value': None, 'change': True}
2025-12-06 15:10:55,371 : INFO : EventManager : Event: ======'machine_var_audits_shots_vault_h'====== Args={'value': 59, 'prev_value': None, 'change': True}
2025-12-06 15:10:55,372 : INFO : EventManager : Event: ======'machine_var_audits_shots_vault_o'====== Args={'value': 61, 'prev_value': None, 'change': True}
2025-12-06 15:10:55,372 : INFO : EventManager : Event: ======'machine_var_audits_switches_SpinnerLeft'====== Args={'value': 11, 'prev_value': None, 'change': True}
2025-12-06 15:10:55,372 : INFO : EventManager : Event: ======'machine_var_audits_switches_SpinnerRight'====== Args={'value': 8, 'prev_value': None, 'change': True}
2025-12-06 15:10:55,372 : INFO : EventManager : Event: ======'machine_var_audits_switches_s_AirDuctEnter001'====== Args={'value': 14, 'prev_value': None, 'change': True}
2025-12-06 15:10:55,372 : INFO : EventManager : Event: ======'machine_var_audits_switches_s_TrPF1'====== Args={'value': 0, 'prev_value': None, 'change': True}
2025-12-06 15:10:55,372 : INFO : EventManager : Event: ======'machine_var_audits_switches_s_TrPF2'====== Args={'value': 0, 'prev_value': None, 'change': True}
2025-12-06 15:10:55,372 : INFO : EventManager : Event: ======'machine_var_audits_switches_s_TrPF3'====== Args={'value': 0, 'prev_value': None, 'change': True}
2025-12-06 15:10:55,372 : INFO : EventManager : Event: ======'machine_var_audits_switches_s_UrampUp001'====== Args={'value': 0, 'prev_value': None, 'change': True}
2025-12-06 15:10:55,372 : INFO : EventManager : Event: ======'machine_var_audits_switches_s_air_duct'====== Args={'value': 4, 'prev_value': None, 'change': True}
2025-12-06 15:10:55,372 : INFO : EventManager : Event: ======'machine_var_audits_switches_s_airplane'====== Args={'value': 42, 'prev_value': None, 'change': True}
2025-12-06 15:10:55,372 : INFO : EventManager : Event: ======'machine_var_audits_switches_s_bottom_left_inner_drain'====== Args={'value': 102, 'prev_value': None, 'change': True}
2025-12-06 15:10:55,372 : INFO : EventManager : Event: ======'machine_var_audits_switches_s_bottom_left_outer_drain'====== Args={'value': 92, 'prev_value': None, 'change': True}
2025-12-06 15:10:55,372 : INFO : EventManager : Event: ======'machine_var_audits_switches_s_bottom_right_inner_drain'====== Args={'value': 126, 'prev_value': None, 'change': True}
2025-12-06 15:10:55,372 : INFO : EventManager : Event: ======'machine_var_audits_switches_s_bottom_right_outer_drain'====== Args={'value': 328, 'prev_value': None, 'change': True}
2025-12-06 15:10:55,372 : INFO : EventManager : Event: ======'machine_var_audits_switches_s_bottom_right_vuk'====== Args={'value': 1822, 'prev_value': None, 'change': True}
2025-12-06 15:10:55,372 : INFO : EventManager : Event: ======'machine_var_audits_switches_s_captiveball'====== Args={'value': 0, 'prev_value': None, 'change': True}
2025-12-06 15:10:55,372 : INFO : EventManager : Event: ======'machine_var_audits_switches_s_door'====== Args={'value': 59, 'prev_value': None, 'change': True}
2025-12-06 15:10:55,372 : INFO : EventManager : Event: ======'machine_var_audits_switches_s_door_tilt'====== Args={'value': 115, 'prev_value': None, 'change': True}
2025-12-06 15:10:55,372 : INFO : EventManager : Event: ======'machine_var_audits_switches_s_drop_target_1'====== Args={'value': 114, 'prev_value': None, 'change': True}
2025-12-06 15:10:55,372 : INFO : EventManager : Event: ======'machine_var_audits_switches_s_drop_target_2'====== Args={'value': 102, 'prev_value': None, 'change': True}
2025-12-06 15:10:55,372 : INFO : EventManager : Event: ======'machine_var_audits_switches_s_drop_target_3'====== Args={'value': 113, 'prev_value': None, 'change': True}
2025-12-06 15:10:55,372 : INFO : EventManager : Event: ======'machine_var_audits_switches_s_enter'====== Args={'value': 0, 'prev_value': None, 'change': True}
2025-12-06 15:10:55,372 : INFO : EventManager : Event: ======'machine_var_audits_switches_s_escape'====== Args={'value': 0, 'prev_value': None, 'change': True}
2025-12-06 15:10:55,372 : INFO : EventManager : Event: ======'machine_var_audits_switches_s_fire'====== Args={'value': 169, 'prev_value': None, 'change': True}
2025-12-06 15:10:55,372 : INFO : EventManager : Event: ======'machine_var_audits_switches_s_highvuk'====== Args={'value': 76, 'prev_value': None, 'change': True}
2025-12-06 15:10:55,372 : INFO : EventManager : Event: ======'machine_var_audits_switches_s_holly_h'====== Args={'value': 308, 'prev_value': None, 'change': True}
2025-12-06 15:10:55,372 : INFO : EventManager : Event: ======'machine_var_audits_switches_s_holly_l'====== Args={'value': 216, 'prev_value': None, 'change': True}
2025-12-06 15:10:55,372 : INFO : EventManager : Event: ======'machine_var_audits_switches_s_holly_l1'====== Args={'value': 75, 'prev_value': None, 'change': True}
2025-12-06 15:10:55,372 : INFO : EventManager : Event: ======'machine_var_audits_switches_s_holly_l_1'====== Args={'value': 93, 'prev_value': None, 'change': True}
2025-12-06 15:10:55,372 : INFO : EventManager : Event: ======'machine_var_audits_switches_s_holly_o'====== Args={'value': 237, 'prev_value': None, 'change': True}
2025-12-06 15:10:55,372 : INFO : EventManager : Event: ======'machine_var_audits_switches_s_holly_y'====== Args={'value': 71, 'prev_value': None, 'change': True}
2025-12-06 15:10:55,372 : INFO : EventManager : Event: ======'machine_var_audits_switches_s_kickervault1'====== Args={'value': 13, 'prev_value': None, 'change': True}
2025-12-06 15:10:55,372 : INFO : EventManager : Event: ======'machine_var_audits_switches_s_left spinner'====== Args={'value': 1170, 'prev_value': None, 'change': True}
2025-12-06 15:10:55,372 : INFO : EventManager : Event: ======'machine_var_audits_switches_s_left_coin'====== Args={'value': 0, 'prev_value': None, 'change': True}
2025-12-06 15:10:55,372 : INFO : EventManager : Event: ======'machine_var_audits_switches_s_left_flipper'====== Args={'value': 1435, 'prev_value': None, 'change': True}
2025-12-06 15:10:55,374 : INFO : EventManager : Event: ======'machine_var_audits_switches_s_left_flipper_eos'====== Args={'value': 1374, 'prev_value': None, 'change': True}
2025-12-06 15:10:55,374 : INFO : EventManager : Event: ======'machine_var_audits_switches_s_left_inlane'====== Args={'value': 0, 'prev_value': None, 'change': True}
2025-12-06 15:10:55,374 : INFO : EventManager : Event: ======'machine_var_audits_switches_s_left_magna'====== Args={'value': 377, 'prev_value': None, 'change': True}
2025-12-06 15:10:55,374 : INFO : EventManager : Event: ======'machine_var_audits_switches_s_left_orbit'====== Args={'value': 351, 'prev_value': None, 'change': True}
2025-12-06 15:10:55,374 : INFO : EventManager : Event: ======'machine_var_audits_switches_s_left_orbit2'====== Args={'value': 16, 'prev_value': None, 'change': True}
2025-12-06 15:10:55,374 : INFO : EventManager : Event: ======'machine_var_audits_switches_s_left_outlane'====== Args={'value': 0, 'prev_value': None, 'change': True}
2025-12-06 15:10:55,374 : INFO : EventManager : Event: ======'machine_var_audits_switches_s_left_sling'====== Args={'value': 361, 'prev_value': None, 'change': True}
2025-12-06 15:10:55,374 : INFO : EventManager : Event: ======'machine_var_audits_switches_s_left_slingshot'====== Args={'value': 1, 'prev_value': None, 'change': True}
2025-12-06 15:10:55,374 : INFO : EventManager : Event: ======'machine_var_audits_switches_s_left_top_target'====== Args={'value': 76, 'prev_value': None, 'change': True}
2025-12-06 15:10:55,374 : INFO : EventManager : Event: ======'machine_var_audits_switches_s_mid_orbit'====== Args={'value': 6, 'prev_value': None, 'change': True}
2025-12-06 15:10:55,374 : INFO : EventManager : Event: ======'machine_var_audits_switches_s_middle_top_target'====== Args={'value': 42, 'prev_value': None, 'change': True}
2025-12-06 15:10:55,374 : INFO : EventManager : Event: ======'machine_var_audits_switches_s_minus'====== Args={'value': 0, 'prev_value': None, 'change': True}
2025-12-06 15:10:55,374 : INFO : EventManager : Event: ======'machine_var_audits_switches_s_nakatomi'====== Args={'value': 199, 'prev_value': None, 'change': True}
2025-12-06 15:10:55,374 : INFO : EventManager : Event: ======'machine_var_audits_switches_s_nakatomi_lock_ball_count'====== Args={'value': 0, 'prev_value': None, 'change': True}
2025-12-06 15:10:55,374 : INFO : EventManager : Event: ======'machine_var_audits_switches_s_plunger_lane'====== Args={'value': 206, 'prev_value': None, 'change': True}
2025-12-06 15:10:55,374 : INFO : EventManager : Event: ======'machine_var_audits_switches_s_plus'====== Args={'value': 0, 'prev_value': None, 'change': True}
2025-12-06 15:10:55,374 : INFO : EventManager : Event: ======'machine_var_audits_switches_s_popbumper_left'====== Args={'value': 256, 'prev_value': None, 'change': True}
2025-12-06 15:10:55,374 : INFO : EventManager : Event: ======'machine_var_audits_switches_s_popbumper_right'====== Args={'value': 535, 'prev_value': None, 'change': True}
2025-12-06 15:10:55,374 : INFO : EventManager : Event: ======'machine_var_audits_switches_s_push_drop_target_4'====== Args={'value': 2, 'prev_value': None, 'change': True}
2025-12-06 15:10:55,374 : INFO : EventManager : Event: ======'machine_var_audits_switches_s_push_drop_target_5'====== Args={'value': 7, 'prev_value': None, 'change': True}
2025-12-06 15:10:55,374 : INFO : EventManager : Event: ======'machine_var_audits_switches_s_right spinner'====== Args={'value': 134, 'prev_value': None, 'change': True}
2025-12-06 15:10:55,374 : INFO : EventManager : Event: ======'machine_var_audits_switches_s_right_coin'====== Args={'value': 0, 'prev_value': None, 'change': True}
2025-12-06 15:10:55,374 : INFO : EventManager : Event: ======'machine_var_audits_switches_s_right_flipper'====== Args={'value': 1589, 'prev_value': None, 'change': True}
2025-12-06 15:10:55,375 : INFO : EventManager : Event: ======'machine_var_audits_switches_s_right_flipper_eos'====== Args={'value': 1535, 'prev_value': None, 'change': True}
2025-12-06 15:10:55,375 : INFO : EventManager : Event: ======'machine_var_audits_switches_s_right_inlane'====== Args={'value': 0, 'prev_value': None, 'change': True}
2025-12-06 15:10:55,375 : INFO : EventManager : Event: ======'machine_var_audits_switches_s_right_magna'====== Args={'value': 315, 'prev_value': None, 'change': True}
2025-12-06 15:10:55,375 : INFO : EventManager : Event: ======'machine_var_audits_switches_s_right_orbit'====== Args={'value': 270, 'prev_value': None, 'change': True}
2025-12-06 15:10:55,375 : INFO : EventManager : Event: ======'machine_var_audits_switches_s_right_orbit2'====== Args={'value': 20, 'prev_value': None, 'change': True}
2025-12-06 15:10:55,375 : INFO : EventManager : Event: ======'machine_var_audits_switches_s_right_outlane'====== Args={'value': 0, 'prev_value': None, 'change': True}
2025-12-06 15:10:55,375 : INFO : EventManager : Event: ======'machine_var_audits_switches_s_right_sling'====== Args={'value': 486, 'prev_value': None, 'change': True}
2025-12-06 15:10:55,375 : INFO : EventManager : Event: ======'machine_var_audits_switches_s_right_slingshot'====== Args={'value': 0, 'prev_value': None, 'change': True}
2025-12-06 15:10:55,375 : INFO : EventManager : Event: ======'machine_var_audits_switches_s_right_top_target'====== Args={'value': 38, 'prev_value': None, 'change': True}
2025-12-06 15:10:55,375 : INFO : EventManager : Event: ======'machine_var_audits_switches_s_rightkicker'====== Args={'value': 2, 'prev_value': None, 'change': True}
2025-12-06 15:10:55,375 : INFO : EventManager : Event: ======'machine_var_audits_switches_s_rightvuk'====== Args={'value': 0, 'prev_value': None, 'change': True}
2025-12-06 15:10:55,375 : INFO : EventManager : Event: ======'machine_var_audits_switches_s_safe_vuk'====== Args={'value': 354, 'prev_value': None, 'change': True}
2025-12-06 15:10:55,375 : INFO : EventManager : Event: ======'machine_var_audits_switches_s_spinnerleft'====== Args={'value': 10, 'prev_value': None, 'change': True}
2025-12-06 15:10:55,375 : INFO : EventManager : Event: ======'machine_var_audits_switches_s_spinnerright'====== Args={'value': 5, 'prev_value': None, 'change': True}
2025-12-06 15:10:55,375 : INFO : EventManager : Event: ======'machine_var_audits_switches_s_start'====== Args={'value': 65, 'prev_value': None, 'change': True}
2025-12-06 15:10:55,375 : INFO : EventManager : Event: ======'machine_var_audits_switches_s_swDivParkp'====== Args={'value': 0, 'prev_value': None, 'change': True}
2025-12-06 15:10:55,375 : INFO : EventManager : Event: ======'machine_var_audits_switches_s_swleftinlane'====== Args={'value': 0, 'prev_value': None, 'change': True}
2025-12-06 15:10:55,375 : INFO : EventManager : Event: ======'machine_var_audits_switches_s_swleftorb1'====== Args={'value': 2, 'prev_value': None, 'change': True}
2025-12-06 15:10:55,375 : INFO : EventManager : Event: ======'machine_var_audits_switches_s_swleftorb2'====== Args={'value': 2, 'prev_value': None, 'change': True}
2025-12-06 15:10:55,375 : INFO : EventManager : Event: ======'machine_var_audits_switches_s_swleftoutlane'====== Args={'value': 0, 'prev_value': None, 'change': True}
2025-12-06 15:10:55,375 : INFO : EventManager : Event: ======'machine_var_audits_switches_s_swmidorb'====== Args={'value': 0, 'prev_value': None, 'change': True}
2025-12-06 15:10:55,375 : INFO : EventManager : Event: ======'machine_var_audits_switches_s_swrightinlane'====== Args={'value': 1, 'prev_value': None, 'change': True}
2025-12-06 15:10:55,375 : INFO : EventManager : Event: ======'machine_var_audits_switches_s_swrightorb1'====== Args={'value': 1, 'prev_value': None, 'change': True}
2025-12-06 15:10:55,376 : INFO : EventManager : Event: ======'machine_var_audits_switches_s_swrightorb2'====== Args={'value': 0, 'prev_value': None, 'change': True}
2025-12-06 15:10:55,376 : INFO : EventManager : Event: ======'machine_var_audits_switches_s_swrightoutlane'====== Args={'value': 0, 'prev_value': None, 'change': True}
2025-12-06 15:10:55,376 : INFO : EventManager : Event: ======'machine_var_audits_switches_s_target002'====== Args={'value': 0, 'prev_value': None, 'change': True}
2025-12-06 15:10:55,376 : INFO : EventManager : Event: ======'machine_var_audits_switches_s_target003'====== Args={'value': 0, 'prev_value': None, 'change': True}
2025-12-06 15:10:55,376 : INFO : EventManager : Event: ======'machine_var_audits_switches_s_target004'====== Args={'value': 0, 'prev_value': None, 'change': True}
2025-12-06 15:10:55,376 : INFO : EventManager : Event: ======'machine_var_audits_switches_s_target_2'====== Args={'value': 0, 'prev_value': None, 'change': True}
2025-12-06 15:10:55,376 : INFO : EventManager : Event: ======'machine_var_audits_switches_s_target_3'====== Args={'value': 0, 'prev_value': None, 'change': True}
2025-12-06 15:10:55,376 : INFO : EventManager : Event: ======'machine_var_audits_switches_s_targeth'====== Args={'value': 0, 'prev_value': None, 'change': True}
2025-12-06 15:10:55,376 : INFO : EventManager : Event: ======'machine_var_audits_switches_s_targetl'====== Args={'value': 0, 'prev_value': None, 'change': True}
2025-12-06 15:10:55,376 : INFO : EventManager : Event: ======'machine_var_audits_switches_s_targetl2'====== Args={'value': 2, 'prev_value': None, 'change': True}
2025-12-06 15:10:55,376 : INFO : EventManager : Event: ======'machine_var_audits_switches_s_targeto'====== Args={'value': 0, 'prev_value': None, 'change': True}
2025-12-06 15:10:55,376 : INFO : EventManager : Event: ======'machine_var_audits_switches_s_targety'====== Args={'value': 0, 'prev_value': None, 'change': True}
2025-12-06 15:10:55,376 : INFO : EventManager : Event: ======'machine_var_audits_switches_s_tilt_bob'====== Args={'value': 0, 'prev_value': None, 'change': True}
2025-12-06 15:10:55,376 : INFO : EventManager : Event: ======'machine_var_audits_switches_s_top_flipper_eos'====== Args={'value': 1373, 'prev_value': None, 'change': True}
2025-12-06 15:10:55,376 : INFO : EventManager : Event: ======'machine_var_audits_switches_s_top_flipper_hold'====== Args={'value': 0, 'prev_value': None, 'change': True}
2025-12-06 15:10:55,376 : INFO : EventManager : Event: ======'machine_var_audits_switches_s_towervuk'====== Args={'value': 0, 'prev_value': None, 'change': True}
2025-12-06 15:10:55,376 : INFO : EventManager : Event: ======'machine_var_audits_switches_s_trmagl'====== Args={'value': 0, 'prev_value': None, 'change': True}
2025-12-06 15:10:55,376 : INFO : EventManager : Event: ======'machine_var_audits_switches_s_trmagr'====== Args={'value': 0, 'prev_value': None, 'change': True}
2025-12-06 15:10:55,376 : INFO : EventManager : Event: ======'machine_var_audits_switches_s_trough1'====== Args={'value': 227, 'prev_value': None, 'change': True}
2025-12-06 15:10:55,376 : INFO : EventManager : Event: ======'machine_var_audits_switches_s_trough2'====== Args={'value': 118, 'prev_value': None, 'change': True}
2025-12-06 15:10:55,376 : INFO : EventManager : Event: ======'machine_var_audits_switches_s_trough3'====== Args={'value': 116, 'prev_value': None, 'change': True}
2025-12-06 15:10:55,376 : INFO : EventManager : Event: ======'machine_var_audits_switches_s_trough4'====== Args={'value': 120, 'prev_value': None, 'change': True}
2025-12-06 15:10:55,376 : INFO : EventManager : Event: ======'machine_var_audits_switches_s_trough5'====== Args={'value': 100, 'prev_value': None, 'change': True}
2025-12-06 15:10:55,377 : INFO : EventManager : Event: ======'machine_var_audits_switches_s_trough6'====== Args={'value': 100, 'prev_value': None, 'change': True}
2025-12-06 15:10:55,377 : INFO : EventManager : Event: ======'machine_var_audits_switches_s_trough_jam'====== Args={'value': 171, 'prev_value': None, 'change': True}
2025-12-06 15:10:55,377 : INFO : EventManager : Event: ======'machine_var_audits_switches_s_tunel_vuk'====== Args={'value': 225, 'prev_value': None, 'change': True}
2025-12-06 15:10:55,377 : INFO : EventManager : Event: ======'machine_var_audits_switches_s_upper_pf_entrance'====== Args={'value': 0, 'prev_value': None, 'change': True}
2025-12-06 15:10:55,377 : INFO : EventManager : Event: ======'machine_var_audits_switches_swPlunger'====== Args={'value': 16, 'prev_value': None, 'change': True}
2025-12-06 15:10:55,377 : INFO : EventManager : Event: ======'init_phase_5'====== Args={}
2025-12-06 15:10:55,378 : INFO : EventManager : Event: ======'init_done'====== Args={}
2025-12-06 15:10:55,378 : INFO : EventManager : Event: ======'machine_reset_phase_1'====== Args={}
2025-12-06 15:10:55,384 : INFO : EventManager : Event: ======'machine_reset_phase_2'====== Args={}
2025-12-06 15:10:55,384 : INFO : EventManager : Event: ======'machine_reset_phase_3'====== Args={}
2025-12-06 15:10:55,384 : INFO : drop_target_bank.bank : All targets are already up. Will not reset bank.
2025-12-06 15:10:55,385 : INFO : drop_target_bank.bank1 : All targets are already up. Will not reset bank.
2025-12-06 15:10:55,385 : INFO : EventManager : Event: ======'reset_complete'====== Args={}
2025-12-06 15:10:55,385 : INFO : EventManager : Event: ======'mode_attract_will_start'====== Args={}
2025-12-06 15:10:55,385 : INFO : EventManager : Event: ======'mode_attract_starting'====== Args={}
2025-12-06 15:10:55,385 : INFO : Mode.attract : Started. Priority: 10
2025-12-06 15:10:55,386 : INFO : EventManager : Event: ======'modes_active_modes_changed'====== Args={}
2025-12-06 15:10:55,386 : INFO : EventManager : Event: ======'mode_attract_started'====== Args={}
2025-12-06 15:10:55,386 : INFO : show_player : key_attract_christmas
2025-12-06 15:10:55,387 : INFO : EventManager : Event: ======'collecting_balls_complete'====== Args={}
2025-12-06 15:10:55,388 : INFO : Machine : Starting the main run loop with active modes: [<Mode.attract>]
2025-12-06 15:10:55,452 : INFO : EventManager : Event: ======'slide_attract_created'====== Args={'_from_bcp': True}
2025-12-06 15:10:55,452 : INFO : EventManager : Event: ======'slide__removed'====== Args={'_from_bcp': True}
2025-12-06 15:10:55,452 : INFO : EventManager : Event: ======'slide_attract_active'====== Args={'original_context': 'attract', 'original_calling_context': 'mode_attract_started', 'priority': 10.0, 'cmd': 'slides_play', '_from_bcp': True}
2025-12-06 15:10:55,602 : INFO : BcpServer : New client connected.
2025-12-06 15:10:59,740 : INFO : SwitchController : <<<<<<< 's_start' active >>>>>>>
2025-12-06 15:10:59,798 : INFO : SwitchController : <<<<<<< 's_start' inactive >>>>>>>
2025-12-06 15:10:59,798 : INFO : EventManager : Event: ======'request_to_start_game'====== Args={}
2025-12-06 15:10:59,800 : INFO : EventManager : Event: ======'game_start'====== Args={'buttons': [], 'hold_time': 0.062000000034458935}
2025-12-06 15:10:59,800 : INFO : EventManager : Event: ======'mode_game_will_start'====== Args={'buttons': [], 'hold_time': 0.062000000034458935}
2025-12-06 15:10:59,801 : INFO : EventManager : Event: ======'mode_game_starting'====== Args={'buttons': [], 'hold_time': 0.062000000034458935}
2025-12-06 15:10:59,801 : INFO : EventManager : Event: ======'mode_attract_will_stop'====== Args={}
2025-12-06 15:10:59,801 : INFO : EventManager : Event: ======'mode_attract_stopping'====== Args={}
2025-12-06 15:10:59,801 : INFO : Mode.attract : Stopped.
2025-12-06 15:10:59,801 : INFO : EventManager : Event: ======'modes_active_modes_changed'====== Args={}
2025-12-06 15:10:59,802 : INFO : EventManager : Event: ======'mode_attract_stopped'====== Args={}
2025-12-06 15:10:59,802 : INFO : EventManager : Event: ======'clear'====== Args={'key': 'attract'}
2025-12-06 15:10:59,802 : INFO : Mode.game : Started. Priority: 20
2025-12-06 15:10:59,802 : INFO : EventManager : Event: ======'modes_active_modes_changed'====== Args={}
2025-12-06 15:10:59,802 : INFO : EventManager : Event: ======'mode_game_started'====== Args={'buttons': [], 'hold_time': 0.062000000034458935}
2025-12-06 15:10:59,803 : INFO : EventManager : Event: ======'game_will_start'====== Args={}
2025-12-06 15:10:59,804 : INFO : EventManager : Event: ======'game_starting'====== Args={'game': <Mode.game>}
2025-12-06 15:10:59,805 : INFO : EventManager : Unordered handler for class <Auditor> on event game_ended with priority 1. Handlers: [RegisteredHandler(callback=<bound method Auditor.disable of <Auditor>>, priority=1, kwargs={}, key=UUID('a87f4710-b4e7-4e50-8862-e733660e23e3'), condition=None, blocking_facility=None), RegisteredHandler(callback=<bound method Auditor._save_audits of <Auditor>>, priority=1, kwargs={}, key=UUID('241a9286-33fb-441e-ba25-71e789d0846b'), condition=None, blocking_facility=None)]. The order of those handlers is not defined and they will be executed in random order. This might lead to race conditions and potential bugs.
2025-12-06 15:10:59,805 : INFO : EventManager : Event: ======'player_add_request'====== Args={}
2025-12-06 15:10:59,805 : INFO : EventManager : Event: ======'player_will_add'====== Args={'number': 1}
2025-12-06 15:10:59,806 : INFO : EventManager : Event: ======'player_adding'====== Args={'player': <Player 1>, 'number': 1}
2025-12-06 15:10:59,806 : INFO : EventManager : Event: ======'player_added'====== Args={'player': <Player 1>, 'num': 1}
2025-12-06 15:10:59,806 : INFO : Mode.game : Player added successfully. Total players: 1
2025-12-06 15:10:59,806 : INFO : EventManager : Event: ======'player_index'====== Args={'value': 0, 'prev_value': 0, 'change': 0, 'player_num': 1}
2025-12-06 15:10:59,808 : INFO : EventManager : Event: ======'player_number'====== Args={'value': 1, 'prev_value': 1, 'change': 0, 'player_num': 1}
2025-12-06 15:10:59,808 : INFO : EventManager : Event: ======'player_mystery_hits_count'====== Args={'value': 0, 'prev_value': 0, 'change': 0, 'player_num': 1}
2025-12-06 15:10:59,808 : INFO : EventManager : Event: ======'player_nakatomi_mb_available'====== Args={'value': 1, 'prev_value': 1, 'change': 0, 'player_num': 1}
2025-12-06 15:10:59,808 : INFO : EventManager : Event: ======'player_tower_lock'====== Args={'value': 0, 'prev_value': 0, 'change': 0, 'player_num': 1}
2025-12-06 15:10:59,808 : INFO : EventManager : Event: ======'player_airplane_mb_available'====== Args={'value': 1, 'prev_value': 1, 'change': 0, 'player_num': 1}
2025-12-06 15:10:59,808 : INFO : EventManager : Event: ======'player_airplane_lock_lit'====== Args={'value': 0, 'prev_value': 0, 'change': 0, 'player_num': 1}
2025-12-06 15:10:59,808 : INFO : EventManager : Event: ======'player_park_mb_available'====== Args={'value': 1, 'prev_value': 1, 'change': 0, 'player_num': 1}
2025-12-06 15:10:59,808 : INFO : EventManager : Event: ======'player_park_locks'====== Args={'value': 0, 'prev_value': 0, 'change': 0, 'player_num': 1}
2025-12-06 15:10:59,808 : INFO : EventManager : Event: ======'player_modes_complete'====== Args={'value': 0, 'prev_value': 0, 'change': 0, 'player_num': 1}
2025-12-06 15:10:59,808 : INFO : EventManager : Event: ======'player_mode_running'====== Args={'value': 'None', 'prev_value': 'None', 'change': False, 'player_num': 1}
2025-12-06 15:10:59,808 : INFO : EventManager : Event: ======'player_collected_bullets'====== Args={'value': 0, 'prev_value': 0, 'change': 0, 'player_num': 1}
2025-12-06 15:10:59,808 : INFO : EventManager : Event: ======'player_time_ball_save'====== Args={'value': 0, 'prev_value': 0, 'change': 0, 'player_num': 1}
2025-12-06 15:10:59,808 : INFO : EventManager : Event: ======'player_bonus_multiplier'====== Args={'value': 1, 'prev_value': 1, 'change': 0, 'player_num': 1}
2025-12-06 15:10:59,809 : INFO : EventManager : Event: ======'player_bonus_x_held'====== Args={'value': 0, 'prev_value': 0, 'change': 0, 'player_num': 1}
2025-12-06 15:10:59,809 : INFO : EventManager : Event: ======'player_karl_bonus'====== Args={'value': 0, 'prev_value': 0, 'change': 0, 'player_num': 1}
2025-12-06 15:10:59,809 : INFO : EventManager : Event: ======'player_super_jets'====== Args={'value': 0, 'prev_value': 0, 'change': 0, 'player_num': 1}
2025-12-06 15:10:59,809 : INFO : EventManager : Event: ======'player_super_jets_goal'====== Args={'value': 40, 'prev_value': 40, 'change': 0, 'player_num': 1}
2025-12-06 15:10:59,809 : INFO : EventManager : Event: ======'player_super_spinners'====== Args={'value': 0, 'prev_value': 0, 'change': 0, 'player_num': 1}
2025-12-06 15:10:59,809 : INFO : EventManager : Event: ======'player_stuart_bonus'====== Args={'value': 0, 'prev_value': 0, 'change': 0, 'player_num': 1}
2025-12-06 15:10:59,809 : INFO : EventManager : Event: ======'player_point_multiplier'====== Args={'value': 1, 'prev_value': 1, 'change': 0, 'player_num': 1}
2025-12-06 15:10:59,809 : INFO : EventManager : Event: ======'player_ambush'====== Args={'value': 0, 'prev_value': 0, 'change': 0, 'player_num': 1}
2025-12-06 15:10:59,809 : INFO : EventManager : Event: ======'player_nakatomi_super_collected'====== Args={'value': 0, 'prev_value': 0, 'change': 0, 'player_num': 1}
2025-12-06 15:10:59,810 : INFO : EventManager : Event: ======'player_airplane_mb_stage2'====== Args={'value': 0, 'prev_value': 0, 'change': 0, 'player_num': 1}
2025-12-06 15:10:59,810 : INFO : EventManager : Event: ======'player_park_super_collected'====== Args={'value': 0, 'prev_value': 0, 'change': 0, 'player_num': 1}
2025-12-06 15:10:59,810 : INFO : EventManager : Event: ======'player_extra_ball_mball_awarded'====== Args={'value': 0, 'prev_value': 0, 'change': 0, 'player_num': 1}
2025-12-06 15:10:59,810 : INFO : EventManager : Event: ======'player_mystery_awarded_index'====== Args={'value': 0, 'prev_value': 0, 'change': 0, 'player_num': 1}
2025-12-06 15:10:59,810 : INFO : EventManager : Event: ======'player_bullet_hits'====== Args={'value': 0, 'prev_value': 0, 'change': 0, 'player_num': 1}
2025-12-06 15:10:59,810 : INFO : EventManager : Event: ======'player_bullet_combo_hits'====== Args={'value': 0, 'prev_value': 0, 'change': 0, 'player_num': 1}
2025-12-06 15:10:59,810 : INFO : EventManager : Event: ======'player_score'====== Args={'value': 0, 'prev_value': 0, 'change': 0, 'player_num': 1}
2025-12-06 15:10:59,812 : INFO : EventManager : Event: ======'game_started'====== Args={}
2025-12-06 15:10:59,813 : INFO : EventManager : Event: ======'player_turn_will_start'====== Args={'player': <Player 1>, 'number': 1}
2025-12-06 15:10:59,813 : INFO : EventManager : Event: ======'player_turn_starting'====== Args={'player': <Player 1>, 'number': 1}
2025-12-06 15:10:59,814 : INFO : EventManager : Event: ======'player_ball'====== Args={'value': 1, 'prev_value': 0, 'change': 1, 'player_num': 1}
2025-12-06 15:10:59,824 : INFO : EventManager : Event: ======'player_turn_started'====== Args={'player': <Player 1>, 'number': 1}
2025-12-06 15:10:59,825 : INFO : EventManager : Event: ======'ball_will_start'====== Args={'player': 1, 'ball': 1, 'balls_remaining': 2, 'is_extra_ball': False}
2025-12-06 15:10:59,826 : INFO : EventManager : Event: ======'ball_starting'====== Args={'player': 1, 'ball': 1, 'balls_remaining': 2, 'is_extra_ball': False}
2025-12-06 15:10:59,826 : INFO : drop_target_bank.bank : All targets are already up. Will not reset bank.
2025-12-06 15:10:59,826 : INFO : drop_target_bank.bank1 : All targets are already up. Will not reset bank.
2025-12-06 15:10:59,828 : INFO : EventManager : Event: ======'balls_in_play'====== Args={'balls': 1}
2025-12-06 15:10:59,828 : INFO : EventManager : Event: ======'ball_started'====== Args={'player': 1, 'ball': 1, 'balls_remaining': 2, 'is_extra_ball': False}
2025-12-06 15:10:59,829 : INFO : EventManager : Event: ======'mode_holly_will_start'====== Args={'player': 1, 'ball': 1, 'balls_remaining': 2, 'is_extra_ball': False}
2025-12-06 15:10:59,829 : INFO : EventManager : Event: ======'holly_targets_complete'====== Args={'state': 'None'}
2025-12-06 15:10:59,829 : INFO : EventManager : Event: ======'holly_targets_None_complete'====== Args={}
2025-12-06 15:10:59,830 : INFO : EventManager : Event: ======'player_shot_holly_h_enabled'====== Args={'value': True, 'prev_value': 0, 'change': 1, 'player_num': 1}
2025-12-06 15:10:59,831 : INFO : EventManager : Event: ======'player_shot_holly_o_enabled'====== Args={'value': True, 'prev_value': 0, 'change': 1, 'player_num': 1}
2025-12-06 15:10:59,831 : INFO : EventManager : Event: ======'player_shot_holly_l_enabled'====== Args={'value': True, 'prev_value': 0, 'change': 1, 'player_num': 1}
2025-12-06 15:10:59,832 : INFO : EventManager : Event: ======'player_shot_holly_l1_enabled'====== Args={'value': True, 'prev_value': 0, 'change': 1, 'player_num': 1}
2025-12-06 15:10:59,832 : INFO : EventManager : Event: ======'player_shot_holly_y_enabled'====== Args={'value': True, 'prev_value': 0, 'change': 1, 'player_num': 1}
2025-12-06 15:10:59,833 : INFO : EventManager : Event: ======'mode_holly_starting'====== Args={'player': 1, 'ball': 1, 'balls_remaining': 2, 'is_extra_ball': False}
2025-12-06 15:10:59,833 : INFO : EventManager : Event: ======'mode_mystery_will_start'====== Args={'player': 1, 'ball': 1, 'balls_remaining': 2, 'is_extra_ball': False}
2025-12-06 15:10:59,833 : INFO : EventManager : Event: ======'mystery_ho_complete'====== Args={'state': 'None'}
2025-12-06 15:10:59,833 : INFO : EventManager : Event: ======'mystery_ho_None_complete'====== Args={}
2025-12-06 15:10:59,834 : INFO : EventManager : Event: ======'player_shot_vault_h_enabled'====== Args={'value': True, 'prev_value': 0, 'change': 1, 'player_num': 1}
2025-12-06 15:10:59,834 : INFO : EventManager : Event: ======'player_shot_vault_o_enabled'====== Args={'value': True, 'prev_value': 0, 'change': 1, 'player_num': 1}
2025-12-06 15:10:59,835 : INFO : EventManager : Event: ======'player_shot_vault_mystery_enabled'====== Args={'value': True, 'prev_value': 0, 'change': 1, 'player_num': 1}
2025-12-06 15:10:59,835 : INFO : EventManager : Event: ======'player_mystery_mystery_tick'====== Args={'value': 0, 'prev_value': 0, 'change': 0, 'player_num': 1}
2025-12-06 15:10:59,837 : INFO : EventManager : Event: ======'mode_mystery_starting'====== Args={'player': 1, 'ball': 1, 'balls_remaining': 2, 'is_extra_ball': False}
2025-12-06 15:10:59,837 : INFO : EventManager : Event: ======'mode_score_will_start'====== Args={'player': 1, 'ball': 1, 'balls_remaining': 2, 'is_extra_ball': False}
2025-12-06 15:10:59,838 : INFO : EventManager : Event: ======'mode_score_starting'====== Args={'player': 1, 'ball': 1, 'balls_remaining': 2, 'is_extra_ball': False}
2025-12-06 15:10:59,839 : INFO : EventManager : Event: ======'mode_bullets_will_start'====== Args={'player': 1, 'ball': 1, 'balls_remaining': 2, 'is_extra_ball': False}
2025-12-06 15:10:59,839 : INFO : EventManager : Event: ======'player_shot_bullet_left_orbit_enabled'====== Args={'value': True, 'prev_value': 0, 'change': 1, 'player_num': 1}
2025-12-06 15:10:59,839 : INFO : EventManager : Event: ======'player_shot_bullet_right_orbit_enabled'====== Args={'value': True, 'prev_value': 0, 'change': 1, 'player_num': 1}
2025-12-06 15:10:59,840 : INFO : EventManager : Event: ======'player_shot_bullet_mid_orbit_enabled'====== Args={'value': True, 'prev_value': 0, 'change': 1, 'player_num': 1}
2025-12-06 15:10:59,840 : INFO : EventManager : Event: ======'player_shot_bullet_air_duct_enabled'====== Args={'value': True, 'prev_value': 0, 'change': 1, 'player_num': 1}
2025-12-06 15:10:59,841 : INFO : EventManager : Event: ======'player_bullets_bullets_combo_tick'====== Args={'value': 0, 'prev_value': 0, 'change': 0, 'player_num': 1}
2025-12-06 15:10:59,843 : INFO : EventManager : Event: ======'mode_bullets_starting'====== Args={'player': 1, 'ball': 1, 'balls_remaining': 2, 'is_extra_ball': False}
2025-12-06 15:10:59,843 : INFO : EventManager : Event: ======'mode_base_will_start'====== Args={'player': 1, 'ball': 1, 'balls_remaining': 2, 'is_extra_ball': False}
2025-12-06 15:10:59,846 : INFO : EventManager : Event: ======'mode_base_starting'====== Args={'player': 1, 'ball': 1, 'balls_remaining': 2, 'is_extra_ball': False}
2025-12-06 15:10:59,847 : INFO : Mode.base : Started. Priority: 100
2025-12-06 15:10:59,847 : INFO : EventManager : Event: ======'modes_active_modes_changed'====== Args={}
2025-12-06 15:10:59,848 : INFO : EventManager : Event: ======'mode_base_started'====== Args={'player': 1, 'ball': 1, 'balls_remaining': 2, 'is_extra_ball': False}
2025-12-06 15:10:59,849 : INFO : EventManager : Event: ======'gameplay_music_2'====== Args={'player': 1, 'ball': 1, 'balls_remaining': 2, 'is_extra_ball': False}
2025-12-06 15:10:59,850 : INFO : Mode.bullets : Started. Priority: 110
2025-12-06 15:10:59,850 : INFO : EventManager : Event: ======'modes_active_modes_changed'====== Args={}
2025-12-06 15:10:59,850 : INFO : EventManager : Event: ======'mode_bullets_started'====== Args={'player': 1, 'ball': 1, 'balls_remaining': 2, 'is_extra_ball': False}
2025-12-06 15:10:59,850 : INFO : Mode.score : Started. Priority: 110
2025-12-06 15:10:59,851 : INFO : EventManager : Event: ======'modes_active_modes_changed'====== Args={}
2025-12-06 15:10:59,851 : INFO : EventManager : Event: ======'mode_score_started'====== Args={'player': 1, 'ball': 1, 'balls_remaining': 2, 'is_extra_ball': False}
2025-12-06 15:10:59,851 : INFO : Mode.mystery : Started. Priority: 115
2025-12-06 15:10:59,851 : INFO : EventManager : Event: ======'modes_active_modes_changed'====== Args={}
2025-12-06 15:10:59,851 : INFO : EventManager : Event: ======'mode_mystery_started'====== Args={'player': 1, 'ball': 1, 'balls_remaining': 2, 'is_extra_ball': False}
2025-12-06 15:10:59,851 : INFO : Mode.holly : Started. Priority: 120
2025-12-06 15:10:59,851 : INFO : EventManager : Event: ======'modes_active_modes_changed'====== Args={}
2025-12-06 15:10:59,851 : INFO : EventManager : Event: ======'mode_holly_started'====== Args={'player': 1, 'ball': 1, 'balls_remaining': 2, 'is_extra_ball': False}
2025-12-06 15:10:59,852 : INFO : EventManager : Event: ======'single_player_ball_started'====== Args={}
2025-12-06 15:10:59,857 : INFO : EventManager : Event: ======'ball_start_target'====== Args={'target': 'playfield'}
2025-12-06 15:10:59,857 : INFO : ball_device.bd_plunger : Setting up player-controlled eject. Balls: 1, Target: <playfield.playfield>, player_controlled_eject_event: s_fire_active
2025-12-06 15:10:59,858 : INFO : EventManager : Event: ======'balldevice_balls_available'====== Args={}
2025-12-06 15:10:59,859 : INFO : ball_device.bd_trough : State: waiting_for_target_ready
2025-12-06 15:10:59,860 : INFO : EventManager : Event: ======'balldevice_bd_trough_ball_eject_attempt'====== Args={'balls': 1, 'target': <ball_device.bd_plunger>, 'source': <ball_device.bd_trough>, 'mechanical_eject': True, 'num_attempts': 0}
2025-12-06 15:10:59,860 : INFO : ball_device.bd_plunger : State: waiting_for_ball
2025-12-06 15:10:59,860 : INFO : ball_device.bd_trough : State: ejecting
2025-12-06 15:10:59,861 : INFO : ball_device.bd_trough : Ejecting ball to <ball_device.bd_plunger>
2025-12-06 15:10:59,861 : INFO : EventManager : Event: ======'balldevice_bd_trough_ejecting_ball'====== Args={'balls': 1, 'target': <ball_device.bd_plunger>, 'source': <ball_device.bd_trough>, 'mechanical_eject': True, 'num_attempts': 0}
2025-12-06 15:10:59,862 : INFO : ball_device.bd_trough : Wait for ball to leave device
2025-12-06 15:10:59,863 : INFO : coil.c_trough_eject : Pulsing Driver for 20ms (1.0 pulse_power)
2025-12-06 15:10:59,863 : INFO : SmartVirtual Coil Action : LOOBEELOO
2025-12-06 15:10:59,864 : INFO : SwitchController : <<<<<<< 's_trough1' inactive >>>>>>>
2025-12-06 15:10:59,864 : INFO : SmartVirtual Coil Action : Deactivating: s_trough1
2025-12-06 15:10:59,865 : INFO : ball_device.bd_trough : State: ball_left
2025-12-06 15:10:59,866 : INFO : ball_device.bd_trough : Ball left
2025-12-06 15:10:59,866 : INFO : ball_device.bd_trough : Wait for confirm with timeout 10.0
2025-12-06 15:10:59,957 : INFO : SwitchController : <<<<<<< 's_plunger_lane' active >>>>>>>
2025-12-06 15:10:59,958 : INFO : EventManager : Event: ======'machine_var_audits_switches_s_plunger_lane'====== Args={'value': 207, 'prev_value': 206, 'change': 1}
2025-12-06 15:11:00,079 : INFO : EventManager : Event: ======'slide_base_created'====== Args={'_from_bcp': True}
2025-12-06 15:11:00,080 : INFO : EventManager : Event: ======'slide_attract_inactive'====== Args={'is_removing': True, '_from_bcp': True}
2025-12-06 15:11:00,081 : INFO : EventManager : Event: ======'slide_base_active'====== Args={'original_context': 'base', 'original_calling_context': 'mode_base_started', 'priority': 100.0, 'player': 1.0, 'ball': 1.0, 'balls_remaining': 2.0, 'is_extra_ball': False, 'cmd': 'slides_play', '_from_bcp': True}
2025-12-06 15:11:00,081 : INFO : EventManager : Event: ======'slide_attract_removed'====== Args={'_from_bcp': True}
2025-12-06 15:11:00,449 : INFO : ball_device.bd_plunger : Received ball from <ball_device.bd_trough>
2025-12-06 15:11:00,449 : INFO : EventManager : Event: ======'balldevice_bd_plunger_ball_enter'====== Args={'new_balls': 1, 'unclaimed_balls': 0, 'new_available_balls': 0, 'device': <ball_device.bd_plunger>}
2025-12-06 15:11:00,449 : INFO : EventManager : Event: ======'balldevice_bd_plunger_ball_entered'====== Args={'new_balls': 0, 'device': <ball_device.bd_plunger>}
2025-12-06 15:11:00,451 : INFO : EventManager : Event: ======'balldevice_bd_plunger_ball_count_changed'====== Args={'balls': 1}
2025-12-06 15:11:00,451 : INFO : ball_device.bd_trough : Got eject confirm
2025-12-06 15:11:00,451 : INFO : ball_device.bd_trough : Eject successful
2025-12-06 15:11:00,451 : INFO : EventManager : Event: ======'balldevice_bd_trough_ball_eject_success'====== Args={'balls': 1, 'target': <ball_device.bd_plunger>}
2025-12-06 15:11:00,451 : INFO : EventManager : Event: ======'balldevice_bd_trough_ball_count_changed'====== Args={'balls': 5}
2025-12-06 15:11:00,452 : INFO : ball_device.bd_trough : State: idle
2025-12-06 15:11:00,452 : INFO : ball_device.bd_plunger : State: waiting_for_target_ready
2025-12-06 15:11:00,452 : INFO : EventManager : Event: ======'balldevice_bd_plunger_ball_eject_attempt'====== Args={'balls': 1, 'target': <playfield.playfield>, 'source': <ball_device.bd_plunger>, 'mechanical_eject': True, 'num_attempts': 0}
2025-12-06 15:11:00,453 : INFO : ball_device.bd_plunger : State: ejecting
2025-12-06 15:11:00,453 : INFO : ball_device.bd_plunger : Ejecting ball to <playfield.playfield>
2025-12-06 15:11:00,453 : INFO : EventManager : Event: ======'balldevice_bd_plunger_ejecting_ball'====== Args={'balls': 1, 'target': <playfield.playfield>, 'source': <ball_device.bd_plunger>, 'mechanical_eject': True, 'num_attempts': 0}
2025-12-06 15:11:00,454 : INFO : ball_device.bd_plunger : Wait for ball to leave device
2025-12-06 15:11:00,618 : INFO : SwitchController : <<<<<<< 's_plunger_lane' inactive >>>>>>>
2025-12-06 15:11:00,619 : INFO : ball_device.bd_plunger : State: ball_left
2025-12-06 15:11:00,620 : INFO : ball_device.bd_plunger : Ball left
2025-12-06 15:11:00,620 : INFO : ball_device.bd_plunger : Wait for confirm with timeout 10.0
2025-12-06 15:11:01,704 : INFO : SwitchController : <<<<<<< 's_right_sling' active >>>>>>>
2025-12-06 15:11:01,704 : INFO : EventManager : Event: ======'s_right_sling_active'====== Args={}
2025-12-06 15:11:01,704 : INFO : EventManager : Event: ======'playfield_active'====== Args={'source': 'right_sling'}
2025-12-06 15:11:01,704 : INFO : EventManager : Event: ======'machine_var_audits_switches_s_right_sling'====== Args={'value': 487, 'prev_value': 486, 'change': 1}
2025-12-06 15:11:01,705 : INFO : EventManager : Event: ======'player_score'====== Args={'value': 3030, 'prev_value': 0, 'change': 3030, 'player_num': 1, 'source': 'score'}
2025-12-06 15:11:01,705 : INFO : EventManager : Event: ======'flash_right_sling_blue'====== Args={}
2025-12-06 15:11:01,706 : INFO : show_player : key_s_right_sling_active
2025-12-06 15:11:01,707 : INFO : ball_device.bd_plunger : Got eject confirm
2025-12-06 15:11:01,707 : INFO : ball_device.bd_plunger : Eject successful
2025-12-06 15:11:01,707 : INFO : EventManager : Event: ======'balldevice_bd_plunger_ball_eject_success'====== Args={'balls': 1, 'target': <playfield.playfield>}
2025-12-06 15:11:01,707 : INFO : EventManager : Event: ======'balldevice_playfield_ball_enter'====== Args={'new_balls': 1, 'unclaimed_balls': 1, 'device': <playfield.playfield>}
2025-12-06 15:11:01,707 : INFO : EventManager : Event: ======'playfield_ball_count_change'====== Args={'balls': 1, 'change': 1}
2025-12-06 15:11:01,707 : INFO : EventManager : Event: ======'balldevice_bd_plunger_ball_count_changed'====== Args={'balls': 0}
2025-12-06 15:11:01,707 : INFO : ball_device.bd_plunger : State: idle
2025-12-06 15:11:01,789 : INFO : SwitchController : <<<<<<< 's_right_sling' inactive >>>>>>>
2025-12-06 15:11:04,022 : INFO : SwitchController : <<<<<<< 's_left_orbit' active >>>>>>>
2025-12-06 15:11:04,022 : INFO : EventManager : Event: ======'s_left_orbit_active'====== Args={}
2025-12-06 15:11:04,022 : INFO : EventManager : Event: ======'machine_var_audits_switches_s_left_orbit'====== Args={'value': 352, 'prev_value': 351, 'change': 1}
2025-12-06 15:11:04,088 : INFO : SwitchController : <<<<<<< 's_left_orbit' inactive >>>>>>>
2025-12-06 15:11:04,767 : INFO : SwitchController : <<<<<<< 's_left_orbit2' active >>>>>>>
2025-12-06 15:11:04,767 : INFO : EventManager : Event: ======'s_left_orbit2_active'====== Args={}
2025-12-06 15:11:04,767 : INFO : EventManager : Event: ======'sw_playfield_active'====== Args={}
2025-12-06 15:11:04,767 : INFO : EventManager : Event: ======'machine_var_audits_switches_s_left_orbit2'====== Args={'value': 17, 'prev_value': 16, 'change': 1}
2025-12-06 15:11:04,768 : INFO : EventManager : Event: ======'left_orbit_hit'====== Args={'elapsed': 0.75}
2025-12-06 15:11:04,768 : INFO : EventManager : Event: ======'player_score'====== Args={'value': 8030, 'prev_value': 3030, 'change': 5000, 'player_num': 1, 'source': 'score'}
2025-12-06 15:11:04,769 : INFO : EventManager : Event: ======'bullet_lock_left_orbit'====== Args={'priority': 0}
2025-12-06 15:11:04,769 : INFO : EventManager : Event: ======'bullet_hit'====== Args={'priority': 0}
2025-12-06 15:11:04,769 : INFO : EventManager : Event: ======'orbit_fx1'====== Args={'elapsed': 0.75}
2025-12-06 15:11:04,769 : INFO : show_player : key_left_orbit_hit
2025-12-06 15:11:04,769 : INFO : show_player : key_left_orbit_hit1
2025-12-06 15:11:04,769 : INFO : show_player : key_left_orbit_hit2
2025-12-06 15:11:04,770 : INFO : EventManager : Event: ======'player_shot_bullet_left_orbit'====== Args={'value': 1, 'prev_value': 0, 'change': 1, 'player_num': 1}
2025-12-06 15:11:04,771 : INFO : EventManager : Event: ======'player_bullet_hits'====== Args={'value': 1, 'prev_value': 0, 'change': 1, 'player_num': 1, 'source': 'bullets'}
2025-12-06 15:11:04,771 : INFO : EventManager : Event: ======'player_shot_bullet_right_orbit'====== Args={'value': 2, 'prev_value': 0, 'change': 2, 'player_num': 1}
2025-12-06 15:11:04,771 : INFO : EventManager : Event: ======'player_shot_bullet_mid_orbit'====== Args={'value': 2, 'prev_value': 0, 'change': 2, 'player_num': 1}
2025-12-06 15:11:04,771 : INFO : EventManager : Event: ======'player_shot_bullet_air_duct'====== Args={'value': 2, 'prev_value': 0, 'change': 2, 'player_num': 1}
2025-12-06 15:11:04,772 : INFO : Timer.bullets_combo : Starting Timer.
2025-12-06 15:11:04,772 : INFO : EventManager : Event: ======'timer_bullets_combo_started'====== Args={'ticks': 0, 'ticks_remaining': 5}
2025-12-06 15:11:04,772 : INFO : EventManager : Event: ======'timer_bullets_combo_tick'====== Args={'ticks': 0, 'ticks_remaining': 5}
2025-12-06 15:11:04,836 : INFO : SwitchController : <<<<<<< 's_left_orbit2' inactive >>>>>>>
2025-12-06 15:11:05,762 : INFO : EventManager : Event: ======'player_bullets_bullets_combo_tick'====== Args={'value': 1, 'prev_value': 0, 'change': 1, 'player_num': 1}
2025-12-06 15:11:05,763 : INFO : EventManager : Event: ======'timer_bullets_combo_tick'====== Args={'ticks': 1, 'ticks_remaining': 4}
2025-12-06 15:11:06,146 : INFO : SwitchController : <<<<<<< 's_trough1' active >>>>>>>
2025-12-06 15:11:06,146 : INFO : EventManager : Event: ======'machine_var_audits_switches_s_trough1'====== Args={'value': 228, 'prev_value': 227, 'change': 1}
2025-12-06 15:11:06,640 : INFO : EventManager : Event: ======'balldevice_bd_trough_ball_count_changed'====== Args={'balls': 6}
2025-12-06 15:11:06,641 : INFO : ball_device.bd_trough : Received unexpected ball
2025-12-06 15:11:06,641 : INFO : EventManager : Event: ======'balldevice_captured_from_playfield'====== Args={'balls': 1}
2025-12-06 15:11:06,641 : INFO : EventManager : Event: ======'sw_playfield_active'====== Args={'balls': 1}
2025-12-06 15:11:06,641 : INFO : EventManager : Event: ======'playfield_ball_count_change'====== Args={'balls': 0, 'change': -1}
2025-12-06 15:11:06,642 : INFO : EventManager : Event: ======'balldevice_bd_trough_ball_enter'====== Args={'new_balls': 1, 'unclaimed_balls': 1, 'new_available_balls': 1, 'device': <ball_device.bd_trough>}
2025-12-06 15:11:06,642 : INFO : EventManager : Event: ======'ball_drain'====== Args={'device': <ball_device.bd_trough>, 'balls': 1}
2025-12-06 15:11:06,643 : INFO : EventManager : Event: ======'ball_will_end'====== Args={}
2025-12-06 15:11:06,643 : INFO : EventManager : Event: ======'balldevice_balls_available'====== Args={}
2025-12-06 15:11:06,643 : INFO : EventManager : Event: ======'balldevice_bd_trough_ball_entered'====== Args={'new_balls': 1, 'device': <ball_device.bd_trough>}
2025-12-06 15:11:06,644 : INFO : EventManager : Event: ======'ball_ending'====== Args={}
2025-12-06 15:11:06,645 : INFO : EventManager : Event: ======'mode_holly_will_stop'====== Args={}
2025-12-06 15:11:06,645 : INFO : EventManager : Event: ======'mode_holly_stopping'====== Args={}
2025-12-06 15:11:06,645 : INFO : EventManager : Event: ======'mode_mystery_will_stop'====== Args={}
2025-12-06 15:11:06,645 : INFO : EventManager : Event: ======'mode_mystery_stopping'====== Args={}
2025-12-06 15:11:06,645 : INFO : EventManager : Event: ======'mode_score_will_stop'====== Args={}
2025-12-06 15:11:06,645 : INFO : EventManager : Event: ======'mode_score_stopping'====== Args={}
2025-12-06 15:11:06,645 : INFO : EventManager : Event: ======'mode_bullets_will_stop'====== Args={}
2025-12-06 15:11:06,646 : INFO : EventManager : Event: ======'mode_bullets_stopping'====== Args={}
2025-12-06 15:11:06,646 : INFO : EventManager : Event: ======'mode_base_will_stop'====== Args={}
2025-12-06 15:11:06,646 : INFO : EventManager : Event: ======'mode_base_stopping'====== Args={}
2025-12-06 15:11:06,646 : INFO : Mode.base : Stopped.
2025-12-06 15:11:06,646 : INFO : EventManager : Event: ======'modes_active_modes_changed'====== Args={}
2025-12-06 15:11:06,647 : INFO : EventManager : Event: ======'mode_base_stopped'====== Args={}
2025-12-06 15:11:06,647 : INFO : EventManager : Event: ======'clear'====== Args={'key': 'base'}
2025-12-06 15:11:06,647 : INFO : Mode.bullets : Stopped.
2025-12-06 15:11:06,648 : INFO : EventManager : Event: ======'modes_active_modes_changed'====== Args={}
2025-12-06 15:11:06,648 : INFO : EventManager : Event: ======'mode_bullets_stopped'====== Args={}
2025-12-06 15:11:06,648 : INFO : EventManager : Event: ======'clear'====== Args={'key': 'bullets'}
2025-12-06 15:11:06,648 : INFO : Timer.bullets_combo : Stopping Timer
2025-12-06 15:11:06,649 : INFO : EventManager : Event: ======'timer_bullets_combo_stopped'====== Args={'ticks': 1, 'ticks_remaining': 4}
2025-12-06 15:11:06,649 : INFO : Mode.score : Stopped.
2025-12-06 15:11:06,649 : INFO : EventManager : Event: ======'modes_active_modes_changed'====== Args={}
2025-12-06 15:11:06,649 : INFO : EventManager : Event: ======'mode_score_stopped'====== Args={}
2025-12-06 15:11:06,649 : INFO : EventManager : Event: ======'clear'====== Args={'key': 'score'}
2025-12-06 15:11:06,649 : INFO : Mode.mystery : Stopped.
2025-12-06 15:11:06,649 : INFO : EventManager : Event: ======'modes_active_modes_changed'====== Args={}
2025-12-06 15:11:06,650 : INFO : EventManager : Event: ======'mode_mystery_stopped'====== Args={}
2025-12-06 15:11:06,650 : INFO : EventManager : Event: ======'clear'====== Args={'key': 'mystery'}
2025-12-06 15:11:06,650 : INFO : Timer.mystery : Stopping Timer
2025-12-06 15:11:06,650 : INFO : EventManager : Event: ======'timer_mystery_stopped'====== Args={'ticks': 0, 'ticks_remaining': 0}
2025-12-06 15:11:06,650 : INFO : Mode.holly : Stopped.
2025-12-06 15:11:06,650 : INFO : EventManager : Event: ======'modes_active_modes_changed'====== Args={}
2025-12-06 15:11:06,651 : INFO : EventManager : Event: ======'mode_holly_stopped'====== Args={}
2025-12-06 15:11:06,651 : INFO : EventManager : Event: ======'clear'====== Args={'key': 'holly'}
2025-12-06 15:11:06,652 : INFO : EventManager : Event: ======'ball_ended'====== Args={}
2025-12-06 15:11:06,657 : INFO : EventManager : Event: ======'player_turn_will_end'====== Args={'player': <Player 1>, 'number': 1}
2025-12-06 15:11:06,657 : INFO : EventManager : Event: ======'player_turn_ending'====== Args={'player': <Player 1>, 'number': 1}
2025-12-06 15:11:06,658 : INFO : EventManager : Event: ======'player_turn_ended'====== Args={'player': <Player 1>, 'number': 1}
2025-12-06 15:11:06,659 : INFO : EventManager : Event: ======'player_turn_will_start'====== Args={'player': <Player 1>, 'number': 1}
2025-12-06 15:11:06,659 : INFO : EventManager : Event: ======'player_turn_starting'====== Args={'player': <Player 1>, 'number': 1}
2025-12-06 15:11:06,660 : INFO : EventManager : Event: ======'player_ball'====== Args={'value': 2, 'prev_value': 1, 'change': 1, 'player_num': 1}
2025-12-06 15:11:06,660 : INFO : EventManager : Event: ======'player_turn_started'====== Args={'player': <Player 1>, 'number': 1}
2025-12-06 15:11:06,661 : INFO : EventManager : Event: ======'ball_will_start'====== Args={'player': 1, 'ball': 2, 'balls_remaining': 1, 'is_extra_ball': False}
2025-12-06 15:11:06,662 : INFO : EventManager : Event: ======'ball_starting'====== Args={'player': 1, 'ball': 2, 'balls_remaining': 1, 'is_extra_ball': False}
2025-12-06 15:11:06,662 : INFO : drop_target_bank.bank : All targets are already up. Will not reset bank.
2025-12-06 15:11:06,662 : INFO : drop_target_bank.bank1 : All targets are already up. Will not reset bank.
2025-12-06 15:11:06,663 : INFO : EventManager : Event: ======'balls_in_play'====== Args={'balls': 1}
2025-12-06 15:11:06,663 : INFO : EventManager : Event: ======'ball_started'====== Args={'player': 1, 'ball': 2, 'balls_remaining': 1, 'is_extra_ball': False}
2025-12-06 15:11:06,664 : INFO : EventManager : Event: ======'mode_holly_will_start'====== Args={'player': 1, 'ball': 2, 'balls_remaining': 1, 'is_extra_ball': False}
2025-12-06 15:11:06,665 : INFO : EventManager : Event: ======'mode_holly_starting'====== Args={'player': 1, 'ball': 2, 'balls_remaining': 1, 'is_extra_ball': False}
2025-12-06 15:11:06,666 : INFO : EventManager : Event: ======'mode_mystery_will_start'====== Args={'player': 1, 'ball': 2, 'balls_remaining': 1, 'is_extra_ball': False}
2025-12-06 15:11:06,668 : INFO : EventManager : Event: ======'mode_mystery_starting'====== Args={'player': 1, 'ball': 2, 'balls_remaining': 1, 'is_extra_ball': False}
2025-12-06 15:11:06,670 : INFO : EventManager : Event: ======'mode_score_will_start'====== Args={'player': 1, 'ball': 2, 'balls_remaining': 1, 'is_extra_ball': False}
2025-12-06 15:11:06,670 : INFO : EventManager : Event: ======'mode_score_starting'====== Args={'player': 1, 'ball': 2, 'balls_remaining': 1, 'is_extra_ball': False}
2025-12-06 15:11:06,670 : INFO : EventManager : Event: ======'mode_bullets_will_start'====== Args={'player': 1, 'ball': 2, 'balls_remaining': 1, 'is_extra_ball': False}
2025-12-06 15:11:06,671 : INFO : EventManager : Event: ======'player_bullets_bullets_combo_tick'====== Args={'value': 0, 'prev_value': 1, 'change': -1, 'player_num': 1}
2025-12-06 15:11:06,673 : INFO : EventManager : Event: ======'mode_bullets_starting'====== Args={'player': 1, 'ball': 2, 'balls_remaining': 1, 'is_extra_ball': False}
2025-12-06 15:11:06,673 : INFO : EventManager : Event: ======'mode_base_will_start'====== Args={'player': 1, 'ball': 2, 'balls_remaining': 1, 'is_extra_ball': False}
2025-12-06 15:11:06,676 : INFO : EventManager : Event: ======'mode_base_starting'====== Args={'player': 1, 'ball': 2, 'balls_remaining': 1, 'is_extra_ball': False}
2025-12-06 15:11:06,677 : INFO : Mode.base : Started. Priority: 100
2025-12-06 15:11:06,677 : INFO : EventManager : Event: ======'modes_active_modes_changed'====== Args={}
2025-12-06 15:11:06,677 : INFO : EventManager : Event: ======'mode_base_started'====== Args={'player': 1, 'ball': 2, 'balls_remaining': 1, 'is_extra_ball': False}
2025-12-06 15:11:06,678 : INFO : EventManager : Event: ======'gameplay_music_3'====== Args={'player': 1, 'ball': 2, 'balls_remaining': 1, 'is_extra_ball': False}
2025-12-06 15:11:06,678 : INFO : Mode.bullets : Started. Priority: 110
2025-12-06 15:11:06,678 : INFO : EventManager : Event: ======'modes_active_modes_changed'====== Args={}
2025-12-06 15:11:06,680 : INFO : EventManager : Event: ======'mode_bullets_started'====== Args={'player': 1, 'ball': 2, 'balls_remaining': 1, 'is_extra_ball': False}
2025-12-06 15:11:06,680 : INFO : Mode.score : Started. Priority: 110
2025-12-06 15:11:06,680 : INFO : EventManager : Event: ======'modes_active_modes_changed'====== Args={}
2025-12-06 15:11:06,680 : INFO : EventManager : Event: ======'mode_score_started'====== Args={'player': 1, 'ball': 2, 'balls_remaining': 1, 'is_extra_ball': False}
2025-12-06 15:11:06,680 : INFO : Mode.mystery : Started. Priority: 115
2025-12-06 15:11:06,680 : INFO : EventManager : Event: ======'modes_active_modes_changed'====== Args={}
2025-12-06 15:11:06,680 : INFO : EventManager : Event: ======'mode_mystery_started'====== Args={'player': 1, 'ball': 2, 'balls_remaining': 1, 'is_extra_ball': False}
2025-12-06 15:11:06,680 : INFO : Mode.holly : Started. Priority: 120
2025-12-06 15:11:06,680 : INFO : EventManager : Event: ======'modes_active_modes_changed'====== Args={}
2025-12-06 15:11:06,681 : INFO : EventManager : Event: ======'mode_holly_started'====== Args={'player': 1, 'ball': 2, 'balls_remaining': 1, 'is_extra_ball': False}
2025-12-06 15:11:06,682 : INFO : EventManager : Event: ======'single_player_ball_started'====== Args={}
2025-12-06 15:11:06,685 : INFO : EventManager : Event: ======'ball_start_target'====== Args={'target': 'playfield'}
2025-12-06 15:11:06,685 : INFO : ball_device.bd_plunger : Setting up player-controlled eject. Balls: 1, Target: <playfield.playfield>, player_controlled_eject_event: s_fire_active
2025-12-06 15:11:06,686 : INFO : EventManager : Event: ======'balldevice_balls_available'====== Args={}
2025-12-06 15:11:06,687 : INFO : ball_device.bd_trough : State: waiting_for_target_ready
2025-12-06 15:11:06,687 : INFO : EventManager : Event: ======'balldevice_bd_trough_ball_eject_attempt'====== Args={'balls': 1, 'target': <ball_device.bd_plunger>, 'source': <ball_device.bd_trough>, 'mechanical_eject': True, 'num_attempts': 0}
2025-12-06 15:11:06,688 : INFO : ball_device.bd_plunger : State: waiting_for_ball
2025-12-06 15:11:06,689 : INFO : ball_device.bd_trough : State: ejecting
2025-12-06 15:11:06,689 : INFO : ball_device.bd_trough : Ejecting ball to <ball_device.bd_plunger>
2025-12-06 15:11:06,689 : INFO : EventManager : Event: ======'balldevice_bd_trough_ejecting_ball'====== Args={'balls': 1, 'target': <ball_device.bd_plunger>, 'source': <ball_device.bd_trough>, 'mechanical_eject': True, 'num_attempts': 0}
2025-12-06 15:11:06,691 : INFO : ball_device.bd_trough : Wait for ball to leave device
2025-12-06 15:11:06,691 : INFO : coil.c_trough_eject : Pulsing Driver for 20ms (1.0 pulse_power)
2025-12-06 15:11:06,691 : INFO : SmartVirtual Coil Action : LOOBEELOO
2025-12-06 15:11:06,692 : INFO : SwitchController : <<<<<<< 's_trough1' inactive >>>>>>>
2025-12-06 15:11:06,692 : INFO : SmartVirtual Coil Action : Deactivating: s_trough1
2025-12-06 15:11:06,692 : INFO : ball_device.bd_trough : State: ball_left
2025-12-06 15:11:06,693 : INFO : ball_device.bd_trough : Ball left
2025-12-06 15:11:06,693 : INFO : ball_device.bd_trough : Wait for confirm with timeout 10.0
2025-12-06 15:11:06,738 : INFO : EventManager : Event: ======'slide_base_created'====== Args={'_from_bcp': True}
2025-12-06 15:11:06,739 : INFO : EventManager : Event: ======'slide_base_inactive'====== Args={'is_removing': True, '_from_bcp': True}
2025-12-06 15:11:06,740 : INFO : EventManager : Event: ======'slide_base_active'====== Args={'original_context': 'base', 'original_calling_context': 'mode_base_started', 'priority': 100.0, 'player': 1.0, 'ball': 2.0, 'balls_remaining': 1.0, 'is_extra_ball': False, 'cmd': 'slides_play', '_from_bcp': True}
2025-12-06 15:11:06,740 : INFO : EventManager : Event: ======'slide_base_removed'====== Args={'_from_bcp': True}
2025-12-06 15:11:06,797 : INFO : SwitchController : <<<<<<< 's_plunger_lane' active >>>>>>>
2025-12-06 15:11:06,797 : INFO : EventManager : Event: ======'machine_var_audits_switches_s_plunger_lane'====== Args={'value': 208, 'prev_value': 207, 'change': 1}
2025-12-06 15:11:07,296 : INFO : ball_device.bd_plunger : Received ball from <ball_device.bd_trough>
2025-12-06 15:11:07,296 : INFO : EventManager : Event: ======'balldevice_bd_plunger_ball_enter'====== Args={'new_balls': 1, 'unclaimed_balls': 0, 'new_available_balls': 0, 'device': <ball_device.bd_plunger>}
2025-12-06 15:11:07,298 : INFO : EventManager : Event: ======'balldevice_bd_plunger_ball_entered'====== Args={'new_balls': 0, 'device': <ball_device.bd_plunger>}
2025-12-06 15:11:07,298 : INFO : EventManager : Event: ======'balldevice_bd_plunger_ball_count_changed'====== Args={'balls': 1}
2025-12-06 15:11:07,298 : INFO : ball_device.bd_trough : Got eject confirm
2025-12-06 15:11:07,298 : INFO : ball_device.bd_trough : Eject successful
2025-12-06 15:11:07,298 : INFO : EventManager : Event: ======'balldevice_bd_trough_ball_eject_success'====== Args={'balls': 1, 'target': <ball_device.bd_plunger>}
2025-12-06 15:11:07,299 : INFO : EventManager : Event: ======'balldevice_bd_trough_ball_count_changed'====== Args={'balls': 5}
2025-12-06 15:11:07,299 : INFO : ball_device.bd_trough : State: idle
2025-12-06 15:11:07,299 : INFO : ball_device.bd_plunger : State: waiting_for_target_ready
2025-12-06 15:11:07,299 : INFO : EventManager : Event: ======'balldevice_bd_plunger_ball_eject_attempt'====== Args={'balls': 1, 'target': <playfield.playfield>, 'source': <ball_device.bd_plunger>, 'mechanical_eject': True, 'num_attempts': 0}
2025-12-06 15:11:07,300 : INFO : ball_device.bd_plunger : State: ejecting
2025-12-06 15:11:07,300 : INFO : ball_device.bd_plunger : Ejecting ball to <playfield.playfield>
2025-12-06 15:11:07,300 : INFO : EventManager : Event: ======'balldevice_bd_plunger_ejecting_ball'====== Args={'balls': 1, 'target': <playfield.playfield>, 'source': <ball_device.bd_plunger>, 'mechanical_eject': True, 'num_attempts': 0}
2025-12-06 15:11:07,301 : INFO : ball_device.bd_plunger : Wait for ball to leave device
2025-12-06 15:11:21,079 : INFO : Machine : Shutting down...
2025-12-06 15:11:21,079 : INFO : EventManager : Event: ======'shutdown'====== Args={}
2025-12-06 15:11:21,080 : INFO : EventManager : Event: ======'mode_game_will_stop'====== Args={}
2025-12-06 15:11:21,081 : INFO : EventManager : Event: ======'mode_game_stopping'====== Args={}
2025-12-06 15:11:21,081 : INFO : EventManager : Event: ======'mode_score_will_stop'====== Args={}
2025-12-06 15:11:21,081 : INFO : EventManager : Event: ======'mode_score_stopping'====== Args={}
2025-12-06 15:11:21,081 : INFO : EventManager : Event: ======'mode_holly_will_stop'====== Args={}
2025-12-06 15:11:21,081 : INFO : EventManager : Event: ======'mode_holly_stopping'====== Args={}
2025-12-06 15:11:21,081 : INFO : EventManager : Event: ======'mode_bullets_will_stop'====== Args={}
2025-12-06 15:11:21,081 : INFO : EventManager : Event: ======'mode_bullets_stopping'====== Args={}
2025-12-06 15:11:21,081 : INFO : EventManager : Event: ======'mode_mystery_will_stop'====== Args={}
2025-12-06 15:11:21,081 : INFO : EventManager : Event: ======'mode_mystery_stopping'====== Args={}
2025-12-06 15:11:21,081 : INFO : EventManager : Event: ======'mode_base_will_stop'====== Args={}
2025-12-06 15:11:21,082 : INFO : EventManager : Event: ======'mode_base_stopping'====== Args={}
2025-12-06 15:11:21,082 : INFO : Mode.base : Stopped.
2025-12-06 15:11:21,082 : INFO : EventManager : Event: ======'modes_active_modes_changed'====== Args={}
2025-12-06 15:11:21,082 : INFO : EventManager : Event: ======'mode_base_stopped'====== Args={}
2025-12-06 15:11:21,082 : INFO : EventManager : Event: ======'clear'====== Args={'key': 'base'}
2025-12-06 15:11:21,083 : INFO : Mode.mystery : Stopped.
2025-12-06 15:11:21,083 : INFO : EventManager : Event: ======'modes_active_modes_changed'====== Args={}
2025-12-06 15:11:21,083 : INFO : EventManager : Event: ======'mode_mystery_stopped'====== Args={}
2025-12-06 15:11:21,083 : INFO : EventManager : Event: ======'clear'====== Args={'key': 'mystery'}
2025-12-06 15:11:21,083 : INFO : Timer.mystery : Stopping Timer
2025-12-06 15:11:21,083 : INFO : EventManager : Event: ======'timer_mystery_stopped'====== Args={'ticks': 0, 'ticks_remaining': 0}
2025-12-06 15:11:21,083 : INFO : Mode.bullets : Stopped.
2025-12-06 15:11:21,083 : INFO : EventManager : Event: ======'modes_active_modes_changed'====== Args={}
2025-12-06 15:11:21,084 : INFO : EventManager : Event: ======'mode_bullets_stopped'====== Args={}
2025-12-06 15:11:21,084 : INFO : EventManager : Event: ======'clear'====== Args={'key': 'bullets'}
2025-12-06 15:11:21,084 : INFO : Timer.bullets_combo : Stopping Timer
2025-12-06 15:11:21,084 : INFO : EventManager : Event: ======'timer_bullets_combo_stopped'====== Args={'ticks': 0, 'ticks_remaining': 4}
2025-12-06 15:11:21,084 : INFO : Mode.holly : Stopped.
2025-12-06 15:11:21,084 : INFO : EventManager : Event: ======'modes_active_modes_changed'====== Args={}
2025-12-06 15:11:21,084 : INFO : EventManager : Event: ======'mode_holly_stopped'====== Args={}
2025-12-06 15:11:21,084 : INFO : EventManager : Event: ======'clear'====== Args={'key': 'holly'}
2025-12-06 15:11:21,085 : INFO : Mode.score : Stopped.
2025-12-06 15:11:21,085 : INFO : EventManager : Event: ======'modes_active_modes_changed'====== Args={}
2025-12-06 15:11:21,085 : INFO : EventManager : Event: ======'mode_score_stopped'====== Args={}
2025-12-06 15:11:21,085 : INFO : EventManager : Event: ======'clear'====== Args={'key': 'score'}
2025-12-06 15:11:21,085 : INFO : Mode.game : Stopped.
2025-12-06 15:11:21,085 : INFO : EventManager : Event: ======'modes_active_modes_changed'====== Args={}
2025-12-06 15:11:21,085 : INFO : EventManager : Event: ======'mode_game_stopped'====== Args={}
2025-12-06 15:11:21,085 : INFO : EventManager : Event: ======'clear'====== Args={'key': 'game'}
2025-12-06 15:11:21,089 : INFO : root : MPF run loop ended.
