2025-05-17 20:11:06,528 : INFO : root : Loading config.
2025-05-17 20:11:06,528 : INFO : YamlMultifileConfigLoader : Machine config file #1: config.yaml
2025-05-17 20:11:06,528 : INFO : ConfigProcessor : Loading config from cache: C:\Users\carr-\AppData\Local\Temp\23e177fce4903a9a69d69f474fa748a1.mpf_cache
2025-05-17 20:11:06,528 : WARNING : ConfigProcessor : Config file in cache changed: C:\Users\carr-\Documents\development\diehard-mpf\config\shot_profiles.yaml
2025-05-17 20:11:06,528 : INFO : ConfigProcessor : Loading config from file C:\Users\carr-\Documents\development\mpf080\mpf\mpfconfig.yaml.
2025-05-17 20:11:06,543 : INFO : ConfigProcessor : Loading config: C:\Users\carr-\Documents\development\mpf080\mpf\mpfconfig.yaml
2025-05-17 20:11:06,543 : INFO : ConfigProcessor : Loading config from file C:\Users\carr-\Documents\development\diehard-mpf\config\config.yaml.
2025-05-17 20:11:06,563 : INFO : ConfigProcessor : Loading config: C:\Users\carr-\Documents\development\diehard-mpf\config\config.yaml
2025-05-17 20:11:06,575 : INFO : ConfigProcessor : Loading config: C:\Users\carr-\Documents\development\diehard-mpf\config\switches.yaml
2025-05-17 20:11:06,584 : INFO : ConfigProcessor : Loading config: C:\Users\carr-\Documents\development\diehard-mpf\config\ball_devices.yaml
2025-05-17 20:11:06,595 : INFO : ConfigProcessor : Loading config: C:\Users\carr-\Documents\development\diehard-mpf\config\coils.yaml
2025-05-17 20:11:06,608 : INFO : ConfigProcessor : Loading config: C:\Users\carr-\Documents\development\diehard-mpf\config\lights.yaml
2025-05-17 20:11:06,613 : INFO : ConfigProcessor : Loading config: C:\Users\carr-\Documents\development\diehard-mpf\config\shot_profiles.yaml
2025-05-17 20:11:06,616 : INFO : ConfigProcessor : Config file cache created: C:\Users\carr-\AppData\Local\Temp\23e177fce4903a9a69d69f474fa748a1.mpf_cache
2025-05-17 20:11:06,710 : WARNING : ConfigProcessor : Config file in cache changed: C:\Users\carr-\Documents\development\diehard-mpf\modes\attract\config\attract.yaml
2025-05-17 20:11:06,710 : INFO : ConfigProcessor : Loading config from file C:\Users\carr-\Documents\development\mpf080\mpf\modes\attract\config\attract.yaml.
2025-05-17 20:11:06,710 : INFO : ConfigProcessor : Loading config: C:\Users\carr-\Documents\development\mpf080\mpf\modes\attract\config\attract.yaml
2025-05-17 20:11:06,710 : INFO : ConfigProcessor : Loading config from file C:\Users\carr-\Documents\development\diehard-mpf\modes\attract\config\attract.yaml.
2025-05-17 20:11:06,719 : INFO : ConfigProcessor : Loading config: C:\Users\carr-\Documents\development\diehard-mpf\modes\attract\config\attract.yaml
2025-05-17 20:11:06,720 : INFO : ConfigProcessor : Config file cache created: C:\Users\carr-\AppData\Local\Temp\2f9bbeccf93c71693a410725897ab70d.mpf_cache
2025-05-17 20:11:06,720 : INFO : ConfigProcessor : Loading config from cache: C:\Users\carr-\AppData\Local\Temp\71986c9cb54d44e1ee87b7d4d0f68024.mpf_cache
2025-05-17 20:11:06,721 : WARNING : ConfigProcessor : Config file in cache changed: C:\Users\carr-\Documents\development\diehard-mpf\modes\base\config\base.yaml
2025-05-17 20:11:06,721 : INFO : ConfigProcessor : Loading config from file C:\Users\carr-\Documents\development\diehard-mpf\modes\base\config\base.yaml.
2025-05-17 20:11:06,730 : INFO : ConfigProcessor : Loading config: C:\Users\carr-\Documents\development\diehard-mpf\modes\base\config\base.yaml
2025-05-17 20:11:06,731 : INFO : ConfigProcessor : Config file cache created: C:\Users\carr-\AppData\Local\Temp\460998002e273cec26232c9157d92984.mpf_cache
2025-05-17 20:11:06,732 : WARNING : ConfigProcessor : Config file in cache changed: C:\Users\carr-\Documents\development\diehard-mpf\modes\score\config\score.yaml
2025-05-17 20:11:06,732 : INFO : ConfigProcessor : Loading config from file C:\Users\carr-\Documents\development\diehard-mpf\modes\score\config\score.yaml.
2025-05-17 20:11:06,741 : INFO : ConfigProcessor : Loading config: C:\Users\carr-\Documents\development\diehard-mpf\modes\score\config\score.yaml
2025-05-17 20:11:06,741 : INFO : ConfigProcessor : Config file cache created: C:\Users\carr-\AppData\Local\Temp\668dbdbfcbfe997663fcbdfe0871c0b4.mpf_cache
2025-05-17 20:11:06,742 : INFO : ConfigProcessor : Loading config from cache: C:\Users\carr-\AppData\Local\Temp\5bdb9da15c9005c4036d70c7ddf4c03f.mpf_cache
2025-05-17 20:11:06,743 : INFO : ConfigProcessor : Loading config from cache: C:\Users\carr-\AppData\Local\Temp\4ef2cae97e908c683695ed521c4a6650.mpf_cache
2025-05-17 20:11:06,743 : INFO : ConfigProcessor : Loading config from cache: C:\Users\carr-\AppData\Local\Temp\3675271a3c90b9f1f0f947db698ba341.mpf_cache
2025-05-17 20:11:06,743 : INFO : Machine : Mission Pinball Framework Core Engine v0.80.0.dev6
2025-05-17 20:11:06,743 : INFO : Machine : Command line arguments: {'no_load_cache': False, 'create_config_cache': True, 'bcp': False, 'configfile': ['config.yaml'], 'force_assets_load': False, 'platform_integration_test': False, 'jsonlogging': False, 'logfile': 'logs\\2025-05-17-20-11-06-mpf-LAPTOP-99TN7EPH.log', 'pause': False, 'production': False, 'text_ui': False, 'loglevel': 15, 'consoleloglevel': 10, 'force_platform': 'smart_virtual', 'syslog_address': None, 'full_logfile_path': 'C:\\Users\\carr-\\Documents\\development\\diehard-mpf\\logs\\2025-05-17-20-11-06-mpf-LAPTOP-99TN7EPH.log'}
2025-05-17 20:11:06,743 : INFO : Machine : MPF path: C:\Users\carr-\Documents\development\mpf080\mpf
2025-05-17 20:11:06,743 : INFO : Machine : Machine path: C:\Users\carr-\Documents\development\diehard-mpf
2025-05-17 20:11:06,743 : INFO : Machine : Platform: win32
2025-05-17 20:11:06,743 : INFO : Machine : Python executable location: C:\Users\carr-\Documents\development\mpf080\mpfenv\Scripts\python.exe
2025-05-17 20:11:06,743 : INFO : Machine : Python version: 3.9.13 (64-bit)
2025-05-17 20:11:06,743 : INFO : Machine : Initializing MPF...
2025-05-17 20:11:06,825 : INFO : EventManager : Event: ======'machine_var_credits_string'====== Args={'value': 'FREE PLAY', 'prev_value': None, 'change': True}
2025-05-17 20:11:06,852 : INFO : EventManager : Event: ======'machine_var_fast_audio_headphones_volume'====== Args={'value': 10, 'prev_value': None, 'change': True}
2025-05-17 20:11:06,852 : INFO : EventManager : Event: ======'machine_var_fast_audio_main_volume'====== Args={'value': 60, 'prev_value': None, 'change': True}
2025-05-17 20:11:06,852 : INFO : EventManager : Event: ======'machine_var_master_volume'====== Args={'value': 0.5, 'prev_value': None, 'change': True}
2025-05-17 20:11:06,852 : INFO : EventManager : Event: ======'machine_var_player1_score'====== Args={'value': 0, 'prev_value': None, 'change': True}
2025-05-17 20:11:06,852 : INFO : EventManager : Event: ======'machine_var_var_which_attract'====== Args={'value': 0, 'prev_value': None, 'change': True}
2025-05-17 20:11:06,852 : INFO : EventManager : Event: ======'machine_var_mpf_version'====== Args={'value': 'Mission Pinball Framework v0.80.0.dev6', 'prev_value': None, 'change': True}
2025-05-17 20:11:06,852 : INFO : EventManager : Event: ======'machine_var_mpf_extended_version'====== Args={'value': 'Mission Pinball Framework v0.80.0.dev6, Config version:6, Show version: 6, BCP version:1.1', 'prev_value': None, 'change': True}
2025-05-17 20:11:06,855 : INFO : EventManager : Event: ======'machine_var_python_version'====== Args={'value': '3.9.13', 'prev_value': None, 'change': True}
2025-05-17 20:11:06,883 : INFO : EventManager : Event: ======'machine_var_platform'====== Args={'value': 'Windows-10-10.0.26100-SP0', 'prev_value': None, 'change': True}
2025-05-17 20:11:06,883 : INFO : EventManager : Event: ======'machine_var_platform_system'====== Args={'value': 'Windows', 'prev_value': None, 'change': True}
2025-05-17 20:11:06,883 : INFO : EventManager : Event: ======'machine_var_platform_release'====== Args={'value': '10', 'prev_value': None, 'change': True}
2025-05-17 20:11:06,883 : INFO : EventManager : Event: ======'machine_var_platform_version'====== Args={'value': '10.0.26100', 'prev_value': None, 'change': True}
2025-05-17 20:11:06,883 : INFO : EventManager : Event: ======'machine_var_platform_machine'====== Args={'value': 'AMD64', 'prev_value': None, 'change': True}
2025-05-17 20:11:06,883 : INFO : EventManager : Event: ======'machine_var_log_file_path'====== Args={'value': 'C:\\Users\\carr-\\Documents\\development\\diehard-mpf\\logs\\2025-05-17-20-11-06-mpf-LAPTOP-99TN7EPH.log', 'prev_value': None, 'change': True}
2025-05-17 20:11:06,883 : INFO : EventManager : Event: ======'init_phase_1'====== Args={}
2025-05-17 20:11:06,933 : INFO : EventManager : Event: ======'drop_target_bank_bank_up'====== Args={}
2025-05-17 20:11:06,934 : INFO : EventManager : Event: ======'init_phase_2'====== Args={}
2025-05-17 20:11:06,934 : INFO : SwitchController : Found active switch: ('d-8', <Platform.SmartVirtual>) <switch.s_trough1>
2025-05-17 20:11:06,934 : INFO : SwitchController : Found active switch: ('d-9', <Platform.SmartVirtual>) <switch.s_trough2>
2025-05-17 20:11:06,934 : INFO : SwitchController : Found active switch: ('d-10', <Platform.SmartVirtual>) <switch.s_trough3>
2025-05-17 20:11:06,934 : INFO : SwitchController : Found active switch: ('d-11', <Platform.SmartVirtual>) <switch.s_trough4>
2025-05-17 20:11:06,934 : INFO : SwitchController : Found active switch: ('d-12', <Platform.SmartVirtual>) <switch.s_trough5>
2025-05-17 20:11:06,934 : INFO : SwitchController : Found active switch: ('d-13', <Platform.SmartVirtual>) <switch.s_trough6>
2025-05-17 20:11:06,934 : INFO : ball_device.bd_trough : BCH: Initial count: 6
2025-05-17 20:11:06,934 : INFO : ball_device.bd_trough : State: idle
2025-05-17 20:11:06,934 : INFO : ball_device.bd_plunger : BCH: Initial count: 0
2025-05-17 20:11:06,934 : INFO : ball_device.bd_plunger : State: idle
2025-05-17 20:11:06,934 : INFO : ball_device.bd_scoop : BCH: Initial count: 0
2025-05-17 20:11:06,934 : INFO : ball_device.bd_scoop : State: idle
2025-05-17 20:11:06,934 : INFO : ball_device.bd_scoop1 : BCH: Initial count: 0
2025-05-17 20:11:06,934 : INFO : ball_device.bd_scoop1 : State: idle
2025-05-17 20:11:06,934 : INFO : ball_device.bd_scoop2 : BCH: Initial count: 0
2025-05-17 20:11:06,934 : INFO : ball_device.bd_scoop2 : State: idle
2025-05-17 20:11:06,934 : INFO : ball_device.bd_scoop3 : BCH: Initial count: 0
2025-05-17 20:11:06,934 : INFO : ball_device.bd_scoop3 : State: idle
2025-05-17 20:11:06,934 : INFO : ball_device.bd_scoop4 : BCH: Initial count: 0
2025-05-17 20:11:06,934 : INFO : ball_device.bd_scoop4 : State: idle
2025-05-17 20:11:06,963 : INFO : EventManager : Event: ======'init_phase_3'====== Args={}
2025-05-17 20:11:06,964 : INFO : EventManager : Event: ======'init_phase_4'====== Args={}
2025-05-17 20:11:06,966 : INFO : BallController : Initial balls found: 6
2025-05-17 20:11:06,968 : INFO : EventManager : Event: ======'machine_var_audits_events_game_ended'====== Args={'value': 8, 'prev_value': None, 'change': True}
2025-05-17 20:11:06,968 : INFO : EventManager : Event: ======'machine_var_audits_events_game_started'====== Args={'value': 41, 'prev_value': None, 'change': True}
2025-05-17 20:11:06,968 : INFO : EventManager : Event: ======'machine_var_audits_missing_switches_s_AirDuctEnter001'====== Args={'value': 3, 'prev_value': None, 'change': True}
2025-05-17 20:11:06,968 : INFO : EventManager : Event: ======'machine_var_audits_missing_switches_s_airplane'====== Args={'value': 3, 'prev_value': None, 'change': True}
2025-05-17 20:11:06,968 : INFO : EventManager : Event: ======'machine_var_audits_missing_switches_s_bottom_left_inner_drain'====== Args={'value': 3, 'prev_value': None, 'change': True}
2025-05-17 20:11:06,968 : INFO : EventManager : Event: ======'machine_var_audits_missing_switches_s_bottom_left_outer_drain'====== Args={'value': 3, 'prev_value': None, 'change': True}
2025-05-17 20:11:06,968 : INFO : EventManager : Event: ======'machine_var_audits_missing_switches_s_bottom_right_inner_drain'====== Args={'value': 3, 'prev_value': None, 'change': True}
2025-05-17 20:11:06,968 : INFO : EventManager : Event: ======'machine_var_audits_missing_switches_s_bottom_right_outer_drain'====== Args={'value': 3, 'prev_value': None, 'change': True}
2025-05-17 20:11:06,968 : INFO : EventManager : Event: ======'machine_var_audits_missing_switches_s_bottom_right_vuk'====== Args={'value': 3, 'prev_value': None, 'change': True}
2025-05-17 20:11:06,968 : INFO : EventManager : Event: ======'machine_var_audits_missing_switches_s_door'====== Args={'value': 3, 'prev_value': None, 'change': True}
2025-05-17 20:11:06,968 : INFO : EventManager : Event: ======'machine_var_audits_missing_switches_s_door_tilt'====== Args={'value': 3, 'prev_value': None, 'change': True}
2025-05-17 20:11:06,968 : INFO : EventManager : Event: ======'machine_var_audits_missing_switches_s_drop_target_1'====== Args={'value': 3, 'prev_value': None, 'change': True}
2025-05-17 20:11:06,968 : INFO : EventManager : Event: ======'machine_var_audits_missing_switches_s_drop_target_2'====== Args={'value': 3, 'prev_value': None, 'change': True}
2025-05-17 20:11:06,968 : INFO : EventManager : Event: ======'machine_var_audits_missing_switches_s_drop_target_3'====== Args={'value': 3, 'prev_value': None, 'change': True}
2025-05-17 20:11:06,968 : INFO : EventManager : Event: ======'machine_var_audits_missing_switches_s_enter'====== Args={'value': 41, 'prev_value': None, 'change': True}
2025-05-17 20:11:06,968 : INFO : EventManager : Event: ======'machine_var_audits_missing_switches_s_escape'====== Args={'value': 41, 'prev_value': None, 'change': True}
2025-05-17 20:11:06,968 : INFO : EventManager : Event: ======'machine_var_audits_missing_switches_s_fire'====== Args={'value': 3, 'prev_value': None, 'change': True}
2025-05-17 20:11:06,968 : INFO : EventManager : Event: ======'machine_var_audits_missing_switches_s_highvuk'====== Args={'value': 3, 'prev_value': None, 'change': True}
2025-05-17 20:11:06,968 : INFO : EventManager : Event: ======'machine_var_audits_missing_switches_s_holly_h'====== Args={'value': 41, 'prev_value': None, 'change': True}
2025-05-17 20:11:06,968 : INFO : EventManager : Event: ======'machine_var_audits_missing_switches_s_holly_l'====== Args={'value': 3, 'prev_value': None, 'change': True}
2025-05-17 20:11:06,968 : INFO : EventManager : Event: ======'machine_var_audits_missing_switches_s_holly_l_1'====== Args={'value': 3, 'prev_value': None, 'change': True}
2025-05-17 20:11:06,968 : INFO : EventManager : Event: ======'machine_var_audits_missing_switches_s_holly_o'====== Args={'value': 3, 'prev_value': None, 'change': True}
2025-05-17 20:11:06,968 : INFO : EventManager : Event: ======'machine_var_audits_missing_switches_s_holly_y'====== Args={'value': 3, 'prev_value': None, 'change': True}
2025-05-17 20:11:06,968 : INFO : EventManager : Event: ======'machine_var_audits_missing_switches_s_left spinner'====== Args={'value': 3, 'prev_value': None, 'change': True}
2025-05-17 20:11:06,968 : INFO : EventManager : Event: ======'machine_var_audits_missing_switches_s_left_coin'====== Args={'value': 41, 'prev_value': None, 'change': True}
2025-05-17 20:11:06,968 : INFO : EventManager : Event: ======'machine_var_audits_missing_switches_s_left_flipper'====== Args={'value': 3, 'prev_value': None, 'change': True}
2025-05-17 20:11:06,969 : INFO : EventManager : Event: ======'machine_var_audits_missing_switches_s_left_flipper_eos'====== Args={'value': 3, 'prev_value': None, 'change': True}
2025-05-17 20:11:06,969 : INFO : EventManager : Event: ======'machine_var_audits_missing_switches_s_left_inlane'====== Args={'value': 24, 'prev_value': None, 'change': True}
2025-05-17 20:11:06,969 : INFO : EventManager : Event: ======'machine_var_audits_missing_switches_s_left_magna'====== Args={'value': 3, 'prev_value': None, 'change': True}
2025-05-17 20:11:06,969 : INFO : EventManager : Event: ======'machine_var_audits_missing_switches_s_left_orbit'====== Args={'value': 3, 'prev_value': None, 'change': True}
2025-05-17 20:11:06,969 : INFO : EventManager : Event: ======'machine_var_audits_missing_switches_s_left_outlane'====== Args={'value': 24, 'prev_value': None, 'change': True}
2025-05-17 20:11:06,969 : INFO : EventManager : Event: ======'machine_var_audits_missing_switches_s_left_top_target'====== Args={'value': 3, 'prev_value': None, 'change': True}
2025-05-17 20:11:06,969 : INFO : EventManager : Event: ======'machine_var_audits_missing_switches_s_middle_top_target'====== Args={'value': 3, 'prev_value': None, 'change': True}
2025-05-17 20:11:06,969 : INFO : EventManager : Event: ======'machine_var_audits_missing_switches_s_minus'====== Args={'value': 41, 'prev_value': None, 'change': True}
2025-05-17 20:11:06,969 : INFO : EventManager : Event: ======'machine_var_audits_missing_switches_s_nakatomi'====== Args={'value': 3, 'prev_value': None, 'change': True}
2025-05-17 20:11:06,969 : INFO : EventManager : Event: ======'machine_var_audits_missing_switches_s_plus'====== Args={'value': 41, 'prev_value': None, 'change': True}
2025-05-17 20:11:06,969 : INFO : EventManager : Event: ======'machine_var_audits_missing_switches_s_popbumper_left'====== Args={'value': 3, 'prev_value': None, 'change': True}
2025-05-17 20:11:06,969 : INFO : EventManager : Event: ======'machine_var_audits_missing_switches_s_popbumper_right'====== Args={'value': 3, 'prev_value': None, 'change': True}
2025-05-17 20:11:06,969 : INFO : EventManager : Event: ======'machine_var_audits_missing_switches_s_right spinner'====== Args={'value': 3, 'prev_value': None, 'change': True}
2025-05-17 20:11:06,969 : INFO : EventManager : Event: ======'machine_var_audits_missing_switches_s_right_coin'====== Args={'value': 41, 'prev_value': None, 'change': True}
2025-05-17 20:11:06,969 : INFO : EventManager : Event: ======'machine_var_audits_missing_switches_s_right_flipper'====== Args={'value': 3, 'prev_value': None, 'change': True}
2025-05-17 20:11:06,969 : INFO : EventManager : Event: ======'machine_var_audits_missing_switches_s_right_flipper_eos'====== Args={'value': 3, 'prev_value': None, 'change': True}
2025-05-17 20:11:06,969 : INFO : EventManager : Event: ======'machine_var_audits_missing_switches_s_right_inlane'====== Args={'value': 24, 'prev_value': None, 'change': True}
2025-05-17 20:11:06,969 : INFO : EventManager : Event: ======'machine_var_audits_missing_switches_s_right_magna'====== Args={'value': 3, 'prev_value': None, 'change': True}
2025-05-17 20:11:06,969 : INFO : EventManager : Event: ======'machine_var_audits_missing_switches_s_right_orbit'====== Args={'value': 3, 'prev_value': None, 'change': True}
2025-05-17 20:11:06,969 : INFO : EventManager : Event: ======'machine_var_audits_missing_switches_s_right_outlane'====== Args={'value': 24, 'prev_value': None, 'change': True}
2025-05-17 20:11:06,969 : INFO : EventManager : Event: ======'machine_var_audits_missing_switches_s_right_top_target'====== Args={'value': 3, 'prev_value': None, 'change': True}
2025-05-17 20:11:06,969 : INFO : EventManager : Event: ======'machine_var_audits_missing_switches_s_safe_vuk'====== Args={'value': 3, 'prev_value': None, 'change': True}
2025-05-17 20:11:06,969 : INFO : EventManager : Event: ======'machine_var_audits_missing_switches_s_start'====== Args={'value': 2, 'prev_value': None, 'change': True}
2025-05-17 20:11:06,969 : INFO : EventManager : Event: ======'machine_var_audits_missing_switches_s_target_2'====== Args={'value': 24, 'prev_value': None, 'change': True}
2025-05-17 20:11:06,969 : INFO : EventManager : Event: ======'machine_var_audits_missing_switches_s_target_3'====== Args={'value': 24, 'prev_value': None, 'change': True}
2025-05-17 20:11:06,969 : INFO : EventManager : Event: ======'machine_var_audits_missing_switches_s_tilt_bob'====== Args={'value': 41, 'prev_value': None, 'change': True}
2025-05-17 20:11:06,969 : INFO : EventManager : Event: ======'machine_var_audits_missing_switches_s_top_flipper_eos'====== Args={'value': 3, 'prev_value': None, 'change': True}
2025-05-17 20:11:06,969 : INFO : EventManager : Event: ======'machine_var_audits_missing_switches_s_top_flipper_hold'====== Args={'value': 24, 'prev_value': None, 'change': True}
2025-05-17 20:11:06,969 : INFO : EventManager : Event: ======'machine_var_audits_missing_switches_s_trough6'====== Args={'value': 3, 'prev_value': None, 'change': True}
2025-05-17 20:11:06,969 : INFO : EventManager : Event: ======'machine_var_audits_missing_switches_s_trough_jam'====== Args={'value': 3, 'prev_value': None, 'change': True}
2025-05-17 20:11:06,969 : INFO : EventManager : Event: ======'machine_var_audits_missing_switches_s_tunel_vuk'====== Args={'value': 3, 'prev_value': None, 'change': True}
2025-05-17 20:11:06,969 : INFO : EventManager : Event: ======'machine_var_audits_player_score'====== Args={'value': {'average': 0, 'top': [0, 0, 0, 0, 0, 0, 0, 0, 0], 'total': 9}, 'prev_value': None, 'change': True}
2025-05-17 20:11:06,969 : INFO : EventManager : Event: ======'machine_var_audits_shots_left_sling'====== Args={'value': 6, 'prev_value': None, 'change': True}
2025-05-17 20:11:06,969 : INFO : EventManager : Event: ======'machine_var_audits_shots_right_sling'====== Args={'value': 5, 'prev_value': None, 'change': True}
2025-05-17 20:11:06,969 : INFO : EventManager : Event: ======'machine_var_audits_switches_s_AirDuctEnter001'====== Args={'value': 3, 'prev_value': None, 'change': True}
2025-05-17 20:11:06,969 : INFO : EventManager : Event: ======'machine_var_audits_switches_s_airplane'====== Args={'value': 14, 'prev_value': None, 'change': True}
2025-05-17 20:11:06,970 : INFO : EventManager : Event: ======'machine_var_audits_switches_s_bottom_left_inner_drain'====== Args={'value': 51, 'prev_value': None, 'change': True}
2025-05-17 20:11:06,970 : INFO : EventManager : Event: ======'machine_var_audits_switches_s_bottom_left_outer_drain'====== Args={'value': 47, 'prev_value': None, 'change': True}
2025-05-17 20:11:06,970 : INFO : EventManager : Event: ======'machine_var_audits_switches_s_bottom_right_inner_drain'====== Args={'value': 92, 'prev_value': None, 'change': True}
2025-05-17 20:11:06,970 : INFO : EventManager : Event: ======'machine_var_audits_switches_s_bottom_right_outer_drain'====== Args={'value': 255, 'prev_value': None, 'change': True}
2025-05-17 20:11:06,970 : INFO : EventManager : Event: ======'machine_var_audits_switches_s_bottom_right_vuk'====== Args={'value': 1319, 'prev_value': None, 'change': True}
2025-05-17 20:11:06,970 : INFO : EventManager : Event: ======'machine_var_audits_switches_s_door'====== Args={'value': 28, 'prev_value': None, 'change': True}
2025-05-17 20:11:06,970 : INFO : EventManager : Event: ======'machine_var_audits_switches_s_door_tilt'====== Args={'value': 58, 'prev_value': None, 'change': True}
2025-05-17 20:11:06,970 : INFO : EventManager : Event: ======'machine_var_audits_switches_s_drop_target_1'====== Args={'value': 36, 'prev_value': None, 'change': True}
2025-05-17 20:11:06,970 : INFO : EventManager : Event: ======'machine_var_audits_switches_s_drop_target_2'====== Args={'value': 34, 'prev_value': None, 'change': True}
2025-05-17 20:11:06,970 : INFO : EventManager : Event: ======'machine_var_audits_switches_s_drop_target_3'====== Args={'value': 46, 'prev_value': None, 'change': True}
2025-05-17 20:11:06,970 : INFO : EventManager : Event: ======'machine_var_audits_switches_s_enter'====== Args={'value': 0, 'prev_value': None, 'change': True}
2025-05-17 20:11:06,970 : INFO : EventManager : Event: ======'machine_var_audits_switches_s_escape'====== Args={'value': 0, 'prev_value': None, 'change': True}
2025-05-17 20:11:06,970 : INFO : EventManager : Event: ======'machine_var_audits_switches_s_fire'====== Args={'value': 59, 'prev_value': None, 'change': True}
2025-05-17 20:11:06,970 : INFO : EventManager : Event: ======'machine_var_audits_switches_s_highvuk'====== Args={'value': 27, 'prev_value': None, 'change': True}
2025-05-17 20:11:06,970 : INFO : EventManager : Event: ======'machine_var_audits_switches_s_holly_h'====== Args={'value': 0, 'prev_value': None, 'change': True}
2025-05-17 20:11:06,970 : INFO : EventManager : Event: ======'machine_var_audits_switches_s_holly_l'====== Args={'value': 57, 'prev_value': None, 'change': True}
2025-05-17 20:11:06,970 : INFO : EventManager : Event: ======'machine_var_audits_switches_s_holly_l_1'====== Args={'value': 64, 'prev_value': None, 'change': True}
2025-05-17 20:11:06,970 : INFO : EventManager : Event: ======'machine_var_audits_switches_s_holly_o'====== Args={'value': 57, 'prev_value': None, 'change': True}
2025-05-17 20:11:06,970 : INFO : EventManager : Event: ======'machine_var_audits_switches_s_holly_y'====== Args={'value': 22, 'prev_value': None, 'change': True}
2025-05-17 20:11:06,970 : INFO : EventManager : Event: ======'machine_var_audits_switches_s_left spinner'====== Args={'value': 506, 'prev_value': None, 'change': True}
2025-05-17 20:11:06,970 : INFO : EventManager : Event: ======'machine_var_audits_switches_s_left_coin'====== Args={'value': 0, 'prev_value': None, 'change': True}
2025-05-17 20:11:06,970 : INFO : EventManager : Event: ======'machine_var_audits_switches_s_left_flipper'====== Args={'value': 590, 'prev_value': None, 'change': True}
2025-05-17 20:11:06,970 : INFO : EventManager : Event: ======'machine_var_audits_switches_s_left_flipper_eos'====== Args={'value': 557, 'prev_value': None, 'change': True}
2025-05-17 20:11:06,970 : INFO : EventManager : Event: ======'machine_var_audits_switches_s_left_inlane'====== Args={'value': 0, 'prev_value': None, 'change': True}
2025-05-17 20:11:06,970 : INFO : EventManager : Event: ======'machine_var_audits_switches_s_left_magna'====== Args={'value': 141, 'prev_value': None, 'change': True}
2025-05-17 20:11:06,970 : INFO : EventManager : Event: ======'machine_var_audits_switches_s_left_orbit'====== Args={'value': 110, 'prev_value': None, 'change': True}
2025-05-17 20:11:06,970 : INFO : EventManager : Event: ======'machine_var_audits_switches_s_left_outlane'====== Args={'value': 0, 'prev_value': None, 'change': True}
2025-05-17 20:11:06,970 : INFO : EventManager : Event: ======'machine_var_audits_switches_s_left_sling'====== Args={'value': 189, 'prev_value': None, 'change': True}
2025-05-17 20:11:06,970 : INFO : EventManager : Event: ======'machine_var_audits_switches_s_left_top_target'====== Args={'value': 26, 'prev_value': None, 'change': True}
2025-05-17 20:11:06,970 : INFO : EventManager : Event: ======'machine_var_audits_switches_s_middle_top_target'====== Args={'value': 20, 'prev_value': None, 'change': True}
2025-05-17 20:11:06,970 : INFO : EventManager : Event: ======'machine_var_audits_switches_s_minus'====== Args={'value': 0, 'prev_value': None, 'change': True}
2025-05-17 20:11:06,970 : INFO : EventManager : Event: ======'machine_var_audits_switches_s_nakatomi'====== Args={'value': 105, 'prev_value': None, 'change': True}
2025-05-17 20:11:06,970 : INFO : EventManager : Event: ======'machine_var_audits_switches_s_plunger_lane'====== Args={'value': 67, 'prev_value': None, 'change': True}
2025-05-17 20:11:06,970 : INFO : EventManager : Event: ======'machine_var_audits_switches_s_plus'====== Args={'value': 0, 'prev_value': None, 'change': True}
2025-05-17 20:11:06,970 : INFO : EventManager : Event: ======'machine_var_audits_switches_s_popbumper_left'====== Args={'value': 108, 'prev_value': None, 'change': True}
2025-05-17 20:11:06,970 : INFO : EventManager : Event: ======'machine_var_audits_switches_s_popbumper_right'====== Args={'value': 129, 'prev_value': None, 'change': True}
2025-05-17 20:11:06,970 : INFO : EventManager : Event: ======'machine_var_audits_switches_s_right spinner'====== Args={'value': 57, 'prev_value': None, 'change': True}
2025-05-17 20:11:06,970 : INFO : EventManager : Event: ======'machine_var_audits_switches_s_right_coin'====== Args={'value': 0, 'prev_value': None, 'change': True}
2025-05-17 20:11:06,970 : INFO : EventManager : Event: ======'machine_var_audits_switches_s_right_flipper'====== Args={'value': 608, 'prev_value': None, 'change': True}
2025-05-17 20:11:06,971 : INFO : EventManager : Event: ======'machine_var_audits_switches_s_right_flipper_eos'====== Args={'value': 572, 'prev_value': None, 'change': True}
2025-05-17 20:11:06,971 : INFO : EventManager : Event: ======'machine_var_audits_switches_s_right_inlane'====== Args={'value': 0, 'prev_value': None, 'change': True}
2025-05-17 20:11:06,971 : INFO : EventManager : Event: ======'machine_var_audits_switches_s_right_magna'====== Args={'value': 153, 'prev_value': None, 'change': True}
2025-05-17 20:11:06,971 : INFO : EventManager : Event: ======'machine_var_audits_switches_s_right_orbit'====== Args={'value': 114, 'prev_value': None, 'change': True}
2025-05-17 20:11:06,971 : INFO : EventManager : Event: ======'machine_var_audits_switches_s_right_outlane'====== Args={'value': 0, 'prev_value': None, 'change': True}
2025-05-17 20:11:06,971 : INFO : EventManager : Event: ======'machine_var_audits_switches_s_right_sling'====== Args={'value': 163, 'prev_value': None, 'change': True}
2025-05-17 20:11:06,971 : INFO : EventManager : Event: ======'machine_var_audits_switches_s_right_top_target'====== Args={'value': 15, 'prev_value': None, 'change': True}
2025-05-17 20:11:06,971 : INFO : EventManager : Event: ======'machine_var_audits_switches_s_safe_vuk'====== Args={'value': 59, 'prev_value': None, 'change': True}
2025-05-17 20:11:06,971 : INFO : EventManager : Event: ======'machine_var_audits_switches_s_start'====== Args={'value': 32, 'prev_value': None, 'change': True}
2025-05-17 20:11:06,971 : INFO : EventManager : Event: ======'machine_var_audits_switches_s_target_2'====== Args={'value': 0, 'prev_value': None, 'change': True}
2025-05-17 20:11:06,971 : INFO : EventManager : Event: ======'machine_var_audits_switches_s_target_3'====== Args={'value': 0, 'prev_value': None, 'change': True}
2025-05-17 20:11:06,971 : INFO : EventManager : Event: ======'machine_var_audits_switches_s_tilt_bob'====== Args={'value': 0, 'prev_value': None, 'change': True}
2025-05-17 20:11:06,971 : INFO : EventManager : Event: ======'machine_var_audits_switches_s_top_flipper_eos'====== Args={'value': 559, 'prev_value': None, 'change': True}
2025-05-17 20:11:06,971 : INFO : EventManager : Event: ======'machine_var_audits_switches_s_top_flipper_hold'====== Args={'value': 0, 'prev_value': None, 'change': True}
2025-05-17 20:11:06,971 : INFO : EventManager : Event: ======'machine_var_audits_switches_s_trough1'====== Args={'value': 91, 'prev_value': None, 'change': True}
2025-05-17 20:11:06,971 : INFO : EventManager : Event: ======'machine_var_audits_switches_s_trough2'====== Args={'value': 56, 'prev_value': None, 'change': True}
2025-05-17 20:11:06,971 : INFO : EventManager : Event: ======'machine_var_audits_switches_s_trough3'====== Args={'value': 54, 'prev_value': None, 'change': True}
2025-05-17 20:11:06,971 : INFO : EventManager : Event: ======'machine_var_audits_switches_s_trough4'====== Args={'value': 54, 'prev_value': None, 'change': True}
2025-05-17 20:11:06,971 : INFO : EventManager : Event: ======'machine_var_audits_switches_s_trough5'====== Args={'value': 44, 'prev_value': None, 'change': True}
2025-05-17 20:11:06,971 : INFO : EventManager : Event: ======'machine_var_audits_switches_s_trough6'====== Args={'value': 43, 'prev_value': None, 'change': True}
2025-05-17 20:11:06,971 : INFO : EventManager : Event: ======'machine_var_audits_switches_s_trough_jam'====== Args={'value': 66, 'prev_value': None, 'change': True}
2025-05-17 20:11:06,971 : INFO : EventManager : Event: ======'machine_var_audits_switches_s_tunel_vuk'====== Args={'value': 114, 'prev_value': None, 'change': True}
2025-05-17 20:11:06,971 : INFO : EventManager : Event: ======'machine_var_audits_switches_swPlunger'====== Args={'value': 16, 'prev_value': None, 'change': True}
2025-05-17 20:11:06,971 : INFO : EventManager : Event: ======'init_phase_5'====== Args={}
2025-05-17 20:11:06,972 : INFO : EventManager : Event: ======'init_done'====== Args={}
2025-05-17 20:11:06,972 : INFO : EventManager : Event: ======'machine_reset_phase_1'====== Args={}
2025-05-17 20:11:06,972 : INFO : EventManager : Event: ======'machine_reset_phase_2'====== Args={}
2025-05-17 20:11:06,972 : INFO : EventManager : Event: ======'machine_reset_phase_3'====== Args={}
2025-05-17 20:11:06,972 : INFO : drop_target_bank.bank : All targets are already up. Will not reset bank.
2025-05-17 20:11:06,972 : INFO : EventManager : Event: ======'reset_complete'====== Args={}
2025-05-17 20:11:06,972 : INFO : EventManager : Event: ======'mode_attract_will_start'====== Args={}
2025-05-17 20:11:06,973 : INFO : EventManager : Event: ======'mode_attract_starting'====== Args={}
2025-05-17 20:11:06,973 : INFO : Mode.attract : Started. Priority: 10
2025-05-17 20:11:06,973 : INFO : EventManager : Event: ======'modes_active_modes_changed'====== Args={}
2025-05-17 20:11:06,973 : INFO : EventManager : Event: ======'mode_attract_started'====== Args={}
2025-05-17 20:11:06,974 : INFO : EventManager : Event: ======'collecting_balls_complete'====== Args={}
2025-05-17 20:11:06,974 : INFO : Machine : Starting the main run loop with active modes: [<Mode.attract>]
2025-05-17 20:11:07,298 : INFO : BcpServer : New client connected.
2025-05-17 20:11:13,010 : INFO : BcpServer : New client connected.
2025-05-17 20:11:13,014 : INFO : EventManager : Unordered handler for class <BCP Interface> on event modes_active_modes_changed with priority 1. Handlers: [RegisteredHandler(callback=<bound method BcpInterface._send_mode_list of <BCP Interface>>, priority=1, kwargs={}, key=UUID('ff08464e-197a-4b11-8ab2-63befffbb79f'), condition=None, blocking_facility=None), RegisteredHandler(callback=<bound method BcpInterface._send_mode_list of <BCP Interface>>, priority=1, kwargs={}, key=UUID('736a7edb-9d55-48dd-bba3-622f44ac129d'), condition=None, blocking_facility=None)]. The order of those handlers is not defined and they will be executed in random order. This might lead to race conditions and potential bugs.
2025-05-17 20:11:19,264 : INFO : SwitchController : <<<<<<< 's_start' active >>>>>>>
2025-05-17 20:11:19,336 : INFO : SwitchController : <<<<<<< 's_start' inactive >>>>>>>
2025-05-17 20:11:19,336 : INFO : EventManager : Event: ======'request_to_start_game'====== Args={}
2025-05-17 20:11:19,337 : INFO : EventManager : Event: ======'game_start'====== Args={'buttons': [], 'hold_time': 0.07800000000133878}
2025-05-17 20:11:19,337 : INFO : EventManager : Event: ======'mode_game_will_start'====== Args={'buttons': [], 'hold_time': 0.07800000000133878}
2025-05-17 20:11:19,337 : INFO : EventManager : Event: ======'mode_game_starting'====== Args={'buttons': [], 'hold_time': 0.07800000000133878}
2025-05-17 20:11:19,337 : INFO : EventManager : Event: ======'mode_attract_will_stop'====== Args={}
2025-05-17 20:11:19,337 : INFO : EventManager : Event: ======'mode_attract_stopping'====== Args={}
2025-05-17 20:11:19,337 : INFO : Mode.attract : Stopped.
2025-05-17 20:11:19,337 : INFO : EventManager : Event: ======'modes_active_modes_changed'====== Args={}
2025-05-17 20:11:19,338 : INFO : EventManager : Event: ======'mode_attract_stopped'====== Args={}
2025-05-17 20:11:19,338 : INFO : EventManager : Event: ======'clear'====== Args={'key': 'attract'}
2025-05-17 20:11:19,338 : INFO : Mode.game : Started. Priority: 20
2025-05-17 20:11:19,338 : INFO : EventManager : Event: ======'modes_active_modes_changed'====== Args={}
2025-05-17 20:11:19,338 : INFO : EventManager : Event: ======'mode_game_started'====== Args={'buttons': [], 'hold_time': 0.07800000000133878}
2025-05-17 20:11:19,338 : INFO : EventManager : Event: ======'game_will_start'====== Args={}
2025-05-17 20:11:19,339 : INFO : EventManager : Event: ======'game_starting'====== Args={'game': <Mode.game>}
2025-05-17 20:11:19,339 : INFO : EventManager : Unordered handler for class <Auditor> on event game_ended with priority 1. Handlers: [RegisteredHandler(callback=<bound method Auditor.disable of <Auditor>>, priority=1, kwargs={}, key=UUID('856edaa6-b9a1-492c-9ff7-d84c5225c9eb'), condition=None, blocking_facility=None), RegisteredHandler(callback=<bound method Auditor._save_audits of <Auditor>>, priority=1, kwargs={}, key=UUID('20f7f734-b2e4-47ae-8082-d3ec99ed6576'), condition=None, blocking_facility=None)]. The order of those handlers is not defined and they will be executed in random order. This might lead to race conditions and potential bugs.
2025-05-17 20:11:19,339 : INFO : EventManager : Event: ======'player_add_request'====== Args={}
2025-05-17 20:11:19,339 : INFO : EventManager : Event: ======'player_will_add'====== Args={'number': 1}
2025-05-17 20:11:19,339 : INFO : EventManager : Event: ======'player_adding'====== Args={'player': <Player 1>, 'number': 1}
2025-05-17 20:11:19,339 : INFO : EventManager : Event: ======'player_added'====== Args={'player': <Player 1>, 'num': 1}
2025-05-17 20:11:19,340 : INFO : Mode.game : Player added successfully. Total players: 1
2025-05-17 20:11:19,340 : INFO : EventManager : Event: ======'player_index'====== Args={'value': 0, 'prev_value': 0, 'change': 0, 'player_num': 1}
2025-05-17 20:11:19,340 : INFO : EventManager : Event: ======'player_number'====== Args={'value': 1, 'prev_value': 1, 'change': 0, 'player_num': 1}
2025-05-17 20:11:19,340 : INFO : EventManager : Event: ======'player_score'====== Args={'value': 0, 'prev_value': 0, 'change': 0, 'player_num': 1}
2025-05-17 20:11:19,340 : INFO : EventManager : Event: ======'game_started'====== Args={}
2025-05-17 20:11:19,340 : INFO : EventManager : Event: ======'player_turn_will_start'====== Args={'player': <Player 1>, 'number': 1}
2025-05-17 20:11:19,341 : INFO : EventManager : Event: ======'player_turn_starting'====== Args={'player': <Player 1>, 'number': 1}
2025-05-17 20:11:19,341 : INFO : EventManager : Event: ======'player_ball'====== Args={'value': 1, 'prev_value': 0, 'change': 1, 'player_num': 1}
2025-05-17 20:11:19,341 : INFO : EventManager : Event: ======'player_turn_started'====== Args={'player': <Player 1>, 'number': 1}
2025-05-17 20:11:19,345 : INFO : EventManager : Event: ======'ball_will_start'====== Args={'player': 1, 'ball': 1, 'balls_remaining': 2, 'is_extra_ball': False}
2025-05-17 20:11:19,347 : INFO : EventManager : Event: ======'ball_starting'====== Args={'player': 1, 'ball': 1, 'balls_remaining': 2, 'is_extra_ball': False}
2025-05-17 20:11:19,347 : INFO : drop_target_bank.bank : All targets are already up. Will not reset bank.
2025-05-17 20:11:19,347 : INFO : EventManager : Event: ======'balls_in_play'====== Args={'balls': 1}
2025-05-17 20:11:19,347 : INFO : EventManager : Event: ======'ball_started'====== Args={'player': 1, 'ball': 1, 'balls_remaining': 2, 'is_extra_ball': False}
2025-05-17 20:11:19,347 : INFO : EventManager : Event: ======'mode_score_will_start'====== Args={'player': 1, 'ball': 1, 'balls_remaining': 2, 'is_extra_ball': False}
2025-05-17 20:11:19,348 : INFO : EventManager : Event: ======'mode_score_starting'====== Args={'player': 1, 'ball': 1, 'balls_remaining': 2, 'is_extra_ball': False}
2025-05-17 20:11:19,348 : INFO : EventManager : Event: ======'mode_base_will_start'====== Args={'player': 1, 'ball': 1, 'balls_remaining': 2, 'is_extra_ball': False}
2025-05-17 20:11:19,348 : INFO : EventManager : Event: ======'mode_base_starting'====== Args={'player': 1, 'ball': 1, 'balls_remaining': 2, 'is_extra_ball': False}
2025-05-17 20:11:19,349 : INFO : Mode.base : Started. Priority: 100
2025-05-17 20:11:19,349 : INFO : EventManager : Event: ======'modes_active_modes_changed'====== Args={}
2025-05-17 20:11:19,349 : INFO : EventManager : Event: ======'mode_base_started'====== Args={'player': 1, 'ball': 1, 'balls_remaining': 2, 'is_extra_ball': False}
2025-05-17 20:11:19,349 : INFO : Mode.score : Started. Priority: 110
2025-05-17 20:11:19,349 : INFO : EventManager : Event: ======'modes_active_modes_changed'====== Args={}
2025-05-17 20:11:19,349 : INFO : EventManager : Event: ======'mode_score_started'====== Args={'player': 1, 'ball': 1, 'balls_remaining': 2, 'is_extra_ball': False}
2025-05-17 20:11:19,350 : INFO : EventManager : Event: ======'single_player_ball_started'====== Args={}
2025-05-17 20:11:19,350 : INFO : EventManager : Event: ======'ball_start_target'====== Args={'target': 'playfield'}
2025-05-17 20:11:19,350 : INFO : ball_device.bd_plunger : Setting up player-controlled eject. Balls: 1, Target: <playfield.playfield>, player_controlled_eject_event: s_fire_active
2025-05-17 20:11:19,350 : INFO : EventManager : Event: ======'balldevice_balls_available'====== Args={}
2025-05-17 20:11:19,351 : INFO : ball_device.bd_trough : State: waiting_for_target_ready
2025-05-17 20:11:19,351 : INFO : EventManager : Event: ======'balldevice_bd_trough_ball_eject_attempt'====== Args={'balls': 1, 'target': <ball_device.bd_plunger>, 'source': <ball_device.bd_trough>, 'mechanical_eject': True, 'num_attempts': 0}
2025-05-17 20:11:19,351 : INFO : ball_device.bd_plunger : State: waiting_for_ball
2025-05-17 20:11:19,351 : INFO : ball_device.bd_trough : State: ejecting
2025-05-17 20:11:19,351 : INFO : ball_device.bd_trough : Ejecting ball to <ball_device.bd_plunger>
2025-05-17 20:11:19,351 : INFO : EventManager : Event: ======'balldevice_bd_trough_ejecting_ball'====== Args={'balls': 1, 'target': <ball_device.bd_plunger>, 'source': <ball_device.bd_trough>, 'mechanical_eject': True, 'num_attempts': 0}
2025-05-17 20:11:19,352 : INFO : ball_device.bd_trough : Wait for ball to leave device
2025-05-17 20:11:19,352 : INFO : coil.c_trough_eject : Pulsing Driver for 20ms (1.0 pulse_power)
2025-05-17 20:11:19,352 : INFO : SwitchController : <<<<<<< 's_trough1' inactive >>>>>>>
2025-05-17 20:11:19,353 : INFO : ball_device.bd_trough : State: ball_left
2025-05-17 20:11:19,353 : INFO : ball_device.bd_trough : Ball left
2025-05-17 20:11:19,353 : INFO : ball_device.bd_trough : Wait for confirm with timeout 10.0
2025-05-17 20:11:19,449 : INFO : SwitchController : <<<<<<< 's_plunger_lane' active >>>>>>>
2025-05-17 20:11:19,449 : INFO : EventManager : Event: ======'machine_var_audits_switches_s_plunger_lane'====== Args={'value': 68, 'prev_value': 67, 'change': 1}
2025-05-17 20:11:19,946 : INFO : ball_device.bd_plunger : Received ball from <ball_device.bd_trough>
2025-05-17 20:11:19,946 : INFO : EventManager : Event: ======'balldevice_bd_plunger_ball_enter'====== Args={'new_balls': 1, 'unclaimed_balls': 0, 'new_available_balls': 0, 'device': <ball_device.bd_plunger>}
2025-05-17 20:11:19,947 : INFO : EventManager : Event: ======'balldevice_bd_plunger_ball_entered'====== Args={'new_balls': 0, 'device': <ball_device.bd_plunger>}
2025-05-17 20:11:19,948 : INFO : EventManager : Event: ======'balldevice_bd_plunger_ball_count_changed'====== Args={'balls': 1}
2025-05-17 20:11:19,948 : INFO : ball_device.bd_trough : Got eject confirm
2025-05-17 20:11:19,948 : INFO : ball_device.bd_trough : Eject successful
2025-05-17 20:11:19,948 : INFO : EventManager : Event: ======'balldevice_bd_trough_ball_eject_success'====== Args={'balls': 1, 'target': <ball_device.bd_plunger>}
2025-05-17 20:11:19,948 : INFO : EventManager : Event: ======'balldevice_bd_trough_ball_count_changed'====== Args={'balls': 5}
2025-05-17 20:11:19,948 : INFO : ball_device.bd_trough : State: idle
2025-05-17 20:11:19,949 : INFO : ball_device.bd_plunger : State: waiting_for_target_ready
2025-05-17 20:11:19,949 : INFO : EventManager : Event: ======'balldevice_bd_plunger_ball_eject_attempt'====== Args={'balls': 1, 'target': <playfield.playfield>, 'source': <ball_device.bd_plunger>, 'mechanical_eject': True, 'num_attempts': 0}
2025-05-17 20:11:19,949 : INFO : ball_device.bd_plunger : State: ejecting
2025-05-17 20:11:19,949 : INFO : ball_device.bd_plunger : Ejecting ball to <playfield.playfield>
2025-05-17 20:11:19,949 : INFO : EventManager : Event: ======'balldevice_bd_plunger_ejecting_ball'====== Args={'balls': 1, 'target': <playfield.playfield>, 'source': <ball_device.bd_plunger>, 'mechanical_eject': True, 'num_attempts': 0}
2025-05-17 20:11:19,950 : INFO : ball_device.bd_plunger : Wait for ball to leave device
2025-05-17 20:11:21,237 : INFO : SwitchController : <<<<<<< 's_plunger_lane' inactive >>>>>>>
2025-05-17 20:11:21,238 : INFO : ball_device.bd_plunger : State: ball_left
2025-05-17 20:11:21,238 : INFO : ball_device.bd_plunger : Ball left
2025-05-17 20:11:21,238 : INFO : ball_device.bd_plunger : Wait for confirm with timeout 10.0
2025-05-17 20:11:22,245 : INFO : SwitchController : <<<<<<< 's_trough2' inactive >>>>>>>
2025-05-17 20:11:22,667 : INFO : SwitchController : <<<<<<< 's_trough1' active >>>>>>>
2025-05-17 20:11:22,668 : INFO : EventManager : Event: ======'machine_var_audits_switches_s_trough1'====== Args={'value': 92, 'prev_value': 91, 'change': 1}
2025-05-17 20:11:23,321 : INFO : SwitchController : <<<<<<< 's_trough3' inactive >>>>>>>
2025-05-17 20:11:23,602 : INFO : SwitchController : <<<<<<< 's_trough2' active >>>>>>>
2025-05-17 20:11:23,603 : INFO : EventManager : Event: ======'machine_var_audits_switches_s_trough2'====== Args={'value': 57, 'prev_value': 56, 'change': 1}
2025-05-17 20:11:24,221 : INFO : SwitchController : <<<<<<< 's_trough4' inactive >>>>>>>
2025-05-17 20:11:24,591 : INFO : SwitchController : <<<<<<< 's_trough3' active >>>>>>>
2025-05-17 20:11:24,591 : INFO : EventManager : Event: ======'machine_var_audits_switches_s_trough3'====== Args={'value': 55, 'prev_value': 54, 'change': 1}
2025-05-17 20:11:25,259 : INFO : SwitchController : <<<<<<< 's_trough5' inactive >>>>>>>
2025-05-17 20:11:25,772 : INFO : SwitchController : <<<<<<< 's_trough4' active >>>>>>>
2025-05-17 20:11:25,772 : INFO : EventManager : Event: ======'machine_var_audits_switches_s_trough4'====== Args={'value': 55, 'prev_value': 54, 'change': 1}
2025-05-17 20:11:26,320 : INFO : SwitchController : <<<<<<< 's_trough6' inactive >>>>>>>
2025-05-17 20:11:26,651 : INFO : SwitchController : <<<<<<< 's_trough5' active >>>>>>>
2025-05-17 20:11:26,651 : INFO : EventManager : Event: ======'machine_var_audits_switches_s_trough5'====== Args={'value': 45, 'prev_value': 44, 'change': 1}
2025-05-17 20:11:31,249 : INFO : ball_device.bd_plunger : State: failed_confirm
2025-05-17 20:11:31,250 : INFO : ball_device.bd_plunger : Got timeout (10.0s) before confirm from <playfield.playfield>
2025-05-17 20:11:31,343 : INFO : ball_device.bd_plunger : Confirming eject because target is playfield and ball did not return.
2025-05-17 20:11:31,343 : INFO : ball_device.bd_plunger : Eject successful
2025-05-17 20:11:31,343 : INFO : EventManager : Event: ======'balldevice_bd_plunger_ball_eject_success'====== Args={'balls': 1, 'target': <playfield.playfield>}
2025-05-17 20:11:31,343 : INFO : EventManager : Event: ======'balldevice_playfield_ball_enter'====== Args={'new_balls': 1, 'unclaimed_balls': 1, 'device': <playfield.playfield>}
2025-05-17 20:11:31,344 : INFO : EventManager : Event: ======'playfield_ball_count_change'====== Args={'balls': 1, 'change': 1}
2025-05-17 20:11:31,344 : INFO : EventManager : Event: ======'balldevice_bd_plunger_ball_count_changed'====== Args={'balls': 0}
2025-05-17 20:11:31,344 : INFO : ball_device.bd_plunger : State: idle
2025-05-17 20:11:34,544 : INFO : SwitchController : <<<<<<< 's_left_sling' active >>>>>>>
2025-05-17 20:11:34,544 : INFO : EventManager : Event: ======'s_left_sling_active'====== Args={}
2025-05-17 20:11:34,544 : INFO : EventManager : Event: ======'machine_var_audits_switches_s_left_sling'====== Args={'value': 190, 'prev_value': 189, 'change': 1}
2025-05-17 20:11:34,546 : INFO : EventManager : Event: ======'player_score'====== Args={'value': 3030, 'prev_value': 0, 'change': 3030, 'player_num': 1, 'source': 'score'}
2025-05-17 20:11:34,616 : INFO : SwitchController : <<<<<<< 's_left_sling' inactive >>>>>>>
2025-05-17 20:11:37,781 : INFO : SwitchController : <<<<<<< 's_left_sling' active >>>>>>>
2025-05-17 20:11:37,781 : INFO : EventManager : Event: ======'s_left_sling_active'====== Args={}
2025-05-17 20:11:37,782 : INFO : EventManager : Event: ======'machine_var_audits_switches_s_left_sling'====== Args={'value': 191, 'prev_value': 190, 'change': 1}
2025-05-17 20:11:37,782 : INFO : EventManager : Event: ======'player_score'====== Args={'value': 6060, 'prev_value': 3030, 'change': 3030, 'player_num': 1, 'source': 'score'}
2025-05-17 20:11:37,840 : INFO : SwitchController : <<<<<<< 's_left_sling' inactive >>>>>>>
2025-05-17 20:11:38,497 : INFO : SwitchController : <<<<<<< 's_left_sling' active >>>>>>>
2025-05-17 20:11:38,497 : INFO : EventManager : Event: ======'s_left_sling_active'====== Args={}
2025-05-17 20:11:38,497 : INFO : EventManager : Event: ======'machine_var_audits_switches_s_left_sling'====== Args={'value': 192, 'prev_value': 191, 'change': 1}
2025-05-17 20:11:38,497 : INFO : EventManager : Event: ======'player_score'====== Args={'value': 9090, 'prev_value': 6060, 'change': 3030, 'player_num': 1, 'source': 'score'}
2025-05-17 20:11:38,571 : INFO : SwitchController : <<<<<<< 's_left_sling' inactive >>>>>>>
2025-05-17 20:11:40,107 : INFO : SwitchController : <<<<<<< 's_right_sling' active >>>>>>>
2025-05-17 20:11:40,107 : INFO : EventManager : Event: ======'s_right_sling_active'====== Args={}
2025-05-17 20:11:40,107 : INFO : EventManager : Event: ======'machine_var_audits_switches_s_right_sling'====== Args={'value': 164, 'prev_value': 163, 'change': 1}
2025-05-17 20:11:40,108 : INFO : EventManager : Event: ======'player_score'====== Args={'value': 12120, 'prev_value': 9090, 'change': 3030, 'player_num': 1, 'source': 'score'}
2025-05-17 20:11:40,183 : INFO : SwitchController : <<<<<<< 's_right_sling' inactive >>>>>>>
2025-05-17 20:11:45,509 : INFO : SwitchController : <<<<<<< 's_right_sling' active >>>>>>>
2025-05-17 20:11:45,509 : INFO : EventManager : Event: ======'s_right_sling_active'====== Args={}
2025-05-17 20:11:45,509 : INFO : EventManager : Event: ======'machine_var_audits_switches_s_right_sling'====== Args={'value': 165, 'prev_value': 164, 'change': 1}
2025-05-17 20:11:45,509 : INFO : EventManager : Event: ======'player_score'====== Args={'value': 15150, 'prev_value': 12120, 'change': 3030, 'player_num': 1, 'source': 'score'}
2025-05-17 20:11:45,570 : INFO : SwitchController : <<<<<<< 's_right_sling' inactive >>>>>>>
2025-05-17 20:11:46,395 : INFO : SwitchController : <<<<<<< 's_left_sling' active >>>>>>>
2025-05-17 20:11:46,396 : INFO : EventManager : Event: ======'s_left_sling_active'====== Args={}
2025-05-17 20:11:46,396 : INFO : EventManager : Event: ======'machine_var_audits_switches_s_left_sling'====== Args={'value': 193, 'prev_value': 192, 'change': 1}
2025-05-17 20:11:46,396 : INFO : EventManager : Event: ======'player_score'====== Args={'value': 18180, 'prev_value': 15150, 'change': 3030, 'player_num': 1, 'source': 'score'}
2025-05-17 20:11:46,455 : INFO : SwitchController : <<<<<<< 's_left_sling' inactive >>>>>>>
2025-05-17 20:11:58,233 : INFO : Machine : Shutting down...
2025-05-17 20:11:58,233 : INFO : EventManager : Event: ======'shutdown'====== Args={}
2025-05-17 20:11:58,233 : INFO : EventManager : Event: ======'mode_game_will_stop'====== Args={}
2025-05-17 20:11:58,233 : INFO : EventManager : Event: ======'mode_game_stopping'====== Args={}
2025-05-17 20:11:58,233 : INFO : EventManager : Event: ======'mode_base_will_stop'====== Args={}
2025-05-17 20:11:58,233 : INFO : EventManager : Event: ======'mode_base_stopping'====== Args={}
2025-05-17 20:11:58,233 : INFO : EventManager : Event: ======'mode_score_will_stop'====== Args={}
2025-05-17 20:11:58,233 : INFO : EventManager : Event: ======'mode_score_stopping'====== Args={}
2025-05-17 20:11:58,233 : INFO : Mode.score : Stopped.
2025-05-17 20:11:58,233 : INFO : EventManager : Event: ======'modes_active_modes_changed'====== Args={}
2025-05-17 20:11:58,233 : INFO : EventManager : Event: ======'mode_score_stopped'====== Args={}
2025-05-17 20:11:58,233 : INFO : EventManager : Event: ======'clear'====== Args={'key': 'score'}
2025-05-17 20:11:58,233 : INFO : Mode.base : Stopped.
2025-05-17 20:11:58,233 : INFO : EventManager : Event: ======'modes_active_modes_changed'====== Args={}
2025-05-17 20:11:58,233 : INFO : EventManager : Event: ======'mode_base_stopped'====== Args={}
2025-05-17 20:11:58,233 : INFO : EventManager : Event: ======'clear'====== Args={'key': 'base'}
2025-05-17 20:11:58,233 : INFO : Mode.game : Stopped.
2025-05-17 20:11:58,233 : INFO : EventManager : Event: ======'modes_active_modes_changed'====== Args={}
2025-05-17 20:11:58,233 : INFO : EventManager : Event: ======'mode_game_stopped'====== Args={}
2025-05-17 20:11:58,233 : INFO : EventManager : Event: ======'clear'====== Args={'key': 'game'}
2025-05-17 20:11:58,239 : INFO : root : MPF run loop ended.
