2025-11-15 14:25:34,467 : INFO : root : Loading config.
2025-11-15 14:25:34,477 : INFO : YamlMultifileConfigLoader : Machine config file #1: config.yaml
2025-11-15 14:25:34,477 : INFO : ConfigProcessor : Loading config from file C:\Users\finis\mpf\Lib\site-packages\mpf\mpfconfig.yaml.
2025-11-15 14:25:34,492 : INFO : ConfigProcessor : Loading config: C:\Users\finis\mpf\Lib\site-packages\mpf\mpfconfig.yaml
2025-11-15 14:25:34,492 : INFO : ConfigProcessor : Loading config from file C:\Users\finis\diehard-mpf\config\config.yaml.
2025-11-15 14:25:34,495 : INFO : ConfigProcessor : Loading config: C:\Users\finis\diehard-mpf\config\config.yaml
2025-11-15 14:25:34,506 : INFO : ConfigProcessor : Loading config: C:\Users\finis\diehard-mpf\config\switches.yaml
2025-11-15 14:25:34,514 : INFO : ConfigProcessor : Loading config: C:\Users\finis\diehard-mpf\config\coils.yaml
2025-11-15 14:25:34,521 : INFO : ConfigProcessor : Loading config: C:\Users\finis\diehard-mpf\config\ball_devices.yaml
2025-11-15 14:25:34,523 : INFO : ConfigProcessor : Config file cache created: C:\Users\finis\AppData\Local\Temp\46a2264aace4dc9247b28883ea729273.mpf_cache
2025-11-15 14:25:34,584 : INFO : ConfigProcessor : Loading config from file C:\Users\finis\mpf\Lib\site-packages\mpf\modes\attract\config\attract.yaml.
2025-11-15 14:25:34,594 : INFO : ConfigProcessor : Loading config: C:\Users\finis\mpf\Lib\site-packages\mpf\modes\attract\config\attract.yaml
2025-11-15 14:25:34,594 : INFO : ConfigProcessor : Loading config from file C:\Users\finis\diehard-mpf\modes\attract\config\attract.yaml.
2025-11-15 14:25:34,600 : INFO : ConfigProcessor : Loading config: C:\Users\finis\diehard-mpf\modes\attract\config\attract.yaml
2025-11-15 14:25:34,602 : INFO : ConfigProcessor : Config file cache created: C:\Users\finis\AppData\Local\Temp\7a912b2511d42635e0b426a52fd16cc1.mpf_cache
2025-11-15 14:25:34,602 : INFO : ConfigProcessor : Loading config from cache: C:\Users\finis\AppData\Local\Temp\846fbc79a2a788b1cf5d5d816f13713f.mpf_cache
2025-11-15 14:25:34,608 : INFO : ConfigProcessor : Loading config from file C:\Users\finis\diehard-mpf\modes\base\config\base.yaml.
2025-11-15 14:25:34,615 : INFO : ConfigProcessor : Loading config: C:\Users\finis\diehard-mpf\modes\base\config\base.yaml
2025-11-15 14:25:34,617 : INFO : ConfigProcessor : Config file cache created: C:\Users\finis\AppData\Local\Temp\771489ba91bf1192210b19104700c5d3.mpf_cache
2025-11-15 14:25:34,617 : INFO : ConfigProcessor : Loading config from file C:\Users\finis\diehard-mpf\shows\.\attract_christmas.yaml.
