2025-11-19 14:02:58,880 : INFO : root : Loading config.
2025-11-19 14:02:58,884 : INFO : YamlMultifileConfigLoader : Machine config file #1: config.yaml
2025-11-19 14:02:58,885 : INFO : ConfigProcessor : Loading config from cache: C:\Users\carr-\AppData\Local\Temp\23e177fce4903a9a69d69f474fa748a1.mpf_cache
2025-11-19 14:02:59,003 : WARNING : ConfigProcessor : Config file in cache changed: C:\Users\carr-\Documents\development\diehard-mpf\modes\attract\config\attract.yaml
2025-11-19 14:02:59,003 : INFO : ConfigProcessor : Loading config from file C:\Users\carr-\Documents\development\mpf080\mpf\modes\attract\config\attract.yaml.
2025-11-19 14:02:59,014 : INFO : ConfigProcessor : Loading config: C:\Users\carr-\Documents\development\mpf080\mpf\modes\attract\config\attract.yaml
2025-11-19 14:02:59,014 : INFO : ConfigProcessor : Loading config from file C:\Users\carr-\Documents\development\diehard-mpf\modes\attract\config\attract.yaml.
2025-11-19 14:02:59,022 : INFO : ConfigProcessor : Loading config: C:\Users\carr-\Documents\development\diehard-mpf\modes\attract\config\attract.yaml
2025-11-19 14:02:59,023 : INFO : ConfigProcessor : Config file cache created: C:\Users\carr-\AppData\Local\Temp\2f9bbeccf93c71693a410725897ab70d.mpf_cache
2025-11-19 14:02:59,024 : INFO : ConfigProcessor : Loading config from cache: C:\Users\carr-\AppData\Local\Temp\71986c9cb54d44e1ee87b7d4d0f68024.mpf_cache
2025-11-19 14:02:59,025 : INFO : ConfigProcessor : Loading config from cache: C:\Users\carr-\AppData\Local\Temp\2f9bbeccf93c71693a410725897ab70d.mpf_cache
2025-11-19 14:02:59,035 : WARNING : ConfigProcessor : Config file in cache changed: C:\Users\carr-\Documents\development\diehard-mpf\modes\base\config\base.yaml
2025-11-19 14:02:59,035 : INFO : ConfigProcessor : Loading config from file C:\Users\carr-\Documents\development\diehard-mpf\modes\base\config\base.yaml.
2025-11-19 14:02:59,040 : INFO : ConfigProcessor : Loading config: C:\Users\carr-\Documents\development\diehard-mpf\modes\base\config\base.yaml
2025-11-19 14:02:59,041 : INFO : ConfigProcessor : Config file cache created: C:\Users\carr-\AppData\Local\Temp\460998002e273cec26232c9157d92984.mpf_cache
2025-11-19 14:02:59,041 : WARNING : ConfigProcessor : Config file in cache changed: C:\Users\carr-\Documents\development\diehard-mpf\modes\holly\config\holly.yaml
2025-11-19 14:02:59,041 : INFO : ConfigProcessor : Loading config from file C:\Users\carr-\Documents\development\diehard-mpf\modes\holly\config\holly.yaml.
2025-11-19 14:02:59,043 : INFO : ConfigProcessor : Loading config: C:\Users\carr-\Documents\development\diehard-mpf\modes\holly\config\holly.yaml
2025-11-19 14:02:59,044 : INFO : ConfigProcessor : Config file cache created: C:\Users\carr-\AppData\Local\Temp\1113c1d20ec4e70f79a7ed8de50ab69e.mpf_cache
2025-11-19 14:02:59,045 : WARNING : ConfigProcessor : Config file in cache changed: C:\Users\carr-\Documents\development\diehard-mpf\modes\score\config\score.yaml
2025-11-19 14:02:59,045 : INFO : ConfigProcessor : Loading config from file C:\Users\carr-\Documents\development\diehard-mpf\modes\score\config\score.yaml.
2025-11-19 14:02:59,046 : INFO : ConfigProcessor : Loading config: C:\Users\carr-\Documents\development\diehard-mpf\modes\score\config\score.yaml
2025-11-19 14:02:59,047 : INFO : ConfigProcessor : Config file cache created: C:\Users\carr-\AppData\Local\Temp\668dbdbfcbfe997663fcbdfe0871c0b4.mpf_cache
2025-11-19 14:02:59,048 : INFO : ConfigProcessor : Loading config from cache: C:\Users\carr-\AppData\Local\Temp\6a4847c7210b75a304ae3e1d0e125b6a.mpf_cache
2025-11-19 14:02:59,049 : INFO : ConfigProcessor : Loading config from cache: C:\Users\carr-\AppData\Local\Temp\5bdb9da15c9005c4036d70c7ddf4c03f.mpf_cache
2025-11-19 14:02:59,050 : INFO : ConfigProcessor : Loading config from cache: C:\Users\carr-\AppData\Local\Temp\4ef2cae97e908c683695ed521c4a6650.mpf_cache
2025-11-19 14:02:59,051 : INFO : ConfigProcessor : Loading config from cache: C:\Users\carr-\AppData\Local\Temp\3675271a3c90b9f1f0f947db698ba341.mpf_cache
2025-11-19 14:02:59,052 : INFO : Machine : Mission Pinball Framework Core Engine v0.80.0.dev6
2025-11-19 14:02:59,052 : INFO : Machine : Command line arguments: {'no_load_cache': False, 'create_config_cache': True, 'bcp': False, 'configfile': ['config.yaml'], 'force_assets_load': False, 'platform_integration_test': False, 'jsonlogging': False, 'logfile': 'logs\\2025-11-19-14-02-58-mpf-LAPTOP-99TN7EPH.log', 'pause': False, 'production': False, 'text_ui': False, 'loglevel': 15, 'consoleloglevel': 10, 'force_platform': 'smart_virtual', 'syslog_address': None, 'full_logfile_path': 'C:\\Users\\carr-\\Documents\\development\\diehard-mpf\\logs\\2025-11-19-14-02-58-mpf-LAPTOP-99TN7EPH.log'}
2025-11-19 14:02:59,052 : INFO : Machine : MPF path: C:\Users\carr-\Documents\development\mpf080\mpf
2025-11-19 14:02:59,052 : INFO : Machine : Machine path: C:\Users\carr-\Documents\development\diehard-mpf
2025-11-19 14:02:59,052 : INFO : Machine : Platform: win32
2025-11-19 14:02:59,052 : INFO : Machine : Python executable location: C:\Users\carr-\Documents\development\mpf080\mpfenv\Scripts\python.exe
2025-11-19 14:02:59,052 : INFO : Machine : Python version: 3.9.13 (64-bit)
2025-11-19 14:02:59,055 : INFO : Machine : Initializing MPF...
2025-11-19 14:02:59,148 : INFO : EventManager : Event: ======'machine_var_credits_string'====== Args={'value': 'FREE PLAY', 'prev_value': None, 'change': True}
2025-11-19 14:02:59,173 : INFO : EventManager : Event: ======'machine_var_fast_audio_headphones_volume'====== Args={'value': 10, 'prev_value': None, 'change': True}
2025-11-19 14:02:59,173 : INFO : EventManager : Event: ======'machine_var_fast_audio_main_volume'====== Args={'value': 60, 'prev_value': None, 'change': True}
2025-11-19 14:02:59,173 : INFO : EventManager : Event: ======'machine_var_master_volume'====== Args={'value': 0.5, 'prev_value': None, 'change': True}
2025-11-19 14:02:59,173 : INFO : EventManager : Event: ======'machine_var_player1_score'====== Args={'value': 17120, 'prev_value': None, 'change': True}
2025-11-19 14:02:59,173 : INFO : EventManager : Event: ======'machine_var_var_which_attract'====== Args={'value': 0, 'prev_value': None, 'change': True}
2025-11-19 14:02:59,173 : INFO : EventManager : Event: ======'machine_var_mpf_version'====== Args={'value': 'Mission Pinball Framework v0.80.0.dev6', 'prev_value': None, 'change': True}
2025-11-19 14:02:59,173 : INFO : EventManager : Event: ======'machine_var_mpf_extended_version'====== Args={'value': 'Mission Pinball Framework v0.80.0.dev6, Config version:6, Show version: 6, BCP version:1.1', 'prev_value': None, 'change': True}
2025-11-19 14:02:59,173 : INFO : EventManager : Event: ======'machine_var_python_version'====== Args={'value': '3.9.13', 'prev_value': None, 'change': True}
2025-11-19 14:02:59,214 : INFO : EventManager : Event: ======'machine_var_platform'====== Args={'value': 'Windows-10-10.0.26100-SP0', 'prev_value': None, 'change': True}
2025-11-19 14:02:59,214 : INFO : EventManager : Event: ======'machine_var_platform_system'====== Args={'value': 'Windows', 'prev_value': None, 'change': True}
2025-11-19 14:02:59,214 : INFO : EventManager : Event: ======'machine_var_platform_release'====== Args={'value': '10', 'prev_value': None, 'change': True}
2025-11-19 14:02:59,214 : INFO : EventManager : Event: ======'machine_var_platform_version'====== Args={'value': '10.0.26100', 'prev_value': None, 'change': True}
2025-11-19 14:02:59,214 : INFO : EventManager : Event: ======'machine_var_platform_machine'====== Args={'value': 'AMD64', 'prev_value': None, 'change': True}
2025-11-19 14:02:59,214 : INFO : EventManager : Event: ======'machine_var_log_file_path'====== Args={'value': 'C:\\Users\\carr-\\Documents\\development\\diehard-mpf\\logs\\2025-11-19-14-02-58-mpf-LAPTOP-99TN7EPH.log', 'prev_value': None, 'change': True}
2025-11-19 14:02:59,214 : INFO : EventManager : Event: ======'init_phase_1'====== Args={}
2025-11-19 14:02:59,280 : INFO : EventManager : Event: ======'drop_target_bank_bank_up'====== Args={}
2025-11-19 14:02:59,280 : INFO : EventManager : Event: ======'drop_target_bank_bank1_up'====== Args={}
2025-11-19 14:02:59,280 : INFO : EventManager : Event: ======'drop_target_bank_bank2_up'====== Args={}
2025-11-19 14:02:59,282 : INFO : EventManager : Event: ======'init_phase_2'====== Args={}
2025-11-19 14:02:59,282 : INFO : SwitchController : Found active switch: ('d-29', <Platform.SmartVirtual>) <switch.s_trough1>
2025-11-19 14:02:59,282 : INFO : SwitchController : Found active switch: ('d-24', <Platform.SmartVirtual>) <switch.s_trough2>
2025-11-19 14:02:59,282 : INFO : SwitchController : Found active switch: ('d-25', <Platform.SmartVirtual>) <switch.s_trough3>
2025-11-19 14:02:59,282 : INFO : SwitchController : Found active switch: ('d-26', <Platform.SmartVirtual>) <switch.s_trough4>
2025-11-19 14:02:59,282 : INFO : SwitchController : Found active switch: ('d-27', <Platform.SmartVirtual>) <switch.s_trough5>
2025-11-19 14:02:59,282 : INFO : SwitchController : Found active switch: ('d-28', <Platform.SmartVirtual>) <switch.s_trough6>
2025-11-19 14:02:59,287 : INFO : ball_device.bd_trough : BCH: Initial count: 6
2025-11-19 14:02:59,287 : INFO : ball_device.bd_trough : State: idle
2025-11-19 14:02:59,288 : INFO : ball_device.bd_plunger : BCH: Initial count: 0
2025-11-19 14:02:59,288 : INFO : ball_device.bd_plunger : State: idle
2025-11-19 14:02:59,288 : INFO : ball_device.kickervault1_eject : BCH: Initial count: 0
2025-11-19 14:02:59,288 : INFO : ball_device.kickervault1_eject : State: idle
2025-11-19 14:02:59,288 : INFO : ball_device.rightkicker : BCH: Initial count: 0
2025-11-19 14:02:59,289 : INFO : ball_device.rightkicker : State: idle
2025-11-19 14:02:59,289 : INFO : ball_device.UrampUp001 : BCH: Initial count: 0
2025-11-19 14:02:59,289 : INFO : ball_device.UrampUp001 : State: idle
2025-11-19 14:02:59,289 : INFO : ball_device.rightvuk : BCH: Initial count: 0
2025-11-19 14:02:59,289 : INFO : ball_device.rightvuk : State: idle
2025-11-19 14:02:59,290 : INFO : ball_device.towervuk : BCH: Initial count: 0
2025-11-19 14:02:59,290 : INFO : ball_device.towervuk : State: idle
2025-11-19 14:02:59,290 : INFO : ball_device.airplane : BCH: Initial count: 0
2025-11-19 14:02:59,290 : INFO : ball_device.airplane : State: idle
2025-11-19 14:02:59,309 : INFO : EventManager : Event: ======'init_phase_3'====== Args={}
2025-11-19 14:02:59,360 : INFO : EventManager : Event: ======'init_phase_4'====== Args={}
2025-11-19 14:02:59,360 : INFO : BallController : Initial balls found: 6
2025-11-19 14:02:59,363 : INFO : EventManager : Event: ======'machine_var_audits_events_game_ended'====== Args={'value': 20, 'prev_value': None, 'change': True}
2025-11-19 14:02:59,363 : INFO : EventManager : Event: ======'machine_var_audits_events_game_started'====== Args={'value': 80, 'prev_value': None, 'change': True}
2025-11-19 14:02:59,363 : INFO : EventManager : Event: ======'machine_var_audits_missing_switches_s_AirDuctEnter001'====== Args={'value': 1, 'prev_value': None, 'change': True}
2025-11-19 14:02:59,363 : INFO : EventManager : Event: ======'machine_var_audits_missing_switches_s_TrPF1'====== Args={'value': 2, 'prev_value': None, 'change': True}
2025-11-19 14:02:59,363 : INFO : EventManager : Event: ======'machine_var_audits_missing_switches_s_TrPF2'====== Args={'value': 2, 'prev_value': None, 'change': True}
2025-11-19 14:02:59,363 : INFO : EventManager : Event: ======'machine_var_audits_missing_switches_s_TrPF3'====== Args={'value': 2, 'prev_value': None, 'change': True}
2025-11-19 14:02:59,363 : INFO : EventManager : Event: ======'machine_var_audits_missing_switches_s_UrampUp001'====== Args={'value': 2, 'prev_value': None, 'change': True}
2025-11-19 14:02:59,363 : INFO : EventManager : Event: ======'machine_var_audits_missing_switches_s_airplane'====== Args={'value': 1, 'prev_value': None, 'change': True}
2025-11-19 14:02:59,363 : INFO : EventManager : Event: ======'machine_var_audits_missing_switches_s_bottom_left_inner_drain'====== Args={'value': 1, 'prev_value': None, 'change': True}
2025-11-19 14:02:59,363 : INFO : EventManager : Event: ======'machine_var_audits_missing_switches_s_bottom_left_outer_drain'====== Args={'value': 2, 'prev_value': None, 'change': True}
2025-11-19 14:02:59,363 : INFO : EventManager : Event: ======'machine_var_audits_missing_switches_s_bottom_right_inner_drain'====== Args={'value': 1, 'prev_value': None, 'change': True}
2025-11-19 14:02:59,363 : INFO : EventManager : Event: ======'machine_var_audits_missing_switches_s_captiveball'====== Args={'value': 2, 'prev_value': None, 'change': True}
2025-11-19 14:02:59,363 : INFO : EventManager : Event: ======'machine_var_audits_missing_switches_s_door'====== Args={'value': 3, 'prev_value': None, 'change': True}
2025-11-19 14:02:59,363 : INFO : EventManager : Event: ======'machine_var_audits_missing_switches_s_door_tilt'====== Args={'value': 3, 'prev_value': None, 'change': True}
2025-11-19 14:02:59,363 : INFO : EventManager : Event: ======'machine_var_audits_missing_switches_s_drop_target_1'====== Args={'value': 2, 'prev_value': None, 'change': True}
2025-11-19 14:02:59,363 : INFO : EventManager : Event: ======'machine_var_audits_missing_switches_s_drop_target_2'====== Args={'value': 2, 'prev_value': None, 'change': True}
2025-11-19 14:02:59,364 : INFO : EventManager : Event: ======'machine_var_audits_missing_switches_s_drop_target_3'====== Args={'value': 1, 'prev_value': None, 'change': True}
2025-11-19 14:02:59,364 : INFO : EventManager : Event: ======'machine_var_audits_missing_switches_s_enter'====== Args={'value': 80, 'prev_value': None, 'change': True}
2025-11-19 14:02:59,364 : INFO : EventManager : Event: ======'machine_var_audits_missing_switches_s_escape'====== Args={'value': 80, 'prev_value': None, 'change': True}
2025-11-19 14:02:59,364 : INFO : EventManager : Event: ======'machine_var_audits_missing_switches_s_fire'====== Args={'value': 1, 'prev_value': None, 'change': True}
2025-11-19 14:02:59,364 : INFO : EventManager : Event: ======'machine_var_audits_missing_switches_s_highvuk'====== Args={'value': 3, 'prev_value': None, 'change': True}
2025-11-19 14:02:59,364 : INFO : EventManager : Event: ======'machine_var_audits_missing_switches_s_holly_h'====== Args={'value': 1, 'prev_value': None, 'change': True}
2025-11-19 14:02:59,364 : INFO : EventManager : Event: ======'machine_var_audits_missing_switches_s_holly_l'====== Args={'value': 1, 'prev_value': None, 'change': True}
2025-11-19 14:02:59,364 : INFO : EventManager : Event: ======'machine_var_audits_missing_switches_s_holly_l_1'====== Args={'value': 3, 'prev_value': None, 'change': True}
2025-11-19 14:02:59,364 : INFO : EventManager : Event: ======'machine_var_audits_missing_switches_s_holly_o'====== Args={'value': 1, 'prev_value': None, 'change': True}
2025-11-19 14:02:59,364 : INFO : EventManager : Event: ======'machine_var_audits_missing_switches_s_holly_y'====== Args={'value': 1, 'prev_value': None, 'change': True}
2025-11-19 14:02:59,364 : INFO : EventManager : Event: ======'machine_var_audits_missing_switches_s_kickervault1'====== Args={'value': 2, 'prev_value': None, 'change': True}
2025-11-19 14:02:59,364 : INFO : EventManager : Event: ======'machine_var_audits_missing_switches_s_left_coin'====== Args={'value': 80, 'prev_value': None, 'change': True}
2025-11-19 14:02:59,364 : INFO : EventManager : Event: ======'machine_var_audits_missing_switches_s_left_flipper'====== Args={'value': 1, 'prev_value': None, 'change': True}
2025-11-19 14:02:59,364 : INFO : EventManager : Event: ======'machine_var_audits_missing_switches_s_left_flipper_eos'====== Args={'value': 1, 'prev_value': None, 'change': True}
2025-11-19 14:02:59,364 : INFO : EventManager : Event: ======'machine_var_audits_missing_switches_s_left_inlane'====== Args={'value': 24, 'prev_value': None, 'change': True}
2025-11-19 14:02:59,364 : INFO : EventManager : Event: ======'machine_var_audits_missing_switches_s_left_magna'====== Args={'value': 1, 'prev_value': None, 'change': True}
2025-11-19 14:02:59,364 : INFO : EventManager : Event: ======'machine_var_audits_missing_switches_s_left_orbit2'====== Args={'value': 15, 'prev_value': None, 'change': True}
2025-11-19 14:02:59,364 : INFO : EventManager : Event: ======'machine_var_audits_missing_switches_s_left_outlane'====== Args={'value': 24, 'prev_value': None, 'change': True}
2025-11-19 14:02:59,364 : INFO : EventManager : Event: ======'machine_var_audits_missing_switches_s_left_slingshot'====== Args={'value': 1, 'prev_value': None, 'change': True}
2025-11-19 14:02:59,364 : INFO : EventManager : Event: ======'machine_var_audits_missing_switches_s_left_top_target'====== Args={'value': 1, 'prev_value': None, 'change': True}
2025-11-19 14:02:59,364 : INFO : EventManager : Event: ======'machine_var_audits_missing_switches_s_mid_orbit'====== Args={'value': 15, 'prev_value': None, 'change': True}
2025-11-19 14:02:59,364 : INFO : EventManager : Event: ======'machine_var_audits_missing_switches_s_middle_top_target'====== Args={'value': 1, 'prev_value': None, 'change': True}
2025-11-19 14:02:59,364 : INFO : EventManager : Event: ======'machine_var_audits_missing_switches_s_minus'====== Args={'value': 80, 'prev_value': None, 'change': True}
2025-11-19 14:02:59,365 : INFO : EventManager : Event: ======'machine_var_audits_missing_switches_s_nakatomi_lock_ball_count'====== Args={'value': 2, 'prev_value': None, 'change': True}
2025-11-19 14:02:59,365 : INFO : EventManager : Event: ======'machine_var_audits_missing_switches_s_plus'====== Args={'value': 80, 'prev_value': None, 'change': True}
2025-11-19 14:02:59,365 : INFO : EventManager : Event: ======'machine_var_audits_missing_switches_s_popbumper_left'====== Args={'value': 3, 'prev_value': None, 'change': True}
2025-11-19 14:02:59,365 : INFO : EventManager : Event: ======'machine_var_audits_missing_switches_s_popbumper_right'====== Args={'value': 2, 'prev_value': None, 'change': True}
2025-11-19 14:02:59,365 : INFO : EventManager : Event: ======'machine_var_audits_missing_switches_s_push_drop_target_4'====== Args={'value': 1, 'prev_value': None, 'change': True}
2025-11-19 14:02:59,365 : INFO : EventManager : Event: ======'machine_var_audits_missing_switches_s_push_drop_target_5'====== Args={'value': 2, 'prev_value': None, 'change': True}
2025-11-19 14:02:59,365 : INFO : EventManager : Event: ======'machine_var_audits_missing_switches_s_right_coin'====== Args={'value': 80, 'prev_value': None, 'change': True}
2025-11-19 14:02:59,365 : INFO : EventManager : Event: ======'machine_var_audits_missing_switches_s_right_flipper'====== Args={'value': 1, 'prev_value': None, 'change': True}
2025-11-19 14:02:59,365 : INFO : EventManager : Event: ======'machine_var_audits_missing_switches_s_right_flipper_eos'====== Args={'value': 2, 'prev_value': None, 'change': True}
2025-11-19 14:02:59,365 : INFO : EventManager : Event: ======'machine_var_audits_missing_switches_s_right_inlane'====== Args={'value': 24, 'prev_value': None, 'change': True}
2025-11-19 14:02:59,365 : INFO : EventManager : Event: ======'machine_var_audits_missing_switches_s_right_magna'====== Args={'value': 1, 'prev_value': None, 'change': True}
2025-11-19 14:02:59,365 : INFO : EventManager : Event: ======'machine_var_audits_missing_switches_s_right_orbit2'====== Args={'value': 15, 'prev_value': None, 'change': True}
2025-11-19 14:02:59,365 : INFO : EventManager : Event: ======'machine_var_audits_missing_switches_s_right_outlane'====== Args={'value': 24, 'prev_value': None, 'change': True}
2025-11-19 14:02:59,365 : INFO : EventManager : Event: ======'machine_var_audits_missing_switches_s_right_slingshot'====== Args={'value': 2, 'prev_value': None, 'change': True}
2025-11-19 14:02:59,365 : INFO : EventManager : Event: ======'machine_var_audits_missing_switches_s_right_top_target'====== Args={'value': 1, 'prev_value': None, 'change': True}
2025-11-19 14:02:59,365 : INFO : EventManager : Event: ======'machine_var_audits_missing_switches_s_rightkicker'====== Args={'value': 2, 'prev_value': None, 'change': True}
2025-11-19 14:02:59,365 : INFO : EventManager : Event: ======'machine_var_audits_missing_switches_s_rightvuk'====== Args={'value': 2, 'prev_value': None, 'change': True}
2025-11-19 14:02:59,365 : INFO : EventManager : Event: ======'machine_var_audits_missing_switches_s_safe_vuk'====== Args={'value': 3, 'prev_value': None, 'change': True}
2025-11-19 14:02:59,365 : INFO : EventManager : Event: ======'machine_var_audits_missing_switches_s_spinnerleft'====== Args={'value': 1, 'prev_value': None, 'change': True}
2025-11-19 14:02:59,365 : INFO : EventManager : Event: ======'machine_var_audits_missing_switches_s_spinnerright'====== Args={'value': 1, 'prev_value': None, 'change': True}
2025-11-19 14:02:59,365 : INFO : EventManager : Event: ======'machine_var_audits_missing_switches_s_start'====== Args={'value': 3, 'prev_value': None, 'change': True}
2025-11-19 14:02:59,365 : INFO : EventManager : Event: ======'machine_var_audits_missing_switches_s_swDivParkp'====== Args={'value': 2, 'prev_value': None, 'change': True}
2025-11-19 14:02:59,365 : INFO : EventManager : Event: ======'machine_var_audits_missing_switches_s_swleftinlane'====== Args={'value': 2, 'prev_value': None, 'change': True}
2025-11-19 14:02:59,366 : INFO : EventManager : Event: ======'machine_var_audits_missing_switches_s_swleftorb1'====== Args={'value': 1, 'prev_value': None, 'change': True}
2025-11-19 14:02:59,366 : INFO : EventManager : Event: ======'machine_var_audits_missing_switches_s_swleftorb2'====== Args={'value': 1, 'prev_value': None, 'change': True}
2025-11-19 14:02:59,366 : INFO : EventManager : Event: ======'machine_var_audits_missing_switches_s_swleftoutlane'====== Args={'value': 2, 'prev_value': None, 'change': True}
2025-11-19 14:02:59,366 : INFO : EventManager : Event: ======'machine_var_audits_missing_switches_s_swmidorb'====== Args={'value': 2, 'prev_value': None, 'change': True}
2025-11-19 14:02:59,366 : INFO : EventManager : Event: ======'machine_var_audits_missing_switches_s_swrightinlane'====== Args={'value': 1, 'prev_value': None, 'change': True}
2025-11-19 14:02:59,366 : INFO : EventManager : Event: ======'machine_var_audits_missing_switches_s_swrightorb1'====== Args={'value': 1, 'prev_value': None, 'change': True}
2025-11-19 14:02:59,366 : INFO : EventManager : Event: ======'machine_var_audits_missing_switches_s_swrightorb2'====== Args={'value': 2, 'prev_value': None, 'change': True}
2025-11-19 14:02:59,366 : INFO : EventManager : Event: ======'machine_var_audits_missing_switches_s_swrightoutlane'====== Args={'value': 2, 'prev_value': None, 'change': True}
2025-11-19 14:02:59,366 : INFO : EventManager : Event: ======'machine_var_audits_missing_switches_s_target002'====== Args={'value': 2, 'prev_value': None, 'change': True}
2025-11-19 14:02:59,366 : INFO : EventManager : Event: ======'machine_var_audits_missing_switches_s_target003'====== Args={'value': 2, 'prev_value': None, 'change': True}
2025-11-19 14:02:59,366 : INFO : EventManager : Event: ======'machine_var_audits_missing_switches_s_target004'====== Args={'value': 2, 'prev_value': None, 'change': True}
2025-11-19 14:02:59,366 : INFO : EventManager : Event: ======'machine_var_audits_missing_switches_s_target_2'====== Args={'value': 24, 'prev_value': None, 'change': True}
2025-11-19 14:02:59,366 : INFO : EventManager : Event: ======'machine_var_audits_missing_switches_s_target_3'====== Args={'value': 24, 'prev_value': None, 'change': True}
2025-11-19 14:02:59,366 : INFO : EventManager : Event: ======'machine_var_audits_missing_switches_s_targeth'====== Args={'value': 2, 'prev_value': None, 'change': True}
2025-11-19 14:02:59,366 : INFO : EventManager : Event: ======'machine_var_audits_missing_switches_s_targetl'====== Args={'value': 2, 'prev_value': None, 'change': True}
2025-11-19 14:02:59,366 : INFO : EventManager : Event: ======'machine_var_audits_missing_switches_s_targetl2'====== Args={'value': 1, 'prev_value': None, 'change': True}
2025-11-19 14:02:59,366 : INFO : EventManager : Event: ======'machine_var_audits_missing_switches_s_targeto'====== Args={'value': 2, 'prev_value': None, 'change': True}
2025-11-19 14:02:59,366 : INFO : EventManager : Event: ======'machine_var_audits_missing_switches_s_targety'====== Args={'value': 2, 'prev_value': None, 'change': True}
2025-11-19 14:02:59,366 : INFO : EventManager : Event: ======'machine_var_audits_missing_switches_s_tilt_bob'====== Args={'value': 80, 'prev_value': None, 'change': True}
2025-11-19 14:02:59,366 : INFO : EventManager : Event: ======'machine_var_audits_missing_switches_s_top_flipper_eos'====== Args={'value': 2, 'prev_value': None, 'change': True}
2025-11-19 14:02:59,366 : INFO : EventManager : Event: ======'machine_var_audits_missing_switches_s_top_flipper_hold'====== Args={'value': 24, 'prev_value': None, 'change': True}
2025-11-19 14:02:59,366 : INFO : EventManager : Event: ======'machine_var_audits_missing_switches_s_towervuk'====== Args={'value': 2, 'prev_value': None, 'change': True}
2025-11-19 14:02:59,367 : INFO : EventManager : Event: ======'machine_var_audits_missing_switches_s_trmagl'====== Args={'value': 2, 'prev_value': None, 'change': True}
2025-11-19 14:02:59,367 : INFO : EventManager : Event: ======'machine_var_audits_missing_switches_s_trmagr'====== Args={'value': 2, 'prev_value': None, 'change': True}
2025-11-19 14:02:59,367 : INFO : EventManager : Event: ======'machine_var_audits_missing_switches_s_trough1'====== Args={'value': 2, 'prev_value': None, 'change': True}
2025-11-19 14:02:59,367 : INFO : EventManager : Event: ======'machine_var_audits_missing_switches_s_trough5'====== Args={'value': 2, 'prev_value': None, 'change': True}
2025-11-19 14:02:59,367 : INFO : EventManager : Event: ======'machine_var_audits_missing_switches_s_trough6'====== Args={'value': 2, 'prev_value': None, 'change': True}
2025-11-19 14:02:59,367 : INFO : EventManager : Event: ======'machine_var_audits_missing_switches_s_tunel_vuk'====== Args={'value': 1, 'prev_value': None, 'change': True}
2025-11-19 14:02:59,367 : INFO : EventManager : Event: ======'machine_var_audits_missing_switches_s_upper_pf_entrance'====== Args={'value': 15, 'prev_value': None, 'change': True}
2025-11-19 14:02:59,367 : INFO : EventManager : Event: ======'machine_var_audits_player_score'====== Args={'value': {'average': 89899, 'top': [691810, 665430, 224220, 152420, 150000, 138180, 97570, 97420, 90150, 33330], 'total': 24}, 'prev_value': None, 'change': True}
2025-11-19 14:02:59,367 : INFO : EventManager : Event: ======'machine_var_audits_shots_holly_h'====== Args={'value': 241, 'prev_value': None, 'change': True}
2025-11-19 14:02:59,367 : INFO : EventManager : Event: ======'machine_var_audits_shots_holly_l'====== Args={'value': 96, 'prev_value': None, 'change': True}
2025-11-19 14:02:59,367 : INFO : EventManager : Event: ======'machine_var_audits_shots_holly_l1'====== Args={'value': 75, 'prev_value': None, 'change': True}
2025-11-19 14:02:59,367 : INFO : EventManager : Event: ======'machine_var_audits_shots_holly_o'====== Args={'value': 60, 'prev_value': None, 'change': True}
2025-11-19 14:02:59,367 : INFO : EventManager : Event: ======'machine_var_audits_shots_holly_y'====== Args={'value': 27, 'prev_value': None, 'change': True}
2025-11-19 14:02:59,367 : INFO : EventManager : Event: ======'machine_var_audits_shots_targetl2'====== Args={'value': 2, 'prev_value': None, 'change': True}
2025-11-19 14:02:59,367 : INFO : EventManager : Event: ======'machine_var_audits_switches_s_AirDuctEnter001'====== Args={'value': 14, 'prev_value': None, 'change': True}
2025-11-19 14:02:59,367 : INFO : EventManager : Event: ======'machine_var_audits_switches_s_TrPF1'====== Args={'value': 0, 'prev_value': None, 'change': True}
2025-11-19 14:02:59,367 : INFO : EventManager : Event: ======'machine_var_audits_switches_s_TrPF2'====== Args={'value': 0, 'prev_value': None, 'change': True}
2025-11-19 14:02:59,367 : INFO : EventManager : Event: ======'machine_var_audits_switches_s_TrPF3'====== Args={'value': 0, 'prev_value': None, 'change': True}
2025-11-19 14:02:59,367 : INFO : EventManager : Event: ======'machine_var_audits_switches_s_UrampUp001'====== Args={'value': 0, 'prev_value': None, 'change': True}
2025-11-19 14:02:59,367 : INFO : EventManager : Event: ======'machine_var_audits_switches_s_airplane'====== Args={'value': 42, 'prev_value': None, 'change': True}
2025-11-19 14:02:59,367 : INFO : EventManager : Event: ======'machine_var_audits_switches_s_bottom_left_inner_drain'====== Args={'value': 102, 'prev_value': None, 'change': True}
2025-11-19 14:02:59,367 : INFO : EventManager : Event: ======'machine_var_audits_switches_s_bottom_left_outer_drain'====== Args={'value': 92, 'prev_value': None, 'change': True}
2025-11-19 14:02:59,368 : INFO : EventManager : Event: ======'machine_var_audits_switches_s_bottom_right_inner_drain'====== Args={'value': 126, 'prev_value': None, 'change': True}
2025-11-19 14:02:59,368 : INFO : EventManager : Event: ======'machine_var_audits_switches_s_bottom_right_outer_drain'====== Args={'value': 328, 'prev_value': None, 'change': True}
2025-11-19 14:02:59,368 : INFO : EventManager : Event: ======'machine_var_audits_switches_s_bottom_right_vuk'====== Args={'value': 1822, 'prev_value': None, 'change': True}
2025-11-19 14:02:59,368 : INFO : EventManager : Event: ======'machine_var_audits_switches_s_captiveball'====== Args={'value': 0, 'prev_value': None, 'change': True}
2025-11-19 14:02:59,368 : INFO : EventManager : Event: ======'machine_var_audits_switches_s_door'====== Args={'value': 59, 'prev_value': None, 'change': True}
2025-11-19 14:02:59,368 : INFO : EventManager : Event: ======'machine_var_audits_switches_s_door_tilt'====== Args={'value': 115, 'prev_value': None, 'change': True}
2025-11-19 14:02:59,368 : INFO : EventManager : Event: ======'machine_var_audits_switches_s_drop_target_1'====== Args={'value': 114, 'prev_value': None, 'change': True}
2025-11-19 14:02:59,368 : INFO : EventManager : Event: ======'machine_var_audits_switches_s_drop_target_2'====== Args={'value': 102, 'prev_value': None, 'change': True}
2025-11-19 14:02:59,368 : INFO : EventManager : Event: ======'machine_var_audits_switches_s_drop_target_3'====== Args={'value': 113, 'prev_value': None, 'change': True}
2025-11-19 14:02:59,368 : INFO : EventManager : Event: ======'machine_var_audits_switches_s_enter'====== Args={'value': 0, 'prev_value': None, 'change': True}
2025-11-19 14:02:59,368 : INFO : EventManager : Event: ======'machine_var_audits_switches_s_escape'====== Args={'value': 0, 'prev_value': None, 'change': True}
2025-11-19 14:02:59,368 : INFO : EventManager : Event: ======'machine_var_audits_switches_s_fire'====== Args={'value': 169, 'prev_value': None, 'change': True}
2025-11-19 14:02:59,368 : INFO : EventManager : Event: ======'machine_var_audits_switches_s_highvuk'====== Args={'value': 76, 'prev_value': None, 'change': True}
2025-11-19 14:02:59,368 : INFO : EventManager : Event: ======'machine_var_audits_switches_s_holly_h'====== Args={'value': 248, 'prev_value': None, 'change': True}
2025-11-19 14:02:59,368 : INFO : EventManager : Event: ======'machine_var_audits_switches_s_holly_l'====== Args={'value': 216, 'prev_value': None, 'change': True}
2025-11-19 14:02:59,368 : INFO : EventManager : Event: ======'machine_var_audits_switches_s_holly_l1'====== Args={'value': 75, 'prev_value': None, 'change': True}
2025-11-19 14:02:59,368 : INFO : EventManager : Event: ======'machine_var_audits_switches_s_holly_l_1'====== Args={'value': 93, 'prev_value': None, 'change': True}
2025-11-19 14:02:59,368 : INFO : EventManager : Event: ======'machine_var_audits_switches_s_holly_o'====== Args={'value': 176, 'prev_value': None, 'change': True}
2025-11-19 14:02:59,368 : INFO : EventManager : Event: ======'machine_var_audits_switches_s_holly_y'====== Args={'value': 71, 'prev_value': None, 'change': True}
2025-11-19 14:02:59,368 : INFO : EventManager : Event: ======'machine_var_audits_switches_s_kickervault1'====== Args={'value': 0, 'prev_value': None, 'change': True}
2025-11-19 14:02:59,368 : INFO : EventManager : Event: ======'machine_var_audits_switches_s_left spinner'====== Args={'value': 1170, 'prev_value': None, 'change': True}
2025-11-19 14:02:59,368 : INFO : EventManager : Event: ======'machine_var_audits_switches_s_left_coin'====== Args={'value': 0, 'prev_value': None, 'change': True}
2025-11-19 14:02:59,369 : INFO : EventManager : Event: ======'machine_var_audits_switches_s_left_flipper'====== Args={'value': 1435, 'prev_value': None, 'change': True}
2025-11-19 14:02:59,369 : INFO : EventManager : Event: ======'machine_var_audits_switches_s_left_flipper_eos'====== Args={'value': 1374, 'prev_value': None, 'change': True}
2025-11-19 14:02:59,369 : INFO : EventManager : Event: ======'machine_var_audits_switches_s_left_inlane'====== Args={'value': 0, 'prev_value': None, 'change': True}
2025-11-19 14:02:59,369 : INFO : EventManager : Event: ======'machine_var_audits_switches_s_left_magna'====== Args={'value': 377, 'prev_value': None, 'change': True}
2025-11-19 14:02:59,369 : INFO : EventManager : Event: ======'machine_var_audits_switches_s_left_orbit'====== Args={'value': 335, 'prev_value': None, 'change': True}
2025-11-19 14:02:59,369 : INFO : EventManager : Event: ======'machine_var_audits_switches_s_left_orbit2'====== Args={'value': 0, 'prev_value': None, 'change': True}
2025-11-19 14:02:59,369 : INFO : EventManager : Event: ======'machine_var_audits_switches_s_left_outlane'====== Args={'value': 0, 'prev_value': None, 'change': True}
2025-11-19 14:02:59,369 : INFO : EventManager : Event: ======'machine_var_audits_switches_s_left_sling'====== Args={'value': 354, 'prev_value': None, 'change': True}
2025-11-19 14:02:59,369 : INFO : EventManager : Event: ======'machine_var_audits_switches_s_left_slingshot'====== Args={'value': 1, 'prev_value': None, 'change': True}
2025-11-19 14:02:59,369 : INFO : EventManager : Event: ======'machine_var_audits_switches_s_left_top_target'====== Args={'value': 76, 'prev_value': None, 'change': True}
2025-11-19 14:02:59,369 : INFO : EventManager : Event: ======'machine_var_audits_switches_s_mid_orbit'====== Args={'value': 0, 'prev_value': None, 'change': True}
2025-11-19 14:02:59,369 : INFO : EventManager : Event: ======'machine_var_audits_switches_s_middle_top_target'====== Args={'value': 42, 'prev_value': None, 'change': True}
2025-11-19 14:02:59,369 : INFO : EventManager : Event: ======'machine_var_audits_switches_s_minus'====== Args={'value': 0, 'prev_value': None, 'change': True}
2025-11-19 14:02:59,369 : INFO : EventManager : Event: ======'machine_var_audits_switches_s_nakatomi'====== Args={'value': 199, 'prev_value': None, 'change': True}
2025-11-19 14:02:59,369 : INFO : EventManager : Event: ======'machine_var_audits_switches_s_nakatomi_lock_ball_count'====== Args={'value': 0, 'prev_value': None, 'change': True}
2025-11-19 14:02:59,369 : INFO : EventManager : Event: ======'machine_var_audits_switches_s_plunger_lane'====== Args={'value': 157, 'prev_value': None, 'change': True}
2025-11-19 14:02:59,369 : INFO : EventManager : Event: ======'machine_var_audits_switches_s_plus'====== Args={'value': 0, 'prev_value': None, 'change': True}
2025-11-19 14:02:59,369 : INFO : EventManager : Event: ======'machine_var_audits_switches_s_popbumper_left'====== Args={'value': 244, 'prev_value': None, 'change': True}
2025-11-19 14:02:59,369 : INFO : EventManager : Event: ======'machine_var_audits_switches_s_popbumper_right'====== Args={'value': 528, 'prev_value': None, 'change': True}
2025-11-19 14:02:59,369 : INFO : EventManager : Event: ======'machine_var_audits_switches_s_push_drop_target_4'====== Args={'value': 2, 'prev_value': None, 'change': True}
2025-11-19 14:02:59,369 : INFO : EventManager : Event: ======'machine_var_audits_switches_s_push_drop_target_5'====== Args={'value': 0, 'prev_value': None, 'change': True}
2025-11-19 14:02:59,369 : INFO : EventManager : Event: ======'machine_var_audits_switches_s_right spinner'====== Args={'value': 134, 'prev_value': None, 'change': True}
2025-11-19 14:02:59,369 : INFO : EventManager : Event: ======'machine_var_audits_switches_s_right_coin'====== Args={'value': 0, 'prev_value': None, 'change': True}
2025-11-19 14:02:59,369 : INFO : EventManager : Event: ======'machine_var_audits_switches_s_right_flipper'====== Args={'value': 1589, 'prev_value': None, 'change': True}
2025-11-19 14:02:59,369 : INFO : EventManager : Event: ======'machine_var_audits_switches_s_right_flipper_eos'====== Args={'value': 1535, 'prev_value': None, 'change': True}
2025-11-19 14:02:59,369 : INFO : EventManager : Event: ======'machine_var_audits_switches_s_right_inlane'====== Args={'value': 0, 'prev_value': None, 'change': True}
2025-11-19 14:02:59,369 : INFO : EventManager : Event: ======'machine_var_audits_switches_s_right_magna'====== Args={'value': 315, 'prev_value': None, 'change': True}
2025-11-19 14:02:59,369 : INFO : EventManager : Event: ======'machine_var_audits_switches_s_right_orbit'====== Args={'value': 250, 'prev_value': None, 'change': True}
2025-11-19 14:02:59,369 : INFO : EventManager : Event: ======'machine_var_audits_switches_s_right_orbit2'====== Args={'value': 0, 'prev_value': None, 'change': True}
2025-11-19 14:02:59,369 : INFO : EventManager : Event: ======'machine_var_audits_switches_s_right_outlane'====== Args={'value': 0, 'prev_value': None, 'change': True}
2025-11-19 14:02:59,369 : INFO : EventManager : Event: ======'machine_var_audits_switches_s_right_sling'====== Args={'value': 449, 'prev_value': None, 'change': True}
2025-11-19 14:02:59,369 : INFO : EventManager : Event: ======'machine_var_audits_switches_s_right_slingshot'====== Args={'value': 0, 'prev_value': None, 'change': True}
2025-11-19 14:02:59,371 : INFO : EventManager : Event: ======'machine_var_audits_switches_s_right_top_target'====== Args={'value': 38, 'prev_value': None, 'change': True}
2025-11-19 14:02:59,371 : INFO : EventManager : Event: ======'machine_var_audits_switches_s_rightkicker'====== Args={'value': 0, 'prev_value': None, 'change': True}
2025-11-19 14:02:59,371 : INFO : EventManager : Event: ======'machine_var_audits_switches_s_rightvuk'====== Args={'value': 0, 'prev_value': None, 'change': True}
2025-11-19 14:02:59,371 : INFO : EventManager : Event: ======'machine_var_audits_switches_s_safe_vuk'====== Args={'value': 354, 'prev_value': None, 'change': True}
2025-11-19 14:02:59,371 : INFO : EventManager : Event: ======'machine_var_audits_switches_s_spinnerleft'====== Args={'value': 10, 'prev_value': None, 'change': True}
2025-11-19 14:02:59,371 : INFO : EventManager : Event: ======'machine_var_audits_switches_s_spinnerright'====== Args={'value': 5, 'prev_value': None, 'change': True}
2025-11-19 14:02:59,371 : INFO : EventManager : Event: ======'machine_var_audits_switches_s_start'====== Args={'value': 64, 'prev_value': None, 'change': True}
2025-11-19 14:02:59,371 : INFO : EventManager : Event: ======'machine_var_audits_switches_s_swDivParkp'====== Args={'value': 0, 'prev_value': None, 'change': True}
2025-11-19 14:02:59,371 : INFO : EventManager : Event: ======'machine_var_audits_switches_s_swleftinlane'====== Args={'value': 0, 'prev_value': None, 'change': True}
2025-11-19 14:02:59,371 : INFO : EventManager : Event: ======'machine_var_audits_switches_s_swleftorb1'====== Args={'value': 2, 'prev_value': None, 'change': True}
2025-11-19 14:02:59,371 : INFO : EventManager : Event: ======'machine_var_audits_switches_s_swleftorb2'====== Args={'value': 2, 'prev_value': None, 'change': True}
2025-11-19 14:02:59,371 : INFO : EventManager : Event: ======'machine_var_audits_switches_s_swleftoutlane'====== Args={'value': 0, 'prev_value': None, 'change': True}
2025-11-19 14:02:59,371 : INFO : EventManager : Event: ======'machine_var_audits_switches_s_swmidorb'====== Args={'value': 0, 'prev_value': None, 'change': True}
2025-11-19 14:02:59,371 : INFO : EventManager : Event: ======'machine_var_audits_switches_s_swrightinlane'====== Args={'value': 1, 'prev_value': None, 'change': True}
2025-11-19 14:02:59,371 : INFO : EventManager : Event: ======'machine_var_audits_switches_s_swrightorb1'====== Args={'value': 1, 'prev_value': None, 'change': True}
2025-11-19 14:02:59,371 : INFO : EventManager : Event: ======'machine_var_audits_switches_s_swrightorb2'====== Args={'value': 0, 'prev_value': None, 'change': True}
2025-11-19 14:02:59,371 : INFO : EventManager : Event: ======'machine_var_audits_switches_s_swrightoutlane'====== Args={'value': 0, 'prev_value': None, 'change': True}
2025-11-19 14:02:59,371 : INFO : EventManager : Event: ======'machine_var_audits_switches_s_target002'====== Args={'value': 0, 'prev_value': None, 'change': True}
2025-11-19 14:02:59,371 : INFO : EventManager : Event: ======'machine_var_audits_switches_s_target003'====== Args={'value': 0, 'prev_value': None, 'change': True}
2025-11-19 14:02:59,371 : INFO : EventManager : Event: ======'machine_var_audits_switches_s_target004'====== Args={'value': 0, 'prev_value': None, 'change': True}
2025-11-19 14:02:59,371 : INFO : EventManager : Event: ======'machine_var_audits_switches_s_target_2'====== Args={'value': 0, 'prev_value': None, 'change': True}
2025-11-19 14:02:59,371 : INFO : EventManager : Event: ======'machine_var_audits_switches_s_target_3'====== Args={'value': 0, 'prev_value': None, 'change': True}
2025-11-19 14:02:59,371 : INFO : EventManager : Event: ======'machine_var_audits_switches_s_targeth'====== Args={'value': 0, 'prev_value': None, 'change': True}
2025-11-19 14:02:59,371 : INFO : EventManager : Event: ======'machine_var_audits_switches_s_targetl'====== Args={'value': 0, 'prev_value': None, 'change': True}
2025-11-19 14:02:59,371 : INFO : EventManager : Event: ======'machine_var_audits_switches_s_targetl2'====== Args={'value': 2, 'prev_value': None, 'change': True}
2025-11-19 14:02:59,371 : INFO : EventManager : Event: ======'machine_var_audits_switches_s_targeto'====== Args={'value': 0, 'prev_value': None, 'change': True}
2025-11-19 14:02:59,372 : INFO : EventManager : Event: ======'machine_var_audits_switches_s_targety'====== Args={'value': 0, 'prev_value': None, 'change': True}
2025-11-19 14:02:59,372 : INFO : EventManager : Event: ======'machine_var_audits_switches_s_tilt_bob'====== Args={'value': 0, 'prev_value': None, 'change': True}
2025-11-19 14:02:59,372 : INFO : EventManager : Event: ======'machine_var_audits_switches_s_top_flipper_eos'====== Args={'value': 1373, 'prev_value': None, 'change': True}
2025-11-19 14:02:59,372 : INFO : EventManager : Event: ======'machine_var_audits_switches_s_top_flipper_hold'====== Args={'value': 0, 'prev_value': None, 'change': True}
2025-11-19 14:02:59,372 : INFO : EventManager : Event: ======'machine_var_audits_switches_s_towervuk'====== Args={'value': 0, 'prev_value': None, 'change': True}
2025-11-19 14:02:59,372 : INFO : EventManager : Event: ======'machine_var_audits_switches_s_trmagl'====== Args={'value': 0, 'prev_value': None, 'change': True}
2025-11-19 14:02:59,372 : INFO : EventManager : Event: ======'machine_var_audits_switches_s_trmagr'====== Args={'value': 0, 'prev_value': None, 'change': True}
2025-11-19 14:02:59,372 : INFO : EventManager : Event: ======'machine_var_audits_switches_s_trough1'====== Args={'value': 222, 'prev_value': None, 'change': True}
2025-11-19 14:02:59,372 : INFO : EventManager : Event: ======'machine_var_audits_switches_s_trough2'====== Args={'value': 118, 'prev_value': None, 'change': True}
2025-11-19 14:02:59,372 : INFO : EventManager : Event: ======'machine_var_audits_switches_s_trough3'====== Args={'value': 116, 'prev_value': None, 'change': True}
2025-11-19 14:02:59,372 : INFO : EventManager : Event: ======'machine_var_audits_switches_s_trough4'====== Args={'value': 120, 'prev_value': None, 'change': True}
2025-11-19 14:02:59,372 : INFO : EventManager : Event: ======'machine_var_audits_switches_s_trough5'====== Args={'value': 100, 'prev_value': None, 'change': True}
2025-11-19 14:02:59,372 : INFO : EventManager : Event: ======'machine_var_audits_switches_s_trough6'====== Args={'value': 100, 'prev_value': None, 'change': True}
2025-11-19 14:02:59,372 : INFO : EventManager : Event: ======'machine_var_audits_switches_s_trough_jam'====== Args={'value': 171, 'prev_value': None, 'change': True}
2025-11-19 14:02:59,372 : INFO : EventManager : Event: ======'machine_var_audits_switches_s_tunel_vuk'====== Args={'value': 225, 'prev_value': None, 'change': True}
2025-11-19 14:02:59,372 : INFO : EventManager : Event: ======'machine_var_audits_switches_s_upper_pf_entrance'====== Args={'value': 0, 'prev_value': None, 'change': True}
2025-11-19 14:02:59,372 : INFO : EventManager : Event: ======'machine_var_audits_switches_swPlunger'====== Args={'value': 16, 'prev_value': None, 'change': True}
2025-11-19 14:02:59,372 : INFO : EventManager : Event: ======'machine_var_audits_switches_SpinnerLeft'====== Args={'value': 0, 'prev_value': None, 'change': True}
2025-11-19 14:02:59,372 : INFO : EventManager : Event: ======'machine_var_audits_switches_SpinnerRight'====== Args={'value': 0, 'prev_value': None, 'change': True}
2025-11-19 14:02:59,373 : INFO : EventManager : Event: ======'init_phase_5'====== Args={}
2025-11-19 14:02:59,374 : INFO : EventManager : Event: ======'init_done'====== Args={}
2025-11-19 14:02:59,374 : INFO : EventManager : Event: ======'machine_reset_phase_1'====== Args={}
2025-11-19 14:02:59,374 : INFO : EventManager : Event: ======'machine_reset_phase_2'====== Args={}
2025-11-19 14:02:59,374 : INFO : EventManager : Event: ======'machine_reset_phase_3'====== Args={}
2025-11-19 14:02:59,374 : INFO : drop_target_bank.bank : All targets are already up. Will not reset bank.
2025-11-19 14:02:59,374 : INFO : drop_target_bank.bank1 : All targets are already up. Will not reset bank.
2025-11-19 14:02:59,375 : INFO : drop_target_bank.bank2 : All targets are already up. Will not reset bank.
2025-11-19 14:02:59,375 : INFO : EventManager : Event: ======'reset_complete'====== Args={}
2025-11-19 14:02:59,375 : INFO : EventManager : Event: ======'mode_attract_will_start'====== Args={}
2025-11-19 14:02:59,375 : INFO : EventManager : Event: ======'mode_attract_starting'====== Args={}
2025-11-19 14:02:59,375 : INFO : Mode.attract : Started. Priority: 10
2025-11-19 14:02:59,375 : INFO : EventManager : Event: ======'modes_active_modes_changed'====== Args={}
2025-11-19 14:02:59,375 : INFO : EventManager : Event: ======'mode_attract_started'====== Args={}
2025-11-19 14:02:59,376 : INFO : show_player : key_attract_christmas
2025-11-19 14:02:59,377 : INFO : EventManager : Event: ======'collecting_balls_complete'====== Args={}
2025-11-19 14:02:59,378 : INFO : Machine : Starting the main run loop with active modes: [<Mode.attract>]
2025-11-19 14:03:09,418 : INFO : BcpServer : New client connected.
2025-11-19 14:03:22,544 : INFO : SwitchController : <<<<<<< 's_start' active >>>>>>>
2025-11-19 14:03:22,602 : INFO : SwitchController : <<<<<<< 's_start' inactive >>>>>>>
2025-11-19 14:03:22,602 : INFO : EventManager : Event: ======'request_to_start_game'====== Args={}
2025-11-19 14:03:22,602 : INFO : EventManager : Event: ======'game_start'====== Args={'buttons': [], 'hold_time': 0.0629999999946449}
2025-11-19 14:03:22,602 : INFO : EventManager : Event: ======'mode_game_will_start'====== Args={'buttons': [], 'hold_time': 0.0629999999946449}
2025-11-19 14:03:22,602 : INFO : EventManager : Event: ======'mode_game_starting'====== Args={'buttons': [], 'hold_time': 0.0629999999946449}
2025-11-19 14:03:22,603 : INFO : EventManager : Event: ======'mode_attract_will_stop'====== Args={}
2025-11-19 14:03:22,603 : INFO : EventManager : Event: ======'mode_attract_stopping'====== Args={}
2025-11-19 14:03:22,603 : INFO : Mode.attract : Stopped.
2025-11-19 14:03:22,603 : INFO : EventManager : Event: ======'modes_active_modes_changed'====== Args={}
2025-11-19 14:03:22,603 : INFO : EventManager : Event: ======'mode_attract_stopped'====== Args={}
2025-11-19 14:03:22,603 : INFO : EventManager : Event: ======'clear'====== Args={'key': 'attract'}
2025-11-19 14:03:22,603 : INFO : Mode.game : Started. Priority: 20
2025-11-19 14:03:22,603 : INFO : EventManager : Event: ======'modes_active_modes_changed'====== Args={}
2025-11-19 14:03:22,604 : INFO : EventManager : Event: ======'mode_game_started'====== Args={'buttons': [], 'hold_time': 0.0629999999946449}
2025-11-19 14:03:22,604 : INFO : EventManager : Event: ======'game_will_start'====== Args={}
2025-11-19 14:03:22,604 : INFO : EventManager : Event: ======'game_starting'====== Args={'game': <Mode.game>}
2025-11-19 14:03:22,605 : INFO : EventManager : Unordered handler for class <Auditor> on event game_ended with priority 1. Handlers: [RegisteredHandler(callback=<bound method Auditor.disable of <Auditor>>, priority=1, kwargs={}, key=UUID('441258b3-05cd-406d-bb0a-4cbcb1124b26'), condition=None, blocking_facility=None), RegisteredHandler(callback=<bound method Auditor._save_audits of <Auditor>>, priority=1, kwargs={}, key=UUID('9fbfaacb-14b6-4416-89e2-155b09f3fb94'), condition=None, blocking_facility=None)]. The order of those handlers is not defined and they will be executed in random order. This might lead to race conditions and potential bugs.
2025-11-19 14:03:22,605 : INFO : EventManager : Event: ======'player_add_request'====== Args={}
2025-11-19 14:03:22,605 : INFO : EventManager : Event: ======'player_will_add'====== Args={'number': 1}
2025-11-19 14:03:22,605 : INFO : EventManager : Event: ======'player_adding'====== Args={'player': <Player 1>, 'number': 1}
2025-11-19 14:03:22,605 : INFO : EventManager : Event: ======'player_added'====== Args={'player': <Player 1>, 'num': 1}
2025-11-19 14:03:22,605 : INFO : Mode.game : Player added successfully. Total players: 1
2025-11-19 14:03:22,605 : INFO : EventManager : Event: ======'player_index'====== Args={'value': 0, 'prev_value': 0, 'change': 0, 'player_num': 1}
2025-11-19 14:03:22,605 : INFO : EventManager : Event: ======'player_number'====== Args={'value': 1, 'prev_value': 1, 'change': 0, 'player_num': 1}
2025-11-19 14:03:22,605 : INFO : EventManager : Event: ======'player_score'====== Args={'value': 0, 'prev_value': 0, 'change': 0, 'player_num': 1}
2025-11-19 14:03:22,606 : INFO : EventManager : Event: ======'game_started'====== Args={}
2025-11-19 14:03:22,606 : INFO : EventManager : Event: ======'player_turn_will_start'====== Args={'player': <Player 1>, 'number': 1}
2025-11-19 14:03:22,606 : INFO : EventManager : Event: ======'player_turn_starting'====== Args={'player': <Player 1>, 'number': 1}
2025-11-19 14:03:22,607 : INFO : EventManager : Event: ======'player_ball'====== Args={'value': 1, 'prev_value': 0, 'change': 1, 'player_num': 1}
2025-11-19 14:03:22,607 : INFO : EventManager : Event: ======'player_turn_started'====== Args={'player': <Player 1>, 'number': 1}
2025-11-19 14:03:22,614 : INFO : EventManager : Event: ======'ball_will_start'====== Args={'player': 1, 'ball': 1, 'balls_remaining': 2, 'is_extra_ball': False}
2025-11-19 14:03:22,615 : INFO : EventManager : Event: ======'ball_starting'====== Args={'player': 1, 'ball': 1, 'balls_remaining': 2, 'is_extra_ball': False}
2025-11-19 14:03:22,615 : INFO : drop_target_bank.bank : All targets are already up. Will not reset bank.
2025-11-19 14:03:22,615 : INFO : drop_target_bank.bank1 : All targets are already up. Will not reset bank.
2025-11-19 14:03:22,615 : INFO : drop_target_bank.bank2 : All targets are already up. Will not reset bank.
2025-11-19 14:03:22,615 : INFO : EventManager : Event: ======'balls_in_play'====== Args={'balls': 1}
2025-11-19 14:03:22,616 : INFO : EventManager : Event: ======'ball_started'====== Args={'player': 1, 'ball': 1, 'balls_remaining': 2, 'is_extra_ball': False}
2025-11-19 14:03:22,616 : INFO : EventManager : Event: ======'mode_holly_will_start'====== Args={'player': 1, 'ball': 1, 'balls_remaining': 2, 'is_extra_ball': False}
2025-11-19 14:03:22,616 : INFO : EventManager : Event: ======'holly_targets_complete'====== Args={'state': 'None'}
2025-11-19 14:03:22,616 : INFO : EventManager : Event: ======'holly_targets_None_complete'====== Args={}
2025-11-19 14:03:22,617 : INFO : EventManager : Event: ======'player_shot_holly_h_enabled'====== Args={'value': True, 'prev_value': 0, 'change': 1, 'player_num': 1}
2025-11-19 14:03:22,617 : INFO : EventManager : Event: ======'player_shot_holly_o_enabled'====== Args={'value': True, 'prev_value': 0, 'change': 1, 'player_num': 1}
2025-11-19 14:03:22,617 : INFO : EventManager : Event: ======'player_shot_holly_l_enabled'====== Args={'value': True, 'prev_value': 0, 'change': 1, 'player_num': 1}
2025-11-19 14:03:22,617 : INFO : EventManager : Event: ======'player_shot_holly_l1_enabled'====== Args={'value': True, 'prev_value': 0, 'change': 1, 'player_num': 1}
2025-11-19 14:03:22,618 : INFO : EventManager : Event: ======'player_shot_holly_y_enabled'====== Args={'value': True, 'prev_value': 0, 'change': 1, 'player_num': 1}
2025-11-19 14:03:22,618 : INFO : EventManager : Event: ======'mode_holly_starting'====== Args={'player': 1, 'ball': 1, 'balls_remaining': 2, 'is_extra_ball': False}
2025-11-19 14:03:22,618 : INFO : EventManager : Event: ======'mode_score_will_start'====== Args={'player': 1, 'ball': 1, 'balls_remaining': 2, 'is_extra_ball': False}
2025-11-19 14:03:22,618 : INFO : EventManager : Event: ======'mode_score_starting'====== Args={'player': 1, 'ball': 1, 'balls_remaining': 2, 'is_extra_ball': False}
2025-11-19 14:03:22,619 : INFO : EventManager : Event: ======'mode_base_will_start'====== Args={'player': 1, 'ball': 1, 'balls_remaining': 2, 'is_extra_ball': False}
2025-11-19 14:03:22,620 : INFO : EventManager : Event: ======'mode_base_starting'====== Args={'player': 1, 'ball': 1, 'balls_remaining': 2, 'is_extra_ball': False}
2025-11-19 14:03:22,620 : INFO : Mode.base : Started. Priority: 100
2025-11-19 14:03:22,620 : INFO : EventManager : Event: ======'modes_active_modes_changed'====== Args={}
2025-11-19 14:03:22,621 : INFO : EventManager : Event: ======'mode_base_started'====== Args={'player': 1, 'ball': 1, 'balls_remaining': 2, 'is_extra_ball': False}
2025-11-19 14:03:22,621 : INFO : EventManager : Event: ======'gameplay_music_4'====== Args={'player': 1, 'ball': 1, 'balls_remaining': 2, 'is_extra_ball': False}
2025-11-19 14:03:22,621 : INFO : Mode.score : Started. Priority: 110
2025-11-19 14:03:22,621 : INFO : EventManager : Event: ======'modes_active_modes_changed'====== Args={}
2025-11-19 14:03:22,621 : INFO : EventManager : Event: ======'mode_score_started'====== Args={'player': 1, 'ball': 1, 'balls_remaining': 2, 'is_extra_ball': False}
2025-11-19 14:03:22,621 : INFO : Mode.holly : Started. Priority: 110
2025-11-19 14:03:22,621 : INFO : EventManager : Event: ======'modes_active_modes_changed'====== Args={}
2025-11-19 14:03:22,621 : INFO : EventManager : Event: ======'mode_holly_started'====== Args={'player': 1, 'ball': 1, 'balls_remaining': 2, 'is_extra_ball': False}
2025-11-19 14:03:22,622 : INFO : EventManager : Event: ======'single_player_ball_started'====== Args={}
2025-11-19 14:03:22,622 : INFO : EventManager : Event: ======'ball_start_target'====== Args={'target': 'playfield'}
2025-11-19 14:03:22,622 : INFO : ball_device.bd_plunger : Setting up player-controlled eject. Balls: 1, Target: <playfield.playfield>, player_controlled_eject_event: s_fire_active
2025-11-19 14:03:22,623 : INFO : EventManager : Event: ======'balldevice_balls_available'====== Args={}
2025-11-19 14:03:22,624 : INFO : ball_device.bd_trough : State: waiting_for_target_ready
2025-11-19 14:03:22,624 : INFO : EventManager : Event: ======'balldevice_bd_trough_ball_eject_attempt'====== Args={'balls': 1, 'target': <ball_device.bd_plunger>, 'source': <ball_device.bd_trough>, 'mechanical_eject': True, 'num_attempts': 0}
2025-11-19 14:03:22,624 : INFO : ball_device.bd_plunger : State: waiting_for_ball
2025-11-19 14:03:22,626 : INFO : ball_device.bd_trough : State: ejecting
2025-11-19 14:03:22,626 : INFO : ball_device.bd_trough : Ejecting ball to <ball_device.bd_plunger>
2025-11-19 14:03:22,626 : INFO : EventManager : Event: ======'balldevice_bd_trough_ejecting_ball'====== Args={'balls': 1, 'target': <ball_device.bd_plunger>, 'source': <ball_device.bd_trough>, 'mechanical_eject': True, 'num_attempts': 0}
2025-11-19 14:03:22,627 : INFO : ball_device.bd_trough : Wait for ball to leave device
2025-11-19 14:03:22,627 : INFO : coil.c_trough_eject : Pulsing Driver for 20ms (1.0 pulse_power)
2025-11-19 14:03:22,627 : INFO : SmartVirtual Coil Action : LOOBEELOO
2025-11-19 14:03:22,627 : INFO : SwitchController : <<<<<<< 's_trough1' inactive >>>>>>>
2025-11-19 14:03:22,627 : INFO : SmartVirtual Coil Action : Deactivating: s_trough1
2025-11-19 14:03:22,628 : INFO : ball_device.bd_trough : State: ball_left
2025-11-19 14:03:22,628 : INFO : ball_device.bd_trough : Ball left
2025-11-19 14:03:22,628 : INFO : ball_device.bd_trough : Wait for confirm with timeout 10.0
2025-11-19 14:03:22,725 : INFO : SwitchController : <<<<<<< 's_plunger_lane' active >>>>>>>
2025-11-19 14:03:22,725 : INFO : EventManager : Event: ======'machine_var_audits_switches_s_plunger_lane'====== Args={'value': 158, 'prev_value': 157, 'change': 1}
2025-11-19 14:03:23,228 : INFO : ball_device.bd_plunger : Received ball from <ball_device.bd_trough>
2025-11-19 14:03:23,228 : INFO : EventManager : Event: ======'balldevice_bd_plunger_ball_enter'====== Args={'new_balls': 1, 'unclaimed_balls': 0, 'new_available_balls': 0, 'device': <ball_device.bd_plunger>}
2025-11-19 14:03:23,229 : INFO : EventManager : Event: ======'balldevice_bd_plunger_ball_entered'====== Args={'new_balls': 0, 'device': <ball_device.bd_plunger>}
2025-11-19 14:03:23,229 : INFO : EventManager : Event: ======'balldevice_bd_plunger_ball_count_changed'====== Args={'balls': 1}
2025-11-19 14:03:23,229 : INFO : ball_device.bd_trough : Got eject confirm
2025-11-19 14:03:23,229 : INFO : ball_device.bd_trough : Eject successful
2025-11-19 14:03:23,229 : INFO : EventManager : Event: ======'balldevice_bd_trough_ball_eject_success'====== Args={'balls': 1, 'target': <ball_device.bd_plunger>}
2025-11-19 14:03:23,229 : INFO : EventManager : Event: ======'balldevice_bd_trough_ball_count_changed'====== Args={'balls': 5}
2025-11-19 14:03:23,229 : INFO : ball_device.bd_trough : State: idle
2025-11-19 14:03:23,229 : INFO : ball_device.bd_plunger : State: waiting_for_target_ready
2025-11-19 14:03:23,229 : INFO : EventManager : Event: ======'balldevice_bd_plunger_ball_eject_attempt'====== Args={'balls': 1, 'target': <playfield.playfield>, 'source': <ball_device.bd_plunger>, 'mechanical_eject': True, 'num_attempts': 0}
2025-11-19 14:03:23,231 : INFO : ball_device.bd_plunger : State: ejecting
2025-11-19 14:03:23,231 : INFO : ball_device.bd_plunger : Ejecting ball to <playfield.playfield>
2025-11-19 14:03:23,231 : INFO : EventManager : Event: ======'balldevice_bd_plunger_ejecting_ball'====== Args={'balls': 1, 'target': <playfield.playfield>, 'source': <ball_device.bd_plunger>, 'mechanical_eject': True, 'num_attempts': 0}
2025-11-19 14:03:23,232 : INFO : ball_device.bd_plunger : Wait for ball to leave device
2025-11-19 14:03:24,009 : INFO : SwitchController : <<<<<<< 's_plunger_lane' inactive >>>>>>>
2025-11-19 14:03:24,009 : INFO : ball_device.bd_plunger : State: ball_left
2025-11-19 14:03:24,010 : INFO : ball_device.bd_plunger : Ball left
2025-11-19 14:03:24,010 : INFO : ball_device.bd_plunger : Wait for confirm with timeout 10.0
2025-11-19 14:03:34,012 : INFO : ball_device.bd_plunger : State: failed_confirm
2025-11-19 14:03:34,012 : INFO : ball_device.bd_plunger : Got timeout (10.0s) before confirm from <playfield.playfield>
2025-11-19 14:03:34,108 : INFO : ball_device.bd_plunger : Confirming eject because target is playfield and ball did not return.
2025-11-19 14:03:34,108 : INFO : ball_device.bd_plunger : Eject successful
2025-11-19 14:03:34,108 : INFO : EventManager : Event: ======'balldevice_bd_plunger_ball_eject_success'====== Args={'balls': 1, 'target': <playfield.playfield>}
2025-11-19 14:03:34,109 : INFO : EventManager : Event: ======'balldevice_playfield_ball_enter'====== Args={'new_balls': 1, 'unclaimed_balls': 1, 'device': <playfield.playfield>}
2025-11-19 14:03:34,109 : INFO : EventManager : Event: ======'playfield_ball_count_change'====== Args={'balls': 1, 'change': 1}
2025-11-19 14:03:34,109 : INFO : EventManager : Event: ======'balldevice_bd_plunger_ball_count_changed'====== Args={'balls': 0}
2025-11-19 14:03:34,109 : INFO : ball_device.bd_plunger : State: idle
2025-11-19 14:03:44,641 : INFO : SwitchController : <<<<<<< 'SpinnerLeft' active >>>>>>>
2025-11-19 14:03:44,641 : INFO : EventManager : Event: ======'SpinnerLeft_active'====== Args={}
2025-11-19 14:03:44,642 : INFO : EventManager : Event: ======'machine_var_audits_switches_SpinnerLeft'====== Args={'value': 1, 'prev_value': 0, 'change': 1}
2025-11-19 14:03:44,642 : INFO : EventManager : Event: ======'player_score'====== Args={'value': 1010, 'prev_value': 0, 'change': 1010, 'player_num': 1, 'source': 'score'}
2025-11-19 14:03:44,643 : INFO : EventManager : Event: ======'spinner_fx1'====== Args={}
2025-11-19 14:03:44,643 : INFO : show_player : key_s_left_spinner_active
2025-11-19 14:03:44,718 : INFO : SwitchController : <<<<<<< 'SpinnerLeft' inactive >>>>>>>
2025-11-19 14:03:45,683 : INFO : SwitchController : <<<<<<< 'SpinnerLeft' active >>>>>>>
2025-11-19 14:03:45,684 : INFO : EventManager : Event: ======'SpinnerLeft_active'====== Args={}
2025-11-19 14:03:45,684 : INFO : EventManager : Event: ======'machine_var_audits_switches_SpinnerLeft'====== Args={'value': 2, 'prev_value': 1, 'change': 1}
2025-11-19 14:03:45,684 : INFO : EventManager : Event: ======'player_score'====== Args={'value': 2020, 'prev_value': 1010, 'change': 1010, 'player_num': 1, 'source': 'score'}
2025-11-19 14:03:45,685 : INFO : EventManager : Event: ======'spinner_fx7'====== Args={}
2025-11-19 14:03:45,685 : INFO : show_player : key_s_left_spinner_active
2025-11-19 14:03:45,765 : INFO : SwitchController : <<<<<<< 'SpinnerLeft' inactive >>>>>>>
2025-11-19 14:03:51,837 : INFO : SwitchController : <<<<<<< 'SpinnerRight' active >>>>>>>
2025-11-19 14:03:51,837 : INFO : EventManager : Event: ======'SpinnerRight_active'====== Args={}
2025-11-19 14:03:51,837 : INFO : EventManager : Event: ======'machine_var_audits_switches_SpinnerRight'====== Args={'value': 1, 'prev_value': 0, 'change': 1}
2025-11-19 14:03:51,838 : INFO : EventManager : Event: ======'player_score'====== Args={'value': 3030, 'prev_value': 2020, 'change': 1010, 'player_num': 1, 'source': 'score'}
2025-11-19 14:03:51,838 : INFO : EventManager : Event: ======'spinner_fx2'====== Args={}
2025-11-19 14:03:51,839 : INFO : show_player : key_s_right_spinner_active
2025-11-19 14:03:51,910 : INFO : SwitchController : <<<<<<< 'SpinnerRight' inactive >>>>>>>
2025-11-19 14:03:52,686 : INFO : SwitchController : <<<<<<< 'SpinnerRight' active >>>>>>>
2025-11-19 14:03:52,686 : INFO : EventManager : Event: ======'SpinnerRight_active'====== Args={}
2025-11-19 14:03:52,687 : INFO : EventManager : Event: ======'machine_var_audits_switches_SpinnerRight'====== Args={'value': 2, 'prev_value': 1, 'change': 1}
2025-11-19 14:03:52,687 : INFO : EventManager : Event: ======'player_score'====== Args={'value': 4040, 'prev_value': 3030, 'change': 1010, 'player_num': 1, 'source': 'score'}
2025-11-19 14:03:52,687 : INFO : EventManager : Event: ======'spinner_fx8'====== Args={}
2025-11-19 14:03:52,687 : INFO : show_player : key_s_right_spinner_active
2025-11-19 14:03:52,745 : INFO : SwitchController : <<<<<<< 'SpinnerRight' inactive >>>>>>>
2025-11-19 14:03:53,555 : INFO : SwitchController : <<<<<<< 'SpinnerRight' active >>>>>>>
2025-11-19 14:03:53,555 : INFO : EventManager : Event: ======'SpinnerRight_active'====== Args={}
2025-11-19 14:03:53,555 : INFO : EventManager : Event: ======'machine_var_audits_switches_SpinnerRight'====== Args={'value': 3, 'prev_value': 2, 'change': 1}
2025-11-19 14:03:53,556 : INFO : EventManager : Event: ======'player_score'====== Args={'value': 5050, 'prev_value': 4040, 'change': 1010, 'player_num': 1, 'source': 'score'}
2025-11-19 14:03:53,556 : INFO : EventManager : Event: ======'spinner_fx6'====== Args={}
2025-11-19 14:03:53,556 : INFO : show_player : key_s_right_spinner_active
2025-11-19 14:03:53,622 : INFO : SwitchController : <<<<<<< 'SpinnerRight' inactive >>>>>>>
2025-11-19 14:03:54,854 : INFO : SwitchController : <<<<<<< 'SpinnerLeft' active >>>>>>>
2025-11-19 14:03:54,854 : INFO : EventManager : Event: ======'SpinnerLeft_active'====== Args={}
2025-11-19 14:03:54,855 : INFO : EventManager : Event: ======'machine_var_audits_switches_SpinnerLeft'====== Args={'value': 3, 'prev_value': 2, 'change': 1}
2025-11-19 14:03:54,855 : INFO : EventManager : Event: ======'player_score'====== Args={'value': 6060, 'prev_value': 5050, 'change': 1010, 'player_num': 1, 'source': 'score'}
2025-11-19 14:03:54,855 : INFO : EventManager : Event: ======'spinner_fx2'====== Args={}
2025-11-19 14:03:54,855 : INFO : show_player : key_s_left_spinner_active
2025-11-19 14:03:54,918 : INFO : SwitchController : <<<<<<< 'SpinnerLeft' inactive >>>>>>>
2025-11-19 14:04:02,399 : INFO : Machine : Shutting down...
2025-11-19 14:04:02,400 : INFO : EventManager : Event: ======'shutdown'====== Args={}
2025-11-19 14:04:02,400 : INFO : EventManager : Event: ======'mode_game_will_stop'====== Args={}
2025-11-19 14:04:02,401 : INFO : EventManager : Event: ======'mode_game_stopping'====== Args={}
2025-11-19 14:04:02,401 : INFO : EventManager : Event: ======'mode_base_will_stop'====== Args={}
2025-11-19 14:04:02,401 : INFO : EventManager : Event: ======'mode_base_stopping'====== Args={}
2025-11-19 14:04:02,401 : INFO : EventManager : Event: ======'mode_holly_will_stop'====== Args={}
2025-11-19 14:04:02,401 : INFO : EventManager : Event: ======'mode_holly_stopping'====== Args={}
2025-11-19 14:04:02,401 : INFO : EventManager : Event: ======'mode_score_will_stop'====== Args={}
2025-11-19 14:04:02,401 : INFO : EventManager : Event: ======'mode_score_stopping'====== Args={}
2025-11-19 14:04:02,401 : INFO : Mode.score : Stopped.
2025-11-19 14:04:02,402 : INFO : EventManager : Event: ======'modes_active_modes_changed'====== Args={}
2025-11-19 14:04:02,402 : INFO : EventManager : Event: ======'mode_score_stopped'====== Args={}
2025-11-19 14:04:02,402 : INFO : EventManager : Event: ======'clear'====== Args={'key': 'score'}
2025-11-19 14:04:02,402 : INFO : Mode.holly : Stopped.
2025-11-19 14:04:02,402 : INFO : EventManager : Event: ======'modes_active_modes_changed'====== Args={}
2025-11-19 14:04:02,402 : INFO : EventManager : Event: ======'mode_holly_stopped'====== Args={}
2025-11-19 14:04:02,402 : INFO : EventManager : Event: ======'clear'====== Args={'key': 'holly'}
2025-11-19 14:04:02,403 : INFO : Mode.base : Stopped.
2025-11-19 14:04:02,403 : INFO : EventManager : Event: ======'modes_active_modes_changed'====== Args={}
2025-11-19 14:04:02,403 : INFO : EventManager : Event: ======'mode_base_stopped'====== Args={}
2025-11-19 14:04:02,403 : INFO : EventManager : Event: ======'clear'====== Args={'key': 'base'}
2025-11-19 14:04:02,404 : INFO : Mode.game : Stopped.
2025-11-19 14:04:02,404 : INFO : EventManager : Event: ======'modes_active_modes_changed'====== Args={}
2025-11-19 14:04:02,404 : INFO : EventManager : Event: ======'mode_game_stopped'====== Args={}
2025-11-19 14:04:02,404 : INFO : EventManager : Event: ======'clear'====== Args={'key': 'game'}
2025-11-19 14:04:02,410 : INFO : root : MPF run loop ended.
