2025-05-19 15:16:54,207 : INFO : root : Loading config.
2025-05-19 15:16:54,221 : INFO : YamlMultifileConfigLoader : Machine config file #1: config.yaml
2025-05-19 15:16:54,222 : INFO : ConfigProcessor : Loading config from cache: C:\Users\carr-\AppData\Local\Temp\23e177fce4903a9a69d69f474fa748a1.mpf_cache
2025-05-19 15:16:54,356 : WARNING : ConfigProcessor : Config file in cache changed: C:\Users\carr-\Documents\development\diehard-mpf\modes\attract\config\attract.yaml
2025-05-19 15:16:54,356 : INFO : ConfigProcessor : Loading config from file C:\Users\carr-\Documents\development\mpf080\mpf\modes\attract\config\attract.yaml.
2025-05-19 15:16:54,365 : INFO : ConfigProcessor : Loading config: C:\Users\carr-\Documents\development\mpf080\mpf\modes\attract\config\attract.yaml
2025-05-19 15:16:54,365 : INFO : ConfigProcessor : Loading config from file C:\Users\carr-\Documents\development\diehard-mpf\modes\attract\config\attract.yaml.
2025-05-19 15:16:54,367 : INFO : ConfigProcessor : Loading config: C:\Users\carr-\Documents\development\diehard-mpf\modes\attract\config\attract.yaml
2025-05-19 15:16:54,367 : INFO : ConfigProcessor : Config file cache created: C:\Users\carr-\AppData\Local\Temp\2f9bbeccf93c71693a410725897ab70d.mpf_cache
2025-05-19 15:16:54,368 : INFO : ConfigProcessor : Loading config from cache: C:\Users\carr-\AppData\Local\Temp\71986c9cb54d44e1ee87b7d4d0f68024.mpf_cache
2025-05-19 15:16:54,377 : WARNING : ConfigProcessor : Config file in cache changed: C:\Users\carr-\Documents\development\diehard-mpf\modes\base\config\base.yaml
2025-05-19 15:16:54,377 : INFO : ConfigProcessor : Loading config from file C:\Users\carr-\Documents\development\diehard-mpf\modes\base\config\base.yaml.
2025-05-19 15:16:54,379 : INFO : ConfigProcessor : Loading config: C:\Users\carr-\Documents\development\diehard-mpf\modes\base\config\base.yaml
2025-05-19 15:16:54,380 : INFO : ConfigProcessor : Config file cache created: C:\Users\carr-\AppData\Local\Temp\460998002e273cec26232c9157d92984.mpf_cache
2025-05-19 15:16:54,381 : WARNING : ConfigProcessor : Config file in cache changed: C:\Users\carr-\Documents\development\diehard-mpf\modes\score\config\score.yaml
2025-05-19 15:16:54,381 : INFO : ConfigProcessor : Loading config from file C:\Users\carr-\Documents\development\diehard-mpf\modes\score\config\score.yaml.
2025-05-19 15:16:54,390 : INFO : ConfigProcessor : Loading config: C:\Users\carr-\Documents\development\diehard-mpf\modes\score\config\score.yaml
2025-05-19 15:16:54,391 : INFO : ConfigProcessor : Config file cache created: C:\Users\carr-\AppData\Local\Temp\668dbdbfcbfe997663fcbdfe0871c0b4.mpf_cache
2025-05-19 15:16:54,392 : INFO : ConfigProcessor : Loading config from file C:\Users\carr-\Documents\development\diehard-mpf\shows\.\attract_christmas.yaml.
2025-05-19 15:16:54,487 : INFO : ConfigProcessor : Loading config: C:\Users\carr-\Documents\development\diehard-mpf\shows\.\attract_christmas.yaml
2025-05-19 15:16:54,489 : INFO : ConfigProcessor : Config file cache created: C:\Users\carr-\AppData\Local\Temp\6a4847c7210b75a304ae3e1d0e125b6a.mpf_cache
2025-05-19 15:16:54,490 : INFO : ConfigProcessor : Loading config from cache: C:\Users\carr-\AppData\Local\Temp\5bdb9da15c9005c4036d70c7ddf4c03f.mpf_cache
2025-05-19 15:16:54,499 : INFO : ConfigProcessor : Loading config from cache: C:\Users\carr-\AppData\Local\Temp\4ef2cae97e908c683695ed521c4a6650.mpf_cache
2025-05-19 15:16:54,507 : INFO : ConfigProcessor : Loading config from cache: C:\Users\carr-\AppData\Local\Temp\3675271a3c90b9f1f0f947db698ba341.mpf_cache
2025-05-19 15:16:54,518 : INFO : Machine : Mission Pinball Framework Core Engine v0.80.0.dev6
2025-05-19 15:16:54,518 : INFO : Machine : Command line arguments: {'no_load_cache': False, 'create_config_cache': True, 'bcp': False, 'configfile': ['config.yaml'], 'force_assets_load': False, 'platform_integration_test': False, 'jsonlogging': False, 'logfile': 'logs\\2025-05-19-15-16-54-mpf-LAPTOP-99TN7EPH.log', 'pause': False, 'production': False, 'text_ui': False, 'loglevel': 15, 'consoleloglevel': 10, 'force_platform': 'smart_virtual', 'syslog_address': None, 'full_logfile_path': 'C:\\Users\\carr-\\Documents\\development\\diehard-mpf\\logs\\2025-05-19-15-16-54-mpf-LAPTOP-99TN7EPH.log'}
2025-05-19 15:16:54,518 : INFO : Machine : MPF path: C:\Users\carr-\Documents\development\mpf080\mpf
2025-05-19 15:16:54,518 : INFO : Machine : Machine path: C:\Users\carr-\Documents\development\diehard-mpf
2025-05-19 15:16:54,519 : INFO : Machine : Platform: win32
2025-05-19 15:16:54,519 : INFO : Machine : Python executable location: C:\Users\carr-\Documents\development\mpf080\mpfenv\Scripts\python.exe
2025-05-19 15:16:54,519 : INFO : Machine : Python version: 3.9.13 (64-bit)
2025-05-19 15:16:54,524 : INFO : Machine : Initializing MPF...
2025-05-19 15:16:54,748 : INFO : EventManager : Event: ======'machine_var_credits_string'====== Args={'value': 'FREE PLAY', 'prev_value': None, 'change': True}
2025-05-19 15:16:54,794 : INFO : EventManager : Event: ======'machine_var_fast_audio_headphones_volume'====== Args={'value': 10, 'prev_value': None, 'change': True}
2025-05-19 15:16:54,794 : INFO : EventManager : Event: ======'machine_var_fast_audio_main_volume'====== Args={'value': 60, 'prev_value': None, 'change': True}
2025-05-19 15:16:54,794 : INFO : EventManager : Event: ======'machine_var_master_volume'====== Args={'value': 0.5, 'prev_value': None, 'change': True}
2025-05-19 15:16:54,794 : INFO : EventManager : Event: ======'machine_var_player1_score'====== Args={'value': 0, 'prev_value': None, 'change': True}
2025-05-19 15:16:54,795 : INFO : EventManager : Event: ======'machine_var_var_which_attract'====== Args={'value': 0, 'prev_value': None, 'change': True}
2025-05-19 15:16:54,795 : INFO : EventManager : Event: ======'machine_var_mpf_version'====== Args={'value': 'Mission Pinball Framework v0.80.0.dev6', 'prev_value': None, 'change': True}
2025-05-19 15:16:54,795 : INFO : EventManager : Event: ======'machine_var_mpf_extended_version'====== Args={'value': 'Mission Pinball Framework v0.80.0.dev6, Config version:6, Show version: 6, BCP version:1.1', 'prev_value': None, 'change': True}
2025-05-19 15:16:54,795 : INFO : EventManager : Event: ======'machine_var_python_version'====== Args={'value': '3.9.13', 'prev_value': None, 'change': True}
2025-05-19 15:16:54,818 : INFO : EventManager : Event: ======'machine_var_platform'====== Args={'value': 'Windows-10-10.0.26100-SP0', 'prev_value': None, 'change': True}
2025-05-19 15:16:54,818 : INFO : EventManager : Event: ======'machine_var_platform_system'====== Args={'value': 'Windows', 'prev_value': None, 'change': True}
2025-05-19 15:16:54,818 : INFO : EventManager : Event: ======'machine_var_platform_release'====== Args={'value': '10', 'prev_value': None, 'change': True}
2025-05-19 15:16:54,818 : INFO : EventManager : Event: ======'machine_var_platform_version'====== Args={'value': '10.0.26100', 'prev_value': None, 'change': True}
2025-05-19 15:16:54,818 : INFO : EventManager : Event: ======'machine_var_platform_machine'====== Args={'value': 'AMD64', 'prev_value': None, 'change': True}
2025-05-19 15:16:54,818 : INFO : EventManager : Event: ======'machine_var_log_file_path'====== Args={'value': 'C:\\Users\\carr-\\Documents\\development\\diehard-mpf\\logs\\2025-05-19-15-16-54-mpf-LAPTOP-99TN7EPH.log', 'prev_value': None, 'change': True}
2025-05-19 15:16:54,818 : INFO : EventManager : Event: ======'init_phase_1'====== Args={}
2025-05-19 15:16:54,863 : INFO : EventManager : Event: ======'drop_target_bank_bank_up'====== Args={}
2025-05-19 15:16:54,865 : INFO : EventManager : Event: ======'init_phase_2'====== Args={}
2025-05-19 15:16:54,865 : INFO : SwitchController : Found active switch: ('d-8', <Platform.SmartVirtual>) <switch.s_trough1>
2025-05-19 15:16:54,865 : INFO : SwitchController : Found active switch: ('d-9', <Platform.SmartVirtual>) <switch.s_trough2>
2025-05-19 15:16:54,865 : INFO : SwitchController : Found active switch: ('d-10', <Platform.SmartVirtual>) <switch.s_trough3>
2025-05-19 15:16:54,865 : INFO : SwitchController : Found active switch: ('d-11', <Platform.SmartVirtual>) <switch.s_trough4>
2025-05-19 15:16:54,865 : INFO : SwitchController : Found active switch: ('d-12', <Platform.SmartVirtual>) <switch.s_trough5>
2025-05-19 15:16:54,865 : INFO : SwitchController : Found active switch: ('d-13', <Platform.SmartVirtual>) <switch.s_trough6>
2025-05-19 15:16:54,869 : INFO : ball_device.bd_trough : BCH: Initial count: 6
2025-05-19 15:16:54,869 : INFO : ball_device.bd_trough : State: idle
2025-05-19 15:16:54,869 : INFO : ball_device.bd_plunger : BCH: Initial count: 0
2025-05-19 15:16:54,869 : INFO : ball_device.bd_plunger : State: idle
2025-05-19 15:16:54,870 : INFO : ball_device.bd_scoop : BCH: Initial count: 0
2025-05-19 15:16:54,870 : INFO : ball_device.bd_scoop : State: idle
2025-05-19 15:16:54,870 : INFO : ball_device.bd_scoop1 : BCH: Initial count: 0
2025-05-19 15:16:54,870 : INFO : ball_device.bd_scoop1 : State: idle
2025-05-19 15:16:54,870 : INFO : ball_device.bd_scoop2 : BCH: Initial count: 0
2025-05-19 15:16:54,870 : INFO : ball_device.bd_scoop2 : State: idle
2025-05-19 15:16:54,871 : INFO : ball_device.bd_scoop3 : BCH: Initial count: 0
2025-05-19 15:16:54,871 : INFO : ball_device.bd_scoop3 : State: idle
2025-05-19 15:16:54,871 : INFO : ball_device.bd_scoop4 : BCH: Initial count: 0
2025-05-19 15:16:54,871 : INFO : ball_device.bd_scoop4 : State: idle
2025-05-19 15:16:54,898 : INFO : EventManager : Event: ======'init_phase_3'====== Args={}
2025-05-19 15:16:54,901 : ERROR : asyncio : Exception in callback EventManager._queue_task_done(<Task finishe...er of them!')>)
handle: <Handle EventManager._queue_task_done(<Task finishe...er of them!')>)>
Traceback (most recent call last):
  File "C:\Users\carr-\AppData\Local\Programs\Python\Python39\lib\asyncio\events.py", line 80, in _run
    self._context.run(self._callback, *self._args)
  File "C:\Users\carr-\Documents\development\mpf080\mpf\core\events.py", line 795, in _queue_task_done
    future.result()
  File "C:\Users\carr-\Documents\development\mpf080\mpf\core\events.py", line 708, in _run_handlers_sequential
    handler.callback(queue=queue, **merged_kwargs)
  File "C:\Users\carr-\Documents\development\mpf080\mpf\core\show_controller.py", line 53, in _load_shows
    self.machine.shows[show_name].load(show_config)
  File "C:\Users\carr-\Documents\development\mpf080\mpf\assets\show.py", line 154, in load
    duration = self._get_duration(data, step_num, total_step_time)
  File "C:\Users\carr-\Documents\development\mpf080\mpf\assets\show.py", line 116, in _get_duration
    self._show_validation_error("Found invalid 'time' entry in step after {} which contains a duration. "
  File "C:\Users\carr-\Documents\development\mpf080\mpf\assets\show.py", line 184, in _show_validation_error
    raise ConfigFileError('"{}" >> {}'.format(self.name, msg), error_code, "show", self.name)
mpf.exceptions.config_file_error.ConfigFileError: Config File Error in show: "attract_christmas" >> Found invalid 'time' entry in step after 1 which contains a duration. Remove either of them! Context: attract_christmas Error Code: CFE-show-2 (https://missionpinball.org/logs)
2025-05-19 15:16:54,957 : INFO : Machine : Starting the main run loop with active modes: []
2025-05-19 15:16:54,957 : WARNING : Machine : Attract mode is not active, game will not be playable. Please check your attract mode configuration.
2025-05-19 15:16:54,958 : INFO : Machine : Shutting down...
2025-05-19 15:16:54,958 : INFO : EventManager : Event: ======'shutdown'====== Args={}
2025-05-19 15:16:55,975 : ERROR : Machine : Runtime Exception
Traceback (most recent call last):
  File "C:\Users\carr-\Documents\development\mpf080\mpf\core\machine.py", line 808, in _run_loop
    raise self._exception['exception']
  File "C:\Users\carr-\AppData\Local\Programs\Python\Python39\lib\asyncio\events.py", line 80, in _run
    self._context.run(self._callback, *self._args)
  File "C:\Users\carr-\Documents\development\mpf080\mpf\core\events.py", line 795, in _queue_task_done
    future.result()
  File "C:\Users\carr-\Documents\development\mpf080\mpf\core\events.py", line 708, in _run_handlers_sequential
    handler.callback(queue=queue, **merged_kwargs)
  File "C:\Users\carr-\Documents\development\mpf080\mpf\core\show_controller.py", line 53, in _load_shows
    self.machine.shows[show_name].load(show_config)
  File "C:\Users\carr-\Documents\development\mpf080\mpf\assets\show.py", line 154, in load
    duration = self._get_duration(data, step_num, total_step_time)
  File "C:\Users\carr-\Documents\development\mpf080\mpf\assets\show.py", line 116, in _get_duration
    self._show_validation_error("Found invalid 'time' entry in step after {} which contains a duration. "
  File "C:\Users\carr-\Documents\development\mpf080\mpf\assets\show.py", line 184, in _show_validation_error
    raise ConfigFileError('"{}" >> {}'.format(self.name, msg), error_code, "show", self.name)
mpf.exceptions.config_file_error.ConfigFileError: Config File Error in show: "attract_christmas" >> Found invalid 'time' entry in step after 1 which contains a duration. Remove either of them! Context: attract_christmas Error Code: CFE-show-2 (https://missionpinball.org/logs)
2025-05-19 15:16:55,989 : INFO : root : MPF run loop ended.
