2025-11-01 21:11:48,028 : INFO : root : Loading config.
2025-11-01 21:11:48,195 : INFO : ConfigProcessor : Config spec file cache created: C:\Users\finis\AppData\Local\Temp\config_spec.mpf_cache
2025-11-01 21:11:48,196 : INFO : YamlMultifileConfigLoader : Machine config file #1: config.yaml
2025-11-01 21:11:48,196 : INFO : ConfigProcessor : Loading config from cache: C:\Users\finis\AppData\Local\Temp\46a2264aace4dc9247b28883ea729273.mpf_cache
2025-11-01 21:11:48,242 : INFO : ConfigProcessor : Loading config from cache: C:\Users\finis\AppData\Local\Temp\7a912b2511d42635e0b426a52fd16cc1.mpf_cache
2025-11-01 21:11:48,242 : INFO : ConfigProcessor : Loading config from cache: C:\Users\finis\AppData\Local\Temp\846fbc79a2a788b1cf5d5d816f13713f.mpf_cache
2025-11-01 21:11:48,243 : INFO : ConfigProcessor : Loading config from cache: C:\Users\finis\AppData\Local\Temp\771489ba91bf1192210b19104700c5d3.mpf_cache
2025-11-01 21:11:48,243 : INFO : ConfigProcessor : Loading config from cache: C:\Users\finis\AppData\Local\Temp\e56caea5064b88beeafa152aec070b7d.mpf_cache
2025-11-01 21:11:48,244 : INFO : ConfigProcessor : Loading config from cache: C:\Users\finis\AppData\Local\Temp\9e3f944bf38390c8870a73dddcf76b67.mpf_cache
2025-11-01 21:11:48,244 : INFO : ConfigProcessor : Loading config from cache: C:\Users\finis\AppData\Local\Temp\4bf8b529c69b45d37a3cfe4b57c83b44.mpf_cache
2025-11-01 21:11:48,244 : INFO : ConfigProcessor : Loading config from cache: C:\Users\finis\AppData\Local\Temp\363f67c1c91992cd991e35986d72087d.mpf_cache
2025-11-01 21:11:48,245 : INFO : Machine : Mission Pinball Framework Core Engine v0.80.0.dev8
2025-11-01 21:11:48,245 : INFO : Machine : Command line arguments: {'no_load_cache': False, 'create_config_cache': True, 'bcp': False, 'configfile': ['config.yaml'], 'force_assets_load': False, 'platform_integration_test': False, 'jsonlogging': False, 'logfile': 'logs\\2025-11-01-21-11-48-mpf-Bosgame-1NWVA.log', 'pause': False, 'production': False, 'text_ui': False, 'loglevel': 15, 'consoleloglevel': 20, 'force_platform': 'virtual', 'syslog_address': None, 'full_logfile_path': 'C:\\Users\\finis\\diehard-mpf\\logs\\2025-11-01-21-11-48-mpf-Bosgame-1NWVA.log'}
2025-11-01 21:11:48,245 : INFO : Machine : MPF path: C:\Users\finis\mpf\Lib\site-packages\mpf
2025-11-01 21:11:48,245 : INFO : Machine : Machine path: C:\Users\finis\diehard-mpf
2025-11-01 21:11:48,245 : INFO : Machine : Platform: win32
2025-11-01 21:11:48,245 : INFO : Machine : Python executable location: C:\Users\finis\mpf\Scripts\python.exe
2025-11-01 21:11:48,245 : INFO : Machine : Python version: 3.14.0 (64-bit)
2025-11-01 21:11:48,246 : ERROR : root : There is no current event loop in thread 'MainThread'.
Traceback (most recent call last):
  File "C:\Users\finis\mpf\Lib\site-packages\mpf\commands\game.py", line 227, in __init__
    self.machine = MachineController(vars(self.args), config)
                   ~~~~~~~~~~~~~~~~~^^^^^^^^^^^^^^^^^^^^^^^^^
  File "C:\Users\finis\mpf\Lib\site-packages\mpf\core\machine.py", line 219, in __init__
    self.clock = self._load_clock()
                 ~~~~~~~~~~~~~~~~^^
  File "C:\Users\finis\mpf\Lib\site-packages\mpf\core\machine.py", line 277, in _load_clock
    clock = ClockBase(self)
  File "C:\Users\finis\mpf\Lib\site-packages\mpf\core\clock.py", line 67, in __init__
    self.loop = self._create_event_loop()   # type: asyncio.AbstractEventLoop
                ~~~~~~~~~~~~~~~~~~~~~~~^^
  File "C:\Users\finis\mpf\Lib\site-packages\mpf\core\clock.py", line 81, in _create_event_loop
    return asyncio.get_event_loop()
           ~~~~~~~~~~~~~~~~~~~~~~^^
  File "C:\Users\finis\AppData\Local\Programs\Python\Python314\Lib\asyncio\events.py", line 715, in get_event_loop
    raise RuntimeError('There is no current event loop in thread %r.'
                       % threading.current_thread().name)
RuntimeError: There is no current event loop in thread 'MainThread'.
