2025-04-27 21:49:29,601 : INFO : root : Loading config.
2025-04-27 21:49:29,605 : INFO : YamlMultifileConfigLoader : Machine config file #1: config.yaml
2025-04-27 21:49:29,605 : INFO : ConfigProcessor : Loading config from cache: C:\Users\finis\AppData\Local\Temp\46a2264aace4dc9247b28883ea729273.mpf_cache
2025-04-27 21:49:29,605 : WARNING : ConfigProcessor : Config file in cache changed: C:\Users\finis\diehard-mpf\config\switches.yaml
2025-04-27 21:49:29,605 : INFO : ConfigProcessor : Loading config from file C:\Users\finis\mpf\Lib\site-packages\mpf\mpfconfig.yaml.
2025-04-27 21:49:29,612 : INFO : ConfigProcessor : Loading config: C:\Users\finis\mpf\Lib\site-packages\mpf\mpfconfig.yaml
2025-04-27 21:49:29,612 : INFO : ConfigProcessor : Loading config from file C:\Users\finis\diehard-mpf\config\config.yaml.
2025-04-27 21:49:29,615 : INFO : ConfigProcessor : Loading config: C:\Users\finis\diehard-mpf\config\config.yaml
2025-04-27 21:49:29,617 : INFO : ConfigProcessor : Loading config: C:\Users\finis\diehard-mpf\config\switches.yaml
2025-04-27 21:49:29,618 : INFO : ConfigProcessor : Loading config: C:\Users\finis\diehard-mpf\config\ball_devices.yaml
2025-04-27 21:49:29,620 : INFO : ConfigProcessor : Loading config: C:\Users\finis\diehard-mpf\config\coils.yaml
2025-04-27 21:49:29,626 : INFO : ConfigProcessor : Loading config: C:\Users\finis\diehard-mpf\config\lights.yaml
2025-04-27 21:49:29,628 : INFO : ConfigProcessor : Config file cache created: C:\Users\finis\AppData\Local\Temp\46a2264aace4dc9247b28883ea729273.mpf_cache
2025-04-27 21:49:29,687 : INFO : ConfigProcessor : Loading config from cache: C:\Users\finis\AppData\Local\Temp\38c66c284ece5fb2b13b45865e58c857.mpf_cache
2025-04-27 21:49:29,689 : INFO : ConfigProcessor : Loading config from cache: C:\Users\finis\AppData\Local\Temp\846fbc79a2a788b1cf5d5d816f13713f.mpf_cache
2025-04-27 21:49:29,689 : INFO : ConfigProcessor : Loading config from cache: C:\Users\finis\AppData\Local\Temp\771489ba91bf1192210b19104700c5d3.mpf_cache
2025-04-27 21:49:29,689 : INFO : Machine : Mission Pinball Framework Core Engine v0.80.0.dev7
2025-04-27 21:49:29,689 : INFO : Machine : Command line arguments: {'no_load_cache': False, 'create_config_cache': True, 'bcp': True, 'configfile': ['config.yaml'], 'force_assets_load': False, 'platform_integration_test': False, 'jsonlogging': False, 'logfile': 'logs\\2025-04-27-21-49-29-mpf-diehard.log', 'pause': False, 'production': False, 'text_ui': True, 'loglevel': 15, 'consoleloglevel': 20, 'force_platform': None, 'syslog_address': None, 'full_logfile_path': 'C:\\Users\\finis\\diehard-mpf\\logs\\2025-04-27-21-49-29-mpf-diehard.log'}
2025-04-27 21:49:29,689 : INFO : Machine : MPF path: C:\Users\finis\mpf\Lib\site-packages\mpf
2025-04-27 21:49:29,689 : INFO : Machine : Machine path: C:\Users\finis\diehard-mpf
2025-04-27 21:49:29,689 : INFO : Machine : Platform: win32
2025-04-27 21:49:29,689 : INFO : Machine : Python executable location: C:\Users\finis\mpf\Scripts\python.exe
2025-04-27 21:49:29,689 : INFO : Machine : Python version: 3.12.7 (64-bit)
2025-04-27 21:49:29,691 : INFO : Machine : Initializing MPF...
2025-04-27 21:49:29,821 : INFO : FAST : Auto-detecting ports for the following connections: ['net', 'aud']
2025-04-27 21:49:30,067 : INFO : FAST : Detected AUD on port COM6
2025-04-27 21:49:30,067 : INFO : FAST : Detected NET on port COM4
2025-04-27 21:49:30,178 : INFO : FAST [NET] : Trying to connect to COM4 at 921600bps
2025-04-27 21:49:30,254 : INFO : FAST [NET] : Connected to COM4 at 921600bps
2025-04-27 21:49:30,271 : INFO : FAST [NET] : Connected to FP-CPU-2000 with firmware v02.19
2025-04-27 21:49:30,302 : INFO : FAST [NET] : Registered I/O Board 0: Model: FP-I/O-0024, Firmware: 01.10, Switches: 24, Drivers: 8
2025-04-27 21:49:30,317 : INFO : FAST [NET] : Registered I/O Board 1: Model: FP-I/O-3208, Firmware: 01.10, Switches: 32, Drivers: 8
2025-04-27 21:49:30,333 : INFO : FAST [NET] : Registered I/O Board 2: Model: FP-I/O-1616, Firmware: 01.10, Switches: 16, Drivers: 16
2025-04-27 21:49:30,348 : INFO : FAST [NET] : Registered I/O Board 3: Model: FP-I/O-0804, Firmware: 01.10, Switches: 8, Drivers: 4
2025-04-27 21:49:30,349 : INFO : FAST [EXP] : Trying to connect to COM3 at 921600bps
2025-04-27 21:49:30,425 : INFO : FAST [EXP] : Connected to COM3 at 921600bps
2025-04-27 21:49:30,442 : INFO : FAST [EXP] : Verifying hardware for EXP "playfield" (FP-EXP-0071, @B4) with ID string "EXP FP-EXP-0071  0.42", board address B4
2025-04-27 21:49:30,457 : WARNING : FAST [EXP] : Interference / bad data received: b'\xffID:BRK FP-EXP-0071  0.42'
2025-04-27 21:49:30,457 : ERROR : asyncio : Exception in callback Util.raise_exceptions(<Task finishe... start byte')>) at C:\Users\finis\mpf\Lib\site-packages\mpf\core\utility_functions.py:789
handle: <Handle Util.raise_exceptions(<Task finishe... start byte')>) at C:\Users\finis\mpf\Lib\site-packages\mpf\core\utility_functions.py:789>
Traceback (most recent call last):
  File "C:\Users\finis\AppData\Local\Programs\Python\Python312\Lib\asyncio\events.py", line 88, in _run
    self._context.run(self._callback, *self._args)
  File "C:\Users\finis\mpf\Lib\site-packages\mpf\core\utility_functions.py", line 797, in raise_exceptions
    future.result()
  File "C:\Users\finis\mpf\Lib\site-packages\mpf\platforms\fast\communicators\base.py", line 413, in _socket_reader
    self.parse_incoming_raw_bytes(resp)
  File "C:\Users\finis\mpf\Lib\site-packages\mpf\platforms\fast\communicators\base.py", line 360, in parse_incoming_raw_bytes
    msg = msg.decode()
          ^^^^^^^^^^^^
UnicodeDecodeError: 'utf-8' codec can't decode byte 0xff in position 0: invalid start byte
2025-04-27 21:49:30,459 : INFO : Machine : Starting the main run loop with active modes: []
2025-04-27 21:49:30,459 : ERROR : root : 'attract'
Traceback (most recent call last):
  File "C:\Users\finis\mpf\Lib\site-packages\mpf\commands\game.py", line 229, in __init__
    self.machine.run()
  File "C:\Users\finis\mpf\Lib\site-packages\mpf\core\machine.py", line 701, in run
    if not self.modes['attract'] in self.mode_controller.active_modes:
           ~~~~~~~~~~^^^^^^^^^^^
KeyError: 'attract'
