2025-12-31 06:27:26,525 : INFO : root : Loading config.
2025-12-31 06:27:26,540 : INFO : YamlMultifileConfigLoader : Machine config file #1: config.yaml
2025-12-31 06:27:26,542 : INFO : ConfigProcessor : Loading config from cache: C:\Users\carr-\AppData\Local\Temp\23e177fce4903a9a69d69f474fa748a1.mpf_cache
2025-12-31 06:27:26,555 : WARNING : ConfigProcessor : Config file in cache changed: C:\Users\carr-\Documents\development\diehard-mpf\config\coils.yaml
2025-12-31 06:27:26,555 : INFO : ConfigProcessor : Loading config from file C:\Users\carr-\Documents\development\mpf080\mpf\mpfconfig.yaml.
2025-12-31 06:27:26,579 : INFO : ConfigProcessor : Loading config: C:\Users\carr-\Documents\development\mpf080\mpf\mpfconfig.yaml
2025-12-31 06:27:26,580 : INFO : ConfigProcessor : Loading config from file C:\Users\carr-\Documents\development\diehard-mpf\config\config.yaml.
2025-12-31 06:27:26,586 : INFO : ConfigProcessor : Loading config: C:\Users\carr-\Documents\development\diehard-mpf\config\config.yaml
2025-12-31 06:27:26,588 : INFO : ConfigProcessor : Loading config: C:\Users\carr-\Documents\development\diehard-mpf\config\ball_devices.yaml
2025-12-31 06:27:26,591 : INFO : ConfigProcessor : Loading config: C:\Users\carr-\Documents\development\diehard-mpf\config\coils.yaml
2025-12-31 06:27:26,598 : INFO : ConfigProcessor : Loading config: C:\Users\carr-\Documents\development\diehard-mpf\config\lights.yaml
2025-12-31 06:27:26,604 : INFO : ConfigProcessor : Loading config: C:\Users\carr-\Documents\development\diehard-mpf\config\shot_profiles.yaml
2025-12-31 06:27:26,608 : INFO : ConfigProcessor : Loading config: C:\Users\carr-\Documents\development\diehard-mpf\config\switches.yaml
2025-12-31 06:27:26,612 : INFO : ConfigProcessor : Loading config: C:\Users\carr-\Documents\development\diehard-mpf\config\player_vars.yaml
2025-12-31 06:27:26,617 : INFO : ConfigProcessor : Config file cache created: C:\Users\carr-\AppData\Local\Temp\23e177fce4903a9a69d69f474fa748a1.mpf_cache
2025-12-31 06:27:26,756 : WARNING : ConfigProcessor : Config file in cache changed: C:\Users\carr-\Documents\development\diehard-mpf\modes\attract\config\attract.yaml
2025-12-31 06:27:26,756 : INFO : ConfigProcessor : Loading config from file C:\Users\carr-\Documents\development\mpf080\mpf\modes\attract\config\attract.yaml.
2025-12-31 06:27:26,767 : INFO : ConfigProcessor : Loading config: C:\Users\carr-\Documents\development\mpf080\mpf\modes\attract\config\attract.yaml
2025-12-31 06:27:26,767 : INFO : ConfigProcessor : Loading config from file C:\Users\carr-\Documents\development\diehard-mpf\modes\attract\config\attract.yaml.
2025-12-31 06:27:26,768 : INFO : ConfigProcessor : Loading config: C:\Users\carr-\Documents\development\diehard-mpf\modes\attract\config\attract.yaml
2025-12-31 06:27:26,769 : INFO : ConfigProcessor : Config file cache created: C:\Users\carr-\AppData\Local\Temp\2f9bbeccf93c71693a410725897ab70d.mpf_cache
2025-12-31 06:27:26,771 : INFO : ConfigProcessor : Loading config from cache: C:\Users\carr-\AppData\Local\Temp\71986c9cb54d44e1ee87b7d4d0f68024.mpf_cache
2025-12-31 06:27:26,782 : INFO : ConfigProcessor : Loading config from cache: C:\Users\carr-\AppData\Local\Temp\2f9bbeccf93c71693a410725897ab70d.mpf_cache
2025-12-31 06:27:26,794 : WARNING : ConfigProcessor : Config file in cache changed: C:\Users\carr-\Documents\development\diehard-mpf\modes\base\config\base.yaml
2025-12-31 06:27:26,794 : INFO : ConfigProcessor : Loading config from file C:\Users\carr-\Documents\development\diehard-mpf\modes\base\config\base.yaml.
2025-12-31 06:27:26,799 : INFO : ConfigProcessor : Loading config: C:\Users\carr-\Documents\development\diehard-mpf\modes\base\config\base.yaml
2025-12-31 06:27:26,801 : INFO : ConfigProcessor : Config file cache created: C:\Users\carr-\AppData\Local\Temp\460998002e273cec26232c9157d92984.mpf_cache
2025-12-31 06:27:26,802 : WARNING : ConfigProcessor : Config file in cache changed: C:\Users\carr-\Documents\development\diehard-mpf\modes\bullets\config\bullets.yaml
2025-12-31 06:27:26,802 : INFO : ConfigProcessor : Loading config from file C:\Users\carr-\Documents\development\diehard-mpf\modes\bullets\config\bullets.yaml.
2025-12-31 06:27:26,807 : INFO : ConfigProcessor : Loading config: C:\Users\carr-\Documents\development\diehard-mpf\modes\bullets\config\bullets.yaml
2025-12-31 06:27:26,808 : INFO : ConfigProcessor : Config file cache created: C:\Users\carr-\AppData\Local\Temp\20b013b046c359f6243f62843681857a.mpf_cache
2025-12-31 06:27:26,809 : WARNING : ConfigProcessor : Config file in cache changed: C:\Users\carr-\Documents\development\diehard-mpf\modes\holly\config\holly.yaml
2025-12-31 06:27:26,809 : INFO : ConfigProcessor : Loading config from file C:\Users\carr-\Documents\development\diehard-mpf\modes\holly\config\holly.yaml.
2025-12-31 06:27:26,811 : INFO : ConfigProcessor : Loading config: C:\Users\carr-\Documents\development\diehard-mpf\modes\holly\config\holly.yaml
2025-12-31 06:27:26,813 : INFO : ConfigProcessor : Config file cache created: C:\Users\carr-\AppData\Local\Temp\1113c1d20ec4e70f79a7ed8de50ab69e.mpf_cache
2025-12-31 06:27:26,815 : WARNING : ConfigProcessor : Config file in cache changed: C:\Users\carr-\Documents\development\diehard-mpf\modes\score\config\score.yaml
2025-12-31 06:27:26,815 : INFO : ConfigProcessor : Loading config from file C:\Users\carr-\Documents\development\diehard-mpf\modes\score\config\score.yaml.
2025-12-31 06:27:26,817 : INFO : ConfigProcessor : Loading config: C:\Users\carr-\Documents\development\diehard-mpf\modes\score\config\score.yaml
2025-12-31 06:27:26,817 : INFO : ConfigProcessor : Config file cache created: C:\Users\carr-\AppData\Local\Temp\668dbdbfcbfe997663fcbdfe0871c0b4.mpf_cache
2025-12-31 06:27:26,818 : WARNING : ConfigProcessor : Config file in cache changed: C:\Users\carr-\Documents\development\diehard-mpf\modes\mystery\config\mystery.yaml
2025-12-31 06:27:26,818 : INFO : ConfigProcessor : Loading config from file C:\Users\carr-\Documents\development\diehard-mpf\modes\mystery\config\mystery.yaml.
2025-12-31 06:27:26,821 : INFO : ConfigProcessor : Loading config: C:\Users\carr-\Documents\development\diehard-mpf\modes\mystery\config\mystery.yaml
2025-12-31 06:27:26,822 : INFO : ConfigProcessor : Config file cache created: C:\Users\carr-\AppData\Local\Temp\9f94008f2458f1d20e2cc19a054f750f.mpf_cache
2025-12-31 06:27:26,825 : WARNING : ConfigProcessor : Config file in cache changed: C:\Users\carr-\Documents\development\diehard-mpf\modes\skillshot\config\skillshot.yaml
2025-12-31 06:27:26,825 : INFO : ConfigProcessor : Loading config from file C:\Users\carr-\Documents\development\diehard-mpf\modes\skillshot\config\skillshot.yaml.
2025-12-31 06:27:26,826 : INFO : ConfigProcessor : Loading config: C:\Users\carr-\Documents\development\diehard-mpf\modes\skillshot\config\skillshot.yaml
2025-12-31 06:27:26,827 : INFO : ConfigProcessor : Config file cache created: C:\Users\carr-\AppData\Local\Temp\5c44289116f594f9a69b4726f51f0c3e.mpf_cache
2025-12-31 06:27:26,828 : INFO : ConfigProcessor : Loading config from cache: C:\Users\carr-\AppData\Local\Temp\6a4847c7210b75a304ae3e1d0e125b6a.mpf_cache
2025-12-31 06:27:26,856 : INFO : ConfigProcessor : Loading config from cache: C:\Users\carr-\AppData\Local\Temp\5bdb9da15c9005c4036d70c7ddf4c03f.mpf_cache
2025-12-31 06:27:26,866 : INFO : ConfigProcessor : Loading config from cache: C:\Users\carr-\AppData\Local\Temp\4ef2cae97e908c683695ed521c4a6650.mpf_cache
2025-12-31 06:27:26,877 : INFO : ConfigProcessor : Loading config from cache: C:\Users\carr-\AppData\Local\Temp\3fafba5daebe73845f095f892a673873.mpf_cache
2025-12-31 06:27:26,888 : INFO : ConfigProcessor : Loading config from cache: C:\Users\carr-\AppData\Local\Temp\c01a61b73c292b8700a32cafeda2e6a0.mpf_cache
2025-12-31 06:27:26,899 : WARNING : ConfigProcessor : Config file in cache changed: C:\Users\carr-\Documents\development\diehard-mpf\shows\.\flash_sling.yaml
2025-12-31 06:27:26,899 : INFO : ConfigProcessor : Loading config from file C:\Users\carr-\Documents\development\diehard-mpf\shows\.\flash_sling.yaml.
2025-12-31 06:27:26,901 : INFO : ConfigProcessor : Loading config: C:\Users\carr-\Documents\development\diehard-mpf\shows\.\flash_sling.yaml
2025-12-31 06:27:26,902 : INFO : ConfigProcessor : Config file cache created: C:\Users\carr-\AppData\Local\Temp\49701430bcd4b0a029207d17fb25cb36.mpf_cache
2025-12-31 06:27:26,903 : INFO : ConfigProcessor : Loading config from cache: C:\Users\carr-\AppData\Local\Temp\3675271a3c90b9f1f0f947db698ba341.mpf_cache
2025-12-31 06:27:26,915 : INFO : ConfigProcessor : Loading config from cache: C:\Users\carr-\AppData\Local\Temp\4e385f0fc3c119806280d03e756fbf7d.mpf_cache
2025-12-31 06:27:26,924 : INFO : ConfigProcessor : Loading config from cache: C:\Users\carr-\AppData\Local\Temp\17e9360ec3e282ab24c38e32f4731b24.mpf_cache
2025-12-31 06:27:26,945 : INFO : ConfigProcessor : Loading config from cache: C:\Users\carr-\AppData\Local\Temp\d26a06b4c29ce604d42260b0d65dcd46.mpf_cache
2025-12-31 06:27:26,956 : INFO : ConfigProcessor : Loading config from cache: C:\Users\carr-\AppData\Local\Temp\e7fd0e8687e60c6b50353af968986d97.mpf_cache
2025-12-31 06:27:26,973 : INFO : Machine : Mission Pinball Framework Core Engine v0.80.0.dev6
2025-12-31 06:27:26,973 : INFO : Machine : Command line arguments: {'no_load_cache': False, 'create_config_cache': True, 'bcp': False, 'configfile': ['config.yaml'], 'force_assets_load': False, 'platform_integration_test': False, 'jsonlogging': False, 'logfile': 'logs\\2025-12-31-06-27-26-mpf-LAPTOP-99TN7EPH.log', 'pause': False, 'production': False, 'text_ui': False, 'loglevel': 15, 'consoleloglevel': 10, 'force_platform': 'smart_virtual', 'syslog_address': None, 'full_logfile_path': 'C:\\Users\\carr-\\Documents\\development\\diehard-mpf\\logs\\2025-12-31-06-27-26-mpf-LAPTOP-99TN7EPH.log'}
2025-12-31 06:27:26,973 : INFO : Machine : MPF path: C:\Users\carr-\Documents\development\mpf080\mpf
2025-12-31 06:27:26,973 : INFO : Machine : Machine path: C:\Users\carr-\Documents\development\diehard-mpf
2025-12-31 06:27:26,973 : INFO : Machine : Platform: win32
2025-12-31 06:27:26,973 : INFO : Machine : Python executable location: C:\Users\carr-\Documents\development\mpf080\mpfenv\Scripts\python.exe
2025-12-31 06:27:26,973 : INFO : Machine : Python version: 3.9.13 (64-bit)
2025-12-31 06:27:26,978 : INFO : Machine : Initializing MPF...
2025-12-31 06:27:27,118 : INFO : EventManager : Event: ======'machine_var_credits_string'====== Args={'value': 'FREE PLAY', 'prev_value': None, 'change': True}
2025-12-31 06:27:27,162 : INFO : EventManager : Event: ======'machine_var_fast_audio_headphones_volume'====== Args={'value': 10, 'prev_value': None, 'change': True}
2025-12-31 06:27:27,163 : INFO : EventManager : Event: ======'machine_var_fast_audio_main_volume'====== Args={'value': 60, 'prev_value': None, 'change': True}
2025-12-31 06:27:27,163 : INFO : EventManager : Event: ======'machine_var_master_volume'====== Args={'value': 0.5, 'prev_value': None, 'change': True}
2025-12-31 06:27:27,163 : INFO : EventManager : Event: ======'machine_var_player1_score'====== Args={'value': 17120, 'prev_value': None, 'change': True}
2025-12-31 06:27:27,163 : INFO : EventManager : Event: ======'machine_var_var_which_attract'====== Args={'value': 0, 'prev_value': None, 'change': True}
2025-12-31 06:27:27,163 : INFO : EventManager : Event: ======'machine_var_magnets_enabled'====== Args={'value': 0, 'prev_value': None, 'change': True}
2025-12-31 06:27:27,163 : INFO : EventManager : Event: ======'machine_var_mpf_version'====== Args={'value': 'Mission Pinball Framework v0.80.0.dev6', 'prev_value': None, 'change': True}
2025-12-31 06:27:27,163 : INFO : EventManager : Event: ======'machine_var_mpf_extended_version'====== Args={'value': 'Mission Pinball Framework v0.80.0.dev6, Config version:6, Show version: 6, BCP version:1.1', 'prev_value': None, 'change': True}
2025-12-31 06:27:27,163 : INFO : EventManager : Event: ======'machine_var_python_version'====== Args={'value': '3.9.13', 'prev_value': None, 'change': True}
2025-12-31 06:27:27,213 : INFO : EventManager : Event: ======'machine_var_platform'====== Args={'value': 'Windows-10-10.0.26100-SP0', 'prev_value': None, 'change': True}
2025-12-31 06:27:27,214 : INFO : EventManager : Event: ======'machine_var_platform_system'====== Args={'value': 'Windows', 'prev_value': None, 'change': True}
2025-12-31 06:27:27,214 : INFO : EventManager : Event: ======'machine_var_platform_release'====== Args={'value': '10', 'prev_value': None, 'change': True}
2025-12-31 06:27:27,214 : INFO : EventManager : Event: ======'machine_var_platform_version'====== Args={'value': '10.0.26100', 'prev_value': None, 'change': True}
2025-12-31 06:27:27,214 : INFO : EventManager : Event: ======'machine_var_platform_machine'====== Args={'value': 'AMD64', 'prev_value': None, 'change': True}
2025-12-31 06:27:27,214 : INFO : EventManager : Event: ======'machine_var_log_file_path'====== Args={'value': 'C:\\Users\\carr-\\Documents\\development\\diehard-mpf\\logs\\2025-12-31-06-27-26-mpf-LAPTOP-99TN7EPH.log', 'prev_value': None, 'change': True}
2025-12-31 06:27:27,214 : INFO : EventManager : Event: ======'init_phase_1'====== Args={}
2025-12-31 06:27:27,271 : INFO : EventManager : Event: ======'drop_target_bank_bank_up'====== Args={}
2025-12-31 06:27:27,271 : INFO : EventManager : Event: ======'drop_target_bank_bank1_up'====== Args={}
2025-12-31 06:27:27,273 : INFO : EventManager : Event: ======'init_phase_2'====== Args={}
2025-12-31 06:27:27,273 : INFO : SwitchController : Found active switch: ('d-29', <Platform.SmartVirtual>) <switch.s_trough1>
2025-12-31 06:27:27,273 : INFO : SwitchController : Found active switch: ('d-24', <Platform.SmartVirtual>) <switch.s_trough2>
2025-12-31 06:27:27,274 : INFO : SwitchController : Found active switch: ('d-25', <Platform.SmartVirtual>) <switch.s_trough3>
2025-12-31 06:27:27,274 : INFO : SwitchController : Found active switch: ('d-26', <Platform.SmartVirtual>) <switch.s_trough4>
2025-12-31 06:27:27,274 : INFO : SwitchController : Found active switch: ('d-27', <Platform.SmartVirtual>) <switch.s_trough5>
2025-12-31 06:27:27,274 : INFO : SwitchController : Found active switch: ('d-28', <Platform.SmartVirtual>) <switch.s_trough6>
2025-12-31 06:27:27,282 : INFO : ball_device.bd_trough : BCH: Initial count: 6
2025-12-31 06:27:27,282 : INFO : ball_device.bd_trough : State: idle
2025-12-31 06:27:27,283 : INFO : ball_device.bd_plunger : BCH: Initial count: 0
2025-12-31 06:27:27,283 : INFO : ball_device.bd_plunger : State: idle
2025-12-31 06:27:27,283 : INFO : ball_device.kickervault1_eject : BCH: Initial count: 0
2025-12-31 06:27:27,284 : INFO : ball_device.kickervault1_eject : State: idle
2025-12-31 06:27:27,284 : INFO : ball_device.rightkicker : BCH: Initial count: 0
2025-12-31 06:27:27,284 : INFO : ball_device.rightkicker : State: idle
2025-12-31 06:27:27,285 : INFO : ball_device.UrampUp001 : BCH: Initial count: 0
2025-12-31 06:27:27,285 : INFO : ball_device.UrampUp001 : State: idle
2025-12-31 06:27:27,285 : INFO : ball_device.rightvuk : BCH: Initial count: 0
2025-12-31 06:27:27,285 : INFO : ball_device.rightvuk : State: idle
2025-12-31 06:27:27,286 : INFO : ball_device.towervuk : BCH: Initial count: 0
2025-12-31 06:27:27,286 : INFO : ball_device.towervuk : State: idle
2025-12-31 06:27:27,286 : INFO : ball_device.airplane : BCH: Initial count: 0
2025-12-31 06:27:27,286 : INFO : ball_device.airplane : State: idle
2025-12-31 06:27:27,312 : INFO : EventManager : Event: ======'init_phase_3'====== Args={}
2025-12-31 06:27:27,380 : INFO : EventManager : Event: ======'init_phase_4'====== Args={}
2025-12-31 06:27:27,380 : INFO : BallController : Initial balls found: 6
2025-12-31 06:27:27,383 : INFO : EventManager : Event: ======'machine_var_audits_events_game_ended'====== Args={'value': 20, 'prev_value': None, 'change': True}
2025-12-31 06:27:27,383 : INFO : EventManager : Event: ======'machine_var_audits_events_game_started'====== Args={'value': 120, 'prev_value': None, 'change': True}
2025-12-31 06:27:27,383 : INFO : EventManager : Event: ======'machine_var_audits_missing_switches_SpinnerRight'====== Args={'value': 9, 'prev_value': None, 'change': True}
2025-12-31 06:27:27,383 : INFO : EventManager : Event: ======'machine_var_audits_missing_switches_s_AirDuctEnter001'====== Args={'value': 33, 'prev_value': None, 'change': True}
2025-12-31 06:27:27,384 : INFO : EventManager : Event: ======'machine_var_audits_missing_switches_s_TrPF1'====== Args={'value': 42, 'prev_value': None, 'change': True}
2025-12-31 06:27:27,384 : INFO : EventManager : Event: ======'machine_var_audits_missing_switches_s_TrPF2'====== Args={'value': 42, 'prev_value': None, 'change': True}
2025-12-31 06:27:27,384 : INFO : EventManager : Event: ======'machine_var_audits_missing_switches_s_TrPF3'====== Args={'value': 42, 'prev_value': None, 'change': True}
2025-12-31 06:27:27,384 : INFO : EventManager : Event: ======'machine_var_audits_missing_switches_s_UrampUp001'====== Args={'value': 42, 'prev_value': None, 'change': True}
2025-12-31 06:27:27,384 : INFO : EventManager : Event: ======'machine_var_audits_missing_switches_s_air_duct'====== Args={'value': 8, 'prev_value': None, 'change': True}
2025-12-31 06:27:27,384 : INFO : EventManager : Event: ======'machine_var_audits_missing_switches_s_airplane'====== Args={'value': 1, 'prev_value': None, 'change': True}
2025-12-31 06:27:27,384 : INFO : EventManager : Event: ======'machine_var_audits_missing_switches_s_bottom_left_inner_drain'====== Args={'value': 1, 'prev_value': None, 'change': True}
2025-12-31 06:27:27,384 : INFO : EventManager : Event: ======'machine_var_audits_missing_switches_s_bottom_left_outer_drain'====== Args={'value': 2, 'prev_value': None, 'change': True}
2025-12-31 06:27:27,384 : INFO : EventManager : Event: ======'machine_var_audits_missing_switches_s_bottom_right_inner_drain'====== Args={'value': 1, 'prev_value': None, 'change': True}
2025-12-31 06:27:27,384 : INFO : EventManager : Event: ======'machine_var_audits_missing_switches_s_captiveball'====== Args={'value': 42, 'prev_value': None, 'change': True}
2025-12-31 06:27:27,384 : INFO : EventManager : Event: ======'machine_var_audits_missing_switches_s_door'====== Args={'value': 43, 'prev_value': None, 'change': True}
2025-12-31 06:27:27,384 : INFO : EventManager : Event: ======'machine_var_audits_missing_switches_s_door_tilt'====== Args={'value': 43, 'prev_value': None, 'change': True}
2025-12-31 06:27:27,384 : INFO : EventManager : Event: ======'machine_var_audits_missing_switches_s_drop_target_1'====== Args={'value': 42, 'prev_value': None, 'change': True}
2025-12-31 06:27:27,384 : INFO : EventManager : Event: ======'machine_var_audits_missing_switches_s_drop_target_2'====== Args={'value': 42, 'prev_value': None, 'change': True}
2025-12-31 06:27:27,384 : INFO : EventManager : Event: ======'machine_var_audits_missing_switches_s_drop_target_3'====== Args={'value': 41, 'prev_value': None, 'change': True}
2025-12-31 06:27:27,385 : INFO : EventManager : Event: ======'machine_var_audits_missing_switches_s_enter'====== Args={'value': 120, 'prev_value': None, 'change': True}
2025-12-31 06:27:27,385 : INFO : EventManager : Event: ======'machine_var_audits_missing_switches_s_escape'====== Args={'value': 120, 'prev_value': None, 'change': True}
2025-12-31 06:27:27,385 : INFO : EventManager : Event: ======'machine_var_audits_missing_switches_s_highvuk'====== Args={'value': 3, 'prev_value': None, 'change': True}
2025-12-31 06:27:27,385 : INFO : EventManager : Event: ======'machine_var_audits_missing_switches_s_holly_h'====== Args={'value': 9, 'prev_value': None, 'change': True}
2025-12-31 06:27:27,385 : INFO : EventManager : Event: ======'machine_var_audits_missing_switches_s_holly_l'====== Args={'value': 41, 'prev_value': None, 'change': True}
2025-12-31 06:27:27,385 : INFO : EventManager : Event: ======'machine_var_audits_missing_switches_s_holly_l1'====== Args={'value': 40, 'prev_value': None, 'change': True}
2025-12-31 06:27:27,385 : INFO : EventManager : Event: ======'machine_var_audits_missing_switches_s_holly_l_1'====== Args={'value': 3, 'prev_value': None, 'change': True}
2025-12-31 06:27:27,385 : INFO : EventManager : Event: ======'machine_var_audits_missing_switches_s_holly_o'====== Args={'value': 9, 'prev_value': None, 'change': True}
2025-12-31 06:27:27,385 : INFO : EventManager : Event: ======'machine_var_audits_missing_switches_s_holly_y'====== Args={'value': 41, 'prev_value': None, 'change': True}
2025-12-31 06:27:27,385 : INFO : EventManager : Event: ======'machine_var_audits_missing_switches_s_kickervault1'====== Args={'value': 9, 'prev_value': None, 'change': True}
2025-12-31 06:27:27,385 : INFO : EventManager : Event: ======'machine_var_audits_missing_switches_s_left_coin'====== Args={'value': 120, 'prev_value': None, 'change': True}
2025-12-31 06:27:27,385 : INFO : EventManager : Event: ======'machine_var_audits_missing_switches_s_left_flipper'====== Args={'value': 5, 'prev_value': None, 'change': True}
2025-12-31 06:27:27,385 : INFO : EventManager : Event: ======'machine_var_audits_missing_switches_s_left_flipper_eos'====== Args={'value': 41, 'prev_value': None, 'change': True}
2025-12-31 06:27:27,385 : INFO : EventManager : Event: ======'machine_var_audits_missing_switches_s_left_inlane'====== Args={'value': 24, 'prev_value': None, 'change': True}
2025-12-31 06:27:27,385 : INFO : EventManager : Event: ======'machine_var_audits_missing_switches_s_left_magna'====== Args={'value': 1, 'prev_value': None, 'change': True}
2025-12-31 06:27:27,385 : INFO : EventManager : Event: ======'machine_var_audits_missing_switches_s_left_outlane'====== Args={'value': 24, 'prev_value': None, 'change': True}
2025-12-31 06:27:27,385 : INFO : EventManager : Event: ======'machine_var_audits_missing_switches_s_left_slingshot'====== Args={'value': 1, 'prev_value': None, 'change': True}
2025-12-31 06:27:27,385 : INFO : EventManager : Event: ======'machine_var_audits_missing_switches_s_left_top_target'====== Args={'value': 1, 'prev_value': None, 'change': True}
2025-12-31 06:27:27,385 : INFO : EventManager : Event: ======'machine_var_audits_missing_switches_s_mid_orbit'====== Args={'value': 51, 'prev_value': None, 'change': True}
2025-12-31 06:27:27,385 : INFO : EventManager : Event: ======'machine_var_audits_missing_switches_s_middle_top_target'====== Args={'value': 1, 'prev_value': None, 'change': True}
2025-12-31 06:27:27,385 : INFO : EventManager : Event: ======'machine_var_audits_missing_switches_s_minus'====== Args={'value': 120, 'prev_value': None, 'change': True}
2025-12-31 06:27:27,385 : INFO : EventManager : Event: ======'machine_var_audits_missing_switches_s_nakatomi_lock_ball_count'====== Args={'value': 42, 'prev_value': None, 'change': True}
2025-12-31 06:27:27,385 : INFO : EventManager : Event: ======'machine_var_audits_missing_switches_s_plus'====== Args={'value': 120, 'prev_value': None, 'change': True}
2025-12-31 06:27:27,385 : INFO : EventManager : Event: ======'machine_var_audits_missing_switches_s_popbumper_left'====== Args={'value': 32, 'prev_value': None, 'change': True}
2025-12-31 06:27:27,386 : INFO : EventManager : Event: ======'machine_var_audits_missing_switches_s_popbumper_right'====== Args={'value': 32, 'prev_value': None, 'change': True}
2025-12-31 06:27:27,386 : INFO : EventManager : Event: ======'machine_var_audits_missing_switches_s_push_drop_target_4'====== Args={'value': 41, 'prev_value': None, 'change': True}
2025-12-31 06:27:27,386 : INFO : EventManager : Event: ======'machine_var_audits_missing_switches_s_push_drop_target_5'====== Args={'value': 9, 'prev_value': None, 'change': True}
2025-12-31 06:27:27,386 : INFO : EventManager : Event: ======'machine_var_audits_missing_switches_s_right_coin'====== Args={'value': 120, 'prev_value': None, 'change': True}
2025-12-31 06:27:27,386 : INFO : EventManager : Event: ======'machine_var_audits_missing_switches_s_right_flipper'====== Args={'value': 41, 'prev_value': None, 'change': True}
2025-12-31 06:27:27,386 : INFO : EventManager : Event: ======'machine_var_audits_missing_switches_s_right_flipper_eos'====== Args={'value': 42, 'prev_value': None, 'change': True}
2025-12-31 06:27:27,386 : INFO : EventManager : Event: ======'machine_var_audits_missing_switches_s_right_inlane'====== Args={'value': 24, 'prev_value': None, 'change': True}
2025-12-31 06:27:27,386 : INFO : EventManager : Event: ======'machine_var_audits_missing_switches_s_right_magna'====== Args={'value': 1, 'prev_value': None, 'change': True}
2025-12-31 06:27:27,386 : INFO : EventManager : Event: ======'machine_var_audits_missing_switches_s_right_orbit'====== Args={'value': 36, 'prev_value': None, 'change': True}
2025-12-31 06:27:27,386 : INFO : EventManager : Event: ======'machine_var_audits_missing_switches_s_right_orbit2'====== Args={'value': 36, 'prev_value': None, 'change': True}
2025-12-31 06:27:27,386 : INFO : EventManager : Event: ======'machine_var_audits_missing_switches_s_right_outlane'====== Args={'value': 24, 'prev_value': None, 'change': True}
2025-12-31 06:27:27,386 : INFO : EventManager : Event: ======'machine_var_audits_missing_switches_s_right_slingshot'====== Args={'value': 2, 'prev_value': None, 'change': True}
2025-12-31 06:27:27,386 : INFO : EventManager : Event: ======'machine_var_audits_missing_switches_s_right_top_target'====== Args={'value': 1, 'prev_value': None, 'change': True}
2025-12-31 06:27:27,386 : INFO : EventManager : Event: ======'machine_var_audits_missing_switches_s_rightkicker'====== Args={'value': 8, 'prev_value': None, 'change': True}
2025-12-31 06:27:27,386 : INFO : EventManager : Event: ======'machine_var_audits_missing_switches_s_rightvuk'====== Args={'value': 42, 'prev_value': None, 'change': True}
2025-12-31 06:27:27,386 : INFO : EventManager : Event: ======'machine_var_audits_missing_switches_s_safe_vuk'====== Args={'value': 3, 'prev_value': None, 'change': True}
2025-12-31 06:27:27,386 : INFO : EventManager : Event: ======'machine_var_audits_missing_switches_s_spinnerleft'====== Args={'value': 1, 'prev_value': None, 'change': True}
2025-12-31 06:27:27,386 : INFO : EventManager : Event: ======'machine_var_audits_missing_switches_s_spinnerright'====== Args={'value': 1, 'prev_value': None, 'change': True}
2025-12-31 06:27:27,386 : INFO : EventManager : Event: ======'machine_var_audits_missing_switches_s_start'====== Args={'value': 33, 'prev_value': None, 'change': True}
2025-12-31 06:27:27,386 : INFO : EventManager : Event: ======'machine_var_audits_missing_switches_s_swDivParkp'====== Args={'value': 34, 'prev_value': None, 'change': True}
2025-12-31 06:27:27,386 : INFO : EventManager : Event: ======'machine_var_audits_missing_switches_s_swleftinlane'====== Args={'value': 42, 'prev_value': None, 'change': True}
2025-12-31 06:27:27,386 : INFO : EventManager : Event: ======'machine_var_audits_missing_switches_s_swleftorb1'====== Args={'value': 1, 'prev_value': None, 'change': True}
2025-12-31 06:27:27,387 : INFO : EventManager : Event: ======'machine_var_audits_missing_switches_s_swleftorb2'====== Args={'value': 1, 'prev_value': None, 'change': True}
2025-12-31 06:27:27,387 : INFO : EventManager : Event: ======'machine_var_audits_missing_switches_s_swleftoutlane'====== Args={'value': 42, 'prev_value': None, 'change': True}
2025-12-31 06:27:27,387 : INFO : EventManager : Event: ======'machine_var_audits_missing_switches_s_swmidorb'====== Args={'value': 6, 'prev_value': None, 'change': True}
2025-12-31 06:27:27,387 : INFO : EventManager : Event: ======'machine_var_audits_missing_switches_s_swrightinlane'====== Args={'value': 41, 'prev_value': None, 'change': True}
2025-12-31 06:27:27,387 : INFO : EventManager : Event: ======'machine_var_audits_missing_switches_s_swrightorb1'====== Args={'value': 1, 'prev_value': None, 'change': True}
2025-12-31 06:27:27,387 : INFO : EventManager : Event: ======'machine_var_audits_missing_switches_s_swrightorb2'====== Args={'value': 2, 'prev_value': None, 'change': True}
2025-12-31 06:27:27,387 : INFO : EventManager : Event: ======'machine_var_audits_missing_switches_s_swrightoutlane'====== Args={'value': 42, 'prev_value': None, 'change': True}
2025-12-31 06:27:27,387 : INFO : EventManager : Event: ======'machine_var_audits_missing_switches_s_target002'====== Args={'value': 42, 'prev_value': None, 'change': True}
2025-12-31 06:27:27,387 : INFO : EventManager : Event: ======'machine_var_audits_missing_switches_s_target003'====== Args={'value': 42, 'prev_value': None, 'change': True}
2025-12-31 06:27:27,387 : INFO : EventManager : Event: ======'machine_var_audits_missing_switches_s_target004'====== Args={'value': 42, 'prev_value': None, 'change': True}
2025-12-31 06:27:27,387 : INFO : EventManager : Event: ======'machine_var_audits_missing_switches_s_target_2'====== Args={'value': 24, 'prev_value': None, 'change': True}
2025-12-31 06:27:27,387 : INFO : EventManager : Event: ======'machine_var_audits_missing_switches_s_target_3'====== Args={'value': 24, 'prev_value': None, 'change': True}
2025-12-31 06:27:27,387 : INFO : EventManager : Event: ======'machine_var_audits_missing_switches_s_targeth'====== Args={'value': 2, 'prev_value': None, 'change': True}
2025-12-31 06:27:27,387 : INFO : EventManager : Event: ======'machine_var_audits_missing_switches_s_targetl'====== Args={'value': 2, 'prev_value': None, 'change': True}
2025-12-31 06:27:27,387 : INFO : EventManager : Event: ======'machine_var_audits_missing_switches_s_targetl2'====== Args={'value': 1, 'prev_value': None, 'change': True}
2025-12-31 06:27:27,387 : INFO : EventManager : Event: ======'machine_var_audits_missing_switches_s_targeto'====== Args={'value': 2, 'prev_value': None, 'change': True}
2025-12-31 06:27:27,387 : INFO : EventManager : Event: ======'machine_var_audits_missing_switches_s_targety'====== Args={'value': 2, 'prev_value': None, 'change': True}
2025-12-31 06:27:27,387 : INFO : EventManager : Event: ======'machine_var_audits_missing_switches_s_tilt_bob'====== Args={'value': 120, 'prev_value': None, 'change': True}
2025-12-31 06:27:27,387 : INFO : EventManager : Event: ======'machine_var_audits_missing_switches_s_top_flipper_eos'====== Args={'value': 42, 'prev_value': None, 'change': True}
2025-12-31 06:27:27,387 : INFO : EventManager : Event: ======'machine_var_audits_missing_switches_s_top_flipper_hold'====== Args={'value': 24, 'prev_value': None, 'change': True}
2025-12-31 06:27:27,387 : INFO : EventManager : Event: ======'machine_var_audits_missing_switches_s_towervuk'====== Args={'value': 42, 'prev_value': None, 'change': True}
2025-12-31 06:27:27,388 : INFO : EventManager : Event: ======'machine_var_audits_missing_switches_s_trmagl'====== Args={'value': 42, 'prev_value': None, 'change': True}
2025-12-31 06:27:27,388 : INFO : EventManager : Event: ======'machine_var_audits_missing_switches_s_trmagr'====== Args={'value': 42, 'prev_value': None, 'change': True}
2025-12-31 06:27:27,388 : INFO : EventManager : Event: ======'machine_var_audits_missing_switches_s_trough2'====== Args={'value': 2, 'prev_value': None, 'change': True}
2025-12-31 06:27:27,388 : INFO : EventManager : Event: ======'machine_var_audits_missing_switches_s_trough3'====== Args={'value': 2, 'prev_value': None, 'change': True}
2025-12-31 06:27:27,388 : INFO : EventManager : Event: ======'machine_var_audits_missing_switches_s_trough4'====== Args={'value': 2, 'prev_value': None, 'change': True}
2025-12-31 06:27:27,388 : INFO : EventManager : Event: ======'machine_var_audits_missing_switches_s_trough5'====== Args={'value': 2, 'prev_value': None, 'change': True}
2025-12-31 06:27:27,388 : INFO : EventManager : Event: ======'machine_var_audits_missing_switches_s_trough6'====== Args={'value': 2, 'prev_value': None, 'change': True}
2025-12-31 06:27:27,388 : INFO : EventManager : Event: ======'machine_var_audits_missing_switches_s_tunel_vuk'====== Args={'value': 1, 'prev_value': None, 'change': True}
2025-12-31 06:27:27,388 : INFO : EventManager : Event: ======'machine_var_audits_missing_switches_s_upper_pf_entrance'====== Args={'value': 23, 'prev_value': None, 'change': True}
2025-12-31 06:27:27,388 : INFO : EventManager : Event: ======'machine_var_audits_player_score'====== Args={'value': {'average': 89899, 'top': [691810, 665430, 224220, 152420, 150000, 138180, 97570, 97420, 90150, 33330], 'total': 24}, 'prev_value': None, 'change': True}
2025-12-31 06:27:27,388 : INFO : EventManager : Event: ======'machine_var_audits_shots_holly_h'====== Args={'value': 301, 'prev_value': None, 'change': True}
2025-12-31 06:27:27,388 : INFO : EventManager : Event: ======'machine_var_audits_shots_holly_l'====== Args={'value': 96, 'prev_value': None, 'change': True}
2025-12-31 06:27:27,388 : INFO : EventManager : Event: ======'machine_var_audits_shots_holly_l1'====== Args={'value': 75, 'prev_value': None, 'change': True}
2025-12-31 06:27:27,388 : INFO : EventManager : Event: ======'machine_var_audits_shots_holly_o'====== Args={'value': 121, 'prev_value': None, 'change': True}
2025-12-31 06:27:27,388 : INFO : EventManager : Event: ======'machine_var_audits_shots_holly_y'====== Args={'value': 27, 'prev_value': None, 'change': True}
2025-12-31 06:27:27,388 : INFO : EventManager : Event: ======'machine_var_audits_shots_targetl2'====== Args={'value': 2, 'prev_value': None, 'change': True}
2025-12-31 06:27:27,388 : INFO : EventManager : Event: ======'machine_var_audits_shots_vault_h'====== Args={'value': 59, 'prev_value': None, 'change': True}
2025-12-31 06:27:27,388 : INFO : EventManager : Event: ======'machine_var_audits_shots_vault_o'====== Args={'value': 61, 'prev_value': None, 'change': True}
2025-12-31 06:27:27,388 : INFO : EventManager : Event: ======'machine_var_audits_switches_SpinnerLeft'====== Args={'value': 23, 'prev_value': None, 'change': True}
2025-12-31 06:27:27,388 : INFO : EventManager : Event: ======'machine_var_audits_switches_SpinnerRight'====== Args={'value': 8, 'prev_value': None, 'change': True}
2025-12-31 06:27:27,388 : INFO : EventManager : Event: ======'machine_var_audits_switches_s_AirDuctEnter001'====== Args={'value': 14, 'prev_value': None, 'change': True}
2025-12-31 06:27:27,389 : INFO : EventManager : Event: ======'machine_var_audits_switches_s_TrPF1'====== Args={'value': 0, 'prev_value': None, 'change': True}
2025-12-31 06:27:27,389 : INFO : EventManager : Event: ======'machine_var_audits_switches_s_TrPF2'====== Args={'value': 0, 'prev_value': None, 'change': True}
2025-12-31 06:27:27,389 : INFO : EventManager : Event: ======'machine_var_audits_switches_s_TrPF3'====== Args={'value': 0, 'prev_value': None, 'change': True}
2025-12-31 06:27:27,389 : INFO : EventManager : Event: ======'machine_var_audits_switches_s_UrampUp001'====== Args={'value': 0, 'prev_value': None, 'change': True}
2025-12-31 06:27:27,389 : INFO : EventManager : Event: ======'machine_var_audits_switches_s_air_duct'====== Args={'value': 0, 'prev_value': None, 'change': True}
2025-12-31 06:27:27,389 : INFO : EventManager : Event: ======'machine_var_audits_switches_s_airplane'====== Args={'value': 42, 'prev_value': None, 'change': True}
2025-12-31 06:27:27,389 : INFO : EventManager : Event: ======'machine_var_audits_switches_s_bottom_left_inner_drain'====== Args={'value': 102, 'prev_value': None, 'change': True}
2025-12-31 06:27:27,389 : INFO : EventManager : Event: ======'machine_var_audits_switches_s_bottom_left_outer_drain'====== Args={'value': 92, 'prev_value': None, 'change': True}
2025-12-31 06:27:27,389 : INFO : EventManager : Event: ======'machine_var_audits_switches_s_bottom_right_inner_drain'====== Args={'value': 126, 'prev_value': None, 'change': True}
2025-12-31 06:27:27,389 : INFO : EventManager : Event: ======'machine_var_audits_switches_s_bottom_right_outer_drain'====== Args={'value': 328, 'prev_value': None, 'change': True}
2025-12-31 06:27:27,389 : INFO : EventManager : Event: ======'machine_var_audits_switches_s_bottom_right_vuk'====== Args={'value': 1822, 'prev_value': None, 'change': True}
2025-12-31 06:27:27,389 : INFO : EventManager : Event: ======'machine_var_audits_switches_s_captiveball'====== Args={'value': 0, 'prev_value': None, 'change': True}
2025-12-31 06:27:27,389 : INFO : EventManager : Event: ======'machine_var_audits_switches_s_door'====== Args={'value': 59, 'prev_value': None, 'change': True}
2025-12-31 06:27:27,389 : INFO : EventManager : Event: ======'machine_var_audits_switches_s_door_tilt'====== Args={'value': 115, 'prev_value': None, 'change': True}
2025-12-31 06:27:27,389 : INFO : EventManager : Event: ======'machine_var_audits_switches_s_drop_target_1'====== Args={'value': 114, 'prev_value': None, 'change': True}
2025-12-31 06:27:27,389 : INFO : EventManager : Event: ======'machine_var_audits_switches_s_drop_target_2'====== Args={'value': 102, 'prev_value': None, 'change': True}
2025-12-31 06:27:27,389 : INFO : EventManager : Event: ======'machine_var_audits_switches_s_drop_target_3'====== Args={'value': 113, 'prev_value': None, 'change': True}
2025-12-31 06:27:27,389 : INFO : EventManager : Event: ======'machine_var_audits_switches_s_enter'====== Args={'value': 0, 'prev_value': None, 'change': True}
2025-12-31 06:27:27,389 : INFO : EventManager : Event: ======'machine_var_audits_switches_s_escape'====== Args={'value': 0, 'prev_value': None, 'change': True}
2025-12-31 06:27:27,389 : INFO : EventManager : Event: ======'machine_var_audits_switches_s_fire'====== Args={'value': 176, 'prev_value': None, 'change': True}
2025-12-31 06:27:27,389 : INFO : EventManager : Event: ======'machine_var_audits_switches_s_highvuk'====== Args={'value': 76, 'prev_value': None, 'change': True}
2025-12-31 06:27:27,389 : INFO : EventManager : Event: ======'machine_var_audits_switches_s_holly_h'====== Args={'value': 308, 'prev_value': None, 'change': True}
2025-12-31 06:27:27,389 : INFO : EventManager : Event: ======'machine_var_audits_switches_s_holly_l'====== Args={'value': 216, 'prev_value': None, 'change': True}
2025-12-31 06:27:27,389 : INFO : EventManager : Event: ======'machine_var_audits_switches_s_holly_l1'====== Args={'value': 75, 'prev_value': None, 'change': True}
2025-12-31 06:27:27,389 : INFO : EventManager : Event: ======'machine_var_audits_switches_s_holly_l_1'====== Args={'value': 93, 'prev_value': None, 'change': True}
2025-12-31 06:27:27,389 : INFO : EventManager : Event: ======'machine_var_audits_switches_s_holly_o'====== Args={'value': 237, 'prev_value': None, 'change': True}
2025-12-31 06:27:27,390 : INFO : EventManager : Event: ======'machine_var_audits_switches_s_holly_y'====== Args={'value': 71, 'prev_value': None, 'change': True}
2025-12-31 06:27:27,390 : INFO : EventManager : Event: ======'machine_var_audits_switches_s_kickervault1'====== Args={'value': 13, 'prev_value': None, 'change': True}
2025-12-31 06:27:27,390 : INFO : EventManager : Event: ======'machine_var_audits_switches_s_left spinner'====== Args={'value': 1170, 'prev_value': None, 'change': True}
2025-12-31 06:27:27,390 : INFO : EventManager : Event: ======'machine_var_audits_switches_s_left_coin'====== Args={'value': 0, 'prev_value': None, 'change': True}
2025-12-31 06:27:27,390 : INFO : EventManager : Event: ======'machine_var_audits_switches_s_left_flipper'====== Args={'value': 1436, 'prev_value': None, 'change': True}
2025-12-31 06:27:27,390 : INFO : EventManager : Event: ======'machine_var_audits_switches_s_left_flipper_eos'====== Args={'value': 1374, 'prev_value': None, 'change': True}
2025-12-31 06:27:27,390 : INFO : EventManager : Event: ======'machine_var_audits_switches_s_left_inlane'====== Args={'value': 0, 'prev_value': None, 'change': True}
2025-12-31 06:27:27,390 : INFO : EventManager : Event: ======'machine_var_audits_switches_s_left_magna'====== Args={'value': 377, 'prev_value': None, 'change': True}
2025-12-31 06:27:27,390 : INFO : EventManager : Event: ======'machine_var_audits_switches_s_left_orbit'====== Args={'value': 345, 'prev_value': None, 'change': True}
2025-12-31 06:27:27,390 : INFO : EventManager : Event: ======'machine_var_audits_switches_s_left_orbit2'====== Args={'value': 11, 'prev_value': None, 'change': True}
2025-12-31 06:27:27,390 : INFO : EventManager : Event: ======'machine_var_audits_switches_s_left_outlane'====== Args={'value': 0, 'prev_value': None, 'change': True}
2025-12-31 06:27:27,390 : INFO : EventManager : Event: ======'machine_var_audits_switches_s_left_sling'====== Args={'value': 388, 'prev_value': None, 'change': True}
2025-12-31 06:27:27,390 : INFO : EventManager : Event: ======'machine_var_audits_switches_s_left_slingshot'====== Args={'value': 1, 'prev_value': None, 'change': True}
2025-12-31 06:27:27,390 : INFO : EventManager : Event: ======'machine_var_audits_switches_s_left_top_target'====== Args={'value': 76, 'prev_value': None, 'change': True}
2025-12-31 06:27:27,390 : INFO : EventManager : Event: ======'machine_var_audits_switches_s_mid_orbit'====== Args={'value': 0, 'prev_value': None, 'change': True}
2025-12-31 06:27:27,390 : INFO : EventManager : Event: ======'machine_var_audits_switches_s_middle_top_target'====== Args={'value': 42, 'prev_value': None, 'change': True}
2025-12-31 06:27:27,390 : INFO : EventManager : Event: ======'machine_var_audits_switches_s_minus'====== Args={'value': 0, 'prev_value': None, 'change': True}
2025-12-31 06:27:27,390 : INFO : EventManager : Event: ======'machine_var_audits_switches_s_nakatomi'====== Args={'value': 199, 'prev_value': None, 'change': True}
2025-12-31 06:27:27,390 : INFO : EventManager : Event: ======'machine_var_audits_switches_s_nakatomi_lock_ball_count'====== Args={'value': 0, 'prev_value': None, 'change': True}
2025-12-31 06:27:27,390 : INFO : EventManager : Event: ======'machine_var_audits_switches_s_plunger_lane'====== Args={'value': 204, 'prev_value': None, 'change': True}
2025-12-31 06:27:27,390 : INFO : EventManager : Event: ======'machine_var_audits_switches_s_plus'====== Args={'value': 0, 'prev_value': None, 'change': True}
2025-12-31 06:27:27,390 : INFO : EventManager : Event: ======'machine_var_audits_switches_s_popbumper_left'====== Args={'value': 256, 'prev_value': None, 'change': True}
2025-12-31 06:27:27,390 : INFO : EventManager : Event: ======'machine_var_audits_switches_s_popbumper_right'====== Args={'value': 535, 'prev_value': None, 'change': True}
2025-12-31 06:27:27,390 : INFO : EventManager : Event: ======'machine_var_audits_switches_s_push_drop_target_4'====== Args={'value': 2, 'prev_value': None, 'change': True}
2025-12-31 06:27:27,390 : INFO : EventManager : Event: ======'machine_var_audits_switches_s_push_drop_target_5'====== Args={'value': 7, 'prev_value': None, 'change': True}
2025-12-31 06:27:27,390 : INFO : EventManager : Event: ======'machine_var_audits_switches_s_right spinner'====== Args={'value': 134, 'prev_value': None, 'change': True}
2025-12-31 06:27:27,390 : INFO : EventManager : Event: ======'machine_var_audits_switches_s_right_coin'====== Args={'value': 0, 'prev_value': None, 'change': True}
2025-12-31 06:27:27,391 : INFO : EventManager : Event: ======'machine_var_audits_switches_s_right_flipper'====== Args={'value': 1589, 'prev_value': None, 'change': True}
2025-12-31 06:27:27,391 : INFO : EventManager : Event: ======'machine_var_audits_switches_s_right_flipper_eos'====== Args={'value': 1535, 'prev_value': None, 'change': True}
2025-12-31 06:27:27,391 : INFO : EventManager : Event: ======'machine_var_audits_switches_s_right_inlane'====== Args={'value': 0, 'prev_value': None, 'change': True}
2025-12-31 06:27:27,391 : INFO : EventManager : Event: ======'machine_var_audits_switches_s_right_magna'====== Args={'value': 315, 'prev_value': None, 'change': True}
2025-12-31 06:27:27,391 : INFO : EventManager : Event: ======'machine_var_audits_switches_s_right_orbit'====== Args={'value': 261, 'prev_value': None, 'change': True}
2025-12-31 06:27:27,391 : INFO : EventManager : Event: ======'machine_var_audits_switches_s_right_orbit2'====== Args={'value': 11, 'prev_value': None, 'change': True}
2025-12-31 06:27:27,391 : INFO : EventManager : Event: ======'machine_var_audits_switches_s_right_outlane'====== Args={'value': 0, 'prev_value': None, 'change': True}
2025-12-31 06:27:27,391 : INFO : EventManager : Event: ======'machine_var_audits_switches_s_right_sling'====== Args={'value': 510, 'prev_value': None, 'change': True}
2025-12-31 06:27:27,391 : INFO : EventManager : Event: ======'machine_var_audits_switches_s_right_slingshot'====== Args={'value': 0, 'prev_value': None, 'change': True}
2025-12-31 06:27:27,391 : INFO : EventManager : Event: ======'machine_var_audits_switches_s_right_top_target'====== Args={'value': 38, 'prev_value': None, 'change': True}
2025-12-31 06:27:27,391 : INFO : EventManager : Event: ======'machine_var_audits_switches_s_rightkicker'====== Args={'value': 2, 'prev_value': None, 'change': True}
2025-12-31 06:27:27,391 : INFO : EventManager : Event: ======'machine_var_audits_switches_s_rightvuk'====== Args={'value': 0, 'prev_value': None, 'change': True}
2025-12-31 06:27:27,391 : INFO : EventManager : Event: ======'machine_var_audits_switches_s_safe_vuk'====== Args={'value': 354, 'prev_value': None, 'change': True}
2025-12-31 06:27:27,391 : INFO : EventManager : Event: ======'machine_var_audits_switches_s_spinnerleft'====== Args={'value': 10, 'prev_value': None, 'change': True}
2025-12-31 06:27:27,391 : INFO : EventManager : Event: ======'machine_var_audits_switches_s_spinnerright'====== Args={'value': 5, 'prev_value': None, 'change': True}
2025-12-31 06:27:27,391 : INFO : EventManager : Event: ======'machine_var_audits_switches_s_start'====== Args={'value': 65, 'prev_value': None, 'change': True}
2025-12-31 06:27:27,391 : INFO : EventManager : Event: ======'machine_var_audits_switches_s_swDivParkp'====== Args={'value': 0, 'prev_value': None, 'change': True}
2025-12-31 06:27:27,391 : INFO : EventManager : Event: ======'machine_var_audits_switches_s_swleftinlane'====== Args={'value': 0, 'prev_value': None, 'change': True}
2025-12-31 06:27:27,391 : INFO : EventManager : Event: ======'machine_var_audits_switches_s_swleftorb1'====== Args={'value': 2, 'prev_value': None, 'change': True}
2025-12-31 06:27:27,391 : INFO : EventManager : Event: ======'machine_var_audits_switches_s_swleftorb2'====== Args={'value': 2, 'prev_value': None, 'change': True}
2025-12-31 06:27:27,391 : INFO : EventManager : Event: ======'machine_var_audits_switches_s_swleftoutlane'====== Args={'value': 0, 'prev_value': None, 'change': True}
2025-12-31 06:27:27,391 : INFO : EventManager : Event: ======'machine_var_audits_switches_s_swmidorb'====== Args={'value': 0, 'prev_value': None, 'change': True}
2025-12-31 06:27:27,391 : INFO : EventManager : Event: ======'machine_var_audits_switches_s_swrightinlane'====== Args={'value': 1, 'prev_value': None, 'change': True}
2025-12-31 06:27:27,391 : INFO : EventManager : Event: ======'machine_var_audits_switches_s_swrightorb1'====== Args={'value': 1, 'prev_value': None, 'change': True}
2025-12-31 06:27:27,391 : INFO : EventManager : Event: ======'machine_var_audits_switches_s_swrightorb2'====== Args={'value': 0, 'prev_value': None, 'change': True}
2025-12-31 06:27:27,391 : INFO : EventManager : Event: ======'machine_var_audits_switches_s_swrightoutlane'====== Args={'value': 0, 'prev_value': None, 'change': True}
2025-12-31 06:27:27,392 : INFO : EventManager : Event: ======'machine_var_audits_switches_s_target002'====== Args={'value': 0, 'prev_value': None, 'change': True}
2025-12-31 06:27:27,392 : INFO : EventManager : Event: ======'machine_var_audits_switches_s_target003'====== Args={'value': 0, 'prev_value': None, 'change': True}
2025-12-31 06:27:27,392 : INFO : EventManager : Event: ======'machine_var_audits_switches_s_target004'====== Args={'value': 0, 'prev_value': None, 'change': True}
2025-12-31 06:27:27,392 : INFO : EventManager : Event: ======'machine_var_audits_switches_s_target_2'====== Args={'value': 0, 'prev_value': None, 'change': True}
2025-12-31 06:27:27,392 : INFO : EventManager : Event: ======'machine_var_audits_switches_s_target_3'====== Args={'value': 0, 'prev_value': None, 'change': True}
2025-12-31 06:27:27,392 : INFO : EventManager : Event: ======'machine_var_audits_switches_s_targeth'====== Args={'value': 0, 'prev_value': None, 'change': True}
2025-12-31 06:27:27,392 : INFO : EventManager : Event: ======'machine_var_audits_switches_s_targetl'====== Args={'value': 0, 'prev_value': None, 'change': True}
2025-12-31 06:27:27,392 : INFO : EventManager : Event: ======'machine_var_audits_switches_s_targetl2'====== Args={'value': 2, 'prev_value': None, 'change': True}
2025-12-31 06:27:27,392 : INFO : EventManager : Event: ======'machine_var_audits_switches_s_targeto'====== Args={'value': 0, 'prev_value': None, 'change': True}
2025-12-31 06:27:27,392 : INFO : EventManager : Event: ======'machine_var_audits_switches_s_targety'====== Args={'value': 0, 'prev_value': None, 'change': True}
2025-12-31 06:27:27,392 : INFO : EventManager : Event: ======'machine_var_audits_switches_s_tilt_bob'====== Args={'value': 0, 'prev_value': None, 'change': True}
2025-12-31 06:27:27,392 : INFO : EventManager : Event: ======'machine_var_audits_switches_s_top_flipper_eos'====== Args={'value': 1373, 'prev_value': None, 'change': True}
2025-12-31 06:27:27,392 : INFO : EventManager : Event: ======'machine_var_audits_switches_s_top_flipper_hold'====== Args={'value': 0, 'prev_value': None, 'change': True}
2025-12-31 06:27:27,393 : INFO : EventManager : Event: ======'machine_var_audits_switches_s_towervuk'====== Args={'value': 0, 'prev_value': None, 'change': True}
2025-12-31 06:27:27,393 : INFO : EventManager : Event: ======'machine_var_audits_switches_s_trmagl'====== Args={'value': 0, 'prev_value': None, 'change': True}
2025-12-31 06:27:27,393 : INFO : EventManager : Event: ======'machine_var_audits_switches_s_trmagr'====== Args={'value': 0, 'prev_value': None, 'change': True}
2025-12-31 06:27:27,393 : INFO : EventManager : Event: ======'machine_var_audits_switches_s_trough1'====== Args={'value': 329, 'prev_value': None, 'change': True}
2025-12-31 06:27:27,393 : INFO : EventManager : Event: ======'machine_var_audits_switches_s_trough2'====== Args={'value': 121, 'prev_value': None, 'change': True}
2025-12-31 06:27:27,393 : INFO : EventManager : Event: ======'machine_var_audits_switches_s_trough3'====== Args={'value': 119, 'prev_value': None, 'change': True}
2025-12-31 06:27:27,393 : INFO : EventManager : Event: ======'machine_var_audits_switches_s_trough4'====== Args={'value': 123, 'prev_value': None, 'change': True}
2025-12-31 06:27:27,393 : INFO : EventManager : Event: ======'machine_var_audits_switches_s_trough5'====== Args={'value': 103, 'prev_value': None, 'change': True}
2025-12-31 06:27:27,393 : INFO : EventManager : Event: ======'machine_var_audits_switches_s_trough6'====== Args={'value': 103, 'prev_value': None, 'change': True}
2025-12-31 06:27:27,393 : INFO : EventManager : Event: ======'machine_var_audits_switches_s_trough_jam'====== Args={'value': 180, 'prev_value': None, 'change': True}
2025-12-31 06:27:27,393 : INFO : EventManager : Event: ======'machine_var_audits_switches_s_tunel_vuk'====== Args={'value': 225, 'prev_value': None, 'change': True}
2025-12-31 06:27:27,393 : INFO : EventManager : Event: ======'machine_var_audits_switches_s_upper_pf_entrance'====== Args={'value': 0, 'prev_value': None, 'change': True}
2025-12-31 06:27:27,393 : INFO : EventManager : Event: ======'machine_var_audits_switches_swPlunger'====== Args={'value': 16, 'prev_value': None, 'change': True}
2025-12-31 06:27:27,393 : INFO : EventManager : Event: ======'init_phase_5'====== Args={}
2025-12-31 06:27:27,394 : INFO : EventManager : Event: ======'init_done'====== Args={}
2025-12-31 06:27:27,394 : INFO : EventManager : Event: ======'machine_reset_phase_1'====== Args={}
2025-12-31 06:27:27,395 : INFO : EventManager : Event: ======'machine_reset_phase_2'====== Args={}
2025-12-31 06:27:27,395 : INFO : EventManager : Event: ======'machine_reset_phase_3'====== Args={}
2025-12-31 06:27:27,395 : INFO : drop_target_bank.bank : All targets are already up. Will not reset bank.
2025-12-31 06:27:27,395 : INFO : drop_target_bank.bank1 : All targets are already up. Will not reset bank.
2025-12-31 06:27:27,395 : INFO : EventManager : Event: ======'reset_complete'====== Args={}
2025-12-31 06:27:27,395 : INFO : EventManager : Event: ======'mode_attract_will_start'====== Args={}
2025-12-31 06:27:27,396 : INFO : EventManager : Event: ======'mode_attract_starting'====== Args={}
2025-12-31 06:27:27,396 : INFO : Mode.attract : Started. Priority: 10
2025-12-31 06:27:27,396 : INFO : EventManager : Event: ======'modes_active_modes_changed'====== Args={}
2025-12-31 06:27:27,396 : INFO : EventManager : Event: ======'mode_attract_started'====== Args={}
2025-12-31 06:27:27,396 : INFO : show_player : key_attract_christmas
2025-12-31 06:27:27,397 : INFO : EventManager : Event: ======'collecting_balls_complete'====== Args={}
2025-12-31 06:27:27,397 : INFO : Machine : Starting the main run loop with active modes: [<Mode.attract>]
2025-12-31 06:27:34,261 : INFO : BcpServer : New client connected.
2025-12-31 06:27:37,959 : INFO : SwitchController : <<<<<<< 's_start' active >>>>>>>
2025-12-31 06:27:38,012 : INFO : SwitchController : <<<<<<< 's_start' inactive >>>>>>>
2025-12-31 06:27:38,012 : INFO : EventManager : Event: ======'request_to_start_game'====== Args={}
2025-12-31 06:27:38,012 : INFO : EventManager : Event: ======'game_start'====== Args={'buttons': [], 'hold_time': 0.046999999991385266}
2025-12-31 06:27:38,012 : INFO : EventManager : Event: ======'mode_game_will_start'====== Args={'buttons': [], 'hold_time': 0.046999999991385266}
2025-12-31 06:27:38,013 : INFO : EventManager : Event: ======'mode_game_starting'====== Args={'buttons': [], 'hold_time': 0.046999999991385266}
2025-12-31 06:27:38,013 : INFO : EventManager : Event: ======'mode_attract_will_stop'====== Args={}
2025-12-31 06:27:38,013 : INFO : EventManager : Event: ======'mode_attract_stopping'====== Args={}
2025-12-31 06:27:38,013 : INFO : Mode.attract : Stopped.
2025-12-31 06:27:38,013 : INFO : EventManager : Event: ======'modes_active_modes_changed'====== Args={}
2025-12-31 06:27:38,013 : INFO : EventManager : Event: ======'mode_attract_stopped'====== Args={}
2025-12-31 06:27:38,013 : INFO : EventManager : Event: ======'clear'====== Args={'key': 'attract'}
2025-12-31 06:27:38,013 : INFO : Mode.game : Started. Priority: 20
2025-12-31 06:27:38,013 : INFO : EventManager : Event: ======'modes_active_modes_changed'====== Args={}
2025-12-31 06:27:38,013 : INFO : EventManager : Event: ======'mode_game_started'====== Args={'buttons': [], 'hold_time': 0.046999999991385266}
2025-12-31 06:27:38,014 : INFO : EventManager : Event: ======'game_will_start'====== Args={}
2025-12-31 06:27:38,015 : INFO : EventManager : Event: ======'game_starting'====== Args={'game': <Mode.game>}
2025-12-31 06:27:38,015 : INFO : EventManager : Unordered handler for class <Auditor> on event game_ended with priority 1. Handlers: [RegisteredHandler(callback=<bound method Auditor.disable of <Auditor>>, priority=1, kwargs={}, key=UUID('7e8b9d2f-9d7f-4ba2-a30c-17839fb80f9f'), condition=None, blocking_facility=None), RegisteredHandler(callback=<bound method Auditor._save_audits of <Auditor>>, priority=1, kwargs={}, key=UUID('5f0b549f-5202-4644-aff7-0afda6a0f263'), condition=None, blocking_facility=None)]. The order of those handlers is not defined and they will be executed in random order. This might lead to race conditions and potential bugs.
2025-12-31 06:27:38,015 : INFO : EventManager : Event: ======'player_add_request'====== Args={}
2025-12-31 06:27:38,017 : INFO : EventManager : Event: ======'player_will_add'====== Args={'number': 1}
2025-12-31 06:27:38,017 : INFO : EventManager : Event: ======'player_adding'====== Args={'player': <Player 1>, 'number': 1}
2025-12-31 06:27:38,017 : INFO : EventManager : Event: ======'player_added'====== Args={'player': <Player 1>, 'num': 1}
2025-12-31 06:27:38,017 : INFO : Mode.game : Player added successfully. Total players: 1
2025-12-31 06:27:38,018 : INFO : EventManager : Event: ======'player_index'====== Args={'value': 0, 'prev_value': 0, 'change': 0, 'player_num': 1}
2025-12-31 06:27:38,018 : INFO : EventManager : Event: ======'player_number'====== Args={'value': 1, 'prev_value': 1, 'change': 0, 'player_num': 1}
2025-12-31 06:27:38,018 : INFO : EventManager : Event: ======'player_mystery_hits_count'====== Args={'value': 0, 'prev_value': 0, 'change': 0, 'player_num': 1}
2025-12-31 06:27:38,018 : INFO : EventManager : Event: ======'player_nakatomi_mb_available'====== Args={'value': 1, 'prev_value': 1, 'change': 0, 'player_num': 1}
2025-12-31 06:27:38,018 : INFO : EventManager : Event: ======'player_tower_lock'====== Args={'value': 0, 'prev_value': 0, 'change': 0, 'player_num': 1}
2025-12-31 06:27:38,018 : INFO : EventManager : Event: ======'player_airplane_mb_available'====== Args={'value': 1, 'prev_value': 1, 'change': 0, 'player_num': 1}
2025-12-31 06:27:38,018 : INFO : EventManager : Event: ======'player_airplane_lock_lit'====== Args={'value': 0, 'prev_value': 0, 'change': 0, 'player_num': 1}
2025-12-31 06:27:38,018 : INFO : EventManager : Event: ======'player_park_mb_available'====== Args={'value': 1, 'prev_value': 1, 'change': 0, 'player_num': 1}
2025-12-31 06:27:38,018 : INFO : EventManager : Event: ======'player_park_locks'====== Args={'value': 0, 'prev_value': 0, 'change': 0, 'player_num': 1}
2025-12-31 06:27:38,018 : INFO : EventManager : Event: ======'player_modes_complete'====== Args={'value': 0, 'prev_value': 0, 'change': 0, 'player_num': 1}
2025-12-31 06:27:38,018 : INFO : EventManager : Event: ======'player_mode_running'====== Args={'value': 'None', 'prev_value': 'None', 'change': False, 'player_num': 1}
2025-12-31 06:27:38,018 : INFO : EventManager : Event: ======'player_collected_bullets'====== Args={'value': 0, 'prev_value': 0, 'change': 0, 'player_num': 1}
2025-12-31 06:27:38,019 : INFO : EventManager : Event: ======'player_time_ball_save'====== Args={'value': 0, 'prev_value': 0, 'change': 0, 'player_num': 1}
2025-12-31 06:27:38,019 : INFO : EventManager : Event: ======'player_bonus_multiplier'====== Args={'value': 1, 'prev_value': 1, 'change': 0, 'player_num': 1}
2025-12-31 06:27:38,019 : INFO : EventManager : Event: ======'player_bonus_x_held'====== Args={'value': 0, 'prev_value': 0, 'change': 0, 'player_num': 1}
2025-12-31 06:27:38,019 : INFO : EventManager : Event: ======'player_karl_bonus'====== Args={'value': 0, 'prev_value': 0, 'change': 0, 'player_num': 1}
2025-12-31 06:27:38,019 : INFO : EventManager : Event: ======'player_super_jets'====== Args={'value': 0, 'prev_value': 0, 'change': 0, 'player_num': 1}
2025-12-31 06:27:38,019 : INFO : EventManager : Event: ======'player_super_jets_goal'====== Args={'value': 40, 'prev_value': 40, 'change': 0, 'player_num': 1}
2025-12-31 06:27:38,019 : INFO : EventManager : Event: ======'player_super_spinners'====== Args={'value': 0, 'prev_value': 0, 'change': 0, 'player_num': 1}
2025-12-31 06:27:38,019 : INFO : EventManager : Event: ======'player_stuart_bonus'====== Args={'value': 0, 'prev_value': 0, 'change': 0, 'player_num': 1}
2025-12-31 06:27:38,019 : INFO : EventManager : Event: ======'player_point_multiplier'====== Args={'value': 1, 'prev_value': 1, 'change': 0, 'player_num': 1}
2025-12-31 06:27:38,019 : INFO : EventManager : Event: ======'player_ambush'====== Args={'value': 0, 'prev_value': 0, 'change': 0, 'player_num': 1}
2025-12-31 06:27:38,019 : INFO : EventManager : Event: ======'player_nakatomi_super_collected'====== Args={'value': 0, 'prev_value': 0, 'change': 0, 'player_num': 1}
2025-12-31 06:27:38,019 : INFO : EventManager : Event: ======'player_airplane_mb_stage2'====== Args={'value': 0, 'prev_value': 0, 'change': 0, 'player_num': 1}
2025-12-31 06:27:38,019 : INFO : EventManager : Event: ======'player_park_super_collected'====== Args={'value': 0, 'prev_value': 0, 'change': 0, 'player_num': 1}
2025-12-31 06:27:38,020 : INFO : EventManager : Event: ======'player_extra_ball_mball_awarded'====== Args={'value': 0, 'prev_value': 0, 'change': 0, 'player_num': 1}
2025-12-31 06:27:38,020 : INFO : EventManager : Event: ======'player_mystery_awarded_index'====== Args={'value': 0, 'prev_value': 0, 'change': 0, 'player_num': 1}
2025-12-31 06:27:38,020 : INFO : EventManager : Event: ======'player_bullet_hits'====== Args={'value': 0, 'prev_value': 0, 'change': 0, 'player_num': 1}
2025-12-31 06:27:38,020 : INFO : EventManager : Event: ======'player_bullet_combo_hits'====== Args={'value': 0, 'prev_value': 0, 'change': 0, 'player_num': 1}
2025-12-31 06:27:38,020 : INFO : EventManager : Event: ======'player_score'====== Args={'value': 0, 'prev_value': 0, 'change': 0, 'player_num': 1}
2025-12-31 06:27:38,020 : INFO : EventManager : Event: ======'game_started'====== Args={}
2025-12-31 06:27:38,021 : INFO : EventManager : Event: ======'player_turn_will_start'====== Args={'player': <Player 1>, 'number': 1}
2025-12-31 06:27:38,029 : INFO : EventManager : Event: ======'player_turn_starting'====== Args={'player': <Player 1>, 'number': 1}
2025-12-31 06:27:38,030 : INFO : EventManager : Event: ======'player_ball'====== Args={'value': 1, 'prev_value': 0, 'change': 1, 'player_num': 1}
2025-12-31 06:27:38,030 : INFO : EventManager : Event: ======'player_turn_started'====== Args={'player': <Player 1>, 'number': 1}
2025-12-31 06:27:38,031 : INFO : EventManager : Event: ======'ball_will_start'====== Args={'player': 1, 'ball': 1, 'balls_remaining': 2, 'is_extra_ball': False}
2025-12-31 06:27:38,032 : INFO : EventManager : Event: ======'ball_starting'====== Args={'player': 1, 'ball': 1, 'balls_remaining': 2, 'is_extra_ball': False}
2025-12-31 06:27:38,032 : INFO : drop_target_bank.bank : All targets are already up. Will not reset bank.
2025-12-31 06:27:38,032 : INFO : drop_target_bank.bank1 : All targets are already up. Will not reset bank.
2025-12-31 06:27:38,033 : INFO : EventManager : Event: ======'balls_in_play'====== Args={'balls': 1}
2025-12-31 06:27:38,033 : INFO : EventManager : Event: ======'ball_started'====== Args={'player': 1, 'ball': 1, 'balls_remaining': 2, 'is_extra_ball': False}
2025-12-31 06:27:38,033 : INFO : EventManager : Event: ======'mode_skillshot_will_start'====== Args={'player': 1, 'ball': 1, 'balls_remaining': 2, 'is_extra_ball': False}
2025-12-31 06:27:38,034 : INFO : EventManager : Event: ======'mode_skillshot_starting'====== Args={'player': 1, 'ball': 1, 'balls_remaining': 2, 'is_extra_ball': False}
2025-12-31 06:27:38,034 : INFO : EventManager : Event: ======'mode_holly_will_start'====== Args={'player': 1, 'ball': 1, 'balls_remaining': 2, 'is_extra_ball': False}
2025-12-31 06:27:38,034 : INFO : EventManager : Event: ======'holly_targets_complete'====== Args={'state': 'None'}
2025-12-31 06:27:38,035 : INFO : EventManager : Event: ======'holly_targets_None_complete'====== Args={}
2025-12-31 06:27:38,035 : INFO : EventManager : Event: ======'player_shot_holly_h_enabled'====== Args={'value': True, 'prev_value': 0, 'change': 1, 'player_num': 1}
2025-12-31 06:27:38,035 : INFO : EventManager : Event: ======'player_shot_holly_o_enabled'====== Args={'value': True, 'prev_value': 0, 'change': 1, 'player_num': 1}
2025-12-31 06:27:38,036 : INFO : EventManager : Event: ======'player_shot_holly_l_enabled'====== Args={'value': True, 'prev_value': 0, 'change': 1, 'player_num': 1}
2025-12-31 06:27:38,036 : INFO : EventManager : Event: ======'player_shot_holly_l1_enabled'====== Args={'value': True, 'prev_value': 0, 'change': 1, 'player_num': 1}
2025-12-31 06:27:38,036 : INFO : EventManager : Event: ======'player_shot_holly_y_enabled'====== Args={'value': True, 'prev_value': 0, 'change': 1, 'player_num': 1}
2025-12-31 06:27:38,037 : INFO : EventManager : Event: ======'mode_holly_starting'====== Args={'player': 1, 'ball': 1, 'balls_remaining': 2, 'is_extra_ball': False}
2025-12-31 06:27:38,037 : INFO : EventManager : Event: ======'mode_mystery_will_start'====== Args={'player': 1, 'ball': 1, 'balls_remaining': 2, 'is_extra_ball': False}
2025-12-31 06:27:38,037 : INFO : EventManager : Event: ======'mystery_ho_complete'====== Args={'state': 'None'}
2025-12-31 06:27:38,037 : INFO : EventManager : Event: ======'mystery_ho_None_complete'====== Args={}
2025-12-31 06:27:38,037 : INFO : EventManager : Event: ======'player_shot_vault_h_enabled'====== Args={'value': True, 'prev_value': 0, 'change': 1, 'player_num': 1}
2025-12-31 06:27:38,038 : INFO : EventManager : Event: ======'player_shot_vault_o_enabled'====== Args={'value': True, 'prev_value': 0, 'change': 1, 'player_num': 1}
2025-12-31 06:27:38,038 : INFO : EventManager : Event: ======'player_shot_vault_mystery_enabled'====== Args={'value': True, 'prev_value': 0, 'change': 1, 'player_num': 1}
2025-12-31 06:27:38,038 : INFO : EventManager : Event: ======'player_mystery_mystery_tick'====== Args={'value': 0, 'prev_value': 0, 'change': 0, 'player_num': 1}
2025-12-31 06:27:38,039 : INFO : EventManager : Event: ======'mode_mystery_starting'====== Args={'player': 1, 'ball': 1, 'balls_remaining': 2, 'is_extra_ball': False}
2025-12-31 06:27:38,040 : INFO : EventManager : Event: ======'mode_bullets_will_start'====== Args={'player': 1, 'ball': 1, 'balls_remaining': 2, 'is_extra_ball': False}
2025-12-31 06:27:38,040 : INFO : EventManager : Event: ======'player_shot_bullet_left_orbit_enabled'====== Args={'value': True, 'prev_value': 0, 'change': 1, 'player_num': 1}
2025-12-31 06:27:38,040 : INFO : EventManager : Event: ======'player_shot_bullet_upper_pf_enabled'====== Args={'value': True, 'prev_value': 0, 'change': 1, 'player_num': 1}
2025-12-31 06:27:38,040 : INFO : EventManager : Event: ======'player_shot_bullet_right_orbit_enabled'====== Args={'value': True, 'prev_value': 0, 'change': 1, 'player_num': 1}
2025-12-31 06:27:38,041 : INFO : EventManager : Event: ======'player_shot_bullet_mid_orbit_enabled'====== Args={'value': True, 'prev_value': 0, 'change': 1, 'player_num': 1}
2025-12-31 06:27:38,041 : INFO : EventManager : Event: ======'player_shot_bullet_air_duct_enabled'====== Args={'value': True, 'prev_value': 0, 'change': 1, 'player_num': 1}
2025-12-31 06:27:38,041 : INFO : EventManager : Event: ======'player_bullets_bullets_combo_tick'====== Args={'value': 0, 'prev_value': 0, 'change': 0, 'player_num': 1}
2025-12-31 06:27:38,043 : INFO : EventManager : Event: ======'mode_bullets_starting'====== Args={'player': 1, 'ball': 1, 'balls_remaining': 2, 'is_extra_ball': False}
2025-12-31 06:27:38,043 : INFO : EventManager : Event: ======'mode_score_will_start'====== Args={'player': 1, 'ball': 1, 'balls_remaining': 2, 'is_extra_ball': False}
2025-12-31 06:27:38,044 : INFO : EventManager : Event: ======'mode_score_starting'====== Args={'player': 1, 'ball': 1, 'balls_remaining': 2, 'is_extra_ball': False}
2025-12-31 06:27:38,044 : INFO : EventManager : Event: ======'mode_base_will_start'====== Args={'player': 1, 'ball': 1, 'balls_remaining': 2, 'is_extra_ball': False}
2025-12-31 06:27:38,046 : INFO : EventManager : Event: ======'mode_base_starting'====== Args={'player': 1, 'ball': 1, 'balls_remaining': 2, 'is_extra_ball': False}
2025-12-31 06:27:38,047 : INFO : Mode.base : Started. Priority: 100
2025-12-31 06:27:38,047 : INFO : EventManager : Event: ======'modes_active_modes_changed'====== Args={}
2025-12-31 06:27:38,047 : INFO : EventManager : Event: ======'mode_base_started'====== Args={'player': 1, 'ball': 1, 'balls_remaining': 2, 'is_extra_ball': False}
2025-12-31 06:27:38,048 : INFO : EventManager : Event: ======'gameplay_music_1'====== Args={'player': 1, 'ball': 1, 'balls_remaining': 2, 'is_extra_ball': False}
2025-12-31 06:27:38,048 : INFO : Mode.score : Started. Priority: 110
2025-12-31 06:27:38,048 : INFO : EventManager : Event: ======'modes_active_modes_changed'====== Args={}
2025-12-31 06:27:38,048 : INFO : EventManager : Event: ======'mode_score_started'====== Args={'player': 1, 'ball': 1, 'balls_remaining': 2, 'is_extra_ball': False}
2025-12-31 06:27:38,048 : INFO : Mode.bullets : Started. Priority: 110
2025-12-31 06:27:38,048 : INFO : EventManager : Event: ======'modes_active_modes_changed'====== Args={}
2025-12-31 06:27:38,049 : INFO : EventManager : Event: ======'mode_bullets_started'====== Args={'player': 1, 'ball': 1, 'balls_remaining': 2, 'is_extra_ball': False}
2025-12-31 06:27:38,049 : INFO : Mode.mystery : Started. Priority: 115
2025-12-31 06:27:38,049 : INFO : EventManager : Event: ======'modes_active_modes_changed'====== Args={}
2025-12-31 06:27:38,049 : INFO : EventManager : Event: ======'mode_mystery_started'====== Args={'player': 1, 'ball': 1, 'balls_remaining': 2, 'is_extra_ball': False}
2025-12-31 06:27:38,049 : INFO : Mode.holly : Started. Priority: 120
2025-12-31 06:27:38,049 : INFO : EventManager : Event: ======'modes_active_modes_changed'====== Args={}
2025-12-31 06:27:38,049 : INFO : EventManager : Event: ======'mode_holly_started'====== Args={'player': 1, 'ball': 1, 'balls_remaining': 2, 'is_extra_ball': False}
2025-12-31 06:27:38,049 : INFO : Mode.skillshot : Started. Priority: 1100
2025-12-31 06:27:38,049 : INFO : EventManager : Event: ======'modes_active_modes_changed'====== Args={}
2025-12-31 06:27:38,049 : INFO : EventManager : Event: ======'mode_skillshot_started'====== Args={'player': 1, 'ball': 1, 'balls_remaining': 2, 'is_extra_ball': False}
2025-12-31 06:27:38,050 : INFO : EventManager : Event: ======'single_player_ball_started'====== Args={}
2025-12-31 06:27:38,052 : INFO : EventManager : Event: ======'ball_start_target'====== Args={'target': 'playfield'}
2025-12-31 06:27:38,053 : INFO : ball_device.bd_plunger : Setting up player-controlled eject. Balls: 1, Target: <playfield.playfield>, player_controlled_eject_event: s_fire_active
2025-12-31 06:27:38,054 : INFO : EventManager : Event: ======'balldevice_balls_available'====== Args={}
2025-12-31 06:27:38,054 : INFO : ball_device.bd_trough : State: waiting_for_target_ready
2025-12-31 06:27:38,054 : INFO : EventManager : Event: ======'balldevice_bd_trough_ball_eject_attempt'====== Args={'balls': 1, 'target': <ball_device.bd_plunger>, 'source': <ball_device.bd_trough>, 'mechanical_eject': True, 'num_attempts': 0}
2025-12-31 06:27:38,056 : INFO : ball_device.bd_plunger : State: waiting_for_ball
2025-12-31 06:27:38,057 : INFO : ball_device.bd_trough : State: ejecting
2025-12-31 06:27:38,058 : INFO : ball_device.bd_trough : Ejecting ball to <ball_device.bd_plunger>
2025-12-31 06:27:38,058 : INFO : EventManager : Event: ======'balldevice_bd_trough_ejecting_ball'====== Args={'balls': 1, 'target': <ball_device.bd_plunger>, 'source': <ball_device.bd_trough>, 'mechanical_eject': True, 'num_attempts': 0}
2025-12-31 06:27:38,059 : INFO : ball_device.bd_trough : Wait for ball to leave device
2025-12-31 06:27:38,059 : INFO : coil.c_trough_eject : Pulsing Driver for 20ms (1.0 pulse_power)
2025-12-31 06:27:38,059 : INFO : SmartVirtual Coil Action : LOOBEELOO
2025-12-31 06:27:38,060 : INFO : SwitchController : <<<<<<< 's_trough1' inactive >>>>>>>
2025-12-31 06:27:38,060 : INFO : SmartVirtual Coil Action : Deactivating: s_trough1
2025-12-31 06:27:38,060 : INFO : ball_device.bd_trough : State: ball_left
2025-12-31 06:27:38,061 : INFO : ball_device.bd_trough : Ball left
2025-12-31 06:27:38,061 : INFO : ball_device.bd_trough : Wait for confirm with timeout 10.0
2025-12-31 06:27:38,152 : INFO : SwitchController : <<<<<<< 's_plunger_lane' active >>>>>>>
2025-12-31 06:27:38,152 : INFO : EventManager : Event: ======'machine_var_audits_switches_s_plunger_lane'====== Args={'value': 205, 'prev_value': 204, 'change': 1}
2025-12-31 06:27:38,652 : INFO : ball_device.bd_plunger : Received ball from <ball_device.bd_trough>
2025-12-31 06:27:38,653 : INFO : EventManager : Event: ======'balldevice_bd_plunger_ball_enter'====== Args={'new_balls': 1, 'unclaimed_balls': 0, 'new_available_balls': 0, 'device': <ball_device.bd_plunger>}
2025-12-31 06:27:38,653 : INFO : EventManager : Event: ======'balldevice_bd_plunger_ball_entered'====== Args={'new_balls': 0, 'device': <ball_device.bd_plunger>}
2025-12-31 06:27:38,653 : INFO : EventManager : Event: ======'balldevice_bd_plunger_ball_count_changed'====== Args={'balls': 1}
2025-12-31 06:27:38,653 : INFO : ball_device.bd_trough : Got eject confirm
2025-12-31 06:27:38,653 : INFO : ball_device.bd_trough : Eject successful
2025-12-31 06:27:38,654 : INFO : EventManager : Event: ======'balldevice_bd_trough_ball_eject_success'====== Args={'balls': 1, 'target': <ball_device.bd_plunger>}
2025-12-31 06:27:38,654 : INFO : EventManager : Event: ======'balldevice_bd_trough_ball_count_changed'====== Args={'balls': 5}
2025-12-31 06:27:38,654 : INFO : ball_device.bd_trough : State: idle
2025-12-31 06:27:38,654 : INFO : ball_device.bd_plunger : State: waiting_for_target_ready
2025-12-31 06:27:38,655 : INFO : EventManager : Event: ======'balldevice_bd_plunger_ball_eject_attempt'====== Args={'balls': 1, 'target': <playfield.playfield>, 'source': <ball_device.bd_plunger>, 'mechanical_eject': True, 'num_attempts': 0}
2025-12-31 06:27:38,655 : INFO : ball_device.bd_plunger : State: ejecting
2025-12-31 06:27:38,655 : INFO : ball_device.bd_plunger : Ejecting ball to <playfield.playfield>
2025-12-31 06:27:38,655 : INFO : EventManager : Event: ======'balldevice_bd_plunger_ejecting_ball'====== Args={'balls': 1, 'target': <playfield.playfield>, 'source': <ball_device.bd_plunger>, 'mechanical_eject': True, 'num_attempts': 0}
2025-12-31 06:27:38,656 : INFO : ball_device.bd_plunger : Wait for ball to leave device
2025-12-31 06:27:39,276 : INFO : SwitchController : <<<<<<< 's_plunger_lane' inactive >>>>>>>
2025-12-31 06:27:39,276 : INFO : ball_device.bd_plunger : State: ball_left
2025-12-31 06:27:39,277 : INFO : ball_device.bd_plunger : Ball left
2025-12-31 06:27:39,277 : INFO : ball_device.bd_plunger : Wait for confirm with timeout 10.0
2025-12-31 06:27:40,427 : INFO : SwitchController : <<<<<<< 's_right_sling' active >>>>>>>
2025-12-31 06:27:40,427 : INFO : EventManager : Event: ======'s_right_sling_active'====== Args={}
2025-12-31 06:27:40,428 : INFO : EventManager : Event: ======'playfield_active'====== Args={'source': 'right_sling'}
2025-12-31 06:27:40,428 : INFO : EventManager : Event: ======'machine_var_audits_switches_s_right_sling'====== Args={'value': 511, 'prev_value': 510, 'change': 1}
2025-12-31 06:27:40,428 : INFO : EventManager : Event: ======'player_score'====== Args={'value': 3030, 'prev_value': 0, 'change': 3030, 'player_num': 1, 'source': 'score'}
2025-12-31 06:27:40,428 : INFO : show_player : key_s_right_sling_active
2025-12-31 06:27:40,429 : INFO : ball_device.bd_plunger : Got eject confirm
2025-12-31 06:27:40,429 : INFO : ball_device.bd_plunger : Eject successful
2025-12-31 06:27:40,429 : INFO : EventManager : Event: ======'balldevice_bd_plunger_ball_eject_success'====== Args={'balls': 1, 'target': <playfield.playfield>}
2025-12-31 06:27:40,436 : INFO : EventManager : Event: ======'balldevice_playfield_ball_enter'====== Args={'new_balls': 1, 'unclaimed_balls': 1, 'device': <playfield.playfield>}
2025-12-31 06:27:40,436 : INFO : EventManager : Event: ======'playfield_ball_count_change'====== Args={'balls': 1, 'change': 1}
2025-12-31 06:27:40,437 : INFO : EventManager : Event: ======'balldevice_bd_plunger_ball_count_changed'====== Args={'balls': 0}
2025-12-31 06:27:40,437 : INFO : ball_device.bd_plunger : State: idle
2025-12-31 06:27:40,495 : INFO : SwitchController : <<<<<<< 's_right_sling' inactive >>>>>>>
2025-12-31 06:27:43,574 : INFO : SwitchController : <<<<<<< 's_left_sling' active >>>>>>>
2025-12-31 06:27:43,575 : INFO : EventManager : Event: ======'s_left_sling_active'====== Args={}
2025-12-31 06:27:43,575 : INFO : EventManager : Event: ======'machine_var_audits_switches_s_left_sling'====== Args={'value': 389, 'prev_value': 388, 'change': 1}
2025-12-31 06:27:43,575 : INFO : EventManager : Event: ======'player_score'====== Args={'value': 6060, 'prev_value': 3030, 'change': 3030, 'player_num': 1, 'source': 'score'}
2025-12-31 06:27:43,575 : INFO : show_player : key_s_left_sling_active
2025-12-31 06:27:43,636 : INFO : SwitchController : <<<<<<< 's_left_sling' inactive >>>>>>>
2025-12-31 06:27:55,171 : INFO : Machine : Shutting down...
2025-12-31 06:27:55,171 : INFO : EventManager : Event: ======'shutdown'====== Args={}
2025-12-31 06:27:55,173 : INFO : EventManager : Event: ======'mode_game_will_stop'====== Args={}
2025-12-31 06:27:55,173 : INFO : EventManager : Event: ======'mode_game_stopping'====== Args={}
2025-12-31 06:27:55,173 : INFO : EventManager : Event: ======'mode_base_will_stop'====== Args={}
2025-12-31 06:27:55,173 : INFO : EventManager : Event: ======'mode_base_stopping'====== Args={}
2025-12-31 06:27:55,173 : INFO : EventManager : Event: ======'mode_mystery_will_stop'====== Args={}
2025-12-31 06:27:55,173 : INFO : EventManager : Event: ======'mode_mystery_stopping'====== Args={}
2025-12-31 06:27:55,173 : INFO : EventManager : Event: ======'mode_bullets_will_stop'====== Args={}
2025-12-31 06:27:55,174 : INFO : EventManager : Event: ======'mode_bullets_stopping'====== Args={}
2025-12-31 06:27:55,174 : INFO : EventManager : Event: ======'mode_holly_will_stop'====== Args={}
2025-12-31 06:27:55,174 : INFO : EventManager : Event: ======'mode_holly_stopping'====== Args={}
2025-12-31 06:27:55,174 : INFO : EventManager : Event: ======'mode_skillshot_will_stop'====== Args={}
2025-12-31 06:27:55,174 : INFO : EventManager : Event: ======'mode_skillshot_stopping'====== Args={}
2025-12-31 06:27:55,174 : INFO : EventManager : Event: ======'mode_score_will_stop'====== Args={}
2025-12-31 06:27:55,174 : INFO : EventManager : Event: ======'mode_score_stopping'====== Args={}
2025-12-31 06:27:55,174 : INFO : Mode.score : Stopped.
2025-12-31 06:27:55,174 : INFO : EventManager : Event: ======'modes_active_modes_changed'====== Args={}
2025-12-31 06:27:55,174 : INFO : EventManager : Event: ======'mode_score_stopped'====== Args={}
2025-12-31 06:27:55,174 : INFO : EventManager : Event: ======'clear'====== Args={'key': 'score'}
2025-12-31 06:27:55,174 : INFO : Mode.holly : Stopped.
2025-12-31 06:27:55,174 : INFO : EventManager : Event: ======'modes_active_modes_changed'====== Args={}
2025-12-31 06:27:55,174 : INFO : EventManager : Event: ======'mode_holly_stopped'====== Args={}
2025-12-31 06:27:55,174 : INFO : EventManager : Event: ======'clear'====== Args={'key': 'holly'}
2025-12-31 06:27:55,175 : INFO : Mode.mystery : Stopped.
2025-12-31 06:27:55,175 : INFO : EventManager : Event: ======'modes_active_modes_changed'====== Args={}
2025-12-31 06:27:55,175 : INFO : EventManager : Event: ======'mode_mystery_stopped'====== Args={}
2025-12-31 06:27:55,175 : INFO : EventManager : Event: ======'clear'====== Args={'key': 'mystery'}
2025-12-31 06:27:55,176 : INFO : Timer.mystery : Stopping Timer
2025-12-31 06:27:55,176 : INFO : EventManager : Event: ======'timer_mystery_stopped'====== Args={'ticks': 0, 'ticks_remaining': 0}
2025-12-31 06:27:55,176 : INFO : Mode.base : Stopped.
2025-12-31 06:27:55,176 : INFO : EventManager : Event: ======'modes_active_modes_changed'====== Args={}
2025-12-31 06:27:55,177 : INFO : EventManager : Event: ======'mode_base_stopped'====== Args={}
2025-12-31 06:27:55,177 : INFO : EventManager : Event: ======'clear'====== Args={'key': 'base'}
2025-12-31 06:27:55,177 : INFO : EventManager : Event: ======'reset_bullets'====== Args={'priority': 0}
2025-12-31 06:27:55,177 : INFO : Mode.bullets : Stopped.
2025-12-31 06:27:55,177 : INFO : EventManager : Event: ======'modes_active_modes_changed'====== Args={}
2025-12-31 06:27:55,177 : INFO : EventManager : Event: ======'mode_bullets_stopped'====== Args={}
2025-12-31 06:27:55,177 : INFO : EventManager : Event: ======'clear'====== Args={'key': 'bullets'}
2025-12-31 06:27:55,178 : INFO : Mode.skillshot : Stopped.
2025-12-31 06:27:55,178 : INFO : EventManager : Event: ======'modes_active_modes_changed'====== Args={}
2025-12-31 06:27:55,178 : INFO : EventManager : Event: ======'mode_skillshot_stopped'====== Args={}
2025-12-31 06:27:55,178 : INFO : EventManager : Event: ======'clear'====== Args={'key': 'skillshot'}
2025-12-31 06:27:55,178 : INFO : Timer.bullets_combo : Stopping Timer
2025-12-31 06:27:55,178 : INFO : EventManager : Event: ======'timer_bullets_combo_stopped'====== Args={'ticks': 0, 'ticks_remaining': 0}
2025-12-31 06:27:55,178 : INFO : Mode.game : Stopped.
2025-12-31 06:27:55,178 : INFO : EventManager : Event: ======'modes_active_modes_changed'====== Args={}
2025-12-31 06:27:55,179 : INFO : EventManager : Event: ======'mode_game_stopped'====== Args={}
2025-12-31 06:27:55,179 : INFO : EventManager : Event: ======'clear'====== Args={'key': 'game'}
2025-12-31 06:27:55,187 : INFO : root : MPF run loop ended.
