2025-11-15 16:54:16,195 : INFO : root : Loading config.
2025-11-15 16:54:16,226 : INFO : ConfigProcessor : Config spec file cache created: C:\Users\finis\AppData\Local\Temp\config_spec.mpf_cache
2025-11-15 16:54:16,226 : INFO : YamlMultifileConfigLoader : Machine config file #1: config.yaml
2025-11-15 16:54:16,226 : INFO : ConfigProcessor : Loading config from file C:\Users\finis\mpf\Lib\site-packages\mpf\mpfconfig.yaml.
2025-11-15 16:54:16,232 : INFO : ConfigProcessor : Loading config: C:\Users\finis\mpf\Lib\site-packages\mpf\mpfconfig.yaml
2025-11-15 16:54:16,233 : INFO : ConfigProcessor : Loading config from file C:\Users\finis\diehard-mpf\config\config.yaml.
2025-11-15 16:54:16,235 : INFO : ConfigProcessor : Loading config: C:\Users\finis\diehard-mpf\config\config.yaml
2025-11-15 16:54:16,237 : INFO : ConfigProcessor : Loading config: C:\Users\finis\diehard-mpf\config\ball_devices.yaml
2025-11-15 16:54:16,238 : INFO : ConfigProcessor : Loading config: C:\Users\finis\diehard-mpf\config\coils.yaml
2025-11-15 16:54:16,245 : INFO : ConfigProcessor : Loading config: C:\Users\finis\diehard-mpf\config\lights.yaml
2025-11-15 16:54:16,245 : INFO : ConfigProcessor : Loading config: C:\Users\finis\diehard-mpf\config\shot_profiles.yaml
2025-11-15 16:54:16,249 : INFO : ConfigProcessor : Loading config: C:\Users\finis\diehard-mpf\config\switches.yaml
2025-11-15 16:54:16,251 : INFO : ConfigProcessor : Config file cache created: C:\Users\finis\AppData\Local\Temp\46a2264aace4dc9247b28883ea729273.mpf_cache
2025-11-15 16:54:16,305 : INFO : ConfigProcessor : Loading config from file C:\Users\finis\mpf\Lib\site-packages\mpf\modes\attract\config\attract.yaml.
2025-11-15 16:54:16,305 : INFO : ConfigProcessor : Loading config: C:\Users\finis\mpf\Lib\site-packages\mpf\modes\attract\config\attract.yaml
2025-11-15 16:54:16,305 : INFO : ConfigProcessor : Loading config from file C:\Users\finis\diehard-mpf\modes\attract\config\attract.yaml.
2025-11-15 16:54:16,307 : INFO : ConfigProcessor : Loading config: C:\Users\finis\diehard-mpf\modes\attract\config\attract.yaml
2025-11-15 16:54:16,307 : INFO : ConfigProcessor : Config file cache created: C:\Users\finis\AppData\Local\Temp\7a912b2511d42635e0b426a52fd16cc1.mpf_cache
2025-11-15 16:54:16,308 : INFO : ConfigProcessor : Loading config from file C:\Users\finis\mpf\Lib\site-packages\mpf\modes\game\config\game.yaml.
2025-11-15 16:54:16,308 : INFO : ConfigProcessor : Loading config: C:\Users\finis\mpf\Lib\site-packages\mpf\modes\game\config\game.yaml
2025-11-15 16:54:16,309 : INFO : ConfigProcessor : Config file cache created: C:\Users\finis\AppData\Local\Temp\846fbc79a2a788b1cf5d5d816f13713f.mpf_cache
2025-11-15 16:54:16,309 : INFO : ConfigProcessor : Loading config from cache: C:\Users\finis\AppData\Local\Temp\7a912b2511d42635e0b426a52fd16cc1.mpf_cache
2025-11-15 16:54:16,310 : INFO : ConfigProcessor : Loading config from file C:\Users\finis\diehard-mpf\modes\base\config\base.yaml.
2025-11-15 16:54:16,312 : INFO : ConfigProcessor : Loading config: C:\Users\finis\diehard-mpf\modes\base\config\base.yaml
2025-11-15 16:54:16,312 : INFO : ConfigProcessor : Config file cache created: C:\Users\finis\AppData\Local\Temp\771489ba91bf1192210b19104700c5d3.mpf_cache
2025-11-15 16:54:16,312 : INFO : ConfigProcessor : Loading config from file C:\Users\finis\diehard-mpf\modes\holly\config\holly.yaml.
2025-11-15 16:54:16,314 : INFO : ConfigProcessor : Loading config: C:\Users\finis\diehard-mpf\modes\holly\config\holly.yaml
2025-11-15 16:54:16,314 : INFO : ConfigProcessor : Config file cache created: C:\Users\finis\AppData\Local\Temp\46e23fa43ebcbad0058dff2ccd1749db.mpf_cache
2025-11-15 16:54:16,314 : INFO : ConfigProcessor : Loading config from file C:\Users\finis\diehard-mpf\modes\score\config\score.yaml.
2025-11-15 16:54:16,316 : INFO : ConfigProcessor : Loading config: C:\Users\finis\diehard-mpf\modes\score\config\score.yaml
2025-11-15 16:54:16,316 : INFO : ConfigProcessor : Config file cache created: C:\Users\finis\AppData\Local\Temp\4b672ce255959e7c9d79f5c0592d724e.mpf_cache
2025-11-15 16:54:16,316 : INFO : ConfigProcessor : Loading config from file C:\Users\finis\diehard-mpf\shows\.\attract_christmas.yaml.
2025-11-15 16:54:16,368 : INFO : ConfigProcessor : Loading config: C:\Users\finis\diehard-mpf\shows\.\attract_christmas.yaml
2025-11-15 16:54:16,371 : INFO : ConfigProcessor : Config file cache created: C:\Users\finis\AppData\Local\Temp\e56caea5064b88beeafa152aec070b7d.mpf_cache
2025-11-15 16:54:16,371 : INFO : ConfigProcessor : Loading config from file C:\Users\finis\diehard-mpf\shows\.\fade_led_color.yaml.
2025-11-15 16:54:16,371 : INFO : ConfigProcessor : Loading config: C:\Users\finis\diehard-mpf\shows\.\fade_led_color.yaml
2025-11-15 16:54:16,372 : INFO : ConfigProcessor : Config file cache created: C:\Users\finis\AppData\Local\Temp\9e3f944bf38390c8870a73dddcf76b67.mpf_cache
2025-11-15 16:54:16,372 : INFO : ConfigProcessor : Loading config from file C:\Users\finis\diehard-mpf\shows\.\fade_rgb_test.yaml.
2025-11-15 16:54:16,373 : INFO : ConfigProcessor : Loading config: C:\Users\finis\diehard-mpf\shows\.\fade_rgb_test.yaml
2025-11-15 16:54:16,373 : INFO : ConfigProcessor : Config file cache created: C:\Users\finis\AppData\Local\Temp\4bf8b529c69b45d37a3cfe4b57c83b44.mpf_cache
2025-11-15 16:54:16,373 : INFO : ConfigProcessor : Loading config from file C:\Users\finis\diehard-mpf\shows\.\flicker_color.yaml.
2025-11-15 16:54:16,373 : INFO : ConfigProcessor : Loading config: C:\Users\finis\diehard-mpf\shows\.\flicker_color.yaml
2025-11-15 16:54:16,375 : INFO : ConfigProcessor : Config file cache created: C:\Users\finis\AppData\Local\Temp\363f67c1c91992cd991e35986d72087d.mpf_cache
2025-11-15 16:54:16,375 : INFO : Machine : Mission Pinball Framework Core Engine v0.80.0.dev11
2025-11-15 16:54:16,375 : INFO : Machine : Command line arguments: {'no_load_cache': False, 'create_config_cache': True, 'bcp': False, 'configfile': ['config.yaml'], 'force_assets_load': False, 'platform_integration_test': False, 'jsonlogging': False, 'logfile': 'logs\\2025-11-15-16-54-16-mpf-Bosgame-1NWVA.log', 'pause': False, 'production': False, 'text_ui': False, 'loglevel': 15, 'consoleloglevel': 20, 'force_platform': None, 'syslog_address': None, 'full_logfile_path': 'C:\\Users\\finis\\diehard-mpf\\logs\\2025-11-15-16-54-16-mpf-Bosgame-1NWVA.log'}
2025-11-15 16:54:16,375 : INFO : Machine : MPF path: C:\Users\finis\mpf\Lib\site-packages\mpf
2025-11-15 16:54:16,375 : INFO : Machine : Machine path: C:\Users\finis\diehard-mpf
2025-11-15 16:54:16,375 : INFO : Machine : Platform: win32
2025-11-15 16:54:16,375 : INFO : Machine : Python executable location: C:\Users\finis\mpf\Scripts\python.exe
2025-11-15 16:54:16,375 : INFO : Machine : Python version: 3.12.7 (64-bit)
2025-11-15 16:54:16,377 : INFO : Machine : Initializing MPF...
2025-11-15 16:54:16,435 : INFO : FAST : Auto-detecting ports for the following connections: ['net', 'aud']
2025-11-15 16:54:16,690 : INFO : FAST : Detected AUD on port COM5
2025-11-15 16:54:16,690 : INFO : FAST : Detected NET on port COM4
2025-11-15 16:54:16,801 : INFO : FAST [NET] : Trying to connect to COM4 at 921600bps
2025-11-15 16:54:16,879 : INFO : FAST [NET] : Connected to COM4 at 921600bps
2025-11-15 16:54:16,896 : INFO : FAST [NET] : Connected to FP-CPU-2000 with firmware v02.26
2025-11-15 16:54:16,928 : INFO : FAST [NET] : Registered I/O Board 0: Model: FP-I/O-0024, Firmware: 01.10, Switches: 24, Drivers: 8
2025-11-15 16:54:16,944 : INFO : FAST [NET] : Registered I/O Board 1: Model: FP-I/O-3208, Firmware: 01.10, Switches: 32, Drivers: 8
2025-11-15 16:54:16,960 : INFO : FAST [NET] : Registered I/O Board 2: Model: FP-I/O-1616, Firmware: 01.10, Switches: 16, Drivers: 16
2025-11-15 16:54:16,976 : INFO : FAST [NET] : Registered I/O Board 3: Model: FP-I/O-1616, Firmware: 01.10, Switches: 16, Drivers: 16
2025-11-15 16:54:16,978 : INFO : FAST [EXP] : Trying to connect to COM3 at 921600bps
2025-11-15 16:54:17,054 : INFO : FAST [EXP] : Connected to COM3 at 921600bps
2025-11-15 16:54:17,071 : INFO : FAST [EXP] : Verifying hardware for EXP "playfield" (FP-EXP-0081, @84) with ID string "EXP FP-EXP-0081  0.12", board address 84
2025-11-15 16:54:17,087 : INFO : FAST [EXP] : Verifying hardware for EXP "playfield" (FP-EXP-0081, @84) with ID string "BRK FP-EXP-0081  0.12", board address 840
2025-11-15 16:54:17,103 : INFO : FAST [EXP] : Verifying hardware for EXP "playfield" (FP-EXP-0081, @84) with ID string "BRK FP-EXP-0081  0.12", board address 841
2025-11-15 16:54:17,120 : INFO : FAST [AUD] : Trying to connect to COM5 at 230400bps
2025-11-15 16:54:17,196 : INFO : FAST [AUD] : Connected to COM5 at 230400bps
2025-11-15 16:54:17,213 : INFO : FAST [AUD] : Connected to FP-AUD-0100 with firmware v0.02
2025-11-15 16:54:17,213 : INFO : EventManager : Event: ======'machine_var_credits_string'====== Args={'value': 'FREE PLAY', 'prev_value': None, 'change': True}
2025-11-15 16:54:17,228 : INFO : EventManager : Event: ======'machine_var_fast_audio_headphones_volume'====== Args={'value': 10, 'prev_value': None, 'change': True}
2025-11-15 16:54:17,228 : INFO : EventManager : Event: ======'machine_var_fast_audio_main_volume'====== Args={'value': 60, 'prev_value': None, 'change': True}
2025-11-15 16:54:17,228 : INFO : EventManager : Event: ======'machine_var_master_volume'====== Args={'value': 0.5, 'prev_value': None, 'change': True}
2025-11-15 16:54:17,228 : INFO : EventManager : Event: ======'machine_var_player1_score'====== Args={'value': 17120, 'prev_value': None, 'change': True}
2025-11-15 16:54:17,228 : INFO : EventManager : Event: ======'machine_var_var_which_attract'====== Args={'value': 0, 'prev_value': None, 'change': True}
2025-11-15 16:54:17,228 : INFO : EventManager : Event: ======'machine_var_mpf_version'====== Args={'value': 'Mission Pinball Framework v0.80.0.dev11', 'prev_value': None, 'change': True}
2025-11-15 16:54:17,228 : INFO : EventManager : Event: ======'machine_var_mpf_extended_version'====== Args={'value': 'Mission Pinball Framework v0.80.0.dev11, Config version:6, Show version: 6, BCP version:1.1', 'prev_value': None, 'change': True}
2025-11-15 16:54:17,228 : INFO : EventManager : Event: ======'machine_var_python_version'====== Args={'value': '3.12.7', 'prev_value': None, 'change': True}
2025-11-15 16:54:17,280 : INFO : EventManager : Event: ======'machine_var_platform'====== Args={'value': 'Windows-11-10.0.26200-SP0', 'prev_value': None, 'change': True}
2025-11-15 16:54:17,280 : INFO : EventManager : Event: ======'machine_var_platform_system'====== Args={'value': 'Windows', 'prev_value': None, 'change': True}
2025-11-15 16:54:17,280 : INFO : EventManager : Event: ======'machine_var_platform_release'====== Args={'value': '11', 'prev_value': None, 'change': True}
2025-11-15 16:54:17,280 : INFO : EventManager : Event: ======'machine_var_platform_version'====== Args={'value': '10.0.26200', 'prev_value': None, 'change': True}
2025-11-15 16:54:17,280 : INFO : EventManager : Event: ======'machine_var_platform_machine'====== Args={'value': 'AMD64', 'prev_value': None, 'change': True}
2025-11-15 16:54:17,280 : INFO : EventManager : Event: ======'machine_var_log_file_path'====== Args={'value': 'C:\\Users\\finis\\diehard-mpf\\logs\\2025-11-15-16-54-16-mpf-Bosgame-1NWVA.log', 'prev_value': None, 'change': True}
2025-11-15 16:54:17,280 : INFO : EventManager : Event: ======'init_phase_1'====== Args={}
2025-11-15 16:54:17,311 : INFO : EventManager : Event: ======'drop_target_bank_bank_up'====== Args={}
2025-11-15 16:54:17,311 : INFO : EventManager : Event: ======'drop_target_bank_bank1_up'====== Args={}
2025-11-15 16:54:17,311 : INFO : EventManager : Event: ======'drop_target_bank_bank2_up'====== Args={}
2025-11-15 16:54:19,719 : INFO : SwitchController : <<<<<<< 's_push_drop_target_4' active >>>>>>>
2025-11-15 16:54:19,719 : INFO : SwitchController : <<<<<<< 's_swleftorb1' active >>>>>>>
2025-11-15 16:54:19,750 : INFO : EventManager : Event: ======'init_phase_2'====== Args={}
2025-11-15 16:54:19,752 : INFO : SwitchController : Found active switch: (62, [FAST Platform Interface]) <switch.s_push_drop_target_4>
2025-11-15 16:54:19,752 : INFO : SwitchController : Found active switch: (31, [FAST Platform Interface]) <switch.s_swleftorb1>
2025-11-15 16:54:19,755 : INFO : ball_device.bd_trough : BCH: Initial count: 0
2025-11-15 16:54:19,755 : INFO : ball_device.bd_trough : State: idle
2025-11-15 16:54:19,755 : INFO : ball_device.bd_plunger : BCH: Initial count: 0
2025-11-15 16:54:19,758 : INFO : ball_device.bd_plunger : State: idle
2025-11-15 16:54:19,758 : INFO : ball_device.kickervault1_eject : BCH: Initial count: 0
2025-11-15 16:54:19,758 : INFO : ball_device.kickervault1_eject : State: idle
2025-11-15 16:54:19,759 : INFO : ball_device.rightkicker : BCH: Initial count: 0
2025-11-15 16:54:19,759 : INFO : ball_device.rightkicker : State: idle
2025-11-15 16:54:19,759 : INFO : ball_device.UrampUp001 : BCH: Initial count: 0
2025-11-15 16:54:19,759 : INFO : ball_device.UrampUp001 : State: idle
2025-11-15 16:54:19,760 : INFO : ball_device.rightvuk : BCH: Initial count: 0
2025-11-15 16:54:19,760 : INFO : ball_device.rightvuk : State: idle
2025-11-15 16:54:19,760 : INFO : ball_device.towervuk : BCH: Initial count: 0
2025-11-15 16:54:19,760 : INFO : ball_device.towervuk : State: idle
2025-11-15 16:54:19,761 : INFO : ball_device.airplane : BCH: Initial count: 0
2025-11-15 16:54:19,761 : INFO : ball_device.airplane : State: idle
2025-11-15 16:54:19,767 : INFO : EventManager : Event: ======'init_phase_3'====== Args={}
2025-11-15 16:54:19,769 : ERROR : asyncio : Exception in callback EventManager._queue_task_done(<Task finishe...lights None')>)
handle: <Handle EventManager._queue_task_done(<Task finishe...lights None')>)>
Traceback (most recent call last):
  File "C:\Users\finis\AppData\Local\Programs\Python\Python312\Lib\asyncio\events.py", line 88, in _run
    self._context.run(self._callback, *self._args)
  File "C:\Users\finis\mpf\Lib\site-packages\mpf\core\events.py", line 795, in _queue_task_done
    future.result()
  File "C:\Users\finis\mpf\Lib\site-packages\mpf\core\events.py", line 708, in _run_handlers_sequential
    handler.callback(queue=queue, **merged_kwargs)
  File "C:\Users\finis\mpf\Lib\site-packages\mpf\core\show_controller.py", line 53, in _load_shows
    self.machine.shows[show_name].load(show_config)
  File "C:\Users\finis\mpf\Lib\site-packages\mpf\assets\show.py", line 171, in load
    self._process_step_actions(step, actions)
  File "C:\Users\finis\mpf\Lib\site-packages\mpf\assets\show.py", line 197, in _process_step_actions
    self.machine.show_controller.show_players[key].validate_config_entry(value, self.name)
  File "C:\Users\finis\mpf\Lib\site-packages\mpf\config_players\device_config_player.py", line 44, in validate_config_entry
    raise AssertionError(
AssertionError: Invalid settings for player attract_christmas:lights None
2025-11-15 16:54:19,771 : INFO : Machine : Starting the main run loop with active modes: []
2025-11-15 16:54:19,771 : WARNING : Machine : Attract mode is not active, game will not be playable. Please check your attract mode configuration.
2025-11-15 16:54:19,771 : INFO : Machine : Shutting down...
2025-11-15 16:54:19,771 : INFO : EventManager : Event: ======'shutdown'====== Args={}
2025-11-15 16:54:20,870 : ERROR : Machine : Runtime Exception
Traceback (most recent call last):
  File "C:\Users\finis\mpf\Lib\site-packages\mpf\core\machine.py", line 810, in _run_loop
    raise self._exception['exception']
  File "C:\Users\finis\AppData\Local\Programs\Python\Python312\Lib\asyncio\events.py", line 88, in _run
    self._context.run(self._callback, *self._args)
  File "C:\Users\finis\mpf\Lib\site-packages\mpf\core\events.py", line 795, in _queue_task_done
    future.result()
  File "C:\Users\finis\mpf\Lib\site-packages\mpf\core\events.py", line 708, in _run_handlers_sequential
    handler.callback(queue=queue, **merged_kwargs)
  File "C:\Users\finis\mpf\Lib\site-packages\mpf\core\show_controller.py", line 53, in _load_shows
    self.machine.shows[show_name].load(show_config)
  File "C:\Users\finis\mpf\Lib\site-packages\mpf\assets\show.py", line 171, in load
    self._process_step_actions(step, actions)
  File "C:\Users\finis\mpf\Lib\site-packages\mpf\assets\show.py", line 197, in _process_step_actions
    self.machine.show_controller.show_players[key].validate_config_entry(value, self.name)
  File "C:\Users\finis\mpf\Lib\site-packages\mpf\config_players\device_config_player.py", line 44, in validate_config_entry
    raise AssertionError(
AssertionError: Invalid settings for player attract_christmas:lights None
2025-11-15 16:54:20,870 : INFO : root : MPF run loop ended.
