2025-04-27 21:29:54,979 : INFO : root : Loading config.
2025-04-27 21:29:54,982 : INFO : YamlMultifileConfigLoader : Machine config file #1: config.yaml
2025-04-27 21:29:54,983 : INFO : ConfigProcessor : Loading config from cache: C:\Users\finis\AppData\Local\Temp\46a2264aace4dc9247b28883ea729273.mpf_cache
2025-04-27 21:29:55,042 : INFO : ConfigProcessor : Loading config from cache: C:\Users\finis\AppData\Local\Temp\38c66c284ece5fb2b13b45865e58c857.mpf_cache
2025-04-27 21:29:55,043 : INFO : ConfigProcessor : Loading config from cache: C:\Users\finis\AppData\Local\Temp\846fbc79a2a788b1cf5d5d816f13713f.mpf_cache
2025-04-27 21:29:55,043 : INFO : ConfigProcessor : Loading config from cache: C:\Users\finis\AppData\Local\Temp\771489ba91bf1192210b19104700c5d3.mpf_cache
2025-04-27 21:29:55,043 : INFO : Machine : Mission Pinball Framework Core Engine v0.80.0.dev7
2025-04-27 21:29:55,043 : INFO : Machine : Command line arguments: {'no_load_cache': False, 'create_config_cache': True, 'bcp': True, 'configfile': ['config.yaml'], 'force_assets_load': False, 'platform_integration_test': False, 'jsonlogging': False, 'logfile': 'logs\\2025-04-27-21-29-54-mpf-diehard.log', 'pause': False, 'production': False, 'text_ui': True, 'loglevel': 15, 'consoleloglevel': 20, 'force_platform': None, 'syslog_address': None, 'full_logfile_path': 'C:\\Users\\finis\\diehard-mpf\\logs\\2025-04-27-21-29-54-mpf-diehard.log'}
2025-04-27 21:29:55,043 : INFO : Machine : MPF path: C:\Users\finis\mpf\Lib\site-packages\mpf
2025-04-27 21:29:55,043 : INFO : Machine : Machine path: C:\Users\finis\diehard-mpf
2025-04-27 21:29:55,044 : INFO : Machine : Platform: win32
2025-04-27 21:29:55,044 : INFO : Machine : Python executable location: C:\Users\finis\mpf\Scripts\python.exe
2025-04-27 21:29:55,044 : INFO : Machine : Python version: 3.12.7 (64-bit)
2025-04-27 21:29:55,045 : INFO : Machine : Initializing MPF...
2025-04-27 21:29:55,173 : INFO : FAST : Auto-detecting ports for the following connections: ['net', 'aud']
2025-04-27 21:29:55,420 : INFO : FAST : Detected AUD on port COM6
2025-04-27 21:29:55,420 : INFO : FAST : Detected NET on port COM4
2025-04-27 21:29:55,531 : INFO : FAST [NET] : Trying to connect to COM4 at 921600bps
2025-04-27 21:29:55,609 : INFO : FAST [NET] : Connected to COM4 at 921600bps
2025-04-27 21:29:55,623 : INFO : FAST [NET] : Connected to FP-CPU-2000 with firmware v02.19
2025-04-27 21:29:55,655 : INFO : FAST [NET] : Registered I/O Board 0: Model: FP-I/O-0024, Firmware: 01.10, Switches: 24, Drivers: 8
2025-04-27 21:29:55,670 : INFO : FAST [NET] : Registered I/O Board 1: Model: FP-I/O-3208, Firmware: 01.10, Switches: 32, Drivers: 8
2025-04-27 21:29:55,686 : INFO : FAST [NET] : Registered I/O Board 2: Model: FP-I/O-1616, Firmware: 01.10, Switches: 16, Drivers: 16
2025-04-27 21:29:55,701 : INFO : FAST [NET] : Registered I/O Board 3: Model: FP-I/O-0804, Firmware: 01.10, Switches: 8, Drivers: 4
2025-04-27 21:29:55,703 : INFO : FAST [EXP] : Trying to connect to COM3 at 921600bps
2025-04-27 21:29:55,780 : INFO : FAST [EXP] : Connected to COM3 at 921600bps
2025-04-27 21:29:55,795 : INFO : FAST [EXP] : Verifying hardware for EXP "playfield" (FP-EXP-0071, @B4) with ID string "EXP FP-EXP-0071  0.42", board address B4
2025-04-27 21:29:55,811 : INFO : FAST [EXP] : Verifying hardware for EXP "playfield" (FP-EXP-0071, @B4) with ID string "BRK FP-EXP-0071  0.42", board address B40
2025-04-27 21:29:55,826 : INFO : FAST [AUD] : Trying to connect to COM6 at 230400bps
2025-04-27 21:29:55,903 : INFO : FAST [AUD] : Connected to COM6 at 230400bps
2025-04-27 21:29:55,919 : INFO : FAST [AUD] : Connected to FP-AUD-0100 with firmware v0.02
2025-04-27 21:29:55,919 : INFO : EventManager : Event: ======'machine_var_credits_string'====== Args={'value': 'FREE PLAY', 'prev_value': None, 'change': True}
2025-04-27 21:29:55,933 : INFO : EventManager : Event: ======'machine_var_fast_audio_headphones_volume'====== Args={'value': 10, 'prev_value': None, 'change': True}
2025-04-27 21:29:55,933 : INFO : EventManager : Event: ======'machine_var_fast_audio_main_volume'====== Args={'value': 60, 'prev_value': None, 'change': True}
2025-04-27 21:29:55,933 : INFO : EventManager : Event: ======'machine_var_master_volume'====== Args={'value': 0.5, 'prev_value': None, 'change': True}
2025-04-27 21:29:55,933 : INFO : EventManager : Event: ======'machine_var_var_which_attract'====== Args={'value': 0, 'prev_value': None, 'change': True}
2025-04-27 21:29:55,933 : INFO : EventManager : Event: ======'machine_var_mpf_version'====== Args={'value': 'Mission Pinball Framework v0.80.0.dev7', 'prev_value': None, 'change': True}
2025-04-27 21:29:55,933 : INFO : EventManager : Event: ======'machine_var_mpf_extended_version'====== Args={'value': 'Mission Pinball Framework v0.80.0.dev7, Config version:6, Show version: 6, BCP version:1.1', 'prev_value': None, 'change': True}
2025-04-27 21:29:55,934 : INFO : EventManager : Event: ======'machine_var_python_version'====== Args={'value': '3.12.7', 'prev_value': None, 'change': True}
2025-04-27 21:29:56,036 : INFO : EventManager : Event: ======'machine_var_platform'====== Args={'value': 'Windows-11-10.0.26100-SP0', 'prev_value': None, 'change': True}
2025-04-27 21:29:56,036 : INFO : EventManager : Event: ======'machine_var_platform_system'====== Args={'value': 'Windows', 'prev_value': None, 'change': True}
2025-04-27 21:29:56,036 : INFO : EventManager : Event: ======'machine_var_platform_release'====== Args={'value': '11', 'prev_value': None, 'change': True}
2025-04-27 21:29:56,036 : INFO : EventManager : Event: ======'machine_var_platform_version'====== Args={'value': '10.0.26100', 'prev_value': None, 'change': True}
2025-04-27 21:29:56,036 : INFO : EventManager : Event: ======'machine_var_platform_machine'====== Args={'value': 'AMD64', 'prev_value': None, 'change': True}
2025-04-27 21:29:56,036 : INFO : EventManager : Event: ======'machine_var_log_file_path'====== Args={'value': 'C:\\Users\\finis\\diehard-mpf\\logs\\2025-04-27-21-29-54-mpf-diehard.log', 'prev_value': None, 'change': True}
2025-04-27 21:29:56,036 : INFO : EventManager : Event: ======'init_phase_1'====== Args={}
2025-04-27 21:29:56,064 : INFO : EventManager : Event: ======'drop_target_bank_bank_up'====== Args={}
2025-04-27 21:29:58,683 : INFO : SwitchController : <<<<<<< 's_trough1' active >>>>>>>
2025-04-27 21:29:58,701 : INFO : EventManager : Event: ======'init_phase_2'====== Args={}
2025-04-27 21:29:58,701 : INFO : SwitchController : Found active switch: (32, [FAST Platform Interface]) <switch.s_trough1>
2025-04-27 21:29:58,703 : INFO : EventManager : Event: ======'bcp_connection_attempt'====== Args={'name': 'local_display', 'host': 'localhost', 'port': 5050}
2025-04-27 21:29:58,704 : INFO : BCPClientSocket : Connecting BCP to 'local_display' at localhost:5050...
2025-04-27 21:29:58,713 : INFO : BCPClientSocket : Connected BCP to 'local_display' localhost:5050
2025-04-27 21:29:58,714 : INFO : EventManager : Event: ======'bcp_clients_connected'====== Args={}
2025-04-27 21:29:59,179 : INFO : ball_device.bd_trough : BCH: Initial count: 1
2025-04-27 21:29:59,179 : INFO : ball_device.bd_trough : State: idle
2025-04-27 21:29:59,179 : INFO : ball_device.bd_plunger : BCH: Initial count: 0
2025-04-27 21:29:59,180 : INFO : ball_device.bd_plunger : State: idle
2025-04-27 21:29:59,180 : INFO : ball_device.bd_scoop : BCH: Initial count: 0
2025-04-27 21:29:59,180 : INFO : ball_device.bd_scoop : State: idle
2025-04-27 21:29:59,181 : INFO : ball_device.bd_scoop1 : BCH: Initial count: 0
2025-04-27 21:29:59,182 : INFO : ball_device.bd_scoop1 : State: idle
2025-04-27 21:29:59,182 : INFO : ball_device.bd_scoop2 : BCH: Initial count: 0
2025-04-27 21:29:59,182 : INFO : ball_device.bd_scoop2 : State: idle
2025-04-27 21:29:59,183 : INFO : ball_device.bd_scoop3 : BCH: Initial count: 0
2025-04-27 21:29:59,183 : INFO : ball_device.bd_scoop3 : State: idle
2025-04-27 21:29:59,183 : INFO : ball_device.bd_scoop4 : BCH: Initial count: 0
2025-04-27 21:29:59,183 : INFO : ball_device.bd_scoop4 : State: idle
2025-04-27 21:29:59,190 : INFO : EventManager : Event: ======'init_phase_3'====== Args={}
2025-04-27 21:29:59,192 : INFO : EventManager : Event: ======'init_phase_4'====== Args={}
2025-04-27 21:29:59,192 : INFO : BallController : Initial balls found: 1
2025-04-27 21:29:59,202 : INFO : EventManager : Event: ======'machine_var_audits_events_game_ended'====== Args={'value': 0, 'prev_value': None, 'change': True}
2025-04-27 21:29:59,202 : INFO : EventManager : Event: ======'machine_var_audits_events_game_started'====== Args={'value': 24, 'prev_value': None, 'change': True}
2025-04-27 21:29:59,203 : INFO : EventManager : Event: ======'machine_var_audits_missing_switches_s_bottom_right_vuk'====== Args={'value': 24, 'prev_value': None, 'change': True}
2025-04-27 21:29:59,203 : INFO : EventManager : Event: ======'machine_var_audits_missing_switches_s_door'====== Args={'value': 24, 'prev_value': None, 'change': True}
2025-04-27 21:29:59,203 : INFO : EventManager : Event: ======'machine_var_audits_missing_switches_s_door_tilt'====== Args={'value': 24, 'prev_value': None, 'change': True}
2025-04-27 21:29:59,203 : INFO : EventManager : Event: ======'machine_var_audits_missing_switches_s_drop_target_1'====== Args={'value': 24, 'prev_value': None, 'change': True}
2025-04-27 21:29:59,203 : INFO : EventManager : Event: ======'machine_var_audits_missing_switches_s_drop_target_2'====== Args={'value': 24, 'prev_value': None, 'change': True}
2025-04-27 21:29:59,203 : INFO : EventManager : Event: ======'machine_var_audits_missing_switches_s_drop_target_3'====== Args={'value': 24, 'prev_value': None, 'change': True}
2025-04-27 21:29:59,203 : INFO : EventManager : Event: ======'machine_var_audits_missing_switches_s_enter'====== Args={'value': 24, 'prev_value': None, 'change': True}
2025-04-27 21:29:59,203 : INFO : EventManager : Event: ======'machine_var_audits_missing_switches_s_escape'====== Args={'value': 24, 'prev_value': None, 'change': True}
2025-04-27 21:29:59,203 : INFO : EventManager : Event: ======'machine_var_audits_missing_switches_s_fire'====== Args={'value': 24, 'prev_value': None, 'change': True}
2025-04-27 21:29:59,203 : INFO : EventManager : Event: ======'machine_var_audits_missing_switches_s_highvuk'====== Args={'value': 24, 'prev_value': None, 'change': True}
2025-04-27 21:29:59,203 : INFO : EventManager : Event: ======'machine_var_audits_missing_switches_s_holly_h'====== Args={'value': 24, 'prev_value': None, 'change': True}
2025-04-27 21:29:59,203 : INFO : EventManager : Event: ======'machine_var_audits_missing_switches_s_holly_l'====== Args={'value': 24, 'prev_value': None, 'change': True}
2025-04-27 21:29:59,203 : INFO : EventManager : Event: ======'machine_var_audits_missing_switches_s_holly_l_1'====== Args={'value': 24, 'prev_value': None, 'change': True}
2025-04-27 21:29:59,203 : INFO : EventManager : Event: ======'machine_var_audits_missing_switches_s_holly_o'====== Args={'value': 24, 'prev_value': None, 'change': True}
2025-04-27 21:29:59,203 : INFO : EventManager : Event: ======'machine_var_audits_missing_switches_s_holly_y'====== Args={'value': 24, 'prev_value': None, 'change': True}
2025-04-27 21:29:59,203 : INFO : EventManager : Event: ======'machine_var_audits_missing_switches_s_left_coin'====== Args={'value': 24, 'prev_value': None, 'change': True}
2025-04-27 21:29:59,203 : INFO : EventManager : Event: ======'machine_var_audits_missing_switches_s_left_flipper'====== Args={'value': 24, 'prev_value': None, 'change': True}
2025-04-27 21:29:59,203 : INFO : EventManager : Event: ======'machine_var_audits_missing_switches_s_left_flipper_eos'====== Args={'value': 24, 'prev_value': None, 'change': True}
2025-04-27 21:29:59,203 : INFO : EventManager : Event: ======'machine_var_audits_missing_switches_s_left_inlane'====== Args={'value': 24, 'prev_value': None, 'change': True}
2025-04-27 21:29:59,203 : INFO : EventManager : Event: ======'machine_var_audits_missing_switches_s_left_magna'====== Args={'value': 24, 'prev_value': None, 'change': True}
2025-04-27 21:29:59,203 : INFO : EventManager : Event: ======'machine_var_audits_missing_switches_s_left_outlane'====== Args={'value': 24, 'prev_value': None, 'change': True}
2025-04-27 21:29:59,203 : INFO : EventManager : Event: ======'machine_var_audits_missing_switches_s_left_sling'====== Args={'value': 24, 'prev_value': None, 'change': True}
2025-04-27 21:29:59,203 : INFO : EventManager : Event: ======'machine_var_audits_missing_switches_s_minus'====== Args={'value': 24, 'prev_value': None, 'change': True}
2025-04-27 21:29:59,203 : INFO : EventManager : Event: ======'machine_var_audits_missing_switches_s_nakatomi'====== Args={'value': 24, 'prev_value': None, 'change': True}
2025-04-27 21:29:59,203 : INFO : EventManager : Event: ======'machine_var_audits_missing_switches_s_plus'====== Args={'value': 24, 'prev_value': None, 'change': True}
2025-04-27 21:29:59,204 : INFO : EventManager : Event: ======'machine_var_audits_missing_switches_s_popbumper_left'====== Args={'value': 24, 'prev_value': None, 'change': True}
2025-04-27 21:29:59,204 : INFO : EventManager : Event: ======'machine_var_audits_missing_switches_s_popbumper_right'====== Args={'value': 24, 'prev_value': None, 'change': True}
2025-04-27 21:29:59,204 : INFO : EventManager : Event: ======'machine_var_audits_missing_switches_s_right_coin'====== Args={'value': 24, 'prev_value': None, 'change': True}
2025-04-27 21:29:59,204 : INFO : EventManager : Event: ======'machine_var_audits_missing_switches_s_right_flipper'====== Args={'value': 24, 'prev_value': None, 'change': True}
2025-04-27 21:29:59,204 : INFO : EventManager : Event: ======'machine_var_audits_missing_switches_s_right_flipper_eos'====== Args={'value': 24, 'prev_value': None, 'change': True}
2025-04-27 21:29:59,204 : INFO : EventManager : Event: ======'machine_var_audits_missing_switches_s_right_inlane'====== Args={'value': 24, 'prev_value': None, 'change': True}
2025-04-27 21:29:59,204 : INFO : EventManager : Event: ======'machine_var_audits_missing_switches_s_right_magna'====== Args={'value': 24, 'prev_value': None, 'change': True}
2025-04-27 21:29:59,204 : INFO : EventManager : Event: ======'machine_var_audits_missing_switches_s_right_outlane'====== Args={'value': 24, 'prev_value': None, 'change': True}
2025-04-27 21:29:59,204 : INFO : EventManager : Event: ======'machine_var_audits_missing_switches_s_right_sling'====== Args={'value': 24, 'prev_value': None, 'change': True}
2025-04-27 21:29:59,204 : INFO : EventManager : Event: ======'machine_var_audits_missing_switches_s_safe_vuk'====== Args={'value': 24, 'prev_value': None, 'change': True}
2025-04-27 21:29:59,204 : INFO : EventManager : Event: ======'machine_var_audits_missing_switches_s_target_2'====== Args={'value': 24, 'prev_value': None, 'change': True}
2025-04-27 21:29:59,204 : INFO : EventManager : Event: ======'machine_var_audits_missing_switches_s_target_3'====== Args={'value': 24, 'prev_value': None, 'change': True}
2025-04-27 21:29:59,204 : INFO : EventManager : Event: ======'machine_var_audits_missing_switches_s_tilt_bob'====== Args={'value': 24, 'prev_value': None, 'change': True}
2025-04-27 21:29:59,204 : INFO : EventManager : Event: ======'machine_var_audits_missing_switches_s_top_flipper_hold'====== Args={'value': 24, 'prev_value': None, 'change': True}
2025-04-27 21:29:59,204 : INFO : EventManager : Event: ======'machine_var_audits_missing_switches_s_trough1'====== Args={'value': 24, 'prev_value': None, 'change': True}
2025-04-27 21:29:59,204 : INFO : EventManager : Event: ======'machine_var_audits_missing_switches_s_trough2'====== Args={'value': 24, 'prev_value': None, 'change': True}
2025-04-27 21:29:59,204 : INFO : EventManager : Event: ======'machine_var_audits_missing_switches_s_trough3'====== Args={'value': 24, 'prev_value': None, 'change': True}
2025-04-27 21:29:59,204 : INFO : EventManager : Event: ======'machine_var_audits_missing_switches_s_trough4'====== Args={'value': 24, 'prev_value': None, 'change': True}
2025-04-27 21:29:59,204 : INFO : EventManager : Event: ======'machine_var_audits_missing_switches_s_trough5'====== Args={'value': 24, 'prev_value': None, 'change': True}
2025-04-27 21:29:59,204 : INFO : EventManager : Event: ======'machine_var_audits_missing_switches_s_trough6'====== Args={'value': 24, 'prev_value': None, 'change': True}
2025-04-27 21:29:59,204 : INFO : EventManager : Event: ======'machine_var_audits_missing_switches_s_trough_jam'====== Args={'value': 24, 'prev_value': None, 'change': True}
2025-04-27 21:29:59,204 : INFO : EventManager : Event: ======'machine_var_audits_missing_switches_s_tunel_vuk'====== Args={'value': 24, 'prev_value': None, 'change': True}
2025-04-27 21:29:59,204 : INFO : EventManager : Event: ======'machine_var_audits_player_score'====== Args={'value': {'average': 0, 'top': [], 'total': 0}, 'prev_value': None, 'change': True}
2025-04-27 21:29:59,204 : INFO : EventManager : Event: ======'machine_var_audits_switches_s_bottom_right_vuk'====== Args={'value': 0, 'prev_value': None, 'change': True}
2025-04-27 21:29:59,205 : INFO : EventManager : Event: ======'machine_var_audits_switches_s_door'====== Args={'value': 0, 'prev_value': None, 'change': True}
2025-04-27 21:29:59,205 : INFO : EventManager : Event: ======'machine_var_audits_switches_s_door_tilt'====== Args={'value': 0, 'prev_value': None, 'change': True}
2025-04-27 21:29:59,205 : INFO : EventManager : Event: ======'machine_var_audits_switches_s_drop_target_1'====== Args={'value': 0, 'prev_value': None, 'change': True}
2025-04-27 21:29:59,205 : INFO : EventManager : Event: ======'machine_var_audits_switches_s_drop_target_2'====== Args={'value': 0, 'prev_value': None, 'change': True}
2025-04-27 21:29:59,205 : INFO : EventManager : Event: ======'machine_var_audits_switches_s_drop_target_3'====== Args={'value': 0, 'prev_value': None, 'change': True}
2025-04-27 21:29:59,205 : INFO : EventManager : Event: ======'machine_var_audits_switches_s_enter'====== Args={'value': 0, 'prev_value': None, 'change': True}
2025-04-27 21:29:59,205 : INFO : EventManager : Event: ======'machine_var_audits_switches_s_escape'====== Args={'value': 0, 'prev_value': None, 'change': True}
2025-04-27 21:29:59,205 : INFO : EventManager : Event: ======'machine_var_audits_switches_s_fire'====== Args={'value': 0, 'prev_value': None, 'change': True}
2025-04-27 21:29:59,205 : INFO : EventManager : Event: ======'machine_var_audits_switches_s_highvuk'====== Args={'value': 0, 'prev_value': None, 'change': True}
2025-04-27 21:29:59,205 : INFO : EventManager : Event: ======'machine_var_audits_switches_s_holly_h'====== Args={'value': 0, 'prev_value': None, 'change': True}
2025-04-27 21:29:59,205 : INFO : EventManager : Event: ======'machine_var_audits_switches_s_holly_l'====== Args={'value': 0, 'prev_value': None, 'change': True}
2025-04-27 21:29:59,205 : INFO : EventManager : Event: ======'machine_var_audits_switches_s_holly_l_1'====== Args={'value': 0, 'prev_value': None, 'change': True}
2025-04-27 21:29:59,205 : INFO : EventManager : Event: ======'machine_var_audits_switches_s_holly_o'====== Args={'value': 0, 'prev_value': None, 'change': True}
2025-04-27 21:29:59,205 : INFO : EventManager : Event: ======'machine_var_audits_switches_s_holly_y'====== Args={'value': 0, 'prev_value': None, 'change': True}
2025-04-27 21:29:59,205 : INFO : EventManager : Event: ======'machine_var_audits_switches_s_left_coin'====== Args={'value': 0, 'prev_value': None, 'change': True}
2025-04-27 21:29:59,205 : INFO : EventManager : Event: ======'machine_var_audits_switches_s_left_flipper'====== Args={'value': 0, 'prev_value': None, 'change': True}
2025-04-27 21:29:59,205 : INFO : EventManager : Event: ======'machine_var_audits_switches_s_left_flipper_eos'====== Args={'value': 0, 'prev_value': None, 'change': True}
2025-04-27 21:29:59,205 : INFO : EventManager : Event: ======'machine_var_audits_switches_s_left_inlane'====== Args={'value': 0, 'prev_value': None, 'change': True}
2025-04-27 21:29:59,205 : INFO : EventManager : Event: ======'machine_var_audits_switches_s_left_magna'====== Args={'value': 0, 'prev_value': None, 'change': True}
2025-04-27 21:29:59,205 : INFO : EventManager : Event: ======'machine_var_audits_switches_s_left_outlane'====== Args={'value': 0, 'prev_value': None, 'change': True}
2025-04-27 21:29:59,205 : INFO : EventManager : Event: ======'machine_var_audits_switches_s_left_sling'====== Args={'value': 0, 'prev_value': None, 'change': True}
2025-04-27 21:29:59,205 : INFO : EventManager : Event: ======'machine_var_audits_switches_s_minus'====== Args={'value': 0, 'prev_value': None, 'change': True}
2025-04-27 21:29:59,205 : INFO : EventManager : Event: ======'machine_var_audits_switches_s_nakatomi'====== Args={'value': 0, 'prev_value': None, 'change': True}
2025-04-27 21:29:59,205 : INFO : EventManager : Event: ======'machine_var_audits_switches_s_plus'====== Args={'value': 0, 'prev_value': None, 'change': True}
2025-04-27 21:29:59,206 : INFO : EventManager : Event: ======'machine_var_audits_switches_s_popbumper_left'====== Args={'value': 0, 'prev_value': None, 'change': True}
2025-04-27 21:29:59,206 : INFO : EventManager : Event: ======'machine_var_audits_switches_s_popbumper_right'====== Args={'value': 0, 'prev_value': None, 'change': True}
2025-04-27 21:29:59,206 : INFO : EventManager : Event: ======'machine_var_audits_switches_s_right_coin'====== Args={'value': 0, 'prev_value': None, 'change': True}
2025-04-27 21:29:59,206 : INFO : EventManager : Event: ======'machine_var_audits_switches_s_right_flipper'====== Args={'value': 0, 'prev_value': None, 'change': True}
2025-04-27 21:29:59,206 : INFO : EventManager : Event: ======'machine_var_audits_switches_s_right_flipper_eos'====== Args={'value': 0, 'prev_value': None, 'change': True}
2025-04-27 21:29:59,206 : INFO : EventManager : Event: ======'machine_var_audits_switches_s_right_inlane'====== Args={'value': 0, 'prev_value': None, 'change': True}
2025-04-27 21:29:59,206 : INFO : EventManager : Event: ======'machine_var_audits_switches_s_right_magna'====== Args={'value': 0, 'prev_value': None, 'change': True}
2025-04-27 21:29:59,206 : INFO : EventManager : Event: ======'machine_var_audits_switches_s_right_outlane'====== Args={'value': 0, 'prev_value': None, 'change': True}
2025-04-27 21:29:59,206 : INFO : EventManager : Event: ======'machine_var_audits_switches_s_right_sling'====== Args={'value': 0, 'prev_value': None, 'change': True}
2025-04-27 21:29:59,206 : INFO : EventManager : Event: ======'machine_var_audits_switches_s_safe_vuk'====== Args={'value': 0, 'prev_value': None, 'change': True}
2025-04-27 21:29:59,206 : INFO : EventManager : Event: ======'machine_var_audits_switches_s_start'====== Args={'value': 4, 'prev_value': None, 'change': True}
2025-04-27 21:29:59,206 : INFO : EventManager : Event: ======'machine_var_audits_switches_s_target_2'====== Args={'value': 0, 'prev_value': None, 'change': True}
2025-04-27 21:29:59,206 : INFO : EventManager : Event: ======'machine_var_audits_switches_s_target_3'====== Args={'value': 0, 'prev_value': None, 'change': True}
2025-04-27 21:29:59,206 : INFO : EventManager : Event: ======'machine_var_audits_switches_s_tilt_bob'====== Args={'value': 0, 'prev_value': None, 'change': True}
2025-04-27 21:29:59,206 : INFO : EventManager : Event: ======'machine_var_audits_switches_s_top_flipper_hold'====== Args={'value': 0, 'prev_value': None, 'change': True}
2025-04-27 21:29:59,206 : INFO : EventManager : Event: ======'machine_var_audits_switches_s_trough1'====== Args={'value': 0, 'prev_value': None, 'change': True}
2025-04-27 21:29:59,206 : INFO : EventManager : Event: ======'machine_var_audits_switches_s_trough2'====== Args={'value': 0, 'prev_value': None, 'change': True}
2025-04-27 21:29:59,206 : INFO : EventManager : Event: ======'machine_var_audits_switches_s_trough3'====== Args={'value': 0, 'prev_value': None, 'change': True}
2025-04-27 21:29:59,206 : INFO : EventManager : Event: ======'machine_var_audits_switches_s_trough4'====== Args={'value': 0, 'prev_value': None, 'change': True}
2025-04-27 21:29:59,206 : INFO : EventManager : Event: ======'machine_var_audits_switches_s_trough5'====== Args={'value': 0, 'prev_value': None, 'change': True}
2025-04-27 21:29:59,206 : INFO : EventManager : Event: ======'machine_var_audits_switches_s_trough6'====== Args={'value': 0, 'prev_value': None, 'change': True}
2025-04-27 21:29:59,206 : INFO : EventManager : Event: ======'machine_var_audits_switches_s_trough_jam'====== Args={'value': 0, 'prev_value': None, 'change': True}
2025-04-27 21:29:59,206 : INFO : EventManager : Event: ======'machine_var_audits_switches_s_tunel_vuk'====== Args={'value': 0, 'prev_value': None, 'change': True}
2025-04-27 21:29:59,207 : INFO : EventManager : Event: ======'machine_var_audits_switches_swPlunger'====== Args={'value': 16, 'prev_value': None, 'change': True}
2025-04-27 21:29:59,207 : INFO : EventManager : Event: ======'machine_var_audits_switches_s_bottom_left_inner_drain'====== Args={'value': 0, 'prev_value': None, 'change': True}
2025-04-27 21:29:59,207 : INFO : EventManager : Event: ======'machine_var_audits_switches_s_left_top_target'====== Args={'value': 0, 'prev_value': None, 'change': True}
2025-04-27 21:29:59,207 : INFO : EventManager : Event: ======'machine_var_audits_switches_s_middle_top_target'====== Args={'value': 0, 'prev_value': None, 'change': True}
2025-04-27 21:29:59,207 : INFO : EventManager : Event: ======'machine_var_audits_switches_s_right_top_target'====== Args={'value': 0, 'prev_value': None, 'change': True}
2025-04-27 21:29:59,207 : INFO : EventManager : Event: ======'machine_var_audits_switches_s_airplane'====== Args={'value': 0, 'prev_value': None, 'change': True}
2025-04-27 21:29:59,207 : INFO : EventManager : Event: ======'machine_var_audits_switches_s_bottom_left_outer_drain'====== Args={'value': 0, 'prev_value': None, 'change': True}
2025-04-27 21:29:59,207 : INFO : EventManager : Event: ======'machine_var_audits_switches_s_bottom_right_outer_drain'====== Args={'value': 0, 'prev_value': None, 'change': True}
2025-04-27 21:29:59,207 : INFO : EventManager : Event: ======'machine_var_audits_switches_s_right_orbit'====== Args={'value': 0, 'prev_value': None, 'change': True}
2025-04-27 21:29:59,207 : INFO : EventManager : Event: ======'machine_var_audits_switches_s_top_flipper_eos'====== Args={'value': 0, 'prev_value': None, 'change': True}
2025-04-27 21:29:59,207 : INFO : EventManager : Event: ======'machine_var_audits_switches_s_left spinner'====== Args={'value': 0, 'prev_value': None, 'change': True}
2025-04-27 21:29:59,207 : INFO : EventManager : Event: ======'machine_var_audits_switches_s_plunger_lane'====== Args={'value': 0, 'prev_value': None, 'change': True}
2025-04-27 21:29:59,207 : INFO : EventManager : Event: ======'machine_var_audits_switches_s_right spinner'====== Args={'value': 0, 'prev_value': None, 'change': True}
2025-04-27 21:29:59,207 : INFO : EventManager : Event: ======'machine_var_audits_switches_s_bottom_right_inner_drain'====== Args={'value': 0, 'prev_value': None, 'change': True}
2025-04-27 21:29:59,207 : INFO : EventManager : Event: ======'machine_var_audits_switches_s_left_orbit'====== Args={'value': 0, 'prev_value': None, 'change': True}
2025-04-27 21:29:59,208 : INFO : EventManager : Event: ======'init_phase_5'====== Args={}
2025-04-27 21:29:59,214 : INFO : EventManager : Event: ======'init_done'====== Args={}
2025-04-27 21:29:59,214 : INFO : EventManager : Event: ======'machine_reset_phase_1'====== Args={}
2025-04-27 21:29:59,218 : INFO : EventManager : Event: ======'machine_reset_phase_2'====== Args={}
2025-04-27 21:29:59,219 : INFO : EventManager : Event: ======'machine_reset_phase_3'====== Args={}
2025-04-27 21:29:59,219 : INFO : drop_target_bank.bank : All targets are already up. Will not reset bank.
2025-04-27 21:29:59,219 : INFO : EventManager : Event: ======'reset_complete'====== Args={}
2025-04-27 21:29:59,219 : INFO : EventManager : Event: ======'mode_attract_will_start'====== Args={}
2025-04-27 21:29:59,219 : INFO : EventManager : Event: ======'mode_attract_starting'====== Args={}
2025-04-27 21:29:59,219 : INFO : Mode.attract : Started. Priority: 10
2025-04-27 21:29:59,220 : INFO : EventManager : Event: ======'modes_active_modes_changed'====== Args={}
2025-04-27 21:29:59,220 : INFO : EventManager : Event: ======'mode_attract_started'====== Args={}
2025-04-27 21:29:59,220 : INFO : EventManager : Event: ======'collecting_balls_complete'====== Args={}
2025-04-27 21:29:59,228 : INFO : Machine : Starting the main run loop with active modes: [<Mode.attract>]
2025-04-27 21:30:10,231 : INFO : SwitchController : <<<<<<< 's_start' active >>>>>>>
2025-04-27 21:30:10,417 : INFO : SwitchController : <<<<<<< 's_start' inactive >>>>>>>
2025-04-27 21:30:10,417 : INFO : EventManager : Event: ======'request_to_start_game'====== Args={}
2025-04-27 21:30:10,418 : INFO : EventManager : Event: ======'game_start'====== Args={'buttons': [], 'hold_time': 0.18699999999989814}
2025-04-27 21:30:10,418 : INFO : EventManager : Event: ======'mode_game_will_start'====== Args={'buttons': [], 'hold_time': 0.18699999999989814}
2025-04-27 21:30:10,418 : INFO : EventManager : Event: ======'mode_game_starting'====== Args={'buttons': [], 'hold_time': 0.18699999999989814}
2025-04-27 21:30:10,418 : INFO : EventManager : Event: ======'mode_attract_will_stop'====== Args={}
2025-04-27 21:30:10,418 : INFO : EventManager : Event: ======'mode_attract_stopping'====== Args={}
2025-04-27 21:30:10,418 : INFO : Mode.attract : Stopped.
2025-04-27 21:30:10,419 : INFO : EventManager : Event: ======'modes_active_modes_changed'====== Args={}
2025-04-27 21:30:10,419 : INFO : EventManager : Event: ======'mode_attract_stopped'====== Args={}
2025-04-27 21:30:10,419 : INFO : EventManager : Event: ======'clear'====== Args={'key': 'attract'}
2025-04-27 21:30:10,419 : INFO : Mode.game : Started. Priority: 20
2025-04-27 21:30:10,419 : INFO : EventManager : Event: ======'modes_active_modes_changed'====== Args={}
2025-04-27 21:30:10,419 : INFO : EventManager : Event: ======'mode_game_started'====== Args={'buttons': [], 'hold_time': 0.18699999999989814}
2025-04-27 21:30:10,423 : INFO : EventManager : Event: ======'game_will_start'====== Args={}
2025-04-27 21:30:10,423 : INFO : EventManager : Event: ======'game_starting'====== Args={'game': <Mode.game>}
2025-04-27 21:30:10,424 : INFO : EventManager : Unordered handler for class <Auditor> on event game_ended with priority 1. Handlers: [RegisteredHandler(callback=<bound method Auditor.disable of <Auditor>>, priority=1, kwargs={}, key=UUID('6d2f8c40-39a9-4869-a613-b0b26d2f8770'), condition=None, blocking_facility=None), RegisteredHandler(callback=<bound method Auditor._save_audits of <Auditor>>, priority=1, kwargs={}, key=UUID('ad50e985-b3a7-4470-81d5-d80f885a01f6'), condition=None, blocking_facility=None)]. The order of those handlers is not defined and they will be executed in random order. This might lead to race conditions and potential bugs.
2025-04-27 21:30:10,424 : INFO : EventManager : Event: ======'player_add_request'====== Args={}
2025-04-27 21:30:10,424 : INFO : EventManager : Event: ======'player_will_add'====== Args={'number': 1}
2025-04-27 21:30:10,424 : INFO : EventManager : Event: ======'player_adding'====== Args={'player': <Player 1>, 'number': 1}
2025-04-27 21:30:10,424 : INFO : EventManager : Event: ======'player_added'====== Args={'player': <Player 1>, 'num': 1}
2025-04-27 21:30:10,424 : INFO : Mode.game : Player added successfully. Total players: 1
2025-04-27 21:30:10,424 : INFO : EventManager : Event: ======'player_index'====== Args={'value': 0, 'prev_value': 0, 'change': 0, 'player_num': 1}
2025-04-27 21:30:10,424 : INFO : EventManager : Event: ======'player_number'====== Args={'value': 1, 'prev_value': 1, 'change': 0, 'player_num': 1}
2025-04-27 21:30:10,424 : INFO : EventManager : Event: ======'player_score'====== Args={'value': 0, 'prev_value': 0, 'change': 0, 'player_num': 1}
2025-04-27 21:30:10,425 : INFO : EventManager : Event: ======'game_started'====== Args={}
2025-04-27 21:30:10,429 : INFO : EventManager : Event: ======'player_turn_will_start'====== Args={'player': <Player 1>, 'number': 1}
2025-04-27 21:30:10,431 : INFO : EventManager : Event: ======'player_turn_starting'====== Args={'player': <Player 1>, 'number': 1}
2025-04-27 21:30:10,432 : INFO : EventManager : Event: ======'player_ball'====== Args={'value': 1, 'prev_value': 0, 'change': 1, 'player_num': 1}
2025-04-27 21:30:10,432 : INFO : EventManager : Event: ======'player_turn_started'====== Args={'player': <Player 1>, 'number': 1}
2025-04-27 21:30:10,432 : INFO : EventManager : Event: ======'ball_will_start'====== Args={'player': 1, 'ball': 1, 'balls_remaining': 2, 'is_extra_ball': False}
2025-04-27 21:30:10,436 : INFO : EventManager : Event: ======'ball_starting'====== Args={'player': 1, 'ball': 1, 'balls_remaining': 2, 'is_extra_ball': False}
2025-04-27 21:30:10,436 : INFO : drop_target_bank.bank : All targets are already up. Will not reset bank.
2025-04-27 21:30:10,437 : INFO : EventManager : Event: ======'balls_in_play'====== Args={'balls': 1}
2025-04-27 21:30:10,437 : INFO : EventManager : Event: ======'ball_started'====== Args={'player': 1, 'ball': 1, 'balls_remaining': 2, 'is_extra_ball': False}
2025-04-27 21:30:10,437 : INFO : EventManager : Event: ======'mode_base_will_start'====== Args={'player': 1, 'ball': 1, 'balls_remaining': 2, 'is_extra_ball': False}
2025-04-27 21:30:10,437 : INFO : EventManager : Event: ======'mode_base_starting'====== Args={'player': 1, 'ball': 1, 'balls_remaining': 2, 'is_extra_ball': False}
2025-04-27 21:30:10,437 : INFO : Mode.base : Started. Priority: 200
2025-04-27 21:30:10,437 : INFO : EventManager : Event: ======'modes_active_modes_changed'====== Args={}
2025-04-27 21:30:10,437 : INFO : EventManager : Event: ======'mode_base_started'====== Args={'player': 1, 'ball': 1, 'balls_remaining': 2, 'is_extra_ball': False}
2025-04-27 21:30:10,438 : INFO : EventManager : Event: ======'single_player_ball_started'====== Args={}
2025-04-27 21:30:10,444 : INFO : EventManager : Event: ======'ball_start_target'====== Args={'target': 'playfield'}
2025-04-27 21:30:10,444 : INFO : ball_device.bd_plunger : Setting up player-controlled eject. Balls: 1, Target: <playfield.playfield>, player_controlled_eject_event: s_fire_active
2025-04-27 21:30:10,444 : INFO : EventManager : Event: ======'balldevice_balls_available'====== Args={}
2025-04-27 21:30:10,445 : INFO : ball_device.bd_trough : State: waiting_for_target_ready
2025-04-27 21:30:10,445 : INFO : EventManager : Event: ======'balldevice_bd_trough_ball_eject_attempt'====== Args={'balls': 1, 'target': <ball_device.bd_plunger>, 'source': <ball_device.bd_trough>, 'mechanical_eject': True, 'num_attempts': 0}
2025-04-27 21:30:10,445 : INFO : ball_device.bd_plunger : State: waiting_for_ball
2025-04-27 21:30:10,445 : INFO : ball_device.bd_trough : State: ejecting
2025-04-27 21:30:10,445 : INFO : ball_device.bd_trough : Ejecting ball to <ball_device.bd_plunger>
2025-04-27 21:30:10,445 : INFO : EventManager : Event: ======'balldevice_bd_trough_ejecting_ball'====== Args={'balls': 1, 'target': <ball_device.bd_plunger>, 'source': <ball_device.bd_trough>, 'mechanical_eject': True, 'num_attempts': 0}
2025-04-27 21:30:10,446 : INFO : ball_device.bd_trough : Wait for ball to leave device
2025-04-27 21:30:10,446 : INFO : coil.c_trough_eject : Pulsing Driver for 20ms (1.0 pulse_power)
2025-04-27 21:30:10,479 : INFO : SwitchController : <<<<<<< 's_trough_jam' active >>>>>>>
2025-04-27 21:30:10,479 : INFO : EventManager : Event: ======'machine_var_audits_switches_s_trough_jam'====== Args={'value': 1, 'prev_value': 0, 'change': 1}
2025-04-27 21:30:10,495 : INFO : SwitchController : <<<<<<< 's_trough_jam' inactive >>>>>>>
2025-04-27 21:30:10,513 : INFO : SwitchController : <<<<<<< 's_trough1' inactive >>>>>>>
2025-04-27 21:30:10,515 : INFO : ball_device.bd_trough : State: ball_left
2025-04-27 21:30:10,515 : INFO : ball_device.bd_trough : Ball left
2025-04-27 21:30:10,515 : INFO : ball_device.bd_trough : Wait for confirm with timeout 10.0
2025-04-27 21:30:10,776 : INFO : SwitchController : <<<<<<< 's_plunger_lane' active >>>>>>>
2025-04-27 21:30:10,776 : INFO : EventManager : Event: ======'machine_var_audits_switches_s_plunger_lane'====== Args={'value': 1, 'prev_value': 0, 'change': 1}
2025-04-27 21:30:11,275 : INFO : ball_device.bd_plunger : Received ball from <ball_device.bd_trough>
2025-04-27 21:30:11,275 : INFO : EventManager : Event: ======'balldevice_bd_plunger_ball_enter'====== Args={'new_balls': 1, 'unclaimed_balls': 0, 'new_available_balls': 0, 'device': <ball_device.bd_plunger>}
2025-04-27 21:30:11,275 : INFO : EventManager : Event: ======'balldevice_bd_plunger_ball_entered'====== Args={'new_balls': 0, 'device': <ball_device.bd_plunger>}
2025-04-27 21:30:11,276 : INFO : EventManager : Event: ======'balldevice_bd_plunger_ball_count_changed'====== Args={'balls': 1}
2025-04-27 21:30:11,276 : INFO : ball_device.bd_trough : Got eject confirm
2025-04-27 21:30:11,276 : INFO : ball_device.bd_trough : Eject successful
2025-04-27 21:30:11,276 : INFO : EventManager : Event: ======'balldevice_bd_trough_ball_eject_success'====== Args={'balls': 1, 'target': <ball_device.bd_plunger>}
2025-04-27 21:30:11,276 : INFO : ball_device.bd_plunger : State: waiting_for_target_ready
2025-04-27 21:30:11,276 : INFO : EventManager : Event: ======'balldevice_bd_plunger_ball_eject_attempt'====== Args={'balls': 1, 'target': <playfield.playfield>, 'source': <ball_device.bd_plunger>, 'mechanical_eject': True, 'num_attempts': 0}
2025-04-27 21:30:11,277 : INFO : EventManager : Event: ======'balldevice_bd_trough_ball_count_changed'====== Args={'balls': 0}
2025-04-27 21:30:11,277 : INFO : ball_device.bd_trough : State: idle
2025-04-27 21:30:11,277 : INFO : ball_device.bd_plunger : State: ejecting
2025-04-27 21:30:11,277 : INFO : ball_device.bd_plunger : Ejecting ball to <playfield.playfield>
2025-04-27 21:30:11,277 : INFO : EventManager : Event: ======'balldevice_bd_plunger_ejecting_ball'====== Args={'balls': 1, 'target': <playfield.playfield>, 'source': <ball_device.bd_plunger>, 'mechanical_eject': True, 'num_attempts': 0}
2025-04-27 21:30:11,278 : INFO : ball_device.bd_plunger : Wait for ball to leave device
2025-04-27 21:32:16,171 : INFO : SwitchController : <<<<<<< 's_fire' active >>>>>>>
2025-04-27 21:32:16,171 : INFO : EventManager : Event: ======'s_fire_active'====== Args={}
2025-04-27 21:32:16,171 : INFO : EventManager : Event: ======'machine_var_audits_switches_s_fire'====== Args={'value': 1, 'prev_value': 0, 'change': 1}
2025-04-27 21:32:16,178 : INFO : coil.c_plunger : Pulsing Driver for 20ms (1.0 pulse_power)
2025-04-27 21:32:16,203 : INFO : SwitchController : <<<<<<< 's_plunger_lane' inactive >>>>>>>
2025-04-27 21:32:16,207 : INFO : ball_device.bd_plunger : State: ball_left
2025-04-27 21:32:16,207 : INFO : ball_device.bd_plunger : Ball left
2025-04-27 21:32:16,207 : INFO : ball_device.bd_plunger : Wait for confirm with timeout 10.0
2025-04-27 21:32:16,358 : INFO : SwitchController : <<<<<<< 's_fire' inactive >>>>>>>
2025-04-27 21:32:17,402 : INFO : SwitchController : <<<<<<< 's_right_flipper' active >>>>>>>
2025-04-27 21:32:17,402 : INFO : EventManager : Event: ======'machine_var_audits_switches_s_right_flipper'====== Args={'value': 1, 'prev_value': 0, 'change': 1}
2025-04-27 21:32:17,464 : INFO : SwitchController : <<<<<<< 's_right_flipper' inactive >>>>>>>
2025-04-27 21:32:17,573 : INFO : SwitchController : <<<<<<< 's_right_flipper' active >>>>>>>
2025-04-27 21:32:17,573 : INFO : EventManager : Event: ======'machine_var_audits_switches_s_right_flipper'====== Args={'value': 2, 'prev_value': 1, 'change': 1}
2025-04-27 21:32:17,652 : INFO : SwitchController : <<<<<<< 's_right_flipper' inactive >>>>>>>
2025-04-27 21:32:17,699 : INFO : SwitchController : <<<<<<< 's_left_flipper' active >>>>>>>
2025-04-27 21:32:17,699 : INFO : EventManager : Event: ======'machine_var_audits_switches_s_left_flipper'====== Args={'value': 1, 'prev_value': 0, 'change': 1}
2025-04-27 21:32:17,746 : INFO : SwitchController : <<<<<<< 's_left_orbit' active >>>>>>>
2025-04-27 21:32:17,746 : INFO : EventManager : Event: ======'machine_var_audits_switches_s_left_orbit'====== Args={'value': 1, 'prev_value': 0, 'change': 1}
2025-04-27 21:32:17,777 : INFO : SwitchController : <<<<<<< 's_left_orbit' inactive >>>>>>>
2025-04-27 21:32:17,839 : INFO : SwitchController : <<<<<<< 's_left spinner' active >>>>>>>
2025-04-27 21:32:17,839 : INFO : EventManager : Event: ======'machine_var_audits_switches_s_left spinner'====== Args={'value': 1, 'prev_value': 0, 'change': 1}
2025-04-27 21:32:17,885 : INFO : SwitchController : <<<<<<< 's_left spinner' inactive >>>>>>>
2025-04-27 21:32:17,885 : INFO : SwitchController : <<<<<<< 's_left_flipper' inactive >>>>>>>
2025-04-27 21:32:17,962 : INFO : SwitchController : <<<<<<< 's_left spinner' active >>>>>>>
2025-04-27 21:32:17,962 : INFO : EventManager : Event: ======'machine_var_audits_switches_s_left spinner'====== Args={'value': 2, 'prev_value': 1, 'change': 1}
2025-04-27 21:32:18,024 : INFO : SwitchController : <<<<<<< 's_left spinner' inactive >>>>>>>
2025-04-27 21:32:18,119 : INFO : SwitchController : <<<<<<< 's_left spinner' active >>>>>>>
2025-04-27 21:32:18,119 : INFO : EventManager : Event: ======'machine_var_audits_switches_s_left spinner'====== Args={'value': 3, 'prev_value': 2, 'change': 1}
2025-04-27 21:32:18,209 : INFO : SwitchController : <<<<<<< 's_left spinner' inactive >>>>>>>
2025-04-27 21:32:18,350 : INFO : SwitchController : <<<<<<< 's_left spinner' active >>>>>>>
2025-04-27 21:32:18,350 : INFO : EventManager : Event: ======'machine_var_audits_switches_s_left spinner'====== Args={'value': 4, 'prev_value': 3, 'change': 1}
2025-04-27 21:32:18,444 : INFO : SwitchController : <<<<<<< 's_left spinner' inactive >>>>>>>
2025-04-27 21:32:20,426 : INFO : SwitchController : <<<<<<< 's_right_flipper' active >>>>>>>
2025-04-27 21:32:20,426 : INFO : EventManager : Event: ======'machine_var_audits_switches_s_right_flipper'====== Args={'value': 3, 'prev_value': 2, 'change': 1}
2025-04-27 21:32:20,505 : INFO : SwitchController : <<<<<<< 's_right_flipper' inactive >>>>>>>
2025-04-27 21:32:20,505 : INFO : SwitchController : <<<<<<< 's_right_flipper' active >>>>>>>
2025-04-27 21:32:20,505 : INFO : EventManager : Event: ======'machine_var_audits_switches_s_right_flipper'====== Args={'value': 4, 'prev_value': 3, 'change': 1}
2025-04-27 21:32:20,582 : INFO : SwitchController : <<<<<<< 's_right_flipper' inactive >>>>>>>
2025-04-27 21:32:20,599 : INFO : SwitchController : <<<<<<< 's_right_flipper' active >>>>>>>
2025-04-27 21:32:20,599 : INFO : EventManager : Event: ======'machine_var_audits_switches_s_right_flipper'====== Args={'value': 5, 'prev_value': 4, 'change': 1}
2025-04-27 21:32:20,629 : INFO : SwitchController : <<<<<<< 's_right_flipper' inactive >>>>>>>
2025-04-27 21:32:20,788 : INFO : SwitchController : <<<<<<< 's_right_flipper' active >>>>>>>
2025-04-27 21:32:20,788 : INFO : EventManager : Event: ======'machine_var_audits_switches_s_right_flipper'====== Args={'value': 6, 'prev_value': 5, 'change': 1}
2025-04-27 21:32:20,942 : INFO : SwitchController : <<<<<<< 's_right_flipper' inactive >>>>>>>
2025-04-27 21:32:21,223 : INFO : SwitchController : <<<<<<< 's_right_flipper' active >>>>>>>
2025-04-27 21:32:21,223 : INFO : EventManager : Event: ======'machine_var_audits_switches_s_right_flipper'====== Args={'value': 7, 'prev_value': 6, 'change': 1}
2025-04-27 21:32:21,440 : INFO : SwitchController : <<<<<<< 's_right_flipper' inactive >>>>>>>
2025-04-27 21:32:21,657 : INFO : SwitchController : <<<<<<< 's_right_magna' active >>>>>>>
2025-04-27 21:32:21,657 : INFO : EventManager : Event: ======'s_right_magna_active'====== Args={}
2025-04-27 21:32:21,657 : INFO : EventManager : Event: ======'machine_var_audits_switches_s_right_magna'====== Args={'value': 1, 'prev_value': 0, 'change': 1}
2025-04-27 21:32:21,657 : INFO : coil.c_right_magna : Enabling Driver with power 0.375 (pulse_ms 100ms and pulse_power 1.0)
2025-04-27 21:32:21,658 : INFO : EventManager : Event: ======'magnet_magnet_r_grabbing_ball'====== Args={}
2025-04-27 21:32:21,673 : INFO : SwitchController : <<<<<<< 's_right_magna' inactive >>>>>>>
2025-04-27 21:32:21,673 : INFO : EventManager : Event: ======'s_right_magna_inactive'====== Args={}
2025-04-27 21:32:21,673 : INFO : EventManager : Event: ======'magnet_magnet_r_releasing_ball'====== Args={}
2025-04-27 21:32:21,673 : INFO : coil.c_right_magna : Disabling Driver
2025-04-27 21:32:21,688 : INFO : SwitchController : <<<<<<< 's_right_magna' active >>>>>>>
2025-04-27 21:32:21,689 : INFO : EventManager : Event: ======'s_right_magna_active'====== Args={}
2025-04-27 21:32:21,689 : INFO : EventManager : Event: ======'machine_var_audits_switches_s_right_magna'====== Args={'value': 2, 'prev_value': 1, 'change': 1}
2025-04-27 21:32:21,935 : INFO : SwitchController : <<<<<<< 's_right_magna' inactive >>>>>>>
2025-04-27 21:32:21,935 : INFO : EventManager : Event: ======'s_right_magna_inactive'====== Args={}
2025-04-27 21:32:22,167 : INFO : EventManager : Event: ======'magnet_magnet_r_released_ball'====== Args={}
2025-04-27 21:32:22,245 : INFO : SwitchController : <<<<<<< 's_right_flipper' active >>>>>>>
2025-04-27 21:32:22,245 : INFO : EventManager : Event: ======'machine_var_audits_switches_s_right_flipper'====== Args={'value': 8, 'prev_value': 7, 'change': 1}
2025-04-27 21:32:22,419 : INFO : SwitchController : <<<<<<< 's_right_flipper' inactive >>>>>>>
2025-04-27 21:32:22,589 : INFO : SwitchController : <<<<<<< 's_right_flipper' active >>>>>>>
2025-04-27 21:32:22,589 : INFO : EventManager : Event: ======'machine_var_audits_switches_s_right_flipper'====== Args={'value': 9, 'prev_value': 8, 'change': 1}
2025-04-27 21:32:22,651 : INFO : SwitchController : <<<<<<< 's_right_flipper' inactive >>>>>>>
2025-04-27 21:32:22,672 : INFO : SwitchController : <<<<<<< 's_right_flipper' active >>>>>>>
2025-04-27 21:32:22,672 : INFO : EventManager : Event: ======'machine_var_audits_switches_s_right_flipper'====== Args={'value': 10, 'prev_value': 9, 'change': 1}
2025-04-27 21:32:22,673 : INFO : SwitchController : <<<<<<< 's_right_flipper' inactive >>>>>>>
2025-04-27 21:32:22,698 : INFO : SwitchController : <<<<<<< 's_right_flipper' active >>>>>>>
2025-04-27 21:32:22,698 : INFO : EventManager : Event: ======'machine_var_audits_switches_s_right_flipper'====== Args={'value': 11, 'prev_value': 10, 'change': 1}
2025-04-27 21:32:22,745 : INFO : SwitchController : <<<<<<< 's_right_flipper' inactive >>>>>>>
2025-04-27 21:32:22,854 : INFO : SwitchController : <<<<<<< 's_right_flipper' active >>>>>>>
2025-04-27 21:32:22,854 : INFO : EventManager : Event: ======'machine_var_audits_switches_s_right_flipper'====== Args={'value': 12, 'prev_value': 11, 'change': 1}
2025-04-27 21:32:22,901 : INFO : SwitchController : <<<<<<< 's_right_flipper' inactive >>>>>>>
2025-04-27 21:32:22,920 : INFO : SwitchController : <<<<<<< 's_right_flipper' active >>>>>>>
2025-04-27 21:32:22,920 : INFO : EventManager : Event: ======'machine_var_audits_switches_s_right_flipper'====== Args={'value': 13, 'prev_value': 12, 'change': 1}
2025-04-27 21:32:23,008 : INFO : SwitchController : <<<<<<< 's_right_flipper' inactive >>>>>>>
2025-04-27 21:32:23,088 : INFO : SwitchController : <<<<<<< 's_right_flipper' active >>>>>>>
2025-04-27 21:32:23,088 : INFO : EventManager : Event: ======'machine_var_audits_switches_s_right_flipper'====== Args={'value': 14, 'prev_value': 13, 'change': 1}
2025-04-27 21:32:23,165 : INFO : EventManager : Event: ======'magnet_magnet_r_grabbed_ball'====== Args={}
2025-04-27 21:32:23,290 : INFO : SwitchController : <<<<<<< 's_right_flipper' inactive >>>>>>>
2025-04-27 21:32:23,351 : INFO : SwitchController : <<<<<<< 's_right_magna' active >>>>>>>
2025-04-27 21:32:23,351 : INFO : EventManager : Event: ======'s_right_magna_active'====== Args={}
2025-04-27 21:32:23,351 : INFO : EventManager : Event: ======'machine_var_audits_switches_s_right_magna'====== Args={'value': 3, 'prev_value': 2, 'change': 1}
2025-04-27 21:32:23,351 : INFO : coil.c_right_magna : Enabling Driver with power 0.375 (pulse_ms 100ms and pulse_power 1.0)
2025-04-27 21:32:23,351 : INFO : EventManager : Event: ======'magnet_magnet_r_grabbing_ball'====== Args={}
2025-04-27 21:32:23,584 : INFO : SwitchController : <<<<<<< 's_right_magna' inactive >>>>>>>
2025-04-27 21:32:23,584 : INFO : EventManager : Event: ======'s_right_magna_inactive'====== Args={}
2025-04-27 21:32:23,584 : INFO : EventManager : Event: ======'magnet_magnet_r_releasing_ball'====== Args={}
2025-04-27 21:32:23,584 : INFO : coil.c_right_magna : Disabling Driver
2025-04-27 21:32:23,646 : INFO : SwitchController : <<<<<<< 's_right_magna' active >>>>>>>
2025-04-27 21:32:23,646 : INFO : EventManager : Event: ======'s_right_magna_active'====== Args={}
2025-04-27 21:32:23,646 : INFO : EventManager : Event: ======'machine_var_audits_switches_s_right_magna'====== Args={'value': 4, 'prev_value': 3, 'change': 1}
2025-04-27 21:32:23,741 : INFO : SwitchController : <<<<<<< 's_right_flipper' active >>>>>>>
2025-04-27 21:32:23,741 : INFO : EventManager : Event: ======'machine_var_audits_switches_s_right_flipper'====== Args={'value': 15, 'prev_value': 14, 'change': 1}
2025-04-27 21:32:23,803 : INFO : SwitchController : <<<<<<< 's_right_flipper' inactive >>>>>>>
2025-04-27 21:32:23,882 : INFO : SwitchController : <<<<<<< 's_right_magna' inactive >>>>>>>
2025-04-27 21:32:23,882 : INFO : EventManager : Event: ======'s_right_magna_inactive'====== Args={}
2025-04-27 21:32:24,067 : INFO : EventManager : Event: ======'magnet_magnet_r_released_ball'====== Args={}
2025-04-27 21:32:24,190 : INFO : SwitchController : <<<<<<< 's_right_magna' active >>>>>>>
2025-04-27 21:32:24,190 : INFO : EventManager : Event: ======'s_right_magna_active'====== Args={}
2025-04-27 21:32:24,190 : INFO : EventManager : Event: ======'machine_var_audits_switches_s_right_magna'====== Args={'value': 5, 'prev_value': 4, 'change': 1}
2025-04-27 21:32:24,190 : INFO : coil.c_right_magna : Enabling Driver with power 0.375 (pulse_ms 100ms and pulse_power 1.0)
2025-04-27 21:32:24,190 : INFO : EventManager : Event: ======'magnet_magnet_r_grabbing_ball'====== Args={}
2025-04-27 21:32:24,844 : INFO : EventManager : Event: ======'magnet_magnet_r_grabbed_ball'====== Args={}
2025-04-27 21:32:24,953 : INFO : SwitchController : <<<<<<< 's_right_magna' inactive >>>>>>>
2025-04-27 21:32:24,953 : INFO : EventManager : Event: ======'s_right_magna_inactive'====== Args={}
2025-04-27 21:32:24,954 : INFO : EventManager : Event: ======'magnet_magnet_r_releasing_ball'====== Args={}
2025-04-27 21:32:24,954 : INFO : coil.c_right_magna : Disabling Driver
2025-04-27 21:32:25,233 : INFO : SwitchController : <<<<<<< 's_right_flipper' active >>>>>>>
2025-04-27 21:32:25,233 : INFO : EventManager : Event: ======'machine_var_audits_switches_s_right_flipper'====== Args={'value': 16, 'prev_value': 15, 'change': 1}
2025-04-27 21:32:25,451 : INFO : EventManager : Event: ======'magnet_magnet_r_released_ball'====== Args={}
2025-04-27 21:32:25,671 : INFO : SwitchController : <<<<<<< 's_right_flipper' inactive >>>>>>>
2025-04-27 21:32:25,689 : INFO : EventManager : Event: ======'magnet_magnet_r_grabbed_ball'====== Args={}
2025-04-27 21:32:25,734 : INFO : SwitchController : <<<<<<< 's_right_magna' active >>>>>>>
2025-04-27 21:32:25,734 : INFO : EventManager : Event: ======'s_right_magna_active'====== Args={}
2025-04-27 21:32:25,734 : INFO : EventManager : Event: ======'machine_var_audits_switches_s_right_magna'====== Args={'value': 6, 'prev_value': 5, 'change': 1}
2025-04-27 21:32:25,735 : INFO : coil.c_right_magna : Enabling Driver with power 0.375 (pulse_ms 100ms and pulse_power 1.0)
2025-04-27 21:32:25,735 : INFO : EventManager : Event: ======'magnet_magnet_r_grabbing_ball'====== Args={}
2025-04-27 21:32:26,188 : INFO : ball_device.bd_plunger : State: failed_confirm
2025-04-27 21:32:26,188 : INFO : ball_device.bd_plunger : Got timeout (10.0s) before confirm from <playfield.playfield>
2025-04-27 21:32:26,235 : INFO : SwitchController : <<<<<<< 's_right_magna' inactive >>>>>>>
2025-04-27 21:32:26,235 : INFO : EventManager : Event: ======'s_right_magna_inactive'====== Args={}
2025-04-27 21:32:26,235 : INFO : EventManager : Event: ======'magnet_magnet_r_releasing_ball'====== Args={}
2025-04-27 21:32:26,235 : INFO : coil.c_right_magna : Disabling Driver
2025-04-27 21:32:26,282 : INFO : ball_device.bd_plunger : Confirming eject because target is playfield and ball did not return.
2025-04-27 21:32:26,282 : INFO : ball_device.bd_plunger : Eject successful
2025-04-27 21:32:26,282 : INFO : EventManager : Event: ======'balldevice_bd_plunger_ball_eject_success'====== Args={'balls': 1, 'target': <playfield.playfield>}
2025-04-27 21:32:26,282 : INFO : EventManager : Event: ======'balldevice_playfield_ball_enter'====== Args={'new_balls': 1, 'unclaimed_balls': 1, 'device': <playfield.playfield>}
2025-04-27 21:32:26,282 : INFO : EventManager : Event: ======'playfield_ball_count_change'====== Args={'balls': 1, 'change': 1}
2025-04-27 21:32:26,283 : INFO : EventManager : Event: ======'balldevice_bd_plunger_ball_count_changed'====== Args={'balls': 0}
2025-04-27 21:32:26,283 : INFO : ball_device.bd_plunger : State: idle
2025-04-27 21:32:26,735 : INFO : EventManager : Event: ======'magnet_magnet_r_released_ball'====== Args={}
2025-04-27 21:32:27,001 : INFO : SwitchController : <<<<<<< 's_left_magna' active >>>>>>>
2025-04-27 21:32:27,001 : INFO : EventManager : Event: ======'s_left_magna_active'====== Args={}
2025-04-27 21:32:27,001 : INFO : EventManager : Event: ======'machine_var_audits_switches_s_left_magna'====== Args={'value': 1, 'prev_value': 0, 'change': 1}
2025-04-27 21:32:27,001 : INFO : coil.c_left_magna : Enabling Driver with power 0.375 (pulse_ms 100ms and pulse_power 1.0)
2025-04-27 21:32:27,001 : INFO : EventManager : Event: ======'magnet_magnet_l_grabbing_ball'====== Args={}
2025-04-27 21:32:27,235 : INFO : EventManager : Event: ======'magnet_magnet_r_grabbed_ball'====== Args={}
2025-04-27 21:32:27,470 : INFO : SwitchController : <<<<<<< 's_left_magna' inactive >>>>>>>
2025-04-27 21:32:27,470 : INFO : EventManager : Event: ======'s_left_magna_inactive'====== Args={}
2025-04-27 21:32:27,470 : INFO : EventManager : Event: ======'magnet_magnet_l_releasing_ball'====== Args={}
2025-04-27 21:32:27,470 : INFO : coil.c_left_magna : Disabling Driver
2025-04-27 21:32:27,780 : INFO : SwitchController : <<<<<<< 's_left_flipper' active >>>>>>>
2025-04-27 21:32:27,780 : INFO : EventManager : Event: ======'machine_var_audits_switches_s_left_flipper'====== Args={'value': 2, 'prev_value': 1, 'change': 1}
2025-04-27 21:32:27,981 : INFO : EventManager : Event: ======'magnet_magnet_l_released_ball'====== Args={}
2025-04-27 21:32:28,027 : INFO : SwitchController : <<<<<<< 's_left_flipper' inactive >>>>>>>
2025-04-27 21:32:28,200 : INFO : SwitchController : <<<<<<< 's_left_flipper' active >>>>>>>
2025-04-27 21:32:28,200 : INFO : EventManager : Event: ======'machine_var_audits_switches_s_left_flipper'====== Args={'value': 3, 'prev_value': 2, 'change': 1}
2025-04-27 21:32:28,371 : INFO : SwitchController : <<<<<<< 's_left_flipper' inactive >>>>>>>
2025-04-27 21:32:28,497 : INFO : EventManager : Event: ======'magnet_magnet_l_grabbed_ball'====== Args={}
2025-04-27 21:32:28,715 : INFO : SwitchController : <<<<<<< 's_left_magna' active >>>>>>>
2025-04-27 21:32:28,715 : INFO : EventManager : Event: ======'s_left_magna_active'====== Args={}
2025-04-27 21:32:28,715 : INFO : EventManager : Event: ======'machine_var_audits_switches_s_left_magna'====== Args={'value': 2, 'prev_value': 1, 'change': 1}
2025-04-27 21:32:28,716 : INFO : coil.c_left_magna : Enabling Driver with power 0.375 (pulse_ms 100ms and pulse_power 1.0)
2025-04-27 21:32:28,716 : INFO : EventManager : Event: ======'magnet_magnet_l_grabbing_ball'====== Args={}
2025-04-27 21:32:29,382 : INFO : SwitchController : <<<<<<< 's_left_magna' inactive >>>>>>>
2025-04-27 21:32:29,382 : INFO : EventManager : Event: ======'s_left_magna_inactive'====== Args={}
2025-04-27 21:32:29,382 : INFO : EventManager : Event: ======'magnet_magnet_l_releasing_ball'====== Args={}
2025-04-27 21:32:29,382 : INFO : coil.c_left_magna : Disabling Driver
2025-04-27 21:32:29,864 : INFO : EventManager : Event: ======'magnet_magnet_l_released_ball'====== Args={}
2025-04-27 21:32:29,973 : INFO : SwitchController : <<<<<<< 's_left_magna' active >>>>>>>
2025-04-27 21:32:29,973 : INFO : EventManager : Event: ======'s_left_magna_active'====== Args={}
2025-04-27 21:32:29,973 : INFO : EventManager : Event: ======'machine_var_audits_switches_s_left_magna'====== Args={'value': 3, 'prev_value': 2, 'change': 1}
2025-04-27 21:32:29,973 : INFO : coil.c_left_magna : Enabling Driver with power 0.375 (pulse_ms 100ms and pulse_power 1.0)
2025-04-27 21:32:29,974 : INFO : EventManager : Event: ======'magnet_magnet_l_grabbing_ball'====== Args={}
2025-04-27 21:32:30,191 : INFO : EventManager : Event: ======'magnet_magnet_l_grabbed_ball'====== Args={}
2025-04-27 21:32:30,207 : INFO : SwitchController : <<<<<<< 's_left_magna' inactive >>>>>>>
2025-04-27 21:32:30,207 : INFO : EventManager : Event: ======'s_left_magna_inactive'====== Args={}
2025-04-27 21:32:30,207 : INFO : EventManager : Event: ======'magnet_magnet_l_releasing_ball'====== Args={}
2025-04-27 21:32:30,207 : INFO : coil.c_left_magna : Disabling Driver
2025-04-27 21:32:30,331 : INFO : SwitchController : <<<<<<< 's_left_magna' active >>>>>>>
2025-04-27 21:32:30,331 : INFO : EventManager : Event: ======'s_left_magna_active'====== Args={}
2025-04-27 21:32:30,331 : INFO : EventManager : Event: ======'machine_var_audits_switches_s_left_magna'====== Args={'value': 4, 'prev_value': 3, 'change': 1}
2025-04-27 21:32:30,549 : INFO : SwitchController : <<<<<<< 's_left_magna' inactive >>>>>>>
2025-04-27 21:32:30,549 : INFO : EventManager : Event: ======'s_left_magna_inactive'====== Args={}
2025-04-27 21:32:30,641 : INFO : SwitchController : <<<<<<< 's_left_magna' active >>>>>>>
2025-04-27 21:32:30,641 : INFO : EventManager : Event: ======'s_left_magna_active'====== Args={}
2025-04-27 21:32:30,641 : INFO : EventManager : Event: ======'machine_var_audits_switches_s_left_magna'====== Args={'value': 5, 'prev_value': 4, 'change': 1}
2025-04-27 21:32:30,688 : INFO : EventManager : Event: ======'magnet_magnet_l_released_ball'====== Args={}
2025-04-27 21:32:31,293 : INFO : SwitchController : <<<<<<< 's_left_magna' inactive >>>>>>>
2025-04-27 21:32:31,293 : INFO : EventManager : Event: ======'s_left_magna_inactive'====== Args={}
2025-04-27 21:32:31,479 : INFO : EventManager : Event: ======'magnet_magnet_l_grabbed_ball'====== Args={}
2025-04-27 21:32:31,696 : INFO : SwitchController : <<<<<<< 's_left_flipper' active >>>>>>>
2025-04-27 21:32:31,696 : INFO : EventManager : Event: ======'machine_var_audits_switches_s_left_flipper'====== Args={'value': 4, 'prev_value': 3, 'change': 1}
2025-04-27 21:32:31,883 : INFO : SwitchController : <<<<<<< 's_left_flipper' inactive >>>>>>>
2025-04-27 21:32:33,119 : INFO : SwitchController : <<<<<<< 's_door_tilt' active >>>>>>>
2025-04-27 21:32:33,120 : INFO : EventManager : Event: ======'machine_var_audits_switches_s_door_tilt'====== Args={'value': 1, 'prev_value': 0, 'change': 1}
2025-04-27 21:32:33,132 : INFO : SwitchController : <<<<<<< 's_door_tilt' inactive >>>>>>>
2025-04-27 21:32:33,195 : INFO : SwitchController : <<<<<<< 's_door' active >>>>>>>
2025-04-27 21:32:33,195 : INFO : EventManager : Event: ======'machine_var_audits_switches_s_door'====== Args={'value': 1, 'prev_value': 0, 'change': 1}
2025-04-27 21:32:33,211 : INFO : SwitchController : <<<<<<< 's_door_tilt' active >>>>>>>
2025-04-27 21:32:33,211 : INFO : EventManager : Event: ======'machine_var_audits_switches_s_door_tilt'====== Args={'value': 2, 'prev_value': 1, 'change': 1}
2025-04-27 21:32:33,211 : INFO : SwitchController : <<<<<<< 's_door_tilt' inactive >>>>>>>
2025-04-27 21:32:38,105 : INFO : SwitchController : <<<<<<< 's_door' inactive >>>>>>>
2025-04-27 21:32:38,169 : INFO : SwitchController : <<<<<<< 's_door_tilt' active >>>>>>>
2025-04-27 21:32:38,169 : INFO : EventManager : Event: ======'machine_var_audits_switches_s_door_tilt'====== Args={'value': 3, 'prev_value': 2, 'change': 1}
2025-04-27 21:32:38,169 : INFO : SwitchController : <<<<<<< 's_door_tilt' inactive >>>>>>>
2025-04-27 21:32:39,140 : INFO : SwitchController : <<<<<<< 's_door_tilt' active >>>>>>>
2025-04-27 21:32:39,140 : INFO : EventManager : Event: ======'machine_var_audits_switches_s_door_tilt'====== Args={'value': 4, 'prev_value': 3, 'change': 1}
2025-04-27 21:32:39,140 : INFO : SwitchController : <<<<<<< 's_door_tilt' inactive >>>>>>>
2025-04-27 21:32:39,652 : INFO : SwitchController : <<<<<<< 's_right_magna' active >>>>>>>
2025-04-27 21:32:39,652 : INFO : EventManager : Event: ======'s_right_magna_active'====== Args={}
2025-04-27 21:32:39,652 : INFO : EventManager : Event: ======'machine_var_audits_switches_s_right_magna'====== Args={'value': 7, 'prev_value': 6, 'change': 1}
2025-04-27 21:32:39,652 : INFO : coil.c_right_magna : Enabling Driver with power 0.375 (pulse_ms 100ms and pulse_power 1.0)
2025-04-27 21:32:39,653 : INFO : EventManager : Event: ======'magnet_magnet_r_grabbing_ball'====== Args={}
2025-04-27 21:32:40,086 : INFO : SwitchController : <<<<<<< 's_right_magna' inactive >>>>>>>
2025-04-27 21:32:40,086 : INFO : EventManager : Event: ======'s_right_magna_inactive'====== Args={}
2025-04-27 21:32:40,086 : INFO : EventManager : Event: ======'magnet_magnet_r_releasing_ball'====== Args={}
2025-04-27 21:32:40,086 : INFO : coil.c_right_magna : Disabling Driver
2025-04-27 21:32:40,429 : INFO : SwitchController : <<<<<<< 's_right_magna' active >>>>>>>
2025-04-27 21:32:40,429 : INFO : EventManager : Event: ======'s_right_magna_active'====== Args={}
2025-04-27 21:32:40,429 : INFO : EventManager : Event: ======'machine_var_audits_switches_s_right_magna'====== Args={'value': 8, 'prev_value': 7, 'change': 1}
2025-04-27 21:32:40,567 : INFO : EventManager : Event: ======'magnet_magnet_r_released_ball'====== Args={}
2025-04-27 21:32:41,144 : INFO : EventManager : Event: ======'magnet_magnet_r_grabbed_ball'====== Args={}
2025-04-27 21:32:41,160 : INFO : SwitchController : <<<<<<< 's_right_magna' inactive >>>>>>>
2025-04-27 21:32:41,160 : INFO : EventManager : Event: ======'s_right_magna_inactive'====== Args={}
2025-04-27 21:32:41,441 : INFO : SwitchController : <<<<<<< 's_right_magna' active >>>>>>>
2025-04-27 21:32:41,441 : INFO : EventManager : Event: ======'s_right_magna_active'====== Args={}
2025-04-27 21:32:41,441 : INFO : EventManager : Event: ======'machine_var_audits_switches_s_right_magna'====== Args={'value': 9, 'prev_value': 8, 'change': 1}
2025-04-27 21:32:41,441 : INFO : coil.c_right_magna : Enabling Driver with power 0.375 (pulse_ms 100ms and pulse_power 1.0)
2025-04-27 21:32:41,442 : INFO : EventManager : Event: ======'magnet_magnet_r_grabbing_ball'====== Args={}
2025-04-27 21:32:42,173 : INFO : SwitchController : <<<<<<< 's_right_magna' inactive >>>>>>>
2025-04-27 21:32:42,173 : INFO : EventManager : Event: ======'s_right_magna_inactive'====== Args={}
2025-04-27 21:32:42,173 : INFO : EventManager : Event: ======'magnet_magnet_r_releasing_ball'====== Args={}
2025-04-27 21:32:42,173 : INFO : coil.c_right_magna : Disabling Driver
2025-04-27 21:32:42,563 : INFO : SwitchController : <<<<<<< 's_left_magna' active >>>>>>>
2025-04-27 21:32:42,563 : INFO : EventManager : Event: ======'s_left_magna_active'====== Args={}
2025-04-27 21:32:42,563 : INFO : EventManager : Event: ======'machine_var_audits_switches_s_left_magna'====== Args={'value': 6, 'prev_value': 5, 'change': 1}
2025-04-27 21:32:42,564 : INFO : coil.c_left_magna : Enabling Driver with power 0.375 (pulse_ms 100ms and pulse_power 1.0)
2025-04-27 21:32:42,564 : INFO : EventManager : Event: ======'magnet_magnet_l_grabbing_ball'====== Args={}
2025-04-27 21:32:42,658 : INFO : EventManager : Event: ======'magnet_magnet_r_released_ball'====== Args={}
2025-04-27 21:32:42,936 : INFO : EventManager : Event: ======'magnet_magnet_r_grabbed_ball'====== Args={}
2025-04-27 21:32:43,359 : INFO : SwitchController : <<<<<<< 's_left_magna' inactive >>>>>>>
2025-04-27 21:32:43,359 : INFO : EventManager : Event: ======'s_left_magna_inactive'====== Args={}
2025-04-27 21:32:43,359 : INFO : EventManager : Event: ======'magnet_magnet_l_releasing_ball'====== Args={}
2025-04-27 21:32:43,359 : INFO : coil.c_left_magna : Disabling Driver
2025-04-27 21:32:43,610 : INFO : SwitchController : <<<<<<< 's_right_magna' active >>>>>>>
2025-04-27 21:32:43,610 : INFO : EventManager : Event: ======'s_right_magna_active'====== Args={}
2025-04-27 21:32:43,610 : INFO : EventManager : Event: ======'machine_var_audits_switches_s_right_magna'====== Args={'value': 10, 'prev_value': 9, 'change': 1}
2025-04-27 21:32:43,611 : INFO : coil.c_right_magna : Enabling Driver with power 0.375 (pulse_ms 100ms and pulse_power 1.0)
2025-04-27 21:32:43,611 : INFO : EventManager : Event: ======'magnet_magnet_r_grabbing_ball'====== Args={}
2025-04-27 21:32:43,873 : INFO : EventManager : Event: ======'magnet_magnet_l_released_ball'====== Args={}
2025-04-27 21:32:44,043 : INFO : SwitchController : <<<<<<< 's_right_magna' inactive >>>>>>>
2025-04-27 21:32:44,043 : INFO : EventManager : Event: ======'s_right_magna_inactive'====== Args={}
2025-04-27 21:32:44,043 : INFO : EventManager : Event: ======'magnet_magnet_r_releasing_ball'====== Args={}
2025-04-27 21:32:44,043 : INFO : coil.c_right_magna : Disabling Driver
2025-04-27 21:32:44,075 : INFO : EventManager : Event: ======'magnet_magnet_l_grabbed_ball'====== Args={}
2025-04-27 21:32:44,218 : INFO : SwitchController : <<<<<<< 's_left_flipper' active >>>>>>>
2025-04-27 21:32:44,218 : INFO : EventManager : Event: ======'machine_var_audits_switches_s_left_flipper'====== Args={'value': 5, 'prev_value': 4, 'change': 1}
2025-04-27 21:32:44,467 : INFO : SwitchController : <<<<<<< 's_left_flipper' inactive >>>>>>>
2025-04-27 21:32:44,545 : INFO : EventManager : Event: ======'magnet_magnet_r_released_ball'====== Args={}
2025-04-27 21:32:44,625 : INFO : SwitchController : <<<<<<< 's_right_flipper' active >>>>>>>
2025-04-27 21:32:44,625 : INFO : EventManager : Event: ======'machine_var_audits_switches_s_right_flipper'====== Args={'value': 17, 'prev_value': 16, 'change': 1}
2025-04-27 21:32:44,923 : INFO : SwitchController : <<<<<<< 's_right_flipper' inactive >>>>>>>
2025-04-27 21:32:45,114 : INFO : EventManager : Event: ======'magnet_magnet_r_grabbed_ball'====== Args={}
2025-04-27 21:32:45,206 : INFO : SwitchController : <<<<<<< 's_left_flipper' active >>>>>>>
2025-04-27 21:32:45,206 : INFO : EventManager : Event: ======'machine_var_audits_switches_s_left_flipper'====== Args={'value': 6, 'prev_value': 5, 'change': 1}
2025-04-27 21:32:45,454 : INFO : SwitchController : <<<<<<< 's_left_flipper' inactive >>>>>>>
2025-04-27 21:32:45,608 : INFO : SwitchController : <<<<<<< 's_right_flipper' active >>>>>>>
2025-04-27 21:32:45,608 : INFO : EventManager : Event: ======'machine_var_audits_switches_s_right_flipper'====== Args={'value': 18, 'prev_value': 17, 'change': 1}
2025-04-27 21:32:45,781 : INFO : SwitchController : <<<<<<< 's_right_flipper' inactive >>>>>>>
2025-04-27 21:32:47,988 : INFO : SwitchController : <<<<<<< 's_bottom_right_vuk' active >>>>>>>
2025-04-27 21:32:47,988 : INFO : EventManager : Event: ======'machine_var_audits_switches_s_bottom_right_vuk'====== Args={'value': 1, 'prev_value': 0, 'change': 1}
2025-04-27 21:32:48,485 : INFO : EventManager : Event: ======'balldevice_bd_scoop1_ball_count_changed'====== Args={'balls': 1}
2025-04-27 21:32:48,485 : INFO : ball_device.bd_scoop1 : Received unexpected ball
2025-04-27 21:32:48,485 : INFO : EventManager : Event: ======'balldevice_captured_from_playfield'====== Args={'balls': 1}
2025-04-27 21:32:48,485 : INFO : EventManager : Event: ======'sw_playfield_active'====== Args={'balls': 1}
2025-04-27 21:32:48,485 : INFO : EventManager : Event: ======'playfield_ball_count_change'====== Args={'balls': 0, 'change': -1}
2025-04-27 21:32:48,486 : INFO : EventManager : Event: ======'balldevice_bd_scoop1_ball_enter'====== Args={'new_balls': 1, 'unclaimed_balls': 1, 'new_available_balls': 1, 'device': <ball_device.bd_scoop1>}
2025-04-27 21:32:48,486 : INFO : ball_device.bd_scoop1 : Ejecting 1 unexpected balls using path deque([<ball_device.bd_scoop1>, <playfield.playfield>])
2025-04-27 21:32:48,486 : INFO : EventManager : Event: ======'balldevice_balls_available'====== Args={}
2025-04-27 21:32:48,486 : INFO : EventManager : Event: ======'balldevice_balls_available'====== Args={}
2025-04-27 21:32:48,486 : INFO : EventManager : Event: ======'balldevice_bd_scoop1_ball_entered'====== Args={'new_balls': 1, 'device': <ball_device.bd_scoop1>}
2025-04-27 21:32:48,487 : INFO : ball_device.bd_scoop1 : State: waiting_for_target_ready
2025-04-27 21:32:48,487 : INFO : EventManager : Event: ======'balldevice_bd_scoop1_ball_eject_attempt'====== Args={'balls': 1, 'target': <playfield.playfield>, 'source': <ball_device.bd_scoop1>, 'mechanical_eject': False, 'num_attempts': 0}
2025-04-27 21:32:48,487 : INFO : ball_device.bd_scoop1 : State: ejecting
2025-04-27 21:32:48,487 : INFO : ball_device.bd_scoop1 : Ejecting ball to <playfield.playfield>
2025-04-27 21:32:48,487 : INFO : EventManager : Event: ======'balldevice_bd_scoop1_ejecting_ball'====== Args={'balls': 1, 'target': <playfield.playfield>, 'source': <ball_device.bd_scoop1>, 'mechanical_eject': False, 'num_attempts': 0}
2025-04-27 21:32:48,487 : INFO : ball_device.bd_scoop1 : Wait for ball to leave device
2025-04-27 21:32:48,488 : INFO : coil.c_bottom_right_vuk_eject : Pulsing Driver for 80ms (1.0 pulse_power)
2025-04-27 21:32:48,674 : INFO : SwitchController : <<<<<<< 's_bottom_right_vuk' inactive >>>>>>>
2025-04-27 21:32:48,678 : INFO : ball_device.bd_scoop1 : State: ball_left
2025-04-27 21:32:48,678 : INFO : ball_device.bd_scoop1 : Ball left
2025-04-27 21:32:48,678 : INFO : ball_device.bd_scoop1 : Wait for confirm with timeout 1.0
2025-04-27 21:32:48,690 : INFO : SwitchController : <<<<<<< 's_bottom_right_vuk' active >>>>>>>
2025-04-27 21:32:48,690 : INFO : EventManager : Event: ======'machine_var_audits_switches_s_bottom_right_vuk'====== Args={'value': 2, 'prev_value': 1, 'change': 1}
2025-04-27 21:32:48,706 : INFO : SwitchController : <<<<<<< 's_bottom_right_vuk' inactive >>>>>>>
2025-04-27 21:32:49,658 : INFO : ball_device.bd_scoop1 : State: failed_confirm
2025-04-27 21:32:49,658 : INFO : ball_device.bd_scoop1 : Got timeout (1.0s) before confirm from <playfield.playfield>
2025-04-27 21:32:49,752 : INFO : ball_device.bd_scoop1 : Confirming eject because target is playfield and ball did not return.
2025-04-27 21:32:49,752 : INFO : ball_device.bd_scoop1 : Eject successful
2025-04-27 21:32:49,752 : INFO : EventManager : Event: ======'balldevice_bd_scoop1_ball_eject_success'====== Args={'balls': 1, 'target': <playfield.playfield>}
2025-04-27 21:32:49,752 : INFO : EventManager : Event: ======'balldevice_playfield_ball_enter'====== Args={'new_balls': 1, 'unclaimed_balls': 1, 'device': <playfield.playfield>}
2025-04-27 21:32:49,752 : INFO : EventManager : Event: ======'playfield_ball_count_change'====== Args={'balls': 1, 'change': 1}
2025-04-27 21:32:49,753 : INFO : EventManager : Event: ======'balldevice_bd_scoop1_ball_count_changed'====== Args={'balls': 0}
2025-04-27 21:32:49,753 : INFO : ball_device.bd_scoop1 : State: idle
2025-04-27 21:32:52,030 : INFO : SwitchController : <<<<<<< 's_bottom_right_vuk' active >>>>>>>
2025-04-27 21:32:52,030 : INFO : EventManager : Event: ======'machine_var_audits_switches_s_bottom_right_vuk'====== Args={'value': 3, 'prev_value': 2, 'change': 1}
2025-04-27 21:32:52,530 : INFO : EventManager : Event: ======'balldevice_bd_scoop1_ball_count_changed'====== Args={'balls': 1}
2025-04-27 21:32:52,530 : INFO : ball_device.bd_scoop1 : Received unexpected ball
2025-04-27 21:32:52,530 : INFO : EventManager : Event: ======'balldevice_captured_from_playfield'====== Args={'balls': 1}
2025-04-27 21:32:52,530 : INFO : EventManager : Event: ======'sw_playfield_active'====== Args={'balls': 1}
2025-04-27 21:32:52,530 : INFO : EventManager : Event: ======'playfield_ball_count_change'====== Args={'balls': 0, 'change': -1}
2025-04-27 21:32:52,531 : INFO : EventManager : Event: ======'balldevice_bd_scoop1_ball_enter'====== Args={'new_balls': 1, 'unclaimed_balls': 1, 'new_available_balls': 1, 'device': <ball_device.bd_scoop1>}
2025-04-27 21:32:52,531 : INFO : ball_device.bd_scoop1 : Ejecting 1 unexpected balls using path deque([<ball_device.bd_scoop1>, <playfield.playfield>])
2025-04-27 21:32:52,531 : INFO : EventManager : Event: ======'balldevice_balls_available'====== Args={}
2025-04-27 21:32:52,531 : INFO : EventManager : Event: ======'balldevice_balls_available'====== Args={}
2025-04-27 21:32:52,531 : INFO : EventManager : Event: ======'balldevice_bd_scoop1_ball_entered'====== Args={'new_balls': 1, 'device': <ball_device.bd_scoop1>}
2025-04-27 21:32:52,532 : INFO : ball_device.bd_scoop1 : State: waiting_for_target_ready
2025-04-27 21:32:52,532 : INFO : EventManager : Event: ======'balldevice_bd_scoop1_ball_eject_attempt'====== Args={'balls': 1, 'target': <playfield.playfield>, 'source': <ball_device.bd_scoop1>, 'mechanical_eject': False, 'num_attempts': 0}
2025-04-27 21:32:52,532 : INFO : ball_device.bd_scoop1 : State: ejecting
2025-04-27 21:32:52,532 : INFO : ball_device.bd_scoop1 : Ejecting ball to <playfield.playfield>
2025-04-27 21:32:52,532 : INFO : EventManager : Event: ======'balldevice_bd_scoop1_ejecting_ball'====== Args={'balls': 1, 'target': <playfield.playfield>, 'source': <ball_device.bd_scoop1>, 'mechanical_eject': False, 'num_attempts': 0}
2025-04-27 21:32:52,532 : INFO : ball_device.bd_scoop1 : Wait for ball to leave device
2025-04-27 21:32:52,532 : INFO : coil.c_bottom_right_vuk_eject : Pulsing Driver for 80ms (1.0 pulse_power)
2025-04-27 21:32:52,716 : INFO : SwitchController : <<<<<<< 's_bottom_right_vuk' inactive >>>>>>>
2025-04-27 21:32:52,720 : INFO : ball_device.bd_scoop1 : State: ball_left
2025-04-27 21:32:52,720 : INFO : ball_device.bd_scoop1 : Ball left
2025-04-27 21:32:52,721 : INFO : ball_device.bd_scoop1 : Wait for confirm with timeout 1.0
2025-04-27 21:32:52,732 : INFO : SwitchController : <<<<<<< 's_bottom_right_vuk' active >>>>>>>
2025-04-27 21:32:52,732 : INFO : EventManager : Event: ======'machine_var_audits_switches_s_bottom_right_vuk'====== Args={'value': 4, 'prev_value': 3, 'change': 1}
2025-04-27 21:32:52,747 : INFO : SwitchController : <<<<<<< 's_bottom_right_vuk' inactive >>>>>>>
2025-04-27 21:32:53,730 : INFO : ball_device.bd_scoop1 : State: failed_confirm
2025-04-27 21:32:53,730 : INFO : ball_device.bd_scoop1 : Got timeout (1.0s) before confirm from <playfield.playfield>
2025-04-27 21:32:53,822 : INFO : ball_device.bd_scoop1 : Confirming eject because target is playfield and ball did not return.
2025-04-27 21:32:53,822 : INFO : ball_device.bd_scoop1 : Eject successful
2025-04-27 21:32:53,822 : INFO : EventManager : Event: ======'balldevice_bd_scoop1_ball_eject_success'====== Args={'balls': 1, 'target': <playfield.playfield>}
2025-04-27 21:32:53,822 : INFO : EventManager : Event: ======'balldevice_playfield_ball_enter'====== Args={'new_balls': 1, 'unclaimed_balls': 1, 'device': <playfield.playfield>}
2025-04-27 21:32:53,822 : INFO : EventManager : Event: ======'playfield_ball_count_change'====== Args={'balls': 1, 'change': 1}
2025-04-27 21:32:53,822 : INFO : EventManager : Event: ======'balldevice_bd_scoop1_ball_count_changed'====== Args={'balls': 0}
2025-04-27 21:32:53,822 : INFO : ball_device.bd_scoop1 : State: idle
2025-04-27 21:33:00,555 : INFO : SwitchController : <<<<<<< 's_holly_l' active >>>>>>>
2025-04-27 21:33:00,555 : INFO : EventManager : Event: ======'machine_var_audits_switches_s_holly_l'====== Args={'value': 1, 'prev_value': 0, 'change': 1}
2025-04-27 21:33:00,555 : INFO : SwitchController : <<<<<<< 's_holly_o' active >>>>>>>
2025-04-27 21:33:00,555 : INFO : EventManager : Event: ======'machine_var_audits_switches_s_holly_o'====== Args={'value': 1, 'prev_value': 0, 'change': 1}
2025-04-27 21:33:00,556 : INFO : SwitchController : <<<<<<< 's_holly_l' inactive >>>>>>>
2025-04-27 21:33:00,556 : INFO : SwitchController : <<<<<<< 's_holly_o' inactive >>>>>>>
2025-04-27 21:33:04,140 : INFO : SwitchController : <<<<<<< 's_nakatomi' active >>>>>>>
2025-04-27 21:33:04,140 : INFO : EventManager : Event: ======'machine_var_audits_switches_s_nakatomi'====== Args={'value': 1, 'prev_value': 0, 'change': 1}
2025-04-27 21:33:04,635 : INFO : EventManager : Event: ======'balldevice_bd_scoop4_ball_count_changed'====== Args={'balls': 1}
2025-04-27 21:33:04,635 : INFO : ball_device.bd_scoop4 : Received unexpected ball
2025-04-27 21:33:04,636 : INFO : EventManager : Event: ======'balldevice_captured_from_playfield'====== Args={'balls': 1}
2025-04-27 21:33:04,636 : INFO : EventManager : Event: ======'sw_playfield_active'====== Args={'balls': 1}
2025-04-27 21:33:04,636 : INFO : EventManager : Event: ======'playfield_ball_count_change'====== Args={'balls': 0, 'change': -1}
2025-04-27 21:33:04,636 : INFO : EventManager : Event: ======'balldevice_bd_scoop4_ball_enter'====== Args={'new_balls': 1, 'unclaimed_balls': 1, 'new_available_balls': 1, 'device': <ball_device.bd_scoop4>}
2025-04-27 21:33:04,637 : INFO : ball_device.bd_scoop4 : Ejecting 1 unexpected balls using path deque([<ball_device.bd_scoop4>, <playfield.playfield>])
2025-04-27 21:33:04,637 : INFO : EventManager : Event: ======'balldevice_balls_available'====== Args={}
2025-04-27 21:33:04,637 : INFO : EventManager : Event: ======'balldevice_balls_available'====== Args={}
2025-04-27 21:33:04,637 : INFO : EventManager : Event: ======'balldevice_bd_scoop4_ball_entered'====== Args={'new_balls': 1, 'device': <ball_device.bd_scoop4>}
2025-04-27 21:33:04,637 : INFO : ball_device.bd_scoop4 : State: waiting_for_target_ready
2025-04-27 21:33:04,637 : INFO : EventManager : Event: ======'balldevice_bd_scoop4_ball_eject_attempt'====== Args={'balls': 1, 'target': <playfield.playfield>, 'source': <ball_device.bd_scoop4>, 'mechanical_eject': False, 'num_attempts': 0}
2025-04-27 21:33:04,638 : INFO : ball_device.bd_scoop4 : State: ejecting
2025-04-27 21:33:04,638 : INFO : ball_device.bd_scoop4 : Ejecting ball to <playfield.playfield>
2025-04-27 21:33:04,638 : INFO : EventManager : Event: ======'balldevice_bd_scoop4_ejecting_ball'====== Args={'balls': 1, 'target': <playfield.playfield>, 'source': <ball_device.bd_scoop4>, 'mechanical_eject': False, 'num_attempts': 0}
2025-04-27 21:33:04,638 : INFO : ball_device.bd_scoop4 : Wait for ball to leave device
2025-04-27 21:33:04,638 : INFO : coil.c_nakatomi : Pulsing Driver for 15ms (1.0 pulse_power)
2025-04-27 21:33:04,697 : INFO : SwitchController : <<<<<<< 's_nakatomi' inactive >>>>>>>
2025-04-27 21:33:04,700 : INFO : ball_device.bd_scoop4 : State: ball_left
2025-04-27 21:33:04,700 : INFO : ball_device.bd_scoop4 : Ball left
2025-04-27 21:33:04,700 : INFO : ball_device.bd_scoop4 : Wait for confirm with timeout 1.0
2025-04-27 21:33:05,694 : INFO : ball_device.bd_scoop4 : State: failed_confirm
2025-04-27 21:33:05,694 : INFO : ball_device.bd_scoop4 : Got timeout (1.0s) before confirm from <playfield.playfield>
2025-04-27 21:33:05,787 : INFO : ball_device.bd_scoop4 : Confirming eject because target is playfield and ball did not return.
2025-04-27 21:33:05,787 : INFO : ball_device.bd_scoop4 : Eject successful
2025-04-27 21:33:05,787 : INFO : EventManager : Event: ======'balldevice_bd_scoop4_ball_eject_success'====== Args={'balls': 1, 'target': <playfield.playfield>}
2025-04-27 21:33:05,787 : INFO : EventManager : Event: ======'balldevice_playfield_ball_enter'====== Args={'new_balls': 1, 'unclaimed_balls': 1, 'device': <playfield.playfield>}
2025-04-27 21:33:05,787 : INFO : EventManager : Event: ======'playfield_ball_count_change'====== Args={'balls': 1, 'change': 1}
2025-04-27 21:33:05,788 : INFO : EventManager : Event: ======'balldevice_bd_scoop4_ball_count_changed'====== Args={'balls': 0}
2025-04-27 21:33:05,788 : INFO : ball_device.bd_scoop4 : State: idle
2025-04-27 21:33:05,897 : INFO : SwitchController : <<<<<<< 's_left_magna' active >>>>>>>
2025-04-27 21:33:05,897 : INFO : EventManager : Event: ======'s_left_magna_active'====== Args={}
2025-04-27 21:33:05,897 : INFO : EventManager : Event: ======'machine_var_audits_switches_s_left_magna'====== Args={'value': 7, 'prev_value': 6, 'change': 1}
2025-04-27 21:33:05,898 : INFO : coil.c_left_magna : Enabling Driver with power 0.375 (pulse_ms 100ms and pulse_power 1.0)
2025-04-27 21:33:05,898 : INFO : EventManager : Event: ======'magnet_magnet_l_grabbing_ball'====== Args={}
2025-04-27 21:33:06,119 : INFO : SwitchController : <<<<<<< 's_left_flipper' active >>>>>>>
2025-04-27 21:33:06,119 : INFO : EventManager : Event: ======'machine_var_audits_switches_s_left_flipper'====== Args={'value': 7, 'prev_value': 6, 'change': 1}
2025-04-27 21:33:06,163 : INFO : SwitchController : <<<<<<< 's_left_magna' inactive >>>>>>>
2025-04-27 21:33:06,163 : INFO : EventManager : Event: ======'s_left_magna_inactive'====== Args={}
2025-04-27 21:33:06,163 : INFO : EventManager : Event: ======'magnet_magnet_l_releasing_ball'====== Args={}
2025-04-27 21:33:06,163 : INFO : coil.c_left_magna : Disabling Driver
2025-04-27 21:33:06,225 : INFO : SwitchController : <<<<<<< 's_left_flipper' inactive >>>>>>>
2025-04-27 21:33:06,661 : INFO : EventManager : Event: ======'magnet_magnet_l_released_ball'====== Args={}
2025-04-27 21:33:07,144 : INFO : SwitchController : <<<<<<< 's_left_flipper' active >>>>>>>
2025-04-27 21:33:07,144 : INFO : EventManager : Event: ======'machine_var_audits_switches_s_left_flipper'====== Args={'value': 8, 'prev_value': 7, 'change': 1}
2025-04-27 21:33:07,239 : INFO : SwitchController : <<<<<<< 's_door' active >>>>>>>
2025-04-27 21:33:07,239 : INFO : EventManager : Event: ======'machine_var_audits_switches_s_door'====== Args={'value': 2, 'prev_value': 1, 'change': 1}
2025-04-27 21:33:07,380 : INFO : SwitchController : <<<<<<< 's_left_flipper' inactive >>>>>>>
2025-04-27 21:33:07,398 : INFO : EventManager : Event: ======'magnet_magnet_l_grabbed_ball'====== Args={}
2025-04-27 21:33:07,643 : INFO : SwitchController : <<<<<<< 's_left_flipper' active >>>>>>>
2025-04-27 21:33:07,643 : INFO : EventManager : Event: ======'machine_var_audits_switches_s_left_flipper'====== Args={'value': 9, 'prev_value': 8, 'change': 1}
2025-04-27 21:33:07,831 : INFO : SwitchController : <<<<<<< 's_left_flipper' inactive >>>>>>>
2025-04-27 21:33:08,019 : INFO : SwitchController : <<<<<<< 's_left_flipper' active >>>>>>>
2025-04-27 21:33:08,019 : INFO : EventManager : Event: ======'machine_var_audits_switches_s_left_flipper'====== Args={'value': 10, 'prev_value': 9, 'change': 1}
2025-04-27 21:33:08,191 : INFO : SwitchController : <<<<<<< 's_left_flipper' inactive >>>>>>>
2025-04-27 21:33:08,518 : INFO : SwitchController : <<<<<<< 's_left_flipper' active >>>>>>>
2025-04-27 21:33:08,518 : INFO : EventManager : Event: ======'machine_var_audits_switches_s_left_flipper'====== Args={'value': 11, 'prev_value': 10, 'change': 1}
2025-04-27 21:33:08,723 : INFO : SwitchController : <<<<<<< 's_door' inactive >>>>>>>
2025-04-27 21:33:08,768 : INFO : SwitchController : <<<<<<< 's_left_flipper' inactive >>>>>>>
2025-04-27 21:33:11,839 : INFO : SwitchController : <<<<<<< 's_trough6' active >>>>>>>
2025-04-27 21:33:11,839 : INFO : EventManager : Event: ======'machine_var_audits_switches_s_trough6'====== Args={'value': 1, 'prev_value': 0, 'change': 1}
2025-04-27 21:33:11,903 : INFO : SwitchController : <<<<<<< 's_trough6' inactive >>>>>>>
2025-04-27 21:33:11,935 : INFO : SwitchController : <<<<<<< 's_trough5' active >>>>>>>
2025-04-27 21:33:11,935 : INFO : EventManager : Event: ======'machine_var_audits_switches_s_trough5'====== Args={'value': 1, 'prev_value': 0, 'change': 1}
2025-04-27 21:33:11,981 : INFO : SwitchController : <<<<<<< 's_trough5' inactive >>>>>>>
2025-04-27 21:33:12,030 : INFO : SwitchController : <<<<<<< 's_trough4' active >>>>>>>
2025-04-27 21:33:12,030 : INFO : EventManager : Event: ======'machine_var_audits_switches_s_trough4'====== Args={'value': 1, 'prev_value': 0, 'change': 1}
2025-04-27 21:33:12,060 : INFO : SwitchController : <<<<<<< 's_trough4' inactive >>>>>>>
2025-04-27 21:33:12,107 : INFO : SwitchController : <<<<<<< 's_trough3' active >>>>>>>
2025-04-27 21:33:12,107 : INFO : EventManager : Event: ======'machine_var_audits_switches_s_trough3'====== Args={'value': 1, 'prev_value': 0, 'change': 1}
2025-04-27 21:33:12,138 : INFO : SwitchController : <<<<<<< 's_trough3' inactive >>>>>>>
2025-04-27 21:33:12,169 : INFO : SwitchController : <<<<<<< 's_trough2' active >>>>>>>
2025-04-27 21:33:12,169 : INFO : EventManager : Event: ======'machine_var_audits_switches_s_trough2'====== Args={'value': 1, 'prev_value': 0, 'change': 1}
2025-04-27 21:33:12,200 : INFO : SwitchController : <<<<<<< 's_trough2' inactive >>>>>>>
2025-04-27 21:33:12,231 : INFO : SwitchController : <<<<<<< 's_trough1' active >>>>>>>
2025-04-27 21:33:12,231 : INFO : EventManager : Event: ======'machine_var_audits_switches_s_trough1'====== Args={'value': 1, 'prev_value': 0, 'change': 1}
2025-04-27 21:33:12,731 : INFO : EventManager : Event: ======'balldevice_bd_trough_ball_count_changed'====== Args={'balls': 1}
2025-04-27 21:33:12,731 : INFO : ball_device.bd_trough : Received unexpected ball
2025-04-27 21:33:12,731 : INFO : EventManager : Event: ======'balldevice_captured_from_playfield'====== Args={'balls': 1}
2025-04-27 21:33:12,731 : INFO : EventManager : Event: ======'sw_playfield_active'====== Args={'balls': 1}
2025-04-27 21:33:12,731 : INFO : EventManager : Event: ======'playfield_ball_count_change'====== Args={'balls': 0, 'change': -1}
2025-04-27 21:33:12,731 : INFO : EventManager : Event: ======'balldevice_bd_trough_ball_enter'====== Args={'new_balls': 1, 'unclaimed_balls': 1, 'new_available_balls': 1, 'device': <ball_device.bd_trough>}
2025-04-27 21:33:12,732 : INFO : EventManager : Event: ======'ball_drain'====== Args={'device': <ball_device.bd_trough>, 'balls': 1}
2025-04-27 21:33:12,732 : INFO : EventManager : Event: ======'ball_will_end'====== Args={}
2025-04-27 21:33:12,732 : INFO : EventManager : Event: ======'balldevice_balls_available'====== Args={}
2025-04-27 21:33:12,732 : INFO : EventManager : Event: ======'balldevice_bd_trough_ball_entered'====== Args={'new_balls': 1, 'device': <ball_device.bd_trough>}
2025-04-27 21:33:12,732 : INFO : EventManager : Event: ======'ball_ending'====== Args={}
2025-04-27 21:33:12,733 : INFO : EventManager : Event: ======'mode_base_will_stop'====== Args={}
2025-04-27 21:33:12,733 : INFO : EventManager : Event: ======'mode_base_stopping'====== Args={}
2025-04-27 21:33:12,733 : INFO : Mode.base : Stopped.
2025-04-27 21:33:12,733 : INFO : EventManager : Event: ======'modes_active_modes_changed'====== Args={}
2025-04-27 21:33:12,733 : INFO : EventManager : Event: ======'mode_base_stopped'====== Args={}
2025-04-27 21:33:12,733 : INFO : EventManager : Event: ======'clear'====== Args={'key': 'base'}
2025-04-27 21:33:12,739 : INFO : EventManager : Event: ======'ball_ended'====== Args={}
2025-04-27 21:33:12,740 : INFO : EventManager : Event: ======'player_turn_will_end'====== Args={'player': <Player 1>, 'number': 1}
2025-04-27 21:33:12,743 : INFO : EventManager : Event: ======'player_turn_ending'====== Args={'player': <Player 1>, 'number': 1}
2025-04-27 21:33:12,743 : INFO : EventManager : Event: ======'player_turn_ended'====== Args={'player': <Player 1>, 'number': 1}
2025-04-27 21:33:12,743 : INFO : EventManager : Event: ======'player_turn_will_start'====== Args={'player': <Player 1>, 'number': 1}
2025-04-27 21:33:12,743 : INFO : EventManager : Event: ======'player_turn_starting'====== Args={'player': <Player 1>, 'number': 1}
2025-04-27 21:33:12,744 : INFO : EventManager : Event: ======'player_ball'====== Args={'value': 2, 'prev_value': 1, 'change': 1, 'player_num': 1}
2025-04-27 21:33:12,744 : INFO : EventManager : Event: ======'player_turn_started'====== Args={'player': <Player 1>, 'number': 1}
2025-04-27 21:33:12,744 : INFO : EventManager : Event: ======'ball_will_start'====== Args={'player': 1, 'ball': 2, 'balls_remaining': 1, 'is_extra_ball': False}
2025-04-27 21:33:12,747 : INFO : EventManager : Event: ======'ball_starting'====== Args={'player': 1, 'ball': 2, 'balls_remaining': 1, 'is_extra_ball': False}
2025-04-27 21:33:12,747 : INFO : drop_target_bank.bank : All targets are already up. Will not reset bank.
2025-04-27 21:33:12,748 : INFO : EventManager : Event: ======'balls_in_play'====== Args={'balls': 1}
2025-04-27 21:33:12,748 : INFO : EventManager : Event: ======'ball_started'====== Args={'player': 1, 'ball': 2, 'balls_remaining': 1, 'is_extra_ball': False}
2025-04-27 21:33:12,748 : INFO : EventManager : Event: ======'mode_base_will_start'====== Args={'player': 1, 'ball': 2, 'balls_remaining': 1, 'is_extra_ball': False}
2025-04-27 21:33:12,748 : INFO : EventManager : Event: ======'mode_base_starting'====== Args={'player': 1, 'ball': 2, 'balls_remaining': 1, 'is_extra_ball': False}
2025-04-27 21:33:12,748 : INFO : Mode.base : Started. Priority: 200
2025-04-27 21:33:12,748 : INFO : EventManager : Event: ======'modes_active_modes_changed'====== Args={}
2025-04-27 21:33:12,748 : INFO : EventManager : Event: ======'mode_base_started'====== Args={'player': 1, 'ball': 2, 'balls_remaining': 1, 'is_extra_ball': False}
2025-04-27 21:33:12,749 : INFO : EventManager : Event: ======'single_player_ball_started'====== Args={}
2025-04-27 21:33:12,755 : INFO : EventManager : Event: ======'ball_start_target'====== Args={'target': 'playfield'}
2025-04-27 21:33:12,755 : INFO : ball_device.bd_plunger : Setting up player-controlled eject. Balls: 1, Target: <playfield.playfield>, player_controlled_eject_event: s_fire_active
2025-04-27 21:33:12,756 : INFO : EventManager : Event: ======'balldevice_balls_available'====== Args={}
2025-04-27 21:33:12,756 : INFO : ball_device.bd_trough : State: waiting_for_target_ready
2025-04-27 21:33:12,756 : INFO : EventManager : Event: ======'balldevice_bd_trough_ball_eject_attempt'====== Args={'balls': 1, 'target': <ball_device.bd_plunger>, 'source': <ball_device.bd_trough>, 'mechanical_eject': True, 'num_attempts': 0}
2025-04-27 21:33:12,756 : INFO : ball_device.bd_plunger : State: waiting_for_ball
2025-04-27 21:33:12,757 : INFO : ball_device.bd_trough : State: ejecting
2025-04-27 21:33:12,757 : INFO : ball_device.bd_trough : Ejecting ball to <ball_device.bd_plunger>
2025-04-27 21:33:12,757 : INFO : EventManager : Event: ======'balldevice_bd_trough_ejecting_ball'====== Args={'balls': 1, 'target': <ball_device.bd_plunger>, 'source': <ball_device.bd_trough>, 'mechanical_eject': True, 'num_attempts': 0}
2025-04-27 21:33:12,757 : INFO : ball_device.bd_trough : Wait for ball to leave device
2025-04-27 21:33:12,757 : INFO : coil.c_trough_eject : Pulsing Driver for 20ms (1.0 pulse_power)
2025-04-27 21:33:12,794 : INFO : SwitchController : <<<<<<< 's_trough1' inactive >>>>>>>
2025-04-27 21:33:12,794 : INFO : SwitchController : <<<<<<< 's_trough_jam' active >>>>>>>
2025-04-27 21:33:12,794 : INFO : EventManager : Event: ======'machine_var_audits_switches_s_trough_jam'====== Args={'value': 2, 'prev_value': 1, 'change': 1}
2025-04-27 21:33:12,794 : INFO : SwitchController : <<<<<<< 's_trough1' active >>>>>>>
2025-04-27 21:33:12,794 : INFO : EventManager : Event: ======'machine_var_audits_switches_s_trough1'====== Args={'value': 2, 'prev_value': 1, 'change': 1}
2025-04-27 21:33:12,799 : INFO : ball_device.bd_trough : State: ball_left
2025-04-27 21:33:12,799 : INFO : ball_device.bd_trough : Ball left
2025-04-27 21:33:12,799 : INFO : ball_device.bd_trough : Wait for confirm with timeout 10.0
2025-04-27 21:33:12,809 : INFO : SwitchController : <<<<<<< 's_trough_jam' inactive >>>>>>>
2025-04-27 21:33:12,828 : INFO : SwitchController : <<<<<<< 's_trough1' inactive >>>>>>>
2025-04-27 21:33:13,171 : INFO : SwitchController : <<<<<<< 's_plunger_lane' active >>>>>>>
2025-04-27 21:33:13,171 : INFO : EventManager : Event: ======'machine_var_audits_switches_s_plunger_lane'====== Args={'value': 2, 'prev_value': 1, 'change': 1}
2025-04-27 21:33:13,669 : INFO : ball_device.bd_plunger : Received ball from <ball_device.bd_trough>
2025-04-27 21:33:13,669 : INFO : EventManager : Event: ======'balldevice_bd_plunger_ball_enter'====== Args={'new_balls': 1, 'unclaimed_balls': 0, 'new_available_balls': 0, 'device': <ball_device.bd_plunger>}
2025-04-27 21:33:13,670 : INFO : EventManager : Event: ======'balldevice_bd_plunger_ball_entered'====== Args={'new_balls': 0, 'device': <ball_device.bd_plunger>}
2025-04-27 21:33:13,670 : INFO : EventManager : Event: ======'balldevice_bd_plunger_ball_count_changed'====== Args={'balls': 1}
2025-04-27 21:33:13,670 : INFO : ball_device.bd_trough : Got eject confirm
2025-04-27 21:33:13,670 : INFO : ball_device.bd_trough : Eject successful
2025-04-27 21:33:13,670 : INFO : EventManager : Event: ======'balldevice_bd_trough_ball_eject_success'====== Args={'balls': 1, 'target': <ball_device.bd_plunger>}
2025-04-27 21:33:13,670 : INFO : ball_device.bd_plunger : State: waiting_for_target_ready
2025-04-27 21:33:13,670 : INFO : EventManager : Event: ======'balldevice_bd_plunger_ball_eject_attempt'====== Args={'balls': 1, 'target': <playfield.playfield>, 'source': <ball_device.bd_plunger>, 'mechanical_eject': True, 'num_attempts': 0}
2025-04-27 21:33:13,671 : INFO : EventManager : Event: ======'balldevice_bd_trough_ball_count_changed'====== Args={'balls': 0}
2025-04-27 21:33:13,671 : INFO : ball_device.bd_trough : State: idle
2025-04-27 21:33:13,671 : INFO : ball_device.bd_plunger : State: ejecting
2025-04-27 21:33:13,671 : INFO : ball_device.bd_plunger : Ejecting ball to <playfield.playfield>
2025-04-27 21:33:13,671 : INFO : EventManager : Event: ======'balldevice_bd_plunger_ejecting_ball'====== Args={'balls': 1, 'target': <playfield.playfield>, 'source': <ball_device.bd_plunger>, 'mechanical_eject': True, 'num_attempts': 0}
2025-04-27 21:33:13,671 : INFO : ball_device.bd_plunger : Wait for ball to leave device
2025-04-27 21:33:22,648 : INFO : Machine : Shutting down...
2025-04-27 21:33:22,649 : INFO : EventManager : Event: ======'shutdown'====== Args={}
2025-04-27 21:33:22,650 : INFO : EventManager : Event: ======'mode_game_will_stop'====== Args={}
2025-04-27 21:33:22,650 : INFO : EventManager : Event: ======'mode_game_stopping'====== Args={}
2025-04-27 21:33:22,650 : INFO : EventManager : Event: ======'mode_base_will_stop'====== Args={}
2025-04-27 21:33:22,650 : INFO : EventManager : Event: ======'mode_base_stopping'====== Args={}
2025-04-27 21:33:22,652 : INFO : Mode.base : Stopped.
2025-04-27 21:33:22,652 : INFO : EventManager : Event: ======'modes_active_modes_changed'====== Args={}
2025-04-27 21:33:22,652 : INFO : EventManager : Event: ======'mode_base_stopped'====== Args={}
2025-04-27 21:33:22,652 : INFO : EventManager : Event: ======'clear'====== Args={'key': 'base'}
2025-04-27 21:33:22,652 : INFO : Mode.game : Stopped.
2025-04-27 21:33:22,652 : INFO : EventManager : Event: ======'modes_active_modes_changed'====== Args={}
2025-04-27 21:33:22,652 : INFO : EventManager : Event: ======'mode_game_stopped'====== Args={}
2025-04-27 21:33:22,652 : INFO : EventManager : Event: ======'clear'====== Args={'key': 'game'}
2025-04-27 21:33:22,752 : INFO : root : MPF run loop ended.
