2025-05-17 18:13:45,524 : INFO : root : Loading config.
2025-05-17 18:13:45,527 : INFO : YamlMultifileConfigLoader : Machine config file #1: config.yaml
2025-05-17 18:13:45,527 : INFO : ConfigProcessor : Loading config from cache: C:\Users\carr-\AppData\Local\Temp\23e177fce4903a9a69d69f474fa748a1.mpf_cache
2025-05-17 18:13:45,621 : INFO : ConfigProcessor : Loading config from cache: C:\Users\carr-\AppData\Local\Temp\2f9bbeccf93c71693a410725897ab70d.mpf_cache
2025-05-17 18:13:45,631 : INFO : ConfigProcessor : Loading config from cache: C:\Users\carr-\AppData\Local\Temp\71986c9cb54d44e1ee87b7d4d0f68024.mpf_cache
2025-05-17 18:13:45,632 : INFO : ConfigProcessor : Loading config from cache: C:\Users\carr-\AppData\Local\Temp\460998002e273cec26232c9157d92984.mpf_cache
2025-05-17 18:13:45,642 : INFO : ConfigProcessor : Loading config from cache: C:\Users\carr-\AppData\Local\Temp\668dbdbfcbfe997663fcbdfe0871c0b4.mpf_cache
2025-05-17 18:13:45,645 : INFO : ConfigProcessor : Loading config from cache: C:\Users\carr-\AppData\Local\Temp\5bdb9da15c9005c4036d70c7ddf4c03f.mpf_cache
2025-05-17 18:13:45,652 : INFO : ConfigProcessor : Loading config from cache: C:\Users\carr-\AppData\Local\Temp\4ef2cae97e908c683695ed521c4a6650.mpf_cache
2025-05-17 18:13:45,663 : INFO : ConfigProcessor : Loading config from cache: C:\Users\carr-\AppData\Local\Temp\3675271a3c90b9f1f0f947db698ba341.mpf_cache
2025-05-17 18:13:45,664 : INFO : Machine : Mission Pinball Framework Core Engine v0.80.0.dev6
2025-05-17 18:13:45,664 : INFO : Machine : Command line arguments: {'no_load_cache': False, 'create_config_cache': True, 'bcp': False, 'configfile': ['config.yaml'], 'force_assets_load': False, 'platform_integration_test': False, 'jsonlogging': False, 'logfile': 'logs\\2025-05-17-18-13-45-mpf-LAPTOP-99TN7EPH.log', 'pause': False, 'production': False, 'text_ui': False, 'loglevel': 15, 'consoleloglevel': 10, 'force_platform': 'smart_virtual', 'syslog_address': None, 'full_logfile_path': 'C:\\Users\\carr-\\Documents\\development\\diehard-mpf\\logs\\2025-05-17-18-13-45-mpf-LAPTOP-99TN7EPH.log'}
2025-05-17 18:13:45,664 : INFO : Machine : MPF path: C:\Users\carr-\Documents\development\mpf080\mpf
2025-05-17 18:13:45,664 : INFO : Machine : Machine path: C:\Users\carr-\Documents\development\diehard-mpf
2025-05-17 18:13:45,664 : INFO : Machine : Platform: win32
2025-05-17 18:13:45,664 : INFO : Machine : Python executable location: C:\Users\carr-\Documents\development\mpf080\mpfenv\Scripts\python.exe
2025-05-17 18:13:45,664 : INFO : Machine : Python version: 3.9.13 (64-bit)
2025-05-17 18:13:45,668 : INFO : Machine : Initializing MPF...
2025-05-17 18:13:45,770 : INFO : EventManager : Event: ======'machine_var_credits_string'====== Args={'value': 'FREE PLAY', 'prev_value': None, 'change': True}
2025-05-17 18:13:45,801 : INFO : EventManager : Event: ======'machine_var_fast_audio_headphones_volume'====== Args={'value': 10, 'prev_value': None, 'change': True}
2025-05-17 18:13:45,802 : INFO : EventManager : Event: ======'machine_var_fast_audio_main_volume'====== Args={'value': 60, 'prev_value': None, 'change': True}
2025-05-17 18:13:45,802 : INFO : EventManager : Event: ======'machine_var_master_volume'====== Args={'value': 0.5, 'prev_value': None, 'change': True}
2025-05-17 18:13:45,802 : INFO : EventManager : Event: ======'machine_var_player1_score'====== Args={'value': 0, 'prev_value': None, 'change': True}
2025-05-17 18:13:45,802 : INFO : EventManager : Event: ======'machine_var_var_which_attract'====== Args={'value': 0, 'prev_value': None, 'change': True}
2025-05-17 18:13:45,802 : INFO : EventManager : Event: ======'machine_var_mpf_version'====== Args={'value': 'Mission Pinball Framework v0.80.0.dev6', 'prev_value': None, 'change': True}
2025-05-17 18:13:45,802 : INFO : EventManager : Event: ======'machine_var_mpf_extended_version'====== Args={'value': 'Mission Pinball Framework v0.80.0.dev6, Config version:6, Show version: 6, BCP version:1.1', 'prev_value': None, 'change': True}
2025-05-17 18:13:45,802 : INFO : EventManager : Event: ======'machine_var_python_version'====== Args={'value': '3.9.13', 'prev_value': None, 'change': True}
2025-05-17 18:13:45,832 : INFO : EventManager : Event: ======'machine_var_platform'====== Args={'value': 'Windows-10-10.0.26100-SP0', 'prev_value': None, 'change': True}
2025-05-17 18:13:45,832 : INFO : EventManager : Event: ======'machine_var_platform_system'====== Args={'value': 'Windows', 'prev_value': None, 'change': True}
2025-05-17 18:13:45,832 : INFO : EventManager : Event: ======'machine_var_platform_release'====== Args={'value': '10', 'prev_value': None, 'change': True}
2025-05-17 18:13:45,832 : INFO : EventManager : Event: ======'machine_var_platform_version'====== Args={'value': '10.0.26100', 'prev_value': None, 'change': True}
2025-05-17 18:13:45,832 : INFO : EventManager : Event: ======'machine_var_platform_machine'====== Args={'value': 'AMD64', 'prev_value': None, 'change': True}
2025-05-17 18:13:45,832 : INFO : EventManager : Event: ======'machine_var_log_file_path'====== Args={'value': 'C:\\Users\\carr-\\Documents\\development\\diehard-mpf\\logs\\2025-05-17-18-13-45-mpf-LAPTOP-99TN7EPH.log', 'prev_value': None, 'change': True}
2025-05-17 18:13:45,832 : INFO : EventManager : Event: ======'init_phase_1'====== Args={}
2025-05-17 18:13:45,880 : INFO : EventManager : Event: ======'drop_target_bank_bank_up'====== Args={}
2025-05-17 18:13:45,882 : INFO : EventManager : Event: ======'init_phase_2'====== Args={}
2025-05-17 18:13:45,882 : INFO : SwitchController : Found active switch: ('d-8', <Platform.SmartVirtual>) <switch.s_trough1>
2025-05-17 18:13:45,883 : INFO : SwitchController : Found active switch: ('d-9', <Platform.SmartVirtual>) <switch.s_trough2>
2025-05-17 18:13:45,883 : INFO : SwitchController : Found active switch: ('d-10', <Platform.SmartVirtual>) <switch.s_trough3>
2025-05-17 18:13:45,883 : INFO : SwitchController : Found active switch: ('d-11', <Platform.SmartVirtual>) <switch.s_trough4>
2025-05-17 18:13:45,883 : INFO : SwitchController : Found active switch: ('d-12', <Platform.SmartVirtual>) <switch.s_trough5>
2025-05-17 18:13:45,883 : INFO : SwitchController : Found active switch: ('d-13', <Platform.SmartVirtual>) <switch.s_trough6>
2025-05-17 18:13:45,885 : INFO : ball_device.bd_trough : BCH: Initial count: 6
2025-05-17 18:13:45,885 : INFO : ball_device.bd_trough : State: idle
2025-05-17 18:13:45,885 : INFO : ball_device.bd_plunger : BCH: Initial count: 0
2025-05-17 18:13:45,885 : INFO : ball_device.bd_plunger : State: idle
2025-05-17 18:13:45,886 : INFO : ball_device.bd_scoop : BCH: Initial count: 0
2025-05-17 18:13:45,886 : INFO : ball_device.bd_scoop : State: idle
2025-05-17 18:13:45,886 : INFO : ball_device.bd_scoop1 : BCH: Initial count: 0
2025-05-17 18:13:45,886 : INFO : ball_device.bd_scoop1 : State: idle
2025-05-17 18:13:45,886 : INFO : ball_device.bd_scoop2 : BCH: Initial count: 0
2025-05-17 18:13:45,886 : INFO : ball_device.bd_scoop2 : State: idle
2025-05-17 18:13:45,886 : INFO : ball_device.bd_scoop3 : BCH: Initial count: 0
2025-05-17 18:13:45,886 : INFO : ball_device.bd_scoop3 : State: idle
2025-05-17 18:13:45,887 : INFO : ball_device.bd_scoop4 : BCH: Initial count: 0
2025-05-17 18:13:45,887 : INFO : ball_device.bd_scoop4 : State: idle
2025-05-17 18:13:45,900 : INFO : EventManager : Event: ======'init_phase_3'====== Args={}
2025-05-17 18:13:45,901 : INFO : EventManager : Event: ======'init_phase_4'====== Args={}
2025-05-17 18:13:45,901 : INFO : BallController : Initial balls found: 6
2025-05-17 18:13:45,903 : INFO : EventManager : Event: ======'machine_var_audits_events_game_ended'====== Args={'value': 8, 'prev_value': None, 'change': True}
2025-05-17 18:13:45,903 : INFO : EventManager : Event: ======'machine_var_audits_events_game_started'====== Args={'value': 40, 'prev_value': None, 'change': True}
2025-05-17 18:13:45,903 : INFO : EventManager : Event: ======'machine_var_audits_missing_switches_s_AirDuctEnter001'====== Args={'value': 2, 'prev_value': None, 'change': True}
2025-05-17 18:13:45,903 : INFO : EventManager : Event: ======'machine_var_audits_missing_switches_s_airplane'====== Args={'value': 2, 'prev_value': None, 'change': True}
2025-05-17 18:13:45,903 : INFO : EventManager : Event: ======'machine_var_audits_missing_switches_s_bottom_left_inner_drain'====== Args={'value': 2, 'prev_value': None, 'change': True}
2025-05-17 18:13:45,903 : INFO : EventManager : Event: ======'machine_var_audits_missing_switches_s_bottom_left_outer_drain'====== Args={'value': 2, 'prev_value': None, 'change': True}
2025-05-17 18:13:45,903 : INFO : EventManager : Event: ======'machine_var_audits_missing_switches_s_bottom_right_inner_drain'====== Args={'value': 2, 'prev_value': None, 'change': True}
2025-05-17 18:13:45,903 : INFO : EventManager : Event: ======'machine_var_audits_missing_switches_s_bottom_right_outer_drain'====== Args={'value': 2, 'prev_value': None, 'change': True}
2025-05-17 18:13:45,903 : INFO : EventManager : Event: ======'machine_var_audits_missing_switches_s_bottom_right_vuk'====== Args={'value': 2, 'prev_value': None, 'change': True}
2025-05-17 18:13:45,903 : INFO : EventManager : Event: ======'machine_var_audits_missing_switches_s_door'====== Args={'value': 2, 'prev_value': None, 'change': True}
2025-05-17 18:13:45,904 : INFO : EventManager : Event: ======'machine_var_audits_missing_switches_s_door_tilt'====== Args={'value': 2, 'prev_value': None, 'change': True}
2025-05-17 18:13:45,904 : INFO : EventManager : Event: ======'machine_var_audits_missing_switches_s_drop_target_1'====== Args={'value': 2, 'prev_value': None, 'change': True}
2025-05-17 18:13:45,904 : INFO : EventManager : Event: ======'machine_var_audits_missing_switches_s_drop_target_2'====== Args={'value': 2, 'prev_value': None, 'change': True}
2025-05-17 18:13:45,904 : INFO : EventManager : Event: ======'machine_var_audits_missing_switches_s_drop_target_3'====== Args={'value': 2, 'prev_value': None, 'change': True}
2025-05-17 18:13:45,904 : INFO : EventManager : Event: ======'machine_var_audits_missing_switches_s_enter'====== Args={'value': 40, 'prev_value': None, 'change': True}
2025-05-17 18:13:45,904 : INFO : EventManager : Event: ======'machine_var_audits_missing_switches_s_escape'====== Args={'value': 40, 'prev_value': None, 'change': True}
2025-05-17 18:13:45,904 : INFO : EventManager : Event: ======'machine_var_audits_missing_switches_s_fire'====== Args={'value': 2, 'prev_value': None, 'change': True}
2025-05-17 18:13:45,904 : INFO : EventManager : Event: ======'machine_var_audits_missing_switches_s_highvuk'====== Args={'value': 2, 'prev_value': None, 'change': True}
2025-05-17 18:13:45,904 : INFO : EventManager : Event: ======'machine_var_audits_missing_switches_s_holly_h'====== Args={'value': 40, 'prev_value': None, 'change': True}
2025-05-17 18:13:45,904 : INFO : EventManager : Event: ======'machine_var_audits_missing_switches_s_holly_l'====== Args={'value': 2, 'prev_value': None, 'change': True}
2025-05-17 18:13:45,904 : INFO : EventManager : Event: ======'machine_var_audits_missing_switches_s_holly_l_1'====== Args={'value': 2, 'prev_value': None, 'change': True}
2025-05-17 18:13:45,904 : INFO : EventManager : Event: ======'machine_var_audits_missing_switches_s_holly_o'====== Args={'value': 2, 'prev_value': None, 'change': True}
2025-05-17 18:13:45,904 : INFO : EventManager : Event: ======'machine_var_audits_missing_switches_s_holly_y'====== Args={'value': 2, 'prev_value': None, 'change': True}
2025-05-17 18:13:45,904 : INFO : EventManager : Event: ======'machine_var_audits_missing_switches_s_left spinner'====== Args={'value': 2, 'prev_value': None, 'change': True}
2025-05-17 18:13:45,904 : INFO : EventManager : Event: ======'machine_var_audits_missing_switches_s_left_coin'====== Args={'value': 40, 'prev_value': None, 'change': True}
2025-05-17 18:13:45,904 : INFO : EventManager : Event: ======'machine_var_audits_missing_switches_s_left_flipper'====== Args={'value': 2, 'prev_value': None, 'change': True}
2025-05-17 18:13:45,904 : INFO : EventManager : Event: ======'machine_var_audits_missing_switches_s_left_flipper_eos'====== Args={'value': 2, 'prev_value': None, 'change': True}
2025-05-17 18:13:45,905 : INFO : EventManager : Event: ======'machine_var_audits_missing_switches_s_left_inlane'====== Args={'value': 24, 'prev_value': None, 'change': True}
2025-05-17 18:13:45,905 : INFO : EventManager : Event: ======'machine_var_audits_missing_switches_s_left_magna'====== Args={'value': 2, 'prev_value': None, 'change': True}
2025-05-17 18:13:45,905 : INFO : EventManager : Event: ======'machine_var_audits_missing_switches_s_left_orbit'====== Args={'value': 2, 'prev_value': None, 'change': True}
2025-05-17 18:13:45,905 : INFO : EventManager : Event: ======'machine_var_audits_missing_switches_s_left_outlane'====== Args={'value': 24, 'prev_value': None, 'change': True}
2025-05-17 18:13:45,905 : INFO : EventManager : Event: ======'machine_var_audits_missing_switches_s_left_top_target'====== Args={'value': 2, 'prev_value': None, 'change': True}
2025-05-17 18:13:45,905 : INFO : EventManager : Event: ======'machine_var_audits_missing_switches_s_middle_top_target'====== Args={'value': 2, 'prev_value': None, 'change': True}
2025-05-17 18:13:45,905 : INFO : EventManager : Event: ======'machine_var_audits_missing_switches_s_minus'====== Args={'value': 40, 'prev_value': None, 'change': True}
2025-05-17 18:13:45,905 : INFO : EventManager : Event: ======'machine_var_audits_missing_switches_s_nakatomi'====== Args={'value': 2, 'prev_value': None, 'change': True}
2025-05-17 18:13:45,905 : INFO : EventManager : Event: ======'machine_var_audits_missing_switches_s_plus'====== Args={'value': 40, 'prev_value': None, 'change': True}
2025-05-17 18:13:45,905 : INFO : EventManager : Event: ======'machine_var_audits_missing_switches_s_popbumper_left'====== Args={'value': 2, 'prev_value': None, 'change': True}
2025-05-17 18:13:45,905 : INFO : EventManager : Event: ======'machine_var_audits_missing_switches_s_popbumper_right'====== Args={'value': 2, 'prev_value': None, 'change': True}
2025-05-17 18:13:45,905 : INFO : EventManager : Event: ======'machine_var_audits_missing_switches_s_right spinner'====== Args={'value': 2, 'prev_value': None, 'change': True}
2025-05-17 18:13:45,905 : INFO : EventManager : Event: ======'machine_var_audits_missing_switches_s_right_coin'====== Args={'value': 40, 'prev_value': None, 'change': True}
2025-05-17 18:13:45,905 : INFO : EventManager : Event: ======'machine_var_audits_missing_switches_s_right_flipper'====== Args={'value': 2, 'prev_value': None, 'change': True}
2025-05-17 18:13:45,905 : INFO : EventManager : Event: ======'machine_var_audits_missing_switches_s_right_flipper_eos'====== Args={'value': 2, 'prev_value': None, 'change': True}
2025-05-17 18:13:45,905 : INFO : EventManager : Event: ======'machine_var_audits_missing_switches_s_right_inlane'====== Args={'value': 24, 'prev_value': None, 'change': True}
2025-05-17 18:13:45,905 : INFO : EventManager : Event: ======'machine_var_audits_missing_switches_s_right_magna'====== Args={'value': 2, 'prev_value': None, 'change': True}
2025-05-17 18:13:45,905 : INFO : EventManager : Event: ======'machine_var_audits_missing_switches_s_right_orbit'====== Args={'value': 2, 'prev_value': None, 'change': True}
2025-05-17 18:13:45,905 : INFO : EventManager : Event: ======'machine_var_audits_missing_switches_s_right_outlane'====== Args={'value': 24, 'prev_value': None, 'change': True}
2025-05-17 18:13:45,905 : INFO : EventManager : Event: ======'machine_var_audits_missing_switches_s_right_sling'====== Args={'value': 2, 'prev_value': None, 'change': True}
2025-05-17 18:13:45,905 : INFO : EventManager : Event: ======'machine_var_audits_missing_switches_s_right_top_target'====== Args={'value': 2, 'prev_value': None, 'change': True}
2025-05-17 18:13:45,905 : INFO : EventManager : Event: ======'machine_var_audits_missing_switches_s_safe_vuk'====== Args={'value': 2, 'prev_value': None, 'change': True}
2025-05-17 18:13:45,905 : INFO : EventManager : Event: ======'machine_var_audits_missing_switches_s_start'====== Args={'value': 1, 'prev_value': None, 'change': True}
2025-05-17 18:13:45,905 : INFO : EventManager : Event: ======'machine_var_audits_missing_switches_s_target_2'====== Args={'value': 24, 'prev_value': None, 'change': True}
2025-05-17 18:13:45,905 : INFO : EventManager : Event: ======'machine_var_audits_missing_switches_s_target_3'====== Args={'value': 24, 'prev_value': None, 'change': True}
2025-05-17 18:13:45,905 : INFO : EventManager : Event: ======'machine_var_audits_missing_switches_s_tilt_bob'====== Args={'value': 40, 'prev_value': None, 'change': True}
2025-05-17 18:13:45,905 : INFO : EventManager : Event: ======'machine_var_audits_missing_switches_s_top_flipper_eos'====== Args={'value': 2, 'prev_value': None, 'change': True}
2025-05-17 18:13:45,905 : INFO : EventManager : Event: ======'machine_var_audits_missing_switches_s_top_flipper_hold'====== Args={'value': 24, 'prev_value': None, 'change': True}
2025-05-17 18:13:45,905 : INFO : EventManager : Event: ======'machine_var_audits_missing_switches_s_trough1'====== Args={'value': 1, 'prev_value': None, 'change': True}
2025-05-17 18:13:45,905 : INFO : EventManager : Event: ======'machine_var_audits_missing_switches_s_trough2'====== Args={'value': 2, 'prev_value': None, 'change': True}
2025-05-17 18:13:45,905 : INFO : EventManager : Event: ======'machine_var_audits_missing_switches_s_trough3'====== Args={'value': 2, 'prev_value': None, 'change': True}
2025-05-17 18:13:45,905 : INFO : EventManager : Event: ======'machine_var_audits_missing_switches_s_trough4'====== Args={'value': 2, 'prev_value': None, 'change': True}
2025-05-17 18:13:45,905 : INFO : EventManager : Event: ======'machine_var_audits_missing_switches_s_trough5'====== Args={'value': 2, 'prev_value': None, 'change': True}
2025-05-17 18:13:45,905 : INFO : EventManager : Event: ======'machine_var_audits_missing_switches_s_trough6'====== Args={'value': 2, 'prev_value': None, 'change': True}
2025-05-17 18:13:45,905 : INFO : EventManager : Event: ======'machine_var_audits_missing_switches_s_trough_jam'====== Args={'value': 2, 'prev_value': None, 'change': True}
2025-05-17 18:13:45,905 : INFO : EventManager : Event: ======'machine_var_audits_missing_switches_s_tunel_vuk'====== Args={'value': 2, 'prev_value': None, 'change': True}
2025-05-17 18:13:45,906 : INFO : EventManager : Event: ======'machine_var_audits_player_score'====== Args={'value': {'average': 0, 'top': [0, 0, 0, 0, 0, 0, 0, 0, 0], 'total': 9}, 'prev_value': None, 'change': True}
2025-05-17 18:13:45,906 : INFO : EventManager : Event: ======'machine_var_audits_switches_s_AirDuctEnter001'====== Args={'value': 3, 'prev_value': None, 'change': True}
2025-05-17 18:13:45,906 : INFO : EventManager : Event: ======'machine_var_audits_switches_s_airplane'====== Args={'value': 14, 'prev_value': None, 'change': True}
2025-05-17 18:13:45,906 : INFO : EventManager : Event: ======'machine_var_audits_switches_s_bottom_left_inner_drain'====== Args={'value': 51, 'prev_value': None, 'change': True}
2025-05-17 18:13:45,906 : INFO : EventManager : Event: ======'machine_var_audits_switches_s_bottom_left_outer_drain'====== Args={'value': 47, 'prev_value': None, 'change': True}
2025-05-17 18:13:45,906 : INFO : EventManager : Event: ======'machine_var_audits_switches_s_bottom_right_inner_drain'====== Args={'value': 92, 'prev_value': None, 'change': True}
2025-05-17 18:13:45,906 : INFO : EventManager : Event: ======'machine_var_audits_switches_s_bottom_right_outer_drain'====== Args={'value': 255, 'prev_value': None, 'change': True}
2025-05-17 18:13:45,906 : INFO : EventManager : Event: ======'machine_var_audits_switches_s_bottom_right_vuk'====== Args={'value': 1319, 'prev_value': None, 'change': True}
2025-05-17 18:13:45,906 : INFO : EventManager : Event: ======'machine_var_audits_switches_s_door'====== Args={'value': 28, 'prev_value': None, 'change': True}
2025-05-17 18:13:45,906 : INFO : EventManager : Event: ======'machine_var_audits_switches_s_door_tilt'====== Args={'value': 58, 'prev_value': None, 'change': True}
2025-05-17 18:13:45,906 : INFO : EventManager : Event: ======'machine_var_audits_switches_s_drop_target_1'====== Args={'value': 36, 'prev_value': None, 'change': True}
2025-05-17 18:13:45,906 : INFO : EventManager : Event: ======'machine_var_audits_switches_s_drop_target_2'====== Args={'value': 34, 'prev_value': None, 'change': True}
2025-05-17 18:13:45,906 : INFO : EventManager : Event: ======'machine_var_audits_switches_s_drop_target_3'====== Args={'value': 46, 'prev_value': None, 'change': True}
2025-05-17 18:13:45,906 : INFO : EventManager : Event: ======'machine_var_audits_switches_s_enter'====== Args={'value': 0, 'prev_value': None, 'change': True}
2025-05-17 18:13:45,906 : INFO : EventManager : Event: ======'machine_var_audits_switches_s_escape'====== Args={'value': 0, 'prev_value': None, 'change': True}
2025-05-17 18:13:45,906 : INFO : EventManager : Event: ======'machine_var_audits_switches_s_fire'====== Args={'value': 59, 'prev_value': None, 'change': True}
2025-05-17 18:13:45,906 : INFO : EventManager : Event: ======'machine_var_audits_switches_s_highvuk'====== Args={'value': 27, 'prev_value': None, 'change': True}
2025-05-17 18:13:45,906 : INFO : EventManager : Event: ======'machine_var_audits_switches_s_holly_h'====== Args={'value': 0, 'prev_value': None, 'change': True}
2025-05-17 18:13:45,906 : INFO : EventManager : Event: ======'machine_var_audits_switches_s_holly_l'====== Args={'value': 57, 'prev_value': None, 'change': True}
2025-05-17 18:13:45,906 : INFO : EventManager : Event: ======'machine_var_audits_switches_s_holly_l_1'====== Args={'value': 64, 'prev_value': None, 'change': True}
2025-05-17 18:13:45,906 : INFO : EventManager : Event: ======'machine_var_audits_switches_s_holly_o'====== Args={'value': 57, 'prev_value': None, 'change': True}
2025-05-17 18:13:45,906 : INFO : EventManager : Event: ======'machine_var_audits_switches_s_holly_y'====== Args={'value': 22, 'prev_value': None, 'change': True}
2025-05-17 18:13:45,906 : INFO : EventManager : Event: ======'machine_var_audits_switches_s_left spinner'====== Args={'value': 506, 'prev_value': None, 'change': True}
2025-05-17 18:13:45,906 : INFO : EventManager : Event: ======'machine_var_audits_switches_s_left_coin'====== Args={'value': 0, 'prev_value': None, 'change': True}
2025-05-17 18:13:45,906 : INFO : EventManager : Event: ======'machine_var_audits_switches_s_left_flipper'====== Args={'value': 590, 'prev_value': None, 'change': True}
2025-05-17 18:13:45,906 : INFO : EventManager : Event: ======'machine_var_audits_switches_s_left_flipper_eos'====== Args={'value': 557, 'prev_value': None, 'change': True}
2025-05-17 18:13:45,906 : INFO : EventManager : Event: ======'machine_var_audits_switches_s_left_inlane'====== Args={'value': 0, 'prev_value': None, 'change': True}
2025-05-17 18:13:45,906 : INFO : EventManager : Event: ======'machine_var_audits_switches_s_left_magna'====== Args={'value': 141, 'prev_value': None, 'change': True}
2025-05-17 18:13:45,906 : INFO : EventManager : Event: ======'machine_var_audits_switches_s_left_orbit'====== Args={'value': 110, 'prev_value': None, 'change': True}
2025-05-17 18:13:45,906 : INFO : EventManager : Event: ======'machine_var_audits_switches_s_left_outlane'====== Args={'value': 0, 'prev_value': None, 'change': True}
2025-05-17 18:13:45,906 : INFO : EventManager : Event: ======'machine_var_audits_switches_s_left_sling'====== Args={'value': 183, 'prev_value': None, 'change': True}
2025-05-17 18:13:45,906 : INFO : EventManager : Event: ======'machine_var_audits_switches_s_left_top_target'====== Args={'value': 26, 'prev_value': None, 'change': True}
2025-05-17 18:13:45,906 : INFO : EventManager : Event: ======'machine_var_audits_switches_s_middle_top_target'====== Args={'value': 20, 'prev_value': None, 'change': True}
2025-05-17 18:13:45,906 : INFO : EventManager : Event: ======'machine_var_audits_switches_s_minus'====== Args={'value': 0, 'prev_value': None, 'change': True}
2025-05-17 18:13:45,906 : INFO : EventManager : Event: ======'machine_var_audits_switches_s_nakatomi'====== Args={'value': 105, 'prev_value': None, 'change': True}
2025-05-17 18:13:45,906 : INFO : EventManager : Event: ======'machine_var_audits_switches_s_plunger_lane'====== Args={'value': 66, 'prev_value': None, 'change': True}
2025-05-17 18:13:45,907 : INFO : EventManager : Event: ======'machine_var_audits_switches_s_plus'====== Args={'value': 0, 'prev_value': None, 'change': True}
2025-05-17 18:13:45,907 : INFO : EventManager : Event: ======'machine_var_audits_switches_s_popbumper_left'====== Args={'value': 108, 'prev_value': None, 'change': True}
2025-05-17 18:13:45,907 : INFO : EventManager : Event: ======'machine_var_audits_switches_s_popbumper_right'====== Args={'value': 129, 'prev_value': None, 'change': True}
2025-05-17 18:13:45,907 : INFO : EventManager : Event: ======'machine_var_audits_switches_s_right spinner'====== Args={'value': 57, 'prev_value': None, 'change': True}
2025-05-17 18:13:45,907 : INFO : EventManager : Event: ======'machine_var_audits_switches_s_right_coin'====== Args={'value': 0, 'prev_value': None, 'change': True}
2025-05-17 18:13:45,907 : INFO : EventManager : Event: ======'machine_var_audits_switches_s_right_flipper'====== Args={'value': 608, 'prev_value': None, 'change': True}
2025-05-17 18:13:45,907 : INFO : EventManager : Event: ======'machine_var_audits_switches_s_right_flipper_eos'====== Args={'value': 572, 'prev_value': None, 'change': True}
2025-05-17 18:13:45,907 : INFO : EventManager : Event: ======'machine_var_audits_switches_s_right_inlane'====== Args={'value': 0, 'prev_value': None, 'change': True}
2025-05-17 18:13:45,907 : INFO : EventManager : Event: ======'machine_var_audits_switches_s_right_magna'====== Args={'value': 153, 'prev_value': None, 'change': True}
2025-05-17 18:13:45,907 : INFO : EventManager : Event: ======'machine_var_audits_switches_s_right_orbit'====== Args={'value': 114, 'prev_value': None, 'change': True}
2025-05-17 18:13:45,907 : INFO : EventManager : Event: ======'machine_var_audits_switches_s_right_outlane'====== Args={'value': 0, 'prev_value': None, 'change': True}
2025-05-17 18:13:45,907 : INFO : EventManager : Event: ======'machine_var_audits_switches_s_right_sling'====== Args={'value': 158, 'prev_value': None, 'change': True}
2025-05-17 18:13:45,907 : INFO : EventManager : Event: ======'machine_var_audits_switches_s_right_top_target'====== Args={'value': 15, 'prev_value': None, 'change': True}
2025-05-17 18:13:45,907 : INFO : EventManager : Event: ======'machine_var_audits_switches_s_safe_vuk'====== Args={'value': 59, 'prev_value': None, 'change': True}
2025-05-17 18:13:45,907 : INFO : EventManager : Event: ======'machine_var_audits_switches_s_start'====== Args={'value': 32, 'prev_value': None, 'change': True}
2025-05-17 18:13:45,907 : INFO : EventManager : Event: ======'machine_var_audits_switches_s_target_2'====== Args={'value': 0, 'prev_value': None, 'change': True}
2025-05-17 18:13:45,907 : INFO : EventManager : Event: ======'machine_var_audits_switches_s_target_3'====== Args={'value': 0, 'prev_value': None, 'change': True}
2025-05-17 18:13:45,907 : INFO : EventManager : Event: ======'machine_var_audits_switches_s_tilt_bob'====== Args={'value': 0, 'prev_value': None, 'change': True}
2025-05-17 18:13:45,907 : INFO : EventManager : Event: ======'machine_var_audits_switches_s_top_flipper_eos'====== Args={'value': 559, 'prev_value': None, 'change': True}
2025-05-17 18:13:45,907 : INFO : EventManager : Event: ======'machine_var_audits_switches_s_top_flipper_hold'====== Args={'value': 0, 'prev_value': None, 'change': True}
2025-05-17 18:13:45,907 : INFO : EventManager : Event: ======'machine_var_audits_switches_s_trough1'====== Args={'value': 90, 'prev_value': None, 'change': True}
2025-05-17 18:13:45,907 : INFO : EventManager : Event: ======'machine_var_audits_switches_s_trough2'====== Args={'value': 55, 'prev_value': None, 'change': True}
2025-05-17 18:13:45,907 : INFO : EventManager : Event: ======'machine_var_audits_switches_s_trough3'====== Args={'value': 53, 'prev_value': None, 'change': True}
2025-05-17 18:13:45,907 : INFO : EventManager : Event: ======'machine_var_audits_switches_s_trough4'====== Args={'value': 53, 'prev_value': None, 'change': True}
2025-05-17 18:13:45,907 : INFO : EventManager : Event: ======'machine_var_audits_switches_s_trough5'====== Args={'value': 43, 'prev_value': None, 'change': True}
2025-05-17 18:13:45,907 : INFO : EventManager : Event: ======'machine_var_audits_switches_s_trough6'====== Args={'value': 43, 'prev_value': None, 'change': True}
2025-05-17 18:13:45,907 : INFO : EventManager : Event: ======'machine_var_audits_switches_s_trough_jam'====== Args={'value': 66, 'prev_value': None, 'change': True}
2025-05-17 18:13:45,907 : INFO : EventManager : Event: ======'machine_var_audits_switches_s_tunel_vuk'====== Args={'value': 114, 'prev_value': None, 'change': True}
2025-05-17 18:13:45,907 : INFO : EventManager : Event: ======'machine_var_audits_switches_swPlunger'====== Args={'value': 16, 'prev_value': None, 'change': True}
2025-05-17 18:13:45,908 : INFO : EventManager : Event: ======'init_phase_5'====== Args={}
2025-05-17 18:13:45,908 : INFO : EventManager : Event: ======'init_done'====== Args={}
2025-05-17 18:13:45,908 : INFO : EventManager : Event: ======'machine_reset_phase_1'====== Args={}
2025-05-17 18:13:45,908 : INFO : EventManager : Event: ======'machine_reset_phase_2'====== Args={}
2025-05-17 18:13:45,909 : INFO : EventManager : Event: ======'machine_reset_phase_3'====== Args={}
2025-05-17 18:13:45,909 : INFO : drop_target_bank.bank : All targets are already up. Will not reset bank.
2025-05-17 18:13:45,909 : INFO : EventManager : Event: ======'reset_complete'====== Args={}
2025-05-17 18:13:45,909 : INFO : EventManager : Event: ======'mode_attract_will_start'====== Args={}
2025-05-17 18:13:45,909 : INFO : EventManager : Event: ======'mode_attract_starting'====== Args={}
2025-05-17 18:13:45,909 : INFO : Mode.attract : Started. Priority: 10
2025-05-17 18:13:45,909 : INFO : EventManager : Event: ======'modes_active_modes_changed'====== Args={}
2025-05-17 18:13:45,909 : INFO : EventManager : Event: ======'mode_attract_started'====== Args={}
2025-05-17 18:13:45,910 : INFO : EventManager : Event: ======'collecting_balls_complete'====== Args={}
2025-05-17 18:13:45,910 : INFO : Machine : Starting the main run loop with active modes: [<Mode.attract>]
2025-05-17 18:13:49,657 : INFO : BcpServer : New client connected.
2025-05-17 18:15:06,058 : INFO : SwitchController : <<<<<<< 's_start' active >>>>>>>
2025-05-17 18:15:06,115 : INFO : SwitchController : <<<<<<< 's_start' inactive >>>>>>>
2025-05-17 18:15:06,115 : INFO : EventManager : Event: ======'request_to_start_game'====== Args={}
2025-05-17 18:15:06,116 : INFO : EventManager : Event: ======'game_start'====== Args={'buttons': [], 'hold_time': 0.06199999999989814}
2025-05-17 18:15:06,116 : INFO : EventManager : Event: ======'mode_game_will_start'====== Args={'buttons': [], 'hold_time': 0.06199999999989814}
2025-05-17 18:15:06,116 : INFO : EventManager : Event: ======'mode_game_starting'====== Args={'buttons': [], 'hold_time': 0.06199999999989814}
2025-05-17 18:15:06,116 : INFO : EventManager : Event: ======'mode_attract_will_stop'====== Args={}
2025-05-17 18:15:06,116 : INFO : EventManager : Event: ======'mode_attract_stopping'====== Args={}
2025-05-17 18:15:06,116 : INFO : Mode.attract : Stopped.
2025-05-17 18:15:06,116 : INFO : EventManager : Event: ======'modes_active_modes_changed'====== Args={}
2025-05-17 18:15:06,117 : INFO : EventManager : Event: ======'mode_attract_stopped'====== Args={}
2025-05-17 18:15:06,117 : INFO : EventManager : Event: ======'clear'====== Args={'key': 'attract'}
2025-05-17 18:15:06,117 : INFO : Mode.game : Started. Priority: 20
2025-05-17 18:15:06,117 : INFO : EventManager : Event: ======'modes_active_modes_changed'====== Args={}
2025-05-17 18:15:06,117 : INFO : EventManager : Event: ======'mode_game_started'====== Args={'buttons': [], 'hold_time': 0.06199999999989814}
2025-05-17 18:15:06,117 : INFO : EventManager : Event: ======'game_will_start'====== Args={}
2025-05-17 18:15:06,118 : INFO : EventManager : Event: ======'game_starting'====== Args={'game': <Mode.game>}
2025-05-17 18:15:06,118 : INFO : EventManager : Unordered handler for class <Auditor> on event game_ended with priority 1. Handlers: [RegisteredHandler(callback=<bound method Auditor.disable of <Auditor>>, priority=1, kwargs={}, key=UUID('f86ca8ab-80bb-42e3-b9ed-883f20807cbd'), condition=None, blocking_facility=None), RegisteredHandler(callback=<bound method Auditor._save_audits of <Auditor>>, priority=1, kwargs={}, key=UUID('f4bb54ef-0422-47ff-8da6-21ce3257ef7f'), condition=None, blocking_facility=None)]. The order of those handlers is not defined and they will be executed in random order. This might lead to race conditions and potential bugs.
2025-05-17 18:15:06,118 : INFO : EventManager : Event: ======'player_add_request'====== Args={}
2025-05-17 18:15:06,119 : INFO : EventManager : Event: ======'player_will_add'====== Args={'number': 1}
2025-05-17 18:15:06,119 : INFO : EventManager : Event: ======'player_adding'====== Args={'player': <Player 1>, 'number': 1}
2025-05-17 18:15:06,119 : INFO : EventManager : Event: ======'player_added'====== Args={'player': <Player 1>, 'num': 1}
2025-05-17 18:15:06,119 : INFO : Mode.game : Player added successfully. Total players: 1
2025-05-17 18:15:06,119 : INFO : EventManager : Event: ======'player_index'====== Args={'value': 0, 'prev_value': 0, 'change': 0, 'player_num': 1}
2025-05-17 18:15:06,119 : INFO : EventManager : Event: ======'player_number'====== Args={'value': 1, 'prev_value': 1, 'change': 0, 'player_num': 1}
2025-05-17 18:15:06,119 : INFO : EventManager : Event: ======'player_score'====== Args={'value': 0, 'prev_value': 0, 'change': 0, 'player_num': 1}
2025-05-17 18:15:06,119 : INFO : EventManager : Event: ======'game_started'====== Args={}
2025-05-17 18:15:06,119 : INFO : EventManager : Event: ======'player_turn_will_start'====== Args={'player': <Player 1>, 'number': 1}
2025-05-17 18:15:06,120 : INFO : EventManager : Event: ======'player_turn_starting'====== Args={'player': <Player 1>, 'number': 1}
2025-05-17 18:15:06,124 : INFO : EventManager : Event: ======'player_ball'====== Args={'value': 1, 'prev_value': 0, 'change': 1, 'player_num': 1}
2025-05-17 18:15:06,124 : INFO : EventManager : Event: ======'player_turn_started'====== Args={'player': <Player 1>, 'number': 1}
2025-05-17 18:15:06,126 : INFO : EventManager : Event: ======'ball_will_start'====== Args={'player': 1, 'ball': 1, 'balls_remaining': 2, 'is_extra_ball': False}
2025-05-17 18:15:06,126 : INFO : EventManager : Event: ======'ball_starting'====== Args={'player': 1, 'ball': 1, 'balls_remaining': 2, 'is_extra_ball': False}
2025-05-17 18:15:06,126 : INFO : drop_target_bank.bank : All targets are already up. Will not reset bank.
2025-05-17 18:15:06,127 : INFO : EventManager : Event: ======'balls_in_play'====== Args={'balls': 1}
2025-05-17 18:15:06,127 : INFO : EventManager : Event: ======'ball_started'====== Args={'player': 1, 'ball': 1, 'balls_remaining': 2, 'is_extra_ball': False}
2025-05-17 18:15:06,127 : INFO : EventManager : Event: ======'mode_score_will_start'====== Args={'player': 1, 'ball': 1, 'balls_remaining': 2, 'is_extra_ball': False}
2025-05-17 18:15:06,127 : INFO : EventManager : Event: ======'mode_score_starting'====== Args={'player': 1, 'ball': 1, 'balls_remaining': 2, 'is_extra_ball': False}
2025-05-17 18:15:06,127 : INFO : EventManager : Event: ======'mode_base_will_start'====== Args={'player': 1, 'ball': 1, 'balls_remaining': 2, 'is_extra_ball': False}
2025-05-17 18:15:06,128 : INFO : EventManager : Event: ======'player_shot_left_sling_enabled'====== Args={'value': True, 'prev_value': 0, 'change': 1, 'player_num': 1}
2025-05-17 18:15:06,128 : INFO : EventManager : Event: ======'player_shot_right_sling_enabled'====== Args={'value': True, 'prev_value': 0, 'change': 1, 'player_num': 1}
2025-05-17 18:15:06,128 : INFO : EventManager : Event: ======'mode_base_starting'====== Args={'player': 1, 'ball': 1, 'balls_remaining': 2, 'is_extra_ball': False}
2025-05-17 18:15:06,129 : INFO : Mode.base : Started. Priority: 100
2025-05-17 18:15:06,129 : INFO : EventManager : Event: ======'modes_active_modes_changed'====== Args={}
2025-05-17 18:15:06,129 : INFO : EventManager : Event: ======'mode_base_started'====== Args={'player': 1, 'ball': 1, 'balls_remaining': 2, 'is_extra_ball': False}
2025-05-17 18:15:06,130 : INFO : Mode.score : Started. Priority: 110
2025-05-17 18:15:06,130 : INFO : EventManager : Event: ======'modes_active_modes_changed'====== Args={}
2025-05-17 18:15:06,130 : INFO : EventManager : Event: ======'mode_score_started'====== Args={'player': 1, 'ball': 1, 'balls_remaining': 2, 'is_extra_ball': False}
2025-05-17 18:15:06,130 : INFO : EventManager : Event: ======'single_player_ball_started'====== Args={}
2025-05-17 18:15:06,130 : INFO : EventManager : Event: ======'ball_start_target'====== Args={'target': 'playfield'}
2025-05-17 18:15:06,131 : INFO : ball_device.bd_plunger : Setting up player-controlled eject. Balls: 1, Target: <playfield.playfield>, player_controlled_eject_event: s_fire_active
2025-05-17 18:15:06,131 : INFO : EventManager : Event: ======'balldevice_balls_available'====== Args={}
2025-05-17 18:15:06,132 : INFO : ball_device.bd_trough : State: waiting_for_target_ready
2025-05-17 18:15:06,132 : INFO : EventManager : Event: ======'balldevice_bd_trough_ball_eject_attempt'====== Args={'balls': 1, 'target': <ball_device.bd_plunger>, 'source': <ball_device.bd_trough>, 'mechanical_eject': True, 'num_attempts': 0}
2025-05-17 18:15:06,132 : INFO : ball_device.bd_plunger : State: waiting_for_ball
2025-05-17 18:15:06,132 : INFO : ball_device.bd_trough : State: ejecting
2025-05-17 18:15:06,133 : INFO : ball_device.bd_trough : Ejecting ball to <ball_device.bd_plunger>
2025-05-17 18:15:06,133 : INFO : EventManager : Event: ======'balldevice_bd_trough_ejecting_ball'====== Args={'balls': 1, 'target': <ball_device.bd_plunger>, 'source': <ball_device.bd_trough>, 'mechanical_eject': True, 'num_attempts': 0}
2025-05-17 18:15:06,133 : INFO : ball_device.bd_trough : Wait for ball to leave device
2025-05-17 18:15:06,133 : INFO : coil.c_trough_eject : Pulsing Driver for 20ms (1.0 pulse_power)
2025-05-17 18:15:06,133 : INFO : SwitchController : <<<<<<< 's_trough1' inactive >>>>>>>
2025-05-17 18:15:06,134 : INFO : ball_device.bd_trough : State: ball_left
2025-05-17 18:15:06,134 : INFO : ball_device.bd_trough : Ball left
2025-05-17 18:15:06,134 : INFO : ball_device.bd_trough : Wait for confirm with timeout 10.0
2025-05-17 18:15:06,224 : INFO : SwitchController : <<<<<<< 's_plunger_lane' active >>>>>>>
2025-05-17 18:15:06,224 : INFO : EventManager : Event: ======'machine_var_audits_switches_s_plunger_lane'====== Args={'value': 67, 'prev_value': 66, 'change': 1}
2025-05-17 18:15:06,723 : INFO : ball_device.bd_plunger : Received ball from <ball_device.bd_trough>
2025-05-17 18:15:06,724 : INFO : EventManager : Event: ======'balldevice_bd_plunger_ball_enter'====== Args={'new_balls': 1, 'unclaimed_balls': 0, 'new_available_balls': 0, 'device': <ball_device.bd_plunger>}
2025-05-17 18:15:06,724 : INFO : EventManager : Event: ======'balldevice_bd_plunger_ball_entered'====== Args={'new_balls': 0, 'device': <ball_device.bd_plunger>}
2025-05-17 18:15:06,725 : INFO : EventManager : Event: ======'balldevice_bd_plunger_ball_count_changed'====== Args={'balls': 1}
2025-05-17 18:15:06,725 : INFO : ball_device.bd_trough : Got eject confirm
2025-05-17 18:15:06,725 : INFO : ball_device.bd_trough : Eject successful
2025-05-17 18:15:06,725 : INFO : EventManager : Event: ======'balldevice_bd_trough_ball_eject_success'====== Args={'balls': 1, 'target': <ball_device.bd_plunger>}
2025-05-17 18:15:06,725 : INFO : EventManager : Event: ======'balldevice_bd_trough_ball_count_changed'====== Args={'balls': 5}
2025-05-17 18:15:06,725 : INFO : ball_device.bd_trough : State: idle
2025-05-17 18:15:06,725 : INFO : ball_device.bd_plunger : State: waiting_for_target_ready
2025-05-17 18:15:06,725 : INFO : EventManager : Event: ======'balldevice_bd_plunger_ball_eject_attempt'====== Args={'balls': 1, 'target': <playfield.playfield>, 'source': <ball_device.bd_plunger>, 'mechanical_eject': True, 'num_attempts': 0}
2025-05-17 18:15:06,726 : INFO : ball_device.bd_plunger : State: ejecting
2025-05-17 18:15:06,726 : INFO : ball_device.bd_plunger : Ejecting ball to <playfield.playfield>
2025-05-17 18:15:06,726 : INFO : EventManager : Event: ======'balldevice_bd_plunger_ejecting_ball'====== Args={'balls': 1, 'target': <playfield.playfield>, 'source': <ball_device.bd_plunger>, 'mechanical_eject': True, 'num_attempts': 0}
2025-05-17 18:15:06,727 : INFO : ball_device.bd_plunger : Wait for ball to leave device
2025-05-17 18:15:09,399 : INFO : SwitchController : <<<<<<< 's_plunger_lane' inactive >>>>>>>
2025-05-17 18:15:09,400 : INFO : ball_device.bd_plunger : State: ball_left
2025-05-17 18:15:09,400 : INFO : ball_device.bd_plunger : Ball left
2025-05-17 18:15:09,400 : INFO : ball_device.bd_plunger : Wait for confirm with timeout 10.0
2025-05-17 18:15:10,240 : INFO : SwitchController : <<<<<<< 's_trough2' inactive >>>>>>>
2025-05-17 18:15:10,573 : INFO : SwitchController : <<<<<<< 's_trough1' active >>>>>>>
2025-05-17 18:15:10,573 : INFO : EventManager : Event: ======'machine_var_audits_switches_s_trough1'====== Args={'value': 91, 'prev_value': 90, 'change': 1}
2025-05-17 18:15:11,858 : INFO : SwitchController : <<<<<<< 's_trough3' inactive >>>>>>>
2025-05-17 18:15:12,327 : INFO : SwitchController : <<<<<<< 's_trough2' active >>>>>>>
2025-05-17 18:15:12,327 : INFO : EventManager : Event: ======'machine_var_audits_switches_s_trough2'====== Args={'value': 56, 'prev_value': 55, 'change': 1}
2025-05-17 18:15:13,010 : INFO : SwitchController : <<<<<<< 's_trough4' inactive >>>>>>>
2025-05-17 18:15:13,591 : INFO : SwitchController : <<<<<<< 's_trough3' active >>>>>>>
2025-05-17 18:15:13,592 : INFO : EventManager : Event: ======'machine_var_audits_switches_s_trough3'====== Args={'value': 54, 'prev_value': 53, 'change': 1}
2025-05-17 18:15:14,312 : INFO : SwitchController : <<<<<<< 's_trough5' inactive >>>>>>>
2025-05-17 18:15:14,726 : INFO : SwitchController : <<<<<<< 's_trough4' active >>>>>>>
2025-05-17 18:15:14,726 : INFO : EventManager : Event: ======'machine_var_audits_switches_s_trough4'====== Args={'value': 54, 'prev_value': 53, 'change': 1}
2025-05-17 18:15:15,284 : INFO : SwitchController : <<<<<<< 's_trough6' inactive >>>>>>>
2025-05-17 18:15:15,706 : INFO : SwitchController : <<<<<<< 's_trough5' active >>>>>>>
2025-05-17 18:15:15,707 : INFO : EventManager : Event: ======'machine_var_audits_switches_s_trough5'====== Args={'value': 44, 'prev_value': 43, 'change': 1}
2025-05-17 18:15:19,400 : INFO : ball_device.bd_plunger : State: failed_confirm
2025-05-17 18:15:19,401 : INFO : ball_device.bd_plunger : Got timeout (10.0s) before confirm from <playfield.playfield>
2025-05-17 18:15:19,494 : INFO : ball_device.bd_plunger : Confirming eject because target is playfield and ball did not return.
2025-05-17 18:15:19,494 : INFO : ball_device.bd_plunger : Eject successful
2025-05-17 18:15:19,494 : INFO : EventManager : Event: ======'balldevice_bd_plunger_ball_eject_success'====== Args={'balls': 1, 'target': <playfield.playfield>}
2025-05-17 18:15:19,495 : INFO : EventManager : Event: ======'balldevice_playfield_ball_enter'====== Args={'new_balls': 1, 'unclaimed_balls': 1, 'device': <playfield.playfield>}
2025-05-17 18:15:19,495 : INFO : EventManager : Event: ======'playfield_ball_count_change'====== Args={'balls': 1, 'change': 1}
2025-05-17 18:15:19,496 : INFO : EventManager : Event: ======'balldevice_bd_plunger_ball_count_changed'====== Args={'balls': 0}
2025-05-17 18:15:19,496 : INFO : ball_device.bd_plunger : State: idle
2025-05-17 18:15:21,542 : INFO : SwitchController : <<<<<<< 's_left_sling' active >>>>>>>
2025-05-17 18:15:21,542 : INFO : EventManager : Event: ======'s_left_sling_active'====== Args={}
2025-05-17 18:15:21,542 : INFO : EventManager : Event: ======'machine_var_audits_switches_s_left_sling'====== Args={'value': 184, 'prev_value': 183, 'change': 1}
2025-05-17 18:15:21,543 : INFO : EventManager : Event: ======'player_score'====== Args={'value': 3030, 'prev_value': 0, 'change': 3030, 'player_num': 1, 'source': 'score'}
2025-05-17 18:15:21,543 : INFO : EventManager : Event: ======'player_shot_left_sling'====== Args={'value': 1, 'prev_value': 0, 'change': 1, 'player_num': 1}
2025-05-17 18:15:21,544 : INFO : EventManager : Event: ======'machine_var_audits_shots_left_sling'====== Args={'value': 1, 'prev_value': None, 'change': True}
2025-05-17 18:15:21,544 : INFO : EventManager : Event: ======'left_sling_hit'====== Args={'profile': 'left_sling_pulse', 'state': 'off', 'advancing': True}
2025-05-17 18:15:21,544 : INFO : EventManager : Event: ======'left_sling_left_sling_pulse_hit'====== Args={'profile': 'left_sling_pulse', 'state': 'off', 'advancing': True}
2025-05-17 18:15:21,544 : INFO : EventManager : Event: ======'left_sling_left_sling_pulse_off_hit'====== Args={'profile': 'left_sling_pulse', 'state': 'off', 'advancing': True}
2025-05-17 18:15:21,544 : INFO : EventManager : Event: ======'left_sling_off_hit'====== Args={'profile': 'left_sling_pulse', 'state': 'off', 'advancing': True}
2025-05-17 18:15:21,611 : INFO : SwitchController : <<<<<<< 's_left_sling' inactive >>>>>>>
2025-05-17 18:15:24,845 : INFO : SwitchController : <<<<<<< 's_right_sling' active >>>>>>>
2025-05-17 18:15:24,845 : INFO : EventManager : Event: ======'s_right_sling_active'====== Args={}
2025-05-17 18:15:24,845 : INFO : EventManager : Event: ======'machine_var_audits_switches_s_right_sling'====== Args={'value': 159, 'prev_value': 158, 'change': 1}
2025-05-17 18:15:24,846 : INFO : EventManager : Event: ======'player_score'====== Args={'value': 6060, 'prev_value': 3030, 'change': 3030, 'player_num': 1, 'source': 'score'}
2025-05-17 18:15:24,846 : INFO : EventManager : Event: ======'player_shot_right_sling'====== Args={'value': 1, 'prev_value': 0, 'change': 1, 'player_num': 1}
2025-05-17 18:15:24,846 : INFO : EventManager : Event: ======'machine_var_audits_shots_right_sling'====== Args={'value': 1, 'prev_value': None, 'change': True}
2025-05-17 18:15:24,846 : INFO : EventManager : Event: ======'right_sling_hit'====== Args={'profile': 'right_sling_pulse', 'state': 'off', 'advancing': True}
2025-05-17 18:15:24,846 : INFO : EventManager : Event: ======'right_sling_right_sling_pulse_hit'====== Args={'profile': 'right_sling_pulse', 'state': 'off', 'advancing': True}
2025-05-17 18:15:24,846 : INFO : EventManager : Event: ======'right_sling_right_sling_pulse_off_hit'====== Args={'profile': 'right_sling_pulse', 'state': 'off', 'advancing': True}
2025-05-17 18:15:24,846 : INFO : EventManager : Event: ======'right_sling_off_hit'====== Args={'profile': 'right_sling_pulse', 'state': 'off', 'advancing': True}
2025-05-17 18:15:24,921 : INFO : SwitchController : <<<<<<< 's_right_sling' inactive >>>>>>>
2025-05-17 18:15:28,473 : INFO : SwitchController : <<<<<<< 's_left_sling' active >>>>>>>
2025-05-17 18:15:28,473 : INFO : EventManager : Event: ======'s_left_sling_active'====== Args={}
2025-05-17 18:15:28,473 : INFO : EventManager : Event: ======'machine_var_audits_switches_s_left_sling'====== Args={'value': 185, 'prev_value': 184, 'change': 1}
2025-05-17 18:15:28,473 : INFO : EventManager : Event: ======'player_score'====== Args={'value': 9090, 'prev_value': 6060, 'change': 3030, 'player_num': 1, 'source': 'score'}
2025-05-17 18:15:28,474 : INFO : EventManager : Event: ======'machine_var_audits_shots_left_sling'====== Args={'value': 2, 'prev_value': 1, 'change': 1}
2025-05-17 18:15:28,474 : INFO : EventManager : Event: ======'left_sling_hit'====== Args={'profile': 'left_sling_pulse', 'state': 'flicker_color', 'advancing': False}
2025-05-17 18:15:28,474 : INFO : EventManager : Event: ======'left_sling_left_sling_pulse_hit'====== Args={'profile': 'left_sling_pulse', 'state': 'flicker_color', 'advancing': False}
2025-05-17 18:15:28,474 : INFO : EventManager : Event: ======'left_sling_left_sling_pulse_flicker_color_hit'====== Args={'profile': 'left_sling_pulse', 'state': 'flicker_color', 'advancing': False}
2025-05-17 18:15:28,474 : INFO : EventManager : Event: ======'left_sling_flicker_color_hit'====== Args={'profile': 'left_sling_pulse', 'state': 'flicker_color', 'advancing': False}
2025-05-17 18:15:28,509 : INFO : SwitchController : <<<<<<< 's_left_sling' inactive >>>>>>>
2025-05-17 18:15:30,164 : INFO : SwitchController : <<<<<<< 's_left_sling' active >>>>>>>
2025-05-17 18:15:30,164 : INFO : EventManager : Event: ======'s_left_sling_active'====== Args={}
2025-05-17 18:15:30,164 : INFO : EventManager : Event: ======'machine_var_audits_switches_s_left_sling'====== Args={'value': 186, 'prev_value': 185, 'change': 1}
2025-05-17 18:15:30,164 : INFO : EventManager : Event: ======'player_score'====== Args={'value': 12120, 'prev_value': 9090, 'change': 3030, 'player_num': 1, 'source': 'score'}
2025-05-17 18:15:30,164 : INFO : EventManager : Event: ======'machine_var_audits_shots_left_sling'====== Args={'value': 3, 'prev_value': 2, 'change': 1}
2025-05-17 18:15:30,165 : INFO : EventManager : Event: ======'left_sling_hit'====== Args={'profile': 'left_sling_pulse', 'state': 'flicker_color', 'advancing': False}
2025-05-17 18:15:30,165 : INFO : EventManager : Event: ======'left_sling_left_sling_pulse_hit'====== Args={'profile': 'left_sling_pulse', 'state': 'flicker_color', 'advancing': False}
2025-05-17 18:15:30,165 : INFO : EventManager : Event: ======'left_sling_left_sling_pulse_flicker_color_hit'====== Args={'profile': 'left_sling_pulse', 'state': 'flicker_color', 'advancing': False}
2025-05-17 18:15:30,165 : INFO : EventManager : Event: ======'left_sling_flicker_color_hit'====== Args={'profile': 'left_sling_pulse', 'state': 'flicker_color', 'advancing': False}
2025-05-17 18:15:30,224 : INFO : SwitchController : <<<<<<< 's_left_sling' inactive >>>>>>>
2025-05-17 18:15:31,639 : INFO : SwitchController : <<<<<<< 's_right_sling' active >>>>>>>
2025-05-17 18:15:31,639 : INFO : EventManager : Event: ======'s_right_sling_active'====== Args={}
2025-05-17 18:15:31,640 : INFO : EventManager : Event: ======'machine_var_audits_switches_s_right_sling'====== Args={'value': 160, 'prev_value': 159, 'change': 1}
2025-05-17 18:15:31,640 : INFO : EventManager : Event: ======'player_score'====== Args={'value': 15150, 'prev_value': 12120, 'change': 3030, 'player_num': 1, 'source': 'score'}
2025-05-17 18:15:31,640 : INFO : EventManager : Event: ======'machine_var_audits_shots_right_sling'====== Args={'value': 2, 'prev_value': 1, 'change': 1}
2025-05-17 18:15:31,641 : INFO : EventManager : Event: ======'right_sling_hit'====== Args={'profile': 'right_sling_pulse', 'state': 'flicker_color', 'advancing': False}
2025-05-17 18:15:31,641 : INFO : EventManager : Event: ======'right_sling_right_sling_pulse_hit'====== Args={'profile': 'right_sling_pulse', 'state': 'flicker_color', 'advancing': False}
2025-05-17 18:15:31,641 : INFO : EventManager : Event: ======'right_sling_right_sling_pulse_flicker_color_hit'====== Args={'profile': 'right_sling_pulse', 'state': 'flicker_color', 'advancing': False}
2025-05-17 18:15:31,641 : INFO : EventManager : Event: ======'right_sling_flicker_color_hit'====== Args={'profile': 'right_sling_pulse', 'state': 'flicker_color', 'advancing': False}
2025-05-17 18:15:31,705 : INFO : SwitchController : <<<<<<< 's_right_sling' inactive >>>>>>>
2025-05-17 18:15:34,821 : INFO : SwitchController : <<<<<<< 's_right_sling' active >>>>>>>
2025-05-17 18:15:34,821 : INFO : EventManager : Event: ======'s_right_sling_active'====== Args={}
2025-05-17 18:15:34,821 : INFO : EventManager : Event: ======'machine_var_audits_switches_s_right_sling'====== Args={'value': 161, 'prev_value': 160, 'change': 1}
2025-05-17 18:15:34,822 : INFO : EventManager : Event: ======'player_score'====== Args={'value': 18180, 'prev_value': 15150, 'change': 3030, 'player_num': 1, 'source': 'score'}
2025-05-17 18:15:34,822 : INFO : EventManager : Event: ======'machine_var_audits_shots_right_sling'====== Args={'value': 3, 'prev_value': 2, 'change': 1}
2025-05-17 18:15:34,822 : INFO : EventManager : Event: ======'right_sling_hit'====== Args={'profile': 'right_sling_pulse', 'state': 'flicker_color', 'advancing': False}
2025-05-17 18:15:34,822 : INFO : EventManager : Event: ======'right_sling_right_sling_pulse_hit'====== Args={'profile': 'right_sling_pulse', 'state': 'flicker_color', 'advancing': False}
2025-05-17 18:15:34,822 : INFO : EventManager : Event: ======'right_sling_right_sling_pulse_flicker_color_hit'====== Args={'profile': 'right_sling_pulse', 'state': 'flicker_color', 'advancing': False}
2025-05-17 18:15:34,822 : INFO : EventManager : Event: ======'right_sling_flicker_color_hit'====== Args={'profile': 'right_sling_pulse', 'state': 'flicker_color', 'advancing': False}
2025-05-17 18:15:34,887 : INFO : SwitchController : <<<<<<< 's_right_sling' inactive >>>>>>>
2025-05-17 18:15:36,964 : INFO : SwitchController : <<<<<<< 's_left_sling' active >>>>>>>
2025-05-17 18:15:36,964 : INFO : EventManager : Event: ======'s_left_sling_active'====== Args={}
2025-05-17 18:15:36,964 : INFO : EventManager : Event: ======'machine_var_audits_switches_s_left_sling'====== Args={'value': 187, 'prev_value': 186, 'change': 1}
2025-05-17 18:15:36,965 : INFO : EventManager : Event: ======'player_score'====== Args={'value': 21210, 'prev_value': 18180, 'change': 3030, 'player_num': 1, 'source': 'score'}
2025-05-17 18:15:36,965 : INFO : EventManager : Event: ======'machine_var_audits_shots_left_sling'====== Args={'value': 4, 'prev_value': 3, 'change': 1}
2025-05-17 18:15:36,965 : INFO : EventManager : Event: ======'left_sling_hit'====== Args={'profile': 'left_sling_pulse', 'state': 'flicker_color', 'advancing': False}
2025-05-17 18:15:36,965 : INFO : EventManager : Event: ======'left_sling_left_sling_pulse_hit'====== Args={'profile': 'left_sling_pulse', 'state': 'flicker_color', 'advancing': False}
2025-05-17 18:15:36,965 : INFO : EventManager : Event: ======'left_sling_left_sling_pulse_flicker_color_hit'====== Args={'profile': 'left_sling_pulse', 'state': 'flicker_color', 'advancing': False}
2025-05-17 18:15:36,965 : INFO : EventManager : Event: ======'left_sling_flicker_color_hit'====== Args={'profile': 'left_sling_pulse', 'state': 'flicker_color', 'advancing': False}
2025-05-17 18:15:37,050 : INFO : SwitchController : <<<<<<< 's_left_sling' inactive >>>>>>>
2025-05-17 18:15:38,690 : INFO : SwitchController : <<<<<<< 's_left_sling' active >>>>>>>
2025-05-17 18:15:38,690 : INFO : EventManager : Event: ======'s_left_sling_active'====== Args={}
2025-05-17 18:15:38,690 : INFO : EventManager : Event: ======'machine_var_audits_switches_s_left_sling'====== Args={'value': 188, 'prev_value': 187, 'change': 1}
2025-05-17 18:15:38,691 : INFO : EventManager : Event: ======'player_score'====== Args={'value': 24240, 'prev_value': 21210, 'change': 3030, 'player_num': 1, 'source': 'score'}
2025-05-17 18:15:38,691 : INFO : EventManager : Event: ======'machine_var_audits_shots_left_sling'====== Args={'value': 5, 'prev_value': 4, 'change': 1}
2025-05-17 18:15:38,691 : INFO : EventManager : Event: ======'left_sling_hit'====== Args={'profile': 'left_sling_pulse', 'state': 'flicker_color', 'advancing': False}
2025-05-17 18:15:38,691 : INFO : EventManager : Event: ======'left_sling_left_sling_pulse_hit'====== Args={'profile': 'left_sling_pulse', 'state': 'flicker_color', 'advancing': False}
2025-05-17 18:15:38,691 : INFO : EventManager : Event: ======'left_sling_left_sling_pulse_flicker_color_hit'====== Args={'profile': 'left_sling_pulse', 'state': 'flicker_color', 'advancing': False}
2025-05-17 18:15:38,691 : INFO : EventManager : Event: ======'left_sling_flicker_color_hit'====== Args={'profile': 'left_sling_pulse', 'state': 'flicker_color', 'advancing': False}
2025-05-17 18:15:38,774 : INFO : SwitchController : <<<<<<< 's_left_sling' inactive >>>>>>>
2025-05-17 18:15:39,569 : INFO : SwitchController : <<<<<<< 's_right_sling' active >>>>>>>
2025-05-17 18:15:39,569 : INFO : EventManager : Event: ======'s_right_sling_active'====== Args={}
2025-05-17 18:15:39,569 : INFO : EventManager : Event: ======'machine_var_audits_switches_s_right_sling'====== Args={'value': 162, 'prev_value': 161, 'change': 1}
2025-05-17 18:15:39,570 : INFO : EventManager : Event: ======'player_score'====== Args={'value': 27270, 'prev_value': 24240, 'change': 3030, 'player_num': 1, 'source': 'score'}
2025-05-17 18:15:39,570 : INFO : EventManager : Event: ======'machine_var_audits_shots_right_sling'====== Args={'value': 4, 'prev_value': 3, 'change': 1}
2025-05-17 18:15:39,570 : INFO : EventManager : Event: ======'right_sling_hit'====== Args={'profile': 'right_sling_pulse', 'state': 'flicker_color', 'advancing': False}
2025-05-17 18:15:39,570 : INFO : EventManager : Event: ======'right_sling_right_sling_pulse_hit'====== Args={'profile': 'right_sling_pulse', 'state': 'flicker_color', 'advancing': False}
2025-05-17 18:15:39,570 : INFO : EventManager : Event: ======'right_sling_right_sling_pulse_flicker_color_hit'====== Args={'profile': 'right_sling_pulse', 'state': 'flicker_color', 'advancing': False}
2025-05-17 18:15:39,570 : INFO : EventManager : Event: ======'right_sling_flicker_color_hit'====== Args={'profile': 'right_sling_pulse', 'state': 'flicker_color', 'advancing': False}
2025-05-17 18:15:39,642 : INFO : SwitchController : <<<<<<< 's_right_sling' inactive >>>>>>>
2025-05-17 18:15:40,937 : INFO : SwitchController : <<<<<<< 's_left_sling' active >>>>>>>
2025-05-17 18:15:40,937 : INFO : EventManager : Event: ======'s_left_sling_active'====== Args={}
2025-05-17 18:15:40,937 : INFO : EventManager : Event: ======'machine_var_audits_switches_s_left_sling'====== Args={'value': 189, 'prev_value': 188, 'change': 1}
2025-05-17 18:15:40,938 : INFO : EventManager : Event: ======'player_score'====== Args={'value': 30300, 'prev_value': 27270, 'change': 3030, 'player_num': 1, 'source': 'score'}
2025-05-17 18:15:40,938 : INFO : EventManager : Event: ======'machine_var_audits_shots_left_sling'====== Args={'value': 6, 'prev_value': 5, 'change': 1}
2025-05-17 18:15:40,938 : INFO : EventManager : Event: ======'left_sling_hit'====== Args={'profile': 'left_sling_pulse', 'state': 'flicker_color', 'advancing': False}
2025-05-17 18:15:40,938 : INFO : EventManager : Event: ======'left_sling_left_sling_pulse_hit'====== Args={'profile': 'left_sling_pulse', 'state': 'flicker_color', 'advancing': False}
2025-05-17 18:15:40,938 : INFO : EventManager : Event: ======'left_sling_left_sling_pulse_flicker_color_hit'====== Args={'profile': 'left_sling_pulse', 'state': 'flicker_color', 'advancing': False}
2025-05-17 18:15:40,938 : INFO : EventManager : Event: ======'left_sling_flicker_color_hit'====== Args={'profile': 'left_sling_pulse', 'state': 'flicker_color', 'advancing': False}
2025-05-17 18:15:40,999 : INFO : SwitchController : <<<<<<< 's_left_sling' inactive >>>>>>>
2025-05-17 18:15:41,925 : INFO : SwitchController : <<<<<<< 's_right_sling' active >>>>>>>
2025-05-17 18:15:41,925 : INFO : EventManager : Event: ======'s_right_sling_active'====== Args={}
2025-05-17 18:15:41,925 : INFO : EventManager : Event: ======'machine_var_audits_switches_s_right_sling'====== Args={'value': 163, 'prev_value': 162, 'change': 1}
2025-05-17 18:15:41,926 : INFO : EventManager : Event: ======'player_score'====== Args={'value': 33330, 'prev_value': 30300, 'change': 3030, 'player_num': 1, 'source': 'score'}
2025-05-17 18:15:41,926 : INFO : EventManager : Event: ======'machine_var_audits_shots_right_sling'====== Args={'value': 5, 'prev_value': 4, 'change': 1}
2025-05-17 18:15:41,926 : INFO : EventManager : Event: ======'right_sling_hit'====== Args={'profile': 'right_sling_pulse', 'state': 'flicker_color', 'advancing': False}
2025-05-17 18:15:41,926 : INFO : EventManager : Event: ======'right_sling_right_sling_pulse_hit'====== Args={'profile': 'right_sling_pulse', 'state': 'flicker_color', 'advancing': False}
2025-05-17 18:15:41,926 : INFO : EventManager : Event: ======'right_sling_right_sling_pulse_flicker_color_hit'====== Args={'profile': 'right_sling_pulse', 'state': 'flicker_color', 'advancing': False}
2025-05-17 18:15:41,926 : INFO : EventManager : Event: ======'right_sling_flicker_color_hit'====== Args={'profile': 'right_sling_pulse', 'state': 'flicker_color', 'advancing': False}
2025-05-17 18:15:42,014 : INFO : SwitchController : <<<<<<< 's_right_sling' inactive >>>>>>>
2025-05-17 20:11:05,026 : INFO : Machine : Shutting down...
2025-05-17 20:11:05,027 : INFO : EventManager : Event: ======'shutdown'====== Args={}
2025-05-17 20:11:05,031 : INFO : EventManager : Event: ======'mode_game_will_stop'====== Args={}
2025-05-17 20:11:05,031 : INFO : EventManager : Event: ======'mode_game_stopping'====== Args={}
2025-05-17 20:11:05,031 : INFO : EventManager : Event: ======'mode_base_will_stop'====== Args={}
2025-05-17 20:11:05,031 : INFO : EventManager : Event: ======'mode_base_stopping'====== Args={}
2025-05-17 20:11:05,031 : INFO : EventManager : Event: ======'mode_score_will_stop'====== Args={}
2025-05-17 20:11:05,031 : INFO : EventManager : Event: ======'mode_score_stopping'====== Args={}
2025-05-17 20:11:05,031 : INFO : Mode.score : Stopped.
2025-05-17 20:11:05,031 : INFO : EventManager : Event: ======'modes_active_modes_changed'====== Args={}
2025-05-17 20:11:05,031 : INFO : EventManager : Event: ======'mode_score_stopped'====== Args={}
2025-05-17 20:11:05,031 : INFO : EventManager : Event: ======'clear'====== Args={'key': 'score'}
2025-05-17 20:11:05,031 : INFO : Mode.base : Stopped.
2025-05-17 20:11:05,031 : INFO : EventManager : Event: ======'modes_active_modes_changed'====== Args={}
2025-05-17 20:11:05,031 : INFO : EventManager : Event: ======'mode_base_stopped'====== Args={}
2025-05-17 20:11:05,031 : INFO : EventManager : Event: ======'clear'====== Args={'key': 'base'}
2025-05-17 20:11:05,031 : INFO : Mode.game : Stopped.
2025-05-17 20:11:05,031 : INFO : EventManager : Event: ======'modes_active_modes_changed'====== Args={}
2025-05-17 20:11:05,031 : INFO : EventManager : Event: ======'mode_game_stopped'====== Args={}
2025-05-17 20:11:05,031 : INFO : EventManager : Event: ======'clear'====== Args={'key': 'game'}
2025-05-17 20:11:05,041 : INFO : root : MPF run loop ended.
