2025-12-06 15:02:34,492 : INFO : root : Loading config.
2025-12-06 15:02:34,506 : INFO : YamlMultifileConfigLoader : Machine config file #1: config.yaml
2025-12-06 15:02:34,507 : INFO : ConfigProcessor : Loading config from cache: C:\Users\carr-\AppData\Local\Temp\23e177fce4903a9a69d69f474fa748a1.mpf_cache
2025-12-06 15:02:34,658 : WARNING : ConfigProcessor : Config file in cache changed: C:\Users\carr-\Documents\development\diehard-mpf\modes\attract\config\attract.yaml
2025-12-06 15:02:34,658 : INFO : ConfigProcessor : Loading config from file C:\Users\carr-\Documents\development\mpf080\mpf\modes\attract\config\attract.yaml.
2025-12-06 15:02:34,672 : INFO : ConfigProcessor : Loading config: C:\Users\carr-\Documents\development\mpf080\mpf\modes\attract\config\attract.yaml
2025-12-06 15:02:34,672 : INFO : ConfigProcessor : Loading config from file C:\Users\carr-\Documents\development\diehard-mpf\modes\attract\config\attract.yaml.
2025-12-06 15:02:34,678 : INFO : ConfigProcessor : Loading config: C:\Users\carr-\Documents\development\diehard-mpf\modes\attract\config\attract.yaml
2025-12-06 15:02:34,679 : INFO : ConfigProcessor : Config file cache created: C:\Users\carr-\AppData\Local\Temp\2f9bbeccf93c71693a410725897ab70d.mpf_cache
2025-12-06 15:02:34,681 : INFO : ConfigProcessor : Loading config from cache: C:\Users\carr-\AppData\Local\Temp\71986c9cb54d44e1ee87b7d4d0f68024.mpf_cache
2025-12-06 15:02:34,696 : INFO : ConfigProcessor : Loading config from cache: C:\Users\carr-\AppData\Local\Temp\2f9bbeccf93c71693a410725897ab70d.mpf_cache
2025-12-06 15:02:34,708 : WARNING : ConfigProcessor : Config file in cache changed: C:\Users\carr-\Documents\development\diehard-mpf\modes\base\config\base.yaml
2025-12-06 15:02:34,709 : INFO : ConfigProcessor : Loading config from file C:\Users\carr-\Documents\development\diehard-mpf\modes\base\config\base.yaml.
2025-12-06 15:02:34,717 : INFO : ConfigProcessor : Loading config: C:\Users\carr-\Documents\development\diehard-mpf\modes\base\config\base.yaml
2025-12-06 15:02:34,719 : INFO : ConfigProcessor : Config file cache created: C:\Users\carr-\AppData\Local\Temp\460998002e273cec26232c9157d92984.mpf_cache
2025-12-06 15:02:34,721 : WARNING : ConfigProcessor : Config file in cache changed: C:\Users\carr-\Documents\development\diehard-mpf\modes\bullets\config\bullets.yaml
2025-12-06 15:02:34,721 : INFO : ConfigProcessor : Loading config from file C:\Users\carr-\Documents\development\diehard-mpf\modes\bullets\config\bullets.yaml.
2025-12-06 15:02:34,725 : INFO : ConfigProcessor : Loading config: C:\Users\carr-\Documents\development\diehard-mpf\modes\bullets\config\bullets.yaml
2025-12-06 15:02:34,726 : INFO : ConfigProcessor : Config file cache created: C:\Users\carr-\AppData\Local\Temp\20b013b046c359f6243f62843681857a.mpf_cache
2025-12-06 15:02:34,727 : WARNING : ConfigProcessor : Config file in cache changed: C:\Users\carr-\Documents\development\diehard-mpf\modes\holly\config\holly.yaml
2025-12-06 15:02:34,727 : INFO : ConfigProcessor : Loading config from file C:\Users\carr-\Documents\development\diehard-mpf\modes\holly\config\holly.yaml.
2025-12-06 15:02:34,732 : INFO : ConfigProcessor : Loading config: C:\Users\carr-\Documents\development\diehard-mpf\modes\holly\config\holly.yaml
2025-12-06 15:02:34,732 : INFO : ConfigProcessor : Config file cache created: C:\Users\carr-\AppData\Local\Temp\1113c1d20ec4e70f79a7ed8de50ab69e.mpf_cache
2025-12-06 15:02:34,734 : WARNING : ConfigProcessor : Config file in cache changed: C:\Users\carr-\Documents\development\diehard-mpf\modes\score\config\score.yaml
2025-12-06 15:02:34,734 : INFO : ConfigProcessor : Loading config from file C:\Users\carr-\Documents\development\diehard-mpf\modes\score\config\score.yaml.
2025-12-06 15:02:34,736 : INFO : ConfigProcessor : Loading config: C:\Users\carr-\Documents\development\diehard-mpf\modes\score\config\score.yaml
2025-12-06 15:02:34,738 : INFO : ConfigProcessor : Config file cache created: C:\Users\carr-\AppData\Local\Temp\668dbdbfcbfe997663fcbdfe0871c0b4.mpf_cache
2025-12-06 15:02:34,740 : WARNING : ConfigProcessor : Config file in cache changed: C:\Users\carr-\Documents\development\diehard-mpf\modes\mystery\config\mystery.yaml
2025-12-06 15:02:34,740 : INFO : ConfigProcessor : Loading config from file C:\Users\carr-\Documents\development\diehard-mpf\modes\mystery\config\mystery.yaml.
2025-12-06 15:02:34,758 : INFO : ConfigProcessor : Loading config: C:\Users\carr-\Documents\development\diehard-mpf\modes\mystery\config\mystery.yaml
2025-12-06 15:02:34,759 : INFO : ConfigProcessor : Config file cache created: C:\Users\carr-\AppData\Local\Temp\9f94008f2458f1d20e2cc19a054f750f.mpf_cache
2025-12-06 15:02:34,760 : INFO : ConfigProcessor : Loading config from cache: C:\Users\carr-\AppData\Local\Temp\6a4847c7210b75a304ae3e1d0e125b6a.mpf_cache
2025-12-06 15:02:34,789 : INFO : ConfigProcessor : Loading config from cache: C:\Users\carr-\AppData\Local\Temp\5bdb9da15c9005c4036d70c7ddf4c03f.mpf_cache
2025-12-06 15:02:34,801 : INFO : ConfigProcessor : Loading config from cache: C:\Users\carr-\AppData\Local\Temp\4ef2cae97e908c683695ed521c4a6650.mpf_cache
2025-12-06 15:02:34,813 : INFO : ConfigProcessor : Loading config from cache: C:\Users\carr-\AppData\Local\Temp\3fafba5daebe73845f095f892a673873.mpf_cache
2025-12-06 15:02:34,825 : INFO : ConfigProcessor : Loading config from cache: C:\Users\carr-\AppData\Local\Temp\c01a61b73c292b8700a32cafeda2e6a0.mpf_cache
2025-12-06 15:02:34,838 : INFO : ConfigProcessor : Loading config from cache: C:\Users\carr-\AppData\Local\Temp\3675271a3c90b9f1f0f947db698ba341.mpf_cache
2025-12-06 15:02:34,854 : INFO : ConfigProcessor : Loading config from cache: C:\Users\carr-\AppData\Local\Temp\4e385f0fc3c119806280d03e756fbf7d.mpf_cache
2025-12-06 15:02:34,870 : INFO : ConfigProcessor : Loading config from cache: C:\Users\carr-\AppData\Local\Temp\17e9360ec3e282ab24c38e32f4731b24.mpf_cache
2025-12-06 15:02:34,895 : INFO : ConfigProcessor : Loading config from cache: C:\Users\carr-\AppData\Local\Temp\d26a06b4c29ce604d42260b0d65dcd46.mpf_cache
2025-12-06 15:02:34,907 : INFO : ConfigProcessor : Loading config from cache: C:\Users\carr-\AppData\Local\Temp\e7fd0e8687e60c6b50353af968986d97.mpf_cache
2025-12-06 15:02:34,926 : INFO : Machine : Mission Pinball Framework Core Engine v0.80.0.dev6
2025-12-06 15:02:34,927 : INFO : Machine : Command line arguments: {'no_load_cache': False, 'create_config_cache': True, 'bcp': True, 'configfile': ['config.yaml'], 'force_assets_load': False, 'platform_integration_test': False, 'jsonlogging': False, 'logfile': 'logs\\2025-12-06-15-02-34-mpf-LAPTOP-99TN7EPH.log', 'pause': False, 'production': False, 'text_ui': False, 'loglevel': 15, 'consoleloglevel': 10, 'force_platform': 'smart_virtual', 'syslog_address': None, 'full_logfile_path': 'C:\\Users\\carr-\\Documents\\development\\diehard-mpf\\logs\\2025-12-06-15-02-34-mpf-LAPTOP-99TN7EPH.log'}
2025-12-06 15:02:34,927 : INFO : Machine : MPF path: C:\Users\carr-\Documents\development\mpf080\mpf
2025-12-06 15:02:34,927 : INFO : Machine : Machine path: C:\Users\carr-\Documents\development\diehard-mpf
2025-12-06 15:02:34,927 : INFO : Machine : Platform: win32
2025-12-06 15:02:34,927 : INFO : Machine : Python executable location: C:\Users\carr-\Documents\development\mpf080\mpfenv\Scripts\python.exe
2025-12-06 15:02:34,927 : INFO : Machine : Python version: 3.9.13 (64-bit)
2025-12-06 15:02:34,931 : INFO : Machine : Initializing MPF...
2025-12-06 15:02:35,195 : INFO : EventManager : Event: ======'machine_var_credits_string'====== Args={'value': 'FREE PLAY', 'prev_value': None, 'change': True}
2025-12-06 15:02:35,229 : INFO : EventManager : Event: ======'machine_var_fast_audio_headphones_volume'====== Args={'value': 10, 'prev_value': None, 'change': True}
2025-12-06 15:02:35,231 : INFO : EventManager : Event: ======'machine_var_fast_audio_main_volume'====== Args={'value': 60, 'prev_value': None, 'change': True}
2025-12-06 15:02:35,231 : INFO : EventManager : Event: ======'machine_var_master_volume'====== Args={'value': 0.5, 'prev_value': None, 'change': True}
2025-12-06 15:02:35,231 : INFO : EventManager : Event: ======'machine_var_player1_score'====== Args={'value': 17120, 'prev_value': None, 'change': True}
2025-12-06 15:02:35,231 : INFO : EventManager : Event: ======'machine_var_var_which_attract'====== Args={'value': 0, 'prev_value': None, 'change': True}
2025-12-06 15:02:35,231 : INFO : EventManager : Event: ======'machine_var_mpf_version'====== Args={'value': 'Mission Pinball Framework v0.80.0.dev6', 'prev_value': None, 'change': True}
2025-12-06 15:02:35,231 : INFO : EventManager : Event: ======'machine_var_mpf_extended_version'====== Args={'value': 'Mission Pinball Framework v0.80.0.dev6, Config version:6, Show version: 6, BCP version:1.1', 'prev_value': None, 'change': True}
2025-12-06 15:02:35,231 : INFO : EventManager : Event: ======'machine_var_python_version'====== Args={'value': '3.9.13', 'prev_value': None, 'change': True}
2025-12-06 15:02:35,281 : INFO : EventManager : Event: ======'machine_var_platform'====== Args={'value': 'Windows-10-10.0.26100-SP0', 'prev_value': None, 'change': True}
2025-12-06 15:02:35,282 : INFO : EventManager : Event: ======'machine_var_platform_system'====== Args={'value': 'Windows', 'prev_value': None, 'change': True}
2025-12-06 15:02:35,282 : INFO : EventManager : Event: ======'machine_var_platform_release'====== Args={'value': '10', 'prev_value': None, 'change': True}
2025-12-06 15:02:35,282 : INFO : EventManager : Event: ======'machine_var_platform_version'====== Args={'value': '10.0.26100', 'prev_value': None, 'change': True}
2025-12-06 15:02:35,282 : INFO : EventManager : Event: ======'machine_var_platform_machine'====== Args={'value': 'AMD64', 'prev_value': None, 'change': True}
2025-12-06 15:02:35,282 : INFO : EventManager : Event: ======'machine_var_log_file_path'====== Args={'value': 'C:\\Users\\carr-\\Documents\\development\\diehard-mpf\\logs\\2025-12-06-15-02-34-mpf-LAPTOP-99TN7EPH.log', 'prev_value': None, 'change': True}
2025-12-06 15:02:35,282 : INFO : EventManager : Event: ======'init_phase_1'====== Args={}
2025-12-06 15:02:35,362 : INFO : EventManager : Event: ======'drop_target_bank_bank_up'====== Args={}
2025-12-06 15:02:35,363 : INFO : EventManager : Event: ======'drop_target_bank_bank1_up'====== Args={}
2025-12-06 15:02:35,364 : INFO : EventManager : Event: ======'init_phase_2'====== Args={}
2025-12-06 15:02:35,365 : INFO : SwitchController : Found active switch: ('d-29', <Platform.SmartVirtual>) <switch.s_trough1>
2025-12-06 15:02:35,365 : INFO : SwitchController : Found active switch: ('d-24', <Platform.SmartVirtual>) <switch.s_trough2>
2025-12-06 15:02:35,365 : INFO : SwitchController : Found active switch: ('d-25', <Platform.SmartVirtual>) <switch.s_trough3>
2025-12-06 15:02:35,365 : INFO : SwitchController : Found active switch: ('d-26', <Platform.SmartVirtual>) <switch.s_trough4>
2025-12-06 15:02:35,365 : INFO : SwitchController : Found active switch: ('d-27', <Platform.SmartVirtual>) <switch.s_trough5>
2025-12-06 15:02:35,365 : INFO : SwitchController : Found active switch: ('d-28', <Platform.SmartVirtual>) <switch.s_trough6>
2025-12-06 15:02:35,371 : INFO : EventManager : Event: ======'bcp_connection_attempt'====== Args={'name': 'local_display', 'host': 'localhost', 'port': 5050}
2025-12-06 15:02:35,375 : INFO : BCPClientSocket : Connecting BCP to 'local_display' at localhost:5050...
2025-12-06 15:02:40,058 : INFO : BCPClientSocket : Connected BCP to 'local_display' localhost:5050
2025-12-06 15:02:40,059 : INFO : EventManager : Event: ======'bcp_clients_connected'====== Args={}
2025-12-06 15:02:40,059 : INFO : ball_device.bd_trough : BCH: Initial count: 6
2025-12-06 15:02:40,059 : INFO : ball_device.bd_trough : State: idle
2025-12-06 15:02:40,060 : INFO : ball_device.bd_plunger : BCH: Initial count: 0
2025-12-06 15:02:40,060 : INFO : ball_device.bd_plunger : State: idle
2025-12-06 15:02:40,060 : INFO : ball_device.kickervault1_eject : BCH: Initial count: 0
2025-12-06 15:02:40,060 : INFO : ball_device.kickervault1_eject : State: idle
2025-12-06 15:02:40,060 : INFO : ball_device.rightkicker : BCH: Initial count: 0
2025-12-06 15:02:40,061 : INFO : ball_device.rightkicker : State: idle
2025-12-06 15:02:40,061 : INFO : ball_device.UrampUp001 : BCH: Initial count: 0
2025-12-06 15:02:40,061 : INFO : ball_device.UrampUp001 : State: idle
2025-12-06 15:02:40,061 : INFO : ball_device.rightvuk : BCH: Initial count: 0
2025-12-06 15:02:40,061 : INFO : ball_device.rightvuk : State: idle
2025-12-06 15:02:40,062 : INFO : ball_device.towervuk : BCH: Initial count: 0
2025-12-06 15:02:40,063 : INFO : ball_device.towervuk : State: idle
2025-12-06 15:02:40,063 : INFO : ball_device.airplane : BCH: Initial count: 0
2025-12-06 15:02:40,063 : INFO : ball_device.airplane : State: idle
2025-12-06 15:02:40,081 : INFO : EventManager : Event: ======'init_phase_3'====== Args={}
2025-12-06 15:02:40,132 : INFO : EventManager : Event: ======'init_phase_4'====== Args={}
2025-12-06 15:02:40,132 : INFO : BallController : Initial balls found: 6
2025-12-06 15:02:40,133 : INFO : EventManager : Event: ======'machine_var_audits_events_game_ended'====== Args={'value': 20, 'prev_value': None, 'change': True}
2025-12-06 15:02:40,133 : INFO : EventManager : Event: ======'machine_var_audits_events_game_started'====== Args={'value': 116, 'prev_value': None, 'change': True}
2025-12-06 15:02:40,133 : INFO : EventManager : Event: ======'machine_var_audits_missing_switches_SpinnerLeft'====== Args={'value': 5, 'prev_value': None, 'change': True}
2025-12-06 15:02:40,133 : INFO : EventManager : Event: ======'machine_var_audits_missing_switches_SpinnerRight'====== Args={'value': 5, 'prev_value': None, 'change': True}
2025-12-06 15:02:40,133 : INFO : EventManager : Event: ======'machine_var_audits_missing_switches_s_AirDuctEnter001'====== Args={'value': 33, 'prev_value': None, 'change': True}
2025-12-06 15:02:40,133 : INFO : EventManager : Event: ======'machine_var_audits_missing_switches_s_TrPF1'====== Args={'value': 38, 'prev_value': None, 'change': True}
2025-12-06 15:02:40,133 : INFO : EventManager : Event: ======'machine_var_audits_missing_switches_s_TrPF2'====== Args={'value': 38, 'prev_value': None, 'change': True}
2025-12-06 15:02:40,134 : INFO : EventManager : Event: ======'machine_var_audits_missing_switches_s_TrPF3'====== Args={'value': 38, 'prev_value': None, 'change': True}
2025-12-06 15:02:40,134 : INFO : EventManager : Event: ======'machine_var_audits_missing_switches_s_UrampUp001'====== Args={'value': 38, 'prev_value': None, 'change': True}
2025-12-06 15:02:40,134 : INFO : EventManager : Event: ======'machine_var_audits_missing_switches_s_airplane'====== Args={'value': 1, 'prev_value': None, 'change': True}
2025-12-06 15:02:40,134 : INFO : EventManager : Event: ======'machine_var_audits_missing_switches_s_bottom_left_inner_drain'====== Args={'value': 1, 'prev_value': None, 'change': True}
2025-12-06 15:02:40,134 : INFO : EventManager : Event: ======'machine_var_audits_missing_switches_s_bottom_left_outer_drain'====== Args={'value': 2, 'prev_value': None, 'change': True}
2025-12-06 15:02:40,134 : INFO : EventManager : Event: ======'machine_var_audits_missing_switches_s_bottom_right_inner_drain'====== Args={'value': 1, 'prev_value': None, 'change': True}
2025-12-06 15:02:40,134 : INFO : EventManager : Event: ======'machine_var_audits_missing_switches_s_captiveball'====== Args={'value': 38, 'prev_value': None, 'change': True}
2025-12-06 15:02:40,134 : INFO : EventManager : Event: ======'machine_var_audits_missing_switches_s_door'====== Args={'value': 39, 'prev_value': None, 'change': True}
2025-12-06 15:02:40,134 : INFO : EventManager : Event: ======'machine_var_audits_missing_switches_s_door_tilt'====== Args={'value': 39, 'prev_value': None, 'change': True}
2025-12-06 15:02:40,134 : INFO : EventManager : Event: ======'machine_var_audits_missing_switches_s_drop_target_1'====== Args={'value': 38, 'prev_value': None, 'change': True}
2025-12-06 15:02:40,134 : INFO : EventManager : Event: ======'machine_var_audits_missing_switches_s_drop_target_2'====== Args={'value': 38, 'prev_value': None, 'change': True}
2025-12-06 15:02:40,134 : INFO : EventManager : Event: ======'machine_var_audits_missing_switches_s_drop_target_3'====== Args={'value': 37, 'prev_value': None, 'change': True}
2025-12-06 15:02:40,134 : INFO : EventManager : Event: ======'machine_var_audits_missing_switches_s_enter'====== Args={'value': 116, 'prev_value': None, 'change': True}
2025-12-06 15:02:40,134 : INFO : EventManager : Event: ======'machine_var_audits_missing_switches_s_escape'====== Args={'value': 116, 'prev_value': None, 'change': True}
2025-12-06 15:02:40,134 : INFO : EventManager : Event: ======'machine_var_audits_missing_switches_s_fire'====== Args={'value': 37, 'prev_value': None, 'change': True}
2025-12-06 15:02:40,134 : INFO : EventManager : Event: ======'machine_var_audits_missing_switches_s_highvuk'====== Args={'value': 3, 'prev_value': None, 'change': True}
2025-12-06 15:02:40,134 : INFO : EventManager : Event: ======'machine_var_audits_missing_switches_s_holly_h'====== Args={'value': 5, 'prev_value': None, 'change': True}
2025-12-06 15:02:40,134 : INFO : EventManager : Event: ======'machine_var_audits_missing_switches_s_holly_l'====== Args={'value': 37, 'prev_value': None, 'change': True}
2025-12-06 15:02:40,134 : INFO : EventManager : Event: ======'machine_var_audits_missing_switches_s_holly_l1'====== Args={'value': 36, 'prev_value': None, 'change': True}
2025-12-06 15:02:40,134 : INFO : EventManager : Event: ======'machine_var_audits_missing_switches_s_holly_l_1'====== Args={'value': 3, 'prev_value': None, 'change': True}
2025-12-06 15:02:40,134 : INFO : EventManager : Event: ======'machine_var_audits_missing_switches_s_holly_o'====== Args={'value': 5, 'prev_value': None, 'change': True}
2025-12-06 15:02:40,134 : INFO : EventManager : Event: ======'machine_var_audits_missing_switches_s_holly_y'====== Args={'value': 37, 'prev_value': None, 'change': True}
2025-12-06 15:02:40,134 : INFO : EventManager : Event: ======'machine_var_audits_missing_switches_s_kickervault1'====== Args={'value': 5, 'prev_value': None, 'change': True}
2025-12-06 15:02:40,134 : INFO : EventManager : Event: ======'machine_var_audits_missing_switches_s_left_coin'====== Args={'value': 116, 'prev_value': None, 'change': True}
2025-12-06 15:02:40,134 : INFO : EventManager : Event: ======'machine_var_audits_missing_switches_s_left_flipper'====== Args={'value': 37, 'prev_value': None, 'change': True}
2025-12-06 15:02:40,134 : INFO : EventManager : Event: ======'machine_var_audits_missing_switches_s_left_flipper_eos'====== Args={'value': 37, 'prev_value': None, 'change': True}
2025-12-06 15:02:40,134 : INFO : EventManager : Event: ======'machine_var_audits_missing_switches_s_left_inlane'====== Args={'value': 24, 'prev_value': None, 'change': True}
2025-12-06 15:02:40,134 : INFO : EventManager : Event: ======'machine_var_audits_missing_switches_s_left_magna'====== Args={'value': 1, 'prev_value': None, 'change': True}
2025-12-06 15:02:40,134 : INFO : EventManager : Event: ======'machine_var_audits_missing_switches_s_left_outlane'====== Args={'value': 24, 'prev_value': None, 'change': True}
2025-12-06 15:02:40,135 : INFO : EventManager : Event: ======'machine_var_audits_missing_switches_s_left_sling'====== Args={'value': 5, 'prev_value': None, 'change': True}
2025-12-06 15:02:40,135 : INFO : EventManager : Event: ======'machine_var_audits_missing_switches_s_left_slingshot'====== Args={'value': 1, 'prev_value': None, 'change': True}
2025-12-06 15:02:40,135 : INFO : EventManager : Event: ======'machine_var_audits_missing_switches_s_left_top_target'====== Args={'value': 1, 'prev_value': None, 'change': True}
2025-12-06 15:02:40,135 : INFO : EventManager : Event: ======'machine_var_audits_missing_switches_s_middle_top_target'====== Args={'value': 1, 'prev_value': None, 'change': True}
2025-12-06 15:02:40,135 : INFO : EventManager : Event: ======'machine_var_audits_missing_switches_s_minus'====== Args={'value': 116, 'prev_value': None, 'change': True}
2025-12-06 15:02:40,135 : INFO : EventManager : Event: ======'machine_var_audits_missing_switches_s_nakatomi_lock_ball_count'====== Args={'value': 38, 'prev_value': None, 'change': True}
2025-12-06 15:02:40,135 : INFO : EventManager : Event: ======'machine_var_audits_missing_switches_s_plus'====== Args={'value': 116, 'prev_value': None, 'change': True}
2025-12-06 15:02:40,135 : INFO : EventManager : Event: ======'machine_var_audits_missing_switches_s_popbumper_left'====== Args={'value': 28, 'prev_value': None, 'change': True}
2025-12-06 15:02:40,135 : INFO : EventManager : Event: ======'machine_var_audits_missing_switches_s_popbumper_right'====== Args={'value': 28, 'prev_value': None, 'change': True}
2025-12-06 15:02:40,135 : INFO : EventManager : Event: ======'machine_var_audits_missing_switches_s_push_drop_target_4'====== Args={'value': 37, 'prev_value': None, 'change': True}
2025-12-06 15:02:40,135 : INFO : EventManager : Event: ======'machine_var_audits_missing_switches_s_push_drop_target_5'====== Args={'value': 5, 'prev_value': None, 'change': True}
2025-12-06 15:02:40,135 : INFO : EventManager : Event: ======'machine_var_audits_missing_switches_s_right_coin'====== Args={'value': 116, 'prev_value': None, 'change': True}
2025-12-06 15:02:40,135 : INFO : EventManager : Event: ======'machine_var_audits_missing_switches_s_right_flipper'====== Args={'value': 37, 'prev_value': None, 'change': True}
2025-12-06 15:02:40,135 : INFO : EventManager : Event: ======'machine_var_audits_missing_switches_s_right_flipper_eos'====== Args={'value': 38, 'prev_value': None, 'change': True}
2025-12-06 15:02:40,135 : INFO : EventManager : Event: ======'machine_var_audits_missing_switches_s_right_inlane'====== Args={'value': 24, 'prev_value': None, 'change': True}
2025-12-06 15:02:40,135 : INFO : EventManager : Event: ======'machine_var_audits_missing_switches_s_right_magna'====== Args={'value': 1, 'prev_value': None, 'change': True}
2025-12-06 15:02:40,135 : INFO : EventManager : Event: ======'machine_var_audits_missing_switches_s_right_outlane'====== Args={'value': 24, 'prev_value': None, 'change': True}
2025-12-06 15:02:40,135 : INFO : EventManager : Event: ======'machine_var_audits_missing_switches_s_right_slingshot'====== Args={'value': 2, 'prev_value': None, 'change': True}
2025-12-06 15:02:40,135 : INFO : EventManager : Event: ======'machine_var_audits_missing_switches_s_right_top_target'====== Args={'value': 1, 'prev_value': None, 'change': True}
2025-12-06 15:02:40,135 : INFO : EventManager : Event: ======'machine_var_audits_missing_switches_s_rightkicker'====== Args={'value': 4, 'prev_value': None, 'change': True}
2025-12-06 15:02:40,135 : INFO : EventManager : Event: ======'machine_var_audits_missing_switches_s_rightvuk'====== Args={'value': 38, 'prev_value': None, 'change': True}
2025-12-06 15:02:40,135 : INFO : EventManager : Event: ======'machine_var_audits_missing_switches_s_safe_vuk'====== Args={'value': 3, 'prev_value': None, 'change': True}
2025-12-06 15:02:40,135 : INFO : EventManager : Event: ======'machine_var_audits_missing_switches_s_spinnerleft'====== Args={'value': 1, 'prev_value': None, 'change': True}
2025-12-06 15:02:40,135 : INFO : EventManager : Event: ======'machine_var_audits_missing_switches_s_spinnerright'====== Args={'value': 1, 'prev_value': None, 'change': True}
2025-12-06 15:02:40,135 : INFO : EventManager : Event: ======'machine_var_audits_missing_switches_s_start'====== Args={'value': 29, 'prev_value': None, 'change': True}
2025-12-06 15:02:40,135 : INFO : EventManager : Event: ======'machine_var_audits_missing_switches_s_swDivParkp'====== Args={'value': 38, 'prev_value': None, 'change': True}
2025-12-06 15:02:40,135 : INFO : EventManager : Event: ======'machine_var_audits_missing_switches_s_swleftinlane'====== Args={'value': 38, 'prev_value': None, 'change': True}
2025-12-06 15:02:40,135 : INFO : EventManager : Event: ======'machine_var_audits_missing_switches_s_swleftorb1'====== Args={'value': 1, 'prev_value': None, 'change': True}
2025-12-06 15:02:40,135 : INFO : EventManager : Event: ======'machine_var_audits_missing_switches_s_swleftorb2'====== Args={'value': 1, 'prev_value': None, 'change': True}
2025-12-06 15:02:40,136 : INFO : EventManager : Event: ======'machine_var_audits_missing_switches_s_swleftoutlane'====== Args={'value': 38, 'prev_value': None, 'change': True}
2025-12-06 15:02:40,136 : INFO : EventManager : Event: ======'machine_var_audits_missing_switches_s_swmidorb'====== Args={'value': 6, 'prev_value': None, 'change': True}
2025-12-06 15:02:40,136 : INFO : EventManager : Event: ======'machine_var_audits_missing_switches_s_swrightinlane'====== Args={'value': 37, 'prev_value': None, 'change': True}
2025-12-06 15:02:40,136 : INFO : EventManager : Event: ======'machine_var_audits_missing_switches_s_swrightorb1'====== Args={'value': 1, 'prev_value': None, 'change': True}
2025-12-06 15:02:40,136 : INFO : EventManager : Event: ======'machine_var_audits_missing_switches_s_swrightorb2'====== Args={'value': 2, 'prev_value': None, 'change': True}
2025-12-06 15:02:40,136 : INFO : EventManager : Event: ======'machine_var_audits_missing_switches_s_swrightoutlane'====== Args={'value': 38, 'prev_value': None, 'change': True}
2025-12-06 15:02:40,136 : INFO : EventManager : Event: ======'machine_var_audits_missing_switches_s_target002'====== Args={'value': 38, 'prev_value': None, 'change': True}
2025-12-06 15:02:40,136 : INFO : EventManager : Event: ======'machine_var_audits_missing_switches_s_target003'====== Args={'value': 38, 'prev_value': None, 'change': True}
2025-12-06 15:02:40,136 : INFO : EventManager : Event: ======'machine_var_audits_missing_switches_s_target004'====== Args={'value': 38, 'prev_value': None, 'change': True}
2025-12-06 15:02:40,136 : INFO : EventManager : Event: ======'machine_var_audits_missing_switches_s_target_2'====== Args={'value': 24, 'prev_value': None, 'change': True}
2025-12-06 15:02:40,136 : INFO : EventManager : Event: ======'machine_var_audits_missing_switches_s_target_3'====== Args={'value': 24, 'prev_value': None, 'change': True}
2025-12-06 15:02:40,136 : INFO : EventManager : Event: ======'machine_var_audits_missing_switches_s_targeth'====== Args={'value': 2, 'prev_value': None, 'change': True}
2025-12-06 15:02:40,136 : INFO : EventManager : Event: ======'machine_var_audits_missing_switches_s_targetl'====== Args={'value': 2, 'prev_value': None, 'change': True}
2025-12-06 15:02:40,136 : INFO : EventManager : Event: ======'machine_var_audits_missing_switches_s_targetl2'====== Args={'value': 1, 'prev_value': None, 'change': True}
2025-12-06 15:02:40,136 : INFO : EventManager : Event: ======'machine_var_audits_missing_switches_s_targeto'====== Args={'value': 2, 'prev_value': None, 'change': True}
2025-12-06 15:02:40,136 : INFO : EventManager : Event: ======'machine_var_audits_missing_switches_s_targety'====== Args={'value': 2, 'prev_value': None, 'change': True}
2025-12-06 15:02:40,136 : INFO : EventManager : Event: ======'machine_var_audits_missing_switches_s_tilt_bob'====== Args={'value': 116, 'prev_value': None, 'change': True}
2025-12-06 15:02:40,136 : INFO : EventManager : Event: ======'machine_var_audits_missing_switches_s_top_flipper_eos'====== Args={'value': 38, 'prev_value': None, 'change': True}
2025-12-06 15:02:40,136 : INFO : EventManager : Event: ======'machine_var_audits_missing_switches_s_top_flipper_hold'====== Args={'value': 24, 'prev_value': None, 'change': True}
2025-12-06 15:02:40,136 : INFO : EventManager : Event: ======'machine_var_audits_missing_switches_s_towervuk'====== Args={'value': 38, 'prev_value': None, 'change': True}
2025-12-06 15:02:40,136 : INFO : EventManager : Event: ======'machine_var_audits_missing_switches_s_trmagl'====== Args={'value': 38, 'prev_value': None, 'change': True}
2025-12-06 15:02:40,136 : INFO : EventManager : Event: ======'machine_var_audits_missing_switches_s_trmagr'====== Args={'value': 38, 'prev_value': None, 'change': True}
2025-12-06 15:02:40,136 : INFO : EventManager : Event: ======'machine_var_audits_missing_switches_s_trough1'====== Args={'value': 20, 'prev_value': None, 'change': True}
2025-12-06 15:02:40,136 : INFO : EventManager : Event: ======'machine_var_audits_missing_switches_s_trough2'====== Args={'value': 36, 'prev_value': None, 'change': True}
2025-12-06 15:02:40,136 : INFO : EventManager : Event: ======'machine_var_audits_missing_switches_s_trough3'====== Args={'value': 36, 'prev_value': None, 'change': True}
2025-12-06 15:02:40,136 : INFO : EventManager : Event: ======'machine_var_audits_missing_switches_s_trough4'====== Args={'value': 36, 'prev_value': None, 'change': True}
2025-12-06 15:02:40,136 : INFO : EventManager : Event: ======'machine_var_audits_missing_switches_s_trough5'====== Args={'value': 38, 'prev_value': None, 'change': True}
2025-12-06 15:02:40,136 : INFO : EventManager : Event: ======'machine_var_audits_missing_switches_s_trough6'====== Args={'value': 38, 'prev_value': None, 'change': True}
2025-12-06 15:02:40,136 : INFO : EventManager : Event: ======'machine_var_audits_missing_switches_s_trough_jam'====== Args={'value': 36, 'prev_value': None, 'change': True}
2025-12-06 15:02:40,136 : INFO : EventManager : Event: ======'machine_var_audits_missing_switches_s_tunel_vuk'====== Args={'value': 1, 'prev_value': None, 'change': True}
2025-12-06 15:02:40,136 : INFO : EventManager : Event: ======'machine_var_audits_missing_switches_s_upper_pf_entrance'====== Args={'value': 15, 'prev_value': None, 'change': True}
2025-12-06 15:02:40,136 : INFO : EventManager : Event: ======'machine_var_audits_player_score'====== Args={'value': {'average': 89899, 'top': [691810, 665430, 224220, 152420, 150000, 138180, 97570, 97420, 90150, 33330], 'total': 24}, 'prev_value': None, 'change': True}
2025-12-06 15:02:40,136 : INFO : EventManager : Event: ======'machine_var_audits_shots_bullet_air_duct'====== Args={'value': 4, 'prev_value': None, 'change': True}
2025-12-06 15:02:40,136 : INFO : EventManager : Event: ======'machine_var_audits_shots_bullet_mid_orbit'====== Args={'value': 6, 'prev_value': None, 'change': True}
2025-12-06 15:02:40,136 : INFO : EventManager : Event: ======'machine_var_audits_shots_holly_h'====== Args={'value': 301, 'prev_value': None, 'change': True}
2025-12-06 15:02:40,136 : INFO : EventManager : Event: ======'machine_var_audits_shots_holly_l'====== Args={'value': 96, 'prev_value': None, 'change': True}
2025-12-06 15:02:40,136 : INFO : EventManager : Event: ======'machine_var_audits_shots_holly_l1'====== Args={'value': 75, 'prev_value': None, 'change': True}
2025-12-06 15:02:40,136 : INFO : EventManager : Event: ======'machine_var_audits_shots_holly_o'====== Args={'value': 121, 'prev_value': None, 'change': True}
2025-12-06 15:02:40,136 : INFO : EventManager : Event: ======'machine_var_audits_shots_holly_y'====== Args={'value': 27, 'prev_value': None, 'change': True}
2025-12-06 15:02:40,136 : INFO : EventManager : Event: ======'machine_var_audits_shots_targetl2'====== Args={'value': 2, 'prev_value': None, 'change': True}
2025-12-06 15:02:40,136 : INFO : EventManager : Event: ======'machine_var_audits_shots_vault_h'====== Args={'value': 59, 'prev_value': None, 'change': True}
2025-12-06 15:02:40,136 : INFO : EventManager : Event: ======'machine_var_audits_shots_vault_o'====== Args={'value': 61, 'prev_value': None, 'change': True}
2025-12-06 15:02:40,136 : INFO : EventManager : Event: ======'machine_var_audits_switches_SpinnerLeft'====== Args={'value': 11, 'prev_value': None, 'change': True}
2025-12-06 15:02:40,138 : INFO : EventManager : Event: ======'machine_var_audits_switches_SpinnerRight'====== Args={'value': 8, 'prev_value': None, 'change': True}
2025-12-06 15:02:40,138 : INFO : EventManager : Event: ======'machine_var_audits_switches_s_AirDuctEnter001'====== Args={'value': 14, 'prev_value': None, 'change': True}
2025-12-06 15:02:40,138 : INFO : EventManager : Event: ======'machine_var_audits_switches_s_TrPF1'====== Args={'value': 0, 'prev_value': None, 'change': True}
2025-12-06 15:02:40,138 : INFO : EventManager : Event: ======'machine_var_audits_switches_s_TrPF2'====== Args={'value': 0, 'prev_value': None, 'change': True}
2025-12-06 15:02:40,138 : INFO : EventManager : Event: ======'machine_var_audits_switches_s_TrPF3'====== Args={'value': 0, 'prev_value': None, 'change': True}
2025-12-06 15:02:40,138 : INFO : EventManager : Event: ======'machine_var_audits_switches_s_UrampUp001'====== Args={'value': 0, 'prev_value': None, 'change': True}
2025-12-06 15:02:40,138 : INFO : EventManager : Event: ======'machine_var_audits_switches_s_air_duct'====== Args={'value': 4, 'prev_value': None, 'change': True}
2025-12-06 15:02:40,138 : INFO : EventManager : Event: ======'machine_var_audits_switches_s_airplane'====== Args={'value': 42, 'prev_value': None, 'change': True}
2025-12-06 15:02:40,138 : INFO : EventManager : Event: ======'machine_var_audits_switches_s_bottom_left_inner_drain'====== Args={'value': 102, 'prev_value': None, 'change': True}
2025-12-06 15:02:40,138 : INFO : EventManager : Event: ======'machine_var_audits_switches_s_bottom_left_outer_drain'====== Args={'value': 92, 'prev_value': None, 'change': True}
2025-12-06 15:02:40,138 : INFO : EventManager : Event: ======'machine_var_audits_switches_s_bottom_right_inner_drain'====== Args={'value': 126, 'prev_value': None, 'change': True}
2025-12-06 15:02:40,138 : INFO : EventManager : Event: ======'machine_var_audits_switches_s_bottom_right_outer_drain'====== Args={'value': 328, 'prev_value': None, 'change': True}
2025-12-06 15:02:40,138 : INFO : EventManager : Event: ======'machine_var_audits_switches_s_bottom_right_vuk'====== Args={'value': 1822, 'prev_value': None, 'change': True}
2025-12-06 15:02:40,138 : INFO : EventManager : Event: ======'machine_var_audits_switches_s_captiveball'====== Args={'value': 0, 'prev_value': None, 'change': True}
2025-12-06 15:02:40,138 : INFO : EventManager : Event: ======'machine_var_audits_switches_s_door'====== Args={'value': 59, 'prev_value': None, 'change': True}
2025-12-06 15:02:40,138 : INFO : EventManager : Event: ======'machine_var_audits_switches_s_door_tilt'====== Args={'value': 115, 'prev_value': None, 'change': True}
2025-12-06 15:02:40,138 : INFO : EventManager : Event: ======'machine_var_audits_switches_s_drop_target_1'====== Args={'value': 114, 'prev_value': None, 'change': True}
2025-12-06 15:02:40,139 : INFO : EventManager : Event: ======'machine_var_audits_switches_s_drop_target_2'====== Args={'value': 102, 'prev_value': None, 'change': True}
2025-12-06 15:02:40,139 : INFO : EventManager : Event: ======'machine_var_audits_switches_s_drop_target_3'====== Args={'value': 113, 'prev_value': None, 'change': True}
2025-12-06 15:02:40,139 : INFO : EventManager : Event: ======'machine_var_audits_switches_s_enter'====== Args={'value': 0, 'prev_value': None, 'change': True}
2025-12-06 15:02:40,139 : INFO : EventManager : Event: ======'machine_var_audits_switches_s_escape'====== Args={'value': 0, 'prev_value': None, 'change': True}
2025-12-06 15:02:40,139 : INFO : EventManager : Event: ======'machine_var_audits_switches_s_fire'====== Args={'value': 169, 'prev_value': None, 'change': True}
2025-12-06 15:02:40,139 : INFO : EventManager : Event: ======'machine_var_audits_switches_s_highvuk'====== Args={'value': 76, 'prev_value': None, 'change': True}
2025-12-06 15:02:40,139 : INFO : EventManager : Event: ======'machine_var_audits_switches_s_holly_h'====== Args={'value': 308, 'prev_value': None, 'change': True}
2025-12-06 15:02:40,139 : INFO : EventManager : Event: ======'machine_var_audits_switches_s_holly_l'====== Args={'value': 216, 'prev_value': None, 'change': True}
2025-12-06 15:02:40,139 : INFO : EventManager : Event: ======'machine_var_audits_switches_s_holly_l1'====== Args={'value': 75, 'prev_value': None, 'change': True}
2025-12-06 15:02:40,139 : INFO : EventManager : Event: ======'machine_var_audits_switches_s_holly_l_1'====== Args={'value': 93, 'prev_value': None, 'change': True}
2025-12-06 15:02:40,139 : INFO : EventManager : Event: ======'machine_var_audits_switches_s_holly_o'====== Args={'value': 237, 'prev_value': None, 'change': True}
2025-12-06 15:02:40,139 : INFO : EventManager : Event: ======'machine_var_audits_switches_s_holly_y'====== Args={'value': 71, 'prev_value': None, 'change': True}
2025-12-06 15:02:40,139 : INFO : EventManager : Event: ======'machine_var_audits_switches_s_kickervault1'====== Args={'value': 13, 'prev_value': None, 'change': True}
2025-12-06 15:02:40,139 : INFO : EventManager : Event: ======'machine_var_audits_switches_s_left spinner'====== Args={'value': 1170, 'prev_value': None, 'change': True}
2025-12-06 15:02:40,139 : INFO : EventManager : Event: ======'machine_var_audits_switches_s_left_coin'====== Args={'value': 0, 'prev_value': None, 'change': True}
2025-12-06 15:02:40,139 : INFO : EventManager : Event: ======'machine_var_audits_switches_s_left_flipper'====== Args={'value': 1435, 'prev_value': None, 'change': True}
2025-12-06 15:02:40,139 : INFO : EventManager : Event: ======'machine_var_audits_switches_s_left_flipper_eos'====== Args={'value': 1374, 'prev_value': None, 'change': True}
2025-12-06 15:02:40,139 : INFO : EventManager : Event: ======'machine_var_audits_switches_s_left_inlane'====== Args={'value': 0, 'prev_value': None, 'change': True}
2025-12-06 15:02:40,139 : INFO : EventManager : Event: ======'machine_var_audits_switches_s_left_magna'====== Args={'value': 377, 'prev_value': None, 'change': True}
2025-12-06 15:02:40,139 : INFO : EventManager : Event: ======'machine_var_audits_switches_s_left_orbit'====== Args={'value': 346, 'prev_value': None, 'change': True}
2025-12-06 15:02:40,139 : INFO : EventManager : Event: ======'machine_var_audits_switches_s_left_orbit2'====== Args={'value': 11, 'prev_value': None, 'change': True}
2025-12-06 15:02:40,139 : INFO : EventManager : Event: ======'machine_var_audits_switches_s_left_outlane'====== Args={'value': 0, 'prev_value': None, 'change': True}
2025-12-06 15:02:40,139 : INFO : EventManager : Event: ======'machine_var_audits_switches_s_left_sling'====== Args={'value': 357, 'prev_value': None, 'change': True}
2025-12-06 15:02:40,139 : INFO : EventManager : Event: ======'machine_var_audits_switches_s_left_slingshot'====== Args={'value': 1, 'prev_value': None, 'change': True}
2025-12-06 15:02:40,139 : INFO : EventManager : Event: ======'machine_var_audits_switches_s_left_top_target'====== Args={'value': 76, 'prev_value': None, 'change': True}
2025-12-06 15:02:40,139 : INFO : EventManager : Event: ======'machine_var_audits_switches_s_mid_orbit'====== Args={'value': 6, 'prev_value': None, 'change': True}
2025-12-06 15:02:40,139 : INFO : EventManager : Event: ======'machine_var_audits_switches_s_middle_top_target'====== Args={'value': 42, 'prev_value': None, 'change': True}
2025-12-06 15:02:40,140 : INFO : EventManager : Event: ======'machine_var_audits_switches_s_minus'====== Args={'value': 0, 'prev_value': None, 'change': True}
2025-12-06 15:02:40,140 : INFO : EventManager : Event: ======'machine_var_audits_switches_s_nakatomi'====== Args={'value': 199, 'prev_value': None, 'change': True}
2025-12-06 15:02:40,140 : INFO : EventManager : Event: ======'machine_var_audits_switches_s_nakatomi_lock_ball_count'====== Args={'value': 0, 'prev_value': None, 'change': True}
2025-12-06 15:02:40,140 : INFO : EventManager : Event: ======'machine_var_audits_switches_s_plunger_lane'====== Args={'value': 199, 'prev_value': None, 'change': True}
2025-12-06 15:02:40,140 : INFO : EventManager : Event: ======'machine_var_audits_switches_s_plus'====== Args={'value': 0, 'prev_value': None, 'change': True}
2025-12-06 15:02:40,140 : INFO : EventManager : Event: ======'machine_var_audits_switches_s_popbumper_left'====== Args={'value': 256, 'prev_value': None, 'change': True}
2025-12-06 15:02:40,140 : INFO : EventManager : Event: ======'machine_var_audits_switches_s_popbumper_right'====== Args={'value': 535, 'prev_value': None, 'change': True}
2025-12-06 15:02:40,140 : INFO : EventManager : Event: ======'machine_var_audits_switches_s_push_drop_target_4'====== Args={'value': 2, 'prev_value': None, 'change': True}
2025-12-06 15:02:40,140 : INFO : EventManager : Event: ======'machine_var_audits_switches_s_push_drop_target_5'====== Args={'value': 7, 'prev_value': None, 'change': True}
2025-12-06 15:02:40,140 : INFO : EventManager : Event: ======'machine_var_audits_switches_s_right spinner'====== Args={'value': 134, 'prev_value': None, 'change': True}
2025-12-06 15:02:40,140 : INFO : EventManager : Event: ======'machine_var_audits_switches_s_right_coin'====== Args={'value': 0, 'prev_value': None, 'change': True}
2025-12-06 15:02:40,140 : INFO : EventManager : Event: ======'machine_var_audits_switches_s_right_flipper'====== Args={'value': 1589, 'prev_value': None, 'change': True}
2025-12-06 15:02:40,140 : INFO : EventManager : Event: ======'machine_var_audits_switches_s_right_flipper_eos'====== Args={'value': 1535, 'prev_value': None, 'change': True}
2025-12-06 15:02:40,140 : INFO : EventManager : Event: ======'machine_var_audits_switches_s_right_inlane'====== Args={'value': 0, 'prev_value': None, 'change': True}
2025-12-06 15:02:40,140 : INFO : EventManager : Event: ======'machine_var_audits_switches_s_right_magna'====== Args={'value': 315, 'prev_value': None, 'change': True}
2025-12-06 15:02:40,140 : INFO : EventManager : Event: ======'machine_var_audits_switches_s_right_orbit'====== Args={'value': 266, 'prev_value': None, 'change': True}
2025-12-06 15:02:40,140 : INFO : EventManager : Event: ======'machine_var_audits_switches_s_right_orbit2'====== Args={'value': 16, 'prev_value': None, 'change': True}
2025-12-06 15:02:40,140 : INFO : EventManager : Event: ======'machine_var_audits_switches_s_right_outlane'====== Args={'value': 0, 'prev_value': None, 'change': True}
2025-12-06 15:02:40,140 : INFO : EventManager : Event: ======'machine_var_audits_switches_s_right_sling'====== Args={'value': 482, 'prev_value': None, 'change': True}
2025-12-06 15:02:40,140 : INFO : EventManager : Event: ======'machine_var_audits_switches_s_right_slingshot'====== Args={'value': 0, 'prev_value': None, 'change': True}
2025-12-06 15:02:40,140 : INFO : EventManager : Event: ======'machine_var_audits_switches_s_right_top_target'====== Args={'value': 38, 'prev_value': None, 'change': True}
2025-12-06 15:02:40,140 : INFO : EventManager : Event: ======'machine_var_audits_switches_s_rightkicker'====== Args={'value': 2, 'prev_value': None, 'change': True}
2025-12-06 15:02:40,140 : INFO : EventManager : Event: ======'machine_var_audits_switches_s_rightvuk'====== Args={'value': 0, 'prev_value': None, 'change': True}
2025-12-06 15:02:40,140 : INFO : EventManager : Event: ======'machine_var_audits_switches_s_safe_vuk'====== Args={'value': 354, 'prev_value': None, 'change': True}
2025-12-06 15:02:40,140 : INFO : EventManager : Event: ======'machine_var_audits_switches_s_spinnerleft'====== Args={'value': 10, 'prev_value': None, 'change': True}
2025-12-06 15:02:40,140 : INFO : EventManager : Event: ======'machine_var_audits_switches_s_spinnerright'====== Args={'value': 5, 'prev_value': None, 'change': True}
2025-12-06 15:02:40,140 : INFO : EventManager : Event: ======'machine_var_audits_switches_s_start'====== Args={'value': 65, 'prev_value': None, 'change': True}
2025-12-06 15:02:40,140 : INFO : EventManager : Event: ======'machine_var_audits_switches_s_swDivParkp'====== Args={'value': 0, 'prev_value': None, 'change': True}
2025-12-06 15:02:40,140 : INFO : EventManager : Event: ======'machine_var_audits_switches_s_swleftinlane'====== Args={'value': 0, 'prev_value': None, 'change': True}
2025-12-06 15:02:40,140 : INFO : EventManager : Event: ======'machine_var_audits_switches_s_swleftorb1'====== Args={'value': 2, 'prev_value': None, 'change': True}
2025-12-06 15:02:40,141 : INFO : EventManager : Event: ======'machine_var_audits_switches_s_swleftorb2'====== Args={'value': 2, 'prev_value': None, 'change': True}
2025-12-06 15:02:40,141 : INFO : EventManager : Event: ======'machine_var_audits_switches_s_swleftoutlane'====== Args={'value': 0, 'prev_value': None, 'change': True}
2025-12-06 15:02:40,141 : INFO : EventManager : Event: ======'machine_var_audits_switches_s_swmidorb'====== Args={'value': 0, 'prev_value': None, 'change': True}
2025-12-06 15:02:40,141 : INFO : EventManager : Event: ======'machine_var_audits_switches_s_swrightinlane'====== Args={'value': 1, 'prev_value': None, 'change': True}
2025-12-06 15:02:40,141 : INFO : EventManager : Event: ======'machine_var_audits_switches_s_swrightorb1'====== Args={'value': 1, 'prev_value': None, 'change': True}
2025-12-06 15:02:40,141 : INFO : EventManager : Event: ======'machine_var_audits_switches_s_swrightorb2'====== Args={'value': 0, 'prev_value': None, 'change': True}
2025-12-06 15:02:40,141 : INFO : EventManager : Event: ======'machine_var_audits_switches_s_swrightoutlane'====== Args={'value': 0, 'prev_value': None, 'change': True}
2025-12-06 15:02:40,141 : INFO : EventManager : Event: ======'machine_var_audits_switches_s_target002'====== Args={'value': 0, 'prev_value': None, 'change': True}
2025-12-06 15:02:40,141 : INFO : EventManager : Event: ======'machine_var_audits_switches_s_target003'====== Args={'value': 0, 'prev_value': None, 'change': True}
2025-12-06 15:02:40,141 : INFO : EventManager : Event: ======'machine_var_audits_switches_s_target004'====== Args={'value': 0, 'prev_value': None, 'change': True}
2025-12-06 15:02:40,141 : INFO : EventManager : Event: ======'machine_var_audits_switches_s_target_2'====== Args={'value': 0, 'prev_value': None, 'change': True}
2025-12-06 15:02:40,141 : INFO : EventManager : Event: ======'machine_var_audits_switches_s_target_3'====== Args={'value': 0, 'prev_value': None, 'change': True}
2025-12-06 15:02:40,141 : INFO : EventManager : Event: ======'machine_var_audits_switches_s_targeth'====== Args={'value': 0, 'prev_value': None, 'change': True}
2025-12-06 15:02:40,141 : INFO : EventManager : Event: ======'machine_var_audits_switches_s_targetl'====== Args={'value': 0, 'prev_value': None, 'change': True}
2025-12-06 15:02:40,141 : INFO : EventManager : Event: ======'machine_var_audits_switches_s_targetl2'====== Args={'value': 2, 'prev_value': None, 'change': True}
2025-12-06 15:02:40,141 : INFO : EventManager : Event: ======'machine_var_audits_switches_s_targeto'====== Args={'value': 0, 'prev_value': None, 'change': True}
2025-12-06 15:02:40,141 : INFO : EventManager : Event: ======'machine_var_audits_switches_s_targety'====== Args={'value': 0, 'prev_value': None, 'change': True}
2025-12-06 15:02:40,141 : INFO : EventManager : Event: ======'machine_var_audits_switches_s_tilt_bob'====== Args={'value': 0, 'prev_value': None, 'change': True}
2025-12-06 15:02:40,141 : INFO : EventManager : Event: ======'machine_var_audits_switches_s_top_flipper_eos'====== Args={'value': 1373, 'prev_value': None, 'change': True}
2025-12-06 15:02:40,141 : INFO : EventManager : Event: ======'machine_var_audits_switches_s_top_flipper_hold'====== Args={'value': 0, 'prev_value': None, 'change': True}
2025-12-06 15:02:40,141 : INFO : EventManager : Event: ======'machine_var_audits_switches_s_towervuk'====== Args={'value': 0, 'prev_value': None, 'change': True}
2025-12-06 15:02:40,141 : INFO : EventManager : Event: ======'machine_var_audits_switches_s_trmagl'====== Args={'value': 0, 'prev_value': None, 'change': True}
2025-12-06 15:02:40,141 : INFO : EventManager : Event: ======'machine_var_audits_switches_s_trmagr'====== Args={'value': 0, 'prev_value': None, 'change': True}
2025-12-06 15:02:40,141 : INFO : EventManager : Event: ======'machine_var_audits_switches_s_trough1'====== Args={'value': 223, 'prev_value': None, 'change': True}
2025-12-06 15:02:40,141 : INFO : EventManager : Event: ======'machine_var_audits_switches_s_trough2'====== Args={'value': 118, 'prev_value': None, 'change': True}
2025-12-06 15:02:40,141 : INFO : EventManager : Event: ======'machine_var_audits_switches_s_trough3'====== Args={'value': 116, 'prev_value': None, 'change': True}
2025-12-06 15:02:40,141 : INFO : EventManager : Event: ======'machine_var_audits_switches_s_trough4'====== Args={'value': 120, 'prev_value': None, 'change': True}
2025-12-06 15:02:40,141 : INFO : EventManager : Event: ======'machine_var_audits_switches_s_trough5'====== Args={'value': 100, 'prev_value': None, 'change': True}
2025-12-06 15:02:40,142 : INFO : EventManager : Event: ======'machine_var_audits_switches_s_trough6'====== Args={'value': 100, 'prev_value': None, 'change': True}
2025-12-06 15:02:40,142 : INFO : EventManager : Event: ======'machine_var_audits_switches_s_trough_jam'====== Args={'value': 171, 'prev_value': None, 'change': True}
2025-12-06 15:02:40,142 : INFO : EventManager : Event: ======'machine_var_audits_switches_s_tunel_vuk'====== Args={'value': 225, 'prev_value': None, 'change': True}
2025-12-06 15:02:40,142 : INFO : EventManager : Event: ======'machine_var_audits_switches_s_upper_pf_entrance'====== Args={'value': 0, 'prev_value': None, 'change': True}
2025-12-06 15:02:40,142 : INFO : EventManager : Event: ======'machine_var_audits_switches_swPlunger'====== Args={'value': 16, 'prev_value': None, 'change': True}
2025-12-06 15:02:40,142 : INFO : EventManager : Event: ======'init_phase_5'====== Args={}
2025-12-06 15:02:40,143 : INFO : EventManager : Event: ======'init_done'====== Args={}
2025-12-06 15:02:40,143 : INFO : EventManager : Event: ======'machine_reset_phase_1'====== Args={}
2025-12-06 15:02:40,155 : INFO : EventManager : Event: ======'machine_reset_phase_2'====== Args={}
2025-12-06 15:02:40,155 : INFO : EventManager : Event: ======'machine_reset_phase_3'====== Args={}
2025-12-06 15:02:40,155 : INFO : drop_target_bank.bank : All targets are already up. Will not reset bank.
2025-12-06 15:02:40,155 : INFO : drop_target_bank.bank1 : All targets are already up. Will not reset bank.
2025-12-06 15:02:40,155 : INFO : EventManager : Event: ======'reset_complete'====== Args={}
2025-12-06 15:02:40,156 : INFO : EventManager : Event: ======'mode_attract_will_start'====== Args={}
2025-12-06 15:02:40,156 : INFO : EventManager : Event: ======'mode_attract_starting'====== Args={}
2025-12-06 15:02:40,156 : INFO : Mode.attract : Started. Priority: 10
2025-12-06 15:02:40,156 : INFO : EventManager : Event: ======'modes_active_modes_changed'====== Args={}
2025-12-06 15:02:40,156 : INFO : EventManager : Event: ======'mode_attract_started'====== Args={}
2025-12-06 15:02:40,156 : INFO : show_player : key_attract_christmas
2025-12-06 15:02:40,157 : INFO : EventManager : Event: ======'collecting_balls_complete'====== Args={}
2025-12-06 15:02:40,157 : INFO : Machine : Starting the main run loop with active modes: [<Mode.attract>]
2025-12-06 15:02:40,224 : INFO : EventManager : Event: ======'slide_attract_created'====== Args={'_from_bcp': True}
2025-12-06 15:02:40,225 : INFO : EventManager : Event: ======'slide__removed'====== Args={'_from_bcp': True}
2025-12-06 15:02:40,225 : INFO : EventManager : Event: ======'slide_attract_active'====== Args={'original_context': 'attract', 'original_calling_context': 'mode_attract_started', 'priority': 10.0, 'cmd': 'slides_play', '_from_bcp': True}
2025-12-06 15:02:47,138 : INFO : BcpServer : New client connected.
2025-12-06 15:02:48,441 : INFO : SwitchController : <<<<<<< 's_start' active >>>>>>>
2025-12-06 15:02:48,491 : INFO : SwitchController : <<<<<<< 's_start' inactive >>>>>>>
2025-12-06 15:02:48,492 : INFO : EventManager : Event: ======'request_to_start_game'====== Args={}
2025-12-06 15:02:48,493 : INFO : EventManager : Event: ======'game_start'====== Args={'buttons': [], 'hold_time': 0.0470000000204891}
2025-12-06 15:02:48,493 : INFO : EventManager : Event: ======'mode_game_will_start'====== Args={'buttons': [], 'hold_time': 0.0470000000204891}
2025-12-06 15:02:48,493 : INFO : EventManager : Event: ======'mode_game_starting'====== Args={'buttons': [], 'hold_time': 0.0470000000204891}
2025-12-06 15:02:48,493 : INFO : EventManager : Event: ======'mode_attract_will_stop'====== Args={}
2025-12-06 15:02:48,494 : INFO : EventManager : Event: ======'mode_attract_stopping'====== Args={}
2025-12-06 15:02:48,494 : INFO : Mode.attract : Stopped.
2025-12-06 15:02:48,494 : INFO : EventManager : Event: ======'modes_active_modes_changed'====== Args={}
2025-12-06 15:02:48,494 : INFO : EventManager : Event: ======'mode_attract_stopped'====== Args={}
2025-12-06 15:02:48,494 : INFO : EventManager : Event: ======'clear'====== Args={'key': 'attract'}
2025-12-06 15:02:48,494 : INFO : Mode.game : Started. Priority: 20
2025-12-06 15:02:48,494 : INFO : EventManager : Event: ======'modes_active_modes_changed'====== Args={}
2025-12-06 15:02:48,494 : INFO : EventManager : Event: ======'mode_game_started'====== Args={'buttons': [], 'hold_time': 0.0470000000204891}
2025-12-06 15:02:48,495 : INFO : EventManager : Event: ======'game_will_start'====== Args={}
2025-12-06 15:02:48,495 : INFO : EventManager : Event: ======'game_starting'====== Args={'game': <Mode.game>}
2025-12-06 15:02:48,496 : INFO : EventManager : Unordered handler for class <Auditor> on event game_ended with priority 1. Handlers: [RegisteredHandler(callback=<bound method Auditor.disable of <Auditor>>, priority=1, kwargs={}, key=UUID('6ffcb0ea-4c81-4b68-bef5-b14f5f2c830c'), condition=None, blocking_facility=None), RegisteredHandler(callback=<bound method Auditor._save_audits of <Auditor>>, priority=1, kwargs={}, key=UUID('ea833cef-6499-4fe2-98f2-3356746f0060'), condition=None, blocking_facility=None)]. The order of those handlers is not defined and they will be executed in random order. This might lead to race conditions and potential bugs.
2025-12-06 15:02:48,496 : INFO : EventManager : Event: ======'player_add_request'====== Args={}
2025-12-06 15:02:48,496 : INFO : EventManager : Event: ======'player_will_add'====== Args={'number': 1}
2025-12-06 15:02:48,496 : INFO : EventManager : Event: ======'player_adding'====== Args={'player': <Player 1>, 'number': 1}
2025-12-06 15:02:48,496 : INFO : EventManager : Event: ======'player_added'====== Args={'player': <Player 1>, 'num': 1}
2025-12-06 15:02:48,496 : INFO : Mode.game : Player added successfully. Total players: 1
2025-12-06 15:02:48,496 : INFO : EventManager : Event: ======'player_index'====== Args={'value': 0, 'prev_value': 0, 'change': 0, 'player_num': 1}
2025-12-06 15:02:48,497 : INFO : EventManager : Event: ======'player_number'====== Args={'value': 1, 'prev_value': 1, 'change': 0, 'player_num': 1}
2025-12-06 15:02:48,497 : INFO : EventManager : Event: ======'player_mystery_hits_count'====== Args={'value': 0, 'prev_value': 0, 'change': 0, 'player_num': 1}
2025-12-06 15:02:48,497 : INFO : EventManager : Event: ======'player_score'====== Args={'value': 0, 'prev_value': 0, 'change': 0, 'player_num': 1}
2025-12-06 15:02:48,497 : INFO : EventManager : Event: ======'game_started'====== Args={}
2025-12-06 15:02:48,498 : INFO : EventManager : Event: ======'player_turn_will_start'====== Args={'player': <Player 1>, 'number': 1}
2025-12-06 15:02:48,499 : INFO : EventManager : Event: ======'player_turn_starting'====== Args={'player': <Player 1>, 'number': 1}
2025-12-06 15:02:48,504 : INFO : EventManager : Event: ======'player_ball'====== Args={'value': 1, 'prev_value': 0, 'change': 1, 'player_num': 1}
2025-12-06 15:02:48,508 : INFO : EventManager : Event: ======'player_turn_started'====== Args={'player': <Player 1>, 'number': 1}
2025-12-06 15:02:48,509 : INFO : EventManager : Event: ======'ball_will_start'====== Args={'player': 1, 'ball': 1, 'balls_remaining': 2, 'is_extra_ball': False}
2025-12-06 15:02:48,509 : INFO : EventManager : Event: ======'ball_starting'====== Args={'player': 1, 'ball': 1, 'balls_remaining': 2, 'is_extra_ball': False}
2025-12-06 15:02:48,510 : INFO : drop_target_bank.bank : All targets are already up. Will not reset bank.
2025-12-06 15:02:48,510 : INFO : drop_target_bank.bank1 : All targets are already up. Will not reset bank.
2025-12-06 15:02:48,510 : INFO : EventManager : Event: ======'balls_in_play'====== Args={'balls': 1}
2025-12-06 15:02:48,510 : INFO : EventManager : Event: ======'ball_started'====== Args={'player': 1, 'ball': 1, 'balls_remaining': 2, 'is_extra_ball': False}
2025-12-06 15:02:48,511 : INFO : EventManager : Event: ======'mode_holly_will_start'====== Args={'player': 1, 'ball': 1, 'balls_remaining': 2, 'is_extra_ball': False}
2025-12-06 15:02:48,511 : INFO : EventManager : Event: ======'holly_targets_complete'====== Args={'state': 'None'}
2025-12-06 15:02:48,511 : INFO : EventManager : Event: ======'holly_targets_None_complete'====== Args={}
2025-12-06 15:02:48,512 : INFO : EventManager : Event: ======'player_shot_holly_h_enabled'====== Args={'value': True, 'prev_value': 0, 'change': 1, 'player_num': 1}
2025-12-06 15:02:48,513 : INFO : EventManager : Event: ======'player_shot_holly_o_enabled'====== Args={'value': True, 'prev_value': 0, 'change': 1, 'player_num': 1}
2025-12-06 15:02:48,514 : INFO : EventManager : Event: ======'player_shot_holly_l_enabled'====== Args={'value': True, 'prev_value': 0, 'change': 1, 'player_num': 1}
2025-12-06 15:02:48,514 : INFO : EventManager : Event: ======'player_shot_holly_l1_enabled'====== Args={'value': True, 'prev_value': 0, 'change': 1, 'player_num': 1}
2025-12-06 15:02:48,514 : INFO : EventManager : Event: ======'player_shot_holly_y_enabled'====== Args={'value': True, 'prev_value': 0, 'change': 1, 'player_num': 1}
2025-12-06 15:02:48,515 : INFO : EventManager : Event: ======'mode_holly_starting'====== Args={'player': 1, 'ball': 1, 'balls_remaining': 2, 'is_extra_ball': False}
2025-12-06 15:02:48,515 : INFO : EventManager : Event: ======'mode_mystery_will_start'====== Args={'player': 1, 'ball': 1, 'balls_remaining': 2, 'is_extra_ball': False}
2025-12-06 15:02:48,515 : INFO : EventManager : Event: ======'mystery_ho_complete'====== Args={'state': 'None'}
2025-12-06 15:02:48,515 : INFO : EventManager : Event: ======'mystery_ho_None_complete'====== Args={}
2025-12-06 15:02:48,515 : INFO : EventManager : Event: ======'player_shot_vault_h_enabled'====== Args={'value': True, 'prev_value': 0, 'change': 1, 'player_num': 1}
2025-12-06 15:02:48,515 : INFO : EventManager : Event: ======'player_shot_vault_o_enabled'====== Args={'value': True, 'prev_value': 0, 'change': 1, 'player_num': 1}
2025-12-06 15:02:48,517 : INFO : EventManager : Event: ======'player_shot_vault_mystery_enabled'====== Args={'value': True, 'prev_value': 0, 'change': 1, 'player_num': 1}
2025-12-06 15:02:48,517 : INFO : EventManager : Event: ======'player_mystery_mystery_tick'====== Args={'value': 0, 'prev_value': 0, 'change': 0, 'player_num': 1}
2025-12-06 15:02:48,519 : INFO : EventManager : Event: ======'mode_mystery_starting'====== Args={'player': 1, 'ball': 1, 'balls_remaining': 2, 'is_extra_ball': False}
2025-12-06 15:02:48,519 : INFO : EventManager : Event: ======'mode_bullets_will_start'====== Args={'player': 1, 'ball': 1, 'balls_remaining': 2, 'is_extra_ball': False}
2025-12-06 15:02:48,519 : INFO : EventManager : Event: ======'player_shot_bullet_left_orbit_enabled'====== Args={'value': True, 'prev_value': 0, 'change': 1, 'player_num': 1}
2025-12-06 15:02:48,520 : INFO : EventManager : Event: ======'player_shot_bullet_right_orbit_enabled'====== Args={'value': True, 'prev_value': 0, 'change': 1, 'player_num': 1}
2025-12-06 15:02:48,520 : INFO : EventManager : Event: ======'player_shot_bullet_mid_orbit_enabled'====== Args={'value': True, 'prev_value': 0, 'change': 1, 'player_num': 1}
2025-12-06 15:02:48,521 : INFO : EventManager : Event: ======'player_shot_bullet_air_duct_enabled'====== Args={'value': True, 'prev_value': 0, 'change': 1, 'player_num': 1}
2025-12-06 15:02:48,522 : INFO : EventManager : Event: ======'player_bullets_bullets_combo_tick'====== Args={'value': 0, 'prev_value': 0, 'change': 0, 'player_num': 1}
2025-12-06 15:02:48,523 : INFO : EventManager : Event: ======'mode_bullets_starting'====== Args={'player': 1, 'ball': 1, 'balls_remaining': 2, 'is_extra_ball': False}
2025-12-06 15:02:48,523 : INFO : EventManager : Event: ======'mode_score_will_start'====== Args={'player': 1, 'ball': 1, 'balls_remaining': 2, 'is_extra_ball': False}
2025-12-06 15:02:48,523 : INFO : EventManager : Event: ======'mode_score_starting'====== Args={'player': 1, 'ball': 1, 'balls_remaining': 2, 'is_extra_ball': False}
2025-12-06 15:02:48,524 : INFO : EventManager : Event: ======'mode_base_will_start'====== Args={'player': 1, 'ball': 1, 'balls_remaining': 2, 'is_extra_ball': False}
2025-12-06 15:02:48,525 : INFO : EventManager : Event: ======'mode_base_starting'====== Args={'player': 1, 'ball': 1, 'balls_remaining': 2, 'is_extra_ball': False}
2025-12-06 15:02:48,526 : INFO : Mode.base : Started. Priority: 100
2025-12-06 15:02:48,526 : INFO : EventManager : Event: ======'modes_active_modes_changed'====== Args={}
2025-12-06 15:02:48,526 : INFO : EventManager : Event: ======'mode_base_started'====== Args={'player': 1, 'ball': 1, 'balls_remaining': 2, 'is_extra_ball': False}
2025-12-06 15:02:48,528 : INFO : EventManager : Event: ======'gameplay_music_3'====== Args={'player': 1, 'ball': 1, 'balls_remaining': 2, 'is_extra_ball': False}
2025-12-06 15:02:48,529 : INFO : Mode.score : Started. Priority: 110
2025-12-06 15:02:48,529 : INFO : EventManager : Event: ======'modes_active_modes_changed'====== Args={}
2025-12-06 15:02:48,529 : INFO : EventManager : Event: ======'mode_score_started'====== Args={'player': 1, 'ball': 1, 'balls_remaining': 2, 'is_extra_ball': False}
2025-12-06 15:02:48,529 : INFO : Mode.bullets : Started. Priority: 110
2025-12-06 15:02:48,529 : INFO : EventManager : Event: ======'modes_active_modes_changed'====== Args={}
2025-12-06 15:02:48,529 : INFO : EventManager : Event: ======'mode_bullets_started'====== Args={'player': 1, 'ball': 1, 'balls_remaining': 2, 'is_extra_ball': False}
2025-12-06 15:02:48,529 : INFO : Mode.mystery : Started. Priority: 115
2025-12-06 15:02:48,529 : INFO : EventManager : Event: ======'modes_active_modes_changed'====== Args={}
2025-12-06 15:02:48,529 : INFO : EventManager : Event: ======'mode_mystery_started'====== Args={'player': 1, 'ball': 1, 'balls_remaining': 2, 'is_extra_ball': False}
2025-12-06 15:02:48,530 : INFO : Mode.holly : Started. Priority: 120
2025-12-06 15:02:48,530 : INFO : EventManager : Event: ======'modes_active_modes_changed'====== Args={}
2025-12-06 15:02:48,530 : INFO : EventManager : Event: ======'mode_holly_started'====== Args={'player': 1, 'ball': 1, 'balls_remaining': 2, 'is_extra_ball': False}
2025-12-06 15:02:48,530 : INFO : EventManager : Event: ======'single_player_ball_started'====== Args={}
2025-12-06 15:02:48,533 : INFO : EventManager : Event: ======'ball_start_target'====== Args={'target': 'playfield'}
2025-12-06 15:02:48,534 : INFO : ball_device.bd_plunger : Setting up player-controlled eject. Balls: 1, Target: <playfield.playfield>, player_controlled_eject_event: s_fire_active
2025-12-06 15:02:48,534 : INFO : EventManager : Event: ======'balldevice_balls_available'====== Args={}
2025-12-06 15:02:48,535 : INFO : ball_device.bd_trough : State: waiting_for_target_ready
2025-12-06 15:02:48,535 : INFO : EventManager : Event: ======'balldevice_bd_trough_ball_eject_attempt'====== Args={'balls': 1, 'target': <ball_device.bd_plunger>, 'source': <ball_device.bd_trough>, 'mechanical_eject': True, 'num_attempts': 0}
2025-12-06 15:02:48,536 : INFO : ball_device.bd_plunger : State: waiting_for_ball
2025-12-06 15:02:48,536 : INFO : ball_device.bd_trough : State: ejecting
2025-12-06 15:02:48,536 : INFO : ball_device.bd_trough : Ejecting ball to <ball_device.bd_plunger>
2025-12-06 15:02:48,536 : INFO : EventManager : Event: ======'balldevice_bd_trough_ejecting_ball'====== Args={'balls': 1, 'target': <ball_device.bd_plunger>, 'source': <ball_device.bd_trough>, 'mechanical_eject': True, 'num_attempts': 0}
2025-12-06 15:02:48,537 : INFO : ball_device.bd_trough : Wait for ball to leave device
2025-12-06 15:02:48,537 : INFO : coil.c_trough_eject : Pulsing Driver for 20ms (1.0 pulse_power)
2025-12-06 15:02:48,537 : INFO : SmartVirtual Coil Action : LOOBEELOO
2025-12-06 15:02:48,538 : INFO : SwitchController : <<<<<<< 's_trough1' inactive >>>>>>>
2025-12-06 15:02:48,538 : INFO : SmartVirtual Coil Action : Deactivating: s_trough1
2025-12-06 15:02:48,538 : INFO : ball_device.bd_trough : State: ball_left
2025-12-06 15:02:48,539 : INFO : ball_device.bd_trough : Ball left
2025-12-06 15:02:48,539 : INFO : ball_device.bd_trough : Wait for confirm with timeout 10.0
2025-12-06 15:02:48,629 : INFO : SwitchController : <<<<<<< 's_plunger_lane' active >>>>>>>
2025-12-06 15:02:48,629 : INFO : EventManager : Event: ======'machine_var_audits_switches_s_plunger_lane'====== Args={'value': 200, 'prev_value': 199, 'change': 1}
2025-12-06 15:02:49,131 : INFO : ball_device.bd_plunger : Received ball from <ball_device.bd_trough>
2025-12-06 15:02:49,131 : INFO : EventManager : Event: ======'balldevice_bd_plunger_ball_enter'====== Args={'new_balls': 1, 'unclaimed_balls': 0, 'new_available_balls': 0, 'device': <ball_device.bd_plunger>}
2025-12-06 15:02:49,132 : INFO : EventManager : Event: ======'balldevice_bd_plunger_ball_entered'====== Args={'new_balls': 0, 'device': <ball_device.bd_plunger>}
2025-12-06 15:02:49,132 : INFO : EventManager : Event: ======'balldevice_bd_plunger_ball_count_changed'====== Args={'balls': 1}
2025-12-06 15:02:49,133 : INFO : ball_device.bd_trough : Got eject confirm
2025-12-06 15:02:49,133 : INFO : ball_device.bd_trough : Eject successful
2025-12-06 15:02:49,133 : INFO : EventManager : Event: ======'balldevice_bd_trough_ball_eject_success'====== Args={'balls': 1, 'target': <ball_device.bd_plunger>}
2025-12-06 15:02:49,133 : INFO : EventManager : Event: ======'balldevice_bd_trough_ball_count_changed'====== Args={'balls': 5}
2025-12-06 15:02:49,133 : INFO : ball_device.bd_trough : State: idle
2025-12-06 15:02:49,133 : INFO : ball_device.bd_plunger : State: waiting_for_target_ready
2025-12-06 15:02:49,134 : INFO : EventManager : Event: ======'balldevice_bd_plunger_ball_eject_attempt'====== Args={'balls': 1, 'target': <playfield.playfield>, 'source': <ball_device.bd_plunger>, 'mechanical_eject': True, 'num_attempts': 0}
2025-12-06 15:02:49,134 : INFO : ball_device.bd_plunger : State: ejecting
2025-12-06 15:02:49,134 : INFO : ball_device.bd_plunger : Ejecting ball to <playfield.playfield>
2025-12-06 15:02:49,134 : INFO : EventManager : Event: ======'balldevice_bd_plunger_ejecting_ball'====== Args={'balls': 1, 'target': <playfield.playfield>, 'source': <ball_device.bd_plunger>, 'mechanical_eject': True, 'num_attempts': 0}
2025-12-06 15:02:49,136 : INFO : ball_device.bd_plunger : Wait for ball to leave device
2025-12-06 15:02:49,214 : INFO : SwitchController : <<<<<<< 's_plunger_lane' inactive >>>>>>>
2025-12-06 15:02:49,215 : INFO : ball_device.bd_plunger : State: ball_left
2025-12-06 15:02:49,215 : INFO : ball_device.bd_plunger : Ball left
2025-12-06 15:02:49,215 : INFO : ball_device.bd_plunger : Wait for confirm with timeout 10.0
2025-12-06 15:02:52,002 : INFO : SwitchController : <<<<<<< 's_right_sling' active >>>>>>>
2025-12-06 15:02:52,002 : INFO : EventManager : Event: ======'s_right_sling_active'====== Args={}
2025-12-06 15:02:52,002 : INFO : EventManager : Event: ======'playfield_active'====== Args={'source': 'right_sling'}
2025-12-06 15:02:52,002 : INFO : EventManager : Event: ======'machine_var_audits_switches_s_right_sling'====== Args={'value': 483, 'prev_value': 482, 'change': 1}
2025-12-06 15:02:52,003 : INFO : EventManager : Event: ======'player_score'====== Args={'value': 3030, 'prev_value': 0, 'change': 3030, 'player_num': 1, 'source': 'score'}
2025-12-06 15:02:52,003 : INFO : EventManager : Event: ======'flash_right_sling_red'====== Args={}
2025-12-06 15:02:52,003 : INFO : show_player : key_s_right_sling_active
2025-12-06 15:02:52,005 : INFO : ball_device.bd_plunger : Got eject confirm
2025-12-06 15:02:52,005 : INFO : ball_device.bd_plunger : Eject successful
2025-12-06 15:02:52,005 : INFO : EventManager : Event: ======'balldevice_bd_plunger_ball_eject_success'====== Args={'balls': 1, 'target': <playfield.playfield>}
2025-12-06 15:02:52,010 : INFO : EventManager : Event: ======'balldevice_playfield_ball_enter'====== Args={'new_balls': 1, 'unclaimed_balls': 1, 'device': <playfield.playfield>}
2025-12-06 15:02:52,011 : INFO : EventManager : Event: ======'playfield_ball_count_change'====== Args={'balls': 1, 'change': 1}
2025-12-06 15:02:52,011 : INFO : EventManager : Event: ======'balldevice_bd_plunger_ball_count_changed'====== Args={'balls': 0}
2025-12-06 15:02:52,011 : INFO : ball_device.bd_plunger : State: idle
2025-12-06 15:02:52,052 : INFO : SwitchController : <<<<<<< 's_right_sling' inactive >>>>>>>
2025-12-06 15:02:56,922 : INFO : Machine : Shutting down...
2025-12-06 15:02:56,923 : INFO : EventManager : Event: ======'shutdown'====== Args={}
2025-12-06 15:02:56,924 : INFO : EventManager : Event: ======'mode_game_will_stop'====== Args={}
2025-12-06 15:02:56,924 : INFO : EventManager : Event: ======'mode_game_stopping'====== Args={}
2025-12-06 15:02:56,925 : INFO : EventManager : Event: ======'mode_holly_will_stop'====== Args={}
2025-12-06 15:02:56,925 : INFO : EventManager : Event: ======'mode_holly_stopping'====== Args={}
2025-12-06 15:02:56,925 : INFO : EventManager : Event: ======'mode_base_will_stop'====== Args={}
2025-12-06 15:02:56,925 : INFO : EventManager : Event: ======'mode_base_stopping'====== Args={}
2025-12-06 15:02:56,925 : INFO : EventManager : Event: ======'mode_bullets_will_stop'====== Args={}
2025-12-06 15:02:56,925 : INFO : EventManager : Event: ======'mode_bullets_stopping'====== Args={}
2025-12-06 15:02:56,925 : INFO : EventManager : Event: ======'mode_mystery_will_stop'====== Args={}
2025-12-06 15:02:56,925 : INFO : EventManager : Event: ======'mode_mystery_stopping'====== Args={}
2025-12-06 15:02:56,925 : INFO : EventManager : Event: ======'mode_score_will_stop'====== Args={}
2025-12-06 15:02:56,925 : INFO : EventManager : Event: ======'mode_score_stopping'====== Args={}
2025-12-06 15:02:56,925 : INFO : Mode.score : Stopped.
2025-12-06 15:02:56,925 : INFO : EventManager : Event: ======'modes_active_modes_changed'====== Args={}
2025-12-06 15:02:56,926 : INFO : EventManager : Event: ======'mode_score_stopped'====== Args={}
2025-12-06 15:02:56,926 : INFO : EventManager : Event: ======'clear'====== Args={'key': 'score'}
2025-12-06 15:02:56,926 : INFO : Mode.mystery : Stopped.
2025-12-06 15:02:56,926 : INFO : EventManager : Event: ======'modes_active_modes_changed'====== Args={}
2025-12-06 15:02:56,926 : INFO : EventManager : Event: ======'mode_mystery_stopped'====== Args={}
2025-12-06 15:02:56,926 : INFO : EventManager : Event: ======'clear'====== Args={'key': 'mystery'}
2025-12-06 15:02:56,926 : INFO : Timer.mystery : Stopping Timer
2025-12-06 15:02:56,926 : INFO : EventManager : Event: ======'timer_mystery_stopped'====== Args={'ticks': 0, 'ticks_remaining': 0}
2025-12-06 15:02:56,927 : INFO : Mode.bullets : Stopped.
2025-12-06 15:02:56,927 : INFO : EventManager : Event: ======'modes_active_modes_changed'====== Args={}
2025-12-06 15:02:56,927 : INFO : EventManager : Event: ======'mode_bullets_stopped'====== Args={}
2025-12-06 15:02:56,927 : INFO : EventManager : Event: ======'clear'====== Args={'key': 'bullets'}
2025-12-06 15:02:56,927 : INFO : Timer.bullets_combo : Stopping Timer
2025-12-06 15:02:56,927 : INFO : EventManager : Event: ======'timer_bullets_combo_stopped'====== Args={'ticks': 0, 'ticks_remaining': 0}
2025-12-06 15:02:56,928 : INFO : Mode.base : Stopped.
2025-12-06 15:02:56,928 : INFO : EventManager : Event: ======'modes_active_modes_changed'====== Args={}
2025-12-06 15:02:56,929 : INFO : EventManager : Event: ======'mode_base_stopped'====== Args={}
2025-12-06 15:02:56,929 : INFO : EventManager : Event: ======'clear'====== Args={'key': 'base'}
2025-12-06 15:02:56,929 : INFO : Mode.holly : Stopped.
2025-12-06 15:02:56,929 : INFO : EventManager : Event: ======'modes_active_modes_changed'====== Args={}
2025-12-06 15:02:56,930 : INFO : EventManager : Event: ======'mode_holly_stopped'====== Args={}
2025-12-06 15:02:56,930 : INFO : EventManager : Event: ======'clear'====== Args={'key': 'holly'}
2025-12-06 15:02:56,931 : INFO : Mode.game : Stopped.
2025-12-06 15:02:56,931 : INFO : EventManager : Event: ======'modes_active_modes_changed'====== Args={}
2025-12-06 15:02:56,931 : INFO : EventManager : Event: ======'mode_game_stopped'====== Args={}
2025-12-06 15:02:56,931 : INFO : EventManager : Event: ======'clear'====== Args={'key': 'game'}
2025-12-06 15:02:56,939 : INFO : root : MPF run loop ended.
