2025-11-16 18:28:12,872 : INFO : root : Loading config.
2025-11-16 18:28:12,910 : INFO : ConfigProcessor : Config spec file cache created: C:\Users\finis\AppData\Local\Temp\config_spec.mpf_cache
2025-11-16 18:28:12,910 : INFO : YamlMultifileConfigLoader : Machine config file #1: config.yaml
2025-11-16 18:28:12,910 : INFO : ConfigProcessor : Loading config from file C:\Users\finis\mpf\Lib\site-packages\mpf\mpfconfig.yaml.
2025-11-16 18:28:12,925 : INFO : ConfigProcessor : Loading config: C:\Users\finis\mpf\Lib\site-packages\mpf\mpfconfig.yaml
2025-11-16 18:28:12,926 : INFO : ConfigProcessor : Loading config from file C:\Users\finis\diehard-mpf\config\config.yaml.
2025-11-16 18:28:12,929 : INFO : ConfigProcessor : Loading config: C:\Users\finis\diehard-mpf\config\config.yaml
2025-11-16 18:28:12,930 : INFO : ConfigProcessor : Loading config: C:\Users\finis\diehard-mpf\config\ball_devices.yaml
2025-11-16 18:28:12,932 : INFO : ConfigProcessor : Loading config: C:\Users\finis\diehard-mpf\config\coils.yaml
2025-11-16 18:28:12,937 : INFO : ConfigProcessor : Loading config: C:\Users\finis\diehard-mpf\config\lights.yaml
2025-11-16 18:28:12,939 : INFO : ConfigProcessor : Loading config: C:\Users\finis\diehard-mpf\config\shot_profiles.yaml
2025-11-16 18:28:12,942 : INFO : ConfigProcessor : Loading config: C:\Users\finis\diehard-mpf\config\switches.yaml
2025-11-16 18:28:12,944 : INFO : ConfigProcessor : Config file cache created: C:\Users\finis\AppData\Local\Temp\46a2264aace4dc9247b28883ea729273.mpf_cache
2025-11-16 18:28:13,004 : INFO : ConfigProcessor : Loading config from file C:\Users\finis\mpf\Lib\site-packages\mpf\modes\attract\config\attract.yaml.
2025-11-16 18:28:13,013 : INFO : ConfigProcessor : Loading config: C:\Users\finis\mpf\Lib\site-packages\mpf\modes\attract\config\attract.yaml
2025-11-16 18:28:13,013 : INFO : ConfigProcessor : Loading config from file C:\Users\finis\diehard-mpf\modes\attract\config\attract.yaml.
2025-11-16 18:28:13,014 : INFO : ConfigProcessor : Loading config: C:\Users\finis\diehard-mpf\modes\attract\config\attract.yaml
2025-11-16 18:28:13,014 : INFO : ConfigProcessor : Config file cache created: C:\Users\finis\AppData\Local\Temp\7a912b2511d42635e0b426a52fd16cc1.mpf_cache
2025-11-16 18:28:13,015 : INFO : ConfigProcessor : Loading config from file C:\Users\finis\mpf\Lib\site-packages\mpf\modes\game\config\game.yaml.
2025-11-16 18:28:13,022 : INFO : ConfigProcessor : Loading config: C:\Users\finis\mpf\Lib\site-packages\mpf\modes\game\config\game.yaml
2025-11-16 18:28:13,022 : INFO : ConfigProcessor : Config file cache created: C:\Users\finis\AppData\Local\Temp\846fbc79a2a788b1cf5d5d816f13713f.mpf_cache
2025-11-16 18:28:13,023 : INFO : ConfigProcessor : Loading config from cache: C:\Users\finis\AppData\Local\Temp\7a912b2511d42635e0b426a52fd16cc1.mpf_cache
2025-11-16 18:28:13,030 : INFO : ConfigProcessor : Loading config from file C:\Users\finis\diehard-mpf\modes\base\config\base.yaml.
2025-11-16 18:28:13,031 : INFO : ConfigProcessor : Loading config: C:\Users\finis\diehard-mpf\modes\base\config\base.yaml
2025-11-16 18:28:13,032 : INFO : ConfigProcessor : Config file cache created: C:\Users\finis\AppData\Local\Temp\771489ba91bf1192210b19104700c5d3.mpf_cache
2025-11-16 18:28:13,032 : INFO : ConfigProcessor : Loading config from file C:\Users\finis\diehard-mpf\modes\holly\config\holly.yaml.
2025-11-16 18:28:13,033 : INFO : ConfigProcessor : Loading config: C:\Users\finis\diehard-mpf\modes\holly\config\holly.yaml
2025-11-16 18:28:13,034 : INFO : ConfigProcessor : Config file cache created: C:\Users\finis\AppData\Local\Temp\46e23fa43ebcbad0058dff2ccd1749db.mpf_cache
2025-11-16 18:28:13,034 : INFO : ConfigProcessor : Loading config from file C:\Users\finis\diehard-mpf\modes\score\config\score.yaml.
2025-11-16 18:28:13,035 : INFO : ConfigProcessor : Loading config: C:\Users\finis\diehard-mpf\modes\score\config\score.yaml
2025-11-16 18:28:13,036 : INFO : ConfigProcessor : Config file cache created: C:\Users\finis\AppData\Local\Temp\4b672ce255959e7c9d79f5c0592d724e.mpf_cache
2025-11-16 18:28:13,036 : INFO : ConfigProcessor : Loading config from file C:\Users\finis\diehard-mpf\shows\.\fade_led_color.yaml.
2025-11-16 18:28:13,036 : INFO : ConfigProcessor : Loading config: C:\Users\finis\diehard-mpf\shows\.\fade_led_color.yaml
2025-11-16 18:28:13,037 : INFO : ConfigProcessor : Config file cache created: C:\Users\finis\AppData\Local\Temp\9e3f944bf38390c8870a73dddcf76b67.mpf_cache
2025-11-16 18:28:13,037 : INFO : ConfigProcessor : Loading config from file C:\Users\finis\diehard-mpf\shows\.\fade_rgb_test.yaml.
2025-11-16 18:28:13,037 : INFO : ConfigProcessor : Loading config: C:\Users\finis\diehard-mpf\shows\.\fade_rgb_test.yaml
2025-11-16 18:28:13,037 : INFO : ConfigProcessor : Config file cache created: C:\Users\finis\AppData\Local\Temp\4bf8b529c69b45d37a3cfe4b57c83b44.mpf_cache
2025-11-16 18:28:13,038 : INFO : ConfigProcessor : Loading config from file C:\Users\finis\diehard-mpf\shows\.\flicker_color.yaml.
2025-11-16 18:28:13,038 : INFO : ConfigProcessor : Loading config: C:\Users\finis\diehard-mpf\shows\.\flicker_color.yaml
2025-11-16 18:28:13,038 : INFO : ConfigProcessor : Config file cache created: C:\Users\finis\AppData\Local\Temp\363f67c1c91992cd991e35986d72087d.mpf_cache
2025-11-16 18:28:13,039 : INFO : Machine : Mission Pinball Framework Core Engine v0.80.0.dev11
2025-11-16 18:28:13,039 : INFO : Machine : Command line arguments: {'no_load_cache': False, 'create_config_cache': True, 'bcp': True, 'configfile': ['config.yaml'], 'force_assets_load': False, 'platform_integration_test': False, 'jsonlogging': False, 'logfile': 'logs\\2025-11-16-18-28-12-mpf-Bosgame-1NWVA.log', 'pause': False, 'production': False, 'text_ui': True, 'loglevel': 15, 'consoleloglevel': 20, 'force_platform': None, 'syslog_address': None, 'full_logfile_path': 'C:\\Users\\finis\\diehard-mpf\\logs\\2025-11-16-18-28-12-mpf-Bosgame-1NWVA.log'}
2025-11-16 18:28:13,039 : INFO : Machine : MPF path: C:\Users\finis\mpf\Lib\site-packages\mpf
2025-11-16 18:28:13,039 : INFO : Machine : Machine path: C:\Users\finis\diehard-mpf
2025-11-16 18:28:13,039 : INFO : Machine : Platform: win32
2025-11-16 18:28:13,039 : INFO : Machine : Python executable location: C:\Users\finis\mpf\Scripts\python.exe
2025-11-16 18:28:13,039 : INFO : Machine : Python version: 3.12.7 (64-bit)
2025-11-16 18:28:13,041 : INFO : Machine : Initializing MPF...
2025-11-16 18:28:13,312 : INFO : FAST : Auto-detecting ports for the following connections: ['net', 'aud']
2025-11-16 18:28:13,575 : INFO : FAST : Detected AUD on port COM5
2025-11-16 18:28:13,575 : INFO : FAST : Detected NET on port COM4
2025-11-16 18:28:13,687 : INFO : FAST [NET] : Trying to connect to COM4 at 921600bps
2025-11-16 18:28:13,763 : INFO : FAST [NET] : Connected to COM4 at 921600bps
2025-11-16 18:28:13,778 : INFO : FAST [NET] : Connected to FP-CPU-2000 with firmware v02.26
2025-11-16 18:28:13,810 : INFO : FAST [NET] : Registered I/O Board 0: Model: FP-I/O-0024, Firmware: 01.10, Switches: 24, Drivers: 8
2025-11-16 18:28:13,825 : INFO : FAST [NET] : Registered I/O Board 1: Model: FP-I/O-3208, Firmware: 01.10, Switches: 32, Drivers: 8
2025-11-16 18:28:13,840 : INFO : FAST [NET] : Registered I/O Board 2: Model: FP-I/O-1616, Firmware: 01.10, Switches: 16, Drivers: 16
2025-11-16 18:28:13,856 : INFO : FAST [NET] : Registered I/O Board 3: Model: FP-I/O-1616, Firmware: 01.10, Switches: 16, Drivers: 16
2025-11-16 18:28:13,857 : INFO : FAST [EXP] : Trying to connect to COM3 at 921600bps
2025-11-16 18:28:13,935 : INFO : FAST [EXP] : Connected to COM3 at 921600bps
2025-11-16 18:28:13,950 : INFO : FAST [EXP] : Verifying hardware for EXP "playfield" (FP-EXP-0081, @84) with ID string "EXP FP-EXP-0081  0.12", board address 84
2025-11-16 18:28:13,967 : INFO : FAST [EXP] : Verifying hardware for EXP "playfield" (FP-EXP-0081, @84) with ID string "BRK FP-EXP-0081  0.12", board address 840
2025-11-16 18:28:13,982 : INFO : FAST [EXP] : Verifying hardware for EXP "playfield" (FP-EXP-0081, @84) with ID string "BRK FP-EXP-0081  0.12", board address 841
2025-11-16 18:28:13,999 : INFO : FAST [AUD] : Trying to connect to COM5 at 230400bps
2025-11-16 18:28:14,076 : INFO : FAST [AUD] : Connected to COM5 at 230400bps
2025-11-16 18:28:14,091 : INFO : FAST [AUD] : Connected to FP-AUD-0100 with firmware v0.02
2025-11-16 18:28:14,091 : INFO : EventManager : Event: ======'machine_var_credits_string'====== Args={'value': 'FREE PLAY', 'prev_value': None, 'change': True}
2025-11-16 18:28:14,113 : INFO : EventManager : Event: ======'machine_var_fast_audio_headphones_volume'====== Args={'value': 10, 'prev_value': None, 'change': True}
2025-11-16 18:28:14,113 : INFO : EventManager : Event: ======'machine_var_fast_audio_main_volume'====== Args={'value': 60, 'prev_value': None, 'change': True}
2025-11-16 18:28:14,113 : INFO : EventManager : Event: ======'machine_var_master_volume'====== Args={'value': 0.5, 'prev_value': None, 'change': True}
2025-11-16 18:28:14,113 : INFO : EventManager : Event: ======'machine_var_player1_score'====== Args={'value': 17120, 'prev_value': None, 'change': True}
2025-11-16 18:28:14,113 : INFO : EventManager : Event: ======'machine_var_var_which_attract'====== Args={'value': 0, 'prev_value': None, 'change': True}
2025-11-16 18:28:14,113 : INFO : EventManager : Event: ======'machine_var_mpf_version'====== Args={'value': 'Mission Pinball Framework v0.80.0.dev11', 'prev_value': None, 'change': True}
2025-11-16 18:28:14,113 : INFO : EventManager : Event: ======'machine_var_mpf_extended_version'====== Args={'value': 'Mission Pinball Framework v0.80.0.dev11, Config version:6, Show version: 6, BCP version:1.1', 'prev_value': None, 'change': True}
2025-11-16 18:28:14,113 : INFO : EventManager : Event: ======'machine_var_python_version'====== Args={'value': '3.12.7', 'prev_value': None, 'change': True}
2025-11-16 18:28:14,190 : INFO : EventManager : Event: ======'machine_var_platform'====== Args={'value': 'Windows-11-10.0.26200-SP0', 'prev_value': None, 'change': True}
2025-11-16 18:28:14,190 : INFO : EventManager : Event: ======'machine_var_platform_system'====== Args={'value': 'Windows', 'prev_value': None, 'change': True}
2025-11-16 18:28:14,190 : INFO : EventManager : Event: ======'machine_var_platform_release'====== Args={'value': '11', 'prev_value': None, 'change': True}
2025-11-16 18:28:14,190 : INFO : EventManager : Event: ======'machine_var_platform_version'====== Args={'value': '10.0.26200', 'prev_value': None, 'change': True}
2025-11-16 18:28:14,190 : INFO : EventManager : Event: ======'machine_var_platform_machine'====== Args={'value': 'AMD64', 'prev_value': None, 'change': True}
2025-11-16 18:28:14,190 : INFO : EventManager : Event: ======'machine_var_log_file_path'====== Args={'value': 'C:\\Users\\finis\\diehard-mpf\\logs\\2025-11-16-18-28-12-mpf-Bosgame-1NWVA.log', 'prev_value': None, 'change': True}
2025-11-16 18:28:14,191 : INFO : EventManager : Event: ======'init_phase_1'====== Args={}
2025-11-16 18:28:14,225 : INFO : EventManager : Event: ======'drop_target_bank_bank_up'====== Args={}
2025-11-16 18:28:14,225 : INFO : EventManager : Event: ======'drop_target_bank_bank1_up'====== Args={}
2025-11-16 18:28:14,225 : INFO : EventManager : Event: ======'drop_target_bank_bank2_up'====== Args={}
2025-11-16 18:28:16,593 : INFO : SwitchController : <<<<<<< 's_trough1' active >>>>>>>
2025-11-16 18:28:16,593 : INFO : SwitchController : <<<<<<< 's_trough2' active >>>>>>>
2025-11-16 18:28:16,593 : INFO : SwitchController : <<<<<<< 's_trough3' active >>>>>>>
2025-11-16 18:28:16,593 : INFO : SwitchController : <<<<<<< 's_trough4' active >>>>>>>
2025-11-16 18:28:16,593 : INFO : SwitchController : <<<<<<< 's_trough5' active >>>>>>>
2025-11-16 18:28:16,626 : INFO : EventManager : Event: ======'init_phase_2'====== Args={}
2025-11-16 18:28:16,627 : INFO : SwitchController : Found active switch: (53, [FAST Platform Interface]) <switch.s_trough1>
2025-11-16 18:28:16,627 : INFO : SwitchController : Found active switch: (48, [FAST Platform Interface]) <switch.s_trough2>
2025-11-16 18:28:16,627 : INFO : SwitchController : Found active switch: (49, [FAST Platform Interface]) <switch.s_trough3>
2025-11-16 18:28:16,627 : INFO : SwitchController : Found active switch: (50, [FAST Platform Interface]) <switch.s_trough4>
2025-11-16 18:28:16,627 : INFO : SwitchController : Found active switch: (51, [FAST Platform Interface]) <switch.s_trough5>
2025-11-16 18:28:16,631 : INFO : EventManager : Event: ======'bcp_connection_attempt'====== Args={'name': 'local_display', 'host': 'localhost', 'port': 5050}
2025-11-16 18:28:16,633 : INFO : BCPClientSocket : Connecting BCP to 'local_display' at localhost:5050...
2025-11-16 18:28:16,647 : INFO : BCPClientSocket : Connected BCP to 'local_display' localhost:5050
2025-11-16 18:28:16,649 : INFO : EventManager : Event: ======'bcp_clients_connected'====== Args={}
2025-11-16 18:28:17,092 : INFO : ball_device.bd_trough : BCH: Initial count: 5
2025-11-16 18:28:17,092 : INFO : ball_device.bd_trough : State: idle
2025-11-16 18:28:17,093 : INFO : ball_device.bd_plunger : BCH: Initial count: 0
2025-11-16 18:28:17,093 : INFO : ball_device.bd_plunger : State: idle
2025-11-16 18:28:17,094 : INFO : ball_device.kickervault1_eject : BCH: Initial count: 0
2025-11-16 18:28:17,094 : INFO : ball_device.kickervault1_eject : State: idle
2025-11-16 18:28:17,095 : INFO : ball_device.rightkicker : BCH: Initial count: 0
2025-11-16 18:28:17,095 : INFO : ball_device.rightkicker : State: idle
2025-11-16 18:28:17,095 : INFO : ball_device.UrampUp001 : BCH: Initial count: 0
2025-11-16 18:28:17,096 : INFO : ball_device.UrampUp001 : State: idle
2025-11-16 18:28:17,096 : INFO : ball_device.rightvuk : BCH: Initial count: 0
2025-11-16 18:28:17,096 : INFO : ball_device.rightvuk : State: idle
2025-11-16 18:28:17,097 : INFO : ball_device.towervuk : BCH: Initial count: 0
2025-11-16 18:28:17,097 : INFO : ball_device.towervuk : State: idle
2025-11-16 18:28:17,097 : INFO : ball_device.airplane : BCH: Initial count: 0
2025-11-16 18:28:17,098 : INFO : ball_device.airplane : State: idle
2025-11-16 18:28:17,113 : INFO : EventManager : Event: ======'init_phase_3'====== Args={}
2025-11-16 18:28:17,115 : INFO : EventManager : Event: ======'init_phase_4'====== Args={}
2025-11-16 18:28:17,116 : INFO : BallController : Initial balls found: 5
2025-11-16 18:28:17,118 : INFO : EventManager : Event: ======'machine_var_audits_events_game_ended'====== Args={'value': 20, 'prev_value': None, 'change': True}
2025-11-16 18:28:17,118 : INFO : EventManager : Event: ======'machine_var_audits_events_game_started'====== Args={'value': 79, 'prev_value': None, 'change': True}
2025-11-16 18:28:17,118 : INFO : EventManager : Event: ======'machine_var_audits_missing_switches_s_TrPF1'====== Args={'value': 1, 'prev_value': None, 'change': True}
2025-11-16 18:28:17,118 : INFO : EventManager : Event: ======'machine_var_audits_missing_switches_s_TrPF2'====== Args={'value': 1, 'prev_value': None, 'change': True}
2025-11-16 18:28:17,118 : INFO : EventManager : Event: ======'machine_var_audits_missing_switches_s_TrPF3'====== Args={'value': 1, 'prev_value': None, 'change': True}
2025-11-16 18:28:17,118 : INFO : EventManager : Event: ======'machine_var_audits_missing_switches_s_UrampUp001'====== Args={'value': 1, 'prev_value': None, 'change': True}
2025-11-16 18:28:17,118 : INFO : EventManager : Event: ======'machine_var_audits_missing_switches_s_airplane'====== Args={'value': 1, 'prev_value': None, 'change': True}
2025-11-16 18:28:17,118 : INFO : EventManager : Event: ======'machine_var_audits_missing_switches_s_bottom_left_inner_drain'====== Args={'value': 1, 'prev_value': None, 'change': True}
2025-11-16 18:28:17,119 : INFO : EventManager : Event: ======'machine_var_audits_missing_switches_s_bottom_left_outer_drain'====== Args={'value': 2, 'prev_value': None, 'change': True}
2025-11-16 18:28:17,119 : INFO : EventManager : Event: ======'machine_var_audits_missing_switches_s_bottom_right_inner_drain'====== Args={'value': 1, 'prev_value': None, 'change': True}
2025-11-16 18:28:17,119 : INFO : EventManager : Event: ======'machine_var_audits_missing_switches_s_captiveball'====== Args={'value': 1, 'prev_value': None, 'change': True}
2025-11-16 18:28:17,119 : INFO : EventManager : Event: ======'machine_var_audits_missing_switches_s_door'====== Args={'value': 2, 'prev_value': None, 'change': True}
2025-11-16 18:28:17,119 : INFO : EventManager : Event: ======'machine_var_audits_missing_switches_s_door_tilt'====== Args={'value': 2, 'prev_value': None, 'change': True}
2025-11-16 18:28:17,119 : INFO : EventManager : Event: ======'machine_var_audits_missing_switches_s_drop_target_1'====== Args={'value': 1, 'prev_value': None, 'change': True}
2025-11-16 18:28:17,119 : INFO : EventManager : Event: ======'machine_var_audits_missing_switches_s_drop_target_2'====== Args={'value': 1, 'prev_value': None, 'change': True}
2025-11-16 18:28:17,119 : INFO : EventManager : Event: ======'machine_var_audits_missing_switches_s_enter'====== Args={'value': 79, 'prev_value': None, 'change': True}
2025-11-16 18:28:17,119 : INFO : EventManager : Event: ======'machine_var_audits_missing_switches_s_escape'====== Args={'value': 79, 'prev_value': None, 'change': True}
2025-11-16 18:28:17,119 : INFO : EventManager : Event: ======'machine_var_audits_missing_switches_s_highvuk'====== Args={'value': 3, 'prev_value': None, 'change': True}
2025-11-16 18:28:17,119 : INFO : EventManager : Event: ======'machine_var_audits_missing_switches_s_holly_h'====== Args={'value': 1, 'prev_value': None, 'change': True}
2025-11-16 18:28:17,119 : INFO : EventManager : Event: ======'machine_var_audits_missing_switches_s_holly_l'====== Args={'value': 1, 'prev_value': None, 'change': True}
2025-11-16 18:28:17,119 : INFO : EventManager : Event: ======'machine_var_audits_missing_switches_s_holly_l_1'====== Args={'value': 3, 'prev_value': None, 'change': True}
2025-11-16 18:28:17,119 : INFO : EventManager : Event: ======'machine_var_audits_missing_switches_s_holly_o'====== Args={'value': 1, 'prev_value': None, 'change': True}
2025-11-16 18:28:17,119 : INFO : EventManager : Event: ======'machine_var_audits_missing_switches_s_holly_y'====== Args={'value': 1, 'prev_value': None, 'change': True}
2025-11-16 18:28:17,119 : INFO : EventManager : Event: ======'machine_var_audits_missing_switches_s_kickervault1'====== Args={'value': 1, 'prev_value': None, 'change': True}
2025-11-16 18:28:17,120 : INFO : EventManager : Event: ======'machine_var_audits_missing_switches_s_left_coin'====== Args={'value': 79, 'prev_value': None, 'change': True}
2025-11-16 18:28:17,120 : INFO : EventManager : Event: ======'machine_var_audits_missing_switches_s_left_inlane'====== Args={'value': 24, 'prev_value': None, 'change': True}
2025-11-16 18:28:17,120 : INFO : EventManager : Event: ======'machine_var_audits_missing_switches_s_left_magna'====== Args={'value': 1, 'prev_value': None, 'change': True}
2025-11-16 18:28:17,120 : INFO : EventManager : Event: ======'machine_var_audits_missing_switches_s_left_orbit2'====== Args={'value': 15, 'prev_value': None, 'change': True}
2025-11-16 18:28:17,120 : INFO : EventManager : Event: ======'machine_var_audits_missing_switches_s_left_outlane'====== Args={'value': 24, 'prev_value': None, 'change': True}
2025-11-16 18:28:17,120 : INFO : EventManager : Event: ======'machine_var_audits_missing_switches_s_left_top_target'====== Args={'value': 1, 'prev_value': None, 'change': True}
2025-11-16 18:28:17,120 : INFO : EventManager : Event: ======'machine_var_audits_missing_switches_s_mid_orbit'====== Args={'value': 15, 'prev_value': None, 'change': True}
2025-11-16 18:28:17,120 : INFO : EventManager : Event: ======'machine_var_audits_missing_switches_s_middle_top_target'====== Args={'value': 1, 'prev_value': None, 'change': True}
2025-11-16 18:28:17,120 : INFO : EventManager : Event: ======'machine_var_audits_missing_switches_s_minus'====== Args={'value': 79, 'prev_value': None, 'change': True}
2025-11-16 18:28:17,120 : INFO : EventManager : Event: ======'machine_var_audits_missing_switches_s_nakatomi_lock_ball_count'====== Args={'value': 1, 'prev_value': None, 'change': True}
2025-11-16 18:28:17,120 : INFO : EventManager : Event: ======'machine_var_audits_missing_switches_s_plus'====== Args={'value': 79, 'prev_value': None, 'change': True}
2025-11-16 18:28:17,120 : INFO : EventManager : Event: ======'machine_var_audits_missing_switches_s_popbumper_left'====== Args={'value': 2, 'prev_value': None, 'change': True}
2025-11-16 18:28:17,120 : INFO : EventManager : Event: ======'machine_var_audits_missing_switches_s_popbumper_right'====== Args={'value': 1, 'prev_value': None, 'change': True}
2025-11-16 18:28:17,120 : INFO : EventManager : Event: ======'machine_var_audits_missing_switches_s_push_drop_target_5'====== Args={'value': 1, 'prev_value': None, 'change': True}
2025-11-16 18:28:17,120 : INFO : EventManager : Event: ======'machine_var_audits_missing_switches_s_right_coin'====== Args={'value': 79, 'prev_value': None, 'change': True}
2025-11-16 18:28:17,120 : INFO : EventManager : Event: ======'machine_var_audits_missing_switches_s_right_flipper_eos'====== Args={'value': 1, 'prev_value': None, 'change': True}
2025-11-16 18:28:17,120 : INFO : EventManager : Event: ======'machine_var_audits_missing_switches_s_right_inlane'====== Args={'value': 24, 'prev_value': None, 'change': True}
2025-11-16 18:28:17,120 : INFO : EventManager : Event: ======'machine_var_audits_missing_switches_s_right_magna'====== Args={'value': 1, 'prev_value': None, 'change': True}
2025-11-16 18:28:17,121 : INFO : EventManager : Event: ======'machine_var_audits_missing_switches_s_right_orbit2'====== Args={'value': 15, 'prev_value': None, 'change': True}
2025-11-16 18:28:17,121 : INFO : EventManager : Event: ======'machine_var_audits_missing_switches_s_right_outlane'====== Args={'value': 24, 'prev_value': None, 'change': True}
2025-11-16 18:28:17,121 : INFO : EventManager : Event: ======'machine_var_audits_missing_switches_s_right_slingshot'====== Args={'value': 1, 'prev_value': None, 'change': True}
2025-11-16 18:28:17,121 : INFO : EventManager : Event: ======'machine_var_audits_missing_switches_s_right_top_target'====== Args={'value': 1, 'prev_value': None, 'change': True}
2025-11-16 18:28:17,121 : INFO : EventManager : Event: ======'machine_var_audits_missing_switches_s_rightkicker'====== Args={'value': 1, 'prev_value': None, 'change': True}
2025-11-16 18:28:17,121 : INFO : EventManager : Event: ======'machine_var_audits_missing_switches_s_rightvuk'====== Args={'value': 1, 'prev_value': None, 'change': True}
2025-11-16 18:28:17,121 : INFO : EventManager : Event: ======'machine_var_audits_missing_switches_s_safe_vuk'====== Args={'value': 3, 'prev_value': None, 'change': True}
2025-11-16 18:28:17,121 : INFO : EventManager : Event: ======'machine_var_audits_missing_switches_s_start'====== Args={'value': 2, 'prev_value': None, 'change': True}
2025-11-16 18:28:17,121 : INFO : EventManager : Event: ======'machine_var_audits_missing_switches_s_swDivParkp'====== Args={'value': 1, 'prev_value': None, 'change': True}
2025-11-16 18:28:17,121 : INFO : EventManager : Event: ======'machine_var_audits_missing_switches_s_swleftinlane'====== Args={'value': 1, 'prev_value': None, 'change': True}
2025-11-16 18:28:17,121 : INFO : EventManager : Event: ======'machine_var_audits_missing_switches_s_swleftoutlane'====== Args={'value': 1, 'prev_value': None, 'change': True}
2025-11-16 18:28:17,121 : INFO : EventManager : Event: ======'machine_var_audits_missing_switches_s_swmidorb'====== Args={'value': 1, 'prev_value': None, 'change': True}
2025-11-16 18:28:17,121 : INFO : EventManager : Event: ======'machine_var_audits_missing_switches_s_swrightorb2'====== Args={'value': 1, 'prev_value': None, 'change': True}
2025-11-16 18:28:17,121 : INFO : EventManager : Event: ======'machine_var_audits_missing_switches_s_swrightoutlane'====== Args={'value': 1, 'prev_value': None, 'change': True}
2025-11-16 18:28:17,121 : INFO : EventManager : Event: ======'machine_var_audits_missing_switches_s_target002'====== Args={'value': 1, 'prev_value': None, 'change': True}
2025-11-16 18:28:17,121 : INFO : EventManager : Event: ======'machine_var_audits_missing_switches_s_target003'====== Args={'value': 1, 'prev_value': None, 'change': True}
2025-11-16 18:28:17,121 : INFO : EventManager : Event: ======'machine_var_audits_missing_switches_s_target004'====== Args={'value': 1, 'prev_value': None, 'change': True}
2025-11-16 18:28:17,122 : INFO : EventManager : Event: ======'machine_var_audits_missing_switches_s_target_2'====== Args={'value': 24, 'prev_value': None, 'change': True}
2025-11-16 18:28:17,122 : INFO : EventManager : Event: ======'machine_var_audits_missing_switches_s_target_3'====== Args={'value': 24, 'prev_value': None, 'change': True}
2025-11-16 18:28:17,122 : INFO : EventManager : Event: ======'machine_var_audits_missing_switches_s_targeth'====== Args={'value': 1, 'prev_value': None, 'change': True}
2025-11-16 18:28:17,122 : INFO : EventManager : Event: ======'machine_var_audits_missing_switches_s_targetl'====== Args={'value': 1, 'prev_value': None, 'change': True}
2025-11-16 18:28:17,122 : INFO : EventManager : Event: ======'machine_var_audits_missing_switches_s_targeto'====== Args={'value': 1, 'prev_value': None, 'change': True}
2025-11-16 18:28:17,122 : INFO : EventManager : Event: ======'machine_var_audits_missing_switches_s_targety'====== Args={'value': 1, 'prev_value': None, 'change': True}
2025-11-16 18:28:17,122 : INFO : EventManager : Event: ======'machine_var_audits_missing_switches_s_tilt_bob'====== Args={'value': 79, 'prev_value': None, 'change': True}
2025-11-16 18:28:17,122 : INFO : EventManager : Event: ======'machine_var_audits_missing_switches_s_top_flipper_eos'====== Args={'value': 1, 'prev_value': None, 'change': True}
2025-11-16 18:28:17,122 : INFO : EventManager : Event: ======'machine_var_audits_missing_switches_s_top_flipper_hold'====== Args={'value': 24, 'prev_value': None, 'change': True}
2025-11-16 18:28:17,122 : INFO : EventManager : Event: ======'machine_var_audits_missing_switches_s_towervuk'====== Args={'value': 1, 'prev_value': None, 'change': True}
2025-11-16 18:28:17,122 : INFO : EventManager : Event: ======'machine_var_audits_missing_switches_s_trmagl'====== Args={'value': 1, 'prev_value': None, 'change': True}
2025-11-16 18:28:17,122 : INFO : EventManager : Event: ======'machine_var_audits_missing_switches_s_trmagr'====== Args={'value': 1, 'prev_value': None, 'change': True}
2025-11-16 18:28:17,122 : INFO : EventManager : Event: ======'machine_var_audits_missing_switches_s_trough1'====== Args={'value': 1, 'prev_value': None, 'change': True}
2025-11-16 18:28:17,122 : INFO : EventManager : Event: ======'machine_var_audits_missing_switches_s_trough5'====== Args={'value': 1, 'prev_value': None, 'change': True}
2025-11-16 18:28:17,122 : INFO : EventManager : Event: ======'machine_var_audits_missing_switches_s_trough6'====== Args={'value': 1, 'prev_value': None, 'change': True}
2025-11-16 18:28:17,122 : INFO : EventManager : Event: ======'machine_var_audits_missing_switches_s_tunel_vuk'====== Args={'value': 1, 'prev_value': None, 'change': True}
2025-11-16 18:28:17,123 : INFO : EventManager : Event: ======'machine_var_audits_missing_switches_s_upper_pf_entrance'====== Args={'value': 15, 'prev_value': None, 'change': True}
2025-11-16 18:28:17,123 : INFO : EventManager : Event: ======'machine_var_audits_player_score'====== Args={'value': {'average': 89899, 'top': [691810, 665430, 224220, 152420, 150000, 138180, 97570, 97420, 90150, 33330], 'total': 24}, 'prev_value': None, 'change': True}
2025-11-16 18:28:17,123 : INFO : EventManager : Event: ======'machine_var_audits_shots_holly_h'====== Args={'value': 241, 'prev_value': None, 'change': True}
2025-11-16 18:28:17,123 : INFO : EventManager : Event: ======'machine_var_audits_shots_holly_l'====== Args={'value': 96, 'prev_value': None, 'change': True}
2025-11-16 18:28:17,123 : INFO : EventManager : Event: ======'machine_var_audits_shots_holly_l1'====== Args={'value': 75, 'prev_value': None, 'change': True}
2025-11-16 18:28:17,123 : INFO : EventManager : Event: ======'machine_var_audits_shots_holly_o'====== Args={'value': 60, 'prev_value': None, 'change': True}
2025-11-16 18:28:17,123 : INFO : EventManager : Event: ======'machine_var_audits_shots_holly_y'====== Args={'value': 27, 'prev_value': None, 'change': True}
2025-11-16 18:28:17,123 : INFO : EventManager : Event: ======'machine_var_audits_shots_targetl2'====== Args={'value': 2, 'prev_value': None, 'change': True}
2025-11-16 18:28:17,123 : INFO : EventManager : Event: ======'machine_var_audits_switches_s_AirDuctEnter001'====== Args={'value': 14, 'prev_value': None, 'change': True}
2025-11-16 18:28:17,123 : INFO : EventManager : Event: ======'machine_var_audits_switches_s_TrPF1'====== Args={'value': 0, 'prev_value': None, 'change': True}
2025-11-16 18:28:17,123 : INFO : EventManager : Event: ======'machine_var_audits_switches_s_TrPF2'====== Args={'value': 0, 'prev_value': None, 'change': True}
2025-11-16 18:28:17,123 : INFO : EventManager : Event: ======'machine_var_audits_switches_s_TrPF3'====== Args={'value': 0, 'prev_value': None, 'change': True}
2025-11-16 18:28:17,123 : INFO : EventManager : Event: ======'machine_var_audits_switches_s_UrampUp001'====== Args={'value': 0, 'prev_value': None, 'change': True}
2025-11-16 18:28:17,123 : INFO : EventManager : Event: ======'machine_var_audits_switches_s_airplane'====== Args={'value': 42, 'prev_value': None, 'change': True}
2025-11-16 18:28:17,123 : INFO : EventManager : Event: ======'machine_var_audits_switches_s_bottom_left_inner_drain'====== Args={'value': 102, 'prev_value': None, 'change': True}
2025-11-16 18:28:17,123 : INFO : EventManager : Event: ======'machine_var_audits_switches_s_bottom_left_outer_drain'====== Args={'value': 92, 'prev_value': None, 'change': True}
2025-11-16 18:28:17,123 : INFO : EventManager : Event: ======'machine_var_audits_switches_s_bottom_right_inner_drain'====== Args={'value': 126, 'prev_value': None, 'change': True}
2025-11-16 18:28:17,124 : INFO : EventManager : Event: ======'machine_var_audits_switches_s_bottom_right_outer_drain'====== Args={'value': 328, 'prev_value': None, 'change': True}
2025-11-16 18:28:17,124 : INFO : EventManager : Event: ======'machine_var_audits_switches_s_bottom_right_vuk'====== Args={'value': 1822, 'prev_value': None, 'change': True}
2025-11-16 18:28:17,124 : INFO : EventManager : Event: ======'machine_var_audits_switches_s_captiveball'====== Args={'value': 0, 'prev_value': None, 'change': True}
2025-11-16 18:28:17,124 : INFO : EventManager : Event: ======'machine_var_audits_switches_s_door'====== Args={'value': 59, 'prev_value': None, 'change': True}
2025-11-16 18:28:17,124 : INFO : EventManager : Event: ======'machine_var_audits_switches_s_door_tilt'====== Args={'value': 115, 'prev_value': None, 'change': True}
2025-11-16 18:28:17,124 : INFO : EventManager : Event: ======'machine_var_audits_switches_s_drop_target_1'====== Args={'value': 114, 'prev_value': None, 'change': True}
2025-11-16 18:28:17,124 : INFO : EventManager : Event: ======'machine_var_audits_switches_s_drop_target_2'====== Args={'value': 102, 'prev_value': None, 'change': True}
2025-11-16 18:28:17,124 : INFO : EventManager : Event: ======'machine_var_audits_switches_s_drop_target_3'====== Args={'value': 113, 'prev_value': None, 'change': True}
2025-11-16 18:28:17,124 : INFO : EventManager : Event: ======'machine_var_audits_switches_s_enter'====== Args={'value': 0, 'prev_value': None, 'change': True}
2025-11-16 18:28:17,125 : INFO : EventManager : Event: ======'machine_var_audits_switches_s_escape'====== Args={'value': 0, 'prev_value': None, 'change': True}
2025-11-16 18:28:17,125 : INFO : EventManager : Event: ======'machine_var_audits_switches_s_fire'====== Args={'value': 169, 'prev_value': None, 'change': True}
2025-11-16 18:28:17,125 : INFO : EventManager : Event: ======'machine_var_audits_switches_s_highvuk'====== Args={'value': 76, 'prev_value': None, 'change': True}
2025-11-16 18:28:17,125 : INFO : EventManager : Event: ======'machine_var_audits_switches_s_holly_h'====== Args={'value': 248, 'prev_value': None, 'change': True}
2025-11-16 18:28:17,125 : INFO : EventManager : Event: ======'machine_var_audits_switches_s_holly_l'====== Args={'value': 216, 'prev_value': None, 'change': True}
2025-11-16 18:28:17,125 : INFO : EventManager : Event: ======'machine_var_audits_switches_s_holly_l1'====== Args={'value': 75, 'prev_value': None, 'change': True}
2025-11-16 18:28:17,125 : INFO : EventManager : Event: ======'machine_var_audits_switches_s_holly_l_1'====== Args={'value': 93, 'prev_value': None, 'change': True}
2025-11-16 18:28:17,125 : INFO : EventManager : Event: ======'machine_var_audits_switches_s_holly_o'====== Args={'value': 176, 'prev_value': None, 'change': True}
2025-11-16 18:28:17,125 : INFO : EventManager : Event: ======'machine_var_audits_switches_s_holly_y'====== Args={'value': 71, 'prev_value': None, 'change': True}
2025-11-16 18:28:17,125 : INFO : EventManager : Event: ======'machine_var_audits_switches_s_kickervault1'====== Args={'value': 0, 'prev_value': None, 'change': True}
2025-11-16 18:28:17,125 : INFO : EventManager : Event: ======'machine_var_audits_switches_s_left spinner'====== Args={'value': 1170, 'prev_value': None, 'change': True}
2025-11-16 18:28:17,125 : INFO : EventManager : Event: ======'machine_var_audits_switches_s_left_coin'====== Args={'value': 0, 'prev_value': None, 'change': True}
2025-11-16 18:28:17,125 : INFO : EventManager : Event: ======'machine_var_audits_switches_s_left_flipper'====== Args={'value': 1435, 'prev_value': None, 'change': True}
2025-11-16 18:28:17,125 : INFO : EventManager : Event: ======'machine_var_audits_switches_s_left_flipper_eos'====== Args={'value': 1374, 'prev_value': None, 'change': True}
2025-11-16 18:28:17,125 : INFO : EventManager : Event: ======'machine_var_audits_switches_s_left_inlane'====== Args={'value': 0, 'prev_value': None, 'change': True}
2025-11-16 18:28:17,125 : INFO : EventManager : Event: ======'machine_var_audits_switches_s_left_magna'====== Args={'value': 377, 'prev_value': None, 'change': True}
2025-11-16 18:28:17,126 : INFO : EventManager : Event: ======'machine_var_audits_switches_s_left_orbit'====== Args={'value': 335, 'prev_value': None, 'change': True}
2025-11-16 18:28:17,126 : INFO : EventManager : Event: ======'machine_var_audits_switches_s_left_orbit2'====== Args={'value': 0, 'prev_value': None, 'change': True}
2025-11-16 18:28:17,126 : INFO : EventManager : Event: ======'machine_var_audits_switches_s_left_outlane'====== Args={'value': 0, 'prev_value': None, 'change': True}
2025-11-16 18:28:17,126 : INFO : EventManager : Event: ======'machine_var_audits_switches_s_left_sling'====== Args={'value': 354, 'prev_value': None, 'change': True}
2025-11-16 18:28:17,126 : INFO : EventManager : Event: ======'machine_var_audits_switches_s_left_slingshot'====== Args={'value': 1, 'prev_value': None, 'change': True}
2025-11-16 18:28:17,126 : INFO : EventManager : Event: ======'machine_var_audits_switches_s_left_top_target'====== Args={'value': 76, 'prev_value': None, 'change': True}
2025-11-16 18:28:17,126 : INFO : EventManager : Event: ======'machine_var_audits_switches_s_mid_orbit'====== Args={'value': 0, 'prev_value': None, 'change': True}
2025-11-16 18:28:17,126 : INFO : EventManager : Event: ======'machine_var_audits_switches_s_middle_top_target'====== Args={'value': 42, 'prev_value': None, 'change': True}
2025-11-16 18:28:17,126 : INFO : EventManager : Event: ======'machine_var_audits_switches_s_minus'====== Args={'value': 0, 'prev_value': None, 'change': True}
2025-11-16 18:28:17,126 : INFO : EventManager : Event: ======'machine_var_audits_switches_s_nakatomi'====== Args={'value': 199, 'prev_value': None, 'change': True}
2025-11-16 18:28:17,126 : INFO : EventManager : Event: ======'machine_var_audits_switches_s_nakatomi_lock_ball_count'====== Args={'value': 0, 'prev_value': None, 'change': True}
2025-11-16 18:28:17,126 : INFO : EventManager : Event: ======'machine_var_audits_switches_s_plunger_lane'====== Args={'value': 156, 'prev_value': None, 'change': True}
2025-11-16 18:28:17,126 : INFO : EventManager : Event: ======'machine_var_audits_switches_s_plus'====== Args={'value': 0, 'prev_value': None, 'change': True}
2025-11-16 18:28:17,126 : INFO : EventManager : Event: ======'machine_var_audits_switches_s_popbumper_left'====== Args={'value': 244, 'prev_value': None, 'change': True}
2025-11-16 18:28:17,126 : INFO : EventManager : Event: ======'machine_var_audits_switches_s_popbumper_right'====== Args={'value': 528, 'prev_value': None, 'change': True}
2025-11-16 18:28:17,126 : INFO : EventManager : Event: ======'machine_var_audits_switches_s_push_drop_target_4'====== Args={'value': 2, 'prev_value': None, 'change': True}
2025-11-16 18:28:17,126 : INFO : EventManager : Event: ======'machine_var_audits_switches_s_push_drop_target_5'====== Args={'value': 0, 'prev_value': None, 'change': True}
2025-11-16 18:28:17,126 : INFO : EventManager : Event: ======'machine_var_audits_switches_s_right spinner'====== Args={'value': 134, 'prev_value': None, 'change': True}
2025-11-16 18:28:17,126 : INFO : EventManager : Event: ======'machine_var_audits_switches_s_right_coin'====== Args={'value': 0, 'prev_value': None, 'change': True}
2025-11-16 18:28:17,126 : INFO : EventManager : Event: ======'machine_var_audits_switches_s_right_flipper'====== Args={'value': 1589, 'prev_value': None, 'change': True}
2025-11-16 18:28:17,126 : INFO : EventManager : Event: ======'machine_var_audits_switches_s_right_flipper_eos'====== Args={'value': 1535, 'prev_value': None, 'change': True}
2025-11-16 18:28:17,126 : INFO : EventManager : Event: ======'machine_var_audits_switches_s_right_inlane'====== Args={'value': 0, 'prev_value': None, 'change': True}
2025-11-16 18:28:17,126 : INFO : EventManager : Event: ======'machine_var_audits_switches_s_right_magna'====== Args={'value': 315, 'prev_value': None, 'change': True}
2025-11-16 18:28:17,127 : INFO : EventManager : Event: ======'machine_var_audits_switches_s_right_orbit'====== Args={'value': 250, 'prev_value': None, 'change': True}
2025-11-16 18:28:17,127 : INFO : EventManager : Event: ======'machine_var_audits_switches_s_right_orbit2'====== Args={'value': 0, 'prev_value': None, 'change': True}
2025-11-16 18:28:17,127 : INFO : EventManager : Event: ======'machine_var_audits_switches_s_right_outlane'====== Args={'value': 0, 'prev_value': None, 'change': True}
2025-11-16 18:28:17,127 : INFO : EventManager : Event: ======'machine_var_audits_switches_s_right_sling'====== Args={'value': 449, 'prev_value': None, 'change': True}
2025-11-16 18:28:17,127 : INFO : EventManager : Event: ======'machine_var_audits_switches_s_right_slingshot'====== Args={'value': 0, 'prev_value': None, 'change': True}
2025-11-16 18:28:17,127 : INFO : EventManager : Event: ======'machine_var_audits_switches_s_right_top_target'====== Args={'value': 38, 'prev_value': None, 'change': True}
2025-11-16 18:28:17,127 : INFO : EventManager : Event: ======'machine_var_audits_switches_s_rightkicker'====== Args={'value': 0, 'prev_value': None, 'change': True}
2025-11-16 18:28:17,127 : INFO : EventManager : Event: ======'machine_var_audits_switches_s_rightvuk'====== Args={'value': 0, 'prev_value': None, 'change': True}
2025-11-16 18:28:17,127 : INFO : EventManager : Event: ======'machine_var_audits_switches_s_safe_vuk'====== Args={'value': 354, 'prev_value': None, 'change': True}
2025-11-16 18:28:17,127 : INFO : EventManager : Event: ======'machine_var_audits_switches_s_spinnerleft'====== Args={'value': 10, 'prev_value': None, 'change': True}
2025-11-16 18:28:17,127 : INFO : EventManager : Event: ======'machine_var_audits_switches_s_spinnerright'====== Args={'value': 5, 'prev_value': None, 'change': True}
2025-11-16 18:28:17,127 : INFO : EventManager : Event: ======'machine_var_audits_switches_s_start'====== Args={'value': 64, 'prev_value': None, 'change': True}
2025-11-16 18:28:17,127 : INFO : EventManager : Event: ======'machine_var_audits_switches_s_swDivParkp'====== Args={'value': 0, 'prev_value': None, 'change': True}
2025-11-16 18:28:17,127 : INFO : EventManager : Event: ======'machine_var_audits_switches_s_swleftinlane'====== Args={'value': 0, 'prev_value': None, 'change': True}
2025-11-16 18:28:17,127 : INFO : EventManager : Event: ======'machine_var_audits_switches_s_swleftorb1'====== Args={'value': 2, 'prev_value': None, 'change': True}
2025-11-16 18:28:17,128 : INFO : EventManager : Event: ======'machine_var_audits_switches_s_swleftorb2'====== Args={'value': 2, 'prev_value': None, 'change': True}
2025-11-16 18:28:17,128 : INFO : EventManager : Event: ======'machine_var_audits_switches_s_swleftoutlane'====== Args={'value': 0, 'prev_value': None, 'change': True}
2025-11-16 18:28:17,128 : INFO : EventManager : Event: ======'machine_var_audits_switches_s_swmidorb'====== Args={'value': 0, 'prev_value': None, 'change': True}
2025-11-16 18:28:17,128 : INFO : EventManager : Event: ======'machine_var_audits_switches_s_swrightinlane'====== Args={'value': 1, 'prev_value': None, 'change': True}
2025-11-16 18:28:17,128 : INFO : EventManager : Event: ======'machine_var_audits_switches_s_swrightorb1'====== Args={'value': 1, 'prev_value': None, 'change': True}
2025-11-16 18:28:17,128 : INFO : EventManager : Event: ======'machine_var_audits_switches_s_swrightorb2'====== Args={'value': 0, 'prev_value': None, 'change': True}
2025-11-16 18:28:17,128 : INFO : EventManager : Event: ======'machine_var_audits_switches_s_swrightoutlane'====== Args={'value': 0, 'prev_value': None, 'change': True}
2025-11-16 18:28:17,128 : INFO : EventManager : Event: ======'machine_var_audits_switches_s_target002'====== Args={'value': 0, 'prev_value': None, 'change': True}
2025-11-16 18:28:17,128 : INFO : EventManager : Event: ======'machine_var_audits_switches_s_target003'====== Args={'value': 0, 'prev_value': None, 'change': True}
2025-11-16 18:28:17,128 : INFO : EventManager : Event: ======'machine_var_audits_switches_s_target004'====== Args={'value': 0, 'prev_value': None, 'change': True}
2025-11-16 18:28:17,128 : INFO : EventManager : Event: ======'machine_var_audits_switches_s_target_2'====== Args={'value': 0, 'prev_value': None, 'change': True}
2025-11-16 18:28:17,128 : INFO : EventManager : Event: ======'machine_var_audits_switches_s_target_3'====== Args={'value': 0, 'prev_value': None, 'change': True}
2025-11-16 18:28:17,128 : INFO : EventManager : Event: ======'machine_var_audits_switches_s_targeth'====== Args={'value': 0, 'prev_value': None, 'change': True}
2025-11-16 18:28:17,128 : INFO : EventManager : Event: ======'machine_var_audits_switches_s_targetl'====== Args={'value': 0, 'prev_value': None, 'change': True}
2025-11-16 18:28:17,129 : INFO : EventManager : Event: ======'machine_var_audits_switches_s_targetl2'====== Args={'value': 2, 'prev_value': None, 'change': True}
2025-11-16 18:28:17,129 : INFO : EventManager : Event: ======'machine_var_audits_switches_s_targeto'====== Args={'value': 0, 'prev_value': None, 'change': True}
2025-11-16 18:28:17,129 : INFO : EventManager : Event: ======'machine_var_audits_switches_s_targety'====== Args={'value': 0, 'prev_value': None, 'change': True}
2025-11-16 18:28:17,129 : INFO : EventManager : Event: ======'machine_var_audits_switches_s_tilt_bob'====== Args={'value': 0, 'prev_value': None, 'change': True}
2025-11-16 18:28:17,129 : INFO : EventManager : Event: ======'machine_var_audits_switches_s_top_flipper_eos'====== Args={'value': 1373, 'prev_value': None, 'change': True}
2025-11-16 18:28:17,129 : INFO : EventManager : Event: ======'machine_var_audits_switches_s_top_flipper_hold'====== Args={'value': 0, 'prev_value': None, 'change': True}
2025-11-16 18:28:17,129 : INFO : EventManager : Event: ======'machine_var_audits_switches_s_towervuk'====== Args={'value': 0, 'prev_value': None, 'change': True}
2025-11-16 18:28:17,129 : INFO : EventManager : Event: ======'machine_var_audits_switches_s_trmagl'====== Args={'value': 0, 'prev_value': None, 'change': True}
2025-11-16 18:28:17,129 : INFO : EventManager : Event: ======'machine_var_audits_switches_s_trmagr'====== Args={'value': 0, 'prev_value': None, 'change': True}
2025-11-16 18:28:17,129 : INFO : EventManager : Event: ======'machine_var_audits_switches_s_trough1'====== Args={'value': 222, 'prev_value': None, 'change': True}
2025-11-16 18:28:17,129 : INFO : EventManager : Event: ======'machine_var_audits_switches_s_trough2'====== Args={'value': 117, 'prev_value': None, 'change': True}
2025-11-16 18:28:17,129 : INFO : EventManager : Event: ======'machine_var_audits_switches_s_trough3'====== Args={'value': 115, 'prev_value': None, 'change': True}
2025-11-16 18:28:17,129 : INFO : EventManager : Event: ======'machine_var_audits_switches_s_trough4'====== Args={'value': 119, 'prev_value': None, 'change': True}
2025-11-16 18:28:17,129 : INFO : EventManager : Event: ======'machine_var_audits_switches_s_trough5'====== Args={'value': 100, 'prev_value': None, 'change': True}
2025-11-16 18:28:17,129 : INFO : EventManager : Event: ======'machine_var_audits_switches_s_trough6'====== Args={'value': 100, 'prev_value': None, 'change': True}
2025-11-16 18:28:17,130 : INFO : EventManager : Event: ======'machine_var_audits_switches_s_trough_jam'====== Args={'value': 170, 'prev_value': None, 'change': True}
2025-11-16 18:28:17,130 : INFO : EventManager : Event: ======'machine_var_audits_switches_s_tunel_vuk'====== Args={'value': 225, 'prev_value': None, 'change': True}
2025-11-16 18:28:17,130 : INFO : EventManager : Event: ======'machine_var_audits_switches_s_upper_pf_entrance'====== Args={'value': 0, 'prev_value': None, 'change': True}
2025-11-16 18:28:17,130 : INFO : EventManager : Event: ======'machine_var_audits_switches_swPlunger'====== Args={'value': 16, 'prev_value': None, 'change': True}
2025-11-16 18:28:17,130 : INFO : EventManager : Event: ======'init_phase_5'====== Args={}
2025-11-16 18:28:17,161 : INFO : EventManager : Event: ======'init_done'====== Args={}
2025-11-16 18:28:17,161 : INFO : EventManager : Event: ======'machine_reset_phase_1'====== Args={}
2025-11-16 18:28:17,172 : INFO : EventManager : Event: ======'machine_reset_phase_2'====== Args={}
2025-11-16 18:28:17,173 : INFO : EventManager : Event: ======'machine_reset_phase_3'====== Args={}
2025-11-16 18:28:17,173 : INFO : drop_target_bank.bank : All targets are already up. Will not reset bank.
2025-11-16 18:28:17,173 : INFO : drop_target_bank.bank1 : All targets are already up. Will not reset bank.
2025-11-16 18:28:17,173 : INFO : drop_target_bank.bank2 : All targets are already up. Will not reset bank.
2025-11-16 18:28:17,174 : INFO : EventManager : Event: ======'reset_complete'====== Args={}
2025-11-16 18:28:17,174 : INFO : EventManager : Event: ======'mode_attract_will_start'====== Args={}
2025-11-16 18:28:17,174 : INFO : EventManager : Event: ======'mode_attract_starting'====== Args={}
2025-11-16 18:28:17,175 : INFO : Mode.attract : Started. Priority: 10
2025-11-16 18:28:17,175 : INFO : EventManager : Event: ======'modes_active_modes_changed'====== Args={}
2025-11-16 18:28:17,175 : INFO : EventManager : Event: ======'mode_attract_started'====== Args={}
2025-11-16 18:28:17,175 : INFO : EventManager : Event: ======'collecting_balls_complete'====== Args={}
2025-11-16 18:28:17,184 : INFO : Machine : Starting the main run loop with active modes: [<Mode.attract>]
2025-11-16 18:28:17,348 : INFO : EventManager : Event: ======'slide_attract_created'====== Args={'_from_bcp': True}
2025-11-16 18:28:17,349 : INFO : EventManager : Event: ======'slide__removed'====== Args={'_from_bcp': True}
2025-11-16 18:28:17,349 : INFO : EventManager : Event: ======'slide_attract_active'====== Args={'original_context': 'attract', 'original_calling_context': 'mode_attract_started', 'priority': 10.0, 'cmd': 'slides_play', '_from_bcp': True}
2025-11-16 18:28:29,455 : INFO : SwitchController : <<<<<<< 's_start' active >>>>>>>
2025-11-16 18:28:29,659 : INFO : SwitchController : <<<<<<< 's_start' inactive >>>>>>>
2025-11-16 18:28:29,659 : INFO : EventManager : Event: ======'request_to_start_game'====== Args={}
2025-11-16 18:28:29,659 : INFO : EventManager : Event: ======'game_start'====== Args={'buttons': [], 'hold_time': 0.20299999999997453}
2025-11-16 18:28:29,659 : INFO : EventManager : Event: ======'mode_game_will_start'====== Args={'buttons': [], 'hold_time': 0.20299999999997453}
2025-11-16 18:28:29,660 : INFO : EventManager : Event: ======'mode_game_starting'====== Args={'buttons': [], 'hold_time': 0.20299999999997453}
2025-11-16 18:28:29,660 : INFO : EventManager : Event: ======'mode_attract_will_stop'====== Args={}
2025-11-16 18:28:29,660 : INFO : EventManager : Event: ======'mode_attract_stopping'====== Args={}
2025-11-16 18:28:29,660 : INFO : Mode.attract : Stopped.
2025-11-16 18:28:29,660 : INFO : EventManager : Event: ======'modes_active_modes_changed'====== Args={}
2025-11-16 18:28:29,660 : INFO : EventManager : Event: ======'mode_attract_stopped'====== Args={}
2025-11-16 18:28:29,660 : INFO : EventManager : Event: ======'clear'====== Args={'key': 'attract'}
2025-11-16 18:28:29,660 : INFO : Mode.game : Started. Priority: 20
2025-11-16 18:28:29,660 : INFO : EventManager : Event: ======'modes_active_modes_changed'====== Args={}
2025-11-16 18:28:29,660 : INFO : EventManager : Event: ======'mode_game_started'====== Args={'buttons': [], 'hold_time': 0.20299999999997453}
2025-11-16 18:28:29,663 : INFO : EventManager : Event: ======'game_will_start'====== Args={}
2025-11-16 18:28:29,663 : INFO : EventManager : Event: ======'game_starting'====== Args={'game': <Mode.game>}
2025-11-16 18:28:29,664 : INFO : EventManager : Unordered handler for class <Auditor> on event game_ended with priority 1. Handlers: [RegisteredHandler(callback=<bound method Auditor.disable of <Auditor>>, priority=1, kwargs={}, key=UUID('f0139e26-f158-45ca-94c7-cf1473b4828a'), condition=None, blocking_facility=None), RegisteredHandler(callback=<bound method Auditor._save_audits of <Auditor>>, priority=1, kwargs={}, key=UUID('791eff4e-ea3e-4025-bfe0-137d73c9182f'), condition=None, blocking_facility=None)]. The order of those handlers is not defined and they will be executed in random order. This might lead to race conditions and potential bugs.
2025-11-16 18:28:29,664 : INFO : EventManager : Event: ======'player_add_request'====== Args={}
2025-11-16 18:28:29,664 : INFO : EventManager : Event: ======'player_will_add'====== Args={'number': 1}
2025-11-16 18:28:29,664 : INFO : EventManager : Event: ======'player_adding'====== Args={'player': <Player 1>, 'number': 1}
2025-11-16 18:28:29,664 : INFO : EventManager : Event: ======'player_added'====== Args={'player': <Player 1>, 'num': 1}
2025-11-16 18:28:29,664 : INFO : Mode.game : Player added successfully. Total players: 1
2025-11-16 18:28:29,665 : INFO : EventManager : Event: ======'player_index'====== Args={'value': 0, 'prev_value': 0, 'change': 0, 'player_num': 1}
2025-11-16 18:28:29,665 : INFO : EventManager : Event: ======'player_number'====== Args={'value': 1, 'prev_value': 1, 'change': 0, 'player_num': 1}
2025-11-16 18:28:29,665 : INFO : EventManager : Event: ======'player_score'====== Args={'value': 0, 'prev_value': 0, 'change': 0, 'player_num': 1}
2025-11-16 18:28:29,665 : INFO : EventManager : Event: ======'game_started'====== Args={}
2025-11-16 18:28:29,670 : INFO : EventManager : Event: ======'player_turn_will_start'====== Args={'player': <Player 1>, 'number': 1}
2025-11-16 18:28:29,673 : INFO : EventManager : Event: ======'player_turn_starting'====== Args={'player': <Player 1>, 'number': 1}
2025-11-16 18:28:29,674 : INFO : EventManager : Event: ======'player_ball'====== Args={'value': 1, 'prev_value': 0, 'change': 1, 'player_num': 1}
2025-11-16 18:28:29,674 : INFO : EventManager : Event: ======'player_turn_started'====== Args={'player': <Player 1>, 'number': 1}
2025-11-16 18:28:29,674 : INFO : EventManager : Event: ======'ball_will_start'====== Args={'player': 1, 'ball': 1, 'balls_remaining': 2, 'is_extra_ball': False}
2025-11-16 18:28:29,676 : INFO : EventManager : Event: ======'ball_starting'====== Args={'player': 1, 'ball': 1, 'balls_remaining': 2, 'is_extra_ball': False}
2025-11-16 18:28:29,676 : INFO : drop_target_bank.bank : All targets are already up. Will not reset bank.
2025-11-16 18:28:29,676 : INFO : drop_target_bank.bank1 : All targets are already up. Will not reset bank.
2025-11-16 18:28:29,676 : INFO : drop_target_bank.bank2 : All targets are already up. Will not reset bank.
2025-11-16 18:28:29,676 : INFO : EventManager : Event: ======'balls_in_play'====== Args={'balls': 1}
2025-11-16 18:28:29,676 : INFO : EventManager : Event: ======'ball_started'====== Args={'player': 1, 'ball': 1, 'balls_remaining': 2, 'is_extra_ball': False}
2025-11-16 18:28:29,677 : INFO : EventManager : Event: ======'mode_holly_will_start'====== Args={'player': 1, 'ball': 1, 'balls_remaining': 2, 'is_extra_ball': False}
2025-11-16 18:28:29,677 : INFO : EventManager : Event: ======'player_shot_targeth_enabled'====== Args={'value': True, 'prev_value': 0, 'change': 1, 'player_num': 1}
2025-11-16 18:28:29,677 : INFO : EventManager : Event: ======'player_shot_targeto_enabled'====== Args={'value': True, 'prev_value': 0, 'change': 1, 'player_num': 1}
2025-11-16 18:28:29,677 : INFO : EventManager : Event: ======'player_shot_targetl_enabled'====== Args={'value': True, 'prev_value': 0, 'change': 1, 'player_num': 1}
2025-11-16 18:28:29,677 : INFO : EventManager : Event: ======'player_shot_targetl2_enabled'====== Args={'value': True, 'prev_value': 0, 'change': 1, 'player_num': 1}
2025-11-16 18:28:29,679 : INFO : EventManager : Event: ======'player_shot_targety_enabled'====== Args={'value': True, 'prev_value': 0, 'change': 1, 'player_num': 1}
2025-11-16 18:28:29,679 : INFO : EventManager : Event: ======'holly_targets_complete'====== Args={'state': 'off'}
2025-11-16 18:28:29,679 : INFO : EventManager : Event: ======'holly_targets_off_complete'====== Args={}
2025-11-16 18:28:29,679 : INFO : EventManager : Event: ======'mode_holly_starting'====== Args={'player': 1, 'ball': 1, 'balls_remaining': 2, 'is_extra_ball': False}
2025-11-16 18:28:29,679 : INFO : EventManager : Event: ======'mode_score_will_start'====== Args={'player': 1, 'ball': 1, 'balls_remaining': 2, 'is_extra_ball': False}
2025-11-16 18:28:29,679 : INFO : EventManager : Event: ======'mode_score_starting'====== Args={'player': 1, 'ball': 1, 'balls_remaining': 2, 'is_extra_ball': False}
2025-11-16 18:28:29,679 : INFO : EventManager : Event: ======'mode_base_will_start'====== Args={'player': 1, 'ball': 1, 'balls_remaining': 2, 'is_extra_ball': False}
2025-11-16 18:28:29,679 : INFO : EventManager : Event: ======'mode_base_starting'====== Args={'player': 1, 'ball': 1, 'balls_remaining': 2, 'is_extra_ball': False}
2025-11-16 18:28:29,680 : INFO : Mode.base : Started. Priority: 100
2025-11-16 18:28:29,680 : INFO : EventManager : Event: ======'modes_active_modes_changed'====== Args={}
2025-11-16 18:28:29,680 : INFO : EventManager : Event: ======'mode_base_started'====== Args={'player': 1, 'ball': 1, 'balls_remaining': 2, 'is_extra_ball': False}
2025-11-16 18:28:29,680 : INFO : Mode.score : Started. Priority: 110
2025-11-16 18:28:29,680 : INFO : EventManager : Event: ======'modes_active_modes_changed'====== Args={}
2025-11-16 18:28:29,680 : INFO : EventManager : Event: ======'mode_score_started'====== Args={'player': 1, 'ball': 1, 'balls_remaining': 2, 'is_extra_ball': False}
2025-11-16 18:28:29,680 : INFO : Mode.holly : Started. Priority: 110
2025-11-16 18:28:29,680 : INFO : EventManager : Event: ======'modes_active_modes_changed'====== Args={}
2025-11-16 18:28:29,680 : INFO : EventManager : Event: ======'mode_holly_started'====== Args={'player': 1, 'ball': 1, 'balls_remaining': 2, 'is_extra_ball': False}
2025-11-16 18:28:29,681 : INFO : EventManager : Event: ======'single_player_ball_started'====== Args={}
2025-11-16 18:28:29,688 : INFO : EventManager : Event: ======'ball_start_target'====== Args={'target': 'playfield'}
2025-11-16 18:28:29,688 : INFO : ball_device.bd_plunger : Setting up player-controlled eject. Balls: 1, Target: <playfield.playfield>, player_controlled_eject_event: s_fire_active
2025-11-16 18:28:29,688 : INFO : EventManager : Event: ======'balldevice_balls_available'====== Args={}
2025-11-16 18:28:29,689 : INFO : ball_device.bd_trough : State: waiting_for_target_ready
2025-11-16 18:28:29,689 : INFO : EventManager : Event: ======'balldevice_bd_trough_ball_eject_attempt'====== Args={'balls': 1, 'target': <ball_device.bd_plunger>, 'source': <ball_device.bd_trough>, 'mechanical_eject': True, 'num_attempts': 0}
2025-11-16 18:28:29,689 : INFO : ball_device.bd_plunger : State: waiting_for_ball
2025-11-16 18:28:29,690 : INFO : ball_device.bd_trough : State: ejecting
2025-11-16 18:28:29,690 : INFO : ball_device.bd_trough : Ejecting ball to <ball_device.bd_plunger>
2025-11-16 18:28:29,690 : INFO : EventManager : Event: ======'balldevice_bd_trough_ejecting_ball'====== Args={'balls': 1, 'target': <ball_device.bd_plunger>, 'source': <ball_device.bd_trough>, 'mechanical_eject': True, 'num_attempts': 0}
2025-11-16 18:28:29,691 : INFO : ball_device.bd_trough : Wait for ball to leave device
2025-11-16 18:28:29,691 : INFO : coil.c_trough_eject : Pulsing Driver for 20ms (1.0 pulse_power)
2025-11-16 18:28:29,736 : INFO : SwitchController : <<<<<<< 's_trough_jam' active >>>>>>>
2025-11-16 18:28:29,736 : INFO : EventManager : Event: ======'machine_var_audits_switches_s_trough_jam'====== Args={'value': 171, 'prev_value': 170, 'change': 1}
2025-11-16 18:28:29,738 : INFO : SwitchController : <<<<<<< 's_trough_jam' inactive >>>>>>>
2025-11-16 18:28:29,801 : INFO : EventManager : Event: ======'slide_base_created'====== Args={'_from_bcp': True}
2025-11-16 18:28:29,801 : INFO : EventManager : Event: ======'slide_attract_inactive'====== Args={'is_removing': True, '_from_bcp': True}
2025-11-16 18:28:29,801 : INFO : EventManager : Event: ======'slide_base_active'====== Args={'original_context': 'base', 'original_calling_context': 'mode_base_started', 'priority': 100.0, 'player': 1.0, 'ball': 1.0, 'balls_remaining': 2.0, 'is_extra_ball': False, 'cmd': 'slides_play', '_from_bcp': True}
2025-11-16 18:28:29,801 : INFO : EventManager : Event: ======'slide_attract_removed'====== Args={'_from_bcp': True}
2025-11-16 18:28:29,908 : INFO : SwitchController : <<<<<<< 's_trough3' inactive >>>>>>>
2025-11-16 18:28:29,908 : INFO : SwitchController : <<<<<<< 's_trough5' inactive >>>>>>>
2025-11-16 18:28:29,908 : INFO : SwitchController : <<<<<<< 's_trough2' inactive >>>>>>>
2025-11-16 18:28:29,908 : INFO : SwitchController : <<<<<<< 's_trough4' inactive >>>>>>>
2025-11-16 18:28:29,911 : INFO : ball_device.bd_trough : State: ball_left
2025-11-16 18:28:29,911 : INFO : ball_device.bd_trough : Ball left
2025-11-16 18:28:29,911 : INFO : ball_device.bd_trough : Wait for confirm with timeout 10.0
2025-11-16 18:28:30,032 : INFO : SwitchController : <<<<<<< 's_trough4' active >>>>>>>
2025-11-16 18:28:30,032 : INFO : EventManager : Event: ======'machine_var_audits_switches_s_trough4'====== Args={'value': 120, 'prev_value': 119, 'change': 1}
2025-11-16 18:28:30,032 : INFO : SwitchController : <<<<<<< 's_trough2' active >>>>>>>
2025-11-16 18:28:30,032 : INFO : EventManager : Event: ======'machine_var_audits_switches_s_trough2'====== Args={'value': 118, 'prev_value': 117, 'change': 1}
2025-11-16 18:28:30,032 : INFO : SwitchController : <<<<<<< 's_trough3' active >>>>>>>
2025-11-16 18:28:30,032 : INFO : EventManager : Event: ======'machine_var_audits_switches_s_trough3'====== Args={'value': 116, 'prev_value': 115, 'change': 1}
2025-11-16 18:28:30,249 : INFO : SwitchController : <<<<<<< 's_plunger_lane' active >>>>>>>
2025-11-16 18:28:30,250 : INFO : EventManager : Event: ======'machine_var_audits_switches_s_plunger_lane'====== Args={'value': 157, 'prev_value': 156, 'change': 1}
2025-11-16 18:28:30,748 : INFO : ball_device.bd_plunger : Received ball from <ball_device.bd_trough>
2025-11-16 18:28:30,748 : INFO : EventManager : Event: ======'balldevice_bd_plunger_ball_enter'====== Args={'new_balls': 1, 'unclaimed_balls': 0, 'new_available_balls': 0, 'device': <ball_device.bd_plunger>}
2025-11-16 18:28:30,748 : INFO : EventManager : Event: ======'balldevice_bd_plunger_ball_entered'====== Args={'new_balls': 0, 'device': <ball_device.bd_plunger>}
2025-11-16 18:28:30,749 : INFO : EventManager : Event: ======'balldevice_bd_plunger_ball_count_changed'====== Args={'balls': 1}
2025-11-16 18:28:30,749 : INFO : ball_device.bd_trough : Got eject confirm
2025-11-16 18:28:30,749 : INFO : ball_device.bd_trough : Eject successful
2025-11-16 18:28:30,749 : INFO : EventManager : Event: ======'balldevice_bd_trough_ball_eject_success'====== Args={'balls': 1, 'target': <ball_device.bd_plunger>}
2025-11-16 18:28:30,749 : INFO : ball_device.bd_plunger : State: waiting_for_target_ready
2025-11-16 18:28:30,749 : INFO : EventManager : Event: ======'balldevice_bd_plunger_ball_eject_attempt'====== Args={'balls': 1, 'target': <playfield.playfield>, 'source': <ball_device.bd_plunger>, 'mechanical_eject': True, 'num_attempts': 0}
2025-11-16 18:28:30,749 : INFO : EventManager : Event: ======'balldevice_bd_trough_ball_count_changed'====== Args={'balls': 4}
2025-11-16 18:28:30,749 : INFO : ball_device.bd_trough : State: idle
2025-11-16 18:28:30,750 : INFO : ball_device.bd_plunger : State: ejecting
2025-11-16 18:28:30,750 : INFO : ball_device.bd_plunger : Ejecting ball to <playfield.playfield>
2025-11-16 18:28:30,750 : INFO : EventManager : Event: ======'balldevice_bd_plunger_ejecting_ball'====== Args={'balls': 1, 'target': <playfield.playfield>, 'source': <ball_device.bd_plunger>, 'mechanical_eject': True, 'num_attempts': 0}
2025-11-16 18:28:30,750 : INFO : ball_device.bd_plunger : Wait for ball to leave device
2025-11-16 18:28:39,387 : INFO : Machine : Shutting down...
2025-11-16 18:28:39,387 : INFO : EventManager : Event: ======'shutdown'====== Args={}
2025-11-16 18:28:39,389 : INFO : EventManager : Event: ======'mode_game_will_stop'====== Args={}
2025-11-16 18:28:39,389 : INFO : EventManager : Event: ======'mode_game_stopping'====== Args={}
2025-11-16 18:28:39,389 : INFO : EventManager : Event: ======'mode_holly_will_stop'====== Args={}
2025-11-16 18:28:39,390 : INFO : EventManager : Event: ======'mode_holly_stopping'====== Args={}
2025-11-16 18:28:39,390 : INFO : EventManager : Event: ======'mode_score_will_stop'====== Args={}
2025-11-16 18:28:39,390 : INFO : EventManager : Event: ======'mode_score_stopping'====== Args={}
2025-11-16 18:28:39,390 : INFO : EventManager : Event: ======'mode_base_will_stop'====== Args={}
2025-11-16 18:28:39,390 : INFO : EventManager : Event: ======'mode_base_stopping'====== Args={}
2025-11-16 18:28:39,390 : INFO : Mode.base : Stopped.
2025-11-16 18:28:39,390 : INFO : EventManager : Event: ======'modes_active_modes_changed'====== Args={}
2025-11-16 18:28:39,390 : INFO : EventManager : Event: ======'mode_base_stopped'====== Args={}
2025-11-16 18:28:39,391 : INFO : EventManager : Event: ======'clear'====== Args={'key': 'base'}
2025-11-16 18:28:39,391 : INFO : Mode.score : Stopped.
2025-11-16 18:28:39,391 : INFO : EventManager : Event: ======'modes_active_modes_changed'====== Args={}
2025-11-16 18:28:39,391 : INFO : EventManager : Event: ======'mode_score_stopped'====== Args={}
2025-11-16 18:28:39,391 : INFO : EventManager : Event: ======'clear'====== Args={'key': 'score'}
2025-11-16 18:28:39,391 : INFO : Mode.holly : Stopped.
2025-11-16 18:28:39,391 : INFO : EventManager : Event: ======'modes_active_modes_changed'====== Args={}
2025-11-16 18:28:39,391 : INFO : EventManager : Event: ======'mode_holly_stopped'====== Args={}
2025-11-16 18:28:39,391 : INFO : EventManager : Event: ======'clear'====== Args={'key': 'holly'}
2025-11-16 18:28:39,391 : INFO : Mode.game : Stopped.
2025-11-16 18:28:39,391 : INFO : EventManager : Event: ======'modes_active_modes_changed'====== Args={}
2025-11-16 18:28:39,391 : INFO : EventManager : Event: ======'mode_game_stopped'====== Args={}
2025-11-16 18:28:39,391 : INFO : EventManager : Event: ======'clear'====== Args={'key': 'game'}
2025-11-16 18:28:39,488 : INFO : root : MPF run loop ended.
