2025-04-27 21:38:22,864 : INFO : root : Loading config.
2025-04-27 21:38:22,867 : INFO : YamlMultifileConfigLoader : Machine config file #1: config.yaml
2025-04-27 21:38:22,868 : INFO : ConfigProcessor : Loading config from cache: C:\Users\finis\AppData\Local\Temp\46a2264aace4dc9247b28883ea729273.mpf_cache
2025-04-27 21:38:22,926 : INFO : ConfigProcessor : Loading config from cache: C:\Users\finis\AppData\Local\Temp\38c66c284ece5fb2b13b45865e58c857.mpf_cache
2025-04-27 21:38:22,926 : INFO : ConfigProcessor : Loading config from cache: C:\Users\finis\AppData\Local\Temp\846fbc79a2a788b1cf5d5d816f13713f.mpf_cache
2025-04-27 21:38:22,927 : INFO : ConfigProcessor : Loading config from cache: C:\Users\finis\AppData\Local\Temp\771489ba91bf1192210b19104700c5d3.mpf_cache
2025-04-27 21:38:22,927 : INFO : Machine : Mission Pinball Framework Core Engine v0.80.0.dev7
2025-04-27 21:38:22,927 : INFO : Machine : Command line arguments: {'no_load_cache': False, 'create_config_cache': True, 'bcp': True, 'configfile': ['config.yaml'], 'force_assets_load': False, 'platform_integration_test': False, 'jsonlogging': False, 'logfile': 'logs\\2025-04-27-21-38-22-mpf-diehard.log', 'pause': False, 'production': False, 'text_ui': True, 'loglevel': 15, 'consoleloglevel': 20, 'force_platform': None, 'syslog_address': None, 'full_logfile_path': 'C:\\Users\\finis\\diehard-mpf\\logs\\2025-04-27-21-38-22-mpf-diehard.log'}
2025-04-27 21:38:22,927 : INFO : Machine : MPF path: C:\Users\finis\mpf\Lib\site-packages\mpf
2025-04-27 21:38:22,927 : INFO : Machine : Machine path: C:\Users\finis\diehard-mpf
2025-04-27 21:38:22,927 : INFO : Machine : Platform: win32
2025-04-27 21:38:22,927 : INFO : Machine : Python executable location: C:\Users\finis\mpf\Scripts\python.exe
2025-04-27 21:38:22,927 : INFO : Machine : Python version: 3.12.7 (64-bit)
2025-04-27 21:38:22,928 : INFO : Machine : Initializing MPF...
2025-04-27 21:38:23,055 : INFO : FAST : Auto-detecting ports for the following connections: ['net', 'aud']
2025-04-27 21:38:23,310 : INFO : FAST : Detected AUD on port COM6
2025-04-27 21:38:23,311 : INFO : FAST : Detected NET on port COM4
2025-04-27 21:38:23,420 : INFO : FAST [NET] : Trying to connect to COM4 at 921600bps
2025-04-27 21:38:23,496 : INFO : FAST [NET] : Connected to COM4 at 921600bps
2025-04-27 21:38:23,498 : INFO : FAST [NET] : Connected to FP-CPU-2000 with firmware v02.19
2025-04-27 21:38:23,529 : INFO : FAST [NET] : Registered I/O Board 0: Model: FP-I/O-0024, Firmware: 01.10, Switches: 24, Drivers: 8
2025-04-27 21:38:23,544 : INFO : FAST [NET] : Registered I/O Board 1: Model: FP-I/O-3208, Firmware: 01.10, Switches: 32, Drivers: 8
2025-04-27 21:38:23,560 : INFO : FAST [NET] : Registered I/O Board 2: Model: FP-I/O-1616, Firmware: 01.10, Switches: 16, Drivers: 16
2025-04-27 21:38:23,576 : INFO : FAST [NET] : Registered I/O Board 3: Model: FP-I/O-0804, Firmware: 01.10, Switches: 8, Drivers: 4
2025-04-27 21:38:23,577 : INFO : FAST [EXP] : Trying to connect to COM3 at 921600bps
2025-04-27 21:38:23,654 : INFO : FAST [EXP] : Connected to COM3 at 921600bps
2025-04-27 21:38:23,669 : INFO : FAST [EXP] : Verifying hardware for EXP "playfield" (FP-EXP-0071, @B4) with ID string "EXP FP-EXP-0071  0.42", board address B4
2025-04-27 21:38:23,685 : INFO : FAST [EXP] : Verifying hardware for EXP "playfield" (FP-EXP-0071, @B4) with ID string "BRK FP-EXP-0071  0.42", board address B40
2025-04-27 21:38:23,701 : INFO : FAST [AUD] : Trying to connect to COM6 at 230400bps
2025-04-27 21:38:23,777 : INFO : FAST [AUD] : Connected to COM6 at 230400bps
2025-04-27 21:38:23,795 : INFO : FAST [AUD] : Connected to FP-AUD-0100 with firmware v0.02
2025-04-27 21:38:23,795 : INFO : EventManager : Event: ======'machine_var_credits_string'====== Args={'value': 'FREE PLAY', 'prev_value': None, 'change': True}
2025-04-27 21:38:23,811 : INFO : EventManager : Event: ======'machine_var_fast_audio_headphones_volume'====== Args={'value': 10, 'prev_value': None, 'change': True}
2025-04-27 21:38:23,811 : INFO : EventManager : Event: ======'machine_var_fast_audio_main_volume'====== Args={'value': 60, 'prev_value': None, 'change': True}
2025-04-27 21:38:23,811 : INFO : EventManager : Event: ======'machine_var_master_volume'====== Args={'value': 0.5, 'prev_value': None, 'change': True}
2025-04-27 21:38:23,811 : INFO : EventManager : Event: ======'machine_var_var_which_attract'====== Args={'value': 0, 'prev_value': None, 'change': True}
2025-04-27 21:38:23,811 : INFO : EventManager : Event: ======'machine_var_mpf_version'====== Args={'value': 'Mission Pinball Framework v0.80.0.dev7', 'prev_value': None, 'change': True}
2025-04-27 21:38:23,811 : INFO : EventManager : Event: ======'machine_var_mpf_extended_version'====== Args={'value': 'Mission Pinball Framework v0.80.0.dev7, Config version:6, Show version: 6, BCP version:1.1', 'prev_value': None, 'change': True}
2025-04-27 21:38:23,812 : INFO : EventManager : Event: ======'machine_var_python_version'====== Args={'value': '3.12.7', 'prev_value': None, 'change': True}
2025-04-27 21:38:23,912 : INFO : EventManager : Event: ======'machine_var_platform'====== Args={'value': 'Windows-11-10.0.26100-SP0', 'prev_value': None, 'change': True}
2025-04-27 21:38:23,912 : INFO : EventManager : Event: ======'machine_var_platform_system'====== Args={'value': 'Windows', 'prev_value': None, 'change': True}
2025-04-27 21:38:23,912 : INFO : EventManager : Event: ======'machine_var_platform_release'====== Args={'value': '11', 'prev_value': None, 'change': True}
2025-04-27 21:38:23,912 : INFO : EventManager : Event: ======'machine_var_platform_version'====== Args={'value': '10.0.26100', 'prev_value': None, 'change': True}
2025-04-27 21:38:23,912 : INFO : EventManager : Event: ======'machine_var_platform_machine'====== Args={'value': 'AMD64', 'prev_value': None, 'change': True}
2025-04-27 21:38:23,912 : INFO : EventManager : Event: ======'machine_var_log_file_path'====== Args={'value': 'C:\\Users\\finis\\diehard-mpf\\logs\\2025-04-27-21-38-22-mpf-diehard.log', 'prev_value': None, 'change': True}
2025-04-27 21:38:23,912 : INFO : EventManager : Event: ======'init_phase_1'====== Args={}
2025-04-27 21:38:23,943 : INFO : EventManager : Event: ======'drop_target_bank_bank_up'====== Args={}
2025-04-27 21:38:23,951 : WARNING : FAST [EXP] : Interference / bad data received: b'\xffEM:P'
2025-04-27 21:38:23,951 : ERROR : asyncio : Exception in callback Util.raise_exceptions(<Task finishe... start byte')>) at C:\Users\finis\mpf\Lib\site-packages\mpf\core\utility_functions.py:789
handle: <Handle Util.raise_exceptions(<Task finishe... start byte')>) at C:\Users\finis\mpf\Lib\site-packages\mpf\core\utility_functions.py:789>
Traceback (most recent call last):
  File "C:\Users\finis\AppData\Local\Programs\Python\Python312\Lib\asyncio\events.py", line 88, in _run
    self._context.run(self._callback, *self._args)
  File "C:\Users\finis\mpf\Lib\site-packages\mpf\core\utility_functions.py", line 797, in raise_exceptions
    future.result()
  File "C:\Users\finis\mpf\Lib\site-packages\mpf\platforms\fast\communicators\base.py", line 413, in _socket_reader
    self.parse_incoming_raw_bytes(resp)
  File "C:\Users\finis\mpf\Lib\site-packages\mpf\platforms\fast\communicators\base.py", line 360, in parse_incoming_raw_bytes
    msg = msg.decode()
          ^^^^^^^^^^^^
UnicodeDecodeError: 'utf-8' codec can't decode byte 0xff in position 0: invalid start byte
2025-04-27 21:38:23,953 : INFO : Machine : Starting the main run loop with active modes: []
2025-04-27 21:38:23,953 : WARNING : Machine : Attract mode is not active, game will not be playable. Please check your attract mode configuration.
2025-04-27 21:38:23,955 : INFO : Machine : Shutting down...
2025-04-27 21:38:23,955 : INFO : EventManager : Event: ======'shutdown'====== Args={}
2025-04-27 21:38:25,057 : ERROR : Machine : Runtime Exception
Traceback (most recent call last):
  File "C:\Users\finis\mpf\Lib\site-packages\mpf\core\machine.py", line 808, in _run_loop
    raise self._exception['exception']
  File "C:\Users\finis\AppData\Local\Programs\Python\Python312\Lib\asyncio\events.py", line 88, in _run
    self._context.run(self._callback, *self._args)
  File "C:\Users\finis\mpf\Lib\site-packages\mpf\core\utility_functions.py", line 797, in raise_exceptions
    future.result()
  File "C:\Users\finis\mpf\Lib\site-packages\mpf\platforms\fast\communicators\base.py", line 413, in _socket_reader
    self.parse_incoming_raw_bytes(resp)
  File "C:\Users\finis\mpf\Lib\site-packages\mpf\platforms\fast\communicators\base.py", line 360, in parse_incoming_raw_bytes
    msg = msg.decode()
          ^^^^^^^^^^^^
UnicodeDecodeError: 'utf-8' codec can't decode byte 0xff in position 0: invalid start byte
2025-04-27 21:38:25,058 : INFO : root : MPF run loop ended.
