2025-05-18 20:47:47,017 : INFO : root : Loading config.
2025-05-18 20:47:47,020 : INFO : YamlMultifileConfigLoader : Machine config file #1: config.yaml
2025-05-18 20:47:47,020 : INFO : ConfigProcessor : Loading config from cache: C:\Users\carr-\AppData\Local\Temp\23e177fce4903a9a69d69f474fa748a1.mpf_cache
2025-05-18 20:47:47,021 : WARNING : ConfigProcessor : Config file in cache changed: C:\Users\carr-\Documents\development\diehard-mpf\config\coils.yaml
2025-05-18 20:47:47,021 : INFO : ConfigProcessor : Loading config from file C:\Users\carr-\Documents\development\mpf080\mpf\mpfconfig.yaml.
2025-05-18 20:47:47,029 : INFO : ConfigProcessor : Loading config: C:\Users\carr-\Documents\development\mpf080\mpf\mpfconfig.yaml
2025-05-18 20:47:47,029 : INFO : ConfigProcessor : Loading config from file C:\Users\carr-\Documents\development\diehard-mpf\config\config.yaml.
2025-05-18 20:47:47,032 : INFO : ConfigProcessor : Loading config: C:\Users\carr-\Documents\development\diehard-mpf\config\config.yaml
2025-05-18 20:47:47,035 : INFO : ConfigProcessor : Loading config: C:\Users\carr-\Documents\development\diehard-mpf\config\switches.yaml
2025-05-18 20:47:47,036 : INFO : ConfigProcessor : Loading config: C:\Users\carr-\Documents\development\diehard-mpf\config\ball_devices.yaml
2025-05-18 20:47:47,038 : INFO : ConfigProcessor : Loading config: C:\Users\carr-\Documents\development\diehard-mpf\config\coils.yaml
2025-05-18 20:47:47,046 : INFO : ConfigProcessor : Loading config: C:\Users\carr-\Documents\development\diehard-mpf\config\lights.yaml
2025-05-18 20:47:47,048 : INFO : ConfigProcessor : Loading config: C:\Users\carr-\Documents\development\diehard-mpf\config\shot_profiles.yaml
2025-05-18 20:47:47,051 : INFO : ConfigProcessor : Config file cache created: C:\Users\carr-\AppData\Local\Temp\23e177fce4903a9a69d69f474fa748a1.mpf_cache
2025-05-18 20:47:47,137 : INFO : ConfigProcessor : Loading config from cache: C:\Users\carr-\AppData\Local\Temp\2f9bbeccf93c71693a410725897ab70d.mpf_cache
2025-05-18 20:47:47,138 : INFO : ConfigProcessor : Loading config from cache: C:\Users\carr-\AppData\Local\Temp\71986c9cb54d44e1ee87b7d4d0f68024.mpf_cache
2025-05-18 20:47:47,138 : WARNING : ConfigProcessor : Config file in cache changed: C:\Users\carr-\Documents\development\diehard-mpf\modes\base\config\base.yaml
2025-05-18 20:47:47,138 : INFO : ConfigProcessor : Loading config from file C:\Users\carr-\Documents\development\diehard-mpf\modes\base\config\base.yaml.
2025-05-18 20:47:47,148 : INFO : ConfigProcessor : Loading config: C:\Users\carr-\Documents\development\diehard-mpf\modes\base\config\base.yaml
2025-05-18 20:47:47,149 : INFO : ConfigProcessor : Config file cache created: C:\Users\carr-\AppData\Local\Temp\460998002e273cec26232c9157d92984.mpf_cache
2025-05-18 20:47:47,150 : INFO : ConfigProcessor : Loading config from cache: C:\Users\carr-\AppData\Local\Temp\668dbdbfcbfe997663fcbdfe0871c0b4.mpf_cache
2025-05-18 20:47:47,151 : INFO : ConfigProcessor : Loading config from cache: C:\Users\carr-\AppData\Local\Temp\5bdb9da15c9005c4036d70c7ddf4c03f.mpf_cache
2025-05-18 20:47:47,151 : INFO : ConfigProcessor : Loading config from cache: C:\Users\carr-\AppData\Local\Temp\4ef2cae97e908c683695ed521c4a6650.mpf_cache
2025-05-18 20:47:47,151 : INFO : ConfigProcessor : Loading config from cache: C:\Users\carr-\AppData\Local\Temp\3675271a3c90b9f1f0f947db698ba341.mpf_cache
2025-05-18 20:47:47,152 : INFO : Machine : Mission Pinball Framework Core Engine v0.80.0.dev6
2025-05-18 20:47:47,152 : INFO : Machine : Command line arguments: {'no_load_cache': False, 'create_config_cache': True, 'bcp': False, 'configfile': ['config.yaml'], 'force_assets_load': False, 'platform_integration_test': False, 'jsonlogging': False, 'logfile': 'logs\\2025-05-18-20-47-47-mpf-LAPTOP-99TN7EPH.log', 'pause': False, 'production': False, 'text_ui': False, 'loglevel': 15, 'consoleloglevel': 10, 'force_platform': 'smart_virtual', 'syslog_address': None, 'full_logfile_path': 'C:\\Users\\carr-\\Documents\\development\\diehard-mpf\\logs\\2025-05-18-20-47-47-mpf-LAPTOP-99TN7EPH.log'}
2025-05-18 20:47:47,152 : INFO : Machine : MPF path: C:\Users\carr-\Documents\development\mpf080\mpf
2025-05-18 20:47:47,152 : INFO : Machine : Machine path: C:\Users\carr-\Documents\development\diehard-mpf
2025-05-18 20:47:47,152 : INFO : Machine : Platform: win32
2025-05-18 20:47:47,152 : INFO : Machine : Python executable location: C:\Users\carr-\Documents\development\mpf080\mpfenv\Scripts\python.exe
2025-05-18 20:47:47,152 : INFO : Machine : Python version: 3.9.13 (64-bit)
2025-05-18 20:47:47,155 : INFO : Machine : Initializing MPF...
2025-05-18 20:47:47,247 : INFO : EventManager : Event: ======'machine_var_credits_string'====== Args={'value': 'FREE PLAY', 'prev_value': None, 'change': True}
2025-05-18 20:47:47,268 : INFO : EventManager : Event: ======'machine_var_fast_audio_headphones_volume'====== Args={'value': 10, 'prev_value': None, 'change': True}
2025-05-18 20:47:47,268 : INFO : EventManager : Event: ======'machine_var_fast_audio_main_volume'====== Args={'value': 60, 'prev_value': None, 'change': True}
2025-05-18 20:47:47,268 : INFO : EventManager : Event: ======'machine_var_master_volume'====== Args={'value': 0.5, 'prev_value': None, 'change': True}
2025-05-18 20:47:47,268 : INFO : EventManager : Event: ======'machine_var_player1_score'====== Args={'value': 0, 'prev_value': None, 'change': True}
2025-05-18 20:47:47,268 : INFO : EventManager : Event: ======'machine_var_var_which_attract'====== Args={'value': 0, 'prev_value': None, 'change': True}
2025-05-18 20:47:47,268 : INFO : EventManager : Event: ======'machine_var_mpf_version'====== Args={'value': 'Mission Pinball Framework v0.80.0.dev6', 'prev_value': None, 'change': True}
2025-05-18 20:47:47,268 : INFO : EventManager : Event: ======'machine_var_mpf_extended_version'====== Args={'value': 'Mission Pinball Framework v0.80.0.dev6, Config version:6, Show version: 6, BCP version:1.1', 'prev_value': None, 'change': True}
2025-05-18 20:47:47,269 : INFO : EventManager : Event: ======'machine_var_python_version'====== Args={'value': '3.9.13', 'prev_value': None, 'change': True}
2025-05-18 20:47:47,294 : INFO : EventManager : Event: ======'machine_var_platform'====== Args={'value': 'Windows-10-10.0.26100-SP0', 'prev_value': None, 'change': True}
2025-05-18 20:47:47,295 : INFO : EventManager : Event: ======'machine_var_platform_system'====== Args={'value': 'Windows', 'prev_value': None, 'change': True}
2025-05-18 20:47:47,295 : INFO : EventManager : Event: ======'machine_var_platform_release'====== Args={'value': '10', 'prev_value': None, 'change': True}
2025-05-18 20:47:47,295 : INFO : EventManager : Event: ======'machine_var_platform_version'====== Args={'value': '10.0.26100', 'prev_value': None, 'change': True}
2025-05-18 20:47:47,295 : INFO : EventManager : Event: ======'machine_var_platform_machine'====== Args={'value': 'AMD64', 'prev_value': None, 'change': True}
2025-05-18 20:47:47,295 : INFO : EventManager : Event: ======'machine_var_log_file_path'====== Args={'value': 'C:\\Users\\carr-\\Documents\\development\\diehard-mpf\\logs\\2025-05-18-20-47-47-mpf-LAPTOP-99TN7EPH.log', 'prev_value': None, 'change': True}
2025-05-18 20:47:47,295 : INFO : EventManager : Event: ======'init_phase_1'====== Args={}
2025-05-18 20:47:47,343 : INFO : EventManager : Event: ======'drop_target_bank_bank_up'====== Args={}
2025-05-18 20:47:47,344 : INFO : EventManager : Event: ======'init_phase_2'====== Args={}
2025-05-18 20:47:47,344 : INFO : SwitchController : Found active switch: ('d-8', <Platform.SmartVirtual>) <switch.s_trough1>
2025-05-18 20:47:47,344 : INFO : SwitchController : Found active switch: ('d-9', <Platform.SmartVirtual>) <switch.s_trough2>
2025-05-18 20:47:47,344 : INFO : SwitchController : Found active switch: ('d-10', <Platform.SmartVirtual>) <switch.s_trough3>
2025-05-18 20:47:47,344 : INFO : SwitchController : Found active switch: ('d-11', <Platform.SmartVirtual>) <switch.s_trough4>
2025-05-18 20:47:47,344 : INFO : SwitchController : Found active switch: ('d-12', <Platform.SmartVirtual>) <switch.s_trough5>
2025-05-18 20:47:47,345 : INFO : SwitchController : Found active switch: ('d-13', <Platform.SmartVirtual>) <switch.s_trough6>
2025-05-18 20:47:47,347 : INFO : ball_device.bd_trough : BCH: Initial count: 6
2025-05-18 20:47:47,347 : INFO : ball_device.bd_trough : State: idle
2025-05-18 20:47:47,347 : INFO : ball_device.bd_plunger : BCH: Initial count: 0
2025-05-18 20:47:47,348 : INFO : ball_device.bd_plunger : State: idle
2025-05-18 20:47:47,348 : INFO : ball_device.bd_scoop : BCH: Initial count: 0
2025-05-18 20:47:47,348 : INFO : ball_device.bd_scoop : State: idle
2025-05-18 20:47:47,348 : INFO : ball_device.bd_scoop1 : BCH: Initial count: 0
2025-05-18 20:47:47,348 : INFO : ball_device.bd_scoop1 : State: idle
2025-05-18 20:47:47,348 : INFO : ball_device.bd_scoop2 : BCH: Initial count: 0
2025-05-18 20:47:47,348 : INFO : ball_device.bd_scoop2 : State: idle
2025-05-18 20:47:47,348 : INFO : ball_device.bd_scoop3 : BCH: Initial count: 0
2025-05-18 20:47:47,349 : INFO : ball_device.bd_scoop3 : State: idle
2025-05-18 20:47:47,349 : INFO : ball_device.bd_scoop4 : BCH: Initial count: 0
2025-05-18 20:47:47,349 : INFO : ball_device.bd_scoop4 : State: idle
2025-05-18 20:47:47,359 : INFO : EventManager : Event: ======'init_phase_3'====== Args={}
2025-05-18 20:47:47,360 : INFO : EventManager : Event: ======'init_phase_4'====== Args={}
2025-05-18 20:47:47,361 : INFO : BallController : Initial balls found: 6
2025-05-18 20:47:47,362 : INFO : EventManager : Event: ======'machine_var_audits_events_game_ended'====== Args={'value': 9, 'prev_value': None, 'change': True}
2025-05-18 20:47:47,362 : INFO : EventManager : Event: ======'machine_var_audits_events_game_started'====== Args={'value': 45, 'prev_value': None, 'change': True}
2025-05-18 20:47:47,362 : INFO : EventManager : Event: ======'machine_var_audits_missing_switches_s_AirDuctEnter001'====== Args={'value': 5, 'prev_value': None, 'change': True}
2025-05-18 20:47:47,362 : INFO : EventManager : Event: ======'machine_var_audits_missing_switches_s_airplane'====== Args={'value': 3, 'prev_value': None, 'change': True}
2025-05-18 20:47:47,362 : INFO : EventManager : Event: ======'machine_var_audits_missing_switches_s_bottom_left_inner_drain'====== Args={'value': 4, 'prev_value': None, 'change': True}
2025-05-18 20:47:47,362 : INFO : EventManager : Event: ======'machine_var_audits_missing_switches_s_bottom_right_inner_drain'====== Args={'value': 6, 'prev_value': None, 'change': True}
2025-05-18 20:47:47,362 : INFO : EventManager : Event: ======'machine_var_audits_missing_switches_s_drop_target_2'====== Args={'value': 5, 'prev_value': None, 'change': True}
2025-05-18 20:47:47,362 : INFO : EventManager : Event: ======'machine_var_audits_missing_switches_s_drop_target_3'====== Args={'value': 5, 'prev_value': None, 'change': True}
2025-05-18 20:47:47,362 : INFO : EventManager : Event: ======'machine_var_audits_missing_switches_s_enter'====== Args={'value': 45, 'prev_value': None, 'change': True}
2025-05-18 20:47:47,362 : INFO : EventManager : Event: ======'machine_var_audits_missing_switches_s_escape'====== Args={'value': 45, 'prev_value': None, 'change': True}
2025-05-18 20:47:47,362 : INFO : EventManager : Event: ======'machine_var_audits_missing_switches_s_holly_h'====== Args={'value': 45, 'prev_value': None, 'change': True}
2025-05-18 20:47:47,362 : INFO : EventManager : Event: ======'machine_var_audits_missing_switches_s_holly_l'====== Args={'value': 4, 'prev_value': None, 'change': True}
2025-05-18 20:47:47,362 : INFO : EventManager : Event: ======'machine_var_audits_missing_switches_s_holly_o'====== Args={'value': 6, 'prev_value': None, 'change': True}
2025-05-18 20:47:47,362 : INFO : EventManager : Event: ======'machine_var_audits_missing_switches_s_left_coin'====== Args={'value': 45, 'prev_value': None, 'change': True}
2025-05-18 20:47:47,362 : INFO : EventManager : Event: ======'machine_var_audits_missing_switches_s_left_flipper'====== Args={'value': 4, 'prev_value': None, 'change': True}
2025-05-18 20:47:47,362 : INFO : EventManager : Event: ======'machine_var_audits_missing_switches_s_left_flipper_eos'====== Args={'value': 4, 'prev_value': None, 'change': True}
2025-05-18 20:47:47,362 : INFO : EventManager : Event: ======'machine_var_audits_missing_switches_s_left_inlane'====== Args={'value': 24, 'prev_value': None, 'change': True}
2025-05-18 20:47:47,362 : INFO : EventManager : Event: ======'machine_var_audits_missing_switches_s_left_magna'====== Args={'value': 4, 'prev_value': None, 'change': True}
2025-05-18 20:47:47,362 : INFO : EventManager : Event: ======'machine_var_audits_missing_switches_s_left_outlane'====== Args={'value': 24, 'prev_value': None, 'change': True}
2025-05-18 20:47:47,362 : INFO : EventManager : Event: ======'machine_var_audits_missing_switches_s_left_top_target'====== Args={'value': 6, 'prev_value': None, 'change': True}
2025-05-18 20:47:47,362 : INFO : EventManager : Event: ======'machine_var_audits_missing_switches_s_middle_top_target'====== Args={'value': 6, 'prev_value': None, 'change': True}
2025-05-18 20:47:47,362 : INFO : EventManager : Event: ======'machine_var_audits_missing_switches_s_minus'====== Args={'value': 45, 'prev_value': None, 'change': True}
2025-05-18 20:47:47,362 : INFO : EventManager : Event: ======'machine_var_audits_missing_switches_s_nakatomi'====== Args={'value': 5, 'prev_value': None, 'change': True}
2025-05-18 20:47:47,362 : INFO : EventManager : Event: ======'machine_var_audits_missing_switches_s_plus'====== Args={'value': 45, 'prev_value': None, 'change': True}
2025-05-18 20:47:47,363 : INFO : EventManager : Event: ======'machine_var_audits_missing_switches_s_popbumper_left'====== Args={'value': 4, 'prev_value': None, 'change': True}
2025-05-18 20:47:47,363 : INFO : EventManager : Event: ======'machine_var_audits_missing_switches_s_right spinner'====== Args={'value': 5, 'prev_value': None, 'change': True}
2025-05-18 20:47:47,363 : INFO : EventManager : Event: ======'machine_var_audits_missing_switches_s_right_coin'====== Args={'value': 45, 'prev_value': None, 'change': True}
2025-05-18 20:47:47,363 : INFO : EventManager : Event: ======'machine_var_audits_missing_switches_s_right_flipper'====== Args={'value': 4, 'prev_value': None, 'change': True}
2025-05-18 20:47:47,363 : INFO : EventManager : Event: ======'machine_var_audits_missing_switches_s_right_flipper_eos'====== Args={'value': 4, 'prev_value': None, 'change': True}
2025-05-18 20:47:47,363 : INFO : EventManager : Event: ======'machine_var_audits_missing_switches_s_right_inlane'====== Args={'value': 24, 'prev_value': None, 'change': True}
2025-05-18 20:47:47,363 : INFO : EventManager : Event: ======'machine_var_audits_missing_switches_s_right_magna'====== Args={'value': 4, 'prev_value': None, 'change': True}
2025-05-18 20:47:47,363 : INFO : EventManager : Event: ======'machine_var_audits_missing_switches_s_right_orbit'====== Args={'value': 3, 'prev_value': None, 'change': True}
2025-05-18 20:47:47,363 : INFO : EventManager : Event: ======'machine_var_audits_missing_switches_s_right_outlane'====== Args={'value': 24, 'prev_value': None, 'change': True}
2025-05-18 20:47:47,363 : INFO : EventManager : Event: ======'machine_var_audits_missing_switches_s_right_top_target'====== Args={'value': 6, 'prev_value': None, 'change': True}
2025-05-18 20:47:47,363 : INFO : EventManager : Event: ======'machine_var_audits_missing_switches_s_safe_vuk'====== Args={'value': 1, 'prev_value': None, 'change': True}
2025-05-18 20:47:47,363 : INFO : EventManager : Event: ======'machine_var_audits_missing_switches_s_start'====== Args={'value': 3, 'prev_value': None, 'change': True}
2025-05-18 20:47:47,363 : INFO : EventManager : Event: ======'machine_var_audits_missing_switches_s_target_2'====== Args={'value': 24, 'prev_value': None, 'change': True}
2025-05-18 20:47:47,363 : INFO : EventManager : Event: ======'machine_var_audits_missing_switches_s_target_3'====== Args={'value': 24, 'prev_value': None, 'change': True}
2025-05-18 20:47:47,363 : INFO : EventManager : Event: ======'machine_var_audits_missing_switches_s_tilt_bob'====== Args={'value': 45, 'prev_value': None, 'change': True}
2025-05-18 20:47:47,363 : INFO : EventManager : Event: ======'machine_var_audits_missing_switches_s_top_flipper_eos'====== Args={'value': 4, 'prev_value': None, 'change': True}
2025-05-18 20:47:47,363 : INFO : EventManager : Event: ======'machine_var_audits_missing_switches_s_top_flipper_hold'====== Args={'value': 24, 'prev_value': None, 'change': True}
2025-05-18 20:47:47,363 : INFO : EventManager : Event: ======'machine_var_audits_player_score'====== Args={'value': {'average': 0, 'top': [0, 0, 0, 0, 0, 0, 0, 0, 0, 0], 'total': 10}, 'prev_value': None, 'change': True}
2025-05-18 20:47:47,363 : INFO : EventManager : Event: ======'machine_var_audits_switches_s_AirDuctEnter001'====== Args={'value': 5, 'prev_value': None, 'change': True}
2025-05-18 20:47:47,363 : INFO : EventManager : Event: ======'machine_var_audits_switches_s_airplane'====== Args={'value': 17, 'prev_value': None, 'change': True}
2025-05-18 20:47:47,363 : INFO : EventManager : Event: ======'machine_var_audits_switches_s_bottom_left_inner_drain'====== Args={'value': 56, 'prev_value': None, 'change': True}
2025-05-18 20:47:47,363 : INFO : EventManager : Event: ======'machine_var_audits_switches_s_bottom_left_outer_drain'====== Args={'value': 55, 'prev_value': None, 'change': True}
2025-05-18 20:47:47,363 : INFO : EventManager : Event: ======'machine_var_audits_switches_s_bottom_right_inner_drain'====== Args={'value': 98, 'prev_value': None, 'change': True}
2025-05-18 20:47:47,363 : INFO : EventManager : Event: ======'machine_var_audits_switches_s_bottom_right_outer_drain'====== Args={'value': 273, 'prev_value': None, 'change': True}
2025-05-18 20:47:47,363 : INFO : EventManager : Event: ======'machine_var_audits_switches_s_bottom_right_vuk'====== Args={'value': 1398, 'prev_value': None, 'change': True}
2025-05-18 20:47:47,363 : INFO : EventManager : Event: ======'machine_var_audits_switches_s_door'====== Args={'value': 33, 'prev_value': None, 'change': True}
2025-05-18 20:47:47,363 : INFO : EventManager : Event: ======'machine_var_audits_switches_s_door_tilt'====== Args={'value': 66, 'prev_value': None, 'change': True}
2025-05-18 20:47:47,363 : INFO : EventManager : Event: ======'machine_var_audits_switches_s_drop_target_1'====== Args={'value': 45, 'prev_value': None, 'change': True}
2025-05-18 20:47:47,363 : INFO : EventManager : Event: ======'machine_var_audits_switches_s_drop_target_2'====== Args={'value': 41, 'prev_value': None, 'change': True}
2025-05-18 20:47:47,363 : INFO : EventManager : Event: ======'machine_var_audits_switches_s_drop_target_3'====== Args={'value': 52, 'prev_value': None, 'change': True}
2025-05-18 20:47:47,363 : INFO : EventManager : Event: ======'machine_var_audits_switches_s_enter'====== Args={'value': 0, 'prev_value': None, 'change': True}
2025-05-18 20:47:47,363 : INFO : EventManager : Event: ======'machine_var_audits_switches_s_escape'====== Args={'value': 0, 'prev_value': None, 'change': True}
2025-05-18 20:47:47,363 : INFO : EventManager : Event: ======'machine_var_audits_switches_s_fire'====== Args={'value': 67, 'prev_value': None, 'change': True}
2025-05-18 20:47:47,363 : INFO : EventManager : Event: ======'machine_var_audits_switches_s_highvuk'====== Args={'value': 34, 'prev_value': None, 'change': True}
2025-05-18 20:47:47,363 : INFO : EventManager : Event: ======'machine_var_audits_switches_s_holly_h'====== Args={'value': 0, 'prev_value': None, 'change': True}
2025-05-18 20:47:47,363 : INFO : EventManager : Event: ======'machine_var_audits_switches_s_holly_l'====== Args={'value': 64, 'prev_value': None, 'change': True}
2025-05-18 20:47:47,364 : INFO : EventManager : Event: ======'machine_var_audits_switches_s_holly_l_1'====== Args={'value': 72, 'prev_value': None, 'change': True}
2025-05-18 20:47:47,364 : INFO : EventManager : Event: ======'machine_var_audits_switches_s_holly_o'====== Args={'value': 59, 'prev_value': None, 'change': True}
2025-05-18 20:47:47,364 : INFO : EventManager : Event: ======'machine_var_audits_switches_s_holly_y'====== Args={'value': 29, 'prev_value': None, 'change': True}
2025-05-18 20:47:47,364 : INFO : EventManager : Event: ======'machine_var_audits_switches_s_left spinner'====== Args={'value': 547, 'prev_value': None, 'change': True}
2025-05-18 20:47:47,364 : INFO : EventManager : Event: ======'machine_var_audits_switches_s_left_coin'====== Args={'value': 0, 'prev_value': None, 'change': True}
2025-05-18 20:47:47,364 : INFO : EventManager : Event: ======'machine_var_audits_switches_s_left_flipper'====== Args={'value': 674, 'prev_value': None, 'change': True}
2025-05-18 20:47:47,364 : INFO : EventManager : Event: ======'machine_var_audits_switches_s_left_flipper_eos'====== Args={'value': 639, 'prev_value': None, 'change': True}
2025-05-18 20:47:47,364 : INFO : EventManager : Event: ======'machine_var_audits_switches_s_left_inlane'====== Args={'value': 0, 'prev_value': None, 'change': True}
2025-05-18 20:47:47,364 : INFO : EventManager : Event: ======'machine_var_audits_switches_s_left_magna'====== Args={'value': 179, 'prev_value': None, 'change': True}
2025-05-18 20:47:47,364 : INFO : EventManager : Event: ======'machine_var_audits_switches_s_left_orbit'====== Args={'value': 125, 'prev_value': None, 'change': True}
2025-05-18 20:47:47,364 : INFO : EventManager : Event: ======'machine_var_audits_switches_s_left_outlane'====== Args={'value': 0, 'prev_value': None, 'change': True}
2025-05-18 20:47:47,364 : INFO : EventManager : Event: ======'machine_var_audits_switches_s_left_sling'====== Args={'value': 209, 'prev_value': None, 'change': True}
2025-05-18 20:47:47,364 : INFO : EventManager : Event: ======'machine_var_audits_switches_s_left_top_target'====== Args={'value': 29, 'prev_value': None, 'change': True}
2025-05-18 20:47:47,364 : INFO : EventManager : Event: ======'machine_var_audits_switches_s_middle_top_target'====== Args={'value': 23, 'prev_value': None, 'change': True}
2025-05-18 20:47:47,364 : INFO : EventManager : Event: ======'machine_var_audits_switches_s_minus'====== Args={'value': 0, 'prev_value': None, 'change': True}
2025-05-18 20:47:47,364 : INFO : EventManager : Event: ======'machine_var_audits_switches_s_nakatomi'====== Args={'value': 127, 'prev_value': None, 'change': True}
2025-05-18 20:47:47,364 : INFO : EventManager : Event: ======'machine_var_audits_switches_s_plunger_lane'====== Args={'value': 77, 'prev_value': None, 'change': True}
2025-05-18 20:47:47,364 : INFO : EventManager : Event: ======'machine_var_audits_switches_s_plus'====== Args={'value': 0, 'prev_value': None, 'change': True}
2025-05-18 20:47:47,364 : INFO : EventManager : Event: ======'machine_var_audits_switches_s_popbumper_left'====== Args={'value': 127, 'prev_value': None, 'change': True}
2025-05-18 20:47:47,364 : INFO : EventManager : Event: ======'machine_var_audits_switches_s_popbumper_right'====== Args={'value': 160, 'prev_value': None, 'change': True}
2025-05-18 20:47:47,364 : INFO : EventManager : Event: ======'machine_var_audits_switches_s_right spinner'====== Args={'value': 61, 'prev_value': None, 'change': True}
2025-05-18 20:47:47,364 : INFO : EventManager : Event: ======'machine_var_audits_switches_s_right_coin'====== Args={'value': 0, 'prev_value': None, 'change': True}
2025-05-18 20:47:47,364 : INFO : EventManager : Event: ======'machine_var_audits_switches_s_right_flipper'====== Args={'value': 705, 'prev_value': None, 'change': True}
2025-05-18 20:47:47,364 : INFO : EventManager : Event: ======'machine_var_audits_switches_s_right_flipper_eos'====== Args={'value': 669, 'prev_value': None, 'change': True}
2025-05-18 20:47:47,364 : INFO : EventManager : Event: ======'machine_var_audits_switches_s_right_inlane'====== Args={'value': 0, 'prev_value': None, 'change': True}
2025-05-18 20:47:47,364 : INFO : EventManager : Event: ======'machine_var_audits_switches_s_right_magna'====== Args={'value': 173, 'prev_value': None, 'change': True}
2025-05-18 20:47:47,364 : INFO : EventManager : Event: ======'machine_var_audits_switches_s_right_orbit'====== Args={'value': 127, 'prev_value': None, 'change': True}
2025-05-18 20:47:47,364 : INFO : EventManager : Event: ======'machine_var_audits_switches_s_right_outlane'====== Args={'value': 0, 'prev_value': None, 'change': True}
2025-05-18 20:47:47,364 : INFO : EventManager : Event: ======'machine_var_audits_switches_s_right_sling'====== Args={'value': 188, 'prev_value': None, 'change': True}
2025-05-18 20:47:47,364 : INFO : EventManager : Event: ======'machine_var_audits_switches_s_right_top_target'====== Args={'value': 18, 'prev_value': None, 'change': True}
2025-05-18 20:47:47,364 : INFO : EventManager : Event: ======'machine_var_audits_switches_s_safe_vuk'====== Args={'value': 71, 'prev_value': None, 'change': True}
2025-05-18 20:47:47,364 : INFO : EventManager : Event: ======'machine_var_audits_switches_s_start'====== Args={'value': 41, 'prev_value': None, 'change': True}
2025-05-18 20:47:47,364 : INFO : EventManager : Event: ======'machine_var_audits_switches_s_target_2'====== Args={'value': 0, 'prev_value': None, 'change': True}
2025-05-18 20:47:47,364 : INFO : EventManager : Event: ======'machine_var_audits_switches_s_target_3'====== Args={'value': 0, 'prev_value': None, 'change': True}
2025-05-18 20:47:47,364 : INFO : EventManager : Event: ======'machine_var_audits_switches_s_tilt_bob'====== Args={'value': 0, 'prev_value': None, 'change': True}
2025-05-18 20:47:47,364 : INFO : EventManager : Event: ======'machine_var_audits_switches_s_top_flipper_eos'====== Args={'value': 641, 'prev_value': None, 'change': True}
2025-05-18 20:47:47,364 : INFO : EventManager : Event: ======'machine_var_audits_switches_s_top_flipper_hold'====== Args={'value': 0, 'prev_value': None, 'change': True}
2025-05-18 20:47:47,364 : INFO : EventManager : Event: ======'machine_var_audits_switches_s_trough1'====== Args={'value': 104, 'prev_value': None, 'change': True}
2025-05-18 20:47:47,365 : INFO : EventManager : Event: ======'machine_var_audits_switches_s_trough2'====== Args={'value': 60, 'prev_value': None, 'change': True}
2025-05-18 20:47:47,365 : INFO : EventManager : Event: ======'machine_var_audits_switches_s_trough3'====== Args={'value': 58, 'prev_value': None, 'change': True}
2025-05-18 20:47:47,365 : INFO : EventManager : Event: ======'machine_var_audits_switches_s_trough4'====== Args={'value': 58, 'prev_value': None, 'change': True}
2025-05-18 20:47:47,365 : INFO : EventManager : Event: ======'machine_var_audits_switches_s_trough5'====== Args={'value': 48, 'prev_value': None, 'change': True}
2025-05-18 20:47:47,365 : INFO : EventManager : Event: ======'machine_var_audits_switches_s_trough6'====== Args={'value': 48, 'prev_value': None, 'change': True}
2025-05-18 20:47:47,365 : INFO : EventManager : Event: ======'machine_var_audits_switches_s_trough_jam'====== Args={'value': 77, 'prev_value': None, 'change': True}
2025-05-18 20:47:47,365 : INFO : EventManager : Event: ======'machine_var_audits_switches_s_tunel_vuk'====== Args={'value': 125, 'prev_value': None, 'change': True}
2025-05-18 20:47:47,365 : INFO : EventManager : Event: ======'machine_var_audits_switches_swPlunger'====== Args={'value': 16, 'prev_value': None, 'change': True}
2025-05-18 20:47:47,365 : INFO : EventManager : Event: ======'init_phase_5'====== Args={}
2025-05-18 20:47:47,366 : INFO : EventManager : Event: ======'init_done'====== Args={}
2025-05-18 20:47:47,366 : INFO : EventManager : Event: ======'machine_reset_phase_1'====== Args={}
2025-05-18 20:47:47,366 : INFO : EventManager : Event: ======'machine_reset_phase_2'====== Args={}
2025-05-18 20:47:47,366 : INFO : EventManager : Event: ======'machine_reset_phase_3'====== Args={}
2025-05-18 20:47:47,366 : INFO : drop_target_bank.bank : All targets are already up. Will not reset bank.
2025-05-18 20:47:47,366 : INFO : EventManager : Event: ======'reset_complete'====== Args={}
2025-05-18 20:47:47,366 : INFO : EventManager : Event: ======'mode_attract_will_start'====== Args={}
2025-05-18 20:47:47,366 : INFO : EventManager : Event: ======'mode_attract_starting'====== Args={}
2025-05-18 20:47:47,366 : INFO : Mode.attract : Started. Priority: 10
2025-05-18 20:47:47,366 : INFO : EventManager : Event: ======'modes_active_modes_changed'====== Args={}
2025-05-18 20:47:47,366 : INFO : EventManager : Event: ======'mode_attract_started'====== Args={}
2025-05-18 20:47:47,367 : INFO : EventManager : Event: ======'collecting_balls_complete'====== Args={}
2025-05-18 20:47:47,367 : INFO : Machine : Starting the main run loop with active modes: [<Mode.attract>]
2025-05-18 20:47:50,518 : INFO : BcpServer : New client connected.
2025-05-18 20:47:53,581 : INFO : SwitchController : <<<<<<< 's_start' active >>>>>>>
2025-05-18 20:47:53,655 : INFO : SwitchController : <<<<<<< 's_start' inactive >>>>>>>
2025-05-18 20:47:53,655 : INFO : EventManager : Event: ======'request_to_start_game'====== Args={}
2025-05-18 20:47:53,655 : INFO : EventManager : Event: ======'game_start'====== Args={'buttons': [], 'hold_time': 0.07799999999406282}
2025-05-18 20:47:53,656 : INFO : EventManager : Event: ======'mode_game_will_start'====== Args={'buttons': [], 'hold_time': 0.07799999999406282}
2025-05-18 20:47:53,656 : INFO : EventManager : Event: ======'mode_game_starting'====== Args={'buttons': [], 'hold_time': 0.07799999999406282}
2025-05-18 20:47:53,656 : INFO : EventManager : Event: ======'mode_attract_will_stop'====== Args={}
2025-05-18 20:47:53,656 : INFO : EventManager : Event: ======'mode_attract_stopping'====== Args={}
2025-05-18 20:47:53,656 : INFO : Mode.attract : Stopped.
2025-05-18 20:47:53,656 : INFO : EventManager : Event: ======'modes_active_modes_changed'====== Args={}
2025-05-18 20:47:53,656 : INFO : EventManager : Event: ======'mode_attract_stopped'====== Args={}
2025-05-18 20:47:53,657 : INFO : EventManager : Event: ======'clear'====== Args={'key': 'attract'}
2025-05-18 20:47:53,657 : INFO : Mode.game : Started. Priority: 20
2025-05-18 20:47:53,657 : INFO : EventManager : Event: ======'modes_active_modes_changed'====== Args={}
2025-05-18 20:47:53,657 : INFO : EventManager : Event: ======'mode_game_started'====== Args={'buttons': [], 'hold_time': 0.07799999999406282}
2025-05-18 20:47:53,657 : INFO : EventManager : Event: ======'game_will_start'====== Args={}
2025-05-18 20:47:53,657 : INFO : EventManager : Event: ======'game_starting'====== Args={'game': <Mode.game>}
2025-05-18 20:47:53,658 : INFO : EventManager : Unordered handler for class <Auditor> on event game_ended with priority 1. Handlers: [RegisteredHandler(callback=<bound method Auditor.disable of <Auditor>>, priority=1, kwargs={}, key=UUID('05c2fd8c-89cb-47b3-b288-6b94649d66c1'), condition=None, blocking_facility=None), RegisteredHandler(callback=<bound method Auditor._save_audits of <Auditor>>, priority=1, kwargs={}, key=UUID('cf7df0f1-8955-45e1-b9a6-3b5da07bc6ca'), condition=None, blocking_facility=None)]. The order of those handlers is not defined and they will be executed in random order. This might lead to race conditions and potential bugs.
2025-05-18 20:47:53,658 : INFO : EventManager : Event: ======'player_add_request'====== Args={}
2025-05-18 20:47:53,658 : INFO : EventManager : Event: ======'player_will_add'====== Args={'number': 1}
2025-05-18 20:47:53,658 : INFO : EventManager : Event: ======'player_adding'====== Args={'player': <Player 1>, 'number': 1}
2025-05-18 20:47:53,658 : INFO : EventManager : Event: ======'player_added'====== Args={'player': <Player 1>, 'num': 1}
2025-05-18 20:47:53,658 : INFO : Mode.game : Player added successfully. Total players: 1
2025-05-18 20:47:53,658 : INFO : EventManager : Event: ======'player_index'====== Args={'value': 0, 'prev_value': 0, 'change': 0, 'player_num': 1}
2025-05-18 20:47:53,659 : INFO : EventManager : Event: ======'player_number'====== Args={'value': 1, 'prev_value': 1, 'change': 0, 'player_num': 1}
2025-05-18 20:47:53,659 : INFO : EventManager : Event: ======'player_score'====== Args={'value': 0, 'prev_value': 0, 'change': 0, 'player_num': 1}
2025-05-18 20:47:53,659 : INFO : EventManager : Event: ======'game_started'====== Args={}
2025-05-18 20:47:53,659 : INFO : EventManager : Event: ======'player_turn_will_start'====== Args={'player': <Player 1>, 'number': 1}
2025-05-18 20:47:53,660 : INFO : EventManager : Event: ======'player_turn_starting'====== Args={'player': <Player 1>, 'number': 1}
2025-05-18 20:47:53,660 : INFO : EventManager : Event: ======'player_ball'====== Args={'value': 1, 'prev_value': 0, 'change': 1, 'player_num': 1}
2025-05-18 20:47:53,660 : INFO : EventManager : Event: ======'player_turn_started'====== Args={'player': <Player 1>, 'number': 1}
2025-05-18 20:47:53,663 : INFO : EventManager : Event: ======'ball_will_start'====== Args={'player': 1, 'ball': 1, 'balls_remaining': 2, 'is_extra_ball': False}
2025-05-18 20:47:53,664 : INFO : EventManager : Event: ======'ball_starting'====== Args={'player': 1, 'ball': 1, 'balls_remaining': 2, 'is_extra_ball': False}
2025-05-18 20:47:53,664 : INFO : drop_target_bank.bank : All targets are already up. Will not reset bank.
2025-05-18 20:47:53,664 : INFO : EventManager : Event: ======'balls_in_play'====== Args={'balls': 1}
2025-05-18 20:47:53,665 : INFO : EventManager : Event: ======'ball_started'====== Args={'player': 1, 'ball': 1, 'balls_remaining': 2, 'is_extra_ball': False}
2025-05-18 20:47:53,665 : INFO : EventManager : Event: ======'mode_score_will_start'====== Args={'player': 1, 'ball': 1, 'balls_remaining': 2, 'is_extra_ball': False}
2025-05-18 20:47:53,665 : INFO : EventManager : Event: ======'mode_score_starting'====== Args={'player': 1, 'ball': 1, 'balls_remaining': 2, 'is_extra_ball': False}
2025-05-18 20:47:53,665 : INFO : EventManager : Event: ======'mode_base_will_start'====== Args={'player': 1, 'ball': 1, 'balls_remaining': 2, 'is_extra_ball': False}
2025-05-18 20:47:53,666 : INFO : EventManager : Event: ======'mode_base_starting'====== Args={'player': 1, 'ball': 1, 'balls_remaining': 2, 'is_extra_ball': False}
2025-05-18 20:47:53,666 : INFO : Mode.base : Started. Priority: 100
2025-05-18 20:47:53,666 : INFO : EventManager : Event: ======'modes_active_modes_changed'====== Args={}
2025-05-18 20:47:53,666 : INFO : EventManager : Event: ======'mode_base_started'====== Args={'player': 1, 'ball': 1, 'balls_remaining': 2, 'is_extra_ball': False}
2025-05-18 20:47:53,666 : INFO : Mode.score : Started. Priority: 110
2025-05-18 20:47:53,666 : INFO : EventManager : Event: ======'modes_active_modes_changed'====== Args={}
2025-05-18 20:47:53,668 : INFO : EventManager : Event: ======'mode_score_started'====== Args={'player': 1, 'ball': 1, 'balls_remaining': 2, 'is_extra_ball': False}
2025-05-18 20:47:53,668 : INFO : EventManager : Event: ======'single_player_ball_started'====== Args={}
2025-05-18 20:47:53,668 : INFO : EventManager : Event: ======'ball_start_target'====== Args={'target': 'playfield'}
2025-05-18 20:47:53,668 : INFO : ball_device.bd_plunger : Setting up player-controlled eject. Balls: 1, Target: <playfield.playfield>, player_controlled_eject_event: s_fire_active
2025-05-18 20:47:53,669 : INFO : EventManager : Event: ======'balldevice_balls_available'====== Args={}
2025-05-18 20:47:53,669 : INFO : ball_device.bd_trough : State: waiting_for_target_ready
2025-05-18 20:47:53,669 : INFO : EventManager : Event: ======'balldevice_bd_trough_ball_eject_attempt'====== Args={'balls': 1, 'target': <ball_device.bd_plunger>, 'source': <ball_device.bd_trough>, 'mechanical_eject': True, 'num_attempts': 0}
2025-05-18 20:47:53,670 : INFO : ball_device.bd_plunger : State: waiting_for_ball
2025-05-18 20:47:53,670 : INFO : ball_device.bd_trough : State: ejecting
2025-05-18 20:47:53,670 : INFO : ball_device.bd_trough : Ejecting ball to <ball_device.bd_plunger>
2025-05-18 20:47:53,670 : INFO : EventManager : Event: ======'balldevice_bd_trough_ejecting_ball'====== Args={'balls': 1, 'target': <ball_device.bd_plunger>, 'source': <ball_device.bd_trough>, 'mechanical_eject': True, 'num_attempts': 0}
2025-05-18 20:47:53,670 : INFO : ball_device.bd_trough : Wait for ball to leave device
2025-05-18 20:47:53,671 : INFO : coil.c_trough_eject : Pulsing Driver for 20ms (1.0 pulse_power)
2025-05-18 20:47:53,671 : INFO : SwitchController : <<<<<<< 's_trough1' inactive >>>>>>>
2025-05-18 20:47:53,672 : INFO : ball_device.bd_trough : State: ball_left
2025-05-18 20:47:53,673 : INFO : ball_device.bd_trough : Ball left
2025-05-18 20:47:53,673 : INFO : ball_device.bd_trough : Wait for confirm with timeout 10.0
2025-05-18 20:47:53,794 : INFO : SwitchController : <<<<<<< 's_plunger_lane' active >>>>>>>
2025-05-18 20:47:53,794 : INFO : EventManager : Event: ======'machine_var_audits_switches_s_plunger_lane'====== Args={'value': 78, 'prev_value': 77, 'change': 1}
2025-05-18 20:47:54,294 : INFO : ball_device.bd_plunger : Received ball from <ball_device.bd_trough>
2025-05-18 20:47:54,294 : INFO : EventManager : Event: ======'balldevice_bd_plunger_ball_enter'====== Args={'new_balls': 1, 'unclaimed_balls': 0, 'new_available_balls': 0, 'device': <ball_device.bd_plunger>}
2025-05-18 20:47:54,295 : INFO : EventManager : Event: ======'balldevice_bd_plunger_ball_entered'====== Args={'new_balls': 0, 'device': <ball_device.bd_plunger>}
2025-05-18 20:47:54,295 : INFO : EventManager : Event: ======'balldevice_bd_plunger_ball_count_changed'====== Args={'balls': 1}
2025-05-18 20:47:54,295 : INFO : ball_device.bd_trough : Got eject confirm
2025-05-18 20:47:54,295 : INFO : ball_device.bd_trough : Eject successful
2025-05-18 20:47:54,295 : INFO : EventManager : Event: ======'balldevice_bd_trough_ball_eject_success'====== Args={'balls': 1, 'target': <ball_device.bd_plunger>}
2025-05-18 20:47:54,296 : INFO : EventManager : Event: ======'balldevice_bd_trough_ball_count_changed'====== Args={'balls': 5}
2025-05-18 20:47:54,296 : INFO : ball_device.bd_trough : State: idle
2025-05-18 20:47:54,296 : INFO : ball_device.bd_plunger : State: waiting_for_target_ready
2025-05-18 20:47:54,296 : INFO : EventManager : Event: ======'balldevice_bd_plunger_ball_eject_attempt'====== Args={'balls': 1, 'target': <playfield.playfield>, 'source': <ball_device.bd_plunger>, 'mechanical_eject': True, 'num_attempts': 0}
2025-05-18 20:47:54,297 : INFO : ball_device.bd_plunger : State: ejecting
2025-05-18 20:47:54,297 : INFO : ball_device.bd_plunger : Ejecting ball to <playfield.playfield>
2025-05-18 20:47:54,297 : INFO : EventManager : Event: ======'balldevice_bd_plunger_ejecting_ball'====== Args={'balls': 1, 'target': <playfield.playfield>, 'source': <ball_device.bd_plunger>, 'mechanical_eject': True, 'num_attempts': 0}
2025-05-18 20:47:54,298 : INFO : ball_device.bd_plunger : Wait for ball to leave device
2025-05-18 20:47:54,497 : INFO : SwitchController : <<<<<<< 's_plunger_lane' inactive >>>>>>>
2025-05-18 20:47:54,497 : INFO : ball_device.bd_plunger : State: ball_left
2025-05-18 20:47:54,497 : INFO : ball_device.bd_plunger : Ball left
2025-05-18 20:47:54,497 : INFO : ball_device.bd_plunger : Wait for confirm with timeout 10.0
2025-05-18 20:47:55,849 : INFO : SwitchController : <<<<<<< 's_left_sling' active >>>>>>>
2025-05-18 20:47:55,849 : INFO : EventManager : Event: ======'s_left_sling_active'====== Args={}
2025-05-18 20:47:55,849 : INFO : EventManager : Event: ======'playfield_active'====== Args={'source': 'left_sling'}
2025-05-18 20:47:55,850 : INFO : EventManager : Event: ======'machine_var_audits_switches_s_left_sling'====== Args={'value': 210, 'prev_value': 209, 'change': 1}
2025-05-18 20:47:55,850 : INFO : EventManager : Event: ======'player_score'====== Args={'value': 3030, 'prev_value': 0, 'change': 3030, 'player_num': 1, 'source': 'score'}
2025-05-18 20:47:55,850 : INFO : EventManager : Event: ======'flash_left_sling_blue'====== Args={}
2025-05-18 20:47:55,851 : INFO : ball_device.bd_plunger : Got eject confirm
2025-05-18 20:47:55,851 : INFO : ball_device.bd_plunger : Eject successful
2025-05-18 20:47:55,851 : INFO : EventManager : Event: ======'balldevice_bd_plunger_ball_eject_success'====== Args={'balls': 1, 'target': <playfield.playfield>}
2025-05-18 20:47:55,855 : INFO : EventManager : Event: ======'balldevice_playfield_ball_enter'====== Args={'new_balls': 1, 'unclaimed_balls': 1, 'device': <playfield.playfield>}
2025-05-18 20:47:55,855 : INFO : EventManager : Event: ======'playfield_ball_count_change'====== Args={'balls': 1, 'change': 1}
2025-05-18 20:47:55,855 : INFO : EventManager : Event: ======'balldevice_bd_plunger_ball_count_changed'====== Args={'balls': 0}
2025-05-18 20:47:55,855 : INFO : ball_device.bd_plunger : State: idle
2025-05-18 20:47:55,916 : INFO : SwitchController : <<<<<<< 's_left_sling' inactive >>>>>>>
2025-05-18 20:47:56,492 : INFO : SwitchController : <<<<<<< 's_left_sling' active >>>>>>>
2025-05-18 20:47:56,492 : INFO : EventManager : Event: ======'s_left_sling_active'====== Args={}
2025-05-18 20:47:56,493 : INFO : EventManager : Event: ======'machine_var_audits_switches_s_left_sling'====== Args={'value': 211, 'prev_value': 210, 'change': 1}
2025-05-18 20:47:56,493 : INFO : EventManager : Event: ======'player_score'====== Args={'value': 6060, 'prev_value': 3030, 'change': 3030, 'player_num': 1, 'source': 'score'}
2025-05-18 20:47:56,493 : INFO : EventManager : Event: ======'flash_left_sling_red'====== Args={}
2025-05-18 20:47:56,558 : INFO : SwitchController : <<<<<<< 's_left_sling' inactive >>>>>>>
2025-05-18 20:47:57,079 : INFO : SwitchController : <<<<<<< 's_left_sling' active >>>>>>>
2025-05-18 20:47:57,080 : INFO : EventManager : Event: ======'s_left_sling_active'====== Args={}
2025-05-18 20:47:57,080 : INFO : EventManager : Event: ======'machine_var_audits_switches_s_left_sling'====== Args={'value': 212, 'prev_value': 211, 'change': 1}
2025-05-18 20:47:57,080 : INFO : EventManager : Event: ======'player_score'====== Args={'value': 9090, 'prev_value': 6060, 'change': 3030, 'player_num': 1, 'source': 'score'}
2025-05-18 20:47:57,080 : INFO : EventManager : Event: ======'flash_left_sling_red'====== Args={}
2025-05-18 20:47:57,149 : INFO : SwitchController : <<<<<<< 's_left_sling' inactive >>>>>>>
2025-05-18 20:47:57,623 : INFO : SwitchController : <<<<<<< 's_left_sling' active >>>>>>>
2025-05-18 20:47:57,623 : INFO : EventManager : Event: ======'s_left_sling_active'====== Args={}
2025-05-18 20:47:57,623 : INFO : EventManager : Event: ======'machine_var_audits_switches_s_left_sling'====== Args={'value': 213, 'prev_value': 212, 'change': 1}
2025-05-18 20:47:57,623 : INFO : EventManager : Event: ======'player_score'====== Args={'value': 12120, 'prev_value': 9090, 'change': 3030, 'player_num': 1, 'source': 'score'}
2025-05-18 20:47:57,624 : INFO : EventManager : Event: ======'flash_left_sling_blue'====== Args={}
2025-05-18 20:47:57,677 : INFO : SwitchController : <<<<<<< 's_left_sling' inactive >>>>>>>
2025-05-18 20:47:59,161 : INFO : SwitchController : <<<<<<< 's_right_sling' active >>>>>>>
2025-05-18 20:47:59,161 : INFO : EventManager : Event: ======'s_right_sling_active'====== Args={}
2025-05-18 20:47:59,162 : INFO : EventManager : Event: ======'machine_var_audits_switches_s_right_sling'====== Args={'value': 189, 'prev_value': 188, 'change': 1}
2025-05-18 20:47:59,162 : INFO : EventManager : Event: ======'player_score'====== Args={'value': 15150, 'prev_value': 12120, 'change': 3030, 'player_num': 1, 'source': 'score'}
2025-05-18 20:47:59,162 : INFO : EventManager : Event: ======'flash_right_sling_blue'====== Args={}
2025-05-18 20:47:59,218 : INFO : SwitchController : <<<<<<< 's_right_sling' inactive >>>>>>>
2025-05-18 20:47:59,555 : INFO : SwitchController : <<<<<<< 's_right_sling' active >>>>>>>
2025-05-18 20:47:59,555 : INFO : EventManager : Event: ======'s_right_sling_active'====== Args={}
2025-05-18 20:47:59,555 : INFO : EventManager : Event: ======'machine_var_audits_switches_s_right_sling'====== Args={'value': 190, 'prev_value': 189, 'change': 1}
2025-05-18 20:47:59,556 : INFO : EventManager : Event: ======'player_score'====== Args={'value': 18180, 'prev_value': 15150, 'change': 3030, 'player_num': 1, 'source': 'score'}
2025-05-18 20:47:59,556 : INFO : EventManager : Event: ======'flash_right_sling_red'====== Args={}
2025-05-18 20:47:59,610 : INFO : SwitchController : <<<<<<< 's_right_sling' inactive >>>>>>>
2025-05-18 20:48:00,078 : INFO : SwitchController : <<<<<<< 's_right_sling' active >>>>>>>
2025-05-18 20:48:00,078 : INFO : EventManager : Event: ======'s_right_sling_active'====== Args={}
2025-05-18 20:48:00,078 : INFO : EventManager : Event: ======'machine_var_audits_switches_s_right_sling'====== Args={'value': 191, 'prev_value': 190, 'change': 1}
2025-05-18 20:48:00,078 : INFO : EventManager : Event: ======'player_score'====== Args={'value': 21210, 'prev_value': 18180, 'change': 3030, 'player_num': 1, 'source': 'score'}
2025-05-18 20:48:00,078 : INFO : EventManager : Event: ======'flash_right_sling_blue'====== Args={}
2025-05-18 20:48:00,141 : INFO : SwitchController : <<<<<<< 's_right_sling' inactive >>>>>>>
