2025-05-17 15:04:14,347 : INFO : root : Loading config.
2025-05-17 15:04:14,351 : INFO : YamlMultifileConfigLoader : Machine config file #1: config.yaml
2025-05-17 15:04:14,352 : WARNING : ConfigProcessor : Config file in cache changed: C:\Users\carr-\Documents\development\diehard-mpf\config\config.yaml
2025-05-17 15:04:14,352 : INFO : ConfigProcessor : Loading config from file C:\Users\carr-\Documents\development\mpf080\mpf\mpfconfig.yaml.
2025-05-17 15:04:14,361 : INFO : ConfigProcessor : Loading config: C:\Users\carr-\Documents\development\mpf080\mpf\mpfconfig.yaml
2025-05-17 15:04:14,361 : INFO : ConfigProcessor : Loading config from file C:\Users\carr-\Documents\development\diehard-mpf\config\config.yaml.
2025-05-17 15:04:14,376 : INFO : ConfigProcessor : Loading config: C:\Users\carr-\Documents\development\diehard-mpf\config\config.yaml
2025-05-17 15:04:14,379 : INFO : ConfigProcessor : Loading config: C:\Users\carr-\Documents\development\diehard-mpf\config\switches.yaml
2025-05-17 15:04:14,381 : INFO : ConfigProcessor : Loading config: C:\Users\carr-\Documents\development\diehard-mpf\config\ball_devices.yaml
2025-05-17 15:04:14,384 : INFO : ConfigProcessor : Loading config: C:\Users\carr-\Documents\development\diehard-mpf\config\coils.yaml
2025-05-17 15:04:14,394 : INFO : ConfigProcessor : Loading config: C:\Users\carr-\Documents\development\diehard-mpf\config\lights.yaml
2025-05-17 15:04:14,398 : INFO : ConfigProcessor : Loading config: C:\Users\carr-\Documents\development\diehard-mpf\config\shot_profiles.yaml
2025-05-17 15:04:14,402 : INFO : ConfigProcessor : Config file cache created: C:\Users\carr-\AppData\Local\Temp\23e177fce4903a9a69d69f474fa748a1.mpf_cache
2025-05-17 15:04:14,499 : INFO : ConfigProcessor : Loading config from cache: C:\Users\carr-\AppData\Local\Temp\2f9bbeccf93c71693a410725897ab70d.mpf_cache
2025-05-17 15:04:14,500 : INFO : ConfigProcessor : Loading config from cache: C:\Users\carr-\AppData\Local\Temp\71986c9cb54d44e1ee87b7d4d0f68024.mpf_cache
2025-05-17 15:04:14,501 : INFO : ConfigProcessor : Loading config from cache: C:\Users\carr-\AppData\Local\Temp\460998002e273cec26232c9157d92984.mpf_cache
2025-05-17 15:04:14,502 : INFO : ConfigProcessor : Loading config from cache: C:\Users\carr-\AppData\Local\Temp\668dbdbfcbfe997663fcbdfe0871c0b4.mpf_cache
2025-05-17 15:04:14,503 : INFO : Machine : Mission Pinball Framework Core Engine v0.80.0.dev6
2025-05-17 15:04:14,503 : INFO : Machine : Command line arguments: {'no_load_cache': False, 'create_config_cache': True, 'bcp': False, 'configfile': ['config.yaml'], 'force_assets_load': False, 'platform_integration_test': False, 'jsonlogging': False, 'logfile': 'logs\\2025-05-17-15-04-14-mpf-LAPTOP-99TN7EPH.log', 'pause': False, 'production': False, 'text_ui': False, 'loglevel': 15, 'consoleloglevel': 10, 'force_platform': 'smart_virtual', 'syslog_address': None, 'full_logfile_path': 'C:\\Users\\carr-\\Documents\\development\\diehard-mpf\\logs\\2025-05-17-15-04-14-mpf-LAPTOP-99TN7EPH.log'}
2025-05-17 15:04:14,503 : INFO : Machine : MPF path: C:\Users\carr-\Documents\development\mpf080\mpf
2025-05-17 15:04:14,503 : INFO : Machine : Machine path: C:\Users\carr-\Documents\development\diehard-mpf
2025-05-17 15:04:14,504 : INFO : Machine : Platform: win32
2025-05-17 15:04:14,504 : INFO : Machine : Python executable location: C:\Users\carr-\Documents\development\mpf080\mpfenv\Scripts\python.exe
2025-05-17 15:04:14,504 : INFO : Machine : Python version: 3.9.13 (64-bit)
2025-05-17 15:04:14,506 : INFO : Machine : Initializing MPF...
2025-05-17 15:04:14,587 : INFO : EventManager : Event: ======'machine_var_credits_string'====== Args={'value': 'FREE PLAY', 'prev_value': None, 'change': True}
2025-05-17 15:04:14,612 : INFO : EventManager : Event: ======'machine_var_fast_audio_headphones_volume'====== Args={'value': 10, 'prev_value': None, 'change': True}
2025-05-17 15:04:14,612 : INFO : EventManager : Event: ======'machine_var_fast_audio_main_volume'====== Args={'value': 60, 'prev_value': None, 'change': True}
2025-05-17 15:04:14,612 : INFO : EventManager : Event: ======'machine_var_master_volume'====== Args={'value': 0.5, 'prev_value': None, 'change': True}
2025-05-17 15:04:14,612 : INFO : EventManager : Event: ======'machine_var_player1_score'====== Args={'value': 0, 'prev_value': None, 'change': True}
2025-05-17 15:04:14,612 : INFO : EventManager : Event: ======'machine_var_var_which_attract'====== Args={'value': 0, 'prev_value': None, 'change': True}
2025-05-17 15:04:14,612 : INFO : EventManager : Event: ======'machine_var_mpf_version'====== Args={'value': 'Mission Pinball Framework v0.80.0.dev6', 'prev_value': None, 'change': True}
2025-05-17 15:04:14,612 : INFO : EventManager : Event: ======'machine_var_mpf_extended_version'====== Args={'value': 'Mission Pinball Framework v0.80.0.dev6, Config version:6, Show version: 6, BCP version:1.1', 'prev_value': None, 'change': True}
2025-05-17 15:04:14,612 : INFO : EventManager : Event: ======'machine_var_python_version'====== Args={'value': '3.9.13', 'prev_value': None, 'change': True}
2025-05-17 15:04:14,648 : INFO : EventManager : Event: ======'machine_var_platform'====== Args={'value': 'Windows-10-10.0.26100-SP0', 'prev_value': None, 'change': True}
2025-05-17 15:04:14,648 : INFO : EventManager : Event: ======'machine_var_platform_system'====== Args={'value': 'Windows', 'prev_value': None, 'change': True}
2025-05-17 15:04:14,648 : INFO : EventManager : Event: ======'machine_var_platform_release'====== Args={'value': '10', 'prev_value': None, 'change': True}
2025-05-17 15:04:14,648 : INFO : EventManager : Event: ======'machine_var_platform_version'====== Args={'value': '10.0.26100', 'prev_value': None, 'change': True}
2025-05-17 15:04:14,648 : INFO : EventManager : Event: ======'machine_var_platform_machine'====== Args={'value': 'AMD64', 'prev_value': None, 'change': True}
2025-05-17 15:04:14,648 : INFO : EventManager : Event: ======'machine_var_log_file_path'====== Args={'value': 'C:\\Users\\carr-\\Documents\\development\\diehard-mpf\\logs\\2025-05-17-15-04-14-mpf-LAPTOP-99TN7EPH.log', 'prev_value': None, 'change': True}
2025-05-17 15:04:14,648 : INFO : EventManager : Event: ======'init_phase_1'====== Args={}
2025-05-17 15:04:14,703 : INFO : EventManager : Event: ======'drop_target_bank_bank_up'====== Args={}
2025-05-17 15:04:14,704 : INFO : EventManager : Event: ======'init_phase_2'====== Args={}
2025-05-17 15:04:14,705 : INFO : SwitchController : Found active switch: ('d-8', <Platform.SmartVirtual>) <switch.s_trough1>
2025-05-17 15:04:14,705 : INFO : SwitchController : Found active switch: ('d-9', <Platform.SmartVirtual>) <switch.s_trough2>
2025-05-17 15:04:14,705 : INFO : SwitchController : Found active switch: ('d-10', <Platform.SmartVirtual>) <switch.s_trough3>
2025-05-17 15:04:14,705 : INFO : SwitchController : Found active switch: ('d-11', <Platform.SmartVirtual>) <switch.s_trough4>
2025-05-17 15:04:14,705 : INFO : SwitchController : Found active switch: ('d-12', <Platform.SmartVirtual>) <switch.s_trough5>
2025-05-17 15:04:14,705 : INFO : SwitchController : Found active switch: ('d-13', <Platform.SmartVirtual>) <switch.s_trough6>
2025-05-17 15:04:14,707 : INFO : ball_device.bd_trough : BCH: Initial count: 6
2025-05-17 15:04:14,708 : INFO : ball_device.bd_trough : State: idle
2025-05-17 15:04:14,708 : INFO : ball_device.bd_plunger : BCH: Initial count: 0
2025-05-17 15:04:14,708 : INFO : ball_device.bd_plunger : State: idle
2025-05-17 15:04:14,708 : INFO : ball_device.bd_scoop : BCH: Initial count: 0
2025-05-17 15:04:14,708 : INFO : ball_device.bd_scoop : State: idle
2025-05-17 15:04:14,709 : INFO : ball_device.bd_scoop1 : BCH: Initial count: 0
2025-05-17 15:04:14,709 : INFO : ball_device.bd_scoop1 : State: idle
2025-05-17 15:04:14,709 : INFO : ball_device.bd_scoop2 : BCH: Initial count: 0
2025-05-17 15:04:14,709 : INFO : ball_device.bd_scoop2 : State: idle
2025-05-17 15:04:14,709 : INFO : ball_device.bd_scoop3 : BCH: Initial count: 0
2025-05-17 15:04:14,709 : INFO : ball_device.bd_scoop3 : State: idle
2025-05-17 15:04:14,710 : INFO : ball_device.bd_scoop4 : BCH: Initial count: 0
2025-05-17 15:04:14,710 : INFO : ball_device.bd_scoop4 : State: idle
2025-05-17 15:04:14,726 : INFO : EventManager : Event: ======'init_phase_3'====== Args={}
2025-05-17 15:04:14,727 : INFO : EventManager : Event: ======'init_phase_4'====== Args={}
2025-05-17 15:04:14,728 : INFO : BallController : Initial balls found: 6
2025-05-17 15:04:14,729 : INFO : EventManager : Event: ======'machine_var_audits_events_game_ended'====== Args={'value': 8, 'prev_value': None, 'change': True}
2025-05-17 15:04:14,729 : INFO : EventManager : Event: ======'machine_var_audits_events_game_started'====== Args={'value': 40, 'prev_value': None, 'change': True}
2025-05-17 15:04:14,729 : INFO : EventManager : Event: ======'machine_var_audits_missing_switches_s_AirDuctEnter001'====== Args={'value': 2, 'prev_value': None, 'change': True}
2025-05-17 15:04:14,730 : INFO : EventManager : Event: ======'machine_var_audits_missing_switches_s_airplane'====== Args={'value': 2, 'prev_value': None, 'change': True}
2025-05-17 15:04:14,730 : INFO : EventManager : Event: ======'machine_var_audits_missing_switches_s_bottom_left_inner_drain'====== Args={'value': 2, 'prev_value': None, 'change': True}
2025-05-17 15:04:14,730 : INFO : EventManager : Event: ======'machine_var_audits_missing_switches_s_bottom_left_outer_drain'====== Args={'value': 2, 'prev_value': None, 'change': True}
2025-05-17 15:04:14,730 : INFO : EventManager : Event: ======'machine_var_audits_missing_switches_s_bottom_right_inner_drain'====== Args={'value': 2, 'prev_value': None, 'change': True}
2025-05-17 15:04:14,730 : INFO : EventManager : Event: ======'machine_var_audits_missing_switches_s_bottom_right_outer_drain'====== Args={'value': 2, 'prev_value': None, 'change': True}
2025-05-17 15:04:14,730 : INFO : EventManager : Event: ======'machine_var_audits_missing_switches_s_bottom_right_vuk'====== Args={'value': 2, 'prev_value': None, 'change': True}
2025-05-17 15:04:14,730 : INFO : EventManager : Event: ======'machine_var_audits_missing_switches_s_door'====== Args={'value': 2, 'prev_value': None, 'change': True}
2025-05-17 15:04:14,730 : INFO : EventManager : Event: ======'machine_var_audits_missing_switches_s_door_tilt'====== Args={'value': 2, 'prev_value': None, 'change': True}
2025-05-17 15:04:14,730 : INFO : EventManager : Event: ======'machine_var_audits_missing_switches_s_drop_target_1'====== Args={'value': 2, 'prev_value': None, 'change': True}
2025-05-17 15:04:14,730 : INFO : EventManager : Event: ======'machine_var_audits_missing_switches_s_drop_target_2'====== Args={'value': 2, 'prev_value': None, 'change': True}
2025-05-17 15:04:14,730 : INFO : EventManager : Event: ======'machine_var_audits_missing_switches_s_drop_target_3'====== Args={'value': 2, 'prev_value': None, 'change': True}
2025-05-17 15:04:14,730 : INFO : EventManager : Event: ======'machine_var_audits_missing_switches_s_enter'====== Args={'value': 40, 'prev_value': None, 'change': True}
2025-05-17 15:04:14,730 : INFO : EventManager : Event: ======'machine_var_audits_missing_switches_s_escape'====== Args={'value': 40, 'prev_value': None, 'change': True}
2025-05-17 15:04:14,730 : INFO : EventManager : Event: ======'machine_var_audits_missing_switches_s_fire'====== Args={'value': 2, 'prev_value': None, 'change': True}
2025-05-17 15:04:14,730 : INFO : EventManager : Event: ======'machine_var_audits_missing_switches_s_highvuk'====== Args={'value': 2, 'prev_value': None, 'change': True}
2025-05-17 15:04:14,730 : INFO : EventManager : Event: ======'machine_var_audits_missing_switches_s_holly_h'====== Args={'value': 40, 'prev_value': None, 'change': True}
2025-05-17 15:04:14,730 : INFO : EventManager : Event: ======'machine_var_audits_missing_switches_s_holly_l'====== Args={'value': 2, 'prev_value': None, 'change': True}
2025-05-17 15:04:14,730 : INFO : EventManager : Event: ======'machine_var_audits_missing_switches_s_holly_l_1'====== Args={'value': 2, 'prev_value': None, 'change': True}
2025-05-17 15:04:14,730 : INFO : EventManager : Event: ======'machine_var_audits_missing_switches_s_holly_o'====== Args={'value': 2, 'prev_value': None, 'change': True}
2025-05-17 15:04:14,730 : INFO : EventManager : Event: ======'machine_var_audits_missing_switches_s_holly_y'====== Args={'value': 2, 'prev_value': None, 'change': True}
2025-05-17 15:04:14,730 : INFO : EventManager : Event: ======'machine_var_audits_missing_switches_s_left spinner'====== Args={'value': 2, 'prev_value': None, 'change': True}
2025-05-17 15:04:14,730 : INFO : EventManager : Event: ======'machine_var_audits_missing_switches_s_left_coin'====== Args={'value': 40, 'prev_value': None, 'change': True}
2025-05-17 15:04:14,731 : INFO : EventManager : Event: ======'machine_var_audits_missing_switches_s_left_flipper'====== Args={'value': 2, 'prev_value': None, 'change': True}
2025-05-17 15:04:14,731 : INFO : EventManager : Event: ======'machine_var_audits_missing_switches_s_left_flipper_eos'====== Args={'value': 2, 'prev_value': None, 'change': True}
2025-05-17 15:04:14,731 : INFO : EventManager : Event: ======'machine_var_audits_missing_switches_s_left_inlane'====== Args={'value': 24, 'prev_value': None, 'change': True}
2025-05-17 15:04:14,731 : INFO : EventManager : Event: ======'machine_var_audits_missing_switches_s_left_magna'====== Args={'value': 2, 'prev_value': None, 'change': True}
2025-05-17 15:04:14,731 : INFO : EventManager : Event: ======'machine_var_audits_missing_switches_s_left_orbit'====== Args={'value': 2, 'prev_value': None, 'change': True}
2025-05-17 15:04:14,731 : INFO : EventManager : Event: ======'machine_var_audits_missing_switches_s_left_outlane'====== Args={'value': 24, 'prev_value': None, 'change': True}
2025-05-17 15:04:14,731 : INFO : EventManager : Event: ======'machine_var_audits_missing_switches_s_left_top_target'====== Args={'value': 2, 'prev_value': None, 'change': True}
2025-05-17 15:04:14,731 : INFO : EventManager : Event: ======'machine_var_audits_missing_switches_s_middle_top_target'====== Args={'value': 2, 'prev_value': None, 'change': True}
2025-05-17 15:04:14,731 : INFO : EventManager : Event: ======'machine_var_audits_missing_switches_s_minus'====== Args={'value': 40, 'prev_value': None, 'change': True}
2025-05-17 15:04:14,731 : INFO : EventManager : Event: ======'machine_var_audits_missing_switches_s_nakatomi'====== Args={'value': 2, 'prev_value': None, 'change': True}
2025-05-17 15:04:14,731 : INFO : EventManager : Event: ======'machine_var_audits_missing_switches_s_plus'====== Args={'value': 40, 'prev_value': None, 'change': True}
2025-05-17 15:04:14,731 : INFO : EventManager : Event: ======'machine_var_audits_missing_switches_s_popbumper_left'====== Args={'value': 2, 'prev_value': None, 'change': True}
2025-05-17 15:04:14,731 : INFO : EventManager : Event: ======'machine_var_audits_missing_switches_s_popbumper_right'====== Args={'value': 2, 'prev_value': None, 'change': True}
2025-05-17 15:04:14,731 : INFO : EventManager : Event: ======'machine_var_audits_missing_switches_s_right spinner'====== Args={'value': 2, 'prev_value': None, 'change': True}
2025-05-17 15:04:14,731 : INFO : EventManager : Event: ======'machine_var_audits_missing_switches_s_right_coin'====== Args={'value': 40, 'prev_value': None, 'change': True}
2025-05-17 15:04:14,731 : INFO : EventManager : Event: ======'machine_var_audits_missing_switches_s_right_flipper'====== Args={'value': 2, 'prev_value': None, 'change': True}
2025-05-17 15:04:14,731 : INFO : EventManager : Event: ======'machine_var_audits_missing_switches_s_right_flipper_eos'====== Args={'value': 2, 'prev_value': None, 'change': True}
2025-05-17 15:04:14,731 : INFO : EventManager : Event: ======'machine_var_audits_missing_switches_s_right_inlane'====== Args={'value': 24, 'prev_value': None, 'change': True}
2025-05-17 15:04:14,731 : INFO : EventManager : Event: ======'machine_var_audits_missing_switches_s_right_magna'====== Args={'value': 2, 'prev_value': None, 'change': True}
2025-05-17 15:04:14,731 : INFO : EventManager : Event: ======'machine_var_audits_missing_switches_s_right_orbit'====== Args={'value': 2, 'prev_value': None, 'change': True}
2025-05-17 15:04:14,731 : INFO : EventManager : Event: ======'machine_var_audits_missing_switches_s_right_outlane'====== Args={'value': 24, 'prev_value': None, 'change': True}
2025-05-17 15:04:14,731 : INFO : EventManager : Event: ======'machine_var_audits_missing_switches_s_right_sling'====== Args={'value': 2, 'prev_value': None, 'change': True}
2025-05-17 15:04:14,731 : INFO : EventManager : Event: ======'machine_var_audits_missing_switches_s_right_top_target'====== Args={'value': 2, 'prev_value': None, 'change': True}
2025-05-17 15:04:14,731 : INFO : EventManager : Event: ======'machine_var_audits_missing_switches_s_safe_vuk'====== Args={'value': 2, 'prev_value': None, 'change': True}
2025-05-17 15:04:14,731 : INFO : EventManager : Event: ======'machine_var_audits_missing_switches_s_start'====== Args={'value': 1, 'prev_value': None, 'change': True}
2025-05-17 15:04:14,731 : INFO : EventManager : Event: ======'machine_var_audits_missing_switches_s_target_2'====== Args={'value': 24, 'prev_value': None, 'change': True}
2025-05-17 15:04:14,731 : INFO : EventManager : Event: ======'machine_var_audits_missing_switches_s_target_3'====== Args={'value': 24, 'prev_value': None, 'change': True}
2025-05-17 15:04:14,732 : INFO : EventManager : Event: ======'machine_var_audits_missing_switches_s_tilt_bob'====== Args={'value': 40, 'prev_value': None, 'change': True}
2025-05-17 15:04:14,732 : INFO : EventManager : Event: ======'machine_var_audits_missing_switches_s_top_flipper_eos'====== Args={'value': 2, 'prev_value': None, 'change': True}
2025-05-17 15:04:14,732 : INFO : EventManager : Event: ======'machine_var_audits_missing_switches_s_top_flipper_hold'====== Args={'value': 24, 'prev_value': None, 'change': True}
2025-05-17 15:04:14,732 : INFO : EventManager : Event: ======'machine_var_audits_missing_switches_s_trough1'====== Args={'value': 1, 'prev_value': None, 'change': True}
2025-05-17 15:04:14,732 : INFO : EventManager : Event: ======'machine_var_audits_missing_switches_s_trough2'====== Args={'value': 2, 'prev_value': None, 'change': True}
2025-05-17 15:04:14,732 : INFO : EventManager : Event: ======'machine_var_audits_missing_switches_s_trough3'====== Args={'value': 2, 'prev_value': None, 'change': True}
2025-05-17 15:04:14,732 : INFO : EventManager : Event: ======'machine_var_audits_missing_switches_s_trough4'====== Args={'value': 2, 'prev_value': None, 'change': True}
2025-05-17 15:04:14,732 : INFO : EventManager : Event: ======'machine_var_audits_missing_switches_s_trough5'====== Args={'value': 2, 'prev_value': None, 'change': True}
2025-05-17 15:04:14,732 : INFO : EventManager : Event: ======'machine_var_audits_missing_switches_s_trough6'====== Args={'value': 2, 'prev_value': None, 'change': True}
2025-05-17 15:04:14,732 : INFO : EventManager : Event: ======'machine_var_audits_missing_switches_s_trough_jam'====== Args={'value': 2, 'prev_value': None, 'change': True}
2025-05-17 15:04:14,732 : INFO : EventManager : Event: ======'machine_var_audits_missing_switches_s_tunel_vuk'====== Args={'value': 2, 'prev_value': None, 'change': True}
2025-05-17 15:04:14,732 : INFO : EventManager : Event: ======'machine_var_audits_player_score'====== Args={'value': {'average': 0, 'top': [0, 0, 0, 0, 0, 0, 0, 0, 0], 'total': 9}, 'prev_value': None, 'change': True}
2025-05-17 15:04:14,732 : INFO : EventManager : Event: ======'machine_var_audits_switches_s_AirDuctEnter001'====== Args={'value': 3, 'prev_value': None, 'change': True}
2025-05-17 15:04:14,732 : INFO : EventManager : Event: ======'machine_var_audits_switches_s_airplane'====== Args={'value': 14, 'prev_value': None, 'change': True}
2025-05-17 15:04:14,732 : INFO : EventManager : Event: ======'machine_var_audits_switches_s_bottom_left_inner_drain'====== Args={'value': 51, 'prev_value': None, 'change': True}
2025-05-17 15:04:14,732 : INFO : EventManager : Event: ======'machine_var_audits_switches_s_bottom_left_outer_drain'====== Args={'value': 47, 'prev_value': None, 'change': True}
2025-05-17 15:04:14,732 : INFO : EventManager : Event: ======'machine_var_audits_switches_s_bottom_right_inner_drain'====== Args={'value': 92, 'prev_value': None, 'change': True}
2025-05-17 15:04:14,732 : INFO : EventManager : Event: ======'machine_var_audits_switches_s_bottom_right_outer_drain'====== Args={'value': 255, 'prev_value': None, 'change': True}
2025-05-17 15:04:14,732 : INFO : EventManager : Event: ======'machine_var_audits_switches_s_bottom_right_vuk'====== Args={'value': 1319, 'prev_value': None, 'change': True}
2025-05-17 15:04:14,732 : INFO : EventManager : Event: ======'machine_var_audits_switches_s_door'====== Args={'value': 28, 'prev_value': None, 'change': True}
2025-05-17 15:04:14,732 : INFO : EventManager : Event: ======'machine_var_audits_switches_s_door_tilt'====== Args={'value': 58, 'prev_value': None, 'change': True}
2025-05-17 15:04:14,732 : INFO : EventManager : Event: ======'machine_var_audits_switches_s_drop_target_1'====== Args={'value': 36, 'prev_value': None, 'change': True}
2025-05-17 15:04:14,732 : INFO : EventManager : Event: ======'machine_var_audits_switches_s_drop_target_2'====== Args={'value': 34, 'prev_value': None, 'change': True}
2025-05-17 15:04:14,732 : INFO : EventManager : Event: ======'machine_var_audits_switches_s_drop_target_3'====== Args={'value': 46, 'prev_value': None, 'change': True}
2025-05-17 15:04:14,732 : INFO : EventManager : Event: ======'machine_var_audits_switches_s_enter'====== Args={'value': 0, 'prev_value': None, 'change': True}
2025-05-17 15:04:14,732 : INFO : EventManager : Event: ======'machine_var_audits_switches_s_escape'====== Args={'value': 0, 'prev_value': None, 'change': True}
2025-05-17 15:04:14,732 : INFO : EventManager : Event: ======'machine_var_audits_switches_s_fire'====== Args={'value': 59, 'prev_value': None, 'change': True}
2025-05-17 15:04:14,732 : INFO : EventManager : Event: ======'machine_var_audits_switches_s_highvuk'====== Args={'value': 27, 'prev_value': None, 'change': True}
2025-05-17 15:04:14,732 : INFO : EventManager : Event: ======'machine_var_audits_switches_s_holly_h'====== Args={'value': 0, 'prev_value': None, 'change': True}
2025-05-17 15:04:14,732 : INFO : EventManager : Event: ======'machine_var_audits_switches_s_holly_l'====== Args={'value': 57, 'prev_value': None, 'change': True}
2025-05-17 15:04:14,732 : INFO : EventManager : Event: ======'machine_var_audits_switches_s_holly_l_1'====== Args={'value': 64, 'prev_value': None, 'change': True}
2025-05-17 15:04:14,732 : INFO : EventManager : Event: ======'machine_var_audits_switches_s_holly_o'====== Args={'value': 57, 'prev_value': None, 'change': True}
2025-05-17 15:04:14,732 : INFO : EventManager : Event: ======'machine_var_audits_switches_s_holly_y'====== Args={'value': 22, 'prev_value': None, 'change': True}
2025-05-17 15:04:14,732 : INFO : EventManager : Event: ======'machine_var_audits_switches_s_left spinner'====== Args={'value': 506, 'prev_value': None, 'change': True}
2025-05-17 15:04:14,732 : INFO : EventManager : Event: ======'machine_var_audits_switches_s_left_coin'====== Args={'value': 0, 'prev_value': None, 'change': True}
2025-05-17 15:04:14,733 : INFO : EventManager : Event: ======'machine_var_audits_switches_s_left_flipper'====== Args={'value': 590, 'prev_value': None, 'change': True}
2025-05-17 15:04:14,733 : INFO : EventManager : Event: ======'machine_var_audits_switches_s_left_flipper_eos'====== Args={'value': 557, 'prev_value': None, 'change': True}
2025-05-17 15:04:14,733 : INFO : EventManager : Event: ======'machine_var_audits_switches_s_left_inlane'====== Args={'value': 0, 'prev_value': None, 'change': True}
2025-05-17 15:04:14,733 : INFO : EventManager : Event: ======'machine_var_audits_switches_s_left_magna'====== Args={'value': 141, 'prev_value': None, 'change': True}
2025-05-17 15:04:14,733 : INFO : EventManager : Event: ======'machine_var_audits_switches_s_left_orbit'====== Args={'value': 110, 'prev_value': None, 'change': True}
2025-05-17 15:04:14,733 : INFO : EventManager : Event: ======'machine_var_audits_switches_s_left_outlane'====== Args={'value': 0, 'prev_value': None, 'change': True}
2025-05-17 15:04:14,733 : INFO : EventManager : Event: ======'machine_var_audits_switches_s_left_sling'====== Args={'value': 183, 'prev_value': None, 'change': True}
2025-05-17 15:04:14,733 : INFO : EventManager : Event: ======'machine_var_audits_switches_s_left_top_target'====== Args={'value': 26, 'prev_value': None, 'change': True}
2025-05-17 15:04:14,733 : INFO : EventManager : Event: ======'machine_var_audits_switches_s_middle_top_target'====== Args={'value': 20, 'prev_value': None, 'change': True}
2025-05-17 15:04:14,733 : INFO : EventManager : Event: ======'machine_var_audits_switches_s_minus'====== Args={'value': 0, 'prev_value': None, 'change': True}
2025-05-17 15:04:14,733 : INFO : EventManager : Event: ======'machine_var_audits_switches_s_nakatomi'====== Args={'value': 105, 'prev_value': None, 'change': True}
2025-05-17 15:04:14,733 : INFO : EventManager : Event: ======'machine_var_audits_switches_s_plunger_lane'====== Args={'value': 66, 'prev_value': None, 'change': True}
2025-05-17 15:04:14,733 : INFO : EventManager : Event: ======'machine_var_audits_switches_s_plus'====== Args={'value': 0, 'prev_value': None, 'change': True}
2025-05-17 15:04:14,733 : INFO : EventManager : Event: ======'machine_var_audits_switches_s_popbumper_left'====== Args={'value': 108, 'prev_value': None, 'change': True}
2025-05-17 15:04:14,733 : INFO : EventManager : Event: ======'machine_var_audits_switches_s_popbumper_right'====== Args={'value': 129, 'prev_value': None, 'change': True}
2025-05-17 15:04:14,733 : INFO : EventManager : Event: ======'machine_var_audits_switches_s_right spinner'====== Args={'value': 57, 'prev_value': None, 'change': True}
2025-05-17 15:04:14,733 : INFO : EventManager : Event: ======'machine_var_audits_switches_s_right_coin'====== Args={'value': 0, 'prev_value': None, 'change': True}
2025-05-17 15:04:14,733 : INFO : EventManager : Event: ======'machine_var_audits_switches_s_right_flipper'====== Args={'value': 608, 'prev_value': None, 'change': True}
2025-05-17 15:04:14,733 : INFO : EventManager : Event: ======'machine_var_audits_switches_s_right_flipper_eos'====== Args={'value': 572, 'prev_value': None, 'change': True}
2025-05-17 15:04:14,733 : INFO : EventManager : Event: ======'machine_var_audits_switches_s_right_inlane'====== Args={'value': 0, 'prev_value': None, 'change': True}
2025-05-17 15:04:14,734 : INFO : EventManager : Event: ======'machine_var_audits_switches_s_right_magna'====== Args={'value': 153, 'prev_value': None, 'change': True}
2025-05-17 15:04:14,734 : INFO : EventManager : Event: ======'machine_var_audits_switches_s_right_orbit'====== Args={'value': 114, 'prev_value': None, 'change': True}
2025-05-17 15:04:14,734 : INFO : EventManager : Event: ======'machine_var_audits_switches_s_right_outlane'====== Args={'value': 0, 'prev_value': None, 'change': True}
2025-05-17 15:04:14,734 : INFO : EventManager : Event: ======'machine_var_audits_switches_s_right_sling'====== Args={'value': 158, 'prev_value': None, 'change': True}
2025-05-17 15:04:14,734 : INFO : EventManager : Event: ======'machine_var_audits_switches_s_right_top_target'====== Args={'value': 15, 'prev_value': None, 'change': True}
2025-05-17 15:04:14,734 : INFO : EventManager : Event: ======'machine_var_audits_switches_s_safe_vuk'====== Args={'value': 59, 'prev_value': None, 'change': True}
2025-05-17 15:04:14,734 : INFO : EventManager : Event: ======'machine_var_audits_switches_s_start'====== Args={'value': 32, 'prev_value': None, 'change': True}
2025-05-17 15:04:14,734 : INFO : EventManager : Event: ======'machine_var_audits_switches_s_target_2'====== Args={'value': 0, 'prev_value': None, 'change': True}
2025-05-17 15:04:14,734 : INFO : EventManager : Event: ======'machine_var_audits_switches_s_target_3'====== Args={'value': 0, 'prev_value': None, 'change': True}
2025-05-17 15:04:14,734 : INFO : EventManager : Event: ======'machine_var_audits_switches_s_tilt_bob'====== Args={'value': 0, 'prev_value': None, 'change': True}
2025-05-17 15:04:14,734 : INFO : EventManager : Event: ======'machine_var_audits_switches_s_top_flipper_eos'====== Args={'value': 559, 'prev_value': None, 'change': True}
2025-05-17 15:04:14,734 : INFO : EventManager : Event: ======'machine_var_audits_switches_s_top_flipper_hold'====== Args={'value': 0, 'prev_value': None, 'change': True}
2025-05-17 15:04:14,734 : INFO : EventManager : Event: ======'machine_var_audits_switches_s_trough1'====== Args={'value': 90, 'prev_value': None, 'change': True}
2025-05-17 15:04:14,734 : INFO : EventManager : Event: ======'machine_var_audits_switches_s_trough2'====== Args={'value': 55, 'prev_value': None, 'change': True}
2025-05-17 15:04:14,734 : INFO : EventManager : Event: ======'machine_var_audits_switches_s_trough3'====== Args={'value': 53, 'prev_value': None, 'change': True}
2025-05-17 15:04:14,734 : INFO : EventManager : Event: ======'machine_var_audits_switches_s_trough4'====== Args={'value': 53, 'prev_value': None, 'change': True}
2025-05-17 15:04:14,734 : INFO : EventManager : Event: ======'machine_var_audits_switches_s_trough5'====== Args={'value': 43, 'prev_value': None, 'change': True}
2025-05-17 15:04:14,735 : INFO : EventManager : Event: ======'machine_var_audits_switches_s_trough6'====== Args={'value': 43, 'prev_value': None, 'change': True}
2025-05-17 15:04:14,735 : INFO : EventManager : Event: ======'machine_var_audits_switches_s_trough_jam'====== Args={'value': 66, 'prev_value': None, 'change': True}
2025-05-17 15:04:14,735 : INFO : EventManager : Event: ======'machine_var_audits_switches_s_tunel_vuk'====== Args={'value': 114, 'prev_value': None, 'change': True}
2025-05-17 15:04:14,735 : INFO : EventManager : Event: ======'machine_var_audits_switches_swPlunger'====== Args={'value': 16, 'prev_value': None, 'change': True}
2025-05-17 15:04:14,735 : INFO : EventManager : Event: ======'init_phase_5'====== Args={}
2025-05-17 15:04:14,736 : INFO : EventManager : Event: ======'init_done'====== Args={}
2025-05-17 15:04:14,736 : INFO : EventManager : Event: ======'machine_reset_phase_1'====== Args={}
2025-05-17 15:04:14,736 : INFO : EventManager : Event: ======'machine_reset_phase_2'====== Args={}
2025-05-17 15:04:14,736 : INFO : EventManager : Event: ======'machine_reset_phase_3'====== Args={}
2025-05-17 15:04:14,736 : INFO : drop_target_bank.bank : All targets are already up. Will not reset bank.
2025-05-17 15:04:14,736 : INFO : EventManager : Event: ======'reset_complete'====== Args={}
2025-05-17 15:04:14,736 : INFO : EventManager : Event: ======'mode_attract_will_start'====== Args={}
2025-05-17 15:04:14,737 : INFO : EventManager : Event: ======'mode_attract_starting'====== Args={}
2025-05-17 15:04:14,737 : INFO : Mode.attract : Started. Priority: 10
2025-05-17 15:04:14,737 : INFO : EventManager : Event: ======'modes_active_modes_changed'====== Args={}
2025-05-17 15:04:14,737 : INFO : EventManager : Event: ======'mode_attract_started'====== Args={}
2025-05-17 15:04:14,737 : INFO : EventManager : Event: ======'collecting_balls_complete'====== Args={}
2025-05-17 15:04:14,739 : INFO : Machine : Starting the main run loop with active modes: [<Mode.attract>]
2025-05-17 15:04:19,186 : INFO : Machine : Shutting down...
2025-05-17 15:04:19,186 : INFO : EventManager : Event: ======'shutdown'====== Args={}
2025-05-17 15:04:19,189 : INFO : root : MPF run loop ended.
