2025-04-27 21:13:37,681 : INFO : root : Loading config.
2025-04-27 21:13:37,684 : INFO : YamlMultifileConfigLoader : Machine config file #1: config.yaml
2025-04-27 21:13:37,685 : INFO : ConfigProcessor : Loading config from cache: C:\Users\finis\AppData\Local\Temp\46a2264aace4dc9247b28883ea729273.mpf_cache
2025-04-27 21:13:37,685 : WARNING : ConfigProcessor : Config file in cache changed: C:\Users\finis\diehard-mpf\config\switches.yaml
2025-04-27 21:13:37,685 : INFO : ConfigProcessor : Loading config from file C:\Users\finis\mpf\Lib\site-packages\mpf\mpfconfig.yaml.
2025-04-27 21:13:37,692 : INFO : ConfigProcessor : Loading config: C:\Users\finis\mpf\Lib\site-packages\mpf\mpfconfig.yaml
2025-04-27 21:13:37,692 : INFO : ConfigProcessor : Loading config from file C:\Users\finis\diehard-mpf\config\config.yaml.
2025-04-27 21:13:37,695 : INFO : ConfigProcessor : Loading config: C:\Users\finis\diehard-mpf\config\config.yaml
2025-04-27 21:13:37,697 : INFO : ConfigProcessor : Loading config: C:\Users\finis\diehard-mpf\config\switches.yaml
2025-04-27 21:13:37,698 : INFO : ConfigProcessor : Loading config: C:\Users\finis\diehard-mpf\config\ball_devices.yaml
2025-04-27 21:13:37,700 : INFO : ConfigProcessor : Loading config: C:\Users\finis\diehard-mpf\config\coils.yaml
2025-04-27 21:13:37,706 : INFO : ConfigProcessor : Loading config: C:\Users\finis\diehard-mpf\config\lights.yaml
2025-04-27 21:13:37,707 : INFO : ConfigProcessor : Config file cache created: C:\Users\finis\AppData\Local\Temp\46a2264aace4dc9247b28883ea729273.mpf_cache
2025-04-27 21:13:37,764 : INFO : ConfigProcessor : Loading config from cache: C:\Users\finis\AppData\Local\Temp\38c66c284ece5fb2b13b45865e58c857.mpf_cache
2025-04-27 21:13:37,765 : INFO : ConfigProcessor : Loading config from cache: C:\Users\finis\AppData\Local\Temp\846fbc79a2a788b1cf5d5d816f13713f.mpf_cache
2025-04-27 21:13:37,765 : INFO : ConfigProcessor : Loading config from cache: C:\Users\finis\AppData\Local\Temp\771489ba91bf1192210b19104700c5d3.mpf_cache
2025-04-27 21:13:37,766 : INFO : Machine : Mission Pinball Framework Core Engine v0.80.0.dev7
2025-04-27 21:13:37,766 : INFO : Machine : Command line arguments: {'no_load_cache': False, 'create_config_cache': True, 'bcp': True, 'configfile': ['config.yaml'], 'force_assets_load': False, 'platform_integration_test': False, 'jsonlogging': False, 'logfile': 'logs\\2025-04-27-21-13-37-mpf-diehard.log', 'pause': False, 'production': False, 'text_ui': True, 'loglevel': 15, 'consoleloglevel': 20, 'force_platform': None, 'syslog_address': None, 'full_logfile_path': 'C:\\Users\\finis\\diehard-mpf\\logs\\2025-04-27-21-13-37-mpf-diehard.log'}
2025-04-27 21:13:37,766 : INFO : Machine : MPF path: C:\Users\finis\mpf\Lib\site-packages\mpf
2025-04-27 21:13:37,766 : INFO : Machine : Machine path: C:\Users\finis\diehard-mpf
2025-04-27 21:13:37,766 : INFO : Machine : Platform: win32
2025-04-27 21:13:37,766 : INFO : Machine : Python executable location: C:\Users\finis\mpf\Scripts\python.exe
2025-04-27 21:13:37,766 : INFO : Machine : Python version: 3.12.7 (64-bit)
2025-04-27 21:13:37,768 : INFO : Machine : Initializing MPF...
2025-04-27 21:13:37,895 : INFO : FAST : Auto-detecting ports for the following connections: ['net', 'aud']
2025-04-27 21:13:38,149 : INFO : FAST : Detected AUD on port COM6
2025-04-27 21:13:38,149 : INFO : FAST : Detected NET on port COM4
2025-04-27 21:13:38,259 : INFO : FAST [NET] : Trying to connect to COM4 at 921600bps
2025-04-27 21:13:38,338 : INFO : FAST [NET] : Connected to COM4 at 921600bps
2025-04-27 21:13:38,351 : INFO : FAST [NET] : Connected to FP-CPU-2000 with firmware v02.19
2025-04-27 21:13:38,382 : INFO : FAST [NET] : Registered I/O Board 0: Model: FP-I/O-0024, Firmware: 01.10, Switches: 24, Drivers: 8
2025-04-27 21:13:38,398 : INFO : FAST [NET] : Registered I/O Board 1: Model: FP-I/O-3208, Firmware: 01.10, Switches: 32, Drivers: 8
2025-04-27 21:13:38,414 : INFO : FAST [NET] : Registered I/O Board 2: Model: FP-I/O-1616, Firmware: 01.10, Switches: 16, Drivers: 16
2025-04-27 21:13:38,429 : INFO : FAST [NET] : Registered I/O Board 3: Model: FP-I/O-0804, Firmware: 01.10, Switches: 8, Drivers: 4
2025-04-27 21:13:38,431 : INFO : FAST [EXP] : Trying to connect to COM3 at 921600bps
2025-04-27 21:13:38,508 : INFO : FAST [EXP] : Connected to COM3 at 921600bps
2025-04-27 21:13:38,523 : INFO : FAST [EXP] : Verifying hardware for EXP "playfield" (FP-EXP-0071, @B4) with ID string "EXP FP-EXP-0071  0.42", board address B4
2025-04-27 21:13:38,539 : INFO : FAST [EXP] : Verifying hardware for EXP "playfield" (FP-EXP-0071, @B4) with ID string "BRK FP-EXP-0071  0.42", board address B40
2025-04-27 21:13:38,555 : INFO : FAST [AUD] : Trying to connect to COM6 at 230400bps
2025-04-27 21:13:38,632 : INFO : FAST [AUD] : Connected to COM6 at 230400bps
2025-04-27 21:13:38,647 : INFO : FAST [AUD] : Connected to FP-AUD-0100 with firmware v0.02
2025-04-27 21:13:38,647 : INFO : EventManager : Event: ======'machine_var_credits_string'====== Args={'value': 'FREE PLAY', 'prev_value': None, 'change': True}
2025-04-27 21:13:38,661 : INFO : EventManager : Event: ======'machine_var_fast_audio_headphones_volume'====== Args={'value': 10, 'prev_value': None, 'change': True}
2025-04-27 21:13:38,661 : INFO : EventManager : Event: ======'machine_var_fast_audio_main_volume'====== Args={'value': 60, 'prev_value': None, 'change': True}
2025-04-27 21:13:38,661 : INFO : EventManager : Event: ======'machine_var_master_volume'====== Args={'value': 0.5, 'prev_value': None, 'change': True}
2025-04-27 21:13:38,661 : INFO : EventManager : Event: ======'machine_var_var_which_attract'====== Args={'value': 0, 'prev_value': None, 'change': True}
2025-04-27 21:13:38,661 : INFO : EventManager : Event: ======'machine_var_mpf_version'====== Args={'value': 'Mission Pinball Framework v0.80.0.dev7', 'prev_value': None, 'change': True}
2025-04-27 21:13:38,661 : INFO : EventManager : Event: ======'machine_var_mpf_extended_version'====== Args={'value': 'Mission Pinball Framework v0.80.0.dev7, Config version:6, Show version: 6, BCP version:1.1', 'prev_value': None, 'change': True}
2025-04-27 21:13:38,661 : INFO : EventManager : Event: ======'machine_var_python_version'====== Args={'value': '3.12.7', 'prev_value': None, 'change': True}
2025-04-27 21:13:38,715 : INFO : EventManager : Event: ======'machine_var_platform'====== Args={'value': 'Windows-11-10.0.26100-SP0', 'prev_value': None, 'change': True}
2025-04-27 21:13:38,715 : INFO : EventManager : Event: ======'machine_var_platform_system'====== Args={'value': 'Windows', 'prev_value': None, 'change': True}
2025-04-27 21:13:38,715 : INFO : EventManager : Event: ======'machine_var_platform_release'====== Args={'value': '11', 'prev_value': None, 'change': True}
2025-04-27 21:13:38,715 : INFO : EventManager : Event: ======'machine_var_platform_version'====== Args={'value': '10.0.26100', 'prev_value': None, 'change': True}
2025-04-27 21:13:38,715 : INFO : EventManager : Event: ======'machine_var_platform_machine'====== Args={'value': 'AMD64', 'prev_value': None, 'change': True}
2025-04-27 21:13:38,715 : INFO : EventManager : Event: ======'machine_var_log_file_path'====== Args={'value': 'C:\\Users\\finis\\diehard-mpf\\logs\\2025-04-27-21-13-37-mpf-diehard.log', 'prev_value': None, 'change': True}
2025-04-27 21:13:38,715 : INFO : EventManager : Event: ======'init_phase_1'====== Args={}
2025-04-27 21:13:38,742 : INFO : EventManager : Event: ======'drop_target_bank_bank_up'====== Args={}
2025-04-27 21:13:41,360 : INFO : SwitchController : <<<<<<< 's_trough1' active >>>>>>>
2025-04-27 21:13:41,360 : INFO : SwitchController : <<<<<<< 's_trough_jam' active >>>>>>>
2025-04-27 21:13:41,360 : INFO : SwitchController : <<<<<<< 's_left_sling' active >>>>>>>
2025-04-27 21:13:41,360 : INFO : SwitchController : <<<<<<< 's_door' active >>>>>>>
2025-04-27 21:13:41,360 : INFO : SwitchController : <<<<<<< 's_target_3' active >>>>>>>
2025-04-27 21:13:41,360 : INFO : SwitchController : <<<<<<< 's_holly_h' active >>>>>>>
2025-04-27 21:13:41,360 : INFO : SwitchController : <<<<<<< 's_holly_l_1' active >>>>>>>
2025-04-27 21:13:41,360 : INFO : SwitchController : <<<<<<< 's_safe_vuk' active >>>>>>>
2025-04-27 21:13:41,360 : INFO : SwitchController : <<<<<<< 's_bottom_right_vuk' active >>>>>>>
2025-04-27 21:13:41,377 : INFO : EventManager : Event: ======'init_phase_2'====== Args={}
2025-04-27 21:13:41,378 : INFO : SwitchController : Found active switch: (24, [FAST Platform Interface]) <switch.s_trough1>
2025-04-27 21:13:41,378 : INFO : SwitchController : Found active switch: (30, [FAST Platform Interface]) <switch.s_trough_jam>
2025-04-27 21:13:41,378 : INFO : SwitchController : Found active switch: (32, [FAST Platform Interface]) <switch.s_left_sling>
2025-04-27 21:13:41,378 : INFO : SwitchController : Found active switch: (12, [FAST Platform Interface]) <switch.s_door>
2025-04-27 21:13:41,378 : INFO : SwitchController : Found active switch: (59, [FAST Platform Interface]) <switch.s_target_3>
2025-04-27 21:13:41,378 : INFO : SwitchController : Found active switch: (38, [FAST Platform Interface]) <switch.s_holly_h>
2025-04-27 21:13:41,378 : INFO : SwitchController : Found active switch: (66, [FAST Platform Interface]) <switch.s_holly_l_1>
2025-04-27 21:13:41,378 : INFO : SwitchController : Found active switch: (61, [FAST Platform Interface]) <switch.s_safe_vuk>
2025-04-27 21:13:41,378 : INFO : SwitchController : Found active switch: (64, [FAST Platform Interface]) <switch.s_bottom_right_vuk>
2025-04-27 21:13:41,380 : INFO : EventManager : Event: ======'bcp_connection_attempt'====== Args={'name': 'local_display', 'host': 'localhost', 'port': 5050}
2025-04-27 21:13:41,381 : INFO : BCPClientSocket : Connecting BCP to 'local_display' at localhost:5050...
2025-04-27 21:13:41,389 : INFO : BCPClientSocket : Connected BCP to 'local_display' localhost:5050
2025-04-27 21:13:41,390 : INFO : EventManager : Event: ======'bcp_clients_connected'====== Args={}
2025-04-27 21:13:41,863 : INFO : ball_device.bd_trough : BCH: Initial count: 2
2025-04-27 21:13:41,863 : INFO : ball_device.bd_trough : State: idle
2025-04-27 21:13:41,864 : INFO : ball_device.bd_plunger : BCH: Initial count: 0
2025-04-27 21:13:41,864 : INFO : ball_device.bd_plunger : State: idle
2025-04-27 21:13:41,864 : INFO : ball_device.bd_scoop : BCH: Initial count: 1
2025-04-27 21:13:41,865 : INFO : ball_device.bd_scoop : State: idle
2025-04-27 21:13:41,865 : INFO : ball_device.bd_scoop1 : BCH: Initial count: 1
2025-04-27 21:13:41,865 : INFO : ball_device.bd_scoop1 : State: idle
2025-04-27 21:13:41,865 : INFO : ball_device.bd_scoop2 : BCH: Initial count: 0
2025-04-27 21:13:41,866 : INFO : ball_device.bd_scoop2 : State: idle
2025-04-27 21:13:41,866 : INFO : ball_device.bd_scoop3 : BCH: Initial count: 0
2025-04-27 21:13:41,866 : INFO : ball_device.bd_scoop3 : State: idle
2025-04-27 21:13:41,873 : INFO : EventManager : Event: ======'init_phase_3'====== Args={}
2025-04-27 21:13:41,874 : INFO : EventManager : Event: ======'init_phase_4'====== Args={}
2025-04-27 21:13:41,875 : INFO : BallController : Initial balls found: 4
2025-04-27 21:13:41,876 : INFO : EventManager : Event: ======'machine_var_audits_events_game_ended'====== Args={'value': 0, 'prev_value': None, 'change': True}
2025-04-27 21:13:41,876 : INFO : EventManager : Event: ======'machine_var_audits_events_game_started'====== Args={'value': 24, 'prev_value': None, 'change': True}
2025-04-27 21:13:41,876 : INFO : EventManager : Event: ======'machine_var_audits_missing_switches_s_bottom_right_vuk'====== Args={'value': 24, 'prev_value': None, 'change': True}
2025-04-27 21:13:41,876 : INFO : EventManager : Event: ======'machine_var_audits_missing_switches_s_door'====== Args={'value': 24, 'prev_value': None, 'change': True}
2025-04-27 21:13:41,876 : INFO : EventManager : Event: ======'machine_var_audits_missing_switches_s_door_tilt'====== Args={'value': 24, 'prev_value': None, 'change': True}
2025-04-27 21:13:41,876 : INFO : EventManager : Event: ======'machine_var_audits_missing_switches_s_drop_target_1'====== Args={'value': 24, 'prev_value': None, 'change': True}
2025-04-27 21:13:41,876 : INFO : EventManager : Event: ======'machine_var_audits_missing_switches_s_drop_target_2'====== Args={'value': 24, 'prev_value': None, 'change': True}
2025-04-27 21:13:41,876 : INFO : EventManager : Event: ======'machine_var_audits_missing_switches_s_drop_target_3'====== Args={'value': 24, 'prev_value': None, 'change': True}
2025-04-27 21:13:41,876 : INFO : EventManager : Event: ======'machine_var_audits_missing_switches_s_enter'====== Args={'value': 24, 'prev_value': None, 'change': True}
2025-04-27 21:13:41,876 : INFO : EventManager : Event: ======'machine_var_audits_missing_switches_s_escape'====== Args={'value': 24, 'prev_value': None, 'change': True}
2025-04-27 21:13:41,876 : INFO : EventManager : Event: ======'machine_var_audits_missing_switches_s_fire'====== Args={'value': 24, 'prev_value': None, 'change': True}
2025-04-27 21:13:41,876 : INFO : EventManager : Event: ======'machine_var_audits_missing_switches_s_highvuk'====== Args={'value': 24, 'prev_value': None, 'change': True}
2025-04-27 21:13:41,876 : INFO : EventManager : Event: ======'machine_var_audits_missing_switches_s_holly_h'====== Args={'value': 24, 'prev_value': None, 'change': True}
2025-04-27 21:13:41,876 : INFO : EventManager : Event: ======'machine_var_audits_missing_switches_s_holly_l'====== Args={'value': 24, 'prev_value': None, 'change': True}
2025-04-27 21:13:41,878 : INFO : EventManager : Event: ======'machine_var_audits_missing_switches_s_holly_l_1'====== Args={'value': 24, 'prev_value': None, 'change': True}
2025-04-27 21:13:41,878 : INFO : EventManager : Event: ======'machine_var_audits_missing_switches_s_holly_o'====== Args={'value': 24, 'prev_value': None, 'change': True}
2025-04-27 21:13:41,878 : INFO : EventManager : Event: ======'machine_var_audits_missing_switches_s_holly_y'====== Args={'value': 24, 'prev_value': None, 'change': True}
2025-04-27 21:13:41,878 : INFO : EventManager : Event: ======'machine_var_audits_missing_switches_s_left_coin'====== Args={'value': 24, 'prev_value': None, 'change': True}
2025-04-27 21:13:41,878 : INFO : EventManager : Event: ======'machine_var_audits_missing_switches_s_left_flipper'====== Args={'value': 24, 'prev_value': None, 'change': True}
2025-04-27 21:13:41,878 : INFO : EventManager : Event: ======'machine_var_audits_missing_switches_s_left_flipper_eos'====== Args={'value': 24, 'prev_value': None, 'change': True}
2025-04-27 21:13:41,878 : INFO : EventManager : Event: ======'machine_var_audits_missing_switches_s_left_inlane'====== Args={'value': 24, 'prev_value': None, 'change': True}
2025-04-27 21:13:41,878 : INFO : EventManager : Event: ======'machine_var_audits_missing_switches_s_left_magna'====== Args={'value': 24, 'prev_value': None, 'change': True}
2025-04-27 21:13:41,878 : INFO : EventManager : Event: ======'machine_var_audits_missing_switches_s_left_outlane'====== Args={'value': 24, 'prev_value': None, 'change': True}
2025-04-27 21:13:41,878 : INFO : EventManager : Event: ======'machine_var_audits_missing_switches_s_left_sling'====== Args={'value': 24, 'prev_value': None, 'change': True}
2025-04-27 21:13:41,878 : INFO : EventManager : Event: ======'machine_var_audits_missing_switches_s_minus'====== Args={'value': 24, 'prev_value': None, 'change': True}
2025-04-27 21:13:41,878 : INFO : EventManager : Event: ======'machine_var_audits_missing_switches_s_nakatomi'====== Args={'value': 24, 'prev_value': None, 'change': True}
2025-04-27 21:13:41,878 : INFO : EventManager : Event: ======'machine_var_audits_missing_switches_s_plus'====== Args={'value': 24, 'prev_value': None, 'change': True}
2025-04-27 21:13:41,878 : INFO : EventManager : Event: ======'machine_var_audits_missing_switches_s_popbumper_left'====== Args={'value': 24, 'prev_value': None, 'change': True}
2025-04-27 21:13:41,878 : INFO : EventManager : Event: ======'machine_var_audits_missing_switches_s_popbumper_right'====== Args={'value': 24, 'prev_value': None, 'change': True}
2025-04-27 21:13:41,878 : INFO : EventManager : Event: ======'machine_var_audits_missing_switches_s_right_coin'====== Args={'value': 24, 'prev_value': None, 'change': True}
2025-04-27 21:13:41,878 : INFO : EventManager : Event: ======'machine_var_audits_missing_switches_s_right_flipper'====== Args={'value': 24, 'prev_value': None, 'change': True}
2025-04-27 21:13:41,878 : INFO : EventManager : Event: ======'machine_var_audits_missing_switches_s_right_flipper_eos'====== Args={'value': 24, 'prev_value': None, 'change': True}
2025-04-27 21:13:41,878 : INFO : EventManager : Event: ======'machine_var_audits_missing_switches_s_right_inlane'====== Args={'value': 24, 'prev_value': None, 'change': True}
2025-04-27 21:13:41,878 : INFO : EventManager : Event: ======'machine_var_audits_missing_switches_s_right_magna'====== Args={'value': 24, 'prev_value': None, 'change': True}
2025-04-27 21:13:41,878 : INFO : EventManager : Event: ======'machine_var_audits_missing_switches_s_right_outlane'====== Args={'value': 24, 'prev_value': None, 'change': True}
2025-04-27 21:13:41,878 : INFO : EventManager : Event: ======'machine_var_audits_missing_switches_s_right_sling'====== Args={'value': 24, 'prev_value': None, 'change': True}
2025-04-27 21:13:41,878 : INFO : EventManager : Event: ======'machine_var_audits_missing_switches_s_safe_vuk'====== Args={'value': 24, 'prev_value': None, 'change': True}
2025-04-27 21:13:41,878 : INFO : EventManager : Event: ======'machine_var_audits_missing_switches_s_target_2'====== Args={'value': 24, 'prev_value': None, 'change': True}
2025-04-27 21:13:41,878 : INFO : EventManager : Event: ======'machine_var_audits_missing_switches_s_target_3'====== Args={'value': 24, 'prev_value': None, 'change': True}
2025-04-27 21:13:41,878 : INFO : EventManager : Event: ======'machine_var_audits_missing_switches_s_tilt_bob'====== Args={'value': 24, 'prev_value': None, 'change': True}
2025-04-27 21:13:41,878 : INFO : EventManager : Event: ======'machine_var_audits_missing_switches_s_top_flipper_hold'====== Args={'value': 24, 'prev_value': None, 'change': True}
2025-04-27 21:13:41,878 : INFO : EventManager : Event: ======'machine_var_audits_missing_switches_s_trough1'====== Args={'value': 24, 'prev_value': None, 'change': True}
2025-04-27 21:13:41,878 : INFO : EventManager : Event: ======'machine_var_audits_missing_switches_s_trough2'====== Args={'value': 24, 'prev_value': None, 'change': True}
2025-04-27 21:13:41,878 : INFO : EventManager : Event: ======'machine_var_audits_missing_switches_s_trough3'====== Args={'value': 24, 'prev_value': None, 'change': True}
2025-04-27 21:13:41,878 : INFO : EventManager : Event: ======'machine_var_audits_missing_switches_s_trough4'====== Args={'value': 24, 'prev_value': None, 'change': True}
2025-04-27 21:13:41,878 : INFO : EventManager : Event: ======'machine_var_audits_missing_switches_s_trough5'====== Args={'value': 24, 'prev_value': None, 'change': True}
2025-04-27 21:13:41,878 : INFO : EventManager : Event: ======'machine_var_audits_missing_switches_s_trough6'====== Args={'value': 24, 'prev_value': None, 'change': True}
2025-04-27 21:13:41,878 : INFO : EventManager : Event: ======'machine_var_audits_missing_switches_s_trough_jam'====== Args={'value': 24, 'prev_value': None, 'change': True}
2025-04-27 21:13:41,878 : INFO : EventManager : Event: ======'machine_var_audits_missing_switches_s_tunel_vuk'====== Args={'value': 24, 'prev_value': None, 'change': True}
2025-04-27 21:13:41,878 : INFO : EventManager : Event: ======'machine_var_audits_player_score'====== Args={'value': {'average': 0, 'top': [], 'total': 0}, 'prev_value': None, 'change': True}
2025-04-27 21:13:41,878 : INFO : EventManager : Event: ======'machine_var_audits_switches_s_bottom_right_vuk'====== Args={'value': 0, 'prev_value': None, 'change': True}
2025-04-27 21:13:41,878 : INFO : EventManager : Event: ======'machine_var_audits_switches_s_door'====== Args={'value': 0, 'prev_value': None, 'change': True}
2025-04-27 21:13:41,879 : INFO : EventManager : Event: ======'machine_var_audits_switches_s_door_tilt'====== Args={'value': 0, 'prev_value': None, 'change': True}
2025-04-27 21:13:41,879 : INFO : EventManager : Event: ======'machine_var_audits_switches_s_drop_target_1'====== Args={'value': 0, 'prev_value': None, 'change': True}
2025-04-27 21:13:41,879 : INFO : EventManager : Event: ======'machine_var_audits_switches_s_drop_target_2'====== Args={'value': 0, 'prev_value': None, 'change': True}
2025-04-27 21:13:41,879 : INFO : EventManager : Event: ======'machine_var_audits_switches_s_drop_target_3'====== Args={'value': 0, 'prev_value': None, 'change': True}
2025-04-27 21:13:41,879 : INFO : EventManager : Event: ======'machine_var_audits_switches_s_enter'====== Args={'value': 0, 'prev_value': None, 'change': True}
2025-04-27 21:13:41,879 : INFO : EventManager : Event: ======'machine_var_audits_switches_s_escape'====== Args={'value': 0, 'prev_value': None, 'change': True}
2025-04-27 21:13:41,879 : INFO : EventManager : Event: ======'machine_var_audits_switches_s_fire'====== Args={'value': 0, 'prev_value': None, 'change': True}
2025-04-27 21:13:41,879 : INFO : EventManager : Event: ======'machine_var_audits_switches_s_highvuk'====== Args={'value': 0, 'prev_value': None, 'change': True}
2025-04-27 21:13:41,879 : INFO : EventManager : Event: ======'machine_var_audits_switches_s_holly_h'====== Args={'value': 0, 'prev_value': None, 'change': True}
2025-04-27 21:13:41,879 : INFO : EventManager : Event: ======'machine_var_audits_switches_s_holly_l'====== Args={'value': 0, 'prev_value': None, 'change': True}
2025-04-27 21:13:41,879 : INFO : EventManager : Event: ======'machine_var_audits_switches_s_holly_l_1'====== Args={'value': 0, 'prev_value': None, 'change': True}
2025-04-27 21:13:41,879 : INFO : EventManager : Event: ======'machine_var_audits_switches_s_holly_o'====== Args={'value': 0, 'prev_value': None, 'change': True}
2025-04-27 21:13:41,879 : INFO : EventManager : Event: ======'machine_var_audits_switches_s_holly_y'====== Args={'value': 0, 'prev_value': None, 'change': True}
2025-04-27 21:13:41,880 : INFO : EventManager : Event: ======'machine_var_audits_switches_s_left_coin'====== Args={'value': 0, 'prev_value': None, 'change': True}
2025-04-27 21:13:41,880 : INFO : EventManager : Event: ======'machine_var_audits_switches_s_left_flipper'====== Args={'value': 0, 'prev_value': None, 'change': True}
2025-04-27 21:13:41,880 : INFO : EventManager : Event: ======'machine_var_audits_switches_s_left_flipper_eos'====== Args={'value': 0, 'prev_value': None, 'change': True}
2025-04-27 21:13:41,880 : INFO : EventManager : Event: ======'machine_var_audits_switches_s_left_inlane'====== Args={'value': 0, 'prev_value': None, 'change': True}
2025-04-27 21:13:41,880 : INFO : EventManager : Event: ======'machine_var_audits_switches_s_left_magna'====== Args={'value': 0, 'prev_value': None, 'change': True}
2025-04-27 21:13:41,880 : INFO : EventManager : Event: ======'machine_var_audits_switches_s_left_outlane'====== Args={'value': 0, 'prev_value': None, 'change': True}
2025-04-27 21:13:41,880 : INFO : EventManager : Event: ======'machine_var_audits_switches_s_left_sling'====== Args={'value': 0, 'prev_value': None, 'change': True}
2025-04-27 21:13:41,880 : INFO : EventManager : Event: ======'machine_var_audits_switches_s_minus'====== Args={'value': 0, 'prev_value': None, 'change': True}
2025-04-27 21:13:41,880 : INFO : EventManager : Event: ======'machine_var_audits_switches_s_nakatomi'====== Args={'value': 0, 'prev_value': None, 'change': True}
2025-04-27 21:13:41,880 : INFO : EventManager : Event: ======'machine_var_audits_switches_s_plus'====== Args={'value': 0, 'prev_value': None, 'change': True}
2025-04-27 21:13:41,880 : INFO : EventManager : Event: ======'machine_var_audits_switches_s_popbumper_left'====== Args={'value': 0, 'prev_value': None, 'change': True}
2025-04-27 21:13:41,880 : INFO : EventManager : Event: ======'machine_var_audits_switches_s_popbumper_right'====== Args={'value': 0, 'prev_value': None, 'change': True}
2025-04-27 21:13:41,880 : INFO : EventManager : Event: ======'machine_var_audits_switches_s_right_coin'====== Args={'value': 0, 'prev_value': None, 'change': True}
2025-04-27 21:13:41,880 : INFO : EventManager : Event: ======'machine_var_audits_switches_s_right_flipper'====== Args={'value': 0, 'prev_value': None, 'change': True}
2025-04-27 21:13:41,880 : INFO : EventManager : Event: ======'machine_var_audits_switches_s_right_flipper_eos'====== Args={'value': 0, 'prev_value': None, 'change': True}
2025-04-27 21:13:41,880 : INFO : EventManager : Event: ======'machine_var_audits_switches_s_right_inlane'====== Args={'value': 0, 'prev_value': None, 'change': True}
2025-04-27 21:13:41,880 : INFO : EventManager : Event: ======'machine_var_audits_switches_s_right_magna'====== Args={'value': 0, 'prev_value': None, 'change': True}
2025-04-27 21:13:41,880 : INFO : EventManager : Event: ======'machine_var_audits_switches_s_right_outlane'====== Args={'value': 0, 'prev_value': None, 'change': True}
2025-04-27 21:13:41,880 : INFO : EventManager : Event: ======'machine_var_audits_switches_s_right_sling'====== Args={'value': 0, 'prev_value': None, 'change': True}
2025-04-27 21:13:41,880 : INFO : EventManager : Event: ======'machine_var_audits_switches_s_safe_vuk'====== Args={'value': 0, 'prev_value': None, 'change': True}
2025-04-27 21:13:41,880 : INFO : EventManager : Event: ======'machine_var_audits_switches_s_start'====== Args={'value': 4, 'prev_value': None, 'change': True}
2025-04-27 21:13:41,880 : INFO : EventManager : Event: ======'machine_var_audits_switches_s_target_2'====== Args={'value': 0, 'prev_value': None, 'change': True}
2025-04-27 21:13:41,880 : INFO : EventManager : Event: ======'machine_var_audits_switches_s_target_3'====== Args={'value': 0, 'prev_value': None, 'change': True}
2025-04-27 21:13:41,880 : INFO : EventManager : Event: ======'machine_var_audits_switches_s_tilt_bob'====== Args={'value': 0, 'prev_value': None, 'change': True}
2025-04-27 21:13:41,880 : INFO : EventManager : Event: ======'machine_var_audits_switches_s_top_flipper_hold'====== Args={'value': 0, 'prev_value': None, 'change': True}
2025-04-27 21:13:41,880 : INFO : EventManager : Event: ======'machine_var_audits_switches_s_trough1'====== Args={'value': 0, 'prev_value': None, 'change': True}
2025-04-27 21:13:41,880 : INFO : EventManager : Event: ======'machine_var_audits_switches_s_trough2'====== Args={'value': 0, 'prev_value': None, 'change': True}
2025-04-27 21:13:41,880 : INFO : EventManager : Event: ======'machine_var_audits_switches_s_trough3'====== Args={'value': 0, 'prev_value': None, 'change': True}
2025-04-27 21:13:41,881 : INFO : EventManager : Event: ======'machine_var_audits_switches_s_trough4'====== Args={'value': 0, 'prev_value': None, 'change': True}
2025-04-27 21:13:41,881 : INFO : EventManager : Event: ======'machine_var_audits_switches_s_trough5'====== Args={'value': 0, 'prev_value': None, 'change': True}
2025-04-27 21:13:41,881 : INFO : EventManager : Event: ======'machine_var_audits_switches_s_trough6'====== Args={'value': 0, 'prev_value': None, 'change': True}
2025-04-27 21:13:41,881 : INFO : EventManager : Event: ======'machine_var_audits_switches_s_trough_jam'====== Args={'value': 0, 'prev_value': None, 'change': True}
2025-04-27 21:13:41,881 : INFO : EventManager : Event: ======'machine_var_audits_switches_s_tunel_vuk'====== Args={'value': 0, 'prev_value': None, 'change': True}
2025-04-27 21:13:41,881 : INFO : EventManager : Event: ======'machine_var_audits_switches_swPlunger'====== Args={'value': 16, 'prev_value': None, 'change': True}
2025-04-27 21:13:41,881 : INFO : EventManager : Event: ======'init_phase_5'====== Args={}
2025-04-27 21:13:41,890 : INFO : EventManager : Event: ======'init_done'====== Args={}
2025-04-27 21:13:41,890 : INFO : EventManager : Event: ======'machine_reset_phase_1'====== Args={}
2025-04-27 21:13:41,893 : INFO : EventManager : Event: ======'machine_reset_phase_2'====== Args={}
2025-04-27 21:13:41,893 : INFO : EventManager : Event: ======'machine_reset_phase_3'====== Args={}
2025-04-27 21:13:41,893 : INFO : drop_target_bank.bank : All targets are already up. Will not reset bank.
2025-04-27 21:13:41,894 : INFO : EventManager : Event: ======'reset_complete'====== Args={}
2025-04-27 21:13:41,894 : INFO : EventManager : Event: ======'mode_attract_will_start'====== Args={}
2025-04-27 21:13:41,894 : INFO : EventManager : Event: ======'mode_attract_starting'====== Args={}
2025-04-27 21:13:41,894 : INFO : Mode.attract : Started. Priority: 10
2025-04-27 21:13:41,894 : INFO : EventManager : Event: ======'modes_active_modes_changed'====== Args={}
2025-04-27 21:13:41,894 : INFO : EventManager : Event: ======'mode_attract_started'====== Args={}
2025-04-27 21:13:41,894 : INFO : EventManager : Event: ======'collecting_balls'====== Args={}
2025-04-27 21:13:41,894 : INFO : ball_device.bd_scoop1 : Adding 1 ball(s) to the eject_queue with target <playfield.playfield>.
2025-04-27 21:13:41,894 : INFO : EventManager : Event: ======'balldevice_balls_available'====== Args={}
2025-04-27 21:13:41,894 : INFO : ball_device.bd_scoop : Adding 1 ball(s) to the eject_queue with target <playfield.playfield>.
2025-04-27 21:13:41,894 : INFO : EventManager : Event: ======'balldevice_balls_available'====== Args={}
2025-04-27 21:13:41,902 : INFO : Machine : Starting the main run loop with active modes: [<Mode.attract>]
2025-04-27 21:13:41,902 : INFO : ball_device.bd_scoop1 : State: waiting_for_target_ready
2025-04-27 21:13:41,903 : INFO : EventManager : Event: ======'balldevice_bd_scoop1_ball_eject_attempt'====== Args={'balls': 1, 'target': <playfield.playfield>, 'source': <ball_device.bd_scoop1>, 'mechanical_eject': False, 'num_attempts': 0}
2025-04-27 21:13:41,903 : INFO : ball_device.bd_scoop : State: waiting_for_target_ready
2025-04-27 21:13:41,903 : INFO : EventManager : Event: ======'balldevice_bd_scoop_ball_eject_attempt'====== Args={'balls': 1, 'target': <playfield.playfield>, 'source': <ball_device.bd_scoop>, 'mechanical_eject': False, 'num_attempts': 0}
2025-04-27 21:13:41,903 : INFO : ball_device.bd_scoop : State: ejecting
2025-04-27 21:13:41,903 : INFO : ball_device.bd_scoop : Ejecting ball to <playfield.playfield>
2025-04-27 21:13:41,903 : INFO : EventManager : Event: ======'balldevice_bd_scoop_ejecting_ball'====== Args={'balls': 1, 'target': <playfield.playfield>, 'source': <ball_device.bd_scoop>, 'mechanical_eject': False, 'num_attempts': 0}
2025-04-27 21:13:41,903 : INFO : ball_device.bd_scoop1 : State: ejecting
2025-04-27 21:13:41,903 : INFO : ball_device.bd_scoop1 : Ejecting ball to <playfield.playfield>
2025-04-27 21:13:41,903 : INFO : EventManager : Event: ======'balldevice_bd_scoop1_ejecting_ball'====== Args={'balls': 1, 'target': <playfield.playfield>, 'source': <ball_device.bd_scoop1>, 'mechanical_eject': False, 'num_attempts': 0}
2025-04-27 21:13:41,903 : INFO : ball_device.bd_scoop1 : Wait for ball to leave device
2025-04-27 21:13:41,903 : INFO : coil.c_bottom_right_vuk_eject : Pulsing Driver for 45ms (1.0 pulse_power)
2025-04-27 21:13:41,904 : INFO : ball_device.bd_scoop : Wait for ball to leave device
2025-04-27 21:13:41,950 : INFO : coil.c_safe_vuk_eject : Pulsing Driver for 20ms (1.0 pulse_power)
2025-04-27 21:13:41,966 : INFO : SwitchController : <<<<<<< 's_nakatomi' active >>>>>>>
2025-04-27 21:13:42,045 : INFO : SwitchController : <<<<<<< 's_nakatomi' inactive >>>>>>>
2025-04-27 21:13:42,063 : INFO : SwitchController : <<<<<<< 's_nakatomi' active >>>>>>>
2025-04-27 21:13:42,078 : INFO : SwitchController : <<<<<<< 's_nakatomi' inactive >>>>>>>
2025-04-27 21:13:42,915 : INFO : EventManager : Event: ======'balldevice_bd_scoop1_ball_eject_failed'====== Args={'target': <playfield.playfield>, 'balls': 1, 'retry': True, 'num_attempts': 1}
2025-04-27 21:13:42,915 : INFO : EventManager : Event: ======'balldevice_bd_scoop_ball_eject_failed'====== Args={'target': <playfield.playfield>, 'balls': 1, 'retry': True, 'num_attempts': 1}
2025-04-27 21:13:42,916 : INFO : ball_device.bd_scoop : State: waiting_for_target_ready
2025-04-27 21:13:42,916 : INFO : EventManager : Event: ======'balldevice_bd_scoop_ball_eject_attempt'====== Args={'balls': 1, 'target': <playfield.playfield>, 'source': <ball_device.bd_scoop>, 'mechanical_eject': False, 'num_attempts': 1}
2025-04-27 21:13:42,916 : INFO : ball_device.bd_scoop1 : State: waiting_for_target_ready
2025-04-27 21:13:42,916 : INFO : EventManager : Event: ======'balldevice_bd_scoop1_ball_eject_attempt'====== Args={'balls': 1, 'target': <playfield.playfield>, 'source': <ball_device.bd_scoop1>, 'mechanical_eject': False, 'num_attempts': 1}
2025-04-27 21:13:42,916 : INFO : ball_device.bd_scoop1 : State: ejecting
2025-04-27 21:13:42,916 : INFO : ball_device.bd_scoop1 : Ejecting ball to <playfield.playfield>
2025-04-27 21:13:42,916 : INFO : EventManager : Event: ======'balldevice_bd_scoop1_ejecting_ball'====== Args={'balls': 1, 'target': <playfield.playfield>, 'source': <ball_device.bd_scoop1>, 'mechanical_eject': False, 'num_attempts': 1}
2025-04-27 21:13:42,916 : INFO : ball_device.bd_scoop : State: ejecting
2025-04-27 21:13:42,916 : INFO : ball_device.bd_scoop : Ejecting ball to <playfield.playfield>
2025-04-27 21:13:42,916 : INFO : EventManager : Event: ======'balldevice_bd_scoop_ejecting_ball'====== Args={'balls': 1, 'target': <playfield.playfield>, 'source': <ball_device.bd_scoop>, 'mechanical_eject': False, 'num_attempts': 1}
2025-04-27 21:13:42,918 : INFO : ball_device.bd_scoop : Wait for ball to leave device
2025-04-27 21:13:42,918 : INFO : coil.c_safe_vuk_eject : Pulsing Driver for 20ms (1.0 pulse_power)
2025-04-27 21:13:42,918 : INFO : ball_device.bd_scoop1 : Wait for ball to leave device
2025-04-27 21:13:42,931 : INFO : coil.c_bottom_right_vuk_eject : Pulsing Driver for 45ms (1.0 pulse_power)
2025-04-27 21:13:42,947 : INFO : SwitchController : <<<<<<< 's_nakatomi' active >>>>>>>
2025-04-27 21:13:42,994 : INFO : SwitchController : <<<<<<< 's_nakatomi' inactive >>>>>>>
2025-04-27 21:13:43,924 : INFO : EventManager : Event: ======'balldevice_bd_scoop1_ball_eject_failed'====== Args={'target': <playfield.playfield>, 'balls': 1, 'retry': True, 'num_attempts': 2}
2025-04-27 21:13:43,924 : INFO : EventManager : Event: ======'balldevice_bd_scoop_ball_eject_failed'====== Args={'target': <playfield.playfield>, 'balls': 1, 'retry': True, 'num_attempts': 2}
2025-04-27 21:13:43,925 : INFO : ball_device.bd_scoop : State: waiting_for_target_ready
2025-04-27 21:13:43,925 : INFO : EventManager : Event: ======'balldevice_bd_scoop_ball_eject_attempt'====== Args={'balls': 1, 'target': <playfield.playfield>, 'source': <ball_device.bd_scoop>, 'mechanical_eject': False, 'num_attempts': 2}
2025-04-27 21:13:43,925 : INFO : ball_device.bd_scoop1 : State: waiting_for_target_ready
2025-04-27 21:13:43,925 : INFO : EventManager : Event: ======'balldevice_bd_scoop1_ball_eject_attempt'====== Args={'balls': 1, 'target': <playfield.playfield>, 'source': <ball_device.bd_scoop1>, 'mechanical_eject': False, 'num_attempts': 2}
2025-04-27 21:13:43,925 : INFO : ball_device.bd_scoop1 : State: ejecting
2025-04-27 21:13:43,926 : INFO : ball_device.bd_scoop1 : Ejecting ball to <playfield.playfield>
2025-04-27 21:13:43,926 : INFO : EventManager : Event: ======'balldevice_bd_scoop1_ejecting_ball'====== Args={'balls': 1, 'target': <playfield.playfield>, 'source': <ball_device.bd_scoop1>, 'mechanical_eject': False, 'num_attempts': 2}
2025-04-27 21:13:43,926 : INFO : ball_device.bd_scoop : State: ejecting
2025-04-27 21:13:43,926 : INFO : ball_device.bd_scoop : Ejecting ball to <playfield.playfield>
2025-04-27 21:13:43,926 : INFO : EventManager : Event: ======'balldevice_bd_scoop_ejecting_ball'====== Args={'balls': 1, 'target': <playfield.playfield>, 'source': <ball_device.bd_scoop>, 'mechanical_eject': False, 'num_attempts': 2}
2025-04-27 21:13:43,927 : INFO : ball_device.bd_scoop : Wait for ball to leave device
2025-04-27 21:13:43,927 : INFO : coil.c_safe_vuk_eject : Pulsing Driver for 20ms (1.0 pulse_power)
2025-04-27 21:13:43,927 : INFO : ball_device.bd_scoop1 : Wait for ball to leave device
2025-04-27 21:13:43,940 : INFO : coil.c_bottom_right_vuk_eject : Pulsing Driver for 45ms (1.0 pulse_power)
2025-04-27 21:13:43,956 : INFO : SwitchController : <<<<<<< 's_nakatomi' active >>>>>>>
2025-04-27 21:13:44,003 : INFO : SwitchController : <<<<<<< 's_nakatomi' inactive >>>>>>>
2025-04-27 21:13:44,857 : INFO : Machine : Shutting down...
2025-04-27 21:13:44,859 : INFO : EventManager : Event: ======'shutdown'====== Args={}
