2025-05-17 14:34:35,521 : INFO : root : Loading config.
2025-05-17 14:34:35,526 : INFO : YamlMultifileConfigLoader : Machine config file #1: config.yaml
2025-05-17 14:34:35,526 : INFO : ConfigProcessor : Loading config from cache: C:\Users\carr-\AppData\Local\Temp\23e177fce4903a9a69d69f474fa748a1.mpf_cache
2025-05-17 14:34:35,630 : INFO : ConfigProcessor : Loading config from cache: C:\Users\carr-\AppData\Local\Temp\2f9bbeccf93c71693a410725897ab70d.mpf_cache
2025-05-17 14:34:35,637 : INFO : ConfigProcessor : Loading config from cache: C:\Users\carr-\AppData\Local\Temp\71986c9cb54d44e1ee87b7d4d0f68024.mpf_cache
2025-05-17 14:34:35,639 : INFO : ConfigProcessor : Loading config from cache: C:\Users\carr-\AppData\Local\Temp\460998002e273cec26232c9157d92984.mpf_cache
2025-05-17 14:34:35,647 : INFO : ConfigProcessor : Loading config from cache: C:\Users\carr-\AppData\Local\Temp\668dbdbfcbfe997663fcbdfe0871c0b4.mpf_cache
2025-05-17 14:34:35,655 : INFO : Machine : Mission Pinball Framework Core Engine v0.80.0.dev6
2025-05-17 14:34:35,655 : INFO : Machine : Command line arguments: {'no_load_cache': False, 'create_config_cache': True, 'bcp': False, 'configfile': ['config.yaml'], 'force_assets_load': False, 'platform_integration_test': False, 'jsonlogging': False, 'logfile': 'logs\\2025-05-17-14-34-35-mpf-LAPTOP-99TN7EPH.log', 'pause': False, 'production': False, 'text_ui': False, 'loglevel': 15, 'consoleloglevel': 10, 'force_platform': 'smart_virtual', 'syslog_address': None, 'full_logfile_path': 'C:\\Users\\carr-\\Documents\\development\\diehard-mpf\\logs\\2025-05-17-14-34-35-mpf-LAPTOP-99TN7EPH.log'}
2025-05-17 14:34:35,655 : INFO : Machine : MPF path: C:\Users\carr-\Documents\development\mpf080\mpf
2025-05-17 14:34:35,655 : INFO : Machine : Machine path: C:\Users\carr-\Documents\development\diehard-mpf
2025-05-17 14:34:35,655 : INFO : Machine : Platform: win32
2025-05-17 14:34:35,655 : INFO : Machine : Python executable location: C:\Users\carr-\Documents\development\mpf080\mpfenv\Scripts\python.exe
2025-05-17 14:34:35,655 : INFO : Machine : Python version: 3.9.13 (64-bit)
2025-05-17 14:34:35,659 : INFO : Machine : Initializing MPF...
2025-05-17 14:34:35,748 : INFO : EventManager : Event: ======'machine_var_credits_string'====== Args={'value': 'FREE PLAY', 'prev_value': None, 'change': True}
2025-05-17 14:34:35,783 : INFO : EventManager : Event: ======'machine_var_fast_audio_headphones_volume'====== Args={'value': 10, 'prev_value': None, 'change': True}
2025-05-17 14:34:35,784 : INFO : EventManager : Event: ======'machine_var_fast_audio_main_volume'====== Args={'value': 60, 'prev_value': None, 'change': True}
2025-05-17 14:34:35,784 : INFO : EventManager : Event: ======'machine_var_master_volume'====== Args={'value': 0.5, 'prev_value': None, 'change': True}
2025-05-17 14:34:35,784 : INFO : EventManager : Event: ======'machine_var_player1_score'====== Args={'value': 0, 'prev_value': None, 'change': True}
2025-05-17 14:34:35,784 : INFO : EventManager : Event: ======'machine_var_var_which_attract'====== Args={'value': 0, 'prev_value': None, 'change': True}
2025-05-17 14:34:35,784 : INFO : EventManager : Event: ======'machine_var_mpf_version'====== Args={'value': 'Mission Pinball Framework v0.80.0.dev6', 'prev_value': None, 'change': True}
2025-05-17 14:34:35,784 : INFO : EventManager : Event: ======'machine_var_mpf_extended_version'====== Args={'value': 'Mission Pinball Framework v0.80.0.dev6, Config version:6, Show version: 6, BCP version:1.1', 'prev_value': None, 'change': True}
2025-05-17 14:34:35,784 : INFO : EventManager : Event: ======'machine_var_python_version'====== Args={'value': '3.9.13', 'prev_value': None, 'change': True}
2025-05-17 14:34:35,812 : INFO : EventManager : Event: ======'machine_var_platform'====== Args={'value': 'Windows-10-10.0.26100-SP0', 'prev_value': None, 'change': True}
2025-05-17 14:34:35,812 : INFO : EventManager : Event: ======'machine_var_platform_system'====== Args={'value': 'Windows', 'prev_value': None, 'change': True}
2025-05-17 14:34:35,812 : INFO : EventManager : Event: ======'machine_var_platform_release'====== Args={'value': '10', 'prev_value': None, 'change': True}
2025-05-17 14:34:35,812 : INFO : EventManager : Event: ======'machine_var_platform_version'====== Args={'value': '10.0.26100', 'prev_value': None, 'change': True}
2025-05-17 14:34:35,812 : INFO : EventManager : Event: ======'machine_var_platform_machine'====== Args={'value': 'AMD64', 'prev_value': None, 'change': True}
2025-05-17 14:34:35,813 : INFO : EventManager : Event: ======'machine_var_log_file_path'====== Args={'value': 'C:\\Users\\carr-\\Documents\\development\\diehard-mpf\\logs\\2025-05-17-14-34-35-mpf-LAPTOP-99TN7EPH.log', 'prev_value': None, 'change': True}
2025-05-17 14:34:35,813 : INFO : EventManager : Event: ======'init_phase_1'====== Args={}
2025-05-17 14:34:35,880 : INFO : EventManager : Event: ======'drop_target_bank_bank_up'====== Args={}
2025-05-17 14:34:35,882 : INFO : EventManager : Event: ======'init_phase_2'====== Args={}
2025-05-17 14:34:35,883 : INFO : SwitchController : Found active switch: ('d-8', <Platform.SmartVirtual>) <switch.s_trough1>
2025-05-17 14:34:35,883 : INFO : SwitchController : Found active switch: ('d-9', <Platform.SmartVirtual>) <switch.s_trough2>
2025-05-17 14:34:35,883 : INFO : SwitchController : Found active switch: ('d-10', <Platform.SmartVirtual>) <switch.s_trough3>
2025-05-17 14:34:35,883 : INFO : SwitchController : Found active switch: ('d-11', <Platform.SmartVirtual>) <switch.s_trough4>
2025-05-17 14:34:35,883 : INFO : SwitchController : Found active switch: ('d-12', <Platform.SmartVirtual>) <switch.s_trough5>
2025-05-17 14:34:35,883 : INFO : SwitchController : Found active switch: ('d-13', <Platform.SmartVirtual>) <switch.s_trough6>
2025-05-17 14:34:35,886 : INFO : ball_device.bd_trough : BCH: Initial count: 6
2025-05-17 14:34:35,886 : INFO : ball_device.bd_trough : State: idle
2025-05-17 14:34:35,886 : INFO : ball_device.bd_plunger : BCH: Initial count: 0
2025-05-17 14:34:35,886 : INFO : ball_device.bd_plunger : State: idle
2025-05-17 14:34:35,886 : INFO : ball_device.bd_scoop : BCH: Initial count: 0
2025-05-17 14:34:35,886 : INFO : ball_device.bd_scoop : State: idle
2025-05-17 14:34:35,886 : INFO : ball_device.bd_scoop1 : BCH: Initial count: 0
2025-05-17 14:34:35,886 : INFO : ball_device.bd_scoop1 : State: idle
2025-05-17 14:34:35,888 : INFO : ball_device.bd_scoop2 : BCH: Initial count: 0
2025-05-17 14:34:35,888 : INFO : ball_device.bd_scoop2 : State: idle
2025-05-17 14:34:35,888 : INFO : ball_device.bd_scoop3 : BCH: Initial count: 0
2025-05-17 14:34:35,888 : INFO : ball_device.bd_scoop3 : State: idle
2025-05-17 14:34:35,889 : INFO : ball_device.bd_scoop4 : BCH: Initial count: 0
2025-05-17 14:34:35,889 : INFO : ball_device.bd_scoop4 : State: idle
2025-05-17 14:34:35,903 : INFO : EventManager : Event: ======'init_phase_3'====== Args={}
2025-05-17 14:34:35,906 : INFO : EventManager : Event: ======'init_phase_4'====== Args={}
2025-05-17 14:34:35,906 : INFO : BallController : Initial balls found: 6
2025-05-17 14:34:35,908 : INFO : EventManager : Event: ======'machine_var_audits_events_game_ended'====== Args={'value': 8, 'prev_value': None, 'change': True}
2025-05-17 14:34:35,908 : INFO : EventManager : Event: ======'machine_var_audits_events_game_started'====== Args={'value': 38, 'prev_value': None, 'change': True}
2025-05-17 14:34:35,908 : INFO : EventManager : Event: ======'machine_var_audits_missing_switches_s_enter'====== Args={'value': 38, 'prev_value': None, 'change': True}
2025-05-17 14:34:35,908 : INFO : EventManager : Event: ======'machine_var_audits_missing_switches_s_escape'====== Args={'value': 38, 'prev_value': None, 'change': True}
2025-05-17 14:34:35,908 : INFO : EventManager : Event: ======'machine_var_audits_missing_switches_s_holly_h'====== Args={'value': 38, 'prev_value': None, 'change': True}
2025-05-17 14:34:35,908 : INFO : EventManager : Event: ======'machine_var_audits_missing_switches_s_left_coin'====== Args={'value': 38, 'prev_value': None, 'change': True}
2025-05-17 14:34:35,908 : INFO : EventManager : Event: ======'machine_var_audits_missing_switches_s_left_inlane'====== Args={'value': 24, 'prev_value': None, 'change': True}
2025-05-17 14:34:35,908 : INFO : EventManager : Event: ======'machine_var_audits_missing_switches_s_left_outlane'====== Args={'value': 24, 'prev_value': None, 'change': True}
2025-05-17 14:34:35,908 : INFO : EventManager : Event: ======'machine_var_audits_missing_switches_s_minus'====== Args={'value': 38, 'prev_value': None, 'change': True}
2025-05-17 14:34:35,908 : INFO : EventManager : Event: ======'machine_var_audits_missing_switches_s_plus'====== Args={'value': 38, 'prev_value': None, 'change': True}
2025-05-17 14:34:35,908 : INFO : EventManager : Event: ======'machine_var_audits_missing_switches_s_right_coin'====== Args={'value': 38, 'prev_value': None, 'change': True}
2025-05-17 14:34:35,908 : INFO : EventManager : Event: ======'machine_var_audits_missing_switches_s_right_inlane'====== Args={'value': 24, 'prev_value': None, 'change': True}
2025-05-17 14:34:35,908 : INFO : EventManager : Event: ======'machine_var_audits_missing_switches_s_right_outlane'====== Args={'value': 24, 'prev_value': None, 'change': True}
2025-05-17 14:34:35,908 : INFO : EventManager : Event: ======'machine_var_audits_missing_switches_s_target_2'====== Args={'value': 24, 'prev_value': None, 'change': True}
2025-05-17 14:34:35,908 : INFO : EventManager : Event: ======'machine_var_audits_missing_switches_s_target_3'====== Args={'value': 24, 'prev_value': None, 'change': True}
2025-05-17 14:34:35,908 : INFO : EventManager : Event: ======'machine_var_audits_missing_switches_s_tilt_bob'====== Args={'value': 38, 'prev_value': None, 'change': True}
2025-05-17 14:34:35,908 : INFO : EventManager : Event: ======'machine_var_audits_missing_switches_s_top_flipper_hold'====== Args={'value': 24, 'prev_value': None, 'change': True}
2025-05-17 14:34:35,908 : INFO : EventManager : Event: ======'machine_var_audits_player_score'====== Args={'value': {'average': 0, 'top': [0, 0, 0, 0, 0, 0, 0, 0, 0], 'total': 9}, 'prev_value': None, 'change': True}
2025-05-17 14:34:35,908 : INFO : EventManager : Event: ======'machine_var_audits_switches_s_AirDuctEnter001'====== Args={'value': 3, 'prev_value': None, 'change': True}
2025-05-17 14:34:35,908 : INFO : EventManager : Event: ======'machine_var_audits_switches_s_airplane'====== Args={'value': 14, 'prev_value': None, 'change': True}
2025-05-17 14:34:35,908 : INFO : EventManager : Event: ======'machine_var_audits_switches_s_bottom_left_inner_drain'====== Args={'value': 51, 'prev_value': None, 'change': True}
2025-05-17 14:34:35,908 : INFO : EventManager : Event: ======'machine_var_audits_switches_s_bottom_left_outer_drain'====== Args={'value': 47, 'prev_value': None, 'change': True}
2025-05-17 14:34:35,908 : INFO : EventManager : Event: ======'machine_var_audits_switches_s_bottom_right_inner_drain'====== Args={'value': 92, 'prev_value': None, 'change': True}
2025-05-17 14:34:35,909 : INFO : EventManager : Event: ======'machine_var_audits_switches_s_bottom_right_outer_drain'====== Args={'value': 255, 'prev_value': None, 'change': True}
2025-05-17 14:34:35,909 : INFO : EventManager : Event: ======'machine_var_audits_switches_s_bottom_right_vuk'====== Args={'value': 1319, 'prev_value': None, 'change': True}
2025-05-17 14:34:35,909 : INFO : EventManager : Event: ======'machine_var_audits_switches_s_door'====== Args={'value': 28, 'prev_value': None, 'change': True}
2025-05-17 14:34:35,909 : INFO : EventManager : Event: ======'machine_var_audits_switches_s_door_tilt'====== Args={'value': 58, 'prev_value': None, 'change': True}
2025-05-17 14:34:35,909 : INFO : EventManager : Event: ======'machine_var_audits_switches_s_drop_target_1'====== Args={'value': 36, 'prev_value': None, 'change': True}
2025-05-17 14:34:35,909 : INFO : EventManager : Event: ======'machine_var_audits_switches_s_drop_target_2'====== Args={'value': 34, 'prev_value': None, 'change': True}
2025-05-17 14:34:35,909 : INFO : EventManager : Event: ======'machine_var_audits_switches_s_drop_target_3'====== Args={'value': 46, 'prev_value': None, 'change': True}
2025-05-17 14:34:35,909 : INFO : EventManager : Event: ======'machine_var_audits_switches_s_enter'====== Args={'value': 0, 'prev_value': None, 'change': True}
2025-05-17 14:34:35,909 : INFO : EventManager : Event: ======'machine_var_audits_switches_s_escape'====== Args={'value': 0, 'prev_value': None, 'change': True}
2025-05-17 14:34:35,909 : INFO : EventManager : Event: ======'machine_var_audits_switches_s_fire'====== Args={'value': 59, 'prev_value': None, 'change': True}
2025-05-17 14:34:35,909 : INFO : EventManager : Event: ======'machine_var_audits_switches_s_highvuk'====== Args={'value': 27, 'prev_value': None, 'change': True}
2025-05-17 14:34:35,909 : INFO : EventManager : Event: ======'machine_var_audits_switches_s_holly_h'====== Args={'value': 0, 'prev_value': None, 'change': True}
2025-05-17 14:34:35,909 : INFO : EventManager : Event: ======'machine_var_audits_switches_s_holly_l'====== Args={'value': 57, 'prev_value': None, 'change': True}
2025-05-17 14:34:35,909 : INFO : EventManager : Event: ======'machine_var_audits_switches_s_holly_l_1'====== Args={'value': 64, 'prev_value': None, 'change': True}
2025-05-17 14:34:35,909 : INFO : EventManager : Event: ======'machine_var_audits_switches_s_holly_o'====== Args={'value': 57, 'prev_value': None, 'change': True}
2025-05-17 14:34:35,909 : INFO : EventManager : Event: ======'machine_var_audits_switches_s_holly_y'====== Args={'value': 22, 'prev_value': None, 'change': True}
2025-05-17 14:34:35,909 : INFO : EventManager : Event: ======'machine_var_audits_switches_s_left spinner'====== Args={'value': 506, 'prev_value': None, 'change': True}
2025-05-17 14:34:35,909 : INFO : EventManager : Event: ======'machine_var_audits_switches_s_left_coin'====== Args={'value': 0, 'prev_value': None, 'change': True}
2025-05-17 14:34:35,909 : INFO : EventManager : Event: ======'machine_var_audits_switches_s_left_flipper'====== Args={'value': 590, 'prev_value': None, 'change': True}
2025-05-17 14:34:35,909 : INFO : EventManager : Event: ======'machine_var_audits_switches_s_left_flipper_eos'====== Args={'value': 557, 'prev_value': None, 'change': True}
2025-05-17 14:34:35,909 : INFO : EventManager : Event: ======'machine_var_audits_switches_s_left_inlane'====== Args={'value': 0, 'prev_value': None, 'change': True}
2025-05-17 14:34:35,909 : INFO : EventManager : Event: ======'machine_var_audits_switches_s_left_magna'====== Args={'value': 141, 'prev_value': None, 'change': True}
2025-05-17 14:34:35,910 : INFO : EventManager : Event: ======'machine_var_audits_switches_s_left_orbit'====== Args={'value': 110, 'prev_value': None, 'change': True}
2025-05-17 14:34:35,910 : INFO : EventManager : Event: ======'machine_var_audits_switches_s_left_outlane'====== Args={'value': 0, 'prev_value': None, 'change': True}
2025-05-17 14:34:35,910 : INFO : EventManager : Event: ======'machine_var_audits_switches_s_left_sling'====== Args={'value': 182, 'prev_value': None, 'change': True}
2025-05-17 14:34:35,910 : INFO : EventManager : Event: ======'machine_var_audits_switches_s_left_top_target'====== Args={'value': 26, 'prev_value': None, 'change': True}
2025-05-17 14:34:35,910 : INFO : EventManager : Event: ======'machine_var_audits_switches_s_middle_top_target'====== Args={'value': 20, 'prev_value': None, 'change': True}
2025-05-17 14:34:35,910 : INFO : EventManager : Event: ======'machine_var_audits_switches_s_minus'====== Args={'value': 0, 'prev_value': None, 'change': True}
2025-05-17 14:34:35,910 : INFO : EventManager : Event: ======'machine_var_audits_switches_s_nakatomi'====== Args={'value': 105, 'prev_value': None, 'change': True}
2025-05-17 14:34:35,910 : INFO : EventManager : Event: ======'machine_var_audits_switches_s_plunger_lane'====== Args={'value': 64, 'prev_value': None, 'change': True}
2025-05-17 14:34:35,910 : INFO : EventManager : Event: ======'machine_var_audits_switches_s_plus'====== Args={'value': 0, 'prev_value': None, 'change': True}
2025-05-17 14:34:35,910 : INFO : EventManager : Event: ======'machine_var_audits_switches_s_popbumper_left'====== Args={'value': 108, 'prev_value': None, 'change': True}
2025-05-17 14:34:35,910 : INFO : EventManager : Event: ======'machine_var_audits_switches_s_popbumper_right'====== Args={'value': 129, 'prev_value': None, 'change': True}
2025-05-17 14:34:35,910 : INFO : EventManager : Event: ======'machine_var_audits_switches_s_right spinner'====== Args={'value': 57, 'prev_value': None, 'change': True}
2025-05-17 14:34:35,910 : INFO : EventManager : Event: ======'machine_var_audits_switches_s_right_coin'====== Args={'value': 0, 'prev_value': None, 'change': True}
2025-05-17 14:34:35,910 : INFO : EventManager : Event: ======'machine_var_audits_switches_s_right_flipper'====== Args={'value': 608, 'prev_value': None, 'change': True}
2025-05-17 14:34:35,910 : INFO : EventManager : Event: ======'machine_var_audits_switches_s_right_flipper_eos'====== Args={'value': 572, 'prev_value': None, 'change': True}
2025-05-17 14:34:35,910 : INFO : EventManager : Event: ======'machine_var_audits_switches_s_right_inlane'====== Args={'value': 0, 'prev_value': None, 'change': True}
2025-05-17 14:34:35,911 : INFO : EventManager : Event: ======'machine_var_audits_switches_s_right_magna'====== Args={'value': 153, 'prev_value': None, 'change': True}
2025-05-17 14:34:35,911 : INFO : EventManager : Event: ======'machine_var_audits_switches_s_right_orbit'====== Args={'value': 114, 'prev_value': None, 'change': True}
2025-05-17 14:34:35,911 : INFO : EventManager : Event: ======'machine_var_audits_switches_s_right_outlane'====== Args={'value': 0, 'prev_value': None, 'change': True}
2025-05-17 14:34:35,911 : INFO : EventManager : Event: ======'machine_var_audits_switches_s_right_sling'====== Args={'value': 158, 'prev_value': None, 'change': True}
2025-05-17 14:34:35,911 : INFO : EventManager : Event: ======'machine_var_audits_switches_s_right_top_target'====== Args={'value': 15, 'prev_value': None, 'change': True}
2025-05-17 14:34:35,911 : INFO : EventManager : Event: ======'machine_var_audits_switches_s_safe_vuk'====== Args={'value': 59, 'prev_value': None, 'change': True}
2025-05-17 14:34:35,911 : INFO : EventManager : Event: ======'machine_var_audits_switches_s_start'====== Args={'value': 31, 'prev_value': None, 'change': True}
2025-05-17 14:34:35,911 : INFO : EventManager : Event: ======'machine_var_audits_switches_s_target_2'====== Args={'value': 0, 'prev_value': None, 'change': True}
2025-05-17 14:34:35,911 : INFO : EventManager : Event: ======'machine_var_audits_switches_s_target_3'====== Args={'value': 0, 'prev_value': None, 'change': True}
2025-05-17 14:34:35,911 : INFO : EventManager : Event: ======'machine_var_audits_switches_s_tilt_bob'====== Args={'value': 0, 'prev_value': None, 'change': True}
2025-05-17 14:34:35,911 : INFO : EventManager : Event: ======'machine_var_audits_switches_s_top_flipper_eos'====== Args={'value': 559, 'prev_value': None, 'change': True}
2025-05-17 14:34:35,911 : INFO : EventManager : Event: ======'machine_var_audits_switches_s_top_flipper_hold'====== Args={'value': 0, 'prev_value': None, 'change': True}
2025-05-17 14:34:35,911 : INFO : EventManager : Event: ======'machine_var_audits_switches_s_trough1'====== Args={'value': 89, 'prev_value': None, 'change': True}
2025-05-17 14:34:35,911 : INFO : EventManager : Event: ======'machine_var_audits_switches_s_trough2'====== Args={'value': 55, 'prev_value': None, 'change': True}
2025-05-17 14:34:35,911 : INFO : EventManager : Event: ======'machine_var_audits_switches_s_trough3'====== Args={'value': 53, 'prev_value': None, 'change': True}
2025-05-17 14:34:35,911 : INFO : EventManager : Event: ======'machine_var_audits_switches_s_trough4'====== Args={'value': 53, 'prev_value': None, 'change': True}
2025-05-17 14:34:35,911 : INFO : EventManager : Event: ======'machine_var_audits_switches_s_trough5'====== Args={'value': 43, 'prev_value': None, 'change': True}
2025-05-17 14:34:35,911 : INFO : EventManager : Event: ======'machine_var_audits_switches_s_trough6'====== Args={'value': 43, 'prev_value': None, 'change': True}
2025-05-17 14:34:35,911 : INFO : EventManager : Event: ======'machine_var_audits_switches_s_trough_jam'====== Args={'value': 66, 'prev_value': None, 'change': True}
2025-05-17 14:34:35,912 : INFO : EventManager : Event: ======'machine_var_audits_switches_s_tunel_vuk'====== Args={'value': 114, 'prev_value': None, 'change': True}
2025-05-17 14:34:35,912 : INFO : EventManager : Event: ======'machine_var_audits_switches_swPlunger'====== Args={'value': 16, 'prev_value': None, 'change': True}
2025-05-17 14:34:35,912 : INFO : EventManager : Event: ======'init_phase_5'====== Args={}
2025-05-17 14:34:35,914 : INFO : EventManager : Event: ======'init_done'====== Args={}
2025-05-17 14:34:35,914 : INFO : EventManager : Event: ======'machine_reset_phase_1'====== Args={}
2025-05-17 14:34:35,914 : INFO : EventManager : Event: ======'machine_reset_phase_2'====== Args={}
2025-05-17 14:34:35,914 : INFO : EventManager : Event: ======'machine_reset_phase_3'====== Args={}
2025-05-17 14:34:35,914 : INFO : drop_target_bank.bank : All targets are already up. Will not reset bank.
2025-05-17 14:34:35,914 : INFO : EventManager : Event: ======'reset_complete'====== Args={}
2025-05-17 14:34:35,914 : INFO : EventManager : Event: ======'mode_attract_will_start'====== Args={}
2025-05-17 14:34:35,916 : INFO : EventManager : Event: ======'mode_attract_starting'====== Args={}
2025-05-17 14:34:35,916 : INFO : Mode.attract : Started. Priority: 10
2025-05-17 14:34:35,916 : INFO : EventManager : Event: ======'modes_active_modes_changed'====== Args={}
2025-05-17 14:34:35,916 : INFO : EventManager : Event: ======'mode_attract_started'====== Args={}
2025-05-17 14:34:35,917 : INFO : EventManager : Event: ======'collecting_balls_complete'====== Args={}
2025-05-17 14:34:35,917 : INFO : Machine : Starting the main run loop with active modes: [<Mode.attract>]
2025-05-17 14:34:45,412 : INFO : BcpServer : New client connected.
2025-05-17 14:34:59,221 : INFO : SwitchController : <<<<<<< 's_start' active >>>>>>>
2025-05-17 14:34:59,279 : INFO : SwitchController : <<<<<<< 's_start' inactive >>>>>>>
2025-05-17 14:34:59,279 : INFO : EventManager : Event: ======'request_to_start_game'====== Args={}
2025-05-17 14:34:59,280 : INFO : EventManager : Event: ======'game_start'====== Args={'buttons': [], 'hold_time': 0.06199999999807915}
2025-05-17 14:34:59,280 : INFO : EventManager : Event: ======'mode_game_will_start'====== Args={'buttons': [], 'hold_time': 0.06199999999807915}
2025-05-17 14:34:59,280 : INFO : EventManager : Event: ======'mode_game_starting'====== Args={'buttons': [], 'hold_time': 0.06199999999807915}
2025-05-17 14:34:59,280 : INFO : EventManager : Event: ======'mode_attract_will_stop'====== Args={}
2025-05-17 14:34:59,280 : INFO : EventManager : Event: ======'mode_attract_stopping'====== Args={}
2025-05-17 14:34:59,280 : INFO : Mode.attract : Stopped.
2025-05-17 14:34:59,280 : INFO : EventManager : Event: ======'modes_active_modes_changed'====== Args={}
2025-05-17 14:34:59,281 : INFO : EventManager : Event: ======'mode_attract_stopped'====== Args={}
2025-05-17 14:34:59,281 : INFO : EventManager : Event: ======'clear'====== Args={'key': 'attract'}
2025-05-17 14:34:59,281 : INFO : Mode.game : Started. Priority: 20
2025-05-17 14:34:59,281 : INFO : EventManager : Event: ======'modes_active_modes_changed'====== Args={}
2025-05-17 14:34:59,281 : INFO : EventManager : Event: ======'mode_game_started'====== Args={'buttons': [], 'hold_time': 0.06199999999807915}
2025-05-17 14:34:59,281 : INFO : EventManager : Event: ======'game_will_start'====== Args={}
2025-05-17 14:34:59,282 : INFO : EventManager : Event: ======'game_starting'====== Args={'game': <Mode.game>}
2025-05-17 14:34:59,282 : INFO : EventManager : Unordered handler for class <Auditor> on event game_ended with priority 1. Handlers: [RegisteredHandler(callback=<bound method Auditor.disable of <Auditor>>, priority=1, kwargs={}, key=UUID('417541ee-8e7c-43a1-aebd-e56f174c5f89'), condition=None, blocking_facility=None), RegisteredHandler(callback=<bound method Auditor._save_audits of <Auditor>>, priority=1, kwargs={}, key=UUID('ef81042f-ef6e-44be-a890-3bc19a7749be'), condition=None, blocking_facility=None)]. The order of those handlers is not defined and they will be executed in random order. This might lead to race conditions and potential bugs.
2025-05-17 14:34:59,282 : INFO : EventManager : Event: ======'player_add_request'====== Args={}
2025-05-17 14:34:59,283 : INFO : EventManager : Event: ======'player_will_add'====== Args={'number': 1}
2025-05-17 14:34:59,283 : INFO : EventManager : Event: ======'player_adding'====== Args={'player': <Player 1>, 'number': 1}
2025-05-17 14:34:59,283 : INFO : EventManager : Event: ======'player_added'====== Args={'player': <Player 1>, 'num': 1}
2025-05-17 14:34:59,283 : INFO : Mode.game : Player added successfully. Total players: 1
2025-05-17 14:34:59,283 : INFO : EventManager : Event: ======'player_index'====== Args={'value': 0, 'prev_value': 0, 'change': 0, 'player_num': 1}
2025-05-17 14:34:59,283 : INFO : EventManager : Event: ======'player_number'====== Args={'value': 1, 'prev_value': 1, 'change': 0, 'player_num': 1}
2025-05-17 14:34:59,283 : INFO : EventManager : Event: ======'player_score'====== Args={'value': 0, 'prev_value': 0, 'change': 0, 'player_num': 1}
2025-05-17 14:34:59,283 : INFO : EventManager : Event: ======'game_started'====== Args={}
2025-05-17 14:34:59,284 : INFO : EventManager : Event: ======'player_turn_will_start'====== Args={'player': <Player 1>, 'number': 1}
2025-05-17 14:34:59,284 : INFO : EventManager : Event: ======'player_turn_starting'====== Args={'player': <Player 1>, 'number': 1}
2025-05-17 14:34:59,284 : INFO : EventManager : Event: ======'player_ball'====== Args={'value': 1, 'prev_value': 0, 'change': 1, 'player_num': 1}
2025-05-17 14:34:59,285 : INFO : EventManager : Event: ======'player_turn_started'====== Args={'player': <Player 1>, 'number': 1}
2025-05-17 14:34:59,285 : INFO : EventManager : Event: ======'ball_will_start'====== Args={'player': 1, 'ball': 1, 'balls_remaining': 2, 'is_extra_ball': False}
2025-05-17 14:34:59,291 : INFO : EventManager : Event: ======'ball_starting'====== Args={'player': 1, 'ball': 1, 'balls_remaining': 2, 'is_extra_ball': False}
2025-05-17 14:34:59,293 : INFO : drop_target_bank.bank : All targets are already up. Will not reset bank.
2025-05-17 14:34:59,294 : INFO : EventManager : Event: ======'balls_in_play'====== Args={'balls': 1}
2025-05-17 14:34:59,294 : INFO : EventManager : Event: ======'ball_started'====== Args={'player': 1, 'ball': 1, 'balls_remaining': 2, 'is_extra_ball': False}
2025-05-17 14:34:59,295 : INFO : EventManager : Event: ======'mode_score_will_start'====== Args={'player': 1, 'ball': 1, 'balls_remaining': 2, 'is_extra_ball': False}
2025-05-17 14:34:59,295 : INFO : EventManager : Event: ======'mode_score_starting'====== Args={'player': 1, 'ball': 1, 'balls_remaining': 2, 'is_extra_ball': False}
2025-05-17 14:34:59,295 : INFO : EventManager : Event: ======'mode_base_will_start'====== Args={'player': 1, 'ball': 1, 'balls_remaining': 2, 'is_extra_ball': False}
2025-05-17 14:34:59,296 : INFO : EventManager : Event: ======'mode_base_starting'====== Args={'player': 1, 'ball': 1, 'balls_remaining': 2, 'is_extra_ball': False}
2025-05-17 14:34:59,296 : INFO : Mode.base : Started. Priority: 100
2025-05-17 14:34:59,296 : INFO : EventManager : Event: ======'modes_active_modes_changed'====== Args={}
2025-05-17 14:34:59,297 : INFO : EventManager : Event: ======'mode_base_started'====== Args={'player': 1, 'ball': 1, 'balls_remaining': 2, 'is_extra_ball': False}
2025-05-17 14:34:59,297 : INFO : Mode.score : Started. Priority: 110
2025-05-17 14:34:59,297 : INFO : EventManager : Event: ======'modes_active_modes_changed'====== Args={}
2025-05-17 14:34:59,297 : INFO : EventManager : Event: ======'mode_score_started'====== Args={'player': 1, 'ball': 1, 'balls_remaining': 2, 'is_extra_ball': False}
2025-05-17 14:34:59,297 : INFO : EventManager : Event: ======'single_player_ball_started'====== Args={}
2025-05-17 14:34:59,298 : INFO : EventManager : Event: ======'ball_start_target'====== Args={'target': 'playfield'}
2025-05-17 14:34:59,298 : INFO : ball_device.bd_plunger : Setting up player-controlled eject. Balls: 1, Target: <playfield.playfield>, player_controlled_eject_event: s_fire_active
2025-05-17 14:34:59,299 : INFO : EventManager : Event: ======'balldevice_balls_available'====== Args={}
2025-05-17 14:34:59,300 : INFO : ball_device.bd_trough : State: waiting_for_target_ready
2025-05-17 14:34:59,301 : INFO : EventManager : Event: ======'balldevice_bd_trough_ball_eject_attempt'====== Args={'balls': 1, 'target': <ball_device.bd_plunger>, 'source': <ball_device.bd_trough>, 'mechanical_eject': True, 'num_attempts': 0}
2025-05-17 14:34:59,301 : INFO : ball_device.bd_plunger : State: waiting_for_ball
2025-05-17 14:34:59,301 : INFO : ball_device.bd_trough : State: ejecting
2025-05-17 14:34:59,302 : INFO : ball_device.bd_trough : Ejecting ball to <ball_device.bd_plunger>
2025-05-17 14:34:59,302 : INFO : EventManager : Event: ======'balldevice_bd_trough_ejecting_ball'====== Args={'balls': 1, 'target': <ball_device.bd_plunger>, 'source': <ball_device.bd_trough>, 'mechanical_eject': True, 'num_attempts': 0}
2025-05-17 14:34:59,303 : INFO : ball_device.bd_trough : Wait for ball to leave device
2025-05-17 14:34:59,303 : INFO : coil.c_trough_eject : Pulsing Driver for 20ms (1.0 pulse_power)
2025-05-17 14:34:59,304 : INFO : SwitchController : <<<<<<< 's_trough1' inactive >>>>>>>
2025-05-17 14:34:59,304 : INFO : ball_device.bd_trough : State: ball_left
2025-05-17 14:34:59,305 : INFO : ball_device.bd_trough : Ball left
2025-05-17 14:34:59,305 : INFO : ball_device.bd_trough : Wait for confirm with timeout 10.0
2025-05-17 14:34:59,405 : INFO : SwitchController : <<<<<<< 's_plunger_lane' active >>>>>>>
2025-05-17 14:34:59,406 : INFO : EventManager : Event: ======'machine_var_audits_switches_s_plunger_lane'====== Args={'value': 65, 'prev_value': 64, 'change': 1}
2025-05-17 14:34:59,905 : INFO : ball_device.bd_plunger : Received ball from <ball_device.bd_trough>
2025-05-17 14:34:59,906 : INFO : EventManager : Event: ======'balldevice_bd_plunger_ball_enter'====== Args={'new_balls': 1, 'unclaimed_balls': 0, 'new_available_balls': 0, 'device': <ball_device.bd_plunger>}
2025-05-17 14:34:59,907 : INFO : EventManager : Event: ======'balldevice_bd_plunger_ball_entered'====== Args={'new_balls': 0, 'device': <ball_device.bd_plunger>}
2025-05-17 14:34:59,907 : INFO : EventManager : Event: ======'balldevice_bd_plunger_ball_count_changed'====== Args={'balls': 1}
2025-05-17 14:34:59,907 : INFO : ball_device.bd_trough : Got eject confirm
2025-05-17 14:34:59,907 : INFO : ball_device.bd_trough : Eject successful
2025-05-17 14:34:59,907 : INFO : EventManager : Event: ======'balldevice_bd_trough_ball_eject_success'====== Args={'balls': 1, 'target': <ball_device.bd_plunger>}
2025-05-17 14:34:59,908 : INFO : EventManager : Event: ======'balldevice_bd_trough_ball_count_changed'====== Args={'balls': 5}
2025-05-17 14:34:59,908 : INFO : ball_device.bd_trough : State: idle
2025-05-17 14:34:59,908 : INFO : ball_device.bd_plunger : State: waiting_for_target_ready
2025-05-17 14:34:59,908 : INFO : EventManager : Event: ======'balldevice_bd_plunger_ball_eject_attempt'====== Args={'balls': 1, 'target': <playfield.playfield>, 'source': <ball_device.bd_plunger>, 'mechanical_eject': True, 'num_attempts': 0}
2025-05-17 14:34:59,908 : INFO : ball_device.bd_plunger : State: ejecting
2025-05-17 14:34:59,908 : INFO : ball_device.bd_plunger : Ejecting ball to <playfield.playfield>
2025-05-17 14:34:59,908 : INFO : EventManager : Event: ======'balldevice_bd_plunger_ejecting_ball'====== Args={'balls': 1, 'target': <playfield.playfield>, 'source': <ball_device.bd_plunger>, 'mechanical_eject': True, 'num_attempts': 0}
2025-05-17 14:34:59,908 : INFO : ball_device.bd_plunger : Wait for ball to leave device
2025-05-17 14:35:00,502 : INFO : SwitchController : <<<<<<< 's_start' active >>>>>>>
2025-05-17 14:35:00,502 : INFO : EventManager : Event: ======'sw_start'====== Args={}
2025-05-17 14:35:00,502 : INFO : EventManager : Event: ======'machine_var_audits_switches_s_start'====== Args={'value': 32, 'prev_value': 31, 'change': 1}
2025-05-17 14:35:00,502 : INFO : EventManager : Event: ======'player_add_request'====== Args={}
2025-05-17 14:35:00,502 : INFO : EventManager : Event: ======'player_will_add'====== Args={'number': 2}
2025-05-17 14:35:00,502 : INFO : EventManager : Event: ======'player_adding'====== Args={'player': <Player 2>, 'number': 2}
2025-05-17 14:35:00,502 : INFO : EventManager : Event: ======'player_added'====== Args={'player': <Player 2>, 'num': 2}
2025-05-17 14:35:00,502 : INFO : Mode.game : Player added successfully. Total players: 2
2025-05-17 14:35:00,502 : INFO : EventManager : Event: ======'multiplayer_game'====== Args={}
2025-05-17 14:35:00,502 : INFO : EventManager : Event: ======'player_index'====== Args={'value': 1, 'prev_value': 1, 'change': 0, 'player_num': 2}
2025-05-17 14:35:00,502 : INFO : EventManager : Event: ======'player_number'====== Args={'value': 2, 'prev_value': 2, 'change': 0, 'player_num': 2}
2025-05-17 14:35:00,502 : INFO : EventManager : Event: ======'player_score'====== Args={'value': 0, 'prev_value': 0, 'change': 0, 'player_num': 2}
2025-05-17 14:35:00,572 : INFO : SwitchController : <<<<<<< 's_start' inactive >>>>>>>
2025-05-17 14:35:02,827 : INFO : SwitchController : <<<<<<< 's_trough1' active >>>>>>>
2025-05-17 14:35:02,827 : INFO : EventManager : Event: ======'machine_var_audits_switches_s_trough1'====== Args={'value': 90, 'prev_value': 89, 'change': 1}
2025-05-17 14:35:03,324 : INFO : EventManager : Event: ======'balldevice_bd_trough_ball_count_changed'====== Args={'balls': 6}
2025-05-17 14:35:03,324 : INFO : ball_device.bd_trough : Received unexpected ball
2025-05-17 14:35:03,324 : INFO : EventManager : Event: ======'balldevice_captured_from_playfield'====== Args={'balls': 1}
2025-05-17 14:35:03,325 : INFO : EventManager : Event: ======'sw_playfield_active'====== Args={'balls': 1}
2025-05-17 14:35:03,325 : INFO : EventManager : Event: ======'playfield_active'====== Args={'source': None}
2025-05-17 14:35:03,325 : INFO : EventManager : Event: ======'playfield_ball_count_change'====== Args={'balls': -1, 'change': -1}
2025-05-17 14:35:03,326 : INFO : EventManager : Event: ======'balldevice_playfield_ball_enter'====== Args={'new_balls': 1, 'unclaimed_balls': 1, 'device': <playfield.playfield>}
2025-05-17 14:35:03,326 : INFO : EventManager : Event: ======'playfield_ball_count_change'====== Args={'balls': 0, 'change': 1}
2025-05-17 14:35:03,326 : INFO : BallController : Found a new ball which was captured from playfield. Known balls: 7
2025-05-17 14:35:03,326 : INFO : EventManager : Event: ======'found_new_ball'====== Args={}
2025-05-17 14:35:03,326 : INFO : EventManager : Event: ======'balldevice_bd_trough_ball_enter'====== Args={'new_balls': 1, 'unclaimed_balls': 1, 'new_available_balls': 1, 'device': <ball_device.bd_trough>}
2025-05-17 14:35:03,326 : INFO : EventManager : Event: ======'ball_drain'====== Args={'device': <ball_device.bd_trough>, 'balls': 1}
2025-05-17 14:35:03,327 : INFO : EventManager : Event: ======'ball_will_end'====== Args={}
2025-05-17 14:35:03,327 : INFO : EventManager : Event: ======'balldevice_balls_available'====== Args={}
2025-05-17 14:35:03,327 : INFO : EventManager : Event: ======'balldevice_bd_trough_ball_entered'====== Args={'new_balls': 1, 'device': <ball_device.bd_trough>}
2025-05-17 14:35:03,328 : INFO : EventManager : Event: ======'ball_ending'====== Args={}
2025-05-17 14:35:03,329 : INFO : EventManager : Event: ======'mode_score_will_stop'====== Args={}
2025-05-17 14:35:03,329 : INFO : EventManager : Event: ======'mode_score_stopping'====== Args={}
2025-05-17 14:35:03,329 : INFO : EventManager : Event: ======'mode_base_will_stop'====== Args={}
2025-05-17 14:35:03,329 : INFO : EventManager : Event: ======'mode_base_stopping'====== Args={}
2025-05-17 14:35:03,330 : INFO : Mode.base : Stopped.
2025-05-17 14:35:03,330 : INFO : EventManager : Event: ======'modes_active_modes_changed'====== Args={}
2025-05-17 14:35:03,330 : INFO : EventManager : Event: ======'mode_base_stopped'====== Args={}
2025-05-17 14:35:03,331 : INFO : EventManager : Event: ======'clear'====== Args={'key': 'base'}
2025-05-17 14:35:03,331 : INFO : Mode.score : Stopped.
2025-05-17 14:35:03,332 : INFO : EventManager : Event: ======'modes_active_modes_changed'====== Args={}
2025-05-17 14:35:03,332 : INFO : EventManager : Event: ======'mode_score_stopped'====== Args={}
2025-05-17 14:35:03,332 : INFO : EventManager : Event: ======'clear'====== Args={'key': 'score'}
2025-05-17 14:35:03,332 : INFO : EventManager : Event: ======'ball_ended'====== Args={}
2025-05-17 14:35:03,332 : INFO : EventManager : Event: ======'player_turn_will_end'====== Args={'player': <Player 1>, 'number': 1}
2025-05-17 14:35:03,332 : INFO : EventManager : Event: ======'player_turn_ending'====== Args={'player': <Player 1>, 'number': 1}
2025-05-17 14:35:03,332 : INFO : EventManager : Event: ======'player_turn_ended'====== Args={'player': <Player 1>, 'number': 1}
2025-05-17 14:35:03,334 : INFO : EventManager : Event: ======'player_turn_will_start'====== Args={'player': <Player 2>, 'number': 2}
2025-05-17 14:35:03,334 : INFO : EventManager : Event: ======'player_turn_starting'====== Args={'player': <Player 2>, 'number': 2}
2025-05-17 14:35:03,335 : INFO : EventManager : Event: ======'player_ball'====== Args={'value': 1, 'prev_value': 0, 'change': 1, 'player_num': 2}
2025-05-17 14:35:03,335 : INFO : EventManager : Event: ======'player_turn_started'====== Args={'player': <Player 2>, 'number': 2}
2025-05-17 14:35:03,335 : INFO : EventManager : Event: ======'ball_will_start'====== Args={'player': 2, 'ball': 1, 'balls_remaining': 2, 'is_extra_ball': False}
2025-05-17 14:35:03,336 : INFO : BallController : Found 1 ball(s) on playfield.
2025-05-17 14:35:03,336 : WARNING : BallController : Playfields still contain balls. Waiting for those to drain.
2025-05-17 14:35:04,365 : INFO : BallController : Found 1 ball(s) on playfield.
2025-05-17 14:35:04,365 : WARNING : BallController : Playfields still contain balls. Waiting for those to drain.
2025-05-17 14:35:05,363 : INFO : BallController : Found 1 ball(s) on playfield.
2025-05-17 14:35:05,363 : WARNING : BallController : Playfields still contain balls. Waiting for those to drain.
2025-05-17 14:35:06,361 : INFO : BallController : Found 1 ball(s) on playfield.
2025-05-17 14:35:06,361 : WARNING : BallController : Playfields still contain balls. Waiting for those to drain.
2025-05-17 14:35:07,366 : INFO : BallController : Found 1 ball(s) on playfield.
2025-05-17 14:35:07,366 : WARNING : BallController : Playfields still contain balls. Waiting for those to drain.
2025-05-17 14:35:08,365 : INFO : BallController : Found 1 ball(s) on playfield.
2025-05-17 14:35:08,366 : WARNING : BallController : Playfields still contain balls. Waiting for those to drain.
2025-05-17 14:35:09,366 : INFO : BallController : Found 1 ball(s) on playfield.
2025-05-17 14:35:09,366 : WARNING : BallController : Playfields still contain balls. Waiting for those to drain.
2025-05-17 14:35:10,336 : INFO : BallController : Found 1 ball(s) on playfield.
2025-05-17 14:35:10,336 : WARNING : BallController : Playfields still contain balls. Waiting for those to drain.
2025-05-17 14:35:11,338 : INFO : BallController : Found 1 ball(s) on playfield.
2025-05-17 14:35:11,338 : WARNING : BallController : Playfields still contain balls. Waiting for those to drain.
2025-05-17 14:35:12,338 : INFO : BallController : Found 1 ball(s) on playfield.
2025-05-17 14:35:12,338 : WARNING : BallController : Playfields still contain balls. Waiting for those to drain.
2025-05-17 14:35:12,758 : INFO : Machine : Shutting down...
2025-05-17 14:35:12,758 : INFO : EventManager : Event: ======'shutdown'====== Args={}
2025-05-17 14:35:12,758 : INFO : EventManager : Event: ======'mode_game_will_stop'====== Args={}
2025-05-17 14:35:12,760 : INFO : EventManager : Event: ======'mode_game_stopping'====== Args={}
2025-05-17 14:35:12,760 : INFO : Mode.game : Stopped.
2025-05-17 14:35:12,760 : INFO : EventManager : Event: ======'modes_active_modes_changed'====== Args={}
2025-05-17 14:35:12,760 : INFO : EventManager : Event: ======'mode_game_stopped'====== Args={}
2025-05-17 14:35:12,760 : INFO : EventManager : Event: ======'clear'====== Args={'key': 'game'}
2025-05-17 14:35:12,763 : INFO : root : MPF run loop ended.
