2025-11-20 14:57:00,305 : INFO : root : Loading config.
2025-11-20 14:57:00,314 : INFO : YamlMultifileConfigLoader : Machine config file #1: config.yaml
2025-11-20 14:57:00,315 : INFO : ConfigProcessor : Loading config from cache: C:\Users\carr-\AppData\Local\Temp\23e177fce4903a9a69d69f474fa748a1.mpf_cache
2025-11-20 14:57:00,423 : WARNING : ConfigProcessor : Config file in cache changed: C:\Users\carr-\Documents\development\diehard-mpf\modes\attract\config\attract.yaml
2025-11-20 14:57:00,423 : INFO : ConfigProcessor : Loading config from file C:\Users\carr-\Documents\development\mpf080\mpf\modes\attract\config\attract.yaml.
2025-11-20 14:57:00,432 : INFO : ConfigProcessor : Loading config: C:\Users\carr-\Documents\development\mpf080\mpf\modes\attract\config\attract.yaml
2025-11-20 14:57:00,432 : INFO : ConfigProcessor : Loading config from file C:\Users\carr-\Documents\development\diehard-mpf\modes\attract\config\attract.yaml.
2025-11-20 14:57:00,433 : INFO : ConfigProcessor : Loading config: C:\Users\carr-\Documents\development\diehard-mpf\modes\attract\config\attract.yaml
2025-11-20 14:57:00,433 : INFO : ConfigProcessor : Config file cache created: C:\Users\carr-\AppData\Local\Temp\2f9bbeccf93c71693a410725897ab70d.mpf_cache
2025-11-20 14:57:00,435 : INFO : ConfigProcessor : Loading config from cache: C:\Users\carr-\AppData\Local\Temp\71986c9cb54d44e1ee87b7d4d0f68024.mpf_cache
2025-11-20 14:57:00,445 : INFO : ConfigProcessor : Loading config from cache: C:\Users\carr-\AppData\Local\Temp\2f9bbeccf93c71693a410725897ab70d.mpf_cache
2025-11-20 14:57:00,456 : WARNING : ConfigProcessor : Config file in cache changed: C:\Users\carr-\Documents\development\diehard-mpf\modes\base\config\base.yaml
2025-11-20 14:57:00,456 : INFO : ConfigProcessor : Loading config from file C:\Users\carr-\Documents\development\diehard-mpf\modes\base\config\base.yaml.
2025-11-20 14:57:00,462 : INFO : ConfigProcessor : Loading config: C:\Users\carr-\Documents\development\diehard-mpf\modes\base\config\base.yaml
2025-11-20 14:57:00,463 : INFO : ConfigProcessor : Config file cache created: C:\Users\carr-\AppData\Local\Temp\460998002e273cec26232c9157d92984.mpf_cache
2025-11-20 14:57:00,464 : WARNING : ConfigProcessor : Config file in cache changed: C:\Users\carr-\Documents\development\diehard-mpf\modes\holly\config\holly.yaml
2025-11-20 14:57:00,464 : INFO : ConfigProcessor : Loading config from file C:\Users\carr-\Documents\development\diehard-mpf\modes\holly\config\holly.yaml.
2025-11-20 14:57:00,466 : INFO : ConfigProcessor : Loading config: C:\Users\carr-\Documents\development\diehard-mpf\modes\holly\config\holly.yaml
2025-11-20 14:57:00,466 : INFO : ConfigProcessor : Config file cache created: C:\Users\carr-\AppData\Local\Temp\1113c1d20ec4e70f79a7ed8de50ab69e.mpf_cache
2025-11-20 14:57:00,467 : WARNING : ConfigProcessor : Config file in cache changed: C:\Users\carr-\Documents\development\diehard-mpf\modes\score\config\score.yaml
2025-11-20 14:57:00,467 : INFO : ConfigProcessor : Loading config from file C:\Users\carr-\Documents\development\diehard-mpf\modes\score\config\score.yaml.
2025-11-20 14:57:00,469 : INFO : ConfigProcessor : Loading config: C:\Users\carr-\Documents\development\diehard-mpf\modes\score\config\score.yaml
2025-11-20 14:57:00,469 : INFO : ConfigProcessor : Config file cache created: C:\Users\carr-\AppData\Local\Temp\668dbdbfcbfe997663fcbdfe0871c0b4.mpf_cache
2025-11-20 14:57:00,470 : WARNING : ConfigProcessor : Config file in cache changed: C:\Users\carr-\Documents\development\diehard-mpf\shows\.\attract_christmas.yaml
2025-11-20 14:57:00,470 : INFO : ConfigProcessor : Loading config from file C:\Users\carr-\Documents\development\diehard-mpf\shows\.\attract_christmas.yaml.
2025-11-20 14:57:00,523 : INFO : ConfigProcessor : Loading config: C:\Users\carr-\Documents\development\diehard-mpf\shows\.\attract_christmas.yaml
2025-11-20 14:57:00,525 : INFO : ConfigProcessor : Config file cache created: C:\Users\carr-\AppData\Local\Temp\6a4847c7210b75a304ae3e1d0e125b6a.mpf_cache
2025-11-20 14:57:00,525 : WARNING : ConfigProcessor : Config file in cache changed: C:\Users\carr-\Documents\development\diehard-mpf\shows\.\fade_led_color.yaml
2025-11-20 14:57:00,526 : INFO : ConfigProcessor : Loading config from file C:\Users\carr-\Documents\development\diehard-mpf\shows\.\fade_led_color.yaml.
2025-11-20 14:57:00,526 : INFO : ConfigProcessor : Loading config: C:\Users\carr-\Documents\development\diehard-mpf\shows\.\fade_led_color.yaml
2025-11-20 14:57:00,527 : INFO : ConfigProcessor : Config file cache created: C:\Users\carr-\AppData\Local\Temp\5bdb9da15c9005c4036d70c7ddf4c03f.mpf_cache
2025-11-20 14:57:00,527 : WARNING : ConfigProcessor : Config file in cache changed: C:\Users\carr-\Documents\development\diehard-mpf\shows\.\fade_rgb_test.yaml
2025-11-20 14:57:00,527 : INFO : ConfigProcessor : Loading config from file C:\Users\carr-\Documents\development\diehard-mpf\shows\.\fade_rgb_test.yaml.
2025-11-20 14:57:00,528 : INFO : ConfigProcessor : Loading config: C:\Users\carr-\Documents\development\diehard-mpf\shows\.\fade_rgb_test.yaml
2025-11-20 14:57:00,528 : INFO : ConfigProcessor : Config file cache created: C:\Users\carr-\AppData\Local\Temp\4ef2cae97e908c683695ed521c4a6650.mpf_cache
2025-11-20 14:57:00,529 : WARNING : ConfigProcessor : Config file in cache changed: C:\Users\carr-\Documents\development\diehard-mpf\shows\.\flash_left_bumper.yaml
2025-11-20 14:57:00,529 : INFO : ConfigProcessor : Loading config from file C:\Users\carr-\Documents\development\diehard-mpf\shows\.\flash_left_bumper.yaml.
2025-11-20 14:57:00,529 : INFO : ConfigProcessor : Loading config: C:\Users\carr-\Documents\development\diehard-mpf\shows\.\flash_left_bumper.yaml
2025-11-20 14:57:00,531 : INFO : ConfigProcessor : Config file cache created: C:\Users\carr-\AppData\Local\Temp\3fafba5daebe73845f095f892a673873.mpf_cache
2025-11-20 14:57:00,531 : WARNING : ConfigProcessor : Config file in cache changed: C:\Users\carr-\Documents\development\diehard-mpf\shows\.\flash_right_bumper.yaml
2025-11-20 14:57:00,531 : INFO : ConfigProcessor : Loading config from file C:\Users\carr-\Documents\development\diehard-mpf\shows\.\flash_right_bumper.yaml.
2025-11-20 14:57:00,532 : INFO : ConfigProcessor : Loading config: C:\Users\carr-\Documents\development\diehard-mpf\shows\.\flash_right_bumper.yaml
2025-11-20 14:57:00,533 : INFO : ConfigProcessor : Config file cache created: C:\Users\carr-\AppData\Local\Temp\c01a61b73c292b8700a32cafeda2e6a0.mpf_cache
2025-11-20 14:57:00,534 : WARNING : ConfigProcessor : Config file in cache changed: C:\Users\carr-\Documents\development\diehard-mpf\shows\.\flicker_color.yaml
2025-11-20 14:57:00,534 : INFO : ConfigProcessor : Loading config from file C:\Users\carr-\Documents\development\diehard-mpf\shows\.\flicker_color.yaml.
2025-11-20 14:57:00,535 : INFO : ConfigProcessor : Loading config: C:\Users\carr-\Documents\development\diehard-mpf\shows\.\flicker_color.yaml
2025-11-20 14:57:00,535 : INFO : ConfigProcessor : Config file cache created: C:\Users\carr-\AppData\Local\Temp\3675271a3c90b9f1f0f947db698ba341.mpf_cache
2025-11-20 14:57:00,536 : INFO : Machine : Mission Pinball Framework Core Engine v0.80.0.dev6
2025-11-20 14:57:00,536 : INFO : Machine : Command line arguments: {'no_load_cache': False, 'create_config_cache': True, 'bcp': False, 'configfile': ['config.yaml'], 'force_assets_load': False, 'platform_integration_test': False, 'jsonlogging': False, 'logfile': 'logs\\2025-11-20-14-57-00-mpf-LAPTOP-99TN7EPH.log', 'pause': False, 'production': False, 'text_ui': False, 'loglevel': 15, 'consoleloglevel': 10, 'force_platform': 'smart_virtual', 'syslog_address': None, 'full_logfile_path': 'C:\\Users\\carr-\\Documents\\development\\diehard-mpf\\logs\\2025-11-20-14-57-00-mpf-LAPTOP-99TN7EPH.log'}
2025-11-20 14:57:00,536 : INFO : Machine : MPF path: C:\Users\carr-\Documents\development\mpf080\mpf
2025-11-20 14:57:00,536 : INFO : Machine : Machine path: C:\Users\carr-\Documents\development\diehard-mpf
2025-11-20 14:57:00,537 : INFO : Machine : Platform: win32
2025-11-20 14:57:00,537 : INFO : Machine : Python executable location: C:\Users\carr-\Documents\development\mpf080\mpfenv\Scripts\python.exe
2025-11-20 14:57:00,537 : INFO : Machine : Python version: 3.9.13 (64-bit)
2025-11-20 14:57:00,540 : INFO : Machine : Initializing MPF...
2025-11-20 14:57:00,754 : INFO : EventManager : Event: ======'machine_var_credits_string'====== Args={'value': 'FREE PLAY', 'prev_value': None, 'change': True}
2025-11-20 14:57:00,783 : INFO : EventManager : Event: ======'machine_var_fast_audio_headphones_volume'====== Args={'value': 10, 'prev_value': None, 'change': True}
2025-11-20 14:57:00,783 : INFO : EventManager : Event: ======'machine_var_fast_audio_main_volume'====== Args={'value': 60, 'prev_value': None, 'change': True}
2025-11-20 14:57:00,783 : INFO : EventManager : Event: ======'machine_var_master_volume'====== Args={'value': 0.5, 'prev_value': None, 'change': True}
2025-11-20 14:57:00,783 : INFO : EventManager : Event: ======'machine_var_player1_score'====== Args={'value': 17120, 'prev_value': None, 'change': True}
2025-11-20 14:57:00,783 : INFO : EventManager : Event: ======'machine_var_var_which_attract'====== Args={'value': 0, 'prev_value': None, 'change': True}
2025-11-20 14:57:00,783 : INFO : EventManager : Event: ======'machine_var_mpf_version'====== Args={'value': 'Mission Pinball Framework v0.80.0.dev6', 'prev_value': None, 'change': True}
2025-11-20 14:57:00,783 : INFO : EventManager : Event: ======'machine_var_mpf_extended_version'====== Args={'value': 'Mission Pinball Framework v0.80.0.dev6, Config version:6, Show version: 6, BCP version:1.1', 'prev_value': None, 'change': True}
2025-11-20 14:57:00,783 : INFO : EventManager : Event: ======'machine_var_python_version'====== Args={'value': '3.9.13', 'prev_value': None, 'change': True}
2025-11-20 14:57:00,831 : INFO : EventManager : Event: ======'machine_var_platform'====== Args={'value': 'Windows-10-10.0.26100-SP0', 'prev_value': None, 'change': True}
2025-11-20 14:57:00,832 : INFO : EventManager : Event: ======'machine_var_platform_system'====== Args={'value': 'Windows', 'prev_value': None, 'change': True}
2025-11-20 14:57:00,832 : INFO : EventManager : Event: ======'machine_var_platform_release'====== Args={'value': '10', 'prev_value': None, 'change': True}
2025-11-20 14:57:00,832 : INFO : EventManager : Event: ======'machine_var_platform_version'====== Args={'value': '10.0.26100', 'prev_value': None, 'change': True}
2025-11-20 14:57:00,832 : INFO : EventManager : Event: ======'machine_var_platform_machine'====== Args={'value': 'AMD64', 'prev_value': None, 'change': True}
2025-11-20 14:57:00,832 : INFO : EventManager : Event: ======'machine_var_log_file_path'====== Args={'value': 'C:\\Users\\carr-\\Documents\\development\\diehard-mpf\\logs\\2025-11-20-14-57-00-mpf-LAPTOP-99TN7EPH.log', 'prev_value': None, 'change': True}
2025-11-20 14:57:00,832 : INFO : EventManager : Event: ======'init_phase_1'====== Args={}
2025-11-20 14:57:00,874 : INFO : EventManager : Event: ======'drop_target_bank_bank_up'====== Args={}
2025-11-20 14:57:00,874 : INFO : EventManager : Event: ======'drop_target_bank_bank1_up'====== Args={}
2025-11-20 14:57:00,874 : INFO : EventManager : Event: ======'drop_target_bank_bank2_up'====== Args={}
2025-11-20 14:57:00,874 : INFO : EventManager : Event: ======'init_phase_2'====== Args={}
2025-11-20 14:57:00,876 : INFO : SwitchController : Found active switch: ('d-29', <Platform.SmartVirtual>) <switch.s_trough1>
2025-11-20 14:57:00,876 : INFO : SwitchController : Found active switch: ('d-24', <Platform.SmartVirtual>) <switch.s_trough2>
2025-11-20 14:57:00,876 : INFO : SwitchController : Found active switch: ('d-25', <Platform.SmartVirtual>) <switch.s_trough3>
2025-11-20 14:57:00,876 : INFO : SwitchController : Found active switch: ('d-26', <Platform.SmartVirtual>) <switch.s_trough4>
2025-11-20 14:57:00,876 : INFO : SwitchController : Found active switch: ('d-27', <Platform.SmartVirtual>) <switch.s_trough5>
2025-11-20 14:57:00,876 : INFO : SwitchController : Found active switch: ('d-28', <Platform.SmartVirtual>) <switch.s_trough6>
2025-11-20 14:57:00,880 : INFO : ball_device.bd_trough : BCH: Initial count: 6
2025-11-20 14:57:00,880 : INFO : ball_device.bd_trough : State: idle
2025-11-20 14:57:00,881 : INFO : ball_device.bd_plunger : BCH: Initial count: 0
2025-11-20 14:57:00,881 : INFO : ball_device.bd_plunger : State: idle
2025-11-20 14:57:00,881 : INFO : ball_device.kickervault1_eject : BCH: Initial count: 0
2025-11-20 14:57:00,882 : INFO : ball_device.kickervault1_eject : State: idle
2025-11-20 14:57:00,882 : INFO : ball_device.rightkicker : BCH: Initial count: 0
2025-11-20 14:57:00,882 : INFO : ball_device.rightkicker : State: idle
2025-11-20 14:57:00,882 : INFO : ball_device.UrampUp001 : BCH: Initial count: 0
2025-11-20 14:57:00,882 : INFO : ball_device.UrampUp001 : State: idle
2025-11-20 14:57:00,882 : INFO : ball_device.rightvuk : BCH: Initial count: 0
2025-11-20 14:57:00,882 : INFO : ball_device.rightvuk : State: idle
2025-11-20 14:57:00,883 : INFO : ball_device.towervuk : BCH: Initial count: 0
2025-11-20 14:57:00,883 : INFO : ball_device.towervuk : State: idle
2025-11-20 14:57:00,883 : INFO : ball_device.airplane : BCH: Initial count: 0
2025-11-20 14:57:00,883 : INFO : ball_device.airplane : State: idle
2025-11-20 14:57:00,898 : INFO : EventManager : Event: ======'init_phase_3'====== Args={}
2025-11-20 14:57:00,941 : INFO : EventManager : Event: ======'init_phase_4'====== Args={}
2025-11-20 14:57:00,942 : INFO : BallController : Initial balls found: 6
2025-11-20 14:57:00,943 : INFO : EventManager : Event: ======'machine_var_audits_events_game_ended'====== Args={'value': 20, 'prev_value': None, 'change': True}
2025-11-20 14:57:00,944 : INFO : EventManager : Event: ======'machine_var_audits_events_game_started'====== Args={'value': 83, 'prev_value': None, 'change': True}
2025-11-20 14:57:00,944 : INFO : EventManager : Event: ======'machine_var_audits_missing_switches_SpinnerLeft'====== Args={'value': 2, 'prev_value': None, 'change': True}
2025-11-20 14:57:00,944 : INFO : EventManager : Event: ======'machine_var_audits_missing_switches_SpinnerRight'====== Args={'value': 2, 'prev_value': None, 'change': True}
2025-11-20 14:57:00,944 : INFO : EventManager : Event: ======'machine_var_audits_missing_switches_s_AirDuctEnter001'====== Args={'value': 4, 'prev_value': None, 'change': True}
2025-11-20 14:57:00,944 : INFO : EventManager : Event: ======'machine_var_audits_missing_switches_s_TrPF1'====== Args={'value': 5, 'prev_value': None, 'change': True}
2025-11-20 14:57:00,944 : INFO : EventManager : Event: ======'machine_var_audits_missing_switches_s_TrPF2'====== Args={'value': 5, 'prev_value': None, 'change': True}
2025-11-20 14:57:00,944 : INFO : EventManager : Event: ======'machine_var_audits_missing_switches_s_TrPF3'====== Args={'value': 5, 'prev_value': None, 'change': True}
2025-11-20 14:57:00,944 : INFO : EventManager : Event: ======'machine_var_audits_missing_switches_s_UrampUp001'====== Args={'value': 5, 'prev_value': None, 'change': True}
2025-11-20 14:57:00,944 : INFO : EventManager : Event: ======'machine_var_audits_missing_switches_s_airplane'====== Args={'value': 1, 'prev_value': None, 'change': True}
2025-11-20 14:57:00,944 : INFO : EventManager : Event: ======'machine_var_audits_missing_switches_s_bottom_left_inner_drain'====== Args={'value': 1, 'prev_value': None, 'change': True}
2025-11-20 14:57:00,944 : INFO : EventManager : Event: ======'machine_var_audits_missing_switches_s_bottom_left_outer_drain'====== Args={'value': 2, 'prev_value': None, 'change': True}
2025-11-20 14:57:00,944 : INFO : EventManager : Event: ======'machine_var_audits_missing_switches_s_bottom_right_inner_drain'====== Args={'value': 1, 'prev_value': None, 'change': True}
2025-11-20 14:57:00,944 : INFO : EventManager : Event: ======'machine_var_audits_missing_switches_s_captiveball'====== Args={'value': 5, 'prev_value': None, 'change': True}
2025-11-20 14:57:00,944 : INFO : EventManager : Event: ======'machine_var_audits_missing_switches_s_door'====== Args={'value': 6, 'prev_value': None, 'change': True}
2025-11-20 14:57:00,944 : INFO : EventManager : Event: ======'machine_var_audits_missing_switches_s_door_tilt'====== Args={'value': 6, 'prev_value': None, 'change': True}
2025-11-20 14:57:00,944 : INFO : EventManager : Event: ======'machine_var_audits_missing_switches_s_drop_target_1'====== Args={'value': 5, 'prev_value': None, 'change': True}
2025-11-20 14:57:00,944 : INFO : EventManager : Event: ======'machine_var_audits_missing_switches_s_drop_target_2'====== Args={'value': 5, 'prev_value': None, 'change': True}
2025-11-20 14:57:00,944 : INFO : EventManager : Event: ======'machine_var_audits_missing_switches_s_drop_target_3'====== Args={'value': 4, 'prev_value': None, 'change': True}
2025-11-20 14:57:00,944 : INFO : EventManager : Event: ======'machine_var_audits_missing_switches_s_enter'====== Args={'value': 83, 'prev_value': None, 'change': True}
2025-11-20 14:57:00,944 : INFO : EventManager : Event: ======'machine_var_audits_missing_switches_s_escape'====== Args={'value': 83, 'prev_value': None, 'change': True}
2025-11-20 14:57:00,944 : INFO : EventManager : Event: ======'machine_var_audits_missing_switches_s_fire'====== Args={'value': 4, 'prev_value': None, 'change': True}
2025-11-20 14:57:00,944 : INFO : EventManager : Event: ======'machine_var_audits_missing_switches_s_highvuk'====== Args={'value': 3, 'prev_value': None, 'change': True}
2025-11-20 14:57:00,944 : INFO : EventManager : Event: ======'machine_var_audits_missing_switches_s_holly_h'====== Args={'value': 4, 'prev_value': None, 'change': True}
2025-11-20 14:57:00,944 : INFO : EventManager : Event: ======'machine_var_audits_missing_switches_s_holly_l'====== Args={'value': 4, 'prev_value': None, 'change': True}
2025-11-20 14:57:00,944 : INFO : EventManager : Event: ======'machine_var_audits_missing_switches_s_holly_l1'====== Args={'value': 3, 'prev_value': None, 'change': True}
2025-11-20 14:57:00,944 : INFO : EventManager : Event: ======'machine_var_audits_missing_switches_s_holly_l_1'====== Args={'value': 3, 'prev_value': None, 'change': True}
2025-11-20 14:57:00,945 : INFO : EventManager : Event: ======'machine_var_audits_missing_switches_s_holly_o'====== Args={'value': 4, 'prev_value': None, 'change': True}
2025-11-20 14:57:00,945 : INFO : EventManager : Event: ======'machine_var_audits_missing_switches_s_holly_y'====== Args={'value': 4, 'prev_value': None, 'change': True}
2025-11-20 14:57:00,945 : INFO : EventManager : Event: ======'machine_var_audits_missing_switches_s_kickervault1'====== Args={'value': 5, 'prev_value': None, 'change': True}
2025-11-20 14:57:00,945 : INFO : EventManager : Event: ======'machine_var_audits_missing_switches_s_left_coin'====== Args={'value': 83, 'prev_value': None, 'change': True}
2025-11-20 14:57:00,945 : INFO : EventManager : Event: ======'machine_var_audits_missing_switches_s_left_flipper'====== Args={'value': 4, 'prev_value': None, 'change': True}
2025-11-20 14:57:00,945 : INFO : EventManager : Event: ======'machine_var_audits_missing_switches_s_left_flipper_eos'====== Args={'value': 4, 'prev_value': None, 'change': True}
2025-11-20 14:57:00,945 : INFO : EventManager : Event: ======'machine_var_audits_missing_switches_s_left_inlane'====== Args={'value': 24, 'prev_value': None, 'change': True}
2025-11-20 14:57:00,945 : INFO : EventManager : Event: ======'machine_var_audits_missing_switches_s_left_magna'====== Args={'value': 1, 'prev_value': None, 'change': True}
2025-11-20 14:57:00,945 : INFO : EventManager : Event: ======'machine_var_audits_missing_switches_s_left_orbit'====== Args={'value': 3, 'prev_value': None, 'change': True}
2025-11-20 14:57:00,945 : INFO : EventManager : Event: ======'machine_var_audits_missing_switches_s_left_orbit2'====== Args={'value': 18, 'prev_value': None, 'change': True}
2025-11-20 14:57:00,945 : INFO : EventManager : Event: ======'machine_var_audits_missing_switches_s_left_outlane'====== Args={'value': 24, 'prev_value': None, 'change': True}
2025-11-20 14:57:00,945 : INFO : EventManager : Event: ======'machine_var_audits_missing_switches_s_left_sling'====== Args={'value': 3, 'prev_value': None, 'change': True}
2025-11-20 14:57:00,945 : INFO : EventManager : Event: ======'machine_var_audits_missing_switches_s_left_slingshot'====== Args={'value': 1, 'prev_value': None, 'change': True}
2025-11-20 14:57:00,945 : INFO : EventManager : Event: ======'machine_var_audits_missing_switches_s_left_top_target'====== Args={'value': 1, 'prev_value': None, 'change': True}
2025-11-20 14:57:00,945 : INFO : EventManager : Event: ======'machine_var_audits_missing_switches_s_mid_orbit'====== Args={'value': 15, 'prev_value': None, 'change': True}
2025-11-20 14:57:00,945 : INFO : EventManager : Event: ======'machine_var_audits_missing_switches_s_middle_top_target'====== Args={'value': 1, 'prev_value': None, 'change': True}
2025-11-20 14:57:00,945 : INFO : EventManager : Event: ======'machine_var_audits_missing_switches_s_minus'====== Args={'value': 83, 'prev_value': None, 'change': True}
2025-11-20 14:57:00,945 : INFO : EventManager : Event: ======'machine_var_audits_missing_switches_s_nakatomi_lock_ball_count'====== Args={'value': 5, 'prev_value': None, 'change': True}
2025-11-20 14:57:00,945 : INFO : EventManager : Event: ======'machine_var_audits_missing_switches_s_plus'====== Args={'value': 83, 'prev_value': None, 'change': True}
2025-11-20 14:57:00,945 : INFO : EventManager : Event: ======'machine_var_audits_missing_switches_s_push_drop_target_4'====== Args={'value': 4, 'prev_value': None, 'change': True}
2025-11-20 14:57:00,945 : INFO : EventManager : Event: ======'machine_var_audits_missing_switches_s_push_drop_target_5'====== Args={'value': 5, 'prev_value': None, 'change': True}
2025-11-20 14:57:00,945 : INFO : EventManager : Event: ======'machine_var_audits_missing_switches_s_right_coin'====== Args={'value': 83, 'prev_value': None, 'change': True}
2025-11-20 14:57:00,945 : INFO : EventManager : Event: ======'machine_var_audits_missing_switches_s_right_flipper'====== Args={'value': 4, 'prev_value': None, 'change': True}
2025-11-20 14:57:00,945 : INFO : EventManager : Event: ======'machine_var_audits_missing_switches_s_right_flipper_eos'====== Args={'value': 5, 'prev_value': None, 'change': True}
2025-11-20 14:57:00,945 : INFO : EventManager : Event: ======'machine_var_audits_missing_switches_s_right_inlane'====== Args={'value': 24, 'prev_value': None, 'change': True}
2025-11-20 14:57:00,945 : INFO : EventManager : Event: ======'machine_var_audits_missing_switches_s_right_magna'====== Args={'value': 1, 'prev_value': None, 'change': True}
2025-11-20 14:57:00,945 : INFO : EventManager : Event: ======'machine_var_audits_missing_switches_s_right_orbit'====== Args={'value': 3, 'prev_value': None, 'change': True}
2025-11-20 14:57:00,945 : INFO : EventManager : Event: ======'machine_var_audits_missing_switches_s_right_orbit2'====== Args={'value': 18, 'prev_value': None, 'change': True}
2025-11-20 14:57:00,945 : INFO : EventManager : Event: ======'machine_var_audits_missing_switches_s_right_outlane'====== Args={'value': 24, 'prev_value': None, 'change': True}
2025-11-20 14:57:00,946 : INFO : EventManager : Event: ======'machine_var_audits_missing_switches_s_right_sling'====== Args={'value': 3, 'prev_value': None, 'change': True}
2025-11-20 14:57:00,946 : INFO : EventManager : Event: ======'machine_var_audits_missing_switches_s_right_slingshot'====== Args={'value': 2, 'prev_value': None, 'change': True}
2025-11-20 14:57:00,946 : INFO : EventManager : Event: ======'machine_var_audits_missing_switches_s_right_top_target'====== Args={'value': 1, 'prev_value': None, 'change': True}
2025-11-20 14:57:00,946 : INFO : EventManager : Event: ======'machine_var_audits_missing_switches_s_rightkicker'====== Args={'value': 5, 'prev_value': None, 'change': True}
2025-11-20 14:57:00,946 : INFO : EventManager : Event: ======'machine_var_audits_missing_switches_s_rightvuk'====== Args={'value': 5, 'prev_value': None, 'change': True}
2025-11-20 14:57:00,946 : INFO : EventManager : Event: ======'machine_var_audits_missing_switches_s_safe_vuk'====== Args={'value': 3, 'prev_value': None, 'change': True}
2025-11-20 14:57:00,946 : INFO : EventManager : Event: ======'machine_var_audits_missing_switches_s_spinnerleft'====== Args={'value': 1, 'prev_value': None, 'change': True}
2025-11-20 14:57:00,946 : INFO : EventManager : Event: ======'machine_var_audits_missing_switches_s_spinnerright'====== Args={'value': 1, 'prev_value': None, 'change': True}
2025-11-20 14:57:00,946 : INFO : EventManager : Event: ======'machine_var_audits_missing_switches_s_start'====== Args={'value': 6, 'prev_value': None, 'change': True}
2025-11-20 14:57:00,946 : INFO : EventManager : Event: ======'machine_var_audits_missing_switches_s_swDivParkp'====== Args={'value': 5, 'prev_value': None, 'change': True}
2025-11-20 14:57:00,946 : INFO : EventManager : Event: ======'machine_var_audits_missing_switches_s_swleftinlane'====== Args={'value': 5, 'prev_value': None, 'change': True}
2025-11-20 14:57:00,946 : INFO : EventManager : Event: ======'machine_var_audits_missing_switches_s_swleftorb1'====== Args={'value': 1, 'prev_value': None, 'change': True}
2025-11-20 14:57:00,946 : INFO : EventManager : Event: ======'machine_var_audits_missing_switches_s_swleftorb2'====== Args={'value': 1, 'prev_value': None, 'change': True}
2025-11-20 14:57:00,946 : INFO : EventManager : Event: ======'machine_var_audits_missing_switches_s_swleftoutlane'====== Args={'value': 5, 'prev_value': None, 'change': True}
2025-11-20 14:57:00,946 : INFO : EventManager : Event: ======'machine_var_audits_missing_switches_s_swmidorb'====== Args={'value': 5, 'prev_value': None, 'change': True}
2025-11-20 14:57:00,946 : INFO : EventManager : Event: ======'machine_var_audits_missing_switches_s_swrightinlane'====== Args={'value': 4, 'prev_value': None, 'change': True}
2025-11-20 14:57:00,946 : INFO : EventManager : Event: ======'machine_var_audits_missing_switches_s_swrightorb1'====== Args={'value': 1, 'prev_value': None, 'change': True}
2025-11-20 14:57:00,946 : INFO : EventManager : Event: ======'machine_var_audits_missing_switches_s_swrightorb2'====== Args={'value': 2, 'prev_value': None, 'change': True}
2025-11-20 14:57:00,946 : INFO : EventManager : Event: ======'machine_var_audits_missing_switches_s_swrightoutlane'====== Args={'value': 5, 'prev_value': None, 'change': True}
2025-11-20 14:57:00,946 : INFO : EventManager : Event: ======'machine_var_audits_missing_switches_s_target002'====== Args={'value': 5, 'prev_value': None, 'change': True}
2025-11-20 14:57:00,946 : INFO : EventManager : Event: ======'machine_var_audits_missing_switches_s_target003'====== Args={'value': 5, 'prev_value': None, 'change': True}
2025-11-20 14:57:00,946 : INFO : EventManager : Event: ======'machine_var_audits_missing_switches_s_target004'====== Args={'value': 5, 'prev_value': None, 'change': True}
2025-11-20 14:57:00,946 : INFO : EventManager : Event: ======'machine_var_audits_missing_switches_s_target_2'====== Args={'value': 24, 'prev_value': None, 'change': True}
2025-11-20 14:57:00,946 : INFO : EventManager : Event: ======'machine_var_audits_missing_switches_s_target_3'====== Args={'value': 24, 'prev_value': None, 'change': True}
2025-11-20 14:57:00,946 : INFO : EventManager : Event: ======'machine_var_audits_missing_switches_s_targeth'====== Args={'value': 2, 'prev_value': None, 'change': True}
2025-11-20 14:57:00,946 : INFO : EventManager : Event: ======'machine_var_audits_missing_switches_s_targetl'====== Args={'value': 2, 'prev_value': None, 'change': True}
2025-11-20 14:57:00,946 : INFO : EventManager : Event: ======'machine_var_audits_missing_switches_s_targetl2'====== Args={'value': 1, 'prev_value': None, 'change': True}
2025-11-20 14:57:00,946 : INFO : EventManager : Event: ======'machine_var_audits_missing_switches_s_targeto'====== Args={'value': 2, 'prev_value': None, 'change': True}
2025-11-20 14:57:00,946 : INFO : EventManager : Event: ======'machine_var_audits_missing_switches_s_targety'====== Args={'value': 2, 'prev_value': None, 'change': True}
2025-11-20 14:57:00,946 : INFO : EventManager : Event: ======'machine_var_audits_missing_switches_s_tilt_bob'====== Args={'value': 83, 'prev_value': None, 'change': True}
2025-11-20 14:57:00,946 : INFO : EventManager : Event: ======'machine_var_audits_missing_switches_s_top_flipper_eos'====== Args={'value': 5, 'prev_value': None, 'change': True}
2025-11-20 14:57:00,946 : INFO : EventManager : Event: ======'machine_var_audits_missing_switches_s_top_flipper_hold'====== Args={'value': 24, 'prev_value': None, 'change': True}
2025-11-20 14:57:00,946 : INFO : EventManager : Event: ======'machine_var_audits_missing_switches_s_towervuk'====== Args={'value': 5, 'prev_value': None, 'change': True}
2025-11-20 14:57:00,946 : INFO : EventManager : Event: ======'machine_var_audits_missing_switches_s_trmagl'====== Args={'value': 5, 'prev_value': None, 'change': True}
2025-11-20 14:57:00,947 : INFO : EventManager : Event: ======'machine_var_audits_missing_switches_s_trmagr'====== Args={'value': 5, 'prev_value': None, 'change': True}
2025-11-20 14:57:00,947 : INFO : EventManager : Event: ======'machine_var_audits_missing_switches_s_trough1'====== Args={'value': 5, 'prev_value': None, 'change': True}
2025-11-20 14:57:00,947 : INFO : EventManager : Event: ======'machine_var_audits_missing_switches_s_trough2'====== Args={'value': 3, 'prev_value': None, 'change': True}
2025-11-20 14:57:00,947 : INFO : EventManager : Event: ======'machine_var_audits_missing_switches_s_trough3'====== Args={'value': 3, 'prev_value': None, 'change': True}
2025-11-20 14:57:00,947 : INFO : EventManager : Event: ======'machine_var_audits_missing_switches_s_trough4'====== Args={'value': 3, 'prev_value': None, 'change': True}
2025-11-20 14:57:00,947 : INFO : EventManager : Event: ======'machine_var_audits_missing_switches_s_trough5'====== Args={'value': 5, 'prev_value': None, 'change': True}
2025-11-20 14:57:00,947 : INFO : EventManager : Event: ======'machine_var_audits_missing_switches_s_trough6'====== Args={'value': 5, 'prev_value': None, 'change': True}
2025-11-20 14:57:00,947 : INFO : EventManager : Event: ======'machine_var_audits_missing_switches_s_trough_jam'====== Args={'value': 3, 'prev_value': None, 'change': True}
2025-11-20 14:57:00,947 : INFO : EventManager : Event: ======'machine_var_audits_missing_switches_s_tunel_vuk'====== Args={'value': 1, 'prev_value': None, 'change': True}
2025-11-20 14:57:00,947 : INFO : EventManager : Event: ======'machine_var_audits_missing_switches_s_upper_pf_entrance'====== Args={'value': 15, 'prev_value': None, 'change': True}
2025-11-20 14:57:00,947 : INFO : EventManager : Event: ======'machine_var_audits_player_score'====== Args={'value': {'average': 89899, 'top': [691810, 665430, 224220, 152420, 150000, 138180, 97570, 97420, 90150, 33330], 'total': 24}, 'prev_value': None, 'change': True}
2025-11-20 14:57:00,947 : INFO : EventManager : Event: ======'machine_var_audits_shots_holly_h'====== Args={'value': 241, 'prev_value': None, 'change': True}
2025-11-20 14:57:00,947 : INFO : EventManager : Event: ======'machine_var_audits_shots_holly_l'====== Args={'value': 96, 'prev_value': None, 'change': True}
2025-11-20 14:57:00,948 : INFO : EventManager : Event: ======'machine_var_audits_shots_holly_l1'====== Args={'value': 75, 'prev_value': None, 'change': True}
2025-11-20 14:57:00,948 : INFO : EventManager : Event: ======'machine_var_audits_shots_holly_o'====== Args={'value': 60, 'prev_value': None, 'change': True}
2025-11-20 14:57:00,948 : INFO : EventManager : Event: ======'machine_var_audits_shots_holly_y'====== Args={'value': 27, 'prev_value': None, 'change': True}
2025-11-20 14:57:00,948 : INFO : EventManager : Event: ======'machine_var_audits_shots_targetl2'====== Args={'value': 2, 'prev_value': None, 'change': True}
2025-11-20 14:57:00,948 : INFO : EventManager : Event: ======'machine_var_audits_switches_SpinnerLeft'====== Args={'value': 3, 'prev_value': None, 'change': True}
2025-11-20 14:57:00,948 : INFO : EventManager : Event: ======'machine_var_audits_switches_SpinnerRight'====== Args={'value': 3, 'prev_value': None, 'change': True}
2025-11-20 14:57:00,948 : INFO : EventManager : Event: ======'machine_var_audits_switches_s_AirDuctEnter001'====== Args={'value': 14, 'prev_value': None, 'change': True}
2025-11-20 14:57:00,948 : INFO : EventManager : Event: ======'machine_var_audits_switches_s_TrPF1'====== Args={'value': 0, 'prev_value': None, 'change': True}
2025-11-20 14:57:00,948 : INFO : EventManager : Event: ======'machine_var_audits_switches_s_TrPF2'====== Args={'value': 0, 'prev_value': None, 'change': True}
2025-11-20 14:57:00,948 : INFO : EventManager : Event: ======'machine_var_audits_switches_s_TrPF3'====== Args={'value': 0, 'prev_value': None, 'change': True}
2025-11-20 14:57:00,948 : INFO : EventManager : Event: ======'machine_var_audits_switches_s_UrampUp001'====== Args={'value': 0, 'prev_value': None, 'change': True}
2025-11-20 14:57:00,948 : INFO : EventManager : Event: ======'machine_var_audits_switches_s_airplane'====== Args={'value': 42, 'prev_value': None, 'change': True}
2025-11-20 14:57:00,948 : INFO : EventManager : Event: ======'machine_var_audits_switches_s_bottom_left_inner_drain'====== Args={'value': 102, 'prev_value': None, 'change': True}
2025-11-20 14:57:00,948 : INFO : EventManager : Event: ======'machine_var_audits_switches_s_bottom_left_outer_drain'====== Args={'value': 92, 'prev_value': None, 'change': True}
2025-11-20 14:57:00,948 : INFO : EventManager : Event: ======'machine_var_audits_switches_s_bottom_right_inner_drain'====== Args={'value': 126, 'prev_value': None, 'change': True}
2025-11-20 14:57:00,948 : INFO : EventManager : Event: ======'machine_var_audits_switches_s_bottom_right_outer_drain'====== Args={'value': 328, 'prev_value': None, 'change': True}
2025-11-20 14:57:00,948 : INFO : EventManager : Event: ======'machine_var_audits_switches_s_bottom_right_vuk'====== Args={'value': 1822, 'prev_value': None, 'change': True}
2025-11-20 14:57:00,948 : INFO : EventManager : Event: ======'machine_var_audits_switches_s_captiveball'====== Args={'value': 0, 'prev_value': None, 'change': True}
2025-11-20 14:57:00,948 : INFO : EventManager : Event: ======'machine_var_audits_switches_s_door'====== Args={'value': 59, 'prev_value': None, 'change': True}
2025-11-20 14:57:00,948 : INFO : EventManager : Event: ======'machine_var_audits_switches_s_door_tilt'====== Args={'value': 115, 'prev_value': None, 'change': True}
2025-11-20 14:57:00,948 : INFO : EventManager : Event: ======'machine_var_audits_switches_s_drop_target_1'====== Args={'value': 114, 'prev_value': None, 'change': True}
2025-11-20 14:57:00,948 : INFO : EventManager : Event: ======'machine_var_audits_switches_s_drop_target_2'====== Args={'value': 102, 'prev_value': None, 'change': True}
2025-11-20 14:57:00,948 : INFO : EventManager : Event: ======'machine_var_audits_switches_s_drop_target_3'====== Args={'value': 113, 'prev_value': None, 'change': True}
2025-11-20 14:57:00,948 : INFO : EventManager : Event: ======'machine_var_audits_switches_s_enter'====== Args={'value': 0, 'prev_value': None, 'change': True}
2025-11-20 14:57:00,948 : INFO : EventManager : Event: ======'machine_var_audits_switches_s_escape'====== Args={'value': 0, 'prev_value': None, 'change': True}
2025-11-20 14:57:00,948 : INFO : EventManager : Event: ======'machine_var_audits_switches_s_fire'====== Args={'value': 169, 'prev_value': None, 'change': True}
2025-11-20 14:57:00,948 : INFO : EventManager : Event: ======'machine_var_audits_switches_s_highvuk'====== Args={'value': 76, 'prev_value': None, 'change': True}
2025-11-20 14:57:00,948 : INFO : EventManager : Event: ======'machine_var_audits_switches_s_holly_h'====== Args={'value': 248, 'prev_value': None, 'change': True}
2025-11-20 14:57:00,948 : INFO : EventManager : Event: ======'machine_var_audits_switches_s_holly_l'====== Args={'value': 216, 'prev_value': None, 'change': True}
2025-11-20 14:57:00,948 : INFO : EventManager : Event: ======'machine_var_audits_switches_s_holly_l1'====== Args={'value': 75, 'prev_value': None, 'change': True}
2025-11-20 14:57:00,948 : INFO : EventManager : Event: ======'machine_var_audits_switches_s_holly_l_1'====== Args={'value': 93, 'prev_value': None, 'change': True}
2025-11-20 14:57:00,948 : INFO : EventManager : Event: ======'machine_var_audits_switches_s_holly_o'====== Args={'value': 176, 'prev_value': None, 'change': True}
2025-11-20 14:57:00,948 : INFO : EventManager : Event: ======'machine_var_audits_switches_s_holly_y'====== Args={'value': 71, 'prev_value': None, 'change': True}
2025-11-20 14:57:00,948 : INFO : EventManager : Event: ======'machine_var_audits_switches_s_kickervault1'====== Args={'value': 0, 'prev_value': None, 'change': True}
2025-11-20 14:57:00,948 : INFO : EventManager : Event: ======'machine_var_audits_switches_s_left spinner'====== Args={'value': 1170, 'prev_value': None, 'change': True}
2025-11-20 14:57:00,948 : INFO : EventManager : Event: ======'machine_var_audits_switches_s_left_coin'====== Args={'value': 0, 'prev_value': None, 'change': True}
2025-11-20 14:57:00,948 : INFO : EventManager : Event: ======'machine_var_audits_switches_s_left_flipper'====== Args={'value': 1435, 'prev_value': None, 'change': True}
2025-11-20 14:57:00,948 : INFO : EventManager : Event: ======'machine_var_audits_switches_s_left_flipper_eos'====== Args={'value': 1374, 'prev_value': None, 'change': True}
2025-11-20 14:57:00,948 : INFO : EventManager : Event: ======'machine_var_audits_switches_s_left_inlane'====== Args={'value': 0, 'prev_value': None, 'change': True}
2025-11-20 14:57:00,948 : INFO : EventManager : Event: ======'machine_var_audits_switches_s_left_magna'====== Args={'value': 377, 'prev_value': None, 'change': True}
2025-11-20 14:57:00,948 : INFO : EventManager : Event: ======'machine_var_audits_switches_s_left_orbit'====== Args={'value': 335, 'prev_value': None, 'change': True}
2025-11-20 14:57:00,948 : INFO : EventManager : Event: ======'machine_var_audits_switches_s_left_orbit2'====== Args={'value': 0, 'prev_value': None, 'change': True}
2025-11-20 14:57:00,948 : INFO : EventManager : Event: ======'machine_var_audits_switches_s_left_outlane'====== Args={'value': 0, 'prev_value': None, 'change': True}
2025-11-20 14:57:00,948 : INFO : EventManager : Event: ======'machine_var_audits_switches_s_left_sling'====== Args={'value': 354, 'prev_value': None, 'change': True}
2025-11-20 14:57:00,948 : INFO : EventManager : Event: ======'machine_var_audits_switches_s_left_slingshot'====== Args={'value': 1, 'prev_value': None, 'change': True}
2025-11-20 14:57:00,948 : INFO : EventManager : Event: ======'machine_var_audits_switches_s_left_top_target'====== Args={'value': 76, 'prev_value': None, 'change': True}
2025-11-20 14:57:00,948 : INFO : EventManager : Event: ======'machine_var_audits_switches_s_mid_orbit'====== Args={'value': 0, 'prev_value': None, 'change': True}
2025-11-20 14:57:00,948 : INFO : EventManager : Event: ======'machine_var_audits_switches_s_middle_top_target'====== Args={'value': 42, 'prev_value': None, 'change': True}
2025-11-20 14:57:00,948 : INFO : EventManager : Event: ======'machine_var_audits_switches_s_minus'====== Args={'value': 0, 'prev_value': None, 'change': True}
2025-11-20 14:57:00,948 : INFO : EventManager : Event: ======'machine_var_audits_switches_s_nakatomi'====== Args={'value': 199, 'prev_value': None, 'change': True}
2025-11-20 14:57:00,948 : INFO : EventManager : Event: ======'machine_var_audits_switches_s_nakatomi_lock_ball_count'====== Args={'value': 0, 'prev_value': None, 'change': True}
2025-11-20 14:57:00,948 : INFO : EventManager : Event: ======'machine_var_audits_switches_s_plunger_lane'====== Args={'value': 159, 'prev_value': None, 'change': True}
2025-11-20 14:57:00,948 : INFO : EventManager : Event: ======'machine_var_audits_switches_s_plus'====== Args={'value': 0, 'prev_value': None, 'change': True}
2025-11-20 14:57:00,948 : INFO : EventManager : Event: ======'machine_var_audits_switches_s_popbumper_left'====== Args={'value': 246, 'prev_value': None, 'change': True}
2025-11-20 14:57:00,948 : INFO : EventManager : Event: ======'machine_var_audits_switches_s_popbumper_right'====== Args={'value': 534, 'prev_value': None, 'change': True}
2025-11-20 14:57:00,948 : INFO : EventManager : Event: ======'machine_var_audits_switches_s_push_drop_target_4'====== Args={'value': 2, 'prev_value': None, 'change': True}
2025-11-20 14:57:00,948 : INFO : EventManager : Event: ======'machine_var_audits_switches_s_push_drop_target_5'====== Args={'value': 0, 'prev_value': None, 'change': True}
2025-11-20 14:57:00,948 : INFO : EventManager : Event: ======'machine_var_audits_switches_s_right spinner'====== Args={'value': 134, 'prev_value': None, 'change': True}
2025-11-20 14:57:00,950 : INFO : EventManager : Event: ======'machine_var_audits_switches_s_right_coin'====== Args={'value': 0, 'prev_value': None, 'change': True}
2025-11-20 14:57:00,950 : INFO : EventManager : Event: ======'machine_var_audits_switches_s_right_flipper'====== Args={'value': 1589, 'prev_value': None, 'change': True}
2025-11-20 14:57:00,950 : INFO : EventManager : Event: ======'machine_var_audits_switches_s_right_flipper_eos'====== Args={'value': 1535, 'prev_value': None, 'change': True}
2025-11-20 14:57:00,950 : INFO : EventManager : Event: ======'machine_var_audits_switches_s_right_inlane'====== Args={'value': 0, 'prev_value': None, 'change': True}
2025-11-20 14:57:00,950 : INFO : EventManager : Event: ======'machine_var_audits_switches_s_right_magna'====== Args={'value': 315, 'prev_value': None, 'change': True}
2025-11-20 14:57:00,950 : INFO : EventManager : Event: ======'machine_var_audits_switches_s_right_orbit'====== Args={'value': 250, 'prev_value': None, 'change': True}
2025-11-20 14:57:00,950 : INFO : EventManager : Event: ======'machine_var_audits_switches_s_right_orbit2'====== Args={'value': 0, 'prev_value': None, 'change': True}
2025-11-20 14:57:00,950 : INFO : EventManager : Event: ======'machine_var_audits_switches_s_right_outlane'====== Args={'value': 0, 'prev_value': None, 'change': True}
2025-11-20 14:57:00,950 : INFO : EventManager : Event: ======'machine_var_audits_switches_s_right_sling'====== Args={'value': 449, 'prev_value': None, 'change': True}
2025-11-20 14:57:00,950 : INFO : EventManager : Event: ======'machine_var_audits_switches_s_right_slingshot'====== Args={'value': 0, 'prev_value': None, 'change': True}
2025-11-20 14:57:00,950 : INFO : EventManager : Event: ======'machine_var_audits_switches_s_right_top_target'====== Args={'value': 38, 'prev_value': None, 'change': True}
2025-11-20 14:57:00,950 : INFO : EventManager : Event: ======'machine_var_audits_switches_s_rightkicker'====== Args={'value': 0, 'prev_value': None, 'change': True}
2025-11-20 14:57:00,950 : INFO : EventManager : Event: ======'machine_var_audits_switches_s_rightvuk'====== Args={'value': 0, 'prev_value': None, 'change': True}
2025-11-20 14:57:00,950 : INFO : EventManager : Event: ======'machine_var_audits_switches_s_safe_vuk'====== Args={'value': 354, 'prev_value': None, 'change': True}
2025-11-20 14:57:00,950 : INFO : EventManager : Event: ======'machine_var_audits_switches_s_spinnerleft'====== Args={'value': 10, 'prev_value': None, 'change': True}
2025-11-20 14:57:00,950 : INFO : EventManager : Event: ======'machine_var_audits_switches_s_spinnerright'====== Args={'value': 5, 'prev_value': None, 'change': True}
2025-11-20 14:57:00,950 : INFO : EventManager : Event: ======'machine_var_audits_switches_s_start'====== Args={'value': 64, 'prev_value': None, 'change': True}
2025-11-20 14:57:00,950 : INFO : EventManager : Event: ======'machine_var_audits_switches_s_swDivParkp'====== Args={'value': 0, 'prev_value': None, 'change': True}
2025-11-20 14:57:00,950 : INFO : EventManager : Event: ======'machine_var_audits_switches_s_swleftinlane'====== Args={'value': 0, 'prev_value': None, 'change': True}
2025-11-20 14:57:00,950 : INFO : EventManager : Event: ======'machine_var_audits_switches_s_swleftorb1'====== Args={'value': 2, 'prev_value': None, 'change': True}
2025-11-20 14:57:00,950 : INFO : EventManager : Event: ======'machine_var_audits_switches_s_swleftorb2'====== Args={'value': 2, 'prev_value': None, 'change': True}
2025-11-20 14:57:00,950 : INFO : EventManager : Event: ======'machine_var_audits_switches_s_swleftoutlane'====== Args={'value': 0, 'prev_value': None, 'change': True}
2025-11-20 14:57:00,950 : INFO : EventManager : Event: ======'machine_var_audits_switches_s_swmidorb'====== Args={'value': 0, 'prev_value': None, 'change': True}
2025-11-20 14:57:00,950 : INFO : EventManager : Event: ======'machine_var_audits_switches_s_swrightinlane'====== Args={'value': 1, 'prev_value': None, 'change': True}
2025-11-20 14:57:00,950 : INFO : EventManager : Event: ======'machine_var_audits_switches_s_swrightorb1'====== Args={'value': 1, 'prev_value': None, 'change': True}
2025-11-20 14:57:00,950 : INFO : EventManager : Event: ======'machine_var_audits_switches_s_swrightorb2'====== Args={'value': 0, 'prev_value': None, 'change': True}
2025-11-20 14:57:00,950 : INFO : EventManager : Event: ======'machine_var_audits_switches_s_swrightoutlane'====== Args={'value': 0, 'prev_value': None, 'change': True}
2025-11-20 14:57:00,950 : INFO : EventManager : Event: ======'machine_var_audits_switches_s_target002'====== Args={'value': 0, 'prev_value': None, 'change': True}
2025-11-20 14:57:00,950 : INFO : EventManager : Event: ======'machine_var_audits_switches_s_target003'====== Args={'value': 0, 'prev_value': None, 'change': True}
2025-11-20 14:57:00,951 : INFO : EventManager : Event: ======'machine_var_audits_switches_s_target004'====== Args={'value': 0, 'prev_value': None, 'change': True}
2025-11-20 14:57:00,951 : INFO : EventManager : Event: ======'machine_var_audits_switches_s_target_2'====== Args={'value': 0, 'prev_value': None, 'change': True}
2025-11-20 14:57:00,951 : INFO : EventManager : Event: ======'machine_var_audits_switches_s_target_3'====== Args={'value': 0, 'prev_value': None, 'change': True}
2025-11-20 14:57:00,951 : INFO : EventManager : Event: ======'machine_var_audits_switches_s_targeth'====== Args={'value': 0, 'prev_value': None, 'change': True}
2025-11-20 14:57:00,951 : INFO : EventManager : Event: ======'machine_var_audits_switches_s_targetl'====== Args={'value': 0, 'prev_value': None, 'change': True}
2025-11-20 14:57:00,951 : INFO : EventManager : Event: ======'machine_var_audits_switches_s_targetl2'====== Args={'value': 2, 'prev_value': None, 'change': True}
2025-11-20 14:57:00,951 : INFO : EventManager : Event: ======'machine_var_audits_switches_s_targeto'====== Args={'value': 0, 'prev_value': None, 'change': True}
2025-11-20 14:57:00,951 : INFO : EventManager : Event: ======'machine_var_audits_switches_s_targety'====== Args={'value': 0, 'prev_value': None, 'change': True}
2025-11-20 14:57:00,951 : INFO : EventManager : Event: ======'machine_var_audits_switches_s_tilt_bob'====== Args={'value': 0, 'prev_value': None, 'change': True}
2025-11-20 14:57:00,951 : INFO : EventManager : Event: ======'machine_var_audits_switches_s_top_flipper_eos'====== Args={'value': 1373, 'prev_value': None, 'change': True}
2025-11-20 14:57:00,951 : INFO : EventManager : Event: ======'machine_var_audits_switches_s_top_flipper_hold'====== Args={'value': 0, 'prev_value': None, 'change': True}
2025-11-20 14:57:00,951 : INFO : EventManager : Event: ======'machine_var_audits_switches_s_towervuk'====== Args={'value': 0, 'prev_value': None, 'change': True}
2025-11-20 14:57:00,951 : INFO : EventManager : Event: ======'machine_var_audits_switches_s_trmagl'====== Args={'value': 0, 'prev_value': None, 'change': True}
2025-11-20 14:57:00,951 : INFO : EventManager : Event: ======'machine_var_audits_switches_s_trmagr'====== Args={'value': 0, 'prev_value': None, 'change': True}
2025-11-20 14:57:00,951 : INFO : EventManager : Event: ======'machine_var_audits_switches_s_trough1'====== Args={'value': 222, 'prev_value': None, 'change': True}
2025-11-20 14:57:00,951 : INFO : EventManager : Event: ======'machine_var_audits_switches_s_trough2'====== Args={'value': 118, 'prev_value': None, 'change': True}
2025-11-20 14:57:00,951 : INFO : EventManager : Event: ======'machine_var_audits_switches_s_trough3'====== Args={'value': 116, 'prev_value': None, 'change': True}
2025-11-20 14:57:00,951 : INFO : EventManager : Event: ======'machine_var_audits_switches_s_trough4'====== Args={'value': 120, 'prev_value': None, 'change': True}
2025-11-20 14:57:00,951 : INFO : EventManager : Event: ======'machine_var_audits_switches_s_trough5'====== Args={'value': 100, 'prev_value': None, 'change': True}
2025-11-20 14:57:00,951 : INFO : EventManager : Event: ======'machine_var_audits_switches_s_trough6'====== Args={'value': 100, 'prev_value': None, 'change': True}
2025-11-20 14:57:00,951 : INFO : EventManager : Event: ======'machine_var_audits_switches_s_trough_jam'====== Args={'value': 171, 'prev_value': None, 'change': True}
2025-11-20 14:57:00,951 : INFO : EventManager : Event: ======'machine_var_audits_switches_s_tunel_vuk'====== Args={'value': 225, 'prev_value': None, 'change': True}
2025-11-20 14:57:00,951 : INFO : EventManager : Event: ======'machine_var_audits_switches_s_upper_pf_entrance'====== Args={'value': 0, 'prev_value': None, 'change': True}
2025-11-20 14:57:00,951 : INFO : EventManager : Event: ======'machine_var_audits_switches_swPlunger'====== Args={'value': 16, 'prev_value': None, 'change': True}
2025-11-20 14:57:00,952 : INFO : EventManager : Event: ======'init_phase_5'====== Args={}
2025-11-20 14:57:00,953 : INFO : EventManager : Event: ======'init_done'====== Args={}
2025-11-20 14:57:00,953 : INFO : EventManager : Event: ======'machine_reset_phase_1'====== Args={}
2025-11-20 14:57:00,953 : INFO : EventManager : Event: ======'machine_reset_phase_2'====== Args={}
2025-11-20 14:57:00,953 : INFO : EventManager : Event: ======'machine_reset_phase_3'====== Args={}
2025-11-20 14:57:00,953 : INFO : drop_target_bank.bank : All targets are already up. Will not reset bank.
2025-11-20 14:57:00,953 : INFO : drop_target_bank.bank1 : All targets are already up. Will not reset bank.
2025-11-20 14:57:00,953 : INFO : drop_target_bank.bank2 : All targets are already up. Will not reset bank.
2025-11-20 14:57:00,953 : INFO : EventManager : Event: ======'reset_complete'====== Args={}
2025-11-20 14:57:00,954 : INFO : EventManager : Event: ======'mode_attract_will_start'====== Args={}
2025-11-20 14:57:00,954 : INFO : EventManager : Event: ======'mode_attract_starting'====== Args={}
2025-11-20 14:57:00,954 : INFO : Mode.attract : Started. Priority: 10
2025-11-20 14:57:00,954 : INFO : EventManager : Event: ======'modes_active_modes_changed'====== Args={}
2025-11-20 14:57:00,954 : INFO : EventManager : Event: ======'mode_attract_started'====== Args={}
2025-11-20 14:57:00,955 : INFO : show_player : key_attract_christmas
2025-11-20 14:57:00,957 : INFO : EventManager : Event: ======'collecting_balls_complete'====== Args={}
2025-11-20 14:57:00,957 : INFO : Machine : Starting the main run loop with active modes: [<Mode.attract>]
2025-11-20 14:57:06,918 : INFO : BcpServer : New client connected.
2025-11-20 14:57:08,824 : INFO : SwitchController : <<<<<<< 's_start' active >>>>>>>
2025-11-20 14:57:08,889 : INFO : SwitchController : <<<<<<< 's_start' inactive >>>>>>>
2025-11-20 14:57:08,889 : INFO : EventManager : Event: ======'request_to_start_game'====== Args={}
2025-11-20 14:57:08,889 : INFO : EventManager : Event: ======'game_start'====== Args={'buttons': [], 'hold_time': 0.0629999999946449}
2025-11-20 14:57:08,890 : INFO : EventManager : Event: ======'mode_game_will_start'====== Args={'buttons': [], 'hold_time': 0.0629999999946449}
2025-11-20 14:57:08,890 : INFO : EventManager : Event: ======'mode_game_starting'====== Args={'buttons': [], 'hold_time': 0.0629999999946449}
2025-11-20 14:57:08,890 : INFO : EventManager : Event: ======'mode_attract_will_stop'====== Args={}
2025-11-20 14:57:08,890 : INFO : EventManager : Event: ======'mode_attract_stopping'====== Args={}
2025-11-20 14:57:08,890 : INFO : Mode.attract : Stopped.
2025-11-20 14:57:08,890 : INFO : EventManager : Event: ======'modes_active_modes_changed'====== Args={}
2025-11-20 14:57:08,891 : INFO : EventManager : Event: ======'mode_attract_stopped'====== Args={}
2025-11-20 14:57:08,891 : INFO : EventManager : Event: ======'clear'====== Args={'key': 'attract'}
2025-11-20 14:57:08,891 : INFO : Mode.game : Started. Priority: 20
2025-11-20 14:57:08,891 : INFO : EventManager : Event: ======'modes_active_modes_changed'====== Args={}
2025-11-20 14:57:08,891 : INFO : EventManager : Event: ======'mode_game_started'====== Args={'buttons': [], 'hold_time': 0.0629999999946449}
2025-11-20 14:57:08,891 : INFO : EventManager : Event: ======'game_will_start'====== Args={}
2025-11-20 14:57:08,891 : INFO : EventManager : Event: ======'game_starting'====== Args={'game': <Mode.game>}
2025-11-20 14:57:08,892 : INFO : EventManager : Unordered handler for class <Auditor> on event game_ended with priority 1. Handlers: [RegisteredHandler(callback=<bound method Auditor.disable of <Auditor>>, priority=1, kwargs={}, key=UUID('e0d5a1d6-5d2c-4178-83d7-d886912cd1df'), condition=None, blocking_facility=None), RegisteredHandler(callback=<bound method Auditor._save_audits of <Auditor>>, priority=1, kwargs={}, key=UUID('de4c1c87-d344-4f08-9932-d1192b46a12c'), condition=None, blocking_facility=None)]. The order of those handlers is not defined and they will be executed in random order. This might lead to race conditions and potential bugs.
2025-11-20 14:57:08,892 : INFO : EventManager : Event: ======'player_add_request'====== Args={}
2025-11-20 14:57:08,892 : INFO : EventManager : Event: ======'player_will_add'====== Args={'number': 1}
2025-11-20 14:57:08,892 : INFO : EventManager : Event: ======'player_adding'====== Args={'player': <Player 1>, 'number': 1}
2025-11-20 14:57:08,892 : INFO : EventManager : Event: ======'player_added'====== Args={'player': <Player 1>, 'num': 1}
2025-11-20 14:57:08,893 : INFO : Mode.game : Player added successfully. Total players: 1
2025-11-20 14:57:08,893 : INFO : EventManager : Event: ======'player_index'====== Args={'value': 0, 'prev_value': 0, 'change': 0, 'player_num': 1}
2025-11-20 14:57:08,893 : INFO : EventManager : Event: ======'player_number'====== Args={'value': 1, 'prev_value': 1, 'change': 0, 'player_num': 1}
2025-11-20 14:57:08,893 : INFO : EventManager : Event: ======'player_score'====== Args={'value': 0, 'prev_value': 0, 'change': 0, 'player_num': 1}
2025-11-20 14:57:08,893 : INFO : EventManager : Event: ======'game_started'====== Args={}
2025-11-20 14:57:08,893 : INFO : EventManager : Event: ======'player_turn_will_start'====== Args={'player': <Player 1>, 'number': 1}
2025-11-20 14:57:08,893 : INFO : EventManager : Event: ======'player_turn_starting'====== Args={'player': <Player 1>, 'number': 1}
2025-11-20 14:57:08,900 : INFO : EventManager : Event: ======'player_ball'====== Args={'value': 1, 'prev_value': 0, 'change': 1, 'player_num': 1}
2025-11-20 14:57:08,900 : INFO : EventManager : Event: ======'player_turn_started'====== Args={'player': <Player 1>, 'number': 1}
2025-11-20 14:57:08,901 : INFO : EventManager : Event: ======'ball_will_start'====== Args={'player': 1, 'ball': 1, 'balls_remaining': 2, 'is_extra_ball': False}
2025-11-20 14:57:08,901 : INFO : EventManager : Event: ======'ball_starting'====== Args={'player': 1, 'ball': 1, 'balls_remaining': 2, 'is_extra_ball': False}
2025-11-20 14:57:08,901 : INFO : drop_target_bank.bank : All targets are already up. Will not reset bank.
2025-11-20 14:57:08,901 : INFO : drop_target_bank.bank1 : All targets are already up. Will not reset bank.
2025-11-20 14:57:08,901 : INFO : drop_target_bank.bank2 : All targets are already up. Will not reset bank.
2025-11-20 14:57:08,902 : INFO : EventManager : Event: ======'balls_in_play'====== Args={'balls': 1}
2025-11-20 14:57:08,902 : INFO : EventManager : Event: ======'ball_started'====== Args={'player': 1, 'ball': 1, 'balls_remaining': 2, 'is_extra_ball': False}
2025-11-20 14:57:08,902 : INFO : EventManager : Event: ======'mode_score_will_start'====== Args={'player': 1, 'ball': 1, 'balls_remaining': 2, 'is_extra_ball': False}
2025-11-20 14:57:08,903 : INFO : EventManager : Event: ======'mode_score_starting'====== Args={'player': 1, 'ball': 1, 'balls_remaining': 2, 'is_extra_ball': False}
2025-11-20 14:57:08,903 : INFO : EventManager : Event: ======'mode_holly_will_start'====== Args={'player': 1, 'ball': 1, 'balls_remaining': 2, 'is_extra_ball': False}
2025-11-20 14:57:08,903 : INFO : EventManager : Event: ======'holly_targets_complete'====== Args={'state': 'None'}
2025-11-20 14:57:08,903 : INFO : EventManager : Event: ======'holly_targets_None_complete'====== Args={}
2025-11-20 14:57:08,903 : INFO : EventManager : Event: ======'player_shot_holly_h_enabled'====== Args={'value': True, 'prev_value': 0, 'change': 1, 'player_num': 1}
2025-11-20 14:57:08,903 : INFO : EventManager : Event: ======'player_shot_holly_o_enabled'====== Args={'value': True, 'prev_value': 0, 'change': 1, 'player_num': 1}
2025-11-20 14:57:08,903 : INFO : EventManager : Event: ======'player_shot_holly_l_enabled'====== Args={'value': True, 'prev_value': 0, 'change': 1, 'player_num': 1}
2025-11-20 14:57:08,905 : INFO : EventManager : Event: ======'player_shot_holly_l1_enabled'====== Args={'value': True, 'prev_value': 0, 'change': 1, 'player_num': 1}
2025-11-20 14:57:08,905 : INFO : EventManager : Event: ======'player_shot_holly_y_enabled'====== Args={'value': True, 'prev_value': 0, 'change': 1, 'player_num': 1}
2025-11-20 14:57:08,905 : INFO : EventManager : Event: ======'mode_holly_starting'====== Args={'player': 1, 'ball': 1, 'balls_remaining': 2, 'is_extra_ball': False}
2025-11-20 14:57:08,905 : INFO : EventManager : Event: ======'mode_base_will_start'====== Args={'player': 1, 'ball': 1, 'balls_remaining': 2, 'is_extra_ball': False}
2025-11-20 14:57:08,907 : INFO : EventManager : Event: ======'mode_base_starting'====== Args={'player': 1, 'ball': 1, 'balls_remaining': 2, 'is_extra_ball': False}
2025-11-20 14:57:08,907 : INFO : Mode.base : Started. Priority: 100
2025-11-20 14:57:08,908 : INFO : EventManager : Event: ======'modes_active_modes_changed'====== Args={}
2025-11-20 14:57:08,908 : INFO : EventManager : Event: ======'mode_base_started'====== Args={'player': 1, 'ball': 1, 'balls_remaining': 2, 'is_extra_ball': False}
2025-11-20 14:57:08,908 : INFO : EventManager : Event: ======'gameplay_music_2'====== Args={'player': 1, 'ball': 1, 'balls_remaining': 2, 'is_extra_ball': False}
2025-11-20 14:57:08,908 : INFO : Mode.holly : Started. Priority: 110
2025-11-20 14:57:08,909 : INFO : EventManager : Event: ======'modes_active_modes_changed'====== Args={}
2025-11-20 14:57:08,909 : INFO : EventManager : Event: ======'mode_holly_started'====== Args={'player': 1, 'ball': 1, 'balls_remaining': 2, 'is_extra_ball': False}
2025-11-20 14:57:08,909 : INFO : Mode.score : Started. Priority: 110
2025-11-20 14:57:08,909 : INFO : EventManager : Event: ======'modes_active_modes_changed'====== Args={}
2025-11-20 14:57:08,909 : INFO : EventManager : Event: ======'mode_score_started'====== Args={'player': 1, 'ball': 1, 'balls_remaining': 2, 'is_extra_ball': False}
2025-11-20 14:57:08,909 : INFO : EventManager : Event: ======'single_player_ball_started'====== Args={}
2025-11-20 14:57:08,912 : INFO : EventManager : Event: ======'ball_start_target'====== Args={'target': 'playfield'}
2025-11-20 14:57:08,912 : INFO : ball_device.bd_plunger : Setting up player-controlled eject. Balls: 1, Target: <playfield.playfield>, player_controlled_eject_event: s_fire_active
2025-11-20 14:57:08,912 : INFO : EventManager : Event: ======'balldevice_balls_available'====== Args={}
2025-11-20 14:57:08,913 : INFO : ball_device.bd_trough : State: waiting_for_target_ready
2025-11-20 14:57:08,913 : INFO : EventManager : Event: ======'balldevice_bd_trough_ball_eject_attempt'====== Args={'balls': 1, 'target': <ball_device.bd_plunger>, 'source': <ball_device.bd_trough>, 'mechanical_eject': True, 'num_attempts': 0}
2025-11-20 14:57:08,913 : INFO : ball_device.bd_plunger : State: waiting_for_ball
2025-11-20 14:57:08,914 : INFO : ball_device.bd_trough : State: ejecting
2025-11-20 14:57:08,914 : INFO : ball_device.bd_trough : Ejecting ball to <ball_device.bd_plunger>
2025-11-20 14:57:08,914 : INFO : EventManager : Event: ======'balldevice_bd_trough_ejecting_ball'====== Args={'balls': 1, 'target': <ball_device.bd_plunger>, 'source': <ball_device.bd_trough>, 'mechanical_eject': True, 'num_attempts': 0}
2025-11-20 14:57:08,914 : INFO : ball_device.bd_trough : Wait for ball to leave device
2025-11-20 14:57:08,916 : INFO : coil.c_trough_eject : Pulsing Driver for 20ms (1.0 pulse_power)
2025-11-20 14:57:08,916 : INFO : SmartVirtual Coil Action : LOOBEELOO
2025-11-20 14:57:08,916 : INFO : SwitchController : <<<<<<< 's_trough1' inactive >>>>>>>
2025-11-20 14:57:08,916 : INFO : SmartVirtual Coil Action : Deactivating: s_trough1
2025-11-20 14:57:08,916 : INFO : ball_device.bd_trough : State: ball_left
2025-11-20 14:57:08,917 : INFO : ball_device.bd_trough : Ball left
2025-11-20 14:57:08,917 : INFO : ball_device.bd_trough : Wait for confirm with timeout 10.0
2025-11-20 14:57:09,006 : INFO : SwitchController : <<<<<<< 's_plunger_lane' active >>>>>>>
2025-11-20 14:57:09,006 : INFO : EventManager : Event: ======'machine_var_audits_switches_s_plunger_lane'====== Args={'value': 160, 'prev_value': 159, 'change': 1}
2025-11-20 14:57:09,493 : INFO : SwitchController : <<<<<<< 's_plunger_lane' inactive >>>>>>>
2025-11-20 14:57:09,556 : INFO : SwitchController : <<<<<<< 's_plunger_lane' active >>>>>>>
2025-11-20 14:57:09,556 : INFO : EventManager : Event: ======'machine_var_audits_switches_s_plunger_lane'====== Args={'value': 161, 'prev_value': 160, 'change': 1}
2025-11-20 14:57:09,961 : INFO : SwitchController : <<<<<<< 's_plunger_lane' inactive >>>>>>>
2025-11-20 14:57:18,892 : INFO : ball_device.bd_trough : State: failed_confirm
2025-11-20 14:57:18,893 : INFO : ball_device.bd_trough : Got timeout (10.0s) before confirm from <ball_device.bd_plunger>
2025-11-20 14:57:25,866 : INFO : SwitchController : <<<<<<< 's_left_orbit' active >>>>>>>
2025-11-20 14:57:25,868 : INFO : EventManager : Event: ======'s_left_orbit_active'====== Args={}
2025-11-20 14:57:25,868 : INFO : EventManager : Event: ======'machine_var_audits_switches_s_left_orbit'====== Args={'value': 336, 'prev_value': 335, 'change': 1}
2025-11-20 14:57:25,921 : INFO : SwitchController : <<<<<<< 's_left_orbit' inactive >>>>>>>
2025-11-20 14:57:26,465 : INFO : SwitchController : <<<<<<< 's_left_orbit2' active >>>>>>>
2025-11-20 14:57:26,465 : INFO : EventManager : Event: ======'s_left_orbit2_active'====== Args={}
2025-11-20 14:57:26,465 : INFO : EventManager : Event: ======'sw_playfield_active'====== Args={}
2025-11-20 14:57:26,465 : INFO : EventManager : Event: ======'machine_var_audits_switches_s_left_orbit2'====== Args={'value': 1, 'prev_value': 0, 'change': 1}
2025-11-20 14:57:26,466 : INFO : EventManager : Event: ======'left_orbit_hit'====== Args={'elapsed': 0.5929999999934807}
2025-11-20 14:57:26,466 : INFO : EventManager : Event: ======'player_score'====== Args={'value': 5000, 'prev_value': 0, 'change': 5000, 'player_num': 1, 'source': 'score'}
2025-11-20 14:57:26,466 : INFO : EventManager : Event: ======'orbit_fx1'====== Args={'elapsed': 0.5929999999934807}
2025-11-20 14:57:26,466 : INFO : show_player : key_left_orbit_hit
2025-11-20 14:57:26,467 : INFO : EventManager : Event: ======'playfield_active'====== Args={'source': None}
2025-11-20 14:57:26,467 : INFO : EventManager : Event: ======'unexpected_ball_on_playfield'====== Args={}
2025-11-20 14:57:26,520 : INFO : SwitchController : <<<<<<< 's_left_orbit2' inactive >>>>>>>
2025-11-20 14:57:35,888 : INFO : SwitchController : <<<<<<< 's_right_orbit' active >>>>>>>
2025-11-20 14:57:35,888 : INFO : EventManager : Event: ======'s_right_orbit_active'====== Args={}
2025-11-20 14:57:35,888 : INFO : EventManager : Event: ======'machine_var_audits_switches_s_right_orbit'====== Args={'value': 251, 'prev_value': 250, 'change': 1}
2025-11-20 14:57:35,948 : INFO : SwitchController : <<<<<<< 's_right_orbit' inactive >>>>>>>
2025-11-20 14:57:36,404 : INFO : SwitchController : <<<<<<< 's_right_orbit2' active >>>>>>>
2025-11-20 14:57:36,404 : INFO : EventManager : Event: ======'s_right_orbit2_active'====== Args={}
2025-11-20 14:57:36,405 : INFO : EventManager : Event: ======'sw_playfield_active'====== Args={}
2025-11-20 14:57:36,405 : INFO : EventManager : Event: ======'machine_var_audits_switches_s_right_orbit2'====== Args={'value': 1, 'prev_value': 0, 'change': 1}
2025-11-20 14:57:36,405 : INFO : EventManager : Event: ======'right_orbit_hit'====== Args={'elapsed': 0.5159999999741558}
2025-11-20 14:57:36,405 : INFO : EventManager : Event: ======'player_score'====== Args={'value': 10000, 'prev_value': 5000, 'change': 5000, 'player_num': 1, 'source': 'score'}
2025-11-20 14:57:36,405 : INFO : EventManager : Event: ======'orbit_fx2'====== Args={'elapsed': 0.5159999999741558}
2025-11-20 14:57:36,406 : INFO : show_player : key_right_orbit_hit
2025-11-20 14:57:36,406 : INFO : EventManager : Event: ======'playfield_active'====== Args={'source': None}
2025-11-20 14:57:36,406 : INFO : EventManager : Event: ======'unexpected_ball_on_playfield'====== Args={}
2025-11-20 14:57:36,477 : INFO : SwitchController : <<<<<<< 's_right_orbit2' inactive >>>>>>>
2025-11-20 14:57:38,743 : INFO : SwitchController : <<<<<<< 's_right_orbit' active >>>>>>>
2025-11-20 14:57:38,743 : INFO : EventManager : Event: ======'s_right_orbit_active'====== Args={}
2025-11-20 14:57:38,743 : INFO : EventManager : Event: ======'machine_var_audits_switches_s_right_orbit'====== Args={'value': 252, 'prev_value': 251, 'change': 1}
2025-11-20 14:57:38,807 : INFO : SwitchController : <<<<<<< 's_right_orbit' inactive >>>>>>>
2025-11-20 14:57:38,891 : INFO : EventManager : Event: ======'balldevice_bd_trough_ball_eject_failed'====== Args={'target': <ball_device.bd_plunger>, 'balls': 1, 'retry': True, 'num_attempts': 0}
2025-11-20 14:57:38,892 : WARNING : ball_device.bd_trough : Path to <ball_device.bd_plunger> canceled. Assuming the ball jumped to <playfield.playfield>.
2025-11-20 14:57:38,892 : INFO : EventManager : Event: ======'balldevice_playfield_ball_enter'====== Args={'new_balls': 1, 'unclaimed_balls': 1, 'device': <playfield.playfield>}
2025-11-20 14:57:38,892 : INFO : EventManager : Event: ======'playfield_ball_count_change'====== Args={'balls': 1, 'change': 1}
2025-11-20 14:57:38,892 : INFO : ball_device.bd_trough : 1 ball(s) missing from device. Mechanical eject? False
2025-11-20 14:57:38,892 : INFO : EventManager : Event: ======'balldevice_bd_trough_ball_missing'====== Args={'balls': 1}
2025-11-20 14:57:38,892 : INFO : ball_device.bd_plunger : State: idle
2025-11-20 14:57:38,892 : INFO : EventManager : Event: ======'balldevice_ball_missing'====== Args={'balls': 1, 'name': 'bd_trough'}
2025-11-20 14:57:38,894 : INFO : EventManager : Event: ======'balldevice_bd_trough_ball_count_changed'====== Args={'balls': 5}
2025-11-20 14:57:38,894 : INFO : ball_device.bd_trough : State: idle
2025-11-20 14:57:39,260 : INFO : SwitchController : <<<<<<< 's_right_orbit2' active >>>>>>>
2025-11-20 14:57:39,260 : INFO : EventManager : Event: ======'s_right_orbit2_active'====== Args={}
2025-11-20 14:57:39,260 : INFO : EventManager : Event: ======'sw_playfield_active'====== Args={}
2025-11-20 14:57:39,260 : INFO : EventManager : Event: ======'machine_var_audits_switches_s_right_orbit2'====== Args={'value': 2, 'prev_value': 1, 'change': 1}
2025-11-20 14:57:39,261 : INFO : EventManager : Event: ======'right_orbit_hit'====== Args={'elapsed': 0.5150000000139698}
2025-11-20 14:57:39,261 : INFO : EventManager : Event: ======'player_score'====== Args={'value': 15000, 'prev_value': 10000, 'change': 5000, 'player_num': 1, 'source': 'score'}
2025-11-20 14:57:39,261 : INFO : EventManager : Event: ======'orbit_fx1'====== Args={'elapsed': 0.5150000000139698}
2025-11-20 14:57:39,261 : INFO : show_player : key_right_orbit_hit
2025-11-20 14:57:39,326 : INFO : SwitchController : <<<<<<< 's_right_orbit2' inactive >>>>>>>
2025-11-20 14:57:53,567 : INFO : SwitchController : <<<<<<< 's_right_orbit' active >>>>>>>
2025-11-20 14:57:53,567 : INFO : EventManager : Event: ======'s_right_orbit_active'====== Args={}
2025-11-20 14:57:53,568 : INFO : EventManager : Event: ======'machine_var_audits_switches_s_right_orbit'====== Args={'value': 253, 'prev_value': 252, 'change': 1}
2025-11-20 14:57:53,647 : INFO : SwitchController : <<<<<<< 's_right_orbit' inactive >>>>>>>
2025-11-20 14:57:54,047 : INFO : SwitchController : <<<<<<< 's_right_orbit2' active >>>>>>>
2025-11-20 14:57:54,048 : INFO : EventManager : Event: ======'s_right_orbit2_active'====== Args={}
2025-11-20 14:57:54,048 : INFO : EventManager : Event: ======'sw_playfield_active'====== Args={}
2025-11-20 14:57:54,048 : INFO : EventManager : Event: ======'machine_var_audits_switches_s_right_orbit2'====== Args={'value': 3, 'prev_value': 2, 'change': 1}
2025-11-20 14:57:54,048 : INFO : EventManager : Event: ======'right_orbit_hit'====== Args={'elapsed': 0.46799999999348074}
2025-11-20 14:57:54,049 : INFO : EventManager : Event: ======'player_score'====== Args={'value': 20000, 'prev_value': 15000, 'change': 5000, 'player_num': 1, 'source': 'score'}
2025-11-20 14:57:54,049 : INFO : EventManager : Event: ======'orbit_fx2'====== Args={'elapsed': 0.46799999999348074}
2025-11-20 14:57:54,049 : INFO : show_player : key_right_orbit_hit
2025-11-20 14:57:54,110 : INFO : SwitchController : <<<<<<< 's_right_orbit2' inactive >>>>>>>
2025-11-20 14:57:57,185 : INFO : SwitchController : <<<<<<< 's_right_orbit' active >>>>>>>
2025-11-20 14:57:57,185 : INFO : EventManager : Event: ======'s_right_orbit_active'====== Args={}
2025-11-20 14:57:57,185 : INFO : EventManager : Event: ======'machine_var_audits_switches_s_right_orbit'====== Args={'value': 254, 'prev_value': 253, 'change': 1}
2025-11-20 14:57:57,240 : INFO : SwitchController : <<<<<<< 's_right_orbit' inactive >>>>>>>
2025-11-20 14:57:58,182 : INFO : EventManager : Event: ======'right_orbit_timeout'====== Args={}
2025-11-20 14:57:58,203 : INFO : SwitchController : <<<<<<< 's_right_orbit2' active >>>>>>>
2025-11-20 14:57:58,205 : INFO : EventManager : Event: ======'s_right_orbit2_active'====== Args={}
2025-11-20 14:57:58,205 : INFO : EventManager : Event: ======'sw_playfield_active'====== Args={}
2025-11-20 14:57:58,205 : INFO : EventManager : Event: ======'machine_var_audits_switches_s_right_orbit2'====== Args={'value': 4, 'prev_value': 3, 'change': 1}
2025-11-20 14:57:58,283 : INFO : SwitchController : <<<<<<< 's_right_orbit2' inactive >>>>>>>
2025-11-20 14:57:59,638 : INFO : SwitchController : <<<<<<< 's_right_orbit' active >>>>>>>
2025-11-20 14:57:59,638 : INFO : EventManager : Event: ======'s_right_orbit_active'====== Args={}
2025-11-20 14:57:59,638 : INFO : EventManager : Event: ======'machine_var_audits_switches_s_right_orbit'====== Args={'value': 255, 'prev_value': 254, 'change': 1}
2025-11-20 14:57:59,718 : INFO : SwitchController : <<<<<<< 's_right_orbit' inactive >>>>>>>
2025-11-20 14:58:00,195 : INFO : SwitchController : <<<<<<< 's_right_orbit2' active >>>>>>>
2025-11-20 14:58:00,196 : INFO : EventManager : Event: ======'s_right_orbit2_active'====== Args={}
2025-11-20 14:58:00,196 : INFO : EventManager : Event: ======'sw_playfield_active'====== Args={}
2025-11-20 14:58:00,196 : INFO : EventManager : Event: ======'machine_var_audits_switches_s_right_orbit2'====== Args={'value': 5, 'prev_value': 4, 'change': 1}
2025-11-20 14:58:00,196 : INFO : EventManager : Event: ======'right_orbit_hit'====== Args={'elapsed': 0.5629999999946449}
2025-11-20 14:58:00,196 : INFO : EventManager : Event: ======'player_score'====== Args={'value': 25000, 'prev_value': 20000, 'change': 5000, 'player_num': 1, 'source': 'score'}
2025-11-20 14:58:00,196 : INFO : EventManager : Event: ======'orbit_fx1'====== Args={'elapsed': 0.5629999999946449}
2025-11-20 14:58:00,197 : INFO : show_player : key_right_orbit_hit
2025-11-20 14:58:00,270 : INFO : SwitchController : <<<<<<< 's_right_orbit2' inactive >>>>>>>
2025-11-20 14:58:01,168 : INFO : SwitchController : <<<<<<< 's_right_orbit' active >>>>>>>
2025-11-20 14:58:01,168 : INFO : EventManager : Event: ======'s_right_orbit_active'====== Args={}
2025-11-20 14:58:01,168 : INFO : EventManager : Event: ======'machine_var_audits_switches_s_right_orbit'====== Args={'value': 256, 'prev_value': 255, 'change': 1}
2025-11-20 14:58:01,232 : INFO : SwitchController : <<<<<<< 's_right_orbit' inactive >>>>>>>
2025-11-20 14:58:01,619 : INFO : SwitchController : <<<<<<< 's_right_orbit2' active >>>>>>>
2025-11-20 14:58:01,619 : INFO : EventManager : Event: ======'s_right_orbit2_active'====== Args={}
2025-11-20 14:58:01,619 : INFO : EventManager : Event: ======'sw_playfield_active'====== Args={}
2025-11-20 14:58:01,619 : INFO : EventManager : Event: ======'machine_var_audits_switches_s_right_orbit2'====== Args={'value': 6, 'prev_value': 5, 'change': 1}
2025-11-20 14:58:01,619 : INFO : EventManager : Event: ======'right_orbit_hit'====== Args={'elapsed': 0.4539999999979045}
2025-11-20 14:58:01,620 : INFO : EventManager : Event: ======'player_score'====== Args={'value': 30000, 'prev_value': 25000, 'change': 5000, 'player_num': 1, 'source': 'score'}
2025-11-20 14:58:01,620 : INFO : EventManager : Event: ======'orbit_fx2'====== Args={'elapsed': 0.4539999999979045}
2025-11-20 14:58:01,620 : INFO : show_player : key_right_orbit_hit
2025-11-20 14:58:01,675 : INFO : SwitchController : <<<<<<< 's_right_orbit2' inactive >>>>>>>
2025-11-20 14:58:02,813 : INFO : SwitchController : <<<<<<< 's_right_orbit' active >>>>>>>
2025-11-20 14:58:02,813 : INFO : EventManager : Event: ======'s_right_orbit_active'====== Args={}
2025-11-20 14:58:02,813 : INFO : EventManager : Event: ======'machine_var_audits_switches_s_right_orbit'====== Args={'value': 257, 'prev_value': 256, 'change': 1}
2025-11-20 14:58:02,890 : INFO : SwitchController : <<<<<<< 's_right_orbit' inactive >>>>>>>
2025-11-20 14:58:03,335 : INFO : SwitchController : <<<<<<< 's_right_orbit2' active >>>>>>>
2025-11-20 14:58:03,335 : INFO : EventManager : Event: ======'s_right_orbit2_active'====== Args={}
2025-11-20 14:58:03,335 : INFO : EventManager : Event: ======'sw_playfield_active'====== Args={}
2025-11-20 14:58:03,335 : INFO : EventManager : Event: ======'machine_var_audits_switches_s_right_orbit2'====== Args={'value': 7, 'prev_value': 6, 'change': 1}
2025-11-20 14:58:03,336 : INFO : EventManager : Event: ======'right_orbit_hit'====== Args={'elapsed': 0.5309999999881256}
2025-11-20 14:58:03,336 : INFO : EventManager : Event: ======'player_score'====== Args={'value': 35000, 'prev_value': 30000, 'change': 5000, 'player_num': 1, 'source': 'score'}
2025-11-20 14:58:03,336 : INFO : EventManager : Event: ======'orbit_fx1'====== Args={'elapsed': 0.5309999999881256}
2025-11-20 14:58:03,336 : INFO : show_player : key_right_orbit_hit
2025-11-20 14:58:03,401 : INFO : SwitchController : <<<<<<< 's_right_orbit2' inactive >>>>>>>
2025-11-20 14:58:04,508 : INFO : SwitchController : <<<<<<< 's_right_orbit' active >>>>>>>
2025-11-20 14:58:04,508 : INFO : EventManager : Event: ======'s_right_orbit_active'====== Args={}
2025-11-20 14:58:04,509 : INFO : EventManager : Event: ======'machine_var_audits_switches_s_right_orbit'====== Args={'value': 258, 'prev_value': 257, 'change': 1}
2025-11-20 14:58:04,600 : INFO : SwitchController : <<<<<<< 's_right_orbit' inactive >>>>>>>
2025-11-20 14:58:05,036 : INFO : SwitchController : <<<<<<< 's_right_orbit2' active >>>>>>>
2025-11-20 14:58:05,036 : INFO : EventManager : Event: ======'s_right_orbit2_active'====== Args={}
2025-11-20 14:58:05,036 : INFO : EventManager : Event: ======'sw_playfield_active'====== Args={}
2025-11-20 14:58:05,036 : INFO : EventManager : Event: ======'machine_var_audits_switches_s_right_orbit2'====== Args={'value': 8, 'prev_value': 7, 'change': 1}
2025-11-20 14:58:05,037 : INFO : EventManager : Event: ======'right_orbit_hit'====== Args={'elapsed': 0.5309999999881256}
2025-11-20 14:58:05,037 : INFO : EventManager : Event: ======'player_score'====== Args={'value': 40000, 'prev_value': 35000, 'change': 5000, 'player_num': 1, 'source': 'score'}
2025-11-20 14:58:05,037 : INFO : EventManager : Event: ======'orbit_fx2'====== Args={'elapsed': 0.5309999999881256}
2025-11-20 14:58:05,037 : INFO : show_player : key_right_orbit_hit
2025-11-20 14:58:05,106 : INFO : SwitchController : <<<<<<< 's_right_orbit2' inactive >>>>>>>
2025-11-20 14:58:06,070 : INFO : SwitchController : <<<<<<< 's_right_orbit' active >>>>>>>
2025-11-20 14:58:06,071 : INFO : EventManager : Event: ======'s_right_orbit_active'====== Args={}
2025-11-20 14:58:06,071 : INFO : EventManager : Event: ======'machine_var_audits_switches_s_right_orbit'====== Args={'value': 259, 'prev_value': 258, 'change': 1}
2025-11-20 14:58:06,138 : INFO : SwitchController : <<<<<<< 's_right_orbit' inactive >>>>>>>
2025-11-20 14:58:06,581 : INFO : SwitchController : <<<<<<< 's_right_orbit2' active >>>>>>>
2025-11-20 14:58:06,581 : INFO : EventManager : Event: ======'s_right_orbit2_active'====== Args={}
2025-11-20 14:58:06,581 : INFO : EventManager : Event: ======'sw_playfield_active'====== Args={}
2025-11-20 14:58:06,581 : INFO : EventManager : Event: ======'machine_var_audits_switches_s_right_orbit2'====== Args={'value': 9, 'prev_value': 8, 'change': 1}
2025-11-20 14:58:06,582 : INFO : EventManager : Event: ======'right_orbit_hit'====== Args={'elapsed': 0.5}
2025-11-20 14:58:06,582 : INFO : EventManager : Event: ======'player_score'====== Args={'value': 45000, 'prev_value': 40000, 'change': 5000, 'player_num': 1, 'source': 'score'}
2025-11-20 14:58:06,582 : INFO : EventManager : Event: ======'orbit_fx1'====== Args={'elapsed': 0.5}
2025-11-20 14:58:06,582 : INFO : show_player : key_right_orbit_hit
2025-11-20 14:58:06,651 : INFO : SwitchController : <<<<<<< 's_right_orbit2' inactive >>>>>>>
2025-11-20 14:58:08,224 : INFO : SwitchController : <<<<<<< 's_right_orbit' active >>>>>>>
2025-11-20 14:58:08,224 : INFO : EventManager : Event: ======'s_right_orbit_active'====== Args={}
2025-11-20 14:58:08,224 : INFO : EventManager : Event: ======'machine_var_audits_switches_s_right_orbit'====== Args={'value': 260, 'prev_value': 259, 'change': 1}
2025-11-20 14:58:08,302 : INFO : SwitchController : <<<<<<< 's_right_orbit' inactive >>>>>>>
2025-11-20 14:58:08,788 : INFO : SwitchController : <<<<<<< 's_right_orbit2' active >>>>>>>
2025-11-20 14:58:08,788 : INFO : EventManager : Event: ======'s_right_orbit2_active'====== Args={}
2025-11-20 14:58:08,789 : INFO : EventManager : Event: ======'sw_playfield_active'====== Args={}
2025-11-20 14:58:08,789 : INFO : EventManager : Event: ======'machine_var_audits_switches_s_right_orbit2'====== Args={'value': 10, 'prev_value': 9, 'change': 1}
2025-11-20 14:58:08,789 : INFO : EventManager : Event: ======'right_orbit_hit'====== Args={'elapsed': 0.5620000000053551}
2025-11-20 14:58:08,789 : INFO : EventManager : Event: ======'player_score'====== Args={'value': 50000, 'prev_value': 45000, 'change': 5000, 'player_num': 1, 'source': 'score'}
2025-11-20 14:58:08,789 : INFO : EventManager : Event: ======'orbit_fx2'====== Args={'elapsed': 0.5620000000053551}
2025-11-20 14:58:08,790 : INFO : show_player : key_right_orbit_hit
2025-11-20 14:58:08,854 : INFO : SwitchController : <<<<<<< 's_right_orbit2' inactive >>>>>>>
2025-11-20 14:58:10,801 : INFO : SwitchController : <<<<<<< 's_right_orbit' active >>>>>>>
2025-11-20 14:58:10,801 : INFO : EventManager : Event: ======'s_right_orbit_active'====== Args={}
2025-11-20 14:58:10,801 : INFO : EventManager : Event: ======'machine_var_audits_switches_s_right_orbit'====== Args={'value': 261, 'prev_value': 260, 'change': 1}
2025-11-20 14:58:10,867 : INFO : SwitchController : <<<<<<< 's_right_orbit' inactive >>>>>>>
2025-11-20 14:58:11,392 : INFO : SwitchController : <<<<<<< 's_right_orbit2' active >>>>>>>
2025-11-20 14:58:11,392 : INFO : EventManager : Event: ======'s_right_orbit2_active'====== Args={}
2025-11-20 14:58:11,393 : INFO : EventManager : Event: ======'sw_playfield_active'====== Args={}
2025-11-20 14:58:11,393 : INFO : EventManager : Event: ======'machine_var_audits_switches_s_right_orbit2'====== Args={'value': 11, 'prev_value': 10, 'change': 1}
2025-11-20 14:58:11,393 : INFO : EventManager : Event: ======'right_orbit_hit'====== Args={'elapsed': 0.5780000000086147}
2025-11-20 14:58:11,393 : INFO : EventManager : Event: ======'player_score'====== Args={'value': 55000, 'prev_value': 50000, 'change': 5000, 'player_num': 1, 'source': 'score'}
2025-11-20 14:58:11,393 : INFO : EventManager : Event: ======'orbit_fx1'====== Args={'elapsed': 0.5780000000086147}
2025-11-20 14:58:11,394 : INFO : show_player : key_right_orbit_hit
2025-11-20 14:58:11,444 : INFO : SwitchController : <<<<<<< 's_right_orbit2' inactive >>>>>>>
2025-11-20 14:58:13,601 : INFO : SwitchController : <<<<<<< 's_left_orbit' active >>>>>>>
2025-11-20 14:58:13,602 : INFO : EventManager : Event: ======'s_left_orbit_active'====== Args={}
2025-11-20 14:58:13,602 : INFO : EventManager : Event: ======'machine_var_audits_switches_s_left_orbit'====== Args={'value': 337, 'prev_value': 336, 'change': 1}
2025-11-20 14:58:13,691 : INFO : SwitchController : <<<<<<< 's_left_orbit' inactive >>>>>>>
2025-11-20 14:58:14,084 : INFO : SwitchController : <<<<<<< 's_left_orbit2' active >>>>>>>
2025-11-20 14:58:14,084 : INFO : EventManager : Event: ======'s_left_orbit2_active'====== Args={}
2025-11-20 14:58:14,084 : INFO : EventManager : Event: ======'sw_playfield_active'====== Args={}
2025-11-20 14:58:14,084 : INFO : EventManager : Event: ======'machine_var_audits_switches_s_left_orbit2'====== Args={'value': 2, 'prev_value': 1, 'change': 1}
2025-11-20 14:58:14,085 : INFO : EventManager : Event: ======'left_orbit_hit'====== Args={'elapsed': 0.48399999999674037}
2025-11-20 14:58:14,085 : INFO : EventManager : Event: ======'player_score'====== Args={'value': 60000, 'prev_value': 55000, 'change': 5000, 'player_num': 1, 'source': 'score'}
2025-11-20 14:58:14,085 : INFO : EventManager : Event: ======'orbit_fx2'====== Args={'elapsed': 0.48399999999674037}
2025-11-20 14:58:14,085 : INFO : show_player : key_left_orbit_hit
2025-11-20 14:58:14,160 : INFO : SwitchController : <<<<<<< 's_left_orbit2' inactive >>>>>>>
2025-11-20 14:58:16,227 : INFO : SwitchController : <<<<<<< 's_left_orbit' active >>>>>>>
2025-11-20 14:58:16,227 : INFO : EventManager : Event: ======'s_left_orbit_active'====== Args={}
2025-11-20 14:58:16,227 : INFO : EventManager : Event: ======'machine_var_audits_switches_s_left_orbit'====== Args={'value': 338, 'prev_value': 337, 'change': 1}
2025-11-20 14:58:16,281 : INFO : SwitchController : <<<<<<< 's_left_orbit' inactive >>>>>>>
2025-11-20 14:58:16,731 : INFO : SwitchController : <<<<<<< 's_left_orbit2' active >>>>>>>
2025-11-20 14:58:16,731 : INFO : EventManager : Event: ======'s_left_orbit2_active'====== Args={}
2025-11-20 14:58:16,732 : INFO : EventManager : Event: ======'sw_playfield_active'====== Args={}
2025-11-20 14:58:16,732 : INFO : EventManager : Event: ======'machine_var_audits_switches_s_left_orbit2'====== Args={'value': 3, 'prev_value': 2, 'change': 1}
2025-11-20 14:58:16,732 : INFO : EventManager : Event: ======'left_orbit_hit'====== Args={'elapsed': 0.5}
2025-11-20 14:58:16,732 : INFO : EventManager : Event: ======'player_score'====== Args={'value': 65000, 'prev_value': 60000, 'change': 5000, 'player_num': 1, 'source': 'score'}
2025-11-20 14:58:16,732 : INFO : EventManager : Event: ======'orbit_fx1'====== Args={'elapsed': 0.5}
2025-11-20 14:58:16,733 : INFO : show_player : key_left_orbit_hit
2025-11-20 14:58:16,801 : INFO : SwitchController : <<<<<<< 's_left_orbit2' inactive >>>>>>>
2025-11-20 14:58:23,944 : INFO : SwitchController : <<<<<<< 'SpinnerLeft' active >>>>>>>
2025-11-20 14:58:23,945 : INFO : EventManager : Event: ======'SpinnerLeft_active'====== Args={}
2025-11-20 14:58:23,945 : INFO : EventManager : Event: ======'machine_var_audits_switches_SpinnerLeft'====== Args={'value': 4, 'prev_value': 3, 'change': 1}
2025-11-20 14:58:23,945 : INFO : EventManager : Event: ======'player_score'====== Args={'value': 66010, 'prev_value': 65000, 'change': 1010, 'player_num': 1, 'source': 'score'}
2025-11-20 14:58:23,945 : INFO : EventManager : Event: ======'spinner_fx2'====== Args={}
2025-11-20 14:58:23,945 : INFO : show_player : key_s_left_spinner_active
2025-11-20 14:58:26,562 : INFO : SwitchController : <<<<<<< 'SpinnerLeft' inactive >>>>>>>
2025-11-20 14:58:26,625 : INFO : SwitchController : <<<<<<< 'SpinnerLeft' active >>>>>>>
2025-11-20 14:58:26,625 : INFO : EventManager : Event: ======'SpinnerLeft_active'====== Args={}
2025-11-20 14:58:26,625 : INFO : EventManager : Event: ======'machine_var_audits_switches_SpinnerLeft'====== Args={'value': 5, 'prev_value': 4, 'change': 1}
2025-11-20 14:58:26,626 : INFO : EventManager : Event: ======'player_score'====== Args={'value': 67020, 'prev_value': 66010, 'change': 1010, 'player_num': 1, 'source': 'score'}
2025-11-20 14:58:26,626 : INFO : EventManager : Event: ======'spinner_fx7'====== Args={}
2025-11-20 14:58:26,626 : INFO : show_player : key_s_left_spinner_active
2025-11-20 14:58:27,282 : INFO : SwitchController : <<<<<<< 'SpinnerLeft' inactive >>>>>>>
2025-11-20 14:58:27,354 : INFO : SwitchController : <<<<<<< 'SpinnerLeft' active >>>>>>>
2025-11-20 14:58:27,354 : INFO : EventManager : Event: ======'SpinnerLeft_active'====== Args={}
2025-11-20 14:58:27,355 : INFO : EventManager : Event: ======'machine_var_audits_switches_SpinnerLeft'====== Args={'value': 6, 'prev_value': 5, 'change': 1}
2025-11-20 14:58:27,355 : INFO : EventManager : Event: ======'player_score'====== Args={'value': 68030, 'prev_value': 67020, 'change': 1010, 'player_num': 1, 'source': 'score'}
2025-11-20 14:58:27,355 : INFO : EventManager : Event: ======'spinner_fx1'====== Args={}
2025-11-20 14:58:27,355 : INFO : show_player : key_s_left_spinner_active
2025-11-20 14:58:28,372 : INFO : SwitchController : <<<<<<< 'SpinnerRight' active >>>>>>>
2025-11-20 14:58:28,372 : INFO : EventManager : Event: ======'SpinnerRight_active'====== Args={}
2025-11-20 14:58:28,372 : INFO : EventManager : Event: ======'machine_var_audits_switches_SpinnerRight'====== Args={'value': 4, 'prev_value': 3, 'change': 1}
2025-11-20 14:58:28,372 : INFO : EventManager : Event: ======'player_score'====== Args={'value': 69040, 'prev_value': 68030, 'change': 1010, 'player_num': 1, 'source': 'score'}
2025-11-20 14:58:28,374 : INFO : EventManager : Event: ======'spinner_fx8'====== Args={}
2025-11-20 14:58:28,374 : INFO : show_player : key_s_right_spinner_active
2025-11-20 14:58:29,823 : INFO : SwitchController : <<<<<<< 'SpinnerRight' inactive >>>>>>>
2025-11-20 14:58:29,863 : INFO : SwitchController : <<<<<<< 'SpinnerRight' active >>>>>>>
2025-11-20 14:58:29,863 : INFO : EventManager : Event: ======'SpinnerRight_active'====== Args={}
2025-11-20 14:58:29,863 : INFO : EventManager : Event: ======'machine_var_audits_switches_SpinnerRight'====== Args={'value': 5, 'prev_value': 4, 'change': 1}
2025-11-20 14:58:29,863 : INFO : EventManager : Event: ======'player_score'====== Args={'value': 70050, 'prev_value': 69040, 'change': 1010, 'player_num': 1, 'source': 'score'}
2025-11-20 14:58:29,864 : INFO : EventManager : Event: ======'spinner_fx2'====== Args={}
2025-11-20 14:58:29,864 : INFO : show_player : key_s_right_spinner_active
2025-11-20 14:58:30,544 : INFO : SwitchController : <<<<<<< 'SpinnerRight' inactive >>>>>>>
2025-11-20 14:58:30,601 : INFO : SwitchController : <<<<<<< 'SpinnerRight' active >>>>>>>
2025-11-20 14:58:30,601 : INFO : EventManager : Event: ======'SpinnerRight_active'====== Args={}
2025-11-20 14:58:30,601 : INFO : EventManager : Event: ======'machine_var_audits_switches_SpinnerRight'====== Args={'value': 6, 'prev_value': 5, 'change': 1}
2025-11-20 14:58:30,602 : INFO : EventManager : Event: ======'player_score'====== Args={'value': 71060, 'prev_value': 70050, 'change': 1010, 'player_num': 1, 'source': 'score'}
2025-11-20 14:58:30,602 : INFO : EventManager : Event: ======'spinner_fx6'====== Args={}
2025-11-20 14:58:30,602 : INFO : show_player : key_s_right_spinner_active
2025-11-20 14:58:31,549 : INFO : SwitchController : <<<<<<< 'SpinnerLeft' inactive >>>>>>>
2025-11-20 14:58:31,613 : INFO : SwitchController : <<<<<<< 'SpinnerLeft' active >>>>>>>
2025-11-20 14:58:31,613 : INFO : EventManager : Event: ======'SpinnerLeft_active'====== Args={}
2025-11-20 14:58:31,613 : INFO : EventManager : Event: ======'machine_var_audits_switches_SpinnerLeft'====== Args={'value': 7, 'prev_value': 6, 'change': 1}
2025-11-20 14:58:31,614 : INFO : EventManager : Event: ======'player_score'====== Args={'value': 72070, 'prev_value': 71060, 'change': 1010, 'player_num': 1, 'source': 'score'}
2025-11-20 14:58:31,614 : INFO : EventManager : Event: ======'spinner_fx5'====== Args={}
2025-11-20 14:58:31,614 : INFO : show_player : key_s_left_spinner_active
2025-11-20 14:58:32,376 : INFO : SwitchController : <<<<<<< 'SpinnerLeft' inactive >>>>>>>
2025-11-20 14:58:33,183 : INFO : SwitchController : <<<<<<< 'SpinnerRight' inactive >>>>>>>
2025-11-20 14:58:33,757 : INFO : SwitchController : <<<<<<< 'SpinnerRight' active >>>>>>>
2025-11-20 14:58:33,757 : INFO : EventManager : Event: ======'SpinnerRight_active'====== Args={}
2025-11-20 14:58:33,757 : INFO : EventManager : Event: ======'machine_var_audits_switches_SpinnerRight'====== Args={'value': 7, 'prev_value': 6, 'change': 1}
2025-11-20 14:58:33,758 : INFO : EventManager : Event: ======'player_score'====== Args={'value': 73080, 'prev_value': 72070, 'change': 1010, 'player_num': 1, 'source': 'score'}
2025-11-20 14:58:33,758 : INFO : EventManager : Event: ======'spinner_fx5'====== Args={}
2025-11-20 14:58:33,758 : INFO : show_player : key_s_right_spinner_active
2025-11-20 14:58:33,794 : INFO : SwitchController : <<<<<<< 'SpinnerRight' inactive >>>>>>>
2025-11-20 14:58:34,831 : INFO : SwitchController : <<<<<<< 'SpinnerLeft' active >>>>>>>
2025-11-20 14:58:34,831 : INFO : EventManager : Event: ======'SpinnerLeft_active'====== Args={}
2025-11-20 14:58:34,831 : INFO : EventManager : Event: ======'machine_var_audits_switches_SpinnerLeft'====== Args={'value': 8, 'prev_value': 7, 'change': 1}
2025-11-20 14:58:34,831 : INFO : EventManager : Event: ======'player_score'====== Args={'value': 74090, 'prev_value': 73080, 'change': 1010, 'player_num': 1, 'source': 'score'}
2025-11-20 14:58:34,832 : INFO : EventManager : Event: ======'spinner_fx3'====== Args={}
2025-11-20 14:58:34,832 : INFO : show_player : key_s_left_spinner_active
2025-11-20 14:58:34,959 : INFO : SwitchController : <<<<<<< 'SpinnerLeft' inactive >>>>>>>
2025-11-20 14:58:35,776 : INFO : SwitchController : <<<<<<< 'SpinnerLeft' active >>>>>>>
2025-11-20 14:58:35,776 : INFO : EventManager : Event: ======'SpinnerLeft_active'====== Args={}
2025-11-20 14:58:35,776 : INFO : EventManager : Event: ======'machine_var_audits_switches_SpinnerLeft'====== Args={'value': 9, 'prev_value': 8, 'change': 1}
2025-11-20 14:58:35,777 : INFO : EventManager : Event: ======'player_score'====== Args={'value': 75100, 'prev_value': 74090, 'change': 1010, 'player_num': 1, 'source': 'score'}
2025-11-20 14:58:35,777 : INFO : EventManager : Event: ======'spinner_fx4'====== Args={}
2025-11-20 14:58:35,777 : INFO : show_player : key_s_left_spinner_active
2025-11-20 14:58:35,827 : INFO : SwitchController : <<<<<<< 'SpinnerLeft' inactive >>>>>>>
2025-11-20 14:58:37,615 : INFO : SwitchController : <<<<<<< 's_left_orbit' active >>>>>>>
2025-11-20 14:58:37,615 : INFO : EventManager : Event: ======'s_left_orbit_active'====== Args={}
2025-11-20 14:58:37,615 : INFO : EventManager : Event: ======'machine_var_audits_switches_s_left_orbit'====== Args={'value': 339, 'prev_value': 338, 'change': 1}
2025-11-20 14:58:37,677 : INFO : SwitchController : <<<<<<< 's_left_orbit' inactive >>>>>>>
2025-11-20 14:58:38,620 : INFO : EventManager : Event: ======'left_orbit_timeout'====== Args={}
2025-11-20 14:58:39,199 : INFO : SwitchController : <<<<<<< 's_left_orbit2' active >>>>>>>
2025-11-20 14:58:39,200 : INFO : EventManager : Event: ======'s_left_orbit2_active'====== Args={}
2025-11-20 14:58:39,200 : INFO : EventManager : Event: ======'sw_playfield_active'====== Args={}
2025-11-20 14:58:39,200 : INFO : EventManager : Event: ======'machine_var_audits_switches_s_left_orbit2'====== Args={'value': 4, 'prev_value': 3, 'change': 1}
2025-11-20 14:58:39,252 : INFO : SwitchController : <<<<<<< 's_left_orbit2' inactive >>>>>>>
