2025-11-15 17:27:39,339 : INFO : root : Loading config.
2025-11-15 17:27:39,339 : INFO : YamlMultifileConfigLoader : Machine config file #1: config.yaml
2025-11-15 17:27:39,339 : INFO : ConfigProcessor : Loading config from cache: C:\Users\carr-\AppData\Local\Temp\23e177fce4903a9a69d69f474fa748a1.mpf_cache
2025-11-15 17:27:39,353 : WARNING : ConfigProcessor : Config file in cache changed: C:\Users\carr-\Documents\development\diehard-mpf\config\lights.yaml
2025-11-15 17:27:39,353 : INFO : ConfigProcessor : Loading config from file C:\Users\carr-\Documents\development\mpf080\mpf\mpfconfig.yaml.
2025-11-15 17:27:39,362 : INFO : ConfigProcessor : Loading config: C:\Users\carr-\Documents\development\mpf080\mpf\mpfconfig.yaml
2025-11-15 17:27:39,362 : INFO : ConfigProcessor : Loading config from file C:\Users\carr-\Documents\development\diehard-mpf\config\config.yaml.
2025-11-15 17:27:39,366 : INFO : ConfigProcessor : Loading config: C:\Users\carr-\Documents\development\diehard-mpf\config\config.yaml
2025-11-15 17:27:39,368 : INFO : ConfigProcessor : Loading config: C:\Users\carr-\Documents\development\diehard-mpf\config\ball_devices.yaml
2025-11-15 17:27:39,371 : INFO : ConfigProcessor : Loading config: C:\Users\carr-\Documents\development\diehard-mpf\config\coils.yaml
2025-11-15 17:27:39,386 : INFO : ConfigProcessor : Loading config: C:\Users\carr-\Documents\development\diehard-mpf\config\lights.yaml
2025-11-15 17:27:39,386 : INFO : ConfigProcessor : Loading config: C:\Users\carr-\Documents\development\diehard-mpf\config\shot_profiles.yaml
2025-11-15 17:27:39,391 : INFO : ConfigProcessor : Loading config: C:\Users\carr-\Documents\development\diehard-mpf\config\switches.yaml
2025-11-15 17:27:39,391 : INFO : ConfigProcessor : Config file cache created: C:\Users\carr-\AppData\Local\Temp\23e177fce4903a9a69d69f474fa748a1.mpf_cache
2025-11-15 17:27:39,458 : INFO : ConfigProcessor : Loading config from cache: C:\Users\carr-\AppData\Local\Temp\2f9bbeccf93c71693a410725897ab70d.mpf_cache
2025-11-15 17:27:39,458 : INFO : ConfigProcessor : Loading config from cache: C:\Users\carr-\AppData\Local\Temp\71986c9cb54d44e1ee87b7d4d0f68024.mpf_cache
2025-11-15 17:27:39,458 : INFO : ConfigProcessor : Loading config from cache: C:\Users\carr-\AppData\Local\Temp\2f9bbeccf93c71693a410725897ab70d.mpf_cache
2025-11-15 17:27:39,458 : INFO : ConfigProcessor : Loading config from cache: C:\Users\carr-\AppData\Local\Temp\460998002e273cec26232c9157d92984.mpf_cache
2025-11-15 17:27:39,458 : INFO : ConfigProcessor : Loading config from cache: C:\Users\carr-\AppData\Local\Temp\1113c1d20ec4e70f79a7ed8de50ab69e.mpf_cache
2025-11-15 17:27:39,458 : INFO : ConfigProcessor : Loading config from cache: C:\Users\carr-\AppData\Local\Temp\668dbdbfcbfe997663fcbdfe0871c0b4.mpf_cache
2025-11-15 17:27:39,458 : INFO : ConfigProcessor : Loading config from cache: C:\Users\carr-\AppData\Local\Temp\5bdb9da15c9005c4036d70c7ddf4c03f.mpf_cache
2025-11-15 17:27:39,458 : INFO : ConfigProcessor : Loading config from cache: C:\Users\carr-\AppData\Local\Temp\4ef2cae97e908c683695ed521c4a6650.mpf_cache
2025-11-15 17:27:39,458 : INFO : ConfigProcessor : Loading config from cache: C:\Users\carr-\AppData\Local\Temp\3675271a3c90b9f1f0f947db698ba341.mpf_cache
2025-11-15 17:27:39,473 : INFO : Machine : Mission Pinball Framework Core Engine v0.80.0.dev6
2025-11-15 17:27:39,473 : INFO : Machine : Command line arguments: {'no_load_cache': False, 'create_config_cache': True, 'bcp': False, 'configfile': ['config.yaml'], 'force_assets_load': False, 'platform_integration_test': False, 'jsonlogging': False, 'logfile': 'logs\\2025-11-15-17-27-39-mpf-LAPTOP-99TN7EPH.log', 'pause': False, 'production': False, 'text_ui': False, 'loglevel': 15, 'consoleloglevel': 10, 'force_platform': 'smart_virtual', 'syslog_address': None, 'full_logfile_path': 'C:\\Users\\carr-\\Documents\\development\\diehard-mpf\\logs\\2025-11-15-17-27-39-mpf-LAPTOP-99TN7EPH.log'}
2025-11-15 17:27:39,473 : INFO : Machine : MPF path: C:\Users\carr-\Documents\development\mpf080\mpf
2025-11-15 17:27:39,473 : INFO : Machine : Machine path: C:\Users\carr-\Documents\development\diehard-mpf
2025-11-15 17:27:39,473 : INFO : Machine : Platform: win32
2025-11-15 17:27:39,473 : INFO : Machine : Python executable location: C:\Users\carr-\Documents\development\mpf080\mpfenv\Scripts\python.exe
2025-11-15 17:27:39,473 : INFO : Machine : Python version: 3.9.13 (64-bit)
2025-11-15 17:27:39,476 : INFO : Machine : Initializing MPF...
2025-11-15 17:27:39,524 : INFO : EventManager : Event: ======'machine_var_credits_string'====== Args={'value': 'FREE PLAY', 'prev_value': None, 'change': True}
2025-11-15 17:27:39,554 : INFO : EventManager : Event: ======'machine_var_fast_audio_headphones_volume'====== Args={'value': 10, 'prev_value': None, 'change': True}
2025-11-15 17:27:39,554 : INFO : EventManager : Event: ======'machine_var_fast_audio_main_volume'====== Args={'value': 60, 'prev_value': None, 'change': True}
2025-11-15 17:27:39,555 : INFO : EventManager : Event: ======'machine_var_master_volume'====== Args={'value': 0.5, 'prev_value': None, 'change': True}
2025-11-15 17:27:39,555 : INFO : EventManager : Event: ======'machine_var_player1_score'====== Args={'value': 17120, 'prev_value': None, 'change': True}
2025-11-15 17:27:39,555 : INFO : EventManager : Event: ======'machine_var_var_which_attract'====== Args={'value': 0, 'prev_value': None, 'change': True}
2025-11-15 17:27:39,555 : INFO : EventManager : Event: ======'machine_var_mpf_version'====== Args={'value': 'Mission Pinball Framework v0.80.0.dev6', 'prev_value': None, 'change': True}
2025-11-15 17:27:39,555 : INFO : EventManager : Event: ======'machine_var_mpf_extended_version'====== Args={'value': 'Mission Pinball Framework v0.80.0.dev6, Config version:6, Show version: 6, BCP version:1.1', 'prev_value': None, 'change': True}
2025-11-15 17:27:39,555 : INFO : EventManager : Event: ======'machine_var_python_version'====== Args={'value': '3.9.13', 'prev_value': None, 'change': True}
2025-11-15 17:27:39,582 : INFO : EventManager : Event: ======'machine_var_platform'====== Args={'value': 'Windows-10-10.0.26100-SP0', 'prev_value': None, 'change': True}
2025-11-15 17:27:39,582 : INFO : EventManager : Event: ======'machine_var_platform_system'====== Args={'value': 'Windows', 'prev_value': None, 'change': True}
2025-11-15 17:27:39,583 : INFO : EventManager : Event: ======'machine_var_platform_release'====== Args={'value': '10', 'prev_value': None, 'change': True}
2025-11-15 17:27:39,583 : INFO : EventManager : Event: ======'machine_var_platform_version'====== Args={'value': '10.0.26100', 'prev_value': None, 'change': True}
2025-11-15 17:27:39,583 : INFO : EventManager : Event: ======'machine_var_platform_machine'====== Args={'value': 'AMD64', 'prev_value': None, 'change': True}
2025-11-15 17:27:39,583 : INFO : EventManager : Event: ======'machine_var_log_file_path'====== Args={'value': 'C:\\Users\\carr-\\Documents\\development\\diehard-mpf\\logs\\2025-11-15-17-27-39-mpf-LAPTOP-99TN7EPH.log', 'prev_value': None, 'change': True}
2025-11-15 17:27:39,583 : INFO : EventManager : Event: ======'init_phase_1'====== Args={}
2025-11-15 17:27:39,633 : INFO : EventManager : Event: ======'drop_target_bank_bank_up'====== Args={}
2025-11-15 17:27:39,633 : INFO : EventManager : Event: ======'drop_target_bank_bank1_up'====== Args={}
2025-11-15 17:27:39,633 : INFO : EventManager : Event: ======'drop_target_bank_bank2_up'====== Args={}
2025-11-15 17:27:39,633 : INFO : EventManager : Event: ======'init_phase_2'====== Args={}
2025-11-15 17:27:39,633 : INFO : SwitchController : Found active switch: ('d-29', <Platform.SmartVirtual>) <switch.s_trough1>
2025-11-15 17:27:39,633 : INFO : SwitchController : Found active switch: ('d-24', <Platform.SmartVirtual>) <switch.s_trough2>
2025-11-15 17:27:39,633 : INFO : SwitchController : Found active switch: ('d-25', <Platform.SmartVirtual>) <switch.s_trough3>
2025-11-15 17:27:39,633 : INFO : SwitchController : Found active switch: ('d-26', <Platform.SmartVirtual>) <switch.s_trough4>
2025-11-15 17:27:39,633 : INFO : SwitchController : Found active switch: ('d-27', <Platform.SmartVirtual>) <switch.s_trough5>
2025-11-15 17:27:39,633 : INFO : SwitchController : Found active switch: ('d-28', <Platform.SmartVirtual>) <switch.s_trough6>
2025-11-15 17:27:39,633 : INFO : ball_device.bd_trough : BCH: Initial count: 6
2025-11-15 17:27:39,633 : INFO : ball_device.bd_trough : State: idle
2025-11-15 17:27:39,633 : INFO : ball_device.bd_plunger : BCH: Initial count: 0
2025-11-15 17:27:39,633 : INFO : ball_device.bd_plunger : State: idle
2025-11-15 17:27:39,633 : INFO : ball_device.kickervault1_eject : BCH: Initial count: 0
2025-11-15 17:27:39,633 : INFO : ball_device.kickervault1_eject : State: idle
2025-11-15 17:27:39,633 : INFO : ball_device.rightkicker : BCH: Initial count: 0
2025-11-15 17:27:39,633 : INFO : ball_device.rightkicker : State: idle
2025-11-15 17:27:39,633 : INFO : ball_device.UrampUp001 : BCH: Initial count: 0
2025-11-15 17:27:39,633 : INFO : ball_device.UrampUp001 : State: idle
2025-11-15 17:27:39,633 : INFO : ball_device.rightvuk : BCH: Initial count: 0
2025-11-15 17:27:39,633 : INFO : ball_device.rightvuk : State: idle
2025-11-15 17:27:39,633 : INFO : ball_device.towervuk : BCH: Initial count: 0
2025-11-15 17:27:39,633 : INFO : ball_device.towervuk : State: idle
2025-11-15 17:27:39,633 : INFO : ball_device.airplane : BCH: Initial count: 0
2025-11-15 17:27:39,633 : INFO : ball_device.airplane : State: idle
2025-11-15 17:27:39,654 : INFO : EventManager : Event: ======'init_phase_3'====== Args={}
2025-11-15 17:27:39,656 : INFO : EventManager : Event: ======'init_phase_4'====== Args={}
2025-11-15 17:27:39,656 : INFO : BallController : Initial balls found: 6
2025-11-15 17:27:39,658 : ERROR : asyncio : Exception in callback EventManager._queue_task_done(<Task finishe...light.l131>")>)
handle: <Handle EventManager._queue_task_done(<Task finishe...light.l131>")>)>
Traceback (most recent call last):
  File "C:\Users\carr-\AppData\Local\Programs\Python\Python39\lib\asyncio\events.py", line 80, in _run
    self._context.run(self._callback, *self._args)
  File "C:\Users\carr-\Documents\development\mpf080\mpf\core\events.py", line 795, in _queue_task_done
    future.result()
  File "C:\Users\carr-\Documents\development\mpf080\mpf\core\events.py", line 708, in _run_handlers_sequential
    handler.callback(queue=queue, **merged_kwargs)
  File "C:\Users\carr-\Documents\development\mpf080\mpf\devices\light.py", line 136, in _check_duplicate_light_numbers
    raise ConfigFileError(f"Duplicate number {type(driver)} {driver.number} for light {light}",
mpf.exceptions.config_file_error.ConfigFileError: Config File Error in light: Duplicate number <class 'mpf.platforms.virtual.VirtualLight'> led-playfield-4-16-r for light <light.l131> Context: (None, 'led-playfield-4-16-r', <class 'mpf.platforms.virtual.VirtualLight'>) Error Code: CFE-light-10 (https://missionpinball.org/logs)
2025-11-15 17:27:39,658 : INFO : Machine : Starting the main run loop with active modes: []
2025-11-15 17:27:39,658 : WARNING : Machine : Attract mode is not active, game will not be playable. Please check your attract mode configuration.
2025-11-15 17:27:39,658 : INFO : Machine : Shutting down...
2025-11-15 17:27:39,658 : INFO : EventManager : Event: ======'shutdown'====== Args={}
2025-11-15 17:27:40,673 : ERROR : Machine : Runtime Exception
Traceback (most recent call last):
  File "C:\Users\carr-\Documents\development\mpf080\mpf\core\machine.py", line 808, in _run_loop
    raise self._exception['exception']
  File "C:\Users\carr-\AppData\Local\Programs\Python\Python39\lib\asyncio\events.py", line 80, in _run
    self._context.run(self._callback, *self._args)
  File "C:\Users\carr-\Documents\development\mpf080\mpf\core\events.py", line 795, in _queue_task_done
    future.result()
  File "C:\Users\carr-\Documents\development\mpf080\mpf\core\events.py", line 708, in _run_handlers_sequential
    handler.callback(queue=queue, **merged_kwargs)
  File "C:\Users\carr-\Documents\development\mpf080\mpf\devices\light.py", line 136, in _check_duplicate_light_numbers
    raise ConfigFileError(f"Duplicate number {type(driver)} {driver.number} for light {light}",
mpf.exceptions.config_file_error.ConfigFileError: Config File Error in light: Duplicate number <class 'mpf.platforms.virtual.VirtualLight'> led-playfield-4-16-r for light <light.l131> Context: (None, 'led-playfield-4-16-r', <class 'mpf.platforms.virtual.VirtualLight'>) Error Code: CFE-light-10 (https://missionpinball.org/logs)
2025-11-15 17:27:40,673 : INFO : root : MPF run loop ended.
