2025-05-18 20:24:03,564 : INFO : root : Loading config.
2025-05-18 20:24:03,606 : INFO : ConfigProcessor : Config spec file cache created: C:\Users\carr-\AppData\Local\Temp\config_spec.mpf_cache
2025-05-18 20:24:03,606 : INFO : YamlMultifileConfigLoader : Machine config file #1: config.yaml
2025-05-18 20:24:03,607 : INFO : ConfigProcessor : Loading config from cache: C:\Users\carr-\AppData\Local\Temp\23e177fce4903a9a69d69f474fa748a1.mpf_cache
2025-05-18 20:24:03,616 : WARNING : ConfigProcessor : Config file in cache changed: C:\Users\carr-\Documents\development\diehard-mpf\config\coils.yaml
2025-05-18 20:24:03,616 : INFO : ConfigProcessor : Loading config from file C:\Users\carr-\Documents\development\mpf080\mpf\mpfconfig.yaml.
2025-05-18 20:24:03,623 : INFO : ConfigProcessor : Loading config: C:\Users\carr-\Documents\development\mpf080\mpf\mpfconfig.yaml
2025-05-18 20:24:03,624 : INFO : ConfigProcessor : Loading config from file C:\Users\carr-\Documents\development\diehard-mpf\config\config.yaml.
2025-05-18 20:24:03,636 : INFO : ConfigProcessor : Loading config: C:\Users\carr-\Documents\development\diehard-mpf\config\config.yaml
2025-05-18 20:24:03,647 : INFO : ConfigProcessor : Loading config: C:\Users\carr-\Documents\development\diehard-mpf\config\switches.yaml
2025-05-18 20:24:03,656 : INFO : ConfigProcessor : Loading config: C:\Users\carr-\Documents\development\diehard-mpf\config\ball_devices.yaml
2025-05-18 20:24:03,667 : INFO : ConfigProcessor : Loading config: C:\Users\carr-\Documents\development\diehard-mpf\config\coils.yaml
2025-05-18 20:24:03,683 : INFO : ConfigProcessor : Loading config: C:\Users\carr-\Documents\development\diehard-mpf\config\lights.yaml
2025-05-18 20:24:03,685 : INFO : ConfigProcessor : Loading config: C:\Users\carr-\Documents\development\diehard-mpf\config\shot_profiles.yaml
2025-05-18 20:24:03,688 : INFO : ConfigProcessor : Config file cache created: C:\Users\carr-\AppData\Local\Temp\23e177fce4903a9a69d69f474fa748a1.mpf_cache
2025-05-18 20:24:03,760 : WARNING : ConfigProcessor : Config file in cache changed: C:\Users\carr-\Documents\development\diehard-mpf\modes\attract\config\attract.yaml
2025-05-18 20:24:03,761 : INFO : ConfigProcessor : Loading config from file C:\Users\carr-\Documents\development\mpf080\mpf\modes\attract\config\attract.yaml.
2025-05-18 20:24:03,761 : INFO : ConfigProcessor : Loading config: C:\Users\carr-\Documents\development\mpf080\mpf\modes\attract\config\attract.yaml
2025-05-18 20:24:03,761 : INFO : ConfigProcessor : Loading config from file C:\Users\carr-\Documents\development\diehard-mpf\modes\attract\config\attract.yaml.
2025-05-18 20:24:03,769 : INFO : ConfigProcessor : Loading config: C:\Users\carr-\Documents\development\diehard-mpf\modes\attract\config\attract.yaml
2025-05-18 20:24:03,770 : INFO : ConfigProcessor : Config file cache created: C:\Users\carr-\AppData\Local\Temp\2f9bbeccf93c71693a410725897ab70d.mpf_cache
2025-05-18 20:24:03,770 : INFO : ConfigProcessor : Loading config from cache: C:\Users\carr-\AppData\Local\Temp\71986c9cb54d44e1ee87b7d4d0f68024.mpf_cache
2025-05-18 20:24:03,771 : WARNING : ConfigProcessor : Config file in cache changed: C:\Users\carr-\Documents\development\diehard-mpf\modes\base\config\base.yaml
2025-05-18 20:24:03,771 : INFO : ConfigProcessor : Loading config from file C:\Users\carr-\Documents\development\diehard-mpf\modes\base\config\base.yaml.
2025-05-18 20:24:03,793 : INFO : ConfigProcessor : Loading config: C:\Users\carr-\Documents\development\diehard-mpf\modes\base\config\base.yaml
2025-05-18 20:24:03,794 : INFO : ConfigProcessor : Config file cache created: C:\Users\carr-\AppData\Local\Temp\460998002e273cec26232c9157d92984.mpf_cache
2025-05-18 20:24:03,795 : WARNING : ConfigProcessor : Config file in cache changed: C:\Users\carr-\Documents\development\diehard-mpf\modes\score\config\score.yaml
2025-05-18 20:24:03,795 : INFO : ConfigProcessor : Loading config from file C:\Users\carr-\Documents\development\diehard-mpf\modes\score\config\score.yaml.
2025-05-18 20:24:03,803 : INFO : ConfigProcessor : Loading config: C:\Users\carr-\Documents\development\diehard-mpf\modes\score\config\score.yaml
2025-05-18 20:24:03,805 : INFO : ConfigProcessor : Config file cache created: C:\Users\carr-\AppData\Local\Temp\668dbdbfcbfe997663fcbdfe0871c0b4.mpf_cache
2025-05-18 20:24:03,806 : INFO : ConfigProcessor : Loading config from cache: C:\Users\carr-\AppData\Local\Temp\5bdb9da15c9005c4036d70c7ddf4c03f.mpf_cache
2025-05-18 20:24:03,808 : INFO : ConfigProcessor : Loading config from cache: C:\Users\carr-\AppData\Local\Temp\4ef2cae97e908c683695ed521c4a6650.mpf_cache
2025-05-18 20:24:03,810 : INFO : ConfigProcessor : Loading config from cache: C:\Users\carr-\AppData\Local\Temp\3675271a3c90b9f1f0f947db698ba341.mpf_cache
2025-05-18 20:24:03,812 : INFO : Machine : Mission Pinball Framework Core Engine v0.80.0.dev6
2025-05-18 20:24:03,812 : INFO : Machine : Command line arguments: {'no_load_cache': False, 'create_config_cache': True, 'bcp': False, 'configfile': ['config.yaml'], 'force_assets_load': False, 'platform_integration_test': False, 'jsonlogging': False, 'logfile': 'logs\\2025-05-18-20-24-03-mpf-LAPTOP-99TN7EPH.log', 'pause': False, 'production': False, 'text_ui': False, 'loglevel': 15, 'consoleloglevel': 10, 'force_platform': 'smart_virtual', 'syslog_address': None, 'full_logfile_path': 'C:\\Users\\carr-\\Documents\\development\\diehard-mpf\\logs\\2025-05-18-20-24-03-mpf-LAPTOP-99TN7EPH.log'}
2025-05-18 20:24:03,812 : INFO : Machine : MPF path: C:\Users\carr-\Documents\development\mpf080\mpf
2025-05-18 20:24:03,812 : INFO : Machine : Machine path: C:\Users\carr-\Documents\development\diehard-mpf
2025-05-18 20:24:03,812 : INFO : Machine : Platform: win32
2025-05-18 20:24:03,812 : INFO : Machine : Python executable location: C:\Users\carr-\Documents\development\mpf080\mpfenv\Scripts\python.exe
2025-05-18 20:24:03,812 : INFO : Machine : Python version: 3.9.13 (64-bit)
2025-05-18 20:24:03,814 : INFO : Machine : Initializing MPF...
2025-05-18 20:24:03,883 : INFO : EventManager : Event: ======'machine_var_credits_string'====== Args={'value': 'FREE PLAY', 'prev_value': None, 'change': True}
2025-05-18 20:24:03,909 : INFO : EventManager : Event: ======'machine_var_fast_audio_headphones_volume'====== Args={'value': 10, 'prev_value': None, 'change': True}
2025-05-18 20:24:03,909 : INFO : EventManager : Event: ======'machine_var_fast_audio_main_volume'====== Args={'value': 60, 'prev_value': None, 'change': True}
2025-05-18 20:24:03,909 : INFO : EventManager : Event: ======'machine_var_master_volume'====== Args={'value': 0.5, 'prev_value': None, 'change': True}
2025-05-18 20:24:03,909 : INFO : EventManager : Event: ======'machine_var_player1_score'====== Args={'value': 0, 'prev_value': None, 'change': True}
2025-05-18 20:24:03,909 : INFO : EventManager : Event: ======'machine_var_var_which_attract'====== Args={'value': 0, 'prev_value': None, 'change': True}
2025-05-18 20:24:03,909 : INFO : EventManager : Event: ======'machine_var_mpf_version'====== Args={'value': 'Mission Pinball Framework v0.80.0.dev6', 'prev_value': None, 'change': True}
2025-05-18 20:24:03,909 : INFO : EventManager : Event: ======'machine_var_mpf_extended_version'====== Args={'value': 'Mission Pinball Framework v0.80.0.dev6, Config version:6, Show version: 6, BCP version:1.1', 'prev_value': None, 'change': True}
2025-05-18 20:24:03,909 : INFO : EventManager : Event: ======'machine_var_python_version'====== Args={'value': '3.9.13', 'prev_value': None, 'change': True}
2025-05-18 20:24:03,930 : INFO : EventManager : Event: ======'machine_var_platform'====== Args={'value': 'Windows-10-10.0.26100-SP0', 'prev_value': None, 'change': True}
2025-05-18 20:24:03,931 : INFO : EventManager : Event: ======'machine_var_platform_system'====== Args={'value': 'Windows', 'prev_value': None, 'change': True}
2025-05-18 20:24:03,931 : INFO : EventManager : Event: ======'machine_var_platform_release'====== Args={'value': '10', 'prev_value': None, 'change': True}
2025-05-18 20:24:03,931 : INFO : EventManager : Event: ======'machine_var_platform_version'====== Args={'value': '10.0.26100', 'prev_value': None, 'change': True}
2025-05-18 20:24:03,931 : INFO : EventManager : Event: ======'machine_var_platform_machine'====== Args={'value': 'AMD64', 'prev_value': None, 'change': True}
2025-05-18 20:24:03,931 : INFO : EventManager : Event: ======'machine_var_log_file_path'====== Args={'value': 'C:\\Users\\carr-\\Documents\\development\\diehard-mpf\\logs\\2025-05-18-20-24-03-mpf-LAPTOP-99TN7EPH.log', 'prev_value': None, 'change': True}
2025-05-18 20:24:03,931 : INFO : EventManager : Event: ======'init_phase_1'====== Args={}
2025-05-18 20:24:03,964 : INFO : EventManager : Event: ======'drop_target_bank_bank_up'====== Args={}
2025-05-18 20:24:03,966 : INFO : EventManager : Event: ======'init_phase_2'====== Args={}
2025-05-18 20:24:03,966 : INFO : SwitchController : Found active switch: ('d-8', <Platform.SmartVirtual>) <switch.s_trough1>
2025-05-18 20:24:03,966 : INFO : SwitchController : Found active switch: ('d-9', <Platform.SmartVirtual>) <switch.s_trough2>
2025-05-18 20:24:03,966 : INFO : SwitchController : Found active switch: ('d-10', <Platform.SmartVirtual>) <switch.s_trough3>
2025-05-18 20:24:03,966 : INFO : SwitchController : Found active switch: ('d-11', <Platform.SmartVirtual>) <switch.s_trough4>
2025-05-18 20:24:03,966 : INFO : SwitchController : Found active switch: ('d-12', <Platform.SmartVirtual>) <switch.s_trough5>
2025-05-18 20:24:03,966 : INFO : SwitchController : Found active switch: ('d-13', <Platform.SmartVirtual>) <switch.s_trough6>
2025-05-18 20:24:03,969 : INFO : ball_device.bd_trough : BCH: Initial count: 6
2025-05-18 20:24:03,969 : INFO : ball_device.bd_trough : State: idle
2025-05-18 20:24:03,970 : INFO : ball_device.bd_plunger : BCH: Initial count: 0
2025-05-18 20:24:03,970 : INFO : ball_device.bd_plunger : State: idle
2025-05-18 20:24:03,970 : INFO : ball_device.bd_scoop : BCH: Initial count: 0
2025-05-18 20:24:03,970 : INFO : ball_device.bd_scoop : State: idle
2025-05-18 20:24:03,970 : INFO : ball_device.bd_scoop1 : BCH: Initial count: 0
2025-05-18 20:24:03,970 : INFO : ball_device.bd_scoop1 : State: idle
2025-05-18 20:24:03,970 : INFO : ball_device.bd_scoop2 : BCH: Initial count: 0
2025-05-18 20:24:03,971 : INFO : ball_device.bd_scoop2 : State: idle
2025-05-18 20:24:03,971 : INFO : ball_device.bd_scoop3 : BCH: Initial count: 0
2025-05-18 20:24:03,971 : INFO : ball_device.bd_scoop3 : State: idle
2025-05-18 20:24:03,971 : INFO : ball_device.bd_scoop4 : BCH: Initial count: 0
2025-05-18 20:24:03,971 : INFO : ball_device.bd_scoop4 : State: idle
2025-05-18 20:24:03,990 : INFO : EventManager : Event: ======'init_phase_3'====== Args={}
2025-05-18 20:24:03,991 : INFO : EventManager : Event: ======'init_phase_4'====== Args={}
2025-05-18 20:24:03,992 : INFO : BallController : Initial balls found: 6
2025-05-18 20:24:03,993 : INFO : EventManager : Event: ======'machine_var_audits_events_game_ended'====== Args={'value': 8, 'prev_value': None, 'change': True}
2025-05-18 20:24:03,993 : INFO : EventManager : Event: ======'machine_var_audits_events_game_started'====== Args={'value': 38, 'prev_value': None, 'change': True}
2025-05-18 20:24:03,993 : INFO : EventManager : Event: ======'machine_var_audits_missing_switches_s_enter'====== Args={'value': 38, 'prev_value': None, 'change': True}
2025-05-18 20:24:03,993 : INFO : EventManager : Event: ======'machine_var_audits_missing_switches_s_escape'====== Args={'value': 38, 'prev_value': None, 'change': True}
2025-05-18 20:24:03,993 : INFO : EventManager : Event: ======'machine_var_audits_missing_switches_s_holly_h'====== Args={'value': 38, 'prev_value': None, 'change': True}
2025-05-18 20:24:03,993 : INFO : EventManager : Event: ======'machine_var_audits_missing_switches_s_left_coin'====== Args={'value': 38, 'prev_value': None, 'change': True}
2025-05-18 20:24:03,993 : INFO : EventManager : Event: ======'machine_var_audits_missing_switches_s_left_inlane'====== Args={'value': 24, 'prev_value': None, 'change': True}
2025-05-18 20:24:03,994 : INFO : EventManager : Event: ======'machine_var_audits_missing_switches_s_left_outlane'====== Args={'value': 24, 'prev_value': None, 'change': True}
2025-05-18 20:24:03,994 : INFO : EventManager : Event: ======'machine_var_audits_missing_switches_s_minus'====== Args={'value': 38, 'prev_value': None, 'change': True}
2025-05-18 20:24:03,994 : INFO : EventManager : Event: ======'machine_var_audits_missing_switches_s_plus'====== Args={'value': 38, 'prev_value': None, 'change': True}
2025-05-18 20:24:03,994 : INFO : EventManager : Event: ======'machine_var_audits_missing_switches_s_right_coin'====== Args={'value': 38, 'prev_value': None, 'change': True}
2025-05-18 20:24:03,994 : INFO : EventManager : Event: ======'machine_var_audits_missing_switches_s_right_inlane'====== Args={'value': 24, 'prev_value': None, 'change': True}
2025-05-18 20:24:03,994 : INFO : EventManager : Event: ======'machine_var_audits_missing_switches_s_right_outlane'====== Args={'value': 24, 'prev_value': None, 'change': True}
2025-05-18 20:24:03,994 : INFO : EventManager : Event: ======'machine_var_audits_missing_switches_s_target_2'====== Args={'value': 24, 'prev_value': None, 'change': True}
2025-05-18 20:24:03,994 : INFO : EventManager : Event: ======'machine_var_audits_missing_switches_s_target_3'====== Args={'value': 24, 'prev_value': None, 'change': True}
2025-05-18 20:24:03,994 : INFO : EventManager : Event: ======'machine_var_audits_missing_switches_s_tilt_bob'====== Args={'value': 38, 'prev_value': None, 'change': True}
2025-05-18 20:24:03,994 : INFO : EventManager : Event: ======'machine_var_audits_missing_switches_s_top_flipper_hold'====== Args={'value': 24, 'prev_value': None, 'change': True}
2025-05-18 20:24:03,994 : INFO : EventManager : Event: ======'machine_var_audits_player_score'====== Args={'value': {'average': 0, 'top': [0, 0, 0, 0, 0, 0, 0, 0, 0], 'total': 9}, 'prev_value': None, 'change': True}
2025-05-18 20:24:03,994 : INFO : EventManager : Event: ======'machine_var_audits_switches_s_AirDuctEnter001'====== Args={'value': 3, 'prev_value': None, 'change': True}
2025-05-18 20:24:03,994 : INFO : EventManager : Event: ======'machine_var_audits_switches_s_airplane'====== Args={'value': 14, 'prev_value': None, 'change': True}
2025-05-18 20:24:03,994 : INFO : EventManager : Event: ======'machine_var_audits_switches_s_bottom_left_inner_drain'====== Args={'value': 51, 'prev_value': None, 'change': True}
2025-05-18 20:24:03,994 : INFO : EventManager : Event: ======'machine_var_audits_switches_s_bottom_left_outer_drain'====== Args={'value': 47, 'prev_value': None, 'change': True}
2025-05-18 20:24:03,994 : INFO : EventManager : Event: ======'machine_var_audits_switches_s_bottom_right_inner_drain'====== Args={'value': 92, 'prev_value': None, 'change': True}
2025-05-18 20:24:03,994 : INFO : EventManager : Event: ======'machine_var_audits_switches_s_bottom_right_outer_drain'====== Args={'value': 255, 'prev_value': None, 'change': True}
2025-05-18 20:24:03,994 : INFO : EventManager : Event: ======'machine_var_audits_switches_s_bottom_right_vuk'====== Args={'value': 1319, 'prev_value': None, 'change': True}
2025-05-18 20:24:03,994 : INFO : EventManager : Event: ======'machine_var_audits_switches_s_door'====== Args={'value': 28, 'prev_value': None, 'change': True}
2025-05-18 20:24:03,994 : INFO : EventManager : Event: ======'machine_var_audits_switches_s_door_tilt'====== Args={'value': 58, 'prev_value': None, 'change': True}
2025-05-18 20:24:03,994 : INFO : EventManager : Event: ======'machine_var_audits_switches_s_drop_target_1'====== Args={'value': 36, 'prev_value': None, 'change': True}
2025-05-18 20:24:03,994 : INFO : EventManager : Event: ======'machine_var_audits_switches_s_drop_target_2'====== Args={'value': 34, 'prev_value': None, 'change': True}
2025-05-18 20:24:03,994 : INFO : EventManager : Event: ======'machine_var_audits_switches_s_drop_target_3'====== Args={'value': 46, 'prev_value': None, 'change': True}
2025-05-18 20:24:03,994 : INFO : EventManager : Event: ======'machine_var_audits_switches_s_enter'====== Args={'value': 0, 'prev_value': None, 'change': True}
2025-05-18 20:24:03,994 : INFO : EventManager : Event: ======'machine_var_audits_switches_s_escape'====== Args={'value': 0, 'prev_value': None, 'change': True}
2025-05-18 20:24:03,994 : INFO : EventManager : Event: ======'machine_var_audits_switches_s_fire'====== Args={'value': 59, 'prev_value': None, 'change': True}
2025-05-18 20:24:03,994 : INFO : EventManager : Event: ======'machine_var_audits_switches_s_highvuk'====== Args={'value': 27, 'prev_value': None, 'change': True}
2025-05-18 20:24:03,994 : INFO : EventManager : Event: ======'machine_var_audits_switches_s_holly_h'====== Args={'value': 0, 'prev_value': None, 'change': True}
2025-05-18 20:24:03,994 : INFO : EventManager : Event: ======'machine_var_audits_switches_s_holly_l'====== Args={'value': 57, 'prev_value': None, 'change': True}
2025-05-18 20:24:03,994 : INFO : EventManager : Event: ======'machine_var_audits_switches_s_holly_l_1'====== Args={'value': 64, 'prev_value': None, 'change': True}
2025-05-18 20:24:03,994 : INFO : EventManager : Event: ======'machine_var_audits_switches_s_holly_o'====== Args={'value': 57, 'prev_value': None, 'change': True}
2025-05-18 20:24:03,994 : INFO : EventManager : Event: ======'machine_var_audits_switches_s_holly_y'====== Args={'value': 22, 'prev_value': None, 'change': True}
2025-05-18 20:24:03,994 : INFO : EventManager : Event: ======'machine_var_audits_switches_s_left spinner'====== Args={'value': 506, 'prev_value': None, 'change': True}
2025-05-18 20:24:03,994 : INFO : EventManager : Event: ======'machine_var_audits_switches_s_left_coin'====== Args={'value': 0, 'prev_value': None, 'change': True}
2025-05-18 20:24:03,995 : INFO : EventManager : Event: ======'machine_var_audits_switches_s_left_flipper'====== Args={'value': 590, 'prev_value': None, 'change': True}
2025-05-18 20:24:03,995 : INFO : EventManager : Event: ======'machine_var_audits_switches_s_left_flipper_eos'====== Args={'value': 557, 'prev_value': None, 'change': True}
2025-05-18 20:24:03,995 : INFO : EventManager : Event: ======'machine_var_audits_switches_s_left_inlane'====== Args={'value': 0, 'prev_value': None, 'change': True}
2025-05-18 20:24:03,995 : INFO : EventManager : Event: ======'machine_var_audits_switches_s_left_magna'====== Args={'value': 141, 'prev_value': None, 'change': True}
2025-05-18 20:24:03,995 : INFO : EventManager : Event: ======'machine_var_audits_switches_s_left_orbit'====== Args={'value': 110, 'prev_value': None, 'change': True}
2025-05-18 20:24:03,995 : INFO : EventManager : Event: ======'machine_var_audits_switches_s_left_outlane'====== Args={'value': 0, 'prev_value': None, 'change': True}
2025-05-18 20:24:03,995 : INFO : EventManager : Event: ======'machine_var_audits_switches_s_left_sling'====== Args={'value': 182, 'prev_value': None, 'change': True}
2025-05-18 20:24:03,995 : INFO : EventManager : Event: ======'machine_var_audits_switches_s_left_top_target'====== Args={'value': 26, 'prev_value': None, 'change': True}
2025-05-18 20:24:03,995 : INFO : EventManager : Event: ======'machine_var_audits_switches_s_middle_top_target'====== Args={'value': 20, 'prev_value': None, 'change': True}
2025-05-18 20:24:03,995 : INFO : EventManager : Event: ======'machine_var_audits_switches_s_minus'====== Args={'value': 0, 'prev_value': None, 'change': True}
2025-05-18 20:24:03,995 : INFO : EventManager : Event: ======'machine_var_audits_switches_s_nakatomi'====== Args={'value': 105, 'prev_value': None, 'change': True}
2025-05-18 20:24:03,995 : INFO : EventManager : Event: ======'machine_var_audits_switches_s_plunger_lane'====== Args={'value': 64, 'prev_value': None, 'change': True}
2025-05-18 20:24:03,995 : INFO : EventManager : Event: ======'machine_var_audits_switches_s_plus'====== Args={'value': 0, 'prev_value': None, 'change': True}
2025-05-18 20:24:03,995 : INFO : EventManager : Event: ======'machine_var_audits_switches_s_popbumper_left'====== Args={'value': 108, 'prev_value': None, 'change': True}
2025-05-18 20:24:03,995 : INFO : EventManager : Event: ======'machine_var_audits_switches_s_popbumper_right'====== Args={'value': 129, 'prev_value': None, 'change': True}
2025-05-18 20:24:03,995 : INFO : EventManager : Event: ======'machine_var_audits_switches_s_right spinner'====== Args={'value': 57, 'prev_value': None, 'change': True}
2025-05-18 20:24:03,995 : INFO : EventManager : Event: ======'machine_var_audits_switches_s_right_coin'====== Args={'value': 0, 'prev_value': None, 'change': True}
2025-05-18 20:24:03,995 : INFO : EventManager : Event: ======'machine_var_audits_switches_s_right_flipper'====== Args={'value': 608, 'prev_value': None, 'change': True}
2025-05-18 20:24:03,995 : INFO : EventManager : Event: ======'machine_var_audits_switches_s_right_flipper_eos'====== Args={'value': 572, 'prev_value': None, 'change': True}
2025-05-18 20:24:03,995 : INFO : EventManager : Event: ======'machine_var_audits_switches_s_right_inlane'====== Args={'value': 0, 'prev_value': None, 'change': True}
2025-05-18 20:24:03,995 : INFO : EventManager : Event: ======'machine_var_audits_switches_s_right_magna'====== Args={'value': 153, 'prev_value': None, 'change': True}
2025-05-18 20:24:03,995 : INFO : EventManager : Event: ======'machine_var_audits_switches_s_right_orbit'====== Args={'value': 114, 'prev_value': None, 'change': True}
2025-05-18 20:24:03,995 : INFO : EventManager : Event: ======'machine_var_audits_switches_s_right_outlane'====== Args={'value': 0, 'prev_value': None, 'change': True}
2025-05-18 20:24:03,995 : INFO : EventManager : Event: ======'machine_var_audits_switches_s_right_sling'====== Args={'value': 158, 'prev_value': None, 'change': True}
2025-05-18 20:24:03,995 : INFO : EventManager : Event: ======'machine_var_audits_switches_s_right_top_target'====== Args={'value': 15, 'prev_value': None, 'change': True}
2025-05-18 20:24:03,995 : INFO : EventManager : Event: ======'machine_var_audits_switches_s_safe_vuk'====== Args={'value': 59, 'prev_value': None, 'change': True}
2025-05-18 20:24:03,995 : INFO : EventManager : Event: ======'machine_var_audits_switches_s_start'====== Args={'value': 31, 'prev_value': None, 'change': True}
2025-05-18 20:24:03,995 : INFO : EventManager : Event: ======'machine_var_audits_switches_s_target_2'====== Args={'value': 0, 'prev_value': None, 'change': True}
2025-05-18 20:24:03,995 : INFO : EventManager : Event: ======'machine_var_audits_switches_s_target_3'====== Args={'value': 0, 'prev_value': None, 'change': True}
2025-05-18 20:24:03,995 : INFO : EventManager : Event: ======'machine_var_audits_switches_s_tilt_bob'====== Args={'value': 0, 'prev_value': None, 'change': True}
2025-05-18 20:24:03,995 : INFO : EventManager : Event: ======'machine_var_audits_switches_s_top_flipper_eos'====== Args={'value': 559, 'prev_value': None, 'change': True}
2025-05-18 20:24:03,995 : INFO : EventManager : Event: ======'machine_var_audits_switches_s_top_flipper_hold'====== Args={'value': 0, 'prev_value': None, 'change': True}
2025-05-18 20:24:03,995 : INFO : EventManager : Event: ======'machine_var_audits_switches_s_trough1'====== Args={'value': 89, 'prev_value': None, 'change': True}
2025-05-18 20:24:03,995 : INFO : EventManager : Event: ======'machine_var_audits_switches_s_trough2'====== Args={'value': 55, 'prev_value': None, 'change': True}
2025-05-18 20:24:03,995 : INFO : EventManager : Event: ======'machine_var_audits_switches_s_trough3'====== Args={'value': 53, 'prev_value': None, 'change': True}
2025-05-18 20:24:03,995 : INFO : EventManager : Event: ======'machine_var_audits_switches_s_trough4'====== Args={'value': 53, 'prev_value': None, 'change': True}
2025-05-18 20:24:03,995 : INFO : EventManager : Event: ======'machine_var_audits_switches_s_trough5'====== Args={'value': 43, 'prev_value': None, 'change': True}
2025-05-18 20:24:03,996 : INFO : EventManager : Event: ======'machine_var_audits_switches_s_trough6'====== Args={'value': 43, 'prev_value': None, 'change': True}
2025-05-18 20:24:03,996 : INFO : EventManager : Event: ======'machine_var_audits_switches_s_trough_jam'====== Args={'value': 66, 'prev_value': None, 'change': True}
2025-05-18 20:24:03,996 : INFO : EventManager : Event: ======'machine_var_audits_switches_s_tunel_vuk'====== Args={'value': 114, 'prev_value': None, 'change': True}
2025-05-18 20:24:03,996 : INFO : EventManager : Event: ======'machine_var_audits_switches_swPlunger'====== Args={'value': 16, 'prev_value': None, 'change': True}
2025-05-18 20:24:03,996 : INFO : EventManager : Event: ======'init_phase_5'====== Args={}
2025-05-18 20:24:03,997 : INFO : EventManager : Event: ======'init_done'====== Args={}
2025-05-18 20:24:03,997 : INFO : EventManager : Event: ======'machine_reset_phase_1'====== Args={}
2025-05-18 20:24:03,997 : INFO : EventManager : Event: ======'machine_reset_phase_2'====== Args={}
2025-05-18 20:24:03,997 : INFO : EventManager : Event: ======'machine_reset_phase_3'====== Args={}
2025-05-18 20:24:03,997 : INFO : drop_target_bank.bank : All targets are already up. Will not reset bank.
2025-05-18 20:24:03,997 : INFO : EventManager : Event: ======'reset_complete'====== Args={}
2025-05-18 20:24:03,997 : INFO : EventManager : Event: ======'mode_attract_will_start'====== Args={}
2025-05-18 20:24:03,997 : INFO : EventManager : Event: ======'mode_attract_starting'====== Args={}
2025-05-18 20:24:03,997 : INFO : Mode.attract : Started. Priority: 10
2025-05-18 20:24:03,997 : INFO : EventManager : Event: ======'modes_active_modes_changed'====== Args={}
2025-05-18 20:24:03,997 : INFO : EventManager : Event: ======'mode_attract_started'====== Args={}
2025-05-18 20:24:03,998 : INFO : EventManager : Event: ======'collecting_balls_complete'====== Args={}
2025-05-18 20:24:03,999 : INFO : Machine : Starting the main run loop with active modes: [<Mode.attract>]
2025-05-18 20:24:08,408 : INFO : BcpServer : New client connected.
2025-05-18 20:24:10,972 : INFO : SwitchController : <<<<<<< 's_start' active >>>>>>>
2025-05-18 20:24:11,042 : INFO : SwitchController : <<<<<<< 's_start' inactive >>>>>>>
2025-05-18 20:24:11,042 : INFO : EventManager : Event: ======'request_to_start_game'====== Args={}
2025-05-18 20:24:11,042 : INFO : EventManager : Event: ======'game_start'====== Args={'buttons': [], 'hold_time': 0.0629999999946449}
2025-05-18 20:24:11,042 : INFO : EventManager : Event: ======'mode_game_will_start'====== Args={'buttons': [], 'hold_time': 0.0629999999946449}
2025-05-18 20:24:11,043 : INFO : EventManager : Event: ======'mode_game_starting'====== Args={'buttons': [], 'hold_time': 0.0629999999946449}
2025-05-18 20:24:11,043 : INFO : EventManager : Event: ======'mode_attract_will_stop'====== Args={}
2025-05-18 20:24:11,043 : INFO : EventManager : Event: ======'mode_attract_stopping'====== Args={}
2025-05-18 20:24:11,043 : INFO : Mode.attract : Stopped.
2025-05-18 20:24:11,043 : INFO : EventManager : Event: ======'modes_active_modes_changed'====== Args={}
2025-05-18 20:24:11,043 : INFO : EventManager : Event: ======'mode_attract_stopped'====== Args={}
2025-05-18 20:24:11,043 : INFO : EventManager : Event: ======'clear'====== Args={'key': 'attract'}
2025-05-18 20:24:11,044 : INFO : Mode.game : Started. Priority: 20
2025-05-18 20:24:11,044 : INFO : EventManager : Event: ======'modes_active_modes_changed'====== Args={}
2025-05-18 20:24:11,044 : INFO : EventManager : Event: ======'mode_game_started'====== Args={'buttons': [], 'hold_time': 0.0629999999946449}
2025-05-18 20:24:11,044 : INFO : EventManager : Event: ======'game_will_start'====== Args={}
2025-05-18 20:24:11,045 : INFO : EventManager : Event: ======'game_starting'====== Args={'game': <Mode.game>}
2025-05-18 20:24:11,045 : INFO : EventManager : Unordered handler for class <Auditor> on event game_ended with priority 1. Handlers: [RegisteredHandler(callback=<bound method Auditor.disable of <Auditor>>, priority=1, kwargs={}, key=UUID('f3260b31-0c29-4329-8db9-7f6e80b72f46'), condition=None, blocking_facility=None), RegisteredHandler(callback=<bound method Auditor._save_audits of <Auditor>>, priority=1, kwargs={}, key=UUID('1d5f8ae9-4c5b-42fc-8ec8-112af2d8bca5'), condition=None, blocking_facility=None)]. The order of those handlers is not defined and they will be executed in random order. This might lead to race conditions and potential bugs.
2025-05-18 20:24:11,045 : INFO : EventManager : Event: ======'player_add_request'====== Args={}
2025-05-18 20:24:11,046 : INFO : EventManager : Event: ======'player_will_add'====== Args={'number': 1}
2025-05-18 20:24:11,046 : INFO : EventManager : Event: ======'player_adding'====== Args={'player': <Player 1>, 'number': 1}
2025-05-18 20:24:11,046 : INFO : EventManager : Event: ======'player_added'====== Args={'player': <Player 1>, 'num': 1}
2025-05-18 20:24:11,046 : INFO : Mode.game : Player added successfully. Total players: 1
2025-05-18 20:24:11,046 : INFO : EventManager : Event: ======'player_index'====== Args={'value': 0, 'prev_value': 0, 'change': 0, 'player_num': 1}
2025-05-18 20:24:11,046 : INFO : EventManager : Event: ======'player_number'====== Args={'value': 1, 'prev_value': 1, 'change': 0, 'player_num': 1}
2025-05-18 20:24:11,046 : INFO : EventManager : Event: ======'player_score'====== Args={'value': 0, 'prev_value': 0, 'change': 0, 'player_num': 1}
2025-05-18 20:24:11,046 : INFO : EventManager : Event: ======'game_started'====== Args={}
2025-05-18 20:24:11,048 : INFO : EventManager : Event: ======'player_turn_will_start'====== Args={'player': <Player 1>, 'number': 1}
2025-05-18 20:24:11,048 : INFO : EventManager : Event: ======'player_turn_starting'====== Args={'player': <Player 1>, 'number': 1}
2025-05-18 20:24:11,048 : INFO : EventManager : Event: ======'player_ball'====== Args={'value': 1, 'prev_value': 0, 'change': 1, 'player_num': 1}
2025-05-18 20:24:11,048 : INFO : EventManager : Event: ======'player_turn_started'====== Args={'player': <Player 1>, 'number': 1}
2025-05-18 20:24:11,052 : INFO : EventManager : Event: ======'ball_will_start'====== Args={'player': 1, 'ball': 1, 'balls_remaining': 2, 'is_extra_ball': False}
2025-05-18 20:24:11,053 : INFO : EventManager : Event: ======'ball_starting'====== Args={'player': 1, 'ball': 1, 'balls_remaining': 2, 'is_extra_ball': False}
2025-05-18 20:24:11,053 : INFO : drop_target_bank.bank : All targets are already up. Will not reset bank.
2025-05-18 20:24:11,053 : INFO : EventManager : Event: ======'balls_in_play'====== Args={'balls': 1}
2025-05-18 20:24:11,053 : INFO : EventManager : Event: ======'ball_started'====== Args={'player': 1, 'ball': 1, 'balls_remaining': 2, 'is_extra_ball': False}
2025-05-18 20:24:11,053 : INFO : EventManager : Event: ======'mode_score_will_start'====== Args={'player': 1, 'ball': 1, 'balls_remaining': 2, 'is_extra_ball': False}
2025-05-18 20:24:11,054 : INFO : EventManager : Event: ======'mode_score_starting'====== Args={'player': 1, 'ball': 1, 'balls_remaining': 2, 'is_extra_ball': False}
2025-05-18 20:24:11,054 : INFO : EventManager : Event: ======'mode_base_will_start'====== Args={'player': 1, 'ball': 1, 'balls_remaining': 2, 'is_extra_ball': False}
2025-05-18 20:24:11,054 : INFO : EventManager : Event: ======'mode_base_starting'====== Args={'player': 1, 'ball': 1, 'balls_remaining': 2, 'is_extra_ball': False}
2025-05-18 20:24:11,055 : INFO : Mode.base : Started. Priority: 100
2025-05-18 20:24:11,055 : INFO : EventManager : Event: ======'modes_active_modes_changed'====== Args={}
2025-05-18 20:24:11,055 : INFO : EventManager : Event: ======'mode_base_started'====== Args={'player': 1, 'ball': 1, 'balls_remaining': 2, 'is_extra_ball': False}
2025-05-18 20:24:11,055 : INFO : Mode.score : Started. Priority: 110
2025-05-18 20:24:11,055 : INFO : EventManager : Event: ======'modes_active_modes_changed'====== Args={}
2025-05-18 20:24:11,055 : INFO : EventManager : Event: ======'mode_score_started'====== Args={'player': 1, 'ball': 1, 'balls_remaining': 2, 'is_extra_ball': False}
2025-05-18 20:24:11,056 : INFO : EventManager : Event: ======'single_player_ball_started'====== Args={}
2025-05-18 20:24:11,056 : INFO : EventManager : Event: ======'ball_start_target'====== Args={'target': 'playfield'}
2025-05-18 20:24:11,056 : INFO : ball_device.bd_plunger : Setting up player-controlled eject. Balls: 1, Target: <playfield.playfield>, player_controlled_eject_event: s_fire_active
2025-05-18 20:24:11,057 : INFO : EventManager : Event: ======'balldevice_balls_available'====== Args={}
2025-05-18 20:24:11,057 : INFO : ball_device.bd_trough : State: waiting_for_target_ready
2025-05-18 20:24:11,057 : INFO : EventManager : Event: ======'balldevice_bd_trough_ball_eject_attempt'====== Args={'balls': 1, 'target': <ball_device.bd_plunger>, 'source': <ball_device.bd_trough>, 'mechanical_eject': True, 'num_attempts': 0}
2025-05-18 20:24:11,058 : INFO : ball_device.bd_plunger : State: waiting_for_ball
2025-05-18 20:24:11,058 : INFO : ball_device.bd_trough : State: ejecting
2025-05-18 20:24:11,058 : INFO : ball_device.bd_trough : Ejecting ball to <ball_device.bd_plunger>
2025-05-18 20:24:11,058 : INFO : EventManager : Event: ======'balldevice_bd_trough_ejecting_ball'====== Args={'balls': 1, 'target': <ball_device.bd_plunger>, 'source': <ball_device.bd_trough>, 'mechanical_eject': True, 'num_attempts': 0}
2025-05-18 20:24:11,058 : INFO : ball_device.bd_trough : Wait for ball to leave device
2025-05-18 20:24:11,059 : INFO : coil.c_trough_eject : Pulsing Driver for 20ms (1.0 pulse_power)
2025-05-18 20:24:11,059 : INFO : SwitchController : <<<<<<< 's_trough1' inactive >>>>>>>
2025-05-18 20:24:11,059 : INFO : ball_device.bd_trough : State: ball_left
2025-05-18 20:24:11,059 : INFO : ball_device.bd_trough : Ball left
2025-05-18 20:24:11,059 : INFO : ball_device.bd_trough : Wait for confirm with timeout 10.0
2025-05-18 20:24:11,149 : INFO : SwitchController : <<<<<<< 's_plunger_lane' active >>>>>>>
2025-05-18 20:24:11,149 : INFO : EventManager : Event: ======'machine_var_audits_switches_s_plunger_lane'====== Args={'value': 65, 'prev_value': 64, 'change': 1}
2025-05-18 20:24:11,654 : INFO : ball_device.bd_plunger : Received ball from <ball_device.bd_trough>
2025-05-18 20:24:11,654 : INFO : EventManager : Event: ======'balldevice_bd_plunger_ball_enter'====== Args={'new_balls': 1, 'unclaimed_balls': 0, 'new_available_balls': 0, 'device': <ball_device.bd_plunger>}
2025-05-18 20:24:11,655 : INFO : EventManager : Event: ======'balldevice_bd_plunger_ball_entered'====== Args={'new_balls': 0, 'device': <ball_device.bd_plunger>}
2025-05-18 20:24:11,655 : INFO : EventManager : Event: ======'balldevice_bd_plunger_ball_count_changed'====== Args={'balls': 1}
2025-05-18 20:24:11,655 : INFO : ball_device.bd_trough : Got eject confirm
2025-05-18 20:24:11,655 : INFO : ball_device.bd_trough : Eject successful
2025-05-18 20:24:11,655 : INFO : EventManager : Event: ======'balldevice_bd_trough_ball_eject_success'====== Args={'balls': 1, 'target': <ball_device.bd_plunger>}
2025-05-18 20:24:11,656 : INFO : EventManager : Event: ======'balldevice_bd_trough_ball_count_changed'====== Args={'balls': 5}
2025-05-18 20:24:11,656 : INFO : ball_device.bd_trough : State: idle
2025-05-18 20:24:11,656 : INFO : ball_device.bd_plunger : State: waiting_for_target_ready
2025-05-18 20:24:11,656 : INFO : EventManager : Event: ======'balldevice_bd_plunger_ball_eject_attempt'====== Args={'balls': 1, 'target': <playfield.playfield>, 'source': <ball_device.bd_plunger>, 'mechanical_eject': True, 'num_attempts': 0}
2025-05-18 20:24:11,657 : INFO : ball_device.bd_plunger : State: ejecting
2025-05-18 20:24:11,657 : INFO : ball_device.bd_plunger : Ejecting ball to <playfield.playfield>
2025-05-18 20:24:11,657 : INFO : EventManager : Event: ======'balldevice_bd_plunger_ejecting_ball'====== Args={'balls': 1, 'target': <playfield.playfield>, 'source': <ball_device.bd_plunger>, 'mechanical_eject': True, 'num_attempts': 0}
2025-05-18 20:24:11,658 : INFO : ball_device.bd_plunger : Wait for ball to leave device
2025-05-18 20:24:11,851 : INFO : SwitchController : <<<<<<< 's_plunger_lane' inactive >>>>>>>
2025-05-18 20:24:11,851 : INFO : ball_device.bd_plunger : State: ball_left
2025-05-18 20:24:11,851 : INFO : ball_device.bd_plunger : Ball left
2025-05-18 20:24:11,852 : INFO : ball_device.bd_plunger : Wait for confirm with timeout 10.0
2025-05-18 20:24:14,302 : INFO : SwitchController : <<<<<<< 's_left_sling' active >>>>>>>
2025-05-18 20:24:14,302 : INFO : EventManager : Event: ======'s_left_sling_active'====== Args={}
2025-05-18 20:24:14,303 : INFO : EventManager : Event: ======'playfield_active'====== Args={'source': 'left_sling'}
2025-05-18 20:24:14,303 : INFO : EventManager : Event: ======'machine_var_audits_switches_s_left_sling'====== Args={'value': 183, 'prev_value': 182, 'change': 1}
2025-05-18 20:24:14,303 : INFO : EventManager : Event: ======'player_score'====== Args={'value': 3030, 'prev_value': 0, 'change': 3030, 'player_num': 1, 'source': 'score'}
2025-05-18 20:24:14,303 : INFO : EventManager : Event: ======'flash_left_sling_red'====== Args={}
2025-05-18 20:24:14,304 : INFO : ball_device.bd_plunger : Got eject confirm
2025-05-18 20:24:14,304 : INFO : ball_device.bd_plunger : Eject successful
2025-05-18 20:24:14,304 : INFO : EventManager : Event: ======'balldevice_bd_plunger_ball_eject_success'====== Args={'balls': 1, 'target': <playfield.playfield>}
2025-05-18 20:24:14,305 : INFO : EventManager : Event: ======'balldevice_playfield_ball_enter'====== Args={'new_balls': 1, 'unclaimed_balls': 1, 'device': <playfield.playfield>}
2025-05-18 20:24:14,305 : INFO : EventManager : Event: ======'playfield_ball_count_change'====== Args={'balls': 1, 'change': 1}
2025-05-18 20:24:14,308 : INFO : EventManager : Event: ======'balldevice_bd_plunger_ball_count_changed'====== Args={'balls': 0}
2025-05-18 20:24:14,308 : INFO : ball_device.bd_plunger : State: idle
2025-05-18 20:24:14,369 : INFO : SwitchController : <<<<<<< 's_left_sling' inactive >>>>>>>
2025-05-18 20:24:15,662 : INFO : SwitchController : <<<<<<< 's_left_sling' active >>>>>>>
2025-05-18 20:24:15,662 : INFO : EventManager : Event: ======'s_left_sling_active'====== Args={}
2025-05-18 20:24:15,663 : INFO : EventManager : Event: ======'machine_var_audits_switches_s_left_sling'====== Args={'value': 184, 'prev_value': 183, 'change': 1}
2025-05-18 20:24:15,663 : INFO : EventManager : Event: ======'player_score'====== Args={'value': 6060, 'prev_value': 3030, 'change': 3030, 'player_num': 1, 'source': 'score'}
2025-05-18 20:24:15,663 : INFO : EventManager : Event: ======'flash_right_sling_blue'====== Args={}
2025-05-18 20:24:15,726 : INFO : SwitchController : <<<<<<< 's_left_sling' inactive >>>>>>>
2025-05-18 20:24:16,591 : INFO : SwitchController : <<<<<<< 's_left_sling' active >>>>>>>
2025-05-18 20:24:16,591 : INFO : EventManager : Event: ======'s_left_sling_active'====== Args={}
2025-05-18 20:24:16,592 : INFO : EventManager : Event: ======'machine_var_audits_switches_s_left_sling'====== Args={'value': 185, 'prev_value': 184, 'change': 1}
2025-05-18 20:24:16,592 : INFO : EventManager : Event: ======'player_score'====== Args={'value': 9090, 'prev_value': 6060, 'change': 3030, 'player_num': 1, 'source': 'score'}
2025-05-18 20:24:16,592 : INFO : EventManager : Event: ======'flash_left_sling_red'====== Args={}
2025-05-18 20:24:16,642 : INFO : SwitchController : <<<<<<< 's_left_sling' inactive >>>>>>>
2025-05-18 20:24:17,714 : INFO : SwitchController : <<<<<<< 's_left_sling' active >>>>>>>
2025-05-18 20:24:17,714 : INFO : EventManager : Event: ======'s_left_sling_active'====== Args={}
2025-05-18 20:24:17,714 : INFO : EventManager : Event: ======'machine_var_audits_switches_s_left_sling'====== Args={'value': 186, 'prev_value': 185, 'change': 1}
2025-05-18 20:24:17,715 : INFO : EventManager : Event: ======'player_score'====== Args={'value': 12120, 'prev_value': 9090, 'change': 3030, 'player_num': 1, 'source': 'score'}
2025-05-18 20:24:17,715 : INFO : EventManager : Event: ======'flash_right_sling_blue'====== Args={}
2025-05-18 20:24:17,767 : INFO : SwitchController : <<<<<<< 's_left_sling' inactive >>>>>>>
2025-05-18 20:24:19,924 : INFO : SwitchController : <<<<<<< 's_left_sling' active >>>>>>>
2025-05-18 20:24:19,924 : INFO : EventManager : Event: ======'s_left_sling_active'====== Args={}
2025-05-18 20:24:19,924 : INFO : EventManager : Event: ======'machine_var_audits_switches_s_left_sling'====== Args={'value': 187, 'prev_value': 186, 'change': 1}
2025-05-18 20:24:19,925 : INFO : EventManager : Event: ======'player_score'====== Args={'value': 15150, 'prev_value': 12120, 'change': 3030, 'player_num': 1, 'source': 'score'}
2025-05-18 20:24:19,925 : INFO : EventManager : Event: ======'flash_left_sling_red'====== Args={}
2025-05-18 20:24:19,996 : INFO : SwitchController : <<<<<<< 's_left_sling' inactive >>>>>>>
2025-05-18 20:24:20,753 : INFO : SwitchController : <<<<<<< 's_left_sling' active >>>>>>>
2025-05-18 20:24:20,753 : INFO : EventManager : Event: ======'s_left_sling_active'====== Args={}
2025-05-18 20:24:20,753 : INFO : EventManager : Event: ======'machine_var_audits_switches_s_left_sling'====== Args={'value': 188, 'prev_value': 187, 'change': 1}
2025-05-18 20:24:20,754 : INFO : EventManager : Event: ======'player_score'====== Args={'value': 18180, 'prev_value': 15150, 'change': 3030, 'player_num': 1, 'source': 'score'}
2025-05-18 20:24:20,754 : INFO : EventManager : Event: ======'flash_right_sling_blue'====== Args={}
2025-05-18 20:24:20,820 : INFO : SwitchController : <<<<<<< 's_left_sling' inactive >>>>>>>
2025-05-18 20:24:21,646 : INFO : SwitchController : <<<<<<< 's_left_sling' active >>>>>>>
2025-05-18 20:24:21,647 : INFO : EventManager : Event: ======'s_left_sling_active'====== Args={}
2025-05-18 20:24:21,647 : INFO : EventManager : Event: ======'machine_var_audits_switches_s_left_sling'====== Args={'value': 189, 'prev_value': 188, 'change': 1}
2025-05-18 20:24:21,647 : INFO : EventManager : Event: ======'player_score'====== Args={'value': 21210, 'prev_value': 18180, 'change': 3030, 'player_num': 1, 'source': 'score'}
2025-05-18 20:24:21,647 : INFO : EventManager : Event: ======'flash_left_sling_red'====== Args={}
2025-05-18 20:24:21,712 : INFO : SwitchController : <<<<<<< 's_left_sling' inactive >>>>>>>
2025-05-18 20:24:22,426 : INFO : SwitchController : <<<<<<< 's_left_sling' active >>>>>>>
2025-05-18 20:24:22,426 : INFO : EventManager : Event: ======'s_left_sling_active'====== Args={}
2025-05-18 20:24:22,427 : INFO : EventManager : Event: ======'machine_var_audits_switches_s_left_sling'====== Args={'value': 190, 'prev_value': 189, 'change': 1}
2025-05-18 20:24:22,427 : INFO : EventManager : Event: ======'player_score'====== Args={'value': 24240, 'prev_value': 21210, 'change': 3030, 'player_num': 1, 'source': 'score'}
2025-05-18 20:24:22,427 : INFO : EventManager : Event: ======'flash_right_sling_blue'====== Args={}
2025-05-18 20:24:22,490 : INFO : SwitchController : <<<<<<< 's_left_sling' inactive >>>>>>>
2025-05-18 20:24:22,919 : INFO : SwitchController : <<<<<<< 's_left_sling' active >>>>>>>
2025-05-18 20:24:22,919 : INFO : EventManager : Event: ======'s_left_sling_active'====== Args={}
2025-05-18 20:24:22,920 : INFO : EventManager : Event: ======'machine_var_audits_switches_s_left_sling'====== Args={'value': 191, 'prev_value': 190, 'change': 1}
2025-05-18 20:24:22,920 : INFO : EventManager : Event: ======'player_score'====== Args={'value': 27270, 'prev_value': 24240, 'change': 3030, 'player_num': 1, 'source': 'score'}
2025-05-18 20:24:22,920 : INFO : EventManager : Event: ======'flash_left_sling_red'====== Args={}
2025-05-18 20:24:22,975 : INFO : SwitchController : <<<<<<< 's_left_sling' inactive >>>>>>>
2025-05-18 20:24:24,029 : INFO : SwitchController : <<<<<<< 's_left_sling' active >>>>>>>
2025-05-18 20:24:24,029 : INFO : EventManager : Event: ======'s_left_sling_active'====== Args={}
2025-05-18 20:24:24,029 : INFO : EventManager : Event: ======'machine_var_audits_switches_s_left_sling'====== Args={'value': 192, 'prev_value': 191, 'change': 1}
2025-05-18 20:24:24,029 : INFO : EventManager : Event: ======'player_score'====== Args={'value': 30300, 'prev_value': 27270, 'change': 3030, 'player_num': 1, 'source': 'score'}
2025-05-18 20:24:24,029 : INFO : EventManager : Event: ======'flash_right_sling_blue'====== Args={}
2025-05-18 20:24:24,091 : INFO : SwitchController : <<<<<<< 's_left_sling' inactive >>>>>>>
2025-05-18 20:24:24,500 : INFO : SwitchController : <<<<<<< 's_left_sling' active >>>>>>>
2025-05-18 20:24:24,500 : INFO : EventManager : Event: ======'s_left_sling_active'====== Args={}
2025-05-18 20:24:24,500 : INFO : EventManager : Event: ======'machine_var_audits_switches_s_left_sling'====== Args={'value': 193, 'prev_value': 192, 'change': 1}
2025-05-18 20:24:24,500 : INFO : EventManager : Event: ======'player_score'====== Args={'value': 33330, 'prev_value': 30300, 'change': 3030, 'player_num': 1, 'source': 'score'}
2025-05-18 20:24:24,501 : INFO : EventManager : Event: ======'flash_left_sling_red'====== Args={}
2025-05-18 20:24:24,573 : INFO : SwitchController : <<<<<<< 's_left_sling' inactive >>>>>>>
2025-05-18 20:24:26,345 : INFO : SwitchController : <<<<<<< 's_right_sling' active >>>>>>>
2025-05-18 20:24:26,345 : INFO : EventManager : Event: ======'s_right_sling_active'====== Args={}
2025-05-18 20:24:26,346 : INFO : EventManager : Event: ======'machine_var_audits_switches_s_right_sling'====== Args={'value': 159, 'prev_value': 158, 'change': 1}
2025-05-18 20:24:26,346 : INFO : EventManager : Event: ======'player_score'====== Args={'value': 36360, 'prev_value': 33330, 'change': 3030, 'player_num': 1, 'source': 'score'}
2025-05-18 20:24:26,347 : INFO : EventManager : Event: ======'flash_right_sling_blue'====== Args={}
2025-05-18 20:24:26,411 : INFO : SwitchController : <<<<<<< 's_right_sling' inactive >>>>>>>
2025-05-18 20:24:26,989 : INFO : SwitchController : <<<<<<< 's_right_sling' active >>>>>>>
2025-05-18 20:24:26,989 : INFO : EventManager : Event: ======'s_right_sling_active'====== Args={}
2025-05-18 20:24:26,989 : INFO : EventManager : Event: ======'machine_var_audits_switches_s_right_sling'====== Args={'value': 160, 'prev_value': 159, 'change': 1}
2025-05-18 20:24:26,989 : INFO : EventManager : Event: ======'player_score'====== Args={'value': 39390, 'prev_value': 36360, 'change': 3030, 'player_num': 1, 'source': 'score'}
2025-05-18 20:24:26,990 : INFO : EventManager : Event: ======'flash_right_sling_red'====== Args={}
2025-05-18 20:24:27,051 : INFO : SwitchController : <<<<<<< 's_right_sling' inactive >>>>>>>
2025-05-18 20:24:27,696 : INFO : SwitchController : <<<<<<< 's_right_sling' active >>>>>>>
2025-05-18 20:24:27,697 : INFO : EventManager : Event: ======'s_right_sling_active'====== Args={}
2025-05-18 20:24:27,697 : INFO : EventManager : Event: ======'machine_var_audits_switches_s_right_sling'====== Args={'value': 161, 'prev_value': 160, 'change': 1}
2025-05-18 20:24:27,697 : INFO : EventManager : Event: ======'player_score'====== Args={'value': 42420, 'prev_value': 39390, 'change': 3030, 'player_num': 1, 'source': 'score'}
2025-05-18 20:24:27,697 : INFO : EventManager : Event: ======'flash_right_sling_blue'====== Args={}
2025-05-18 20:24:27,752 : INFO : SwitchController : <<<<<<< 's_right_sling' inactive >>>>>>>
2025-05-18 20:24:28,376 : INFO : SwitchController : <<<<<<< 's_right_sling' active >>>>>>>
2025-05-18 20:24:28,376 : INFO : EventManager : Event: ======'s_right_sling_active'====== Args={}
2025-05-18 20:24:28,376 : INFO : EventManager : Event: ======'machine_var_audits_switches_s_right_sling'====== Args={'value': 162, 'prev_value': 161, 'change': 1}
2025-05-18 20:24:28,376 : INFO : EventManager : Event: ======'player_score'====== Args={'value': 45450, 'prev_value': 42420, 'change': 3030, 'player_num': 1, 'source': 'score'}
2025-05-18 20:24:28,377 : INFO : EventManager : Event: ======'flash_right_sling_red'====== Args={}
2025-05-18 20:24:28,444 : INFO : SwitchController : <<<<<<< 's_right_sling' inactive >>>>>>>
2025-05-18 20:24:29,212 : INFO : SwitchController : <<<<<<< 's_right_sling' active >>>>>>>
2025-05-18 20:24:29,212 : INFO : EventManager : Event: ======'s_right_sling_active'====== Args={}
2025-05-18 20:24:29,213 : INFO : EventManager : Event: ======'machine_var_audits_switches_s_right_sling'====== Args={'value': 163, 'prev_value': 162, 'change': 1}
2025-05-18 20:24:29,213 : INFO : EventManager : Event: ======'player_score'====== Args={'value': 48480, 'prev_value': 45450, 'change': 3030, 'player_num': 1, 'source': 'score'}
2025-05-18 20:24:29,213 : INFO : EventManager : Event: ======'flash_right_sling_blue'====== Args={}
2025-05-18 20:24:29,278 : INFO : SwitchController : <<<<<<< 's_right_sling' inactive >>>>>>>
2025-05-18 20:24:30,028 : INFO : SwitchController : <<<<<<< 's_right_sling' active >>>>>>>
2025-05-18 20:24:30,028 : INFO : EventManager : Event: ======'s_right_sling_active'====== Args={}
2025-05-18 20:24:30,028 : INFO : EventManager : Event: ======'machine_var_audits_switches_s_right_sling'====== Args={'value': 164, 'prev_value': 163, 'change': 1}
2025-05-18 20:24:30,029 : INFO : EventManager : Event: ======'player_score'====== Args={'value': 51510, 'prev_value': 48480, 'change': 3030, 'player_num': 1, 'source': 'score'}
2025-05-18 20:24:30,029 : INFO : EventManager : Event: ======'flash_right_sling_red'====== Args={}
2025-05-18 20:24:30,080 : INFO : SwitchController : <<<<<<< 's_right_sling' inactive >>>>>>>
2025-05-18 20:24:31,280 : INFO : SwitchController : <<<<<<< 's_left_sling' active >>>>>>>
2025-05-18 20:24:31,280 : INFO : EventManager : Event: ======'s_left_sling_active'====== Args={}
2025-05-18 20:24:31,280 : INFO : EventManager : Event: ======'machine_var_audits_switches_s_left_sling'====== Args={'value': 194, 'prev_value': 193, 'change': 1}
2025-05-18 20:24:31,280 : INFO : EventManager : Event: ======'player_score'====== Args={'value': 54540, 'prev_value': 51510, 'change': 3030, 'player_num': 1, 'source': 'score'}
2025-05-18 20:24:31,280 : INFO : EventManager : Event: ======'flash_right_sling_blue'====== Args={}
2025-05-18 20:24:31,330 : INFO : SwitchController : <<<<<<< 's_left_sling' inactive >>>>>>>
2025-05-18 20:24:31,901 : INFO : SwitchController : <<<<<<< 's_left_sling' active >>>>>>>
2025-05-18 20:24:31,901 : INFO : EventManager : Event: ======'s_left_sling_active'====== Args={}
2025-05-18 20:24:31,902 : INFO : EventManager : Event: ======'machine_var_audits_switches_s_left_sling'====== Args={'value': 195, 'prev_value': 194, 'change': 1}
2025-05-18 20:24:31,902 : INFO : EventManager : Event: ======'player_score'====== Args={'value': 57570, 'prev_value': 54540, 'change': 3030, 'player_num': 1, 'source': 'score'}
2025-05-18 20:24:31,902 : INFO : EventManager : Event: ======'flash_left_sling_red'====== Args={}
2025-05-18 20:24:31,954 : INFO : SwitchController : <<<<<<< 's_left_sling' inactive >>>>>>>
2025-05-18 20:25:46,196 : INFO : SwitchController : <<<<<<< 's_left_sling' active >>>>>>>
2025-05-18 20:25:46,196 : INFO : EventManager : Event: ======'s_left_sling_active'====== Args={}
2025-05-18 20:25:46,196 : INFO : EventManager : Event: ======'machine_var_audits_switches_s_left_sling'====== Args={'value': 196, 'prev_value': 195, 'change': 1}
2025-05-18 20:25:46,197 : INFO : EventManager : Event: ======'player_score'====== Args={'value': 60600, 'prev_value': 57570, 'change': 3030, 'player_num': 1, 'source': 'score'}
2025-05-18 20:25:46,197 : INFO : EventManager : Event: ======'flash_right_sling_blue'====== Args={}
2025-05-18 20:25:46,258 : INFO : SwitchController : <<<<<<< 's_left_sling' inactive >>>>>>>
2025-05-18 20:25:46,903 : INFO : SwitchController : <<<<<<< 's_left_sling' active >>>>>>>
2025-05-18 20:25:46,903 : INFO : EventManager : Event: ======'s_left_sling_active'====== Args={}
2025-05-18 20:25:46,903 : INFO : EventManager : Event: ======'machine_var_audits_switches_s_left_sling'====== Args={'value': 197, 'prev_value': 196, 'change': 1}
2025-05-18 20:25:46,903 : INFO : EventManager : Event: ======'player_score'====== Args={'value': 63630, 'prev_value': 60600, 'change': 3030, 'player_num': 1, 'source': 'score'}
2025-05-18 20:25:46,903 : INFO : EventManager : Event: ======'flash_left_sling_red'====== Args={}
2025-05-18 20:25:46,958 : INFO : SwitchController : <<<<<<< 's_left_sling' inactive >>>>>>>
2025-05-18 20:25:48,182 : INFO : SwitchController : <<<<<<< 's_left_sling' active >>>>>>>
2025-05-18 20:25:48,182 : INFO : EventManager : Event: ======'s_left_sling_active'====== Args={}
2025-05-18 20:25:48,182 : INFO : EventManager : Event: ======'machine_var_audits_switches_s_left_sling'====== Args={'value': 198, 'prev_value': 197, 'change': 1}
2025-05-18 20:25:48,182 : INFO : EventManager : Event: ======'player_score'====== Args={'value': 66660, 'prev_value': 63630, 'change': 3030, 'player_num': 1, 'source': 'score'}
2025-05-18 20:25:48,183 : INFO : EventManager : Event: ======'flash_right_sling_blue'====== Args={}
2025-05-18 20:25:48,250 : INFO : SwitchController : <<<<<<< 's_left_sling' inactive >>>>>>>
2025-05-18 20:25:48,347 : INFO : SwitchController : <<<<<<< 's_left_sling' active >>>>>>>
2025-05-18 20:25:48,347 : INFO : EventManager : Event: ======'s_left_sling_active'====== Args={}
2025-05-18 20:25:48,347 : INFO : EventManager : Event: ======'machine_var_audits_switches_s_left_sling'====== Args={'value': 199, 'prev_value': 198, 'change': 1}
2025-05-18 20:25:48,347 : INFO : EventManager : Event: ======'player_score'====== Args={'value': 69690, 'prev_value': 66660, 'change': 3030, 'player_num': 1, 'source': 'score'}
2025-05-18 20:25:48,347 : INFO : EventManager : Event: ======'flash_left_sling_red'====== Args={}
2025-05-18 20:25:48,418 : INFO : SwitchController : <<<<<<< 's_left_sling' inactive >>>>>>>
2025-05-18 20:25:48,504 : INFO : SwitchController : <<<<<<< 's_left_sling' active >>>>>>>
2025-05-18 20:25:48,504 : INFO : EventManager : Event: ======'s_left_sling_active'====== Args={}
2025-05-18 20:25:48,504 : INFO : EventManager : Event: ======'machine_var_audits_switches_s_left_sling'====== Args={'value': 200, 'prev_value': 199, 'change': 1}
2025-05-18 20:25:48,505 : INFO : EventManager : Event: ======'player_score'====== Args={'value': 72720, 'prev_value': 69690, 'change': 3030, 'player_num': 1, 'source': 'score'}
2025-05-18 20:25:48,505 : INFO : EventManager : Event: ======'flash_right_sling_blue'====== Args={}
2025-05-18 20:25:48,573 : INFO : SwitchController : <<<<<<< 's_left_sling' inactive >>>>>>>
2025-05-18 20:25:48,662 : INFO : SwitchController : <<<<<<< 's_left_sling' active >>>>>>>
2025-05-18 20:25:48,662 : INFO : EventManager : Event: ======'s_left_sling_active'====== Args={}
2025-05-18 20:25:48,662 : INFO : EventManager : Event: ======'machine_var_audits_switches_s_left_sling'====== Args={'value': 201, 'prev_value': 200, 'change': 1}
2025-05-18 20:25:48,662 : INFO : EventManager : Event: ======'player_score'====== Args={'value': 75750, 'prev_value': 72720, 'change': 3030, 'player_num': 1, 'source': 'score'}
2025-05-18 20:25:48,663 : INFO : EventManager : Event: ======'flash_left_sling_red'====== Args={}
2025-05-18 20:25:48,729 : INFO : SwitchController : <<<<<<< 's_left_sling' inactive >>>>>>>
2025-05-18 20:25:48,804 : INFO : SwitchController : <<<<<<< 's_left_sling' active >>>>>>>
2025-05-18 20:25:48,805 : INFO : EventManager : Event: ======'s_left_sling_active'====== Args={}
2025-05-18 20:25:48,805 : INFO : EventManager : Event: ======'machine_var_audits_switches_s_left_sling'====== Args={'value': 202, 'prev_value': 201, 'change': 1}
2025-05-18 20:25:48,805 : INFO : EventManager : Event: ======'player_score'====== Args={'value': 78780, 'prev_value': 75750, 'change': 3030, 'player_num': 1, 'source': 'score'}
2025-05-18 20:25:48,805 : INFO : EventManager : Event: ======'flash_right_sling_blue'====== Args={}
2025-05-18 20:25:48,868 : INFO : SwitchController : <<<<<<< 's_left_sling' inactive >>>>>>>
2025-05-18 20:25:48,954 : INFO : SwitchController : <<<<<<< 's_left_sling' active >>>>>>>
2025-05-18 20:25:48,954 : INFO : EventManager : Event: ======'s_left_sling_active'====== Args={}
2025-05-18 20:25:48,954 : INFO : EventManager : Event: ======'machine_var_audits_switches_s_left_sling'====== Args={'value': 203, 'prev_value': 202, 'change': 1}
2025-05-18 20:25:48,955 : INFO : EventManager : Event: ======'player_score'====== Args={'value': 81810, 'prev_value': 78780, 'change': 3030, 'player_num': 1, 'source': 'score'}
2025-05-18 20:25:48,955 : INFO : EventManager : Event: ======'flash_left_sling_red'====== Args={}
2025-05-18 20:25:49,024 : INFO : SwitchController : <<<<<<< 's_left_sling' inactive >>>>>>>
2025-05-18 20:25:50,313 : INFO : SwitchController : <<<<<<< 's_left_sling' active >>>>>>>
2025-05-18 20:25:50,313 : INFO : EventManager : Event: ======'s_left_sling_active'====== Args={}
2025-05-18 20:25:50,313 : INFO : EventManager : Event: ======'machine_var_audits_switches_s_left_sling'====== Args={'value': 204, 'prev_value': 203, 'change': 1}
2025-05-18 20:25:50,314 : INFO : EventManager : Event: ======'player_score'====== Args={'value': 84840, 'prev_value': 81810, 'change': 3030, 'player_num': 1, 'source': 'score'}
2025-05-18 20:25:50,314 : INFO : EventManager : Event: ======'flash_right_sling_blue'====== Args={}
2025-05-18 20:25:50,377 : INFO : SwitchController : <<<<<<< 's_left_sling' inactive >>>>>>>
2025-05-18 20:25:50,785 : INFO : SwitchController : <<<<<<< 's_left_sling' active >>>>>>>
2025-05-18 20:25:50,785 : INFO : EventManager : Event: ======'s_left_sling_active'====== Args={}
2025-05-18 20:25:50,785 : INFO : EventManager : Event: ======'machine_var_audits_switches_s_left_sling'====== Args={'value': 205, 'prev_value': 204, 'change': 1}
2025-05-18 20:25:50,785 : INFO : EventManager : Event: ======'player_score'====== Args={'value': 87870, 'prev_value': 84840, 'change': 3030, 'player_num': 1, 'source': 'score'}
2025-05-18 20:25:50,786 : INFO : EventManager : Event: ======'flash_left_sling_red'====== Args={}
2025-05-18 20:25:50,859 : INFO : SwitchController : <<<<<<< 's_left_sling' inactive >>>>>>>
2025-05-18 20:25:51,314 : INFO : SwitchController : <<<<<<< 's_left_sling' active >>>>>>>
2025-05-18 20:25:51,314 : INFO : EventManager : Event: ======'s_left_sling_active'====== Args={}
2025-05-18 20:25:51,315 : INFO : EventManager : Event: ======'machine_var_audits_switches_s_left_sling'====== Args={'value': 206, 'prev_value': 205, 'change': 1}
2025-05-18 20:25:51,315 : INFO : EventManager : Event: ======'player_score'====== Args={'value': 90900, 'prev_value': 87870, 'change': 3030, 'player_num': 1, 'source': 'score'}
2025-05-18 20:25:51,315 : INFO : EventManager : Event: ======'flash_right_sling_blue'====== Args={}
2025-05-18 20:25:51,390 : INFO : SwitchController : <<<<<<< 's_left_sling' inactive >>>>>>>
2025-05-18 20:25:51,621 : INFO : SwitchController : <<<<<<< 's_left_sling' active >>>>>>>
2025-05-18 20:25:51,621 : INFO : EventManager : Event: ======'s_left_sling_active'====== Args={}
2025-05-18 20:25:51,622 : INFO : EventManager : Event: ======'machine_var_audits_switches_s_left_sling'====== Args={'value': 207, 'prev_value': 206, 'change': 1}
2025-05-18 20:25:51,622 : INFO : EventManager : Event: ======'player_score'====== Args={'value': 93930, 'prev_value': 90900, 'change': 3030, 'player_num': 1, 'source': 'score'}
2025-05-18 20:25:51,622 : INFO : EventManager : Event: ======'flash_left_sling_red'====== Args={}
2025-05-18 20:25:51,672 : INFO : SwitchController : <<<<<<< 's_left_sling' inactive >>>>>>>
2025-05-18 20:25:52,094 : INFO : SwitchController : <<<<<<< 's_left_sling' active >>>>>>>
2025-05-18 20:25:52,094 : INFO : EventManager : Event: ======'s_left_sling_active'====== Args={}
2025-05-18 20:25:52,094 : INFO : EventManager : Event: ======'machine_var_audits_switches_s_left_sling'====== Args={'value': 208, 'prev_value': 207, 'change': 1}
2025-05-18 20:25:52,095 : INFO : EventManager : Event: ======'player_score'====== Args={'value': 96960, 'prev_value': 93930, 'change': 3030, 'player_num': 1, 'source': 'score'}
2025-05-18 20:25:52,095 : INFO : EventManager : Event: ======'flash_right_sling_blue'====== Args={}
2025-05-18 20:25:52,168 : INFO : SwitchController : <<<<<<< 's_left_sling' inactive >>>>>>>
2025-05-18 20:25:52,380 : INFO : SwitchController : <<<<<<< 's_left_sling' active >>>>>>>
2025-05-18 20:25:52,380 : INFO : EventManager : Event: ======'s_left_sling_active'====== Args={}
2025-05-18 20:25:52,380 : INFO : EventManager : Event: ======'machine_var_audits_switches_s_left_sling'====== Args={'value': 209, 'prev_value': 208, 'change': 1}
2025-05-18 20:25:52,381 : INFO : EventManager : Event: ======'player_score'====== Args={'value': 99990, 'prev_value': 96960, 'change': 3030, 'player_num': 1, 'source': 'score'}
2025-05-18 20:25:52,381 : INFO : EventManager : Event: ======'flash_left_sling_red'====== Args={}
2025-05-18 20:25:52,447 : INFO : SwitchController : <<<<<<< 's_left_sling' inactive >>>>>>>
2025-05-18 20:26:50,270 : INFO : Machine : Shutting down...
2025-05-18 20:26:50,270 : INFO : EventManager : Event: ======'shutdown'====== Args={}
2025-05-18 20:26:50,271 : INFO : EventManager : Event: ======'mode_game_will_stop'====== Args={}
2025-05-18 20:26:50,272 : INFO : EventManager : Event: ======'mode_game_stopping'====== Args={}
2025-05-18 20:26:50,272 : INFO : EventManager : Event: ======'mode_score_will_stop'====== Args={}
2025-05-18 20:26:50,272 : INFO : EventManager : Event: ======'mode_score_stopping'====== Args={}
2025-05-18 20:26:50,272 : INFO : EventManager : Event: ======'mode_base_will_stop'====== Args={}
2025-05-18 20:26:50,272 : INFO : EventManager : Event: ======'mode_base_stopping'====== Args={}
2025-05-18 20:26:50,273 : INFO : Mode.base : Stopped.
2025-05-18 20:26:50,273 : INFO : EventManager : Event: ======'modes_active_modes_changed'====== Args={}
2025-05-18 20:26:50,273 : INFO : EventManager : Event: ======'mode_base_stopped'====== Args={}
2025-05-18 20:26:50,273 : INFO : EventManager : Event: ======'clear'====== Args={'key': 'base'}
2025-05-18 20:26:50,273 : INFO : Mode.score : Stopped.
2025-05-18 20:26:50,273 : INFO : EventManager : Event: ======'modes_active_modes_changed'====== Args={}
2025-05-18 20:26:50,273 : INFO : EventManager : Event: ======'mode_score_stopped'====== Args={}
2025-05-18 20:26:50,273 : INFO : EventManager : Event: ======'clear'====== Args={'key': 'score'}
2025-05-18 20:26:50,273 : INFO : Mode.game : Stopped.
2025-05-18 20:26:50,273 : INFO : EventManager : Event: ======'modes_active_modes_changed'====== Args={}
2025-05-18 20:26:50,274 : INFO : EventManager : Event: ======'mode_game_stopped'====== Args={}
2025-05-18 20:26:50,274 : INFO : EventManager : Event: ======'clear'====== Args={'key': 'game'}
2025-05-18 20:26:50,277 : INFO : root : MPF run loop ended.
