2025-11-15 15:34:45,835 : INFO : root : Loading config.
2025-11-15 15:34:45,847 : INFO : YamlMultifileConfigLoader : Machine config file #1: config.yaml
2025-11-15 15:34:45,849 : WARNING : ConfigProcessor : Config file in cache changed: C:\Users\finis\diehard-mpf\config\config.yaml
2025-11-15 15:34:45,849 : INFO : ConfigProcessor : Loading config from file C:\Users\finis\mpf\Lib\site-packages\mpf\mpfconfig.yaml.
2025-11-15 15:34:45,855 : INFO : ConfigProcessor : Loading config: C:\Users\finis\mpf\Lib\site-packages\mpf\mpfconfig.yaml
2025-11-15 15:34:45,855 : INFO : ConfigProcessor : Loading config from file C:\Users\finis\diehard-mpf\config\config.yaml.
2025-11-15 15:34:45,868 : INFO : ConfigProcessor : Loading config: C:\Users\finis\diehard-mpf\config\config.yaml
2025-11-15 15:34:45,870 : INFO : ConfigProcessor : Loading config: C:\Users\finis\diehard-mpf\config\ball_devices.yaml
2025-11-15 15:34:45,871 : INFO : ConfigProcessor : Loading config: C:\Users\finis\diehard-mpf\config\coils.yaml
2025-11-15 15:34:45,877 : INFO : ConfigProcessor : Loading config: C:\Users\finis\diehard-mpf\config\lights.yaml
2025-11-15 15:34:45,879 : INFO : ConfigProcessor : Loading config: C:\Users\finis\diehard-mpf\config\shot_profiles.yaml
2025-11-15 15:34:45,881 : INFO : ConfigProcessor : Loading config: C:\Users\finis\diehard-mpf\config\switches.yaml
2025-11-15 15:34:45,883 : INFO : ConfigProcessor : Config file cache created: C:\Users\finis\AppData\Local\Temp\46a2264aace4dc9247b28883ea729273.mpf_cache
2025-11-15 15:34:45,936 : INFO : ConfigProcessor : Loading config from cache: C:\Users\finis\AppData\Local\Temp\7a912b2511d42635e0b426a52fd16cc1.mpf_cache
2025-11-15 15:34:45,936 : INFO : ConfigProcessor : Loading config from cache: C:\Users\finis\AppData\Local\Temp\846fbc79a2a788b1cf5d5d816f13713f.mpf_cache
2025-11-15 15:34:45,938 : INFO : ConfigProcessor : Loading config from cache: C:\Users\finis\AppData\Local\Temp\7a912b2511d42635e0b426a52fd16cc1.mpf_cache
2025-11-15 15:34:45,938 : INFO : ConfigProcessor : Loading config from cache: C:\Users\finis\AppData\Local\Temp\771489ba91bf1192210b19104700c5d3.mpf_cache
2025-11-15 15:34:45,940 : INFO : ConfigProcessor : Loading config from cache: C:\Users\finis\AppData\Local\Temp\46e23fa43ebcbad0058dff2ccd1749db.mpf_cache
2025-11-15 15:34:45,940 : INFO : ConfigProcessor : Loading config from cache: C:\Users\finis\AppData\Local\Temp\4b672ce255959e7c9d79f5c0592d724e.mpf_cache
2025-11-15 15:34:45,941 : INFO : ConfigProcessor : Loading config from file C:\Users\finis\diehard-mpf\shows\.\attract_christmas.yaml.
