2025-05-24 11:22:19,155 : INFO : root : Loading config.
2025-05-24 11:22:19,158 : INFO : YamlMultifileConfigLoader : Machine config file #1: config.yaml
2025-05-24 11:22:19,159 : INFO : ConfigProcessor : Loading config from cache: C:\Users\carr-\AppData\Local\Temp\23e177fce4903a9a69d69f474fa748a1.mpf_cache
2025-05-24 11:22:19,167 : WARNING : ConfigProcessor : Config file in cache changed: C:\Users\carr-\Documents\development\diehard-mpf\config\shot_profiles.yaml
2025-05-24 11:22:19,167 : INFO : ConfigProcessor : Loading config from file C:\Users\carr-\Documents\development\mpf080\mpf\mpfconfig.yaml.
2025-05-24 11:22:19,176 : INFO : ConfigProcessor : Loading config: C:\Users\carr-\Documents\development\mpf080\mpf\mpfconfig.yaml
2025-05-24 11:22:19,176 : INFO : ConfigProcessor : Loading config from file C:\Users\carr-\Documents\development\diehard-mpf\config\config.yaml.
2025-05-24 11:22:19,180 : INFO : ConfigProcessor : Loading config: C:\Users\carr-\Documents\development\diehard-mpf\config\config.yaml
2025-05-24 11:22:19,183 : INFO : ConfigProcessor : Loading config: C:\Users\carr-\Documents\development\diehard-mpf\config\switches.yaml
2025-05-24 11:22:19,184 : INFO : ConfigProcessor : Loading config: C:\Users\carr-\Documents\development\diehard-mpf\config\ball_devices.yaml
2025-05-24 11:22:19,186 : INFO : ConfigProcessor : Loading config: C:\Users\carr-\Documents\development\diehard-mpf\config\coils.yaml
2025-05-24 11:22:19,194 : INFO : ConfigProcessor : Loading config: C:\Users\carr-\Documents\development\diehard-mpf\config\lights.yaml
2025-05-24 11:22:19,205 : INFO : ConfigProcessor : Loading config: C:\Users\carr-\Documents\development\diehard-mpf\config\shot_profiles.yaml
2025-05-24 11:22:19,207 : INFO : ConfigProcessor : Config file cache created: C:\Users\carr-\AppData\Local\Temp\23e177fce4903a9a69d69f474fa748a1.mpf_cache
2025-05-24 11:22:19,277 : INFO : ConfigProcessor : Loading config from cache: C:\Users\carr-\AppData\Local\Temp\2f9bbeccf93c71693a410725897ab70d.mpf_cache
2025-05-24 11:22:19,278 : INFO : ConfigProcessor : Loading config from cache: C:\Users\carr-\AppData\Local\Temp\71986c9cb54d44e1ee87b7d4d0f68024.mpf_cache
2025-05-24 11:22:19,278 : INFO : ConfigProcessor : Loading config from cache: C:\Users\carr-\AppData\Local\Temp\460998002e273cec26232c9157d92984.mpf_cache
2025-05-24 11:22:19,279 : INFO : ConfigProcessor : Loading config from cache: C:\Users\carr-\AppData\Local\Temp\668dbdbfcbfe997663fcbdfe0871c0b4.mpf_cache
2025-05-24 11:22:19,280 : INFO : ConfigProcessor : Loading config from cache: C:\Users\carr-\AppData\Local\Temp\1113c1d20ec4e70f79a7ed8de50ab69e.mpf_cache
2025-05-24 11:22:19,287 : INFO : ConfigProcessor : Loading config from cache: C:\Users\carr-\AppData\Local\Temp\6a4847c7210b75a304ae3e1d0e125b6a.mpf_cache
2025-05-24 11:22:19,287 : INFO : ConfigProcessor : Loading config from cache: C:\Users\carr-\AppData\Local\Temp\5bdb9da15c9005c4036d70c7ddf4c03f.mpf_cache
2025-05-24 11:22:19,288 : INFO : ConfigProcessor : Loading config from cache: C:\Users\carr-\AppData\Local\Temp\4ef2cae97e908c683695ed521c4a6650.mpf_cache
2025-05-24 11:22:19,288 : INFO : ConfigProcessor : Loading config from cache: C:\Users\carr-\AppData\Local\Temp\3675271a3c90b9f1f0f947db698ba341.mpf_cache
2025-05-24 11:22:19,289 : INFO : Machine : Mission Pinball Framework Core Engine v0.80.0.dev6
2025-05-24 11:22:19,289 : INFO : Machine : Command line arguments: {'no_load_cache': False, 'create_config_cache': True, 'bcp': True, 'configfile': ['config.yaml'], 'force_assets_load': False, 'platform_integration_test': False, 'jsonlogging': False, 'logfile': 'logs\\2025-05-24-11-22-19-mpf-LAPTOP-99TN7EPH.log', 'pause': False, 'production': False, 'text_ui': False, 'loglevel': 15, 'consoleloglevel': 10, 'force_platform': 'smart_virtual', 'syslog_address': None, 'full_logfile_path': 'C:\\Users\\carr-\\Documents\\development\\diehard-mpf\\logs\\2025-05-24-11-22-19-mpf-LAPTOP-99TN7EPH.log'}
2025-05-24 11:22:19,289 : INFO : Machine : MPF path: C:\Users\carr-\Documents\development\mpf080\mpf
2025-05-24 11:22:19,289 : INFO : Machine : Machine path: C:\Users\carr-\Documents\development\diehard-mpf
2025-05-24 11:22:19,289 : INFO : Machine : Platform: win32
2025-05-24 11:22:19,289 : INFO : Machine : Python executable location: C:\Users\carr-\Documents\development\mpf080\mpfenv\Scripts\python.exe
2025-05-24 11:22:19,289 : INFO : Machine : Python version: 3.9.13 (64-bit)
2025-05-24 11:22:19,291 : INFO : Machine : Initializing MPF...
2025-05-24 11:22:19,354 : INFO : EventManager : Event: ======'machine_var_credits_string'====== Args={'value': 'FREE PLAY', 'prev_value': None, 'change': True}
2025-05-24 11:22:19,370 : INFO : EventManager : Event: ======'machine_var_fast_audio_headphones_volume'====== Args={'value': 10, 'prev_value': None, 'change': True}
2025-05-24 11:22:19,370 : INFO : EventManager : Event: ======'machine_var_fast_audio_main_volume'====== Args={'value': 60, 'prev_value': None, 'change': True}
2025-05-24 11:22:19,370 : INFO : EventManager : Event: ======'machine_var_master_volume'====== Args={'value': 0.5, 'prev_value': None, 'change': True}
2025-05-24 11:22:19,371 : INFO : EventManager : Event: ======'machine_var_player1_score'====== Args={'value': 3030, 'prev_value': None, 'change': True}
2025-05-24 11:22:19,371 : INFO : EventManager : Event: ======'machine_var_var_which_attract'====== Args={'value': 0, 'prev_value': None, 'change': True}
2025-05-24 11:22:19,371 : INFO : EventManager : Event: ======'machine_var_mpf_version'====== Args={'value': 'Mission Pinball Framework v0.80.0.dev6', 'prev_value': None, 'change': True}
2025-05-24 11:22:19,371 : INFO : EventManager : Event: ======'machine_var_mpf_extended_version'====== Args={'value': 'Mission Pinball Framework v0.80.0.dev6, Config version:6, Show version: 6, BCP version:1.1', 'prev_value': None, 'change': True}
2025-05-24 11:22:19,371 : INFO : EventManager : Event: ======'machine_var_python_version'====== Args={'value': '3.9.13', 'prev_value': None, 'change': True}
2025-05-24 11:22:19,395 : INFO : EventManager : Event: ======'machine_var_platform'====== Args={'value': 'Windows-10-10.0.26100-SP0', 'prev_value': None, 'change': True}
2025-05-24 11:22:19,395 : INFO : EventManager : Event: ======'machine_var_platform_system'====== Args={'value': 'Windows', 'prev_value': None, 'change': True}
2025-05-24 11:22:19,395 : INFO : EventManager : Event: ======'machine_var_platform_release'====== Args={'value': '10', 'prev_value': None, 'change': True}
2025-05-24 11:22:19,395 : INFO : EventManager : Event: ======'machine_var_platform_version'====== Args={'value': '10.0.26100', 'prev_value': None, 'change': True}
2025-05-24 11:22:19,395 : INFO : EventManager : Event: ======'machine_var_platform_machine'====== Args={'value': 'AMD64', 'prev_value': None, 'change': True}
2025-05-24 11:22:19,395 : INFO : EventManager : Event: ======'machine_var_log_file_path'====== Args={'value': 'C:\\Users\\carr-\\Documents\\development\\diehard-mpf\\logs\\2025-05-24-11-22-19-mpf-LAPTOP-99TN7EPH.log', 'prev_value': None, 'change': True}
2025-05-24 11:22:19,395 : INFO : EventManager : Event: ======'init_phase_1'====== Args={}
2025-05-24 11:22:19,445 : INFO : EventManager : Event: ======'drop_target_bank_bank_up'====== Args={}
2025-05-24 11:22:19,447 : INFO : EventManager : Event: ======'init_phase_2'====== Args={}
2025-05-24 11:22:19,447 : INFO : SwitchController : Found active switch: ('d-8', <Platform.SmartVirtual>) <switch.s_trough1>
2025-05-24 11:22:19,447 : INFO : SwitchController : Found active switch: ('d-9', <Platform.SmartVirtual>) <switch.s_trough2>
2025-05-24 11:22:19,447 : INFO : SwitchController : Found active switch: ('d-10', <Platform.SmartVirtual>) <switch.s_trough3>
2025-05-24 11:22:19,447 : INFO : SwitchController : Found active switch: ('d-11', <Platform.SmartVirtual>) <switch.s_trough4>
2025-05-24 11:22:19,448 : INFO : SwitchController : Found active switch: ('d-12', <Platform.SmartVirtual>) <switch.s_trough5>
2025-05-24 11:22:19,448 : INFO : SwitchController : Found active switch: ('d-13', <Platform.SmartVirtual>) <switch.s_trough6>
2025-05-24 11:22:19,450 : INFO : EventManager : Event: ======'bcp_connection_attempt'====== Args={'name': 'local_display', 'host': 'localhost', 'port': 5050}
2025-05-24 11:22:19,453 : INFO : BCPClientSocket : Connecting BCP to 'local_display' at localhost:5050...
2025-05-24 11:22:23,656 : INFO : BCPClientSocket : Connected BCP to 'local_display' localhost:5050
2025-05-24 11:22:23,657 : INFO : EventManager : Event: ======'bcp_clients_connected'====== Args={}
2025-05-24 11:22:23,657 : INFO : ball_device.bd_trough : BCH: Initial count: 6
2025-05-24 11:22:23,657 : INFO : ball_device.bd_trough : State: idle
2025-05-24 11:22:23,658 : INFO : ball_device.bd_plunger : BCH: Initial count: 0
2025-05-24 11:22:23,658 : INFO : ball_device.bd_plunger : State: idle
2025-05-24 11:22:23,658 : INFO : ball_device.bd_scoop : BCH: Initial count: 0
2025-05-24 11:22:23,658 : INFO : ball_device.bd_scoop : State: idle
2025-05-24 11:22:23,658 : INFO : ball_device.bd_scoop1 : BCH: Initial count: 0
2025-05-24 11:22:23,658 : INFO : ball_device.bd_scoop1 : State: idle
2025-05-24 11:22:23,659 : INFO : ball_device.bd_scoop2 : BCH: Initial count: 0
2025-05-24 11:22:23,659 : INFO : ball_device.bd_scoop2 : State: idle
2025-05-24 11:22:23,659 : INFO : ball_device.bd_scoop3 : BCH: Initial count: 0
2025-05-24 11:22:23,659 : INFO : ball_device.bd_scoop3 : State: idle
2025-05-24 11:22:23,659 : INFO : ball_device.bd_scoop4 : BCH: Initial count: 0
2025-05-24 11:22:23,659 : INFO : ball_device.bd_scoop4 : State: idle
2025-05-24 11:22:23,669 : INFO : EventManager : Event: ======'init_phase_3'====== Args={}
2025-05-24 11:22:23,720 : INFO : EventManager : Event: ======'init_phase_4'====== Args={}
2025-05-24 11:22:23,721 : INFO : BallController : Initial balls found: 6
2025-05-24 11:22:23,722 : INFO : EventManager : Event: ======'machine_var_audits_events_game_ended'====== Args={'value': 11, 'prev_value': None, 'change': True}
2025-05-24 11:22:23,722 : INFO : EventManager : Event: ======'machine_var_audits_events_game_started'====== Args={'value': 71, 'prev_value': None, 'change': True}
2025-05-24 11:22:23,722 : INFO : EventManager : Event: ======'machine_var_audits_missing_switches_s_AirDuctEnter001'====== Args={'value': 25, 'prev_value': None, 'change': True}
2025-05-24 11:22:23,722 : INFO : EventManager : Event: ======'machine_var_audits_missing_switches_s_airplane'====== Args={'value': 20, 'prev_value': None, 'change': True}
2025-05-24 11:22:23,722 : INFO : EventManager : Event: ======'machine_var_audits_missing_switches_s_bottom_left_inner_drain'====== Args={'value': 17, 'prev_value': None, 'change': True}
2025-05-24 11:22:23,722 : INFO : EventManager : Event: ======'machine_var_audits_missing_switches_s_bottom_left_outer_drain'====== Args={'value': 20, 'prev_value': None, 'change': True}
2025-05-24 11:22:23,722 : INFO : EventManager : Event: ======'machine_var_audits_missing_switches_s_bottom_right_inner_drain'====== Args={'value': 14, 'prev_value': None, 'change': True}
2025-05-24 11:22:23,722 : INFO : EventManager : Event: ======'machine_var_audits_missing_switches_s_bottom_right_outer_drain'====== Args={'value': 17, 'prev_value': None, 'change': True}
2025-05-24 11:22:23,722 : INFO : EventManager : Event: ======'machine_var_audits_missing_switches_s_bottom_right_vuk'====== Args={'value': 13, 'prev_value': None, 'change': True}
2025-05-24 11:22:23,722 : INFO : EventManager : Event: ======'machine_var_audits_missing_switches_s_door'====== Args={'value': 14, 'prev_value': None, 'change': True}
2025-05-24 11:22:23,722 : INFO : EventManager : Event: ======'machine_var_audits_missing_switches_s_door_tilt'====== Args={'value': 16, 'prev_value': None, 'change': True}
2025-05-24 11:22:23,722 : INFO : EventManager : Event: ======'machine_var_audits_missing_switches_s_drop_target_1'====== Args={'value': 14, 'prev_value': None, 'change': True}
2025-05-24 11:22:23,722 : INFO : EventManager : Event: ======'machine_var_audits_missing_switches_s_drop_target_2'====== Args={'value': 14, 'prev_value': None, 'change': True}
2025-05-24 11:22:23,722 : INFO : EventManager : Event: ======'machine_var_audits_missing_switches_s_drop_target_3'====== Args={'value': 14, 'prev_value': None, 'change': True}
2025-05-24 11:22:23,722 : INFO : EventManager : Event: ======'machine_var_audits_missing_switches_s_enter'====== Args={'value': 71, 'prev_value': None, 'change': True}
2025-05-24 11:22:23,723 : INFO : EventManager : Event: ======'machine_var_audits_missing_switches_s_escape'====== Args={'value': 71, 'prev_value': None, 'change': True}
2025-05-24 11:22:23,723 : INFO : EventManager : Event: ======'machine_var_audits_missing_switches_s_fire'====== Args={'value': 13, 'prev_value': None, 'change': True}
2025-05-24 11:22:23,723 : INFO : EventManager : Event: ======'machine_var_audits_missing_switches_s_highvuk'====== Args={'value': 17, 'prev_value': None, 'change': True}
2025-05-24 11:22:23,723 : INFO : EventManager : Event: ======'machine_var_audits_missing_switches_s_holly_l'====== Args={'value': 17, 'prev_value': None, 'change': True}
2025-05-24 11:22:23,723 : INFO : EventManager : Event: ======'machine_var_audits_missing_switches_s_holly_l_1'====== Args={'value': 23, 'prev_value': None, 'change': True}
2025-05-24 11:22:23,723 : INFO : EventManager : Event: ======'machine_var_audits_missing_switches_s_holly_o'====== Args={'value': 17, 'prev_value': None, 'change': True}
2025-05-24 11:22:23,723 : INFO : EventManager : Event: ======'machine_var_audits_missing_switches_s_holly_y'====== Args={'value': 18, 'prev_value': None, 'change': True}
2025-05-24 11:22:23,723 : INFO : EventManager : Event: ======'machine_var_audits_missing_switches_s_left spinner'====== Args={'value': 13, 'prev_value': None, 'change': True}
2025-05-24 11:22:23,723 : INFO : EventManager : Event: ======'machine_var_audits_missing_switches_s_left_coin'====== Args={'value': 71, 'prev_value': None, 'change': True}
2025-05-24 11:22:23,723 : INFO : EventManager : Event: ======'machine_var_audits_missing_switches_s_left_flipper'====== Args={'value': 14, 'prev_value': None, 'change': True}
2025-05-24 11:22:23,723 : INFO : EventManager : Event: ======'machine_var_audits_missing_switches_s_left_flipper_eos'====== Args={'value': 14, 'prev_value': None, 'change': True}
2025-05-24 11:22:23,723 : INFO : EventManager : Event: ======'machine_var_audits_missing_switches_s_left_inlane'====== Args={'value': 24, 'prev_value': None, 'change': True}
2025-05-24 11:22:23,723 : INFO : EventManager : Event: ======'machine_var_audits_missing_switches_s_left_magna'====== Args={'value': 14, 'prev_value': None, 'change': True}
2025-05-24 11:22:23,723 : INFO : EventManager : Event: ======'machine_var_audits_missing_switches_s_left_orbit'====== Args={'value': 13, 'prev_value': None, 'change': True}
2025-05-24 11:22:23,723 : INFO : EventManager : Event: ======'machine_var_audits_missing_switches_s_left_outlane'====== Args={'value': 24, 'prev_value': None, 'change': True}
2025-05-24 11:22:23,723 : INFO : EventManager : Event: ======'machine_var_audits_missing_switches_s_left_sling'====== Args={'value': 2, 'prev_value': None, 'change': True}
2025-05-24 11:22:23,723 : INFO : EventManager : Event: ======'machine_var_audits_missing_switches_s_left_top_target'====== Args={'value': 17, 'prev_value': None, 'change': True}
2025-05-24 11:22:23,723 : INFO : EventManager : Event: ======'machine_var_audits_missing_switches_s_middle_top_target'====== Args={'value': 17, 'prev_value': None, 'change': True}
2025-05-24 11:22:23,723 : INFO : EventManager : Event: ======'machine_var_audits_missing_switches_s_minus'====== Args={'value': 71, 'prev_value': None, 'change': True}
2025-05-24 11:22:23,723 : INFO : EventManager : Event: ======'machine_var_audits_missing_switches_s_nakatomi'====== Args={'value': 17, 'prev_value': None, 'change': True}
2025-05-24 11:22:23,723 : INFO : EventManager : Event: ======'machine_var_audits_missing_switches_s_plus'====== Args={'value': 71, 'prev_value': None, 'change': True}
2025-05-24 11:22:23,723 : INFO : EventManager : Event: ======'machine_var_audits_missing_switches_s_popbumper_left'====== Args={'value': 17, 'prev_value': None, 'change': True}
2025-05-24 11:22:23,723 : INFO : EventManager : Event: ======'machine_var_audits_missing_switches_s_popbumper_right'====== Args={'value': 14, 'prev_value': None, 'change': True}
2025-05-24 11:22:23,723 : INFO : EventManager : Event: ======'machine_var_audits_missing_switches_s_right spinner'====== Args={'value': 14, 'prev_value': None, 'change': True}
2025-05-24 11:22:23,723 : INFO : EventManager : Event: ======'machine_var_audits_missing_switches_s_right_coin'====== Args={'value': 71, 'prev_value': None, 'change': True}
2025-05-24 11:22:23,723 : INFO : EventManager : Event: ======'machine_var_audits_missing_switches_s_right_flipper'====== Args={'value': 14, 'prev_value': None, 'change': True}
2025-05-24 11:22:23,723 : INFO : EventManager : Event: ======'machine_var_audits_missing_switches_s_right_flipper_eos'====== Args={'value': 14, 'prev_value': None, 'change': True}
2025-05-24 11:22:23,723 : INFO : EventManager : Event: ======'machine_var_audits_missing_switches_s_right_inlane'====== Args={'value': 24, 'prev_value': None, 'change': True}
2025-05-24 11:22:23,724 : INFO : EventManager : Event: ======'machine_var_audits_missing_switches_s_right_magna'====== Args={'value': 14, 'prev_value': None, 'change': True}
2025-05-24 11:22:23,724 : INFO : EventManager : Event: ======'machine_var_audits_missing_switches_s_right_orbit'====== Args={'value': 14, 'prev_value': None, 'change': True}
2025-05-24 11:22:23,724 : INFO : EventManager : Event: ======'machine_var_audits_missing_switches_s_right_outlane'====== Args={'value': 24, 'prev_value': None, 'change': True}
2025-05-24 11:22:23,724 : INFO : EventManager : Event: ======'machine_var_audits_missing_switches_s_right_sling'====== Args={'value': 3, 'prev_value': None, 'change': True}
2025-05-24 11:22:23,724 : INFO : EventManager : Event: ======'machine_var_audits_missing_switches_s_right_top_target'====== Args={'value': 25, 'prev_value': None, 'change': True}
2025-05-24 11:22:23,724 : INFO : EventManager : Event: ======'machine_var_audits_missing_switches_s_safe_vuk'====== Args={'value': 17, 'prev_value': None, 'change': True}
2025-05-24 11:22:23,724 : INFO : EventManager : Event: ======'machine_var_audits_missing_switches_s_start'====== Args={'value': 2, 'prev_value': None, 'change': True}
2025-05-24 11:22:23,724 : INFO : EventManager : Event: ======'machine_var_audits_missing_switches_s_target_2'====== Args={'value': 24, 'prev_value': None, 'change': True}
2025-05-24 11:22:23,724 : INFO : EventManager : Event: ======'machine_var_audits_missing_switches_s_target_3'====== Args={'value': 24, 'prev_value': None, 'change': True}
2025-05-24 11:22:23,724 : INFO : EventManager : Event: ======'machine_var_audits_missing_switches_s_tilt_bob'====== Args={'value': 71, 'prev_value': None, 'change': True}
2025-05-24 11:22:23,724 : INFO : EventManager : Event: ======'machine_var_audits_missing_switches_s_top_flipper_eos'====== Args={'value': 14, 'prev_value': None, 'change': True}
2025-05-24 11:22:23,724 : INFO : EventManager : Event: ======'machine_var_audits_missing_switches_s_top_flipper_hold'====== Args={'value': 24, 'prev_value': None, 'change': True}
2025-05-24 11:22:23,724 : INFO : EventManager : Event: ======'machine_var_audits_missing_switches_s_trough1'====== Args={'value': 2, 'prev_value': None, 'change': True}
2025-05-24 11:22:23,724 : INFO : EventManager : Event: ======'machine_var_audits_missing_switches_s_trough2'====== Args={'value': 13, 'prev_value': None, 'change': True}
2025-05-24 11:22:23,724 : INFO : EventManager : Event: ======'machine_var_audits_missing_switches_s_trough3'====== Args={'value': 13, 'prev_value': None, 'change': True}
2025-05-24 11:22:23,724 : INFO : EventManager : Event: ======'machine_var_audits_missing_switches_s_trough4'====== Args={'value': 13, 'prev_value': None, 'change': True}
2025-05-24 11:22:23,724 : INFO : EventManager : Event: ======'machine_var_audits_missing_switches_s_trough5'====== Args={'value': 13, 'prev_value': None, 'change': True}
2025-05-24 11:22:23,724 : INFO : EventManager : Event: ======'machine_var_audits_missing_switches_s_trough6'====== Args={'value': 13, 'prev_value': None, 'change': True}
2025-05-24 11:22:23,724 : INFO : EventManager : Event: ======'machine_var_audits_missing_switches_s_trough_jam'====== Args={'value': 13, 'prev_value': None, 'change': True}
2025-05-24 11:22:23,724 : INFO : EventManager : Event: ======'machine_var_audits_missing_switches_s_tunel_vuk'====== Args={'value': 13, 'prev_value': None, 'change': True}
2025-05-24 11:22:23,724 : INFO : EventManager : Event: ======'machine_var_audits_player_score'====== Args={'value': {'average': 1816, 'top': [224220, 30300, 6060, 3030, 0, 0, 0, 0, 0, 0], 'total': 15}, 'prev_value': None, 'change': True}
2025-05-24 11:22:23,724 : INFO : EventManager : Event: ======'machine_var_audits_switches_s_AirDuctEnter001'====== Args={'value': 8, 'prev_value': None, 'change': True}
2025-05-24 11:22:23,724 : INFO : EventManager : Event: ======'machine_var_audits_switches_s_airplane'====== Args={'value': 22, 'prev_value': None, 'change': True}
2025-05-24 11:22:23,724 : INFO : EventManager : Event: ======'machine_var_audits_switches_s_bottom_left_inner_drain'====== Args={'value': 72, 'prev_value': None, 'change': True}
2025-05-24 11:22:23,724 : INFO : EventManager : Event: ======'machine_var_audits_switches_s_bottom_left_outer_drain'====== Args={'value': 71, 'prev_value': None, 'change': True}
2025-05-24 11:22:23,724 : INFO : EventManager : Event: ======'machine_var_audits_switches_s_bottom_right_inner_drain'====== Args={'value': 105, 'prev_value': None, 'change': True}
2025-05-24 11:22:23,724 : INFO : EventManager : Event: ======'machine_var_audits_switches_s_bottom_right_outer_drain'====== Args={'value': 298, 'prev_value': None, 'change': True}
2025-05-24 11:22:23,724 : INFO : EventManager : Event: ======'machine_var_audits_switches_s_bottom_right_vuk'====== Args={'value': 1519, 'prev_value': None, 'change': True}
2025-05-24 11:22:23,724 : INFO : EventManager : Event: ======'machine_var_audits_switches_s_door'====== Args={'value': 48, 'prev_value': None, 'change': True}
2025-05-24 11:22:23,725 : INFO : EventManager : Event: ======'machine_var_audits_switches_s_door_tilt'====== Args={'value': 85, 'prev_value': None, 'change': True}
2025-05-24 11:22:23,725 : INFO : EventManager : Event: ======'machine_var_audits_switches_s_drop_target_1'====== Args={'value': 72, 'prev_value': None, 'change': True}
2025-05-24 11:22:23,725 : INFO : EventManager : Event: ======'machine_var_audits_switches_s_drop_target_2'====== Args={'value': 63, 'prev_value': None, 'change': True}
2025-05-24 11:22:23,725 : INFO : EventManager : Event: ======'machine_var_audits_switches_s_drop_target_3'====== Args={'value': 72, 'prev_value': None, 'change': True}
2025-05-24 11:22:23,725 : INFO : EventManager : Event: ======'machine_var_audits_switches_s_enter'====== Args={'value': 0, 'prev_value': None, 'change': True}
2025-05-24 11:22:23,725 : INFO : EventManager : Event: ======'machine_var_audits_switches_s_escape'====== Args={'value': 0, 'prev_value': None, 'change': True}
2025-05-24 11:22:23,725 : INFO : EventManager : Event: ======'machine_var_audits_switches_s_fire'====== Args={'value': 100, 'prev_value': None, 'change': True}
2025-05-24 11:22:23,725 : INFO : EventManager : Event: ======'machine_var_audits_switches_s_highvuk'====== Args={'value': 51, 'prev_value': None, 'change': True}
2025-05-24 11:22:23,725 : INFO : EventManager : Event: ======'machine_var_audits_switches_s_holly_h'====== Args={'value': 3, 'prev_value': None, 'change': True}
2025-05-24 11:22:23,725 : INFO : EventManager : Event: ======'machine_var_audits_switches_s_holly_l'====== Args={'value': 117, 'prev_value': None, 'change': True}
2025-05-24 11:22:23,725 : INFO : EventManager : Event: ======'machine_var_audits_switches_s_holly_l_1'====== Args={'value': 91, 'prev_value': None, 'change': True}
2025-05-24 11:22:23,725 : INFO : EventManager : Event: ======'machine_var_audits_switches_s_holly_o'====== Args={'value': 112, 'prev_value': None, 'change': True}
2025-05-24 11:22:23,725 : INFO : EventManager : Event: ======'machine_var_audits_switches_s_holly_y'====== Args={'value': 43, 'prev_value': None, 'change': True}
2025-05-24 11:22:23,725 : INFO : EventManager : Event: ======'machine_var_audits_switches_s_left spinner'====== Args={'value': 731, 'prev_value': None, 'change': True}
2025-05-24 11:22:23,725 : INFO : EventManager : Event: ======'machine_var_audits_switches_s_left_coin'====== Args={'value': 0, 'prev_value': None, 'change': True}
2025-05-24 11:22:23,725 : INFO : EventManager : Event: ======'machine_var_audits_switches_s_left_flipper'====== Args={'value': 915, 'prev_value': None, 'change': True}
2025-05-24 11:22:23,725 : INFO : EventManager : Event: ======'machine_var_audits_switches_s_left_flipper_eos'====== Args={'value': 873, 'prev_value': None, 'change': True}
2025-05-24 11:22:23,725 : INFO : EventManager : Event: ======'machine_var_audits_switches_s_left_inlane'====== Args={'value': 0, 'prev_value': None, 'change': True}
2025-05-24 11:22:23,725 : INFO : EventManager : Event: ======'machine_var_audits_switches_s_left_magna'====== Args={'value': 321, 'prev_value': None, 'change': True}
2025-05-24 11:22:23,725 : INFO : EventManager : Event: ======'machine_var_audits_switches_s_left_orbit'====== Args={'value': 186, 'prev_value': None, 'change': True}
2025-05-24 11:22:23,725 : INFO : EventManager : Event: ======'machine_var_audits_switches_s_left_outlane'====== Args={'value': 0, 'prev_value': None, 'change': True}
2025-05-24 11:22:23,725 : INFO : EventManager : Event: ======'machine_var_audits_switches_s_left_sling'====== Args={'value': 306, 'prev_value': None, 'change': True}
2025-05-24 11:22:23,725 : INFO : EventManager : Event: ======'machine_var_audits_switches_s_left_top_target'====== Args={'value': 54, 'prev_value': None, 'change': True}
2025-05-24 11:22:23,725 : INFO : EventManager : Event: ======'machine_var_audits_switches_s_middle_top_target'====== Args={'value': 33, 'prev_value': None, 'change': True}
2025-05-24 11:22:23,725 : INFO : EventManager : Event: ======'machine_var_audits_switches_s_minus'====== Args={'value': 0, 'prev_value': None, 'change': True}
2025-05-24 11:22:23,725 : INFO : EventManager : Event: ======'machine_var_audits_switches_s_nakatomi'====== Args={'value': 151, 'prev_value': None, 'change': True}
2025-05-24 11:22:23,725 : INFO : EventManager : Event: ======'machine_var_audits_switches_s_plunger_lane'====== Args={'value': 127, 'prev_value': None, 'change': True}
2025-05-24 11:22:23,726 : INFO : EventManager : Event: ======'machine_var_audits_switches_s_plus'====== Args={'value': 0, 'prev_value': None, 'change': True}
2025-05-24 11:22:23,726 : INFO : EventManager : Event: ======'machine_var_audits_switches_s_popbumper_left'====== Args={'value': 176, 'prev_value': None, 'change': True}
2025-05-24 11:22:23,726 : INFO : EventManager : Event: ======'machine_var_audits_switches_s_popbumper_right'====== Args={'value': 269, 'prev_value': None, 'change': True}
2025-05-24 11:22:23,726 : INFO : EventManager : Event: ======'machine_var_audits_switches_s_right spinner'====== Args={'value': 87, 'prev_value': None, 'change': True}
2025-05-24 11:22:23,726 : INFO : EventManager : Event: ======'machine_var_audits_switches_s_right_coin'====== Args={'value': 0, 'prev_value': None, 'change': True}
2025-05-24 11:22:23,726 : INFO : EventManager : Event: ======'machine_var_audits_switches_s_right_flipper'====== Args={'value': 1083, 'prev_value': None, 'change': True}
2025-05-24 11:22:23,726 : INFO : EventManager : Event: ======'machine_var_audits_switches_s_right_flipper_eos'====== Args={'value': 1045, 'prev_value': None, 'change': True}
2025-05-24 11:22:23,726 : INFO : EventManager : Event: ======'machine_var_audits_switches_s_right_inlane'====== Args={'value': 0, 'prev_value': None, 'change': True}
2025-05-24 11:22:23,726 : INFO : EventManager : Event: ======'machine_var_audits_switches_s_right_magna'====== Args={'value': 256, 'prev_value': None, 'change': True}
2025-05-24 11:22:23,726 : INFO : EventManager : Event: ======'machine_var_audits_switches_s_right_orbit'====== Args={'value': 176, 'prev_value': None, 'change': True}
2025-05-24 11:22:23,726 : INFO : EventManager : Event: ======'machine_var_audits_switches_s_right_outlane'====== Args={'value': 0, 'prev_value': None, 'change': True}
2025-05-24 11:22:23,726 : INFO : EventManager : Event: ======'machine_var_audits_switches_s_right_sling'====== Args={'value': 316, 'prev_value': None, 'change': True}
2025-05-24 11:22:23,726 : INFO : EventManager : Event: ======'machine_var_audits_switches_s_right_top_target'====== Args={'value': 25, 'prev_value': None, 'change': True}
2025-05-24 11:22:23,727 : INFO : EventManager : Event: ======'machine_var_audits_switches_s_safe_vuk'====== Args={'value': 91, 'prev_value': None, 'change': True}
2025-05-24 11:22:23,727 : INFO : EventManager : Event: ======'machine_var_audits_switches_s_start'====== Args={'value': 48, 'prev_value': None, 'change': True}
2025-05-24 11:22:23,727 : INFO : EventManager : Event: ======'machine_var_audits_switches_s_target_2'====== Args={'value': 0, 'prev_value': None, 'change': True}
2025-05-24 11:22:23,727 : INFO : EventManager : Event: ======'machine_var_audits_switches_s_target_3'====== Args={'value': 0, 'prev_value': None, 'change': True}
2025-05-24 11:22:23,727 : INFO : EventManager : Event: ======'machine_var_audits_switches_s_tilt_bob'====== Args={'value': 0, 'prev_value': None, 'change': True}
2025-05-24 11:22:23,727 : INFO : EventManager : Event: ======'machine_var_audits_switches_s_top_flipper_eos'====== Args={'value': 875, 'prev_value': None, 'change': True}
2025-05-24 11:22:23,727 : INFO : EventManager : Event: ======'machine_var_audits_switches_s_top_flipper_hold'====== Args={'value': 0, 'prev_value': None, 'change': True}
2025-05-24 11:22:23,727 : INFO : EventManager : Event: ======'machine_var_audits_switches_s_trough1'====== Args={'value': 153, 'prev_value': None, 'change': True}
2025-05-24 11:22:23,727 : INFO : EventManager : Event: ======'machine_var_audits_switches_s_trough2'====== Args={'value': 75, 'prev_value': None, 'change': True}
2025-05-24 11:22:23,727 : INFO : EventManager : Event: ======'machine_var_audits_switches_s_trough3'====== Args={'value': 73, 'prev_value': None, 'change': True}
2025-05-24 11:22:23,727 : INFO : EventManager : Event: ======'machine_var_audits_switches_s_trough4'====== Args={'value': 73, 'prev_value': None, 'change': True}
2025-05-24 11:22:23,727 : INFO : EventManager : Event: ======'machine_var_audits_switches_s_trough5'====== Args={'value': 63, 'prev_value': None, 'change': True}
2025-05-24 11:22:23,727 : INFO : EventManager : Event: ======'machine_var_audits_switches_s_trough6'====== Args={'value': 63, 'prev_value': None, 'change': True}
2025-05-24 11:22:23,727 : INFO : EventManager : Event: ======'machine_var_audits_switches_s_trough_jam'====== Args={'value': 104, 'prev_value': None, 'change': True}
2025-05-24 11:22:23,727 : INFO : EventManager : Event: ======'machine_var_audits_switches_s_tunel_vuk'====== Args={'value': 159, 'prev_value': None, 'change': True}
2025-05-24 11:22:23,727 : INFO : EventManager : Event: ======'machine_var_audits_switches_swPlunger'====== Args={'value': 16, 'prev_value': None, 'change': True}
2025-05-24 11:22:23,727 : INFO : EventManager : Event: ======'init_phase_5'====== Args={}
2025-05-24 11:22:23,728 : INFO : EventManager : Event: ======'init_done'====== Args={}
2025-05-24 11:22:23,728 : INFO : EventManager : Event: ======'machine_reset_phase_1'====== Args={}
2025-05-24 11:22:23,938 : INFO : BcpServer : New client connected.
2025-05-24 11:22:24,251 : INFO : EventManager : Event: ======'machine_reset_phase_2'====== Args={}
2025-05-24 11:22:24,251 : INFO : EventManager : Event: ======'machine_reset_phase_3'====== Args={}
2025-05-24 11:22:24,251 : INFO : drop_target_bank.bank : All targets are already up. Will not reset bank.
2025-05-24 11:22:24,251 : INFO : EventManager : Event: ======'reset_complete'====== Args={}
2025-05-24 11:22:24,252 : INFO : EventManager : Event: ======'mode_attract_will_start'====== Args={}
2025-05-24 11:22:24,252 : INFO : EventManager : Event: ======'mode_attract_starting'====== Args={}
2025-05-24 11:22:24,252 : INFO : Mode.attract : Started. Priority: 10
2025-05-24 11:22:24,252 : INFO : EventManager : Event: ======'modes_active_modes_changed'====== Args={}
2025-05-24 11:22:24,252 : INFO : EventManager : Event: ======'mode_attract_started'====== Args={}
2025-05-24 11:22:24,253 : INFO : EventManager : Event: ======'collecting_balls_complete'====== Args={}
2025-05-24 11:22:24,254 : INFO : Machine : Starting the main run loop with active modes: [<Mode.attract>]
2025-05-24 11:22:24,278 : INFO : EventManager : Event: ======'slide_attract_created'====== Args={'_from_bcp': True}
2025-05-24 11:22:24,279 : INFO : EventManager : Event: ======'slide__removed'====== Args={'_from_bcp': True}
2025-05-24 11:22:24,280 : INFO : EventManager : Event: ======'slide_attract_active'====== Args={'original_context': 'attract', 'original_calling_context': 'mode_attract_started', 'priority': 10.0, 'cmd': 'slides_play', '_from_bcp': True}
2025-05-24 11:22:28,277 : INFO : SwitchController : <<<<<<< 's_start' active >>>>>>>
2025-05-24 11:22:28,332 : INFO : SwitchController : <<<<<<< 's_start' inactive >>>>>>>
2025-05-24 11:22:28,332 : INFO : EventManager : Event: ======'request_to_start_game'====== Args={}
2025-05-24 11:22:28,334 : INFO : EventManager : Event: ======'game_start'====== Args={'buttons': [], 'hold_time': 0.0470000000204891}
2025-05-24 11:22:28,334 : INFO : EventManager : Event: ======'mode_game_will_start'====== Args={'buttons': [], 'hold_time': 0.0470000000204891}
2025-05-24 11:22:28,335 : INFO : EventManager : Event: ======'mode_game_starting'====== Args={'buttons': [], 'hold_time': 0.0470000000204891}
2025-05-24 11:22:28,335 : INFO : EventManager : Event: ======'mode_attract_will_stop'====== Args={}
2025-05-24 11:22:28,335 : INFO : EventManager : Event: ======'mode_attract_stopping'====== Args={}
2025-05-24 11:22:28,335 : INFO : Mode.attract : Stopped.
2025-05-24 11:22:28,335 : INFO : EventManager : Event: ======'modes_active_modes_changed'====== Args={}
2025-05-24 11:22:28,336 : INFO : EventManager : Event: ======'mode_attract_stopped'====== Args={}
2025-05-24 11:22:28,336 : INFO : EventManager : Event: ======'clear'====== Args={'key': 'attract'}
2025-05-24 11:22:28,336 : INFO : Mode.game : Started. Priority: 20
2025-05-24 11:22:28,337 : INFO : EventManager : Event: ======'modes_active_modes_changed'====== Args={}
2025-05-24 11:22:28,337 : INFO : EventManager : Event: ======'mode_game_started'====== Args={'buttons': [], 'hold_time': 0.0470000000204891}
2025-05-24 11:22:28,337 : INFO : EventManager : Event: ======'game_will_start'====== Args={}
2025-05-24 11:22:28,338 : INFO : EventManager : Event: ======'game_starting'====== Args={'game': <Mode.game>}
2025-05-24 11:22:28,338 : INFO : EventManager : Unordered handler for class <Auditor> on event game_ended with priority 1. Handlers: [RegisteredHandler(callback=<bound method Auditor.disable of <Auditor>>, priority=1, kwargs={}, key=UUID('a7f60e81-ba80-4874-835a-1b1973544135'), condition=None, blocking_facility=None), RegisteredHandler(callback=<bound method Auditor._save_audits of <Auditor>>, priority=1, kwargs={}, key=UUID('9a72a6f6-55db-45c3-b329-67ac50df4343'), condition=None, blocking_facility=None)]. The order of those handlers is not defined and they will be executed in random order. This might lead to race conditions and potential bugs.
2025-05-24 11:22:28,338 : INFO : EventManager : Event: ======'player_add_request'====== Args={}
2025-05-24 11:22:28,339 : INFO : EventManager : Event: ======'player_will_add'====== Args={'number': 1}
2025-05-24 11:22:28,339 : INFO : EventManager : Event: ======'player_adding'====== Args={'player': <Player 1>, 'number': 1}
2025-05-24 11:22:28,339 : INFO : EventManager : Event: ======'player_added'====== Args={'player': <Player 1>, 'num': 1}
2025-05-24 11:22:28,339 : INFO : Mode.game : Player added successfully. Total players: 1
2025-05-24 11:22:28,339 : INFO : EventManager : Event: ======'player_index'====== Args={'value': 0, 'prev_value': 0, 'change': 0, 'player_num': 1}
2025-05-24 11:22:28,339 : INFO : EventManager : Event: ======'player_number'====== Args={'value': 1, 'prev_value': 1, 'change': 0, 'player_num': 1}
2025-05-24 11:22:28,340 : INFO : EventManager : Event: ======'player_score'====== Args={'value': 0, 'prev_value': 0, 'change': 0, 'player_num': 1}
2025-05-24 11:22:28,340 : INFO : EventManager : Event: ======'game_started'====== Args={}
2025-05-24 11:22:28,340 : INFO : EventManager : Event: ======'player_turn_will_start'====== Args={'player': <Player 1>, 'number': 1}
2025-05-24 11:22:28,341 : INFO : EventManager : Event: ======'player_turn_starting'====== Args={'player': <Player 1>, 'number': 1}
2025-05-24 11:22:28,341 : INFO : EventManager : Event: ======'player_ball'====== Args={'value': 1, 'prev_value': 0, 'change': 1, 'player_num': 1}
2025-05-24 11:22:28,341 : INFO : EventManager : Event: ======'player_turn_started'====== Args={'player': <Player 1>, 'number': 1}
2025-05-24 11:22:28,346 : INFO : EventManager : Event: ======'ball_will_start'====== Args={'player': 1, 'ball': 1, 'balls_remaining': 2, 'is_extra_ball': False}
2025-05-24 11:22:28,347 : INFO : EventManager : Event: ======'ball_starting'====== Args={'player': 1, 'ball': 1, 'balls_remaining': 2, 'is_extra_ball': False}
2025-05-24 11:22:28,347 : INFO : drop_target_bank.bank : All targets are already up. Will not reset bank.
2025-05-24 11:22:28,347 : INFO : EventManager : Event: ======'balls_in_play'====== Args={'balls': 1}
2025-05-24 11:22:28,349 : INFO : EventManager : Event: ======'ball_started'====== Args={'player': 1, 'ball': 1, 'balls_remaining': 2, 'is_extra_ball': False}
2025-05-24 11:22:28,349 : INFO : EventManager : Event: ======'mode_holly_will_start'====== Args={'player': 1, 'ball': 1, 'balls_remaining': 2, 'is_extra_ball': False}
2025-05-24 11:22:28,349 : INFO : EventManager : Event: ======'player_shot_holly_h_enabled'====== Args={'value': True, 'prev_value': 0, 'change': 1, 'player_num': 1}
2025-05-24 11:22:28,350 : INFO : EventManager : Event: ======'holly_targets_complete'====== Args={'state': 'off'}
2025-05-24 11:22:28,350 : INFO : EventManager : Event: ======'holly_targets_off_complete'====== Args={}
2025-05-24 11:22:28,351 : INFO : EventManager : Event: ======'mode_holly_starting'====== Args={'player': 1, 'ball': 1, 'balls_remaining': 2, 'is_extra_ball': False}
2025-05-24 11:22:28,351 : INFO : EventManager : Event: ======'mode_score_will_start'====== Args={'player': 1, 'ball': 1, 'balls_remaining': 2, 'is_extra_ball': False}
2025-05-24 11:22:28,351 : INFO : EventManager : Event: ======'mode_score_starting'====== Args={'player': 1, 'ball': 1, 'balls_remaining': 2, 'is_extra_ball': False}
2025-05-24 11:22:28,351 : INFO : EventManager : Event: ======'mode_base_will_start'====== Args={'player': 1, 'ball': 1, 'balls_remaining': 2, 'is_extra_ball': False}
2025-05-24 11:22:28,352 : INFO : EventManager : Event: ======'mode_base_starting'====== Args={'player': 1, 'ball': 1, 'balls_remaining': 2, 'is_extra_ball': False}
2025-05-24 11:22:28,352 : INFO : Mode.base : Started. Priority: 100
2025-05-24 11:22:28,352 : INFO : EventManager : Event: ======'modes_active_modes_changed'====== Args={}
2025-05-24 11:22:28,353 : INFO : EventManager : Event: ======'mode_base_started'====== Args={'player': 1, 'ball': 1, 'balls_remaining': 2, 'is_extra_ball': False}
2025-05-24 11:22:28,353 : INFO : Mode.score : Started. Priority: 110
2025-05-24 11:22:28,353 : INFO : EventManager : Event: ======'modes_active_modes_changed'====== Args={}
2025-05-24 11:22:28,353 : INFO : EventManager : Event: ======'mode_score_started'====== Args={'player': 1, 'ball': 1, 'balls_remaining': 2, 'is_extra_ball': False}
2025-05-24 11:22:28,354 : INFO : Mode.holly : Started. Priority: 110
2025-05-24 11:22:28,354 : INFO : EventManager : Event: ======'modes_active_modes_changed'====== Args={}
2025-05-24 11:22:28,354 : INFO : EventManager : Event: ======'mode_holly_started'====== Args={'player': 1, 'ball': 1, 'balls_remaining': 2, 'is_extra_ball': False}
2025-05-24 11:22:28,354 : INFO : EventManager : Event: ======'single_player_ball_started'====== Args={}
2025-05-24 11:22:28,357 : INFO : EventManager : Event: ======'ball_start_target'====== Args={'target': 'playfield'}
2025-05-24 11:22:28,358 : INFO : ball_device.bd_plunger : Setting up player-controlled eject. Balls: 1, Target: <playfield.playfield>, player_controlled_eject_event: s_fire_active
2025-05-24 11:22:28,358 : INFO : EventManager : Event: ======'balldevice_balls_available'====== Args={}
2025-05-24 11:22:28,359 : INFO : ball_device.bd_trough : State: waiting_for_target_ready
2025-05-24 11:22:28,359 : INFO : EventManager : Event: ======'balldevice_bd_trough_ball_eject_attempt'====== Args={'balls': 1, 'target': <ball_device.bd_plunger>, 'source': <ball_device.bd_trough>, 'mechanical_eject': True, 'num_attempts': 0}
2025-05-24 11:22:28,359 : INFO : ball_device.bd_plunger : State: waiting_for_ball
2025-05-24 11:22:28,359 : INFO : ball_device.bd_trough : State: ejecting
2025-05-24 11:22:28,359 : INFO : ball_device.bd_trough : Ejecting ball to <ball_device.bd_plunger>
2025-05-24 11:22:28,359 : INFO : EventManager : Event: ======'balldevice_bd_trough_ejecting_ball'====== Args={'balls': 1, 'target': <ball_device.bd_plunger>, 'source': <ball_device.bd_trough>, 'mechanical_eject': True, 'num_attempts': 0}
2025-05-24 11:22:28,361 : INFO : ball_device.bd_trough : Wait for ball to leave device
2025-05-24 11:22:28,361 : INFO : coil.c_trough_eject : Pulsing Driver for 20ms (1.0 pulse_power)
2025-05-24 11:22:28,362 : INFO : SwitchController : <<<<<<< 's_trough1' inactive >>>>>>>
2025-05-24 11:22:28,362 : INFO : ball_device.bd_trough : State: ball_left
2025-05-24 11:22:28,362 : INFO : ball_device.bd_trough : Ball left
2025-05-24 11:22:28,362 : INFO : ball_device.bd_trough : Wait for confirm with timeout 10.0
2025-05-24 11:22:28,424 : INFO : EventManager : Event: ======'slide_base_created'====== Args={'_from_bcp': True}
2025-05-24 11:22:28,425 : INFO : EventManager : Event: ======'slide_attract_inactive'====== Args={'is_removing': True, '_from_bcp': True}
2025-05-24 11:22:28,425 : INFO : EventManager : Event: ======'slide_base_active'====== Args={'original_context': 'base', 'original_calling_context': 'mode_base_started', 'priority': 100.0, 'player': 1.0, 'ball': 1.0, 'balls_remaining': 2.0, 'is_extra_ball': False, 'cmd': 'slides_play', '_from_bcp': True}
2025-05-24 11:22:28,426 : INFO : EventManager : Event: ======'slide_attract_removed'====== Args={'_from_bcp': True}
2025-05-24 11:22:28,449 : INFO : SwitchController : <<<<<<< 's_plunger_lane' active >>>>>>>
2025-05-24 11:22:28,450 : INFO : EventManager : Event: ======'machine_var_audits_switches_s_plunger_lane'====== Args={'value': 128, 'prev_value': 127, 'change': 1}
2025-05-24 11:22:28,945 : INFO : ball_device.bd_plunger : Received ball from <ball_device.bd_trough>
2025-05-24 11:22:28,945 : INFO : EventManager : Event: ======'balldevice_bd_plunger_ball_enter'====== Args={'new_balls': 1, 'unclaimed_balls': 0, 'new_available_balls': 0, 'device': <ball_device.bd_plunger>}
2025-05-24 11:22:28,946 : INFO : EventManager : Event: ======'balldevice_bd_plunger_ball_entered'====== Args={'new_balls': 0, 'device': <ball_device.bd_plunger>}
2025-05-24 11:22:28,947 : INFO : EventManager : Event: ======'balldevice_bd_plunger_ball_count_changed'====== Args={'balls': 1}
2025-05-24 11:22:28,947 : INFO : ball_device.bd_trough : Got eject confirm
2025-05-24 11:22:28,947 : INFO : ball_device.bd_trough : Eject successful
2025-05-24 11:22:28,947 : INFO : EventManager : Event: ======'balldevice_bd_trough_ball_eject_success'====== Args={'balls': 1, 'target': <ball_device.bd_plunger>}
2025-05-24 11:22:28,947 : INFO : EventManager : Event: ======'balldevice_bd_trough_ball_count_changed'====== Args={'balls': 5}
2025-05-24 11:22:28,947 : INFO : ball_device.bd_trough : State: idle
2025-05-24 11:22:28,948 : INFO : ball_device.bd_plunger : State: waiting_for_target_ready
2025-05-24 11:22:28,948 : INFO : EventManager : Event: ======'balldevice_bd_plunger_ball_eject_attempt'====== Args={'balls': 1, 'target': <playfield.playfield>, 'source': <ball_device.bd_plunger>, 'mechanical_eject': True, 'num_attempts': 0}
2025-05-24 11:22:28,948 : INFO : ball_device.bd_plunger : State: ejecting
2025-05-24 11:22:28,948 : INFO : ball_device.bd_plunger : Ejecting ball to <playfield.playfield>
2025-05-24 11:22:28,948 : INFO : EventManager : Event: ======'balldevice_bd_plunger_ejecting_ball'====== Args={'balls': 1, 'target': <playfield.playfield>, 'source': <ball_device.bd_plunger>, 'mechanical_eject': True, 'num_attempts': 0}
2025-05-24 11:22:28,949 : INFO : ball_device.bd_plunger : Wait for ball to leave device
2025-05-24 11:22:29,041 : INFO : SwitchController : <<<<<<< 's_plunger_lane' inactive >>>>>>>
2025-05-24 11:22:29,041 : INFO : ball_device.bd_plunger : State: ball_left
2025-05-24 11:22:29,041 : INFO : ball_device.bd_plunger : Ball left
2025-05-24 11:22:29,042 : INFO : ball_device.bd_plunger : Wait for confirm with timeout 10.0
2025-05-24 11:22:31,630 : INFO : SwitchController : <<<<<<< 's_holly_h' active >>>>>>>
2025-05-24 11:22:31,631 : INFO : EventManager : Event: ======'playfield_active'====== Args={'source': 'holly_h'}
2025-05-24 11:22:31,631 : INFO : EventManager : Event: ======'s_holly_h_active'====== Args={}
2025-05-24 11:22:31,631 : INFO : EventManager : Event: ======'machine_var_audits_switches_s_holly_h'====== Args={'value': 4, 'prev_value': 3, 'change': 1}
2025-05-24 11:22:31,632 : INFO : EventManager : Event: ======'player_shot_holly_h'====== Args={'value': 1, 'prev_value': 0, 'change': 1, 'player_num': 1}
2025-05-24 11:22:31,632 : INFO : EventManager : Event: ======'machine_var_audits_shots_holly_h'====== Args={'value': 1, 'prev_value': None, 'change': True}
2025-05-24 11:22:31,632 : INFO : EventManager : Event: ======'holly_h_hit'====== Args={'profile': 'profile_holly', 'state': 'off', 'advancing': True}
2025-05-24 11:22:31,633 : INFO : EventManager : Event: ======'holly_h_profile_holly_hit'====== Args={'profile': 'profile_holly', 'state': 'off', 'advancing': True}
2025-05-24 11:22:31,633 : INFO : EventManager : Event: ======'holly_h_profile_holly_off_hit'====== Args={'profile': 'profile_holly', 'state': 'off', 'advancing': True}
2025-05-24 11:22:31,633 : INFO : EventManager : Event: ======'holly_h_off_hit'====== Args={'profile': 'profile_holly', 'state': 'off', 'advancing': True}
2025-05-24 11:22:31,633 : INFO : EventManager : Event: ======'holly_targets_complete'====== Args={'state': 'on'}
2025-05-24 11:22:31,633 : INFO : EventManager : Event: ======'holly_targets_on_complete'====== Args={}
2025-05-24 11:22:31,633 : INFO : EventManager : Event: ======'holly_targets_hit'====== Args={'shot': 'holly_h'}
2025-05-24 11:22:31,634 : INFO : EventManager : Event: ======'holly_targets_off_hit'====== Args={'shot': 'holly_h'}
2025-05-24 11:22:31,634 : INFO : EventManager : Event: ======'player_score'====== Args={'value': 5000, 'prev_value': 0, 'change': 5000, 'player_num': 1, 'source': 'score'}
2025-05-24 11:22:31,638 : INFO : ball_device.bd_plunger : Got eject confirm
2025-05-24 11:22:31,639 : INFO : ball_device.bd_plunger : Eject successful
2025-05-24 11:22:31,639 : INFO : EventManager : Event: ======'balldevice_bd_plunger_ball_eject_success'====== Args={'balls': 1, 'target': <playfield.playfield>}
2025-05-24 11:22:31,639 : INFO : EventManager : Event: ======'balldevice_playfield_ball_enter'====== Args={'new_balls': 1, 'unclaimed_balls': 1, 'device': <playfield.playfield>}
2025-05-24 11:22:31,639 : INFO : EventManager : Event: ======'playfield_ball_count_change'====== Args={'balls': 1, 'change': 1}
2025-05-24 11:22:31,639 : INFO : EventManager : Event: ======'balldevice_bd_plunger_ball_count_changed'====== Args={'balls': 0}
2025-05-24 11:22:31,639 : INFO : ball_device.bd_plunger : State: idle
2025-05-24 11:22:31,685 : INFO : SwitchController : <<<<<<< 's_holly_h' inactive >>>>>>>
2025-05-24 11:22:34,307 : INFO : SwitchController : <<<<<<< 's_holly_h' active >>>>>>>
2025-05-24 11:22:34,307 : INFO : EventManager : Event: ======'s_holly_h_active'====== Args={}
2025-05-24 11:22:34,308 : INFO : EventManager : Event: ======'machine_var_audits_switches_s_holly_h'====== Args={'value': 5, 'prev_value': 4, 'change': 1}
2025-05-24 11:22:34,309 : INFO : EventManager : Event: ======'machine_var_audits_shots_holly_h'====== Args={'value': 2, 'prev_value': 1, 'change': 1}
2025-05-24 11:22:34,309 : INFO : EventManager : Event: ======'holly_h_hit'====== Args={'profile': 'profile_holly', 'state': 'on', 'advancing': False}
2025-05-24 11:22:34,309 : INFO : EventManager : Event: ======'holly_h_profile_holly_hit'====== Args={'profile': 'profile_holly', 'state': 'on', 'advancing': False}
2025-05-24 11:22:34,309 : INFO : EventManager : Event: ======'holly_h_profile_holly_on_hit'====== Args={'profile': 'profile_holly', 'state': 'on', 'advancing': False}
2025-05-24 11:22:34,309 : INFO : EventManager : Event: ======'holly_h_on_hit'====== Args={'profile': 'profile_holly', 'state': 'on', 'advancing': False}
2025-05-24 11:22:34,309 : INFO : EventManager : Event: ======'holly_targets_hit'====== Args={'shot': 'holly_h'}
2025-05-24 11:22:34,309 : INFO : EventManager : Event: ======'holly_targets_on_hit'====== Args={'shot': 'holly_h'}
2025-05-24 11:22:34,309 : INFO : EventManager : Event: ======'player_score'====== Args={'value': 10000, 'prev_value': 5000, 'change': 5000, 'player_num': 1, 'source': 'score'}
2025-05-24 11:22:34,386 : INFO : SwitchController : <<<<<<< 's_holly_h' inactive >>>>>>>
2025-05-24 11:22:36,674 : INFO : SwitchController : <<<<<<< 's_holly_h' active >>>>>>>
2025-05-24 11:22:36,674 : INFO : EventManager : Event: ======'s_holly_h_active'====== Args={}
2025-05-24 11:22:36,674 : INFO : EventManager : Event: ======'machine_var_audits_switches_s_holly_h'====== Args={'value': 6, 'prev_value': 5, 'change': 1}
2025-05-24 11:22:36,675 : INFO : EventManager : Event: ======'machine_var_audits_shots_holly_h'====== Args={'value': 3, 'prev_value': 2, 'change': 1}
2025-05-24 11:22:36,675 : INFO : EventManager : Event: ======'holly_h_hit'====== Args={'profile': 'profile_holly', 'state': 'on', 'advancing': False}
2025-05-24 11:22:36,675 : INFO : EventManager : Event: ======'holly_h_profile_holly_hit'====== Args={'profile': 'profile_holly', 'state': 'on', 'advancing': False}
2025-05-24 11:22:36,675 : INFO : EventManager : Event: ======'holly_h_profile_holly_on_hit'====== Args={'profile': 'profile_holly', 'state': 'on', 'advancing': False}
2025-05-24 11:22:36,675 : INFO : EventManager : Event: ======'holly_h_on_hit'====== Args={'profile': 'profile_holly', 'state': 'on', 'advancing': False}
2025-05-24 11:22:36,675 : INFO : EventManager : Event: ======'holly_targets_hit'====== Args={'shot': 'holly_h'}
2025-05-24 11:22:36,675 : INFO : EventManager : Event: ======'holly_targets_on_hit'====== Args={'shot': 'holly_h'}
2025-05-24 11:22:36,677 : INFO : EventManager : Event: ======'player_score'====== Args={'value': 15000, 'prev_value': 10000, 'change': 5000, 'player_num': 1, 'source': 'score'}
2025-05-24 11:22:36,730 : INFO : SwitchController : <<<<<<< 's_holly_h' inactive >>>>>>>
2025-05-24 11:22:40,852 : INFO : SwitchController : <<<<<<< 's_holly_h' active >>>>>>>
2025-05-24 11:22:40,853 : INFO : EventManager : Event: ======'s_holly_h_active'====== Args={}
2025-05-24 11:22:40,853 : INFO : EventManager : Event: ======'machine_var_audits_switches_s_holly_h'====== Args={'value': 7, 'prev_value': 6, 'change': 1}
2025-05-24 11:22:40,854 : INFO : EventManager : Event: ======'machine_var_audits_shots_holly_h'====== Args={'value': 4, 'prev_value': 3, 'change': 1}
2025-05-24 11:22:40,854 : INFO : EventManager : Event: ======'holly_h_hit'====== Args={'profile': 'profile_holly', 'state': 'on', 'advancing': False}
2025-05-24 11:22:40,854 : INFO : EventManager : Event: ======'holly_h_profile_holly_hit'====== Args={'profile': 'profile_holly', 'state': 'on', 'advancing': False}
2025-05-24 11:22:40,854 : INFO : EventManager : Event: ======'holly_h_profile_holly_on_hit'====== Args={'profile': 'profile_holly', 'state': 'on', 'advancing': False}
2025-05-24 11:22:40,854 : INFO : EventManager : Event: ======'holly_h_on_hit'====== Args={'profile': 'profile_holly', 'state': 'on', 'advancing': False}
2025-05-24 11:22:40,855 : INFO : EventManager : Event: ======'holly_targets_hit'====== Args={'shot': 'holly_h'}
2025-05-24 11:22:40,855 : INFO : EventManager : Event: ======'holly_targets_on_hit'====== Args={'shot': 'holly_h'}
2025-05-24 11:22:40,855 : INFO : EventManager : Event: ======'player_score'====== Args={'value': 20000, 'prev_value': 15000, 'change': 5000, 'player_num': 1, 'source': 'score'}
2025-05-24 11:22:40,892 : INFO : SwitchController : <<<<<<< 's_holly_h' inactive >>>>>>>
2025-05-24 11:22:48,467 : INFO : Machine : Shutting down...
2025-05-24 11:22:48,468 : INFO : EventManager : Event: ======'shutdown'====== Args={}
2025-05-24 11:22:48,469 : INFO : EventManager : Event: ======'mode_game_will_stop'====== Args={}
2025-05-24 11:22:48,469 : INFO : EventManager : Event: ======'mode_game_stopping'====== Args={}
2025-05-24 11:22:48,469 : INFO : EventManager : Event: ======'mode_holly_will_stop'====== Args={}
2025-05-24 11:22:48,469 : INFO : EventManager : Event: ======'mode_holly_stopping'====== Args={}
2025-05-24 11:22:48,469 : INFO : EventManager : Event: ======'mode_score_will_stop'====== Args={}
2025-05-24 11:22:48,469 : INFO : EventManager : Event: ======'mode_score_stopping'====== Args={}
2025-05-24 11:22:48,469 : INFO : EventManager : Event: ======'mode_base_will_stop'====== Args={}
2025-05-24 11:22:48,469 : INFO : EventManager : Event: ======'mode_base_stopping'====== Args={}
2025-05-24 11:22:48,469 : INFO : Mode.base : Stopped.
2025-05-24 11:22:48,469 : INFO : EventManager : Event: ======'modes_active_modes_changed'====== Args={}
2025-05-24 11:22:48,470 : INFO : EventManager : Event: ======'mode_base_stopped'====== Args={}
2025-05-24 11:22:48,470 : INFO : EventManager : Event: ======'clear'====== Args={'key': 'base'}
2025-05-24 11:22:48,470 : INFO : Mode.score : Stopped.
2025-05-24 11:22:48,470 : INFO : EventManager : Event: ======'modes_active_modes_changed'====== Args={}
2025-05-24 11:22:48,470 : INFO : EventManager : Event: ======'mode_score_stopped'====== Args={}
2025-05-24 11:22:48,470 : INFO : EventManager : Event: ======'clear'====== Args={'key': 'score'}
2025-05-24 11:22:48,470 : INFO : Mode.holly : Stopped.
2025-05-24 11:22:48,470 : INFO : EventManager : Event: ======'modes_active_modes_changed'====== Args={}
2025-05-24 11:22:48,470 : INFO : EventManager : Event: ======'mode_holly_stopped'====== Args={}
2025-05-24 11:22:48,470 : INFO : EventManager : Event: ======'clear'====== Args={'key': 'holly'}
2025-05-24 11:22:48,470 : INFO : Mode.game : Stopped.
2025-05-24 11:22:48,470 : INFO : EventManager : Event: ======'modes_active_modes_changed'====== Args={}
2025-05-24 11:22:48,471 : INFO : EventManager : Event: ======'mode_game_stopped'====== Args={}
2025-05-24 11:22:48,471 : INFO : EventManager : Event: ======'clear'====== Args={'key': 'game'}
2025-05-24 11:22:48,498 : INFO : root : MPF run loop ended.
