2025-05-20 19:17:54,719 : INFO : root : Loading config.
2025-05-20 19:17:54,722 : INFO : YamlMultifileConfigLoader : Machine config file #1: config.yaml
2025-05-20 19:17:54,722 : INFO : ConfigProcessor : Loading config from cache: C:\Users\carr-\AppData\Local\Temp\23e177fce4903a9a69d69f474fa748a1.mpf_cache
2025-05-20 19:17:54,788 : INFO : ConfigProcessor : Loading config from cache: C:\Users\carr-\AppData\Local\Temp\2f9bbeccf93c71693a410725897ab70d.mpf_cache
2025-05-20 19:17:54,788 : INFO : ConfigProcessor : Loading config from cache: C:\Users\carr-\AppData\Local\Temp\71986c9cb54d44e1ee87b7d4d0f68024.mpf_cache
2025-05-20 19:17:54,789 : INFO : ConfigProcessor : Loading config from cache: C:\Users\carr-\AppData\Local\Temp\460998002e273cec26232c9157d92984.mpf_cache
2025-05-20 19:17:54,790 : INFO : ConfigProcessor : Loading config from cache: C:\Users\carr-\AppData\Local\Temp\668dbdbfcbfe997663fcbdfe0871c0b4.mpf_cache
2025-05-20 19:17:54,790 : INFO : ConfigProcessor : Loading config from cache: C:\Users\carr-\AppData\Local\Temp\6a4847c7210b75a304ae3e1d0e125b6a.mpf_cache
2025-05-20 19:17:54,791 : INFO : ConfigProcessor : Loading config from cache: C:\Users\carr-\AppData\Local\Temp\5bdb9da15c9005c4036d70c7ddf4c03f.mpf_cache
2025-05-20 19:17:54,792 : INFO : ConfigProcessor : Loading config from cache: C:\Users\carr-\AppData\Local\Temp\4ef2cae97e908c683695ed521c4a6650.mpf_cache
2025-05-20 19:17:54,792 : INFO : ConfigProcessor : Loading config from cache: C:\Users\carr-\AppData\Local\Temp\3675271a3c90b9f1f0f947db698ba341.mpf_cache
2025-05-20 19:17:54,792 : INFO : Machine : Mission Pinball Framework Core Engine v0.80.0.dev6
2025-05-20 19:17:54,792 : INFO : Machine : Command line arguments: {'no_load_cache': False, 'create_config_cache': True, 'bcp': True, 'configfile': ['config.yaml'], 'force_assets_load': False, 'platform_integration_test': False, 'jsonlogging': False, 'logfile': 'logs\\2025-05-20-19-17-54-mpf-LAPTOP-99TN7EPH.log', 'pause': False, 'production': False, 'text_ui': False, 'loglevel': 15, 'consoleloglevel': 10, 'force_platform': 'smart_virtual', 'syslog_address': None, 'full_logfile_path': 'C:\\Users\\carr-\\Documents\\development\\diehard-mpf\\logs\\2025-05-20-19-17-54-mpf-LAPTOP-99TN7EPH.log'}
2025-05-20 19:17:54,792 : INFO : Machine : MPF path: C:\Users\carr-\Documents\development\mpf080\mpf
2025-05-20 19:17:54,792 : INFO : Machine : Machine path: C:\Users\carr-\Documents\development\diehard-mpf
2025-05-20 19:17:54,793 : INFO : Machine : Platform: win32
2025-05-20 19:17:54,793 : INFO : Machine : Python executable location: C:\Users\carr-\Documents\development\mpf080\mpfenv\Scripts\python.exe
2025-05-20 19:17:54,793 : INFO : Machine : Python version: 3.9.13 (64-bit)
2025-05-20 19:17:54,795 : INFO : Machine : Initializing MPF...
2025-05-20 19:17:54,854 : INFO : EventManager : Event: ======'machine_var_credits_string'====== Args={'value': 'FREE PLAY', 'prev_value': None, 'change': True}
2025-05-20 19:17:54,871 : INFO : EventManager : Event: ======'machine_var_fast_audio_headphones_volume'====== Args={'value': 10, 'prev_value': None, 'change': True}
2025-05-20 19:17:54,871 : INFO : EventManager : Event: ======'machine_var_fast_audio_main_volume'====== Args={'value': 60, 'prev_value': None, 'change': True}
2025-05-20 19:17:54,871 : INFO : EventManager : Event: ======'machine_var_master_volume'====== Args={'value': 0.5, 'prev_value': None, 'change': True}
2025-05-20 19:17:54,871 : INFO : EventManager : Event: ======'machine_var_player1_score'====== Args={'value': 3030, 'prev_value': None, 'change': True}
2025-05-20 19:17:54,871 : INFO : EventManager : Event: ======'machine_var_var_which_attract'====== Args={'value': 0, 'prev_value': None, 'change': True}
2025-05-20 19:17:54,871 : INFO : EventManager : Event: ======'machine_var_mpf_version'====== Args={'value': 'Mission Pinball Framework v0.80.0.dev6', 'prev_value': None, 'change': True}
2025-05-20 19:17:54,871 : INFO : EventManager : Event: ======'machine_var_mpf_extended_version'====== Args={'value': 'Mission Pinball Framework v0.80.0.dev6, Config version:6, Show version: 6, BCP version:1.1', 'prev_value': None, 'change': True}
2025-05-20 19:17:54,871 : INFO : EventManager : Event: ======'machine_var_python_version'====== Args={'value': '3.9.13', 'prev_value': None, 'change': True}
2025-05-20 19:17:54,892 : INFO : EventManager : Event: ======'machine_var_platform'====== Args={'value': 'Windows-10-10.0.26100-SP0', 'prev_value': None, 'change': True}
2025-05-20 19:17:54,892 : INFO : EventManager : Event: ======'machine_var_platform_system'====== Args={'value': 'Windows', 'prev_value': None, 'change': True}
2025-05-20 19:17:54,892 : INFO : EventManager : Event: ======'machine_var_platform_release'====== Args={'value': '10', 'prev_value': None, 'change': True}
2025-05-20 19:17:54,892 : INFO : EventManager : Event: ======'machine_var_platform_version'====== Args={'value': '10.0.26100', 'prev_value': None, 'change': True}
2025-05-20 19:17:54,892 : INFO : EventManager : Event: ======'machine_var_platform_machine'====== Args={'value': 'AMD64', 'prev_value': None, 'change': True}
2025-05-20 19:17:54,892 : INFO : EventManager : Event: ======'machine_var_log_file_path'====== Args={'value': 'C:\\Users\\carr-\\Documents\\development\\diehard-mpf\\logs\\2025-05-20-19-17-54-mpf-LAPTOP-99TN7EPH.log', 'prev_value': None, 'change': True}
2025-05-20 19:17:54,892 : INFO : EventManager : Event: ======'init_phase_1'====== Args={}
2025-05-20 19:17:54,934 : INFO : EventManager : Event: ======'drop_target_bank_bank_up'====== Args={}
2025-05-20 19:17:54,936 : INFO : EventManager : Event: ======'init_phase_2'====== Args={}
2025-05-20 19:17:54,936 : INFO : SwitchController : Found active switch: ('d-8', <Platform.SmartVirtual>) <switch.s_trough1>
2025-05-20 19:17:54,936 : INFO : SwitchController : Found active switch: ('d-9', <Platform.SmartVirtual>) <switch.s_trough2>
2025-05-20 19:17:54,936 : INFO : SwitchController : Found active switch: ('d-10', <Platform.SmartVirtual>) <switch.s_trough3>
2025-05-20 19:17:54,936 : INFO : SwitchController : Found active switch: ('d-11', <Platform.SmartVirtual>) <switch.s_trough4>
2025-05-20 19:17:54,936 : INFO : SwitchController : Found active switch: ('d-12', <Platform.SmartVirtual>) <switch.s_trough5>
2025-05-20 19:17:54,936 : INFO : SwitchController : Found active switch: ('d-13', <Platform.SmartVirtual>) <switch.s_trough6>
2025-05-20 19:17:54,939 : INFO : EventManager : Event: ======'bcp_connection_attempt'====== Args={'name': 'local_display', 'host': 'localhost', 'port': 5050}
2025-05-20 19:17:54,940 : INFO : BCPClientSocket : Connecting BCP to 'local_display' at localhost:5050...
2025-05-20 19:18:03,765 : INFO : BCPClientSocket : Connected BCP to 'local_display' localhost:5050
2025-05-20 19:18:03,766 : INFO : EventManager : Event: ======'bcp_clients_connected'====== Args={}
2025-05-20 19:18:03,766 : INFO : ball_device.bd_trough : BCH: Initial count: 6
2025-05-20 19:18:03,766 : INFO : ball_device.bd_trough : State: idle
2025-05-20 19:18:03,766 : INFO : ball_device.bd_plunger : BCH: Initial count: 0
2025-05-20 19:18:03,766 : INFO : ball_device.bd_plunger : State: idle
2025-05-20 19:18:03,767 : INFO : ball_device.bd_scoop : BCH: Initial count: 0
2025-05-20 19:18:03,767 : INFO : ball_device.bd_scoop : State: idle
2025-05-20 19:18:03,767 : INFO : ball_device.bd_scoop1 : BCH: Initial count: 0
2025-05-20 19:18:03,767 : INFO : ball_device.bd_scoop1 : State: idle
2025-05-20 19:18:03,767 : INFO : ball_device.bd_scoop2 : BCH: Initial count: 0
2025-05-20 19:18:03,767 : INFO : ball_device.bd_scoop2 : State: idle
2025-05-20 19:18:03,767 : INFO : ball_device.bd_scoop3 : BCH: Initial count: 0
2025-05-20 19:18:03,767 : INFO : ball_device.bd_scoop3 : State: idle
2025-05-20 19:18:03,768 : INFO : ball_device.bd_scoop4 : BCH: Initial count: 0
2025-05-20 19:18:03,768 : INFO : ball_device.bd_scoop4 : State: idle
2025-05-20 19:18:03,777 : INFO : EventManager : Event: ======'init_phase_3'====== Args={}
2025-05-20 19:18:03,821 : INFO : EventManager : Event: ======'init_phase_4'====== Args={}
2025-05-20 19:18:03,821 : INFO : BallController : Initial balls found: 6
2025-05-20 19:18:03,823 : INFO : EventManager : Event: ======'machine_var_audits_events_game_ended'====== Args={'value': 11, 'prev_value': None, 'change': True}
2025-05-20 19:18:03,823 : INFO : EventManager : Event: ======'machine_var_audits_events_game_started'====== Args={'value': 62, 'prev_value': None, 'change': True}
2025-05-20 19:18:03,824 : INFO : EventManager : Event: ======'machine_var_audits_missing_switches_s_AirDuctEnter001'====== Args={'value': 16, 'prev_value': None, 'change': True}
2025-05-20 19:18:03,824 : INFO : EventManager : Event: ======'machine_var_audits_missing_switches_s_airplane'====== Args={'value': 11, 'prev_value': None, 'change': True}
2025-05-20 19:18:03,824 : INFO : EventManager : Event: ======'machine_var_audits_missing_switches_s_bottom_left_inner_drain'====== Args={'value': 8, 'prev_value': None, 'change': True}
2025-05-20 19:18:03,824 : INFO : EventManager : Event: ======'machine_var_audits_missing_switches_s_bottom_left_outer_drain'====== Args={'value': 11, 'prev_value': None, 'change': True}
2025-05-20 19:18:03,824 : INFO : EventManager : Event: ======'machine_var_audits_missing_switches_s_bottom_right_inner_drain'====== Args={'value': 5, 'prev_value': None, 'change': True}
2025-05-20 19:18:03,824 : INFO : EventManager : Event: ======'machine_var_audits_missing_switches_s_bottom_right_outer_drain'====== Args={'value': 8, 'prev_value': None, 'change': True}
2025-05-20 19:18:03,824 : INFO : EventManager : Event: ======'machine_var_audits_missing_switches_s_bottom_right_vuk'====== Args={'value': 4, 'prev_value': None, 'change': True}
2025-05-20 19:18:03,824 : INFO : EventManager : Event: ======'machine_var_audits_missing_switches_s_door'====== Args={'value': 5, 'prev_value': None, 'change': True}
2025-05-20 19:18:03,824 : INFO : EventManager : Event: ======'machine_var_audits_missing_switches_s_door_tilt'====== Args={'value': 7, 'prev_value': None, 'change': True}
2025-05-20 19:18:03,824 : INFO : EventManager : Event: ======'machine_var_audits_missing_switches_s_drop_target_1'====== Args={'value': 5, 'prev_value': None, 'change': True}
2025-05-20 19:18:03,824 : INFO : EventManager : Event: ======'machine_var_audits_missing_switches_s_drop_target_2'====== Args={'value': 5, 'prev_value': None, 'change': True}
2025-05-20 19:18:03,824 : INFO : EventManager : Event: ======'machine_var_audits_missing_switches_s_drop_target_3'====== Args={'value': 5, 'prev_value': None, 'change': True}
2025-05-20 19:18:03,824 : INFO : EventManager : Event: ======'machine_var_audits_missing_switches_s_enter'====== Args={'value': 62, 'prev_value': None, 'change': True}
2025-05-20 19:18:03,824 : INFO : EventManager : Event: ======'machine_var_audits_missing_switches_s_escape'====== Args={'value': 62, 'prev_value': None, 'change': True}
2025-05-20 19:18:03,824 : INFO : EventManager : Event: ======'machine_var_audits_missing_switches_s_fire'====== Args={'value': 4, 'prev_value': None, 'change': True}
2025-05-20 19:18:03,824 : INFO : EventManager : Event: ======'machine_var_audits_missing_switches_s_highvuk'====== Args={'value': 8, 'prev_value': None, 'change': True}
2025-05-20 19:18:03,824 : INFO : EventManager : Event: ======'machine_var_audits_missing_switches_s_holly_h'====== Args={'value': 62, 'prev_value': None, 'change': True}
2025-05-20 19:18:03,824 : INFO : EventManager : Event: ======'machine_var_audits_missing_switches_s_holly_l'====== Args={'value': 8, 'prev_value': None, 'change': True}
2025-05-20 19:18:03,824 : INFO : EventManager : Event: ======'machine_var_audits_missing_switches_s_holly_l_1'====== Args={'value': 14, 'prev_value': None, 'change': True}
2025-05-20 19:18:03,824 : INFO : EventManager : Event: ======'machine_var_audits_missing_switches_s_holly_o'====== Args={'value': 8, 'prev_value': None, 'change': True}
2025-05-20 19:18:03,824 : INFO : EventManager : Event: ======'machine_var_audits_missing_switches_s_holly_y'====== Args={'value': 9, 'prev_value': None, 'change': True}
2025-05-20 19:18:03,824 : INFO : EventManager : Event: ======'machine_var_audits_missing_switches_s_left spinner'====== Args={'value': 4, 'prev_value': None, 'change': True}
2025-05-20 19:18:03,824 : INFO : EventManager : Event: ======'machine_var_audits_missing_switches_s_left_coin'====== Args={'value': 62, 'prev_value': None, 'change': True}
2025-05-20 19:18:03,824 : INFO : EventManager : Event: ======'machine_var_audits_missing_switches_s_left_flipper'====== Args={'value': 5, 'prev_value': None, 'change': True}
2025-05-20 19:18:03,824 : INFO : EventManager : Event: ======'machine_var_audits_missing_switches_s_left_flipper_eos'====== Args={'value': 5, 'prev_value': None, 'change': True}
2025-05-20 19:18:03,824 : INFO : EventManager : Event: ======'machine_var_audits_missing_switches_s_left_inlane'====== Args={'value': 24, 'prev_value': None, 'change': True}
2025-05-20 19:18:03,824 : INFO : EventManager : Event: ======'machine_var_audits_missing_switches_s_left_magna'====== Args={'value': 5, 'prev_value': None, 'change': True}
2025-05-20 19:18:03,824 : INFO : EventManager : Event: ======'machine_var_audits_missing_switches_s_left_orbit'====== Args={'value': 4, 'prev_value': None, 'change': True}
2025-05-20 19:18:03,824 : INFO : EventManager : Event: ======'machine_var_audits_missing_switches_s_left_outlane'====== Args={'value': 24, 'prev_value': None, 'change': True}
2025-05-20 19:18:03,824 : INFO : EventManager : Event: ======'machine_var_audits_missing_switches_s_left_top_target'====== Args={'value': 8, 'prev_value': None, 'change': True}
2025-05-20 19:18:03,824 : INFO : EventManager : Event: ======'machine_var_audits_missing_switches_s_middle_top_target'====== Args={'value': 8, 'prev_value': None, 'change': True}
2025-05-20 19:18:03,825 : INFO : EventManager : Event: ======'machine_var_audits_missing_switches_s_minus'====== Args={'value': 62, 'prev_value': None, 'change': True}
2025-05-20 19:18:03,825 : INFO : EventManager : Event: ======'machine_var_audits_missing_switches_s_nakatomi'====== Args={'value': 8, 'prev_value': None, 'change': True}
2025-05-20 19:18:03,825 : INFO : EventManager : Event: ======'machine_var_audits_missing_switches_s_plus'====== Args={'value': 62, 'prev_value': None, 'change': True}
2025-05-20 19:18:03,825 : INFO : EventManager : Event: ======'machine_var_audits_missing_switches_s_popbumper_left'====== Args={'value': 8, 'prev_value': None, 'change': True}
2025-05-20 19:18:03,825 : INFO : EventManager : Event: ======'machine_var_audits_missing_switches_s_popbumper_right'====== Args={'value': 5, 'prev_value': None, 'change': True}
2025-05-20 19:18:03,825 : INFO : EventManager : Event: ======'machine_var_audits_missing_switches_s_right spinner'====== Args={'value': 5, 'prev_value': None, 'change': True}
2025-05-20 19:18:03,825 : INFO : EventManager : Event: ======'machine_var_audits_missing_switches_s_right_coin'====== Args={'value': 62, 'prev_value': None, 'change': True}
2025-05-20 19:18:03,825 : INFO : EventManager : Event: ======'machine_var_audits_missing_switches_s_right_flipper'====== Args={'value': 5, 'prev_value': None, 'change': True}
2025-05-20 19:18:03,825 : INFO : EventManager : Event: ======'machine_var_audits_missing_switches_s_right_flipper_eos'====== Args={'value': 5, 'prev_value': None, 'change': True}
2025-05-20 19:18:03,825 : INFO : EventManager : Event: ======'machine_var_audits_missing_switches_s_right_inlane'====== Args={'value': 24, 'prev_value': None, 'change': True}
2025-05-20 19:18:03,825 : INFO : EventManager : Event: ======'machine_var_audits_missing_switches_s_right_magna'====== Args={'value': 5, 'prev_value': None, 'change': True}
2025-05-20 19:18:03,825 : INFO : EventManager : Event: ======'machine_var_audits_missing_switches_s_right_orbit'====== Args={'value': 5, 'prev_value': None, 'change': True}
2025-05-20 19:18:03,825 : INFO : EventManager : Event: ======'machine_var_audits_missing_switches_s_right_outlane'====== Args={'value': 24, 'prev_value': None, 'change': True}
2025-05-20 19:18:03,825 : INFO : EventManager : Event: ======'machine_var_audits_missing_switches_s_right_top_target'====== Args={'value': 16, 'prev_value': None, 'change': True}
2025-05-20 19:18:03,825 : INFO : EventManager : Event: ======'machine_var_audits_missing_switches_s_safe_vuk'====== Args={'value': 8, 'prev_value': None, 'change': True}
2025-05-20 19:18:03,825 : INFO : EventManager : Event: ======'machine_var_audits_missing_switches_s_start'====== Args={'value': 1, 'prev_value': None, 'change': True}
2025-05-20 19:18:03,825 : INFO : EventManager : Event: ======'machine_var_audits_missing_switches_s_target_2'====== Args={'value': 24, 'prev_value': None, 'change': True}
2025-05-20 19:18:03,825 : INFO : EventManager : Event: ======'machine_var_audits_missing_switches_s_target_3'====== Args={'value': 24, 'prev_value': None, 'change': True}
2025-05-20 19:18:03,825 : INFO : EventManager : Event: ======'machine_var_audits_missing_switches_s_tilt_bob'====== Args={'value': 62, 'prev_value': None, 'change': True}
2025-05-20 19:18:03,825 : INFO : EventManager : Event: ======'machine_var_audits_missing_switches_s_top_flipper_eos'====== Args={'value': 5, 'prev_value': None, 'change': True}
2025-05-20 19:18:03,825 : INFO : EventManager : Event: ======'machine_var_audits_missing_switches_s_top_flipper_hold'====== Args={'value': 24, 'prev_value': None, 'change': True}
2025-05-20 19:18:03,825 : INFO : EventManager : Event: ======'machine_var_audits_missing_switches_s_trough2'====== Args={'value': 4, 'prev_value': None, 'change': True}
2025-05-20 19:18:03,825 : INFO : EventManager : Event: ======'machine_var_audits_missing_switches_s_trough3'====== Args={'value': 4, 'prev_value': None, 'change': True}
2025-05-20 19:18:03,825 : INFO : EventManager : Event: ======'machine_var_audits_missing_switches_s_trough4'====== Args={'value': 4, 'prev_value': None, 'change': True}
2025-05-20 19:18:03,825 : INFO : EventManager : Event: ======'machine_var_audits_missing_switches_s_trough5'====== Args={'value': 4, 'prev_value': None, 'change': True}
2025-05-20 19:18:03,825 : INFO : EventManager : Event: ======'machine_var_audits_missing_switches_s_trough6'====== Args={'value': 4, 'prev_value': None, 'change': True}
2025-05-20 19:18:03,825 : INFO : EventManager : Event: ======'machine_var_audits_missing_switches_s_trough_jam'====== Args={'value': 4, 'prev_value': None, 'change': True}
2025-05-20 19:18:03,825 : INFO : EventManager : Event: ======'machine_var_audits_missing_switches_s_tunel_vuk'====== Args={'value': 4, 'prev_value': None, 'change': True}
2025-05-20 19:18:03,825 : INFO : EventManager : Event: ======'machine_var_audits_player_score'====== Args={'value': {'average': 1816, 'top': [224220, 30300, 6060, 3030, 0, 0, 0, 0, 0, 0], 'total': 15}, 'prev_value': None, 'change': True}
2025-05-20 19:18:03,825 : INFO : EventManager : Event: ======'machine_var_audits_switches_s_AirDuctEnter001'====== Args={'value': 8, 'prev_value': None, 'change': True}
2025-05-20 19:18:03,826 : INFO : EventManager : Event: ======'machine_var_audits_switches_s_airplane'====== Args={'value': 22, 'prev_value': None, 'change': True}
2025-05-20 19:18:03,826 : INFO : EventManager : Event: ======'machine_var_audits_switches_s_bottom_left_inner_drain'====== Args={'value': 72, 'prev_value': None, 'change': True}
2025-05-20 19:18:03,826 : INFO : EventManager : Event: ======'machine_var_audits_switches_s_bottom_left_outer_drain'====== Args={'value': 71, 'prev_value': None, 'change': True}
2025-05-20 19:18:03,826 : INFO : EventManager : Event: ======'machine_var_audits_switches_s_bottom_right_inner_drain'====== Args={'value': 105, 'prev_value': None, 'change': True}
2025-05-20 19:18:03,826 : INFO : EventManager : Event: ======'machine_var_audits_switches_s_bottom_right_outer_drain'====== Args={'value': 298, 'prev_value': None, 'change': True}
2025-05-20 19:18:03,826 : INFO : EventManager : Event: ======'machine_var_audits_switches_s_bottom_right_vuk'====== Args={'value': 1519, 'prev_value': None, 'change': True}
2025-05-20 19:18:03,826 : INFO : EventManager : Event: ======'machine_var_audits_switches_s_door'====== Args={'value': 48, 'prev_value': None, 'change': True}
2025-05-20 19:18:03,826 : INFO : EventManager : Event: ======'machine_var_audits_switches_s_door_tilt'====== Args={'value': 85, 'prev_value': None, 'change': True}
2025-05-20 19:18:03,826 : INFO : EventManager : Event: ======'machine_var_audits_switches_s_drop_target_1'====== Args={'value': 72, 'prev_value': None, 'change': True}
2025-05-20 19:18:03,826 : INFO : EventManager : Event: ======'machine_var_audits_switches_s_drop_target_2'====== Args={'value': 63, 'prev_value': None, 'change': True}
2025-05-20 19:18:03,826 : INFO : EventManager : Event: ======'machine_var_audits_switches_s_drop_target_3'====== Args={'value': 72, 'prev_value': None, 'change': True}
2025-05-20 19:18:03,826 : INFO : EventManager : Event: ======'machine_var_audits_switches_s_enter'====== Args={'value': 0, 'prev_value': None, 'change': True}
2025-05-20 19:18:03,826 : INFO : EventManager : Event: ======'machine_var_audits_switches_s_escape'====== Args={'value': 0, 'prev_value': None, 'change': True}
2025-05-20 19:18:03,826 : INFO : EventManager : Event: ======'machine_var_audits_switches_s_fire'====== Args={'value': 100, 'prev_value': None, 'change': True}
2025-05-20 19:18:03,826 : INFO : EventManager : Event: ======'machine_var_audits_switches_s_highvuk'====== Args={'value': 51, 'prev_value': None, 'change': True}
2025-05-20 19:18:03,826 : INFO : EventManager : Event: ======'machine_var_audits_switches_s_holly_h'====== Args={'value': 0, 'prev_value': None, 'change': True}
2025-05-20 19:18:03,826 : INFO : EventManager : Event: ======'machine_var_audits_switches_s_holly_l'====== Args={'value': 117, 'prev_value': None, 'change': True}
2025-05-20 19:18:03,826 : INFO : EventManager : Event: ======'machine_var_audits_switches_s_holly_l_1'====== Args={'value': 91, 'prev_value': None, 'change': True}
2025-05-20 19:18:03,826 : INFO : EventManager : Event: ======'machine_var_audits_switches_s_holly_o'====== Args={'value': 112, 'prev_value': None, 'change': True}
2025-05-20 19:18:03,826 : INFO : EventManager : Event: ======'machine_var_audits_switches_s_holly_y'====== Args={'value': 43, 'prev_value': None, 'change': True}
2025-05-20 19:18:03,826 : INFO : EventManager : Event: ======'machine_var_audits_switches_s_left spinner'====== Args={'value': 731, 'prev_value': None, 'change': True}
2025-05-20 19:18:03,826 : INFO : EventManager : Event: ======'machine_var_audits_switches_s_left_coin'====== Args={'value': 0, 'prev_value': None, 'change': True}
2025-05-20 19:18:03,826 : INFO : EventManager : Event: ======'machine_var_audits_switches_s_left_flipper'====== Args={'value': 915, 'prev_value': None, 'change': True}
2025-05-20 19:18:03,826 : INFO : EventManager : Event: ======'machine_var_audits_switches_s_left_flipper_eos'====== Args={'value': 873, 'prev_value': None, 'change': True}
2025-05-20 19:18:03,826 : INFO : EventManager : Event: ======'machine_var_audits_switches_s_left_inlane'====== Args={'value': 0, 'prev_value': None, 'change': True}
2025-05-20 19:18:03,826 : INFO : EventManager : Event: ======'machine_var_audits_switches_s_left_magna'====== Args={'value': 321, 'prev_value': None, 'change': True}
2025-05-20 19:18:03,826 : INFO : EventManager : Event: ======'machine_var_audits_switches_s_left_orbit'====== Args={'value': 186, 'prev_value': None, 'change': True}
2025-05-20 19:18:03,826 : INFO : EventManager : Event: ======'machine_var_audits_switches_s_left_outlane'====== Args={'value': 0, 'prev_value': None, 'change': True}
2025-05-20 19:18:03,826 : INFO : EventManager : Event: ======'machine_var_audits_switches_s_left_sling'====== Args={'value': 292, 'prev_value': None, 'change': True}
2025-05-20 19:18:03,826 : INFO : EventManager : Event: ======'machine_var_audits_switches_s_left_top_target'====== Args={'value': 54, 'prev_value': None, 'change': True}
2025-05-20 19:18:03,826 : INFO : EventManager : Event: ======'machine_var_audits_switches_s_middle_top_target'====== Args={'value': 33, 'prev_value': None, 'change': True}
2025-05-20 19:18:03,826 : INFO : EventManager : Event: ======'machine_var_audits_switches_s_minus'====== Args={'value': 0, 'prev_value': None, 'change': True}
2025-05-20 19:18:03,826 : INFO : EventManager : Event: ======'machine_var_audits_switches_s_nakatomi'====== Args={'value': 151, 'prev_value': None, 'change': True}
2025-05-20 19:18:03,826 : INFO : EventManager : Event: ======'machine_var_audits_switches_s_plunger_lane'====== Args={'value': 115, 'prev_value': None, 'change': True}
2025-05-20 19:18:03,827 : INFO : EventManager : Event: ======'machine_var_audits_switches_s_plus'====== Args={'value': 0, 'prev_value': None, 'change': True}
2025-05-20 19:18:03,827 : INFO : EventManager : Event: ======'machine_var_audits_switches_s_popbumper_left'====== Args={'value': 176, 'prev_value': None, 'change': True}
2025-05-20 19:18:03,827 : INFO : EventManager : Event: ======'machine_var_audits_switches_s_popbumper_right'====== Args={'value': 269, 'prev_value': None, 'change': True}
2025-05-20 19:18:03,827 : INFO : EventManager : Event: ======'machine_var_audits_switches_s_right spinner'====== Args={'value': 87, 'prev_value': None, 'change': True}
2025-05-20 19:18:03,827 : INFO : EventManager : Event: ======'machine_var_audits_switches_s_right_coin'====== Args={'value': 0, 'prev_value': None, 'change': True}
2025-05-20 19:18:03,827 : INFO : EventManager : Event: ======'machine_var_audits_switches_s_right_flipper'====== Args={'value': 1083, 'prev_value': None, 'change': True}
2025-05-20 19:18:03,827 : INFO : EventManager : Event: ======'machine_var_audits_switches_s_right_flipper_eos'====== Args={'value': 1045, 'prev_value': None, 'change': True}
2025-05-20 19:18:03,827 : INFO : EventManager : Event: ======'machine_var_audits_switches_s_right_inlane'====== Args={'value': 0, 'prev_value': None, 'change': True}
2025-05-20 19:18:03,827 : INFO : EventManager : Event: ======'machine_var_audits_switches_s_right_magna'====== Args={'value': 256, 'prev_value': None, 'change': True}
2025-05-20 19:18:03,827 : INFO : EventManager : Event: ======'machine_var_audits_switches_s_right_orbit'====== Args={'value': 176, 'prev_value': None, 'change': True}
2025-05-20 19:18:03,827 : INFO : EventManager : Event: ======'machine_var_audits_switches_s_right_outlane'====== Args={'value': 0, 'prev_value': None, 'change': True}
2025-05-20 19:18:03,827 : INFO : EventManager : Event: ======'machine_var_audits_switches_s_right_sling'====== Args={'value': 292, 'prev_value': None, 'change': True}
2025-05-20 19:18:03,827 : INFO : EventManager : Event: ======'machine_var_audits_switches_s_right_top_target'====== Args={'value': 25, 'prev_value': None, 'change': True}
2025-05-20 19:18:03,827 : INFO : EventManager : Event: ======'machine_var_audits_switches_s_safe_vuk'====== Args={'value': 91, 'prev_value': None, 'change': True}
2025-05-20 19:18:03,827 : INFO : EventManager : Event: ======'machine_var_audits_switches_s_start'====== Args={'value': 46, 'prev_value': None, 'change': True}
2025-05-20 19:18:03,827 : INFO : EventManager : Event: ======'machine_var_audits_switches_s_target_2'====== Args={'value': 0, 'prev_value': None, 'change': True}
2025-05-20 19:18:03,827 : INFO : EventManager : Event: ======'machine_var_audits_switches_s_target_3'====== Args={'value': 0, 'prev_value': None, 'change': True}
2025-05-20 19:18:03,827 : INFO : EventManager : Event: ======'machine_var_audits_switches_s_tilt_bob'====== Args={'value': 0, 'prev_value': None, 'change': True}
2025-05-20 19:18:03,827 : INFO : EventManager : Event: ======'machine_var_audits_switches_s_top_flipper_eos'====== Args={'value': 875, 'prev_value': None, 'change': True}
2025-05-20 19:18:03,827 : INFO : EventManager : Event: ======'machine_var_audits_switches_s_top_flipper_hold'====== Args={'value': 0, 'prev_value': None, 'change': True}
2025-05-20 19:18:03,827 : INFO : EventManager : Event: ======'machine_var_audits_switches_s_trough1'====== Args={'value': 149, 'prev_value': None, 'change': True}
2025-05-20 19:18:03,827 : INFO : EventManager : Event: ======'machine_var_audits_switches_s_trough2'====== Args={'value': 75, 'prev_value': None, 'change': True}
2025-05-20 19:18:03,827 : INFO : EventManager : Event: ======'machine_var_audits_switches_s_trough3'====== Args={'value': 73, 'prev_value': None, 'change': True}
2025-05-20 19:18:03,827 : INFO : EventManager : Event: ======'machine_var_audits_switches_s_trough4'====== Args={'value': 73, 'prev_value': None, 'change': True}
2025-05-20 19:18:03,827 : INFO : EventManager : Event: ======'machine_var_audits_switches_s_trough5'====== Args={'value': 63, 'prev_value': None, 'change': True}
2025-05-20 19:18:03,827 : INFO : EventManager : Event: ======'machine_var_audits_switches_s_trough6'====== Args={'value': 63, 'prev_value': None, 'change': True}
2025-05-20 19:18:03,827 : INFO : EventManager : Event: ======'machine_var_audits_switches_s_trough_jam'====== Args={'value': 104, 'prev_value': None, 'change': True}
2025-05-20 19:18:03,827 : INFO : EventManager : Event: ======'machine_var_audits_switches_s_tunel_vuk'====== Args={'value': 159, 'prev_value': None, 'change': True}
2025-05-20 19:18:03,827 : INFO : EventManager : Event: ======'machine_var_audits_switches_swPlunger'====== Args={'value': 16, 'prev_value': None, 'change': True}
2025-05-20 19:18:03,827 : INFO : EventManager : Event: ======'init_phase_5'====== Args={}
2025-05-20 19:18:03,828 : INFO : EventManager : Event: ======'init_done'====== Args={}
2025-05-20 19:18:03,828 : INFO : EventManager : Event: ======'machine_reset_phase_1'====== Args={}
2025-05-20 19:18:03,837 : INFO : EventManager : Event: ======'machine_reset_phase_2'====== Args={}
2025-05-20 19:18:03,837 : INFO : EventManager : Event: ======'machine_reset_phase_3'====== Args={}
2025-05-20 19:18:03,837 : INFO : drop_target_bank.bank : All targets are already up. Will not reset bank.
2025-05-20 19:18:03,837 : INFO : EventManager : Event: ======'reset_complete'====== Args={}
2025-05-20 19:18:03,837 : INFO : EventManager : Event: ======'mode_attract_will_start'====== Args={}
2025-05-20 19:18:03,839 : INFO : EventManager : Event: ======'mode_attract_starting'====== Args={}
2025-05-20 19:18:03,839 : INFO : Mode.attract : Started. Priority: 10
2025-05-20 19:18:03,839 : INFO : EventManager : Event: ======'modes_active_modes_changed'====== Args={}
2025-05-20 19:18:03,839 : INFO : EventManager : Event: ======'mode_attract_started'====== Args={}
2025-05-20 19:18:03,840 : INFO : EventManager : Event: ======'collecting_balls_complete'====== Args={}
2025-05-20 19:18:03,840 : INFO : Machine : Starting the main run loop with active modes: [<Mode.attract>]
2025-05-20 19:18:03,859 : INFO : EventManager : Event: ======'slide_attract_created'====== Args={'_from_bcp': True}
2025-05-20 19:18:03,859 : INFO : EventManager : Event: ======'slide__removed'====== Args={'_from_bcp': True}
2025-05-20 19:18:03,859 : INFO : EventManager : Event: ======'slide_attract_active'====== Args={'original_context': 'attract', 'original_calling_context': 'mode_attract_started', 'priority': 10.0, 'cmd': 'slides_play', '_from_bcp': True}
2025-05-20 19:18:04,571 : INFO : BcpServer : New client connected.
2025-05-20 19:18:09,042 : INFO : SwitchController : <<<<<<< 's_start' active >>>>>>>
2025-05-20 19:18:09,127 : INFO : SwitchController : <<<<<<< 's_start' inactive >>>>>>>
2025-05-20 19:18:09,127 : INFO : EventManager : Event: ======'request_to_start_game'====== Args={}
2025-05-20 19:18:09,128 : INFO : EventManager : Event: ======'game_start'====== Args={'buttons': [], 'hold_time': 0.07900000002700835}
2025-05-20 19:18:09,128 : INFO : EventManager : Event: ======'mode_game_will_start'====== Args={'buttons': [], 'hold_time': 0.07900000002700835}
2025-05-20 19:18:09,128 : INFO : EventManager : Event: ======'mode_game_starting'====== Args={'buttons': [], 'hold_time': 0.07900000002700835}
2025-05-20 19:18:09,128 : INFO : EventManager : Event: ======'mode_attract_will_stop'====== Args={}
2025-05-20 19:18:09,128 : INFO : EventManager : Event: ======'mode_attract_stopping'====== Args={}
2025-05-20 19:18:09,129 : INFO : Mode.attract : Stopped.
2025-05-20 19:18:09,129 : INFO : EventManager : Event: ======'modes_active_modes_changed'====== Args={}
2025-05-20 19:18:09,129 : INFO : EventManager : Event: ======'mode_attract_stopped'====== Args={}
2025-05-20 19:18:09,129 : INFO : EventManager : Event: ======'clear'====== Args={'key': 'attract'}
2025-05-20 19:18:09,129 : INFO : Mode.game : Started. Priority: 20
2025-05-20 19:18:09,129 : INFO : EventManager : Event: ======'modes_active_modes_changed'====== Args={}
2025-05-20 19:18:09,129 : INFO : EventManager : Event: ======'mode_game_started'====== Args={'buttons': [], 'hold_time': 0.07900000002700835}
2025-05-20 19:18:09,129 : INFO : EventManager : Event: ======'game_will_start'====== Args={}
2025-05-20 19:18:09,129 : INFO : EventManager : Event: ======'game_starting'====== Args={'game': <Mode.game>}
2025-05-20 19:18:09,130 : INFO : EventManager : Unordered handler for class <Auditor> on event game_ended with priority 1. Handlers: [RegisteredHandler(callback=<bound method Auditor.disable of <Auditor>>, priority=1, kwargs={}, key=UUID('82566a88-62d7-4310-b103-d8fc02c38cff'), condition=None, blocking_facility=None), RegisteredHandler(callback=<bound method Auditor._save_audits of <Auditor>>, priority=1, kwargs={}, key=UUID('b35a1fc0-ef41-4110-9654-2d5d4bc32141'), condition=None, blocking_facility=None)]. The order of those handlers is not defined and they will be executed in random order. This might lead to race conditions and potential bugs.
2025-05-20 19:18:09,131 : INFO : EventManager : Event: ======'player_add_request'====== Args={}
2025-05-20 19:18:09,131 : INFO : EventManager : Event: ======'player_will_add'====== Args={'number': 1}
2025-05-20 19:18:09,131 : INFO : EventManager : Event: ======'player_adding'====== Args={'player': <Player 1>, 'number': 1}
2025-05-20 19:18:09,131 : INFO : EventManager : Event: ======'player_added'====== Args={'player': <Player 1>, 'num': 1}
2025-05-20 19:18:09,131 : INFO : Mode.game : Player added successfully. Total players: 1
2025-05-20 19:18:09,131 : INFO : EventManager : Event: ======'player_index'====== Args={'value': 0, 'prev_value': 0, 'change': 0, 'player_num': 1}
2025-05-20 19:18:09,131 : INFO : EventManager : Event: ======'player_number'====== Args={'value': 1, 'prev_value': 1, 'change': 0, 'player_num': 1}
2025-05-20 19:18:09,131 : INFO : EventManager : Event: ======'player_score'====== Args={'value': 0, 'prev_value': 0, 'change': 0, 'player_num': 1}
2025-05-20 19:18:09,132 : INFO : EventManager : Event: ======'game_started'====== Args={}
2025-05-20 19:18:09,132 : INFO : EventManager : Event: ======'player_turn_will_start'====== Args={'player': <Player 1>, 'number': 1}
2025-05-20 19:18:09,132 : INFO : EventManager : Event: ======'player_turn_starting'====== Args={'player': <Player 1>, 'number': 1}
2025-05-20 19:18:09,133 : INFO : EventManager : Event: ======'player_ball'====== Args={'value': 1, 'prev_value': 0, 'change': 1, 'player_num': 1}
2025-05-20 19:18:09,136 : INFO : EventManager : Event: ======'player_turn_started'====== Args={'player': <Player 1>, 'number': 1}
2025-05-20 19:18:09,137 : INFO : EventManager : Event: ======'ball_will_start'====== Args={'player': 1, 'ball': 1, 'balls_remaining': 2, 'is_extra_ball': False}
2025-05-20 19:18:09,137 : INFO : EventManager : Event: ======'ball_starting'====== Args={'player': 1, 'ball': 1, 'balls_remaining': 2, 'is_extra_ball': False}
2025-05-20 19:18:09,138 : INFO : drop_target_bank.bank : All targets are already up. Will not reset bank.
2025-05-20 19:18:09,138 : INFO : EventManager : Event: ======'balls_in_play'====== Args={'balls': 1}
2025-05-20 19:18:09,138 : INFO : EventManager : Event: ======'ball_started'====== Args={'player': 1, 'ball': 1, 'balls_remaining': 2, 'is_extra_ball': False}
2025-05-20 19:18:09,138 : INFO : EventManager : Event: ======'mode_score_will_start'====== Args={'player': 1, 'ball': 1, 'balls_remaining': 2, 'is_extra_ball': False}
2025-05-20 19:18:09,139 : INFO : EventManager : Event: ======'mode_score_starting'====== Args={'player': 1, 'ball': 1, 'balls_remaining': 2, 'is_extra_ball': False}
2025-05-20 19:18:09,139 : INFO : EventManager : Event: ======'mode_base_will_start'====== Args={'player': 1, 'ball': 1, 'balls_remaining': 2, 'is_extra_ball': False}
2025-05-20 19:18:09,139 : INFO : EventManager : Event: ======'mode_base_starting'====== Args={'player': 1, 'ball': 1, 'balls_remaining': 2, 'is_extra_ball': False}
2025-05-20 19:18:09,140 : INFO : Mode.base : Started. Priority: 100
2025-05-20 19:18:09,140 : INFO : EventManager : Event: ======'modes_active_modes_changed'====== Args={}
2025-05-20 19:18:09,140 : INFO : EventManager : Event: ======'mode_base_started'====== Args={'player': 1, 'ball': 1, 'balls_remaining': 2, 'is_extra_ball': False}
2025-05-20 19:18:09,141 : INFO : Mode.score : Started. Priority: 110
2025-05-20 19:18:09,141 : INFO : EventManager : Event: ======'modes_active_modes_changed'====== Args={}
2025-05-20 19:18:09,141 : INFO : EventManager : Event: ======'mode_score_started'====== Args={'player': 1, 'ball': 1, 'balls_remaining': 2, 'is_extra_ball': False}
2025-05-20 19:18:09,142 : INFO : EventManager : Event: ======'single_player_ball_started'====== Args={}
2025-05-20 19:18:09,142 : INFO : EventManager : Event: ======'ball_start_target'====== Args={'target': 'playfield'}
2025-05-20 19:18:09,142 : INFO : ball_device.bd_plunger : Setting up player-controlled eject. Balls: 1, Target: <playfield.playfield>, player_controlled_eject_event: s_fire_active
2025-05-20 19:18:09,143 : INFO : EventManager : Event: ======'balldevice_balls_available'====== Args={}
2025-05-20 19:18:09,143 : INFO : ball_device.bd_trough : State: waiting_for_target_ready
2025-05-20 19:18:09,143 : INFO : EventManager : Event: ======'balldevice_bd_trough_ball_eject_attempt'====== Args={'balls': 1, 'target': <ball_device.bd_plunger>, 'source': <ball_device.bd_trough>, 'mechanical_eject': True, 'num_attempts': 0}
2025-05-20 19:18:09,144 : INFO : ball_device.bd_plunger : State: waiting_for_ball
2025-05-20 19:18:09,144 : INFO : ball_device.bd_trough : State: ejecting
2025-05-20 19:18:09,144 : INFO : ball_device.bd_trough : Ejecting ball to <ball_device.bd_plunger>
2025-05-20 19:18:09,144 : INFO : EventManager : Event: ======'balldevice_bd_trough_ejecting_ball'====== Args={'balls': 1, 'target': <ball_device.bd_plunger>, 'source': <ball_device.bd_trough>, 'mechanical_eject': True, 'num_attempts': 0}
2025-05-20 19:18:09,145 : INFO : ball_device.bd_trough : Wait for ball to leave device
2025-05-20 19:18:09,145 : INFO : coil.c_trough_eject : Pulsing Driver for 20ms (1.0 pulse_power)
2025-05-20 19:18:09,145 : INFO : SwitchController : <<<<<<< 's_trough1' inactive >>>>>>>
2025-05-20 19:18:09,145 : INFO : ball_device.bd_trough : State: ball_left
2025-05-20 19:18:09,145 : INFO : ball_device.bd_trough : Ball left
2025-05-20 19:18:09,146 : INFO : ball_device.bd_trough : Wait for confirm with timeout 10.0
2025-05-20 19:18:09,164 : INFO : EventManager : Event: ======'slide_base_created'====== Args={'_from_bcp': True}
2025-05-20 19:18:09,165 : INFO : EventManager : Event: ======'slide_attract_inactive'====== Args={'is_removing': True, '_from_bcp': True}
2025-05-20 19:18:09,165 : INFO : EventManager : Event: ======'slide_base_active'====== Args={'original_context': 'base', 'original_calling_context': 'mode_base_started', 'priority': 100.0, 'player': 1.0, 'ball': 1.0, 'balls_remaining': 2.0, 'is_extra_ball': False, 'cmd': 'slides_play', '_from_bcp': True}
2025-05-20 19:18:09,166 : INFO : EventManager : Event: ======'slide_attract_removed'====== Args={'_from_bcp': True}
2025-05-20 19:18:09,229 : INFO : SwitchController : <<<<<<< 's_plunger_lane' active >>>>>>>
2025-05-20 19:18:09,229 : INFO : EventManager : Event: ======'machine_var_audits_switches_s_plunger_lane'====== Args={'value': 116, 'prev_value': 115, 'change': 1}
2025-05-20 19:18:09,730 : INFO : ball_device.bd_plunger : Received ball from <ball_device.bd_trough>
2025-05-20 19:18:09,730 : INFO : EventManager : Event: ======'balldevice_bd_plunger_ball_enter'====== Args={'new_balls': 1, 'unclaimed_balls': 0, 'new_available_balls': 0, 'device': <ball_device.bd_plunger>}
2025-05-20 19:18:09,731 : INFO : EventManager : Event: ======'balldevice_bd_plunger_ball_entered'====== Args={'new_balls': 0, 'device': <ball_device.bd_plunger>}
2025-05-20 19:18:09,731 : INFO : EventManager : Event: ======'balldevice_bd_plunger_ball_count_changed'====== Args={'balls': 1}
2025-05-20 19:18:09,731 : INFO : ball_device.bd_trough : Got eject confirm
2025-05-20 19:18:09,731 : INFO : ball_device.bd_trough : Eject successful
2025-05-20 19:18:09,731 : INFO : EventManager : Event: ======'balldevice_bd_trough_ball_eject_success'====== Args={'balls': 1, 'target': <ball_device.bd_plunger>}
2025-05-20 19:18:09,731 : INFO : EventManager : Event: ======'balldevice_bd_trough_ball_count_changed'====== Args={'balls': 5}
2025-05-20 19:18:09,731 : INFO : ball_device.bd_trough : State: idle
2025-05-20 19:18:09,732 : INFO : ball_device.bd_plunger : State: waiting_for_target_ready
2025-05-20 19:18:09,732 : INFO : EventManager : Event: ======'balldevice_bd_plunger_ball_eject_attempt'====== Args={'balls': 1, 'target': <playfield.playfield>, 'source': <ball_device.bd_plunger>, 'mechanical_eject': True, 'num_attempts': 0}
2025-05-20 19:18:09,732 : INFO : ball_device.bd_plunger : State: ejecting
2025-05-20 19:18:09,732 : INFO : ball_device.bd_plunger : Ejecting ball to <playfield.playfield>
2025-05-20 19:18:09,732 : INFO : EventManager : Event: ======'balldevice_bd_plunger_ejecting_ball'====== Args={'balls': 1, 'target': <playfield.playfield>, 'source': <ball_device.bd_plunger>, 'mechanical_eject': True, 'num_attempts': 0}
2025-05-20 19:18:09,733 : INFO : ball_device.bd_plunger : Wait for ball to leave device
2025-05-20 19:18:13,333 : INFO : SwitchController : <<<<<<< 's_plunger_lane' inactive >>>>>>>
2025-05-20 19:18:13,333 : INFO : ball_device.bd_plunger : State: ball_left
2025-05-20 19:18:13,333 : INFO : ball_device.bd_plunger : Ball left
2025-05-20 19:18:13,333 : INFO : ball_device.bd_plunger : Wait for confirm with timeout 10.0
2025-05-20 19:18:23,339 : INFO : ball_device.bd_plunger : State: failed_confirm
2025-05-20 19:18:23,339 : INFO : ball_device.bd_plunger : Got timeout (10.0s) before confirm from <playfield.playfield>
2025-05-20 19:18:23,433 : INFO : ball_device.bd_plunger : Confirming eject because target is playfield and ball did not return.
2025-05-20 19:18:23,433 : INFO : ball_device.bd_plunger : Eject successful
2025-05-20 19:18:23,433 : INFO : EventManager : Event: ======'balldevice_bd_plunger_ball_eject_success'====== Args={'balls': 1, 'target': <playfield.playfield>}
2025-05-20 19:18:23,433 : INFO : EventManager : Event: ======'balldevice_playfield_ball_enter'====== Args={'new_balls': 1, 'unclaimed_balls': 1, 'device': <playfield.playfield>}
2025-05-20 19:18:23,433 : INFO : EventManager : Event: ======'playfield_ball_count_change'====== Args={'balls': 1, 'change': 1}
2025-05-20 19:18:23,434 : INFO : EventManager : Event: ======'balldevice_bd_plunger_ball_count_changed'====== Args={'balls': 0}
2025-05-20 19:18:23,434 : INFO : ball_device.bd_plunger : State: idle
2025-05-20 19:18:27,176 : INFO : SwitchController : <<<<<<< 's_left_sling' active >>>>>>>
2025-05-20 19:18:27,176 : INFO : EventManager : Event: ======'s_left_sling_active'====== Args={}
2025-05-20 19:18:27,176 : INFO : EventManager : Event: ======'machine_var_audits_switches_s_left_sling'====== Args={'value': 293, 'prev_value': 292, 'change': 1}
2025-05-20 19:18:27,177 : INFO : EventManager : Event: ======'player_score'====== Args={'value': 3030, 'prev_value': 0, 'change': 3030, 'player_num': 1, 'source': 'score'}
2025-05-20 19:18:27,177 : INFO : EventManager : Event: ======'flash_left_sling_blue'====== Args={}
2025-05-20 19:18:27,251 : INFO : SwitchController : <<<<<<< 's_left_sling' inactive >>>>>>>
2025-05-20 19:18:33,368 : INFO : SwitchController : <<<<<<< 's_trough1' active >>>>>>>
2025-05-20 19:18:33,368 : INFO : EventManager : Event: ======'machine_var_audits_switches_s_trough1'====== Args={'value': 150, 'prev_value': 149, 'change': 1}
2025-05-20 19:18:33,865 : INFO : EventManager : Event: ======'balldevice_bd_trough_ball_count_changed'====== Args={'balls': 6}
2025-05-20 19:18:33,865 : INFO : ball_device.bd_trough : Received unexpected ball
2025-05-20 19:18:33,865 : INFO : EventManager : Event: ======'balldevice_captured_from_playfield'====== Args={'balls': 1}
2025-05-20 19:18:33,866 : INFO : EventManager : Event: ======'sw_playfield_active'====== Args={'balls': 1}
2025-05-20 19:18:33,866 : INFO : EventManager : Event: ======'playfield_ball_count_change'====== Args={'balls': 0, 'change': -1}
2025-05-20 19:18:33,866 : INFO : EventManager : Event: ======'balldevice_bd_trough_ball_enter'====== Args={'new_balls': 1, 'unclaimed_balls': 1, 'new_available_balls': 1, 'device': <ball_device.bd_trough>}
2025-05-20 19:18:33,866 : INFO : EventManager : Event: ======'ball_drain'====== Args={'device': <ball_device.bd_trough>, 'balls': 1}
2025-05-20 19:18:33,868 : INFO : EventManager : Event: ======'ball_will_end'====== Args={}
2025-05-20 19:18:33,868 : INFO : EventManager : Event: ======'balldevice_balls_available'====== Args={}
2025-05-20 19:18:33,868 : INFO : EventManager : Event: ======'balldevice_bd_trough_ball_entered'====== Args={'new_balls': 1, 'device': <ball_device.bd_trough>}
2025-05-20 19:18:33,869 : INFO : EventManager : Event: ======'ball_ending'====== Args={}
2025-05-20 19:18:33,869 : INFO : EventManager : Event: ======'mode_score_will_stop'====== Args={}
2025-05-20 19:18:33,869 : INFO : EventManager : Event: ======'mode_score_stopping'====== Args={}
2025-05-20 19:18:33,869 : INFO : EventManager : Event: ======'mode_base_will_stop'====== Args={}
2025-05-20 19:18:33,869 : INFO : EventManager : Event: ======'mode_base_stopping'====== Args={}
2025-05-20 19:18:33,869 : INFO : Mode.base : Stopped.
2025-05-20 19:18:33,869 : INFO : EventManager : Event: ======'modes_active_modes_changed'====== Args={}
2025-05-20 19:18:33,870 : INFO : EventManager : Event: ======'mode_base_stopped'====== Args={}
2025-05-20 19:18:33,870 : INFO : EventManager : Event: ======'clear'====== Args={'key': 'base'}
2025-05-20 19:18:33,870 : INFO : Mode.score : Stopped.
2025-05-20 19:18:33,870 : INFO : EventManager : Event: ======'modes_active_modes_changed'====== Args={}
2025-05-20 19:18:33,870 : INFO : EventManager : Event: ======'mode_score_stopped'====== Args={}
2025-05-20 19:18:33,870 : INFO : EventManager : Event: ======'clear'====== Args={'key': 'score'}
2025-05-20 19:18:33,871 : INFO : EventManager : Event: ======'ball_ended'====== Args={}
2025-05-20 19:18:33,871 : INFO : EventManager : Event: ======'player_turn_will_end'====== Args={'player': <Player 1>, 'number': 1}
2025-05-20 19:18:33,871 : INFO : EventManager : Event: ======'player_turn_ending'====== Args={'player': <Player 1>, 'number': 1}
2025-05-20 19:18:33,872 : INFO : EventManager : Event: ======'player_turn_ended'====== Args={'player': <Player 1>, 'number': 1}
2025-05-20 19:18:33,872 : INFO : EventManager : Event: ======'player_turn_will_start'====== Args={'player': <Player 1>, 'number': 1}
2025-05-20 19:18:33,872 : INFO : EventManager : Event: ======'player_turn_starting'====== Args={'player': <Player 1>, 'number': 1}
2025-05-20 19:18:33,872 : INFO : EventManager : Event: ======'player_ball'====== Args={'value': 2, 'prev_value': 1, 'change': 1, 'player_num': 1}
2025-05-20 19:18:33,873 : INFO : EventManager : Event: ======'player_turn_started'====== Args={'player': <Player 1>, 'number': 1}
2025-05-20 19:18:33,873 : INFO : EventManager : Event: ======'ball_will_start'====== Args={'player': 1, 'ball': 2, 'balls_remaining': 1, 'is_extra_ball': False}
2025-05-20 19:18:33,873 : INFO : EventManager : Event: ======'ball_starting'====== Args={'player': 1, 'ball': 2, 'balls_remaining': 1, 'is_extra_ball': False}
2025-05-20 19:18:33,874 : INFO : drop_target_bank.bank : All targets are already up. Will not reset bank.
2025-05-20 19:18:33,874 : INFO : EventManager : Event: ======'balls_in_play'====== Args={'balls': 1}
2025-05-20 19:18:33,874 : INFO : EventManager : Event: ======'ball_started'====== Args={'player': 1, 'ball': 2, 'balls_remaining': 1, 'is_extra_ball': False}
2025-05-20 19:18:33,874 : INFO : EventManager : Event: ======'mode_score_will_start'====== Args={'player': 1, 'ball': 2, 'balls_remaining': 1, 'is_extra_ball': False}
2025-05-20 19:18:33,875 : INFO : EventManager : Event: ======'mode_score_starting'====== Args={'player': 1, 'ball': 2, 'balls_remaining': 1, 'is_extra_ball': False}
2025-05-20 19:18:33,875 : INFO : EventManager : Event: ======'mode_base_will_start'====== Args={'player': 1, 'ball': 2, 'balls_remaining': 1, 'is_extra_ball': False}
2025-05-20 19:18:33,875 : INFO : EventManager : Event: ======'mode_base_starting'====== Args={'player': 1, 'ball': 2, 'balls_remaining': 1, 'is_extra_ball': False}
2025-05-20 19:18:33,876 : INFO : Mode.base : Started. Priority: 100
2025-05-20 19:18:33,876 : INFO : EventManager : Event: ======'modes_active_modes_changed'====== Args={}
2025-05-20 19:18:33,876 : INFO : EventManager : Event: ======'mode_base_started'====== Args={'player': 1, 'ball': 2, 'balls_remaining': 1, 'is_extra_ball': False}
2025-05-20 19:18:33,876 : INFO : Mode.score : Started. Priority: 110
2025-05-20 19:18:33,876 : INFO : EventManager : Event: ======'modes_active_modes_changed'====== Args={}
2025-05-20 19:18:33,876 : INFO : EventManager : Event: ======'mode_score_started'====== Args={'player': 1, 'ball': 2, 'balls_remaining': 1, 'is_extra_ball': False}
2025-05-20 19:18:33,877 : INFO : EventManager : Event: ======'single_player_ball_started'====== Args={}
2025-05-20 19:18:33,877 : INFO : EventManager : Event: ======'ball_start_target'====== Args={'target': 'playfield'}
2025-05-20 19:18:33,877 : INFO : ball_device.bd_plunger : Setting up player-controlled eject. Balls: 1, Target: <playfield.playfield>, player_controlled_eject_event: s_fire_active
2025-05-20 19:18:33,878 : INFO : EventManager : Event: ======'balldevice_balls_available'====== Args={}
2025-05-20 19:18:33,878 : INFO : ball_device.bd_trough : State: waiting_for_target_ready
2025-05-20 19:18:33,878 : INFO : EventManager : Event: ======'balldevice_bd_trough_ball_eject_attempt'====== Args={'balls': 1, 'target': <ball_device.bd_plunger>, 'source': <ball_device.bd_trough>, 'mechanical_eject': True, 'num_attempts': 0}
2025-05-20 19:18:33,878 : INFO : ball_device.bd_plunger : State: waiting_for_ball
2025-05-20 19:18:33,879 : INFO : ball_device.bd_trough : State: ejecting
2025-05-20 19:18:33,879 : INFO : ball_device.bd_trough : Ejecting ball to <ball_device.bd_plunger>
2025-05-20 19:18:33,879 : INFO : EventManager : Event: ======'balldevice_bd_trough_ejecting_ball'====== Args={'balls': 1, 'target': <ball_device.bd_plunger>, 'source': <ball_device.bd_trough>, 'mechanical_eject': True, 'num_attempts': 0}
2025-05-20 19:18:33,879 : INFO : EventManager : Event: ======'slide_base_created'====== Args={'_from_bcp': True}
2025-05-20 19:18:33,879 : INFO : EventManager : Event: ======'slide_base_inactive'====== Args={'is_removing': True, '_from_bcp': True}
2025-05-20 19:18:33,879 : INFO : EventManager : Event: ======'slide_base_active'====== Args={'original_context': 'base', 'original_calling_context': 'mode_base_started', 'priority': 100.0, 'player': 1.0, 'ball': 2.0, 'balls_remaining': 1.0, 'is_extra_ball': False, 'cmd': 'slides_play', '_from_bcp': True}
2025-05-20 19:18:33,880 : INFO : EventManager : Event: ======'slide_base_removed'====== Args={'_from_bcp': True}
2025-05-20 19:18:33,880 : INFO : ball_device.bd_trough : Wait for ball to leave device
2025-05-20 19:18:33,880 : INFO : coil.c_trough_eject : Pulsing Driver for 20ms (1.0 pulse_power)
2025-05-20 19:18:33,881 : INFO : SwitchController : <<<<<<< 's_trough1' inactive >>>>>>>
2025-05-20 19:18:33,881 : INFO : ball_device.bd_trough : State: ball_left
2025-05-20 19:18:33,881 : INFO : ball_device.bd_trough : Ball left
2025-05-20 19:18:33,881 : INFO : ball_device.bd_trough : Wait for confirm with timeout 10.0
2025-05-20 19:18:33,975 : INFO : SwitchController : <<<<<<< 's_plunger_lane' active >>>>>>>
2025-05-20 19:18:33,975 : INFO : EventManager : Event: ======'machine_var_audits_switches_s_plunger_lane'====== Args={'value': 117, 'prev_value': 116, 'change': 1}
2025-05-20 19:18:34,474 : INFO : ball_device.bd_plunger : Received ball from <ball_device.bd_trough>
2025-05-20 19:18:34,474 : INFO : EventManager : Event: ======'balldevice_bd_plunger_ball_enter'====== Args={'new_balls': 1, 'unclaimed_balls': 0, 'new_available_balls': 0, 'device': <ball_device.bd_plunger>}
2025-05-20 19:18:34,475 : INFO : EventManager : Event: ======'balldevice_bd_plunger_ball_entered'====== Args={'new_balls': 0, 'device': <ball_device.bd_plunger>}
2025-05-20 19:18:34,475 : INFO : EventManager : Event: ======'balldevice_bd_plunger_ball_count_changed'====== Args={'balls': 1}
2025-05-20 19:18:34,475 : INFO : ball_device.bd_trough : Got eject confirm
2025-05-20 19:18:34,475 : INFO : ball_device.bd_trough : Eject successful
2025-05-20 19:18:34,475 : INFO : EventManager : Event: ======'balldevice_bd_trough_ball_eject_success'====== Args={'balls': 1, 'target': <ball_device.bd_plunger>}
2025-05-20 19:18:34,476 : INFO : EventManager : Event: ======'balldevice_bd_trough_ball_count_changed'====== Args={'balls': 5}
2025-05-20 19:18:34,476 : INFO : ball_device.bd_trough : State: idle
2025-05-20 19:18:34,476 : INFO : ball_device.bd_plunger : State: waiting_for_target_ready
2025-05-20 19:18:34,476 : INFO : EventManager : Event: ======'balldevice_bd_plunger_ball_eject_attempt'====== Args={'balls': 1, 'target': <playfield.playfield>, 'source': <ball_device.bd_plunger>, 'mechanical_eject': True, 'num_attempts': 0}
2025-05-20 19:18:34,476 : INFO : ball_device.bd_plunger : State: ejecting
2025-05-20 19:18:34,476 : INFO : ball_device.bd_plunger : Ejecting ball to <playfield.playfield>
2025-05-20 19:18:34,476 : INFO : EventManager : Event: ======'balldevice_bd_plunger_ejecting_ball'====== Args={'balls': 1, 'target': <playfield.playfield>, 'source': <ball_device.bd_plunger>, 'mechanical_eject': True, 'num_attempts': 0}
2025-05-20 19:18:34,477 : INFO : ball_device.bd_plunger : Wait for ball to leave device
2025-05-20 19:19:26,149 : INFO : SwitchController : <<<<<<< 's_plunger_lane' inactive >>>>>>>
2025-05-20 19:19:26,149 : INFO : ball_device.bd_plunger : State: ball_left
2025-05-20 19:19:26,149 : INFO : ball_device.bd_plunger : Ball left
2025-05-20 19:19:26,149 : INFO : ball_device.bd_plunger : Wait for confirm with timeout 10.0
2025-05-20 19:19:36,172 : INFO : ball_device.bd_plunger : State: failed_confirm
2025-05-20 19:19:36,173 : INFO : ball_device.bd_plunger : Got timeout (10.0s) before confirm from <playfield.playfield>
2025-05-20 19:19:36,266 : INFO : ball_device.bd_plunger : Confirming eject because target is playfield and ball did not return.
2025-05-20 19:19:36,266 : INFO : ball_device.bd_plunger : Eject successful
2025-05-20 19:19:36,266 : INFO : EventManager : Event: ======'balldevice_bd_plunger_ball_eject_success'====== Args={'balls': 1, 'target': <playfield.playfield>}
2025-05-20 19:19:36,266 : INFO : EventManager : Event: ======'balldevice_playfield_ball_enter'====== Args={'new_balls': 1, 'unclaimed_balls': 1, 'device': <playfield.playfield>}
2025-05-20 19:19:36,266 : INFO : EventManager : Event: ======'playfield_ball_count_change'====== Args={'balls': 1, 'change': 1}
2025-05-20 19:19:36,268 : INFO : EventManager : Event: ======'balldevice_bd_plunger_ball_count_changed'====== Args={'balls': 0}
2025-05-20 19:19:36,268 : INFO : ball_device.bd_plunger : State: idle
2025-05-20 19:19:39,455 : INFO : SwitchController : <<<<<<< 's_left_sling' active >>>>>>>
2025-05-20 19:19:39,456 : INFO : EventManager : Event: ======'s_left_sling_active'====== Args={}
2025-05-20 19:19:39,456 : INFO : EventManager : Event: ======'machine_var_audits_switches_s_left_sling'====== Args={'value': 294, 'prev_value': 293, 'change': 1}
2025-05-20 19:19:39,456 : INFO : EventManager : Event: ======'player_score'====== Args={'value': 6060, 'prev_value': 3030, 'change': 3030, 'player_num': 1, 'source': 'score'}
2025-05-20 19:19:39,456 : INFO : EventManager : Event: ======'flash_left_sling_red'====== Args={}
2025-05-20 19:19:39,559 : INFO : SwitchController : <<<<<<< 's_left_sling' inactive >>>>>>>
2025-05-20 19:19:41,067 : INFO : SwitchController : <<<<<<< 's_left_sling' active >>>>>>>
2025-05-20 19:19:41,067 : INFO : EventManager : Event: ======'s_left_sling_active'====== Args={}
2025-05-20 19:19:41,068 : INFO : EventManager : Event: ======'machine_var_audits_switches_s_left_sling'====== Args={'value': 295, 'prev_value': 294, 'change': 1}
2025-05-20 19:19:41,068 : INFO : EventManager : Event: ======'player_score'====== Args={'value': 9090, 'prev_value': 6060, 'change': 3030, 'player_num': 1, 'source': 'score'}
2025-05-20 19:19:41,068 : INFO : EventManager : Event: ======'flash_left_sling_blue'====== Args={}
2025-05-20 19:19:41,177 : INFO : SwitchController : <<<<<<< 's_left_sling' inactive >>>>>>>
2025-05-20 19:19:44,540 : INFO : Machine : Shutting down...
2025-05-20 19:19:44,540 : INFO : EventManager : Event: ======'shutdown'====== Args={}
2025-05-20 19:19:44,541 : INFO : EventManager : Event: ======'mode_game_will_stop'====== Args={}
2025-05-20 19:19:44,541 : INFO : EventManager : Event: ======'mode_game_stopping'====== Args={}
2025-05-20 19:19:44,542 : INFO : EventManager : Event: ======'mode_base_will_stop'====== Args={}
2025-05-20 19:19:44,542 : INFO : EventManager : Event: ======'mode_base_stopping'====== Args={}
2025-05-20 19:19:44,542 : INFO : EventManager : Event: ======'mode_score_will_stop'====== Args={}
2025-05-20 19:19:44,542 : INFO : EventManager : Event: ======'mode_score_stopping'====== Args={}
2025-05-20 19:19:44,542 : INFO : Mode.score : Stopped.
2025-05-20 19:19:44,542 : INFO : EventManager : Event: ======'modes_active_modes_changed'====== Args={}
2025-05-20 19:19:44,542 : INFO : EventManager : Event: ======'mode_score_stopped'====== Args={}
2025-05-20 19:19:44,542 : INFO : EventManager : Event: ======'clear'====== Args={'key': 'score'}
2025-05-20 19:19:44,542 : INFO : Mode.base : Stopped.
2025-05-20 19:19:44,542 : INFO : EventManager : Event: ======'modes_active_modes_changed'====== Args={}
2025-05-20 19:19:44,543 : INFO : EventManager : Event: ======'mode_base_stopped'====== Args={}
2025-05-20 19:19:44,543 : INFO : EventManager : Event: ======'clear'====== Args={'key': 'base'}
2025-05-20 19:19:44,543 : INFO : Mode.game : Stopped.
2025-05-20 19:19:44,543 : INFO : EventManager : Event: ======'modes_active_modes_changed'====== Args={}
2025-05-20 19:19:44,543 : INFO : EventManager : Event: ======'mode_game_stopped'====== Args={}
2025-05-20 19:19:44,543 : INFO : EventManager : Event: ======'clear'====== Args={'key': 'game'}
2025-05-20 19:19:44,568 : INFO : root : MPF run loop ended.
