2025-11-05 22:52:52,808 : INFO : root : Loading config.
2025-11-05 22:52:52,809 : INFO : YamlMultifileConfigLoader : Machine config file #1: config.yaml
2025-11-05 22:52:52,809 : INFO : ConfigProcessor : Loading config from file C:\Users\finis\mpf\Lib\site-packages\mpf\mpfconfig.yaml.
2025-11-05 22:52:52,817 : INFO : ConfigProcessor : Loading config: C:\Users\finis\mpf\Lib\site-packages\mpf\mpfconfig.yaml
2025-11-05 22:52:52,818 : INFO : ConfigProcessor : Loading config from file C:\Users\finis\diehard-mpf\config\config.yaml.
2025-11-05 22:52:52,821 : INFO : ConfigProcessor : Loading config: C:\Users\finis\diehard-mpf\config\config.yaml
2025-11-05 22:52:52,824 : INFO : ConfigProcessor : Loading config: C:\Users\finis\diehard-mpf\config\switches.yaml
2025-11-05 22:52:52,825 : INFO : ConfigProcessor : Loading config: C:\Users\finis\diehard-mpf\config\coils.yaml
2025-11-05 22:52:52,826 : INFO : ConfigProcessor : Loading config: C:\Users\finis\diehard-mpf\config\ball_devices.yaml
2025-11-05 22:52:52,827 : INFO : ConfigProcessor : Config file cache created: C:\Users\finis\AppData\Local\Temp\46a2264aace4dc9247b28883ea729273.mpf_cache
2025-11-05 22:52:52,887 : INFO : ConfigProcessor : Loading config from file C:\Users\finis\mpf\Lib\site-packages\mpf\modes\attract\config\attract.yaml.
2025-11-05 22:52:52,887 : INFO : ConfigProcessor : Loading config: C:\Users\finis\mpf\Lib\site-packages\mpf\modes\attract\config\attract.yaml
2025-11-05 22:52:52,887 : INFO : ConfigProcessor : Loading config from file C:\Users\finis\diehard-mpf\modes\attract\config\attract.yaml.
2025-11-05 22:52:52,888 : INFO : ConfigProcessor : Loading config: C:\Users\finis\diehard-mpf\modes\attract\config\attract.yaml
2025-11-05 22:52:52,888 : INFO : ConfigProcessor : Config file cache created: C:\Users\finis\AppData\Local\Temp\7a912b2511d42635e0b426a52fd16cc1.mpf_cache
2025-11-05 22:52:52,888 : INFO : ConfigProcessor : Loading config from cache: C:\Users\finis\AppData\Local\Temp\846fbc79a2a788b1cf5d5d816f13713f.mpf_cache
2025-11-05 22:52:52,888 : INFO : ConfigProcessor : Loading config from file C:\Users\finis\diehard-mpf\modes\base\config\base.yaml.
2025-11-05 22:52:52,890 : INFO : ConfigProcessor : Loading config: C:\Users\finis\diehard-mpf\modes\base\config\base.yaml
2025-11-05 22:52:52,890 : INFO : ConfigProcessor : Config file cache created: C:\Users\finis\AppData\Local\Temp\771489ba91bf1192210b19104700c5d3.mpf_cache
2025-11-05 22:52:52,890 : INFO : ConfigProcessor : Loading config from file C:\Users\finis\diehard-mpf\shows\.\attract_christmas.yaml.
