2025-11-19 18:11:13,059 : INFO : root : Loading config.
2025-11-19 18:11:13,069 : INFO : YamlMultifileConfigLoader : Machine config file #1: config.yaml
2025-11-19 18:11:13,070 : INFO : ConfigProcessor : Loading config from cache: C:\Users\carr-\AppData\Local\Temp\23e177fce4903a9a69d69f474fa748a1.mpf_cache
2025-11-19 18:11:13,176 : WARNING : ConfigProcessor : Config file in cache changed: C:\Users\carr-\Documents\development\diehard-mpf\modes\attract\config\attract.yaml
2025-11-19 18:11:13,176 : INFO : ConfigProcessor : Loading config from file C:\Users\carr-\Documents\development\mpf080\mpf\modes\attract\config\attract.yaml.
2025-11-19 18:11:13,185 : INFO : ConfigProcessor : Loading config: C:\Users\carr-\Documents\development\mpf080\mpf\modes\attract\config\attract.yaml
2025-11-19 18:11:13,185 : INFO : ConfigProcessor : Loading config from file C:\Users\carr-\Documents\development\diehard-mpf\modes\attract\config\attract.yaml.
2025-11-19 18:11:13,187 : INFO : ConfigProcessor : Loading config: C:\Users\carr-\Documents\development\diehard-mpf\modes\attract\config\attract.yaml
2025-11-19 18:11:13,188 : INFO : ConfigProcessor : Config file cache created: C:\Users\carr-\AppData\Local\Temp\2f9bbeccf93c71693a410725897ab70d.mpf_cache
2025-11-19 18:11:13,189 : INFO : ConfigProcessor : Loading config from cache: C:\Users\carr-\AppData\Local\Temp\71986c9cb54d44e1ee87b7d4d0f68024.mpf_cache
2025-11-19 18:11:13,197 : INFO : ConfigProcessor : Loading config from cache: C:\Users\carr-\AppData\Local\Temp\2f9bbeccf93c71693a410725897ab70d.mpf_cache
2025-11-19 18:11:13,207 : WARNING : ConfigProcessor : Config file in cache changed: C:\Users\carr-\Documents\development\diehard-mpf\modes\base\config\base.yaml
2025-11-19 18:11:13,207 : INFO : ConfigProcessor : Loading config from file C:\Users\carr-\Documents\development\diehard-mpf\modes\base\config\base.yaml.
2025-11-19 18:11:13,212 : INFO : ConfigProcessor : Loading config: C:\Users\carr-\Documents\development\diehard-mpf\modes\base\config\base.yaml
2025-11-19 18:11:13,213 : INFO : ConfigProcessor : Config file cache created: C:\Users\carr-\AppData\Local\Temp\460998002e273cec26232c9157d92984.mpf_cache
2025-11-19 18:11:13,214 : WARNING : ConfigProcessor : Config file in cache changed: C:\Users\carr-\Documents\development\diehard-mpf\modes\holly\config\holly.yaml
2025-11-19 18:11:13,214 : INFO : ConfigProcessor : Loading config from file C:\Users\carr-\Documents\development\diehard-mpf\modes\holly\config\holly.yaml.
2025-11-19 18:11:13,215 : INFO : ConfigProcessor : Loading config: C:\Users\carr-\Documents\development\diehard-mpf\modes\holly\config\holly.yaml
2025-11-19 18:11:13,217 : INFO : ConfigProcessor : Config file cache created: C:\Users\carr-\AppData\Local\Temp\1113c1d20ec4e70f79a7ed8de50ab69e.mpf_cache
2025-11-19 18:11:13,218 : WARNING : ConfigProcessor : Config file in cache changed: C:\Users\carr-\Documents\development\diehard-mpf\modes\score\config\score.yaml
2025-11-19 18:11:13,218 : INFO : ConfigProcessor : Loading config from file C:\Users\carr-\Documents\development\diehard-mpf\modes\score\config\score.yaml.
2025-11-19 18:11:13,219 : INFO : ConfigProcessor : Loading config: C:\Users\carr-\Documents\development\diehard-mpf\modes\score\config\score.yaml
2025-11-19 18:11:13,219 : INFO : ConfigProcessor : Config file cache created: C:\Users\carr-\AppData\Local\Temp\668dbdbfcbfe997663fcbdfe0871c0b4.mpf_cache
2025-11-19 18:11:13,221 : WARNING : ConfigProcessor : Config file in cache changed: C:\Users\carr-\Documents\development\diehard-mpf\shows\.\attract_christmas.yaml
2025-11-19 18:11:13,221 : INFO : ConfigProcessor : Loading config from file C:\Users\carr-\Documents\development\diehard-mpf\shows\.\attract_christmas.yaml.
2025-11-19 18:11:13,288 : INFO : ConfigProcessor : Loading config: C:\Users\carr-\Documents\development\diehard-mpf\shows\.\attract_christmas.yaml
2025-11-19 18:11:13,291 : INFO : ConfigProcessor : Config file cache created: C:\Users\carr-\AppData\Local\Temp\6a4847c7210b75a304ae3e1d0e125b6a.mpf_cache
2025-11-19 18:11:13,291 : WARNING : ConfigProcessor : Config file in cache changed: C:\Users\carr-\Documents\development\diehard-mpf\shows\.\fade_led_color.yaml
2025-11-19 18:11:13,291 : INFO : ConfigProcessor : Loading config from file C:\Users\carr-\Documents\development\diehard-mpf\shows\.\fade_led_color.yaml.
2025-11-19 18:11:13,301 : INFO : ConfigProcessor : Loading config: C:\Users\carr-\Documents\development\diehard-mpf\shows\.\fade_led_color.yaml
2025-11-19 18:11:13,302 : INFO : ConfigProcessor : Config file cache created: C:\Users\carr-\AppData\Local\Temp\5bdb9da15c9005c4036d70c7ddf4c03f.mpf_cache
2025-11-19 18:11:13,302 : WARNING : ConfigProcessor : Config file in cache changed: C:\Users\carr-\Documents\development\diehard-mpf\shows\.\fade_rgb_test.yaml
2025-11-19 18:11:13,302 : INFO : ConfigProcessor : Loading config from file C:\Users\carr-\Documents\development\diehard-mpf\shows\.\fade_rgb_test.yaml.
2025-11-19 18:11:13,303 : INFO : ConfigProcessor : Loading config: C:\Users\carr-\Documents\development\diehard-mpf\shows\.\fade_rgb_test.yaml
2025-11-19 18:11:13,304 : INFO : ConfigProcessor : Config file cache created: C:\Users\carr-\AppData\Local\Temp\4ef2cae97e908c683695ed521c4a6650.mpf_cache
