2025-11-16 17:46:42,305 : INFO : root : Loading config.
2025-11-16 17:46:42,307 : INFO : YamlMultifileConfigLoader : Machine config file #1: config.yaml
2025-11-16 17:46:42,307 : WARNING : ConfigProcessor : Config file in cache changed: C:\Users\finis\diehard-mpf\config\config.yaml
2025-11-16 17:46:42,307 : INFO : ConfigProcessor : Loading config from file C:\Users\finis\mpf\Lib\site-packages\mpf\mpfconfig.yaml.
2025-11-16 17:46:42,315 : INFO : ConfigProcessor : Loading config: C:\Users\finis\mpf\Lib\site-packages\mpf\mpfconfig.yaml
2025-11-16 17:46:42,315 : INFO : ConfigProcessor : Loading config from file C:\Users\finis\diehard-mpf\config\config.yaml.
2025-11-16 17:46:42,318 : INFO : ConfigProcessor : Loading config: C:\Users\finis\diehard-mpf\config\config.yaml
2025-11-16 17:46:42,319 : INFO : ConfigProcessor : Loading config: C:\Users\finis\diehard-mpf\config\ball_devices.yaml
2025-11-16 17:46:42,322 : INFO : ConfigProcessor : Loading config: C:\Users\finis\diehard-mpf\config\coils.yaml
2025-11-16 17:46:42,327 : INFO : ConfigProcessor : Loading config: C:\Users\finis\diehard-mpf\config\lights.yaml
2025-11-16 17:46:42,328 : INFO : ConfigProcessor : Loading config: C:\Users\finis\diehard-mpf\config\shot_profiles.yaml
2025-11-16 17:46:42,331 : INFO : ConfigProcessor : Loading config: C:\Users\finis\diehard-mpf\config\switches.yaml
2025-11-16 17:46:42,333 : INFO : ConfigProcessor : Config file cache created: C:\Users\finis\AppData\Local\Temp\46a2264aace4dc9247b28883ea729273.mpf_cache
2025-11-16 17:46:42,388 : WARNING : ConfigProcessor : Config file in cache changed: C:\Users\finis\diehard-mpf\modes\attract\config\attract.yaml
2025-11-16 17:46:42,388 : INFO : ConfigProcessor : Loading config from file C:\Users\finis\mpf\Lib\site-packages\mpf\modes\attract\config\attract.yaml.
2025-11-16 17:46:42,389 : INFO : ConfigProcessor : Loading config: C:\Users\finis\mpf\Lib\site-packages\mpf\modes\attract\config\attract.yaml
2025-11-16 17:46:42,389 : INFO : ConfigProcessor : Loading config from file C:\Users\finis\diehard-mpf\modes\attract\config\attract.yaml.
2025-11-16 17:46:42,389 : INFO : ConfigProcessor : Loading config: C:\Users\finis\diehard-mpf\modes\attract\config\attract.yaml
2025-11-16 17:46:42,389 : INFO : ConfigProcessor : Config file cache created: C:\Users\finis\AppData\Local\Temp\7a912b2511d42635e0b426a52fd16cc1.mpf_cache
2025-11-16 17:46:42,389 : INFO : ConfigProcessor : Loading config from cache: C:\Users\finis\AppData\Local\Temp\846fbc79a2a788b1cf5d5d816f13713f.mpf_cache
2025-11-16 17:46:42,389 : INFO : ConfigProcessor : Loading config from cache: C:\Users\finis\AppData\Local\Temp\7a912b2511d42635e0b426a52fd16cc1.mpf_cache
2025-11-16 17:46:42,391 : WARNING : ConfigProcessor : Config file in cache changed: C:\Users\finis\diehard-mpf\modes\base\config\base.yaml
2025-11-16 17:46:42,391 : INFO : ConfigProcessor : Loading config from file C:\Users\finis\diehard-mpf\modes\base\config\base.yaml.
2025-11-16 17:46:42,393 : INFO : ConfigProcessor : Loading config: C:\Users\finis\diehard-mpf\modes\base\config\base.yaml
2025-11-16 17:46:42,393 : INFO : ConfigProcessor : Config file cache created: C:\Users\finis\AppData\Local\Temp\771489ba91bf1192210b19104700c5d3.mpf_cache
2025-11-16 17:46:42,393 : WARNING : ConfigProcessor : Config file in cache changed: C:\Users\finis\diehard-mpf\modes\holly\config\holly.yaml
2025-11-16 17:46:42,393 : INFO : ConfigProcessor : Loading config from file C:\Users\finis\diehard-mpf\modes\holly\config\holly.yaml.
2025-11-16 17:46:42,395 : INFO : ConfigProcessor : Loading config: C:\Users\finis\diehard-mpf\modes\holly\config\holly.yaml
2025-11-16 17:46:42,395 : INFO : ConfigProcessor : Config file cache created: C:\Users\finis\AppData\Local\Temp\46e23fa43ebcbad0058dff2ccd1749db.mpf_cache
2025-11-16 17:46:42,395 : WARNING : ConfigProcessor : Config file in cache changed: C:\Users\finis\diehard-mpf\modes\score\config\score.yaml
2025-11-16 17:46:42,395 : INFO : ConfigProcessor : Loading config from file C:\Users\finis\diehard-mpf\modes\score\config\score.yaml.
2025-11-16 17:46:42,396 : INFO : ConfigProcessor : Loading config: C:\Users\finis\diehard-mpf\modes\score\config\score.yaml
2025-11-16 17:46:42,396 : INFO : ConfigProcessor : Config file cache created: C:\Users\finis\AppData\Local\Temp\4b672ce255959e7c9d79f5c0592d724e.mpf_cache
2025-11-16 17:46:42,396 : WARNING : ConfigProcessor : Config file in cache changed: C:\Users\finis\diehard-mpf\shows\.\fade_led_color.yaml
2025-11-16 17:46:42,396 : INFO : ConfigProcessor : Loading config from file C:\Users\finis\diehard-mpf\shows\.\fade_led_color.yaml.
2025-11-16 17:46:42,396 : INFO : ConfigProcessor : Loading config: C:\Users\finis\diehard-mpf\shows\.\fade_led_color.yaml
2025-11-16 17:46:42,398 : INFO : ConfigProcessor : Config file cache created: C:\Users\finis\AppData\Local\Temp\9e3f944bf38390c8870a73dddcf76b67.mpf_cache
2025-11-16 17:46:42,398 : WARNING : ConfigProcessor : Config file in cache changed: C:\Users\finis\diehard-mpf\shows\.\fade_rgb_test.yaml
2025-11-16 17:46:42,398 : INFO : ConfigProcessor : Loading config from file C:\Users\finis\diehard-mpf\shows\.\fade_rgb_test.yaml.
2025-11-16 17:46:42,398 : INFO : ConfigProcessor : Loading config: C:\Users\finis\diehard-mpf\shows\.\fade_rgb_test.yaml
2025-11-16 17:46:42,398 : INFO : ConfigProcessor : Config file cache created: C:\Users\finis\AppData\Local\Temp\4bf8b529c69b45d37a3cfe4b57c83b44.mpf_cache
2025-11-16 17:46:42,398 : WARNING : ConfigProcessor : Config file in cache changed: C:\Users\finis\diehard-mpf\shows\.\flicker_color.yaml
2025-11-16 17:46:42,400 : INFO : ConfigProcessor : Loading config from file C:\Users\finis\diehard-mpf\shows\.\flicker_color.yaml.
2025-11-16 17:46:42,400 : INFO : ConfigProcessor : Loading config: C:\Users\finis\diehard-mpf\shows\.\flicker_color.yaml
2025-11-16 17:46:42,400 : INFO : ConfigProcessor : Config file cache created: C:\Users\finis\AppData\Local\Temp\363f67c1c91992cd991e35986d72087d.mpf_cache
2025-11-16 17:46:42,401 : INFO : Machine : Mission Pinball Framework Core Engine v0.80.0.dev11
2025-11-16 17:46:42,401 : INFO : Machine : Command line arguments: {'no_load_cache': False, 'create_config_cache': True, 'bcp': False, 'configfile': ['config.yaml'], 'force_assets_load': False, 'platform_integration_test': False, 'jsonlogging': False, 'logfile': 'logs\\2025-11-16-17-46-42-mpf-Bosgame-1NWVA.log', 'pause': False, 'production': False, 'text_ui': False, 'loglevel': 15, 'consoleloglevel': 20, 'force_platform': None, 'syslog_address': None, 'full_logfile_path': 'C:\\Users\\finis\\diehard-mpf\\logs\\2025-11-16-17-46-42-mpf-Bosgame-1NWVA.log'}
2025-11-16 17:46:42,401 : INFO : Machine : MPF path: C:\Users\finis\mpf\Lib\site-packages\mpf
2025-11-16 17:46:42,401 : INFO : Machine : Machine path: C:\Users\finis\diehard-mpf
2025-11-16 17:46:42,401 : INFO : Machine : Platform: win32
2025-11-16 17:46:42,401 : INFO : Machine : Python executable location: C:\Users\finis\mpf\Scripts\python.exe
2025-11-16 17:46:42,401 : INFO : Machine : Python version: 3.12.7 (64-bit)
2025-11-16 17:46:42,402 : INFO : Machine : Initializing MPF...
2025-11-16 17:46:42,464 : INFO : FAST : Auto-detecting ports for the following connections: ['net', 'aud']
2025-11-16 17:46:42,709 : INFO : FAST : Detected AUD on port COM5
2025-11-16 17:46:42,709 : INFO : FAST : Detected NET on port COM4
2025-11-16 17:46:42,819 : INFO : FAST [NET] : Trying to connect to COM4 at 921600bps
2025-11-16 17:46:42,897 : INFO : FAST [NET] : Connected to COM4 at 921600bps
2025-11-16 17:46:42,913 : INFO : FAST [NET] : Connected to FP-CPU-2000 with firmware v02.26
2025-11-16 17:46:42,944 : INFO : FAST [NET] : Registered I/O Board 0: Model: FP-I/O-0024, Firmware: 01.10, Switches: 24, Drivers: 8
2025-11-16 17:46:42,960 : INFO : FAST [NET] : Registered I/O Board 1: Model: FP-I/O-3208, Firmware: 01.10, Switches: 32, Drivers: 8
2025-11-16 17:46:42,976 : INFO : FAST [NET] : Registered I/O Board 2: Model: FP-I/O-1616, Firmware: 01.10, Switches: 16, Drivers: 16
2025-11-16 17:46:42,991 : INFO : FAST [NET] : Registered I/O Board 3: Model: FP-I/O-1616, Firmware: 01.10, Switches: 16, Drivers: 16
2025-11-16 17:46:42,992 : INFO : FAST [EXP] : Trying to connect to COM3 at 921600bps
2025-11-16 17:46:43,070 : INFO : FAST [EXP] : Connected to COM3 at 921600bps
2025-11-16 17:46:43,086 : INFO : FAST [EXP] : Verifying hardware for EXP "playfield" (FP-EXP-0081, @84) with ID string "EXP FP-EXP-0081  0.12", board address 84
2025-11-16 17:46:43,102 : INFO : FAST [EXP] : Verifying hardware for EXP "playfield" (FP-EXP-0081, @84) with ID string "BRK FP-EXP-0081  0.12", board address 840
2025-11-16 17:46:43,118 : INFO : FAST [EXP] : Verifying hardware for EXP "playfield" (FP-EXP-0081, @84) with ID string "BRK FP-EXP-0081  0.12", board address 841
2025-11-16 17:46:43,134 : INFO : FAST [AUD] : Trying to connect to COM5 at 230400bps
2025-11-16 17:46:43,210 : INFO : FAST [AUD] : Connected to COM5 at 230400bps
2025-11-16 17:46:43,228 : INFO : FAST [AUD] : Connected to FP-AUD-0100 with firmware v0.02
2025-11-16 17:46:43,228 : INFO : EventManager : Event: ======'machine_var_credits_string'====== Args={'value': 'FREE PLAY', 'prev_value': None, 'change': True}
2025-11-16 17:46:43,243 : INFO : EventManager : Event: ======'machine_var_fast_audio_headphones_volume'====== Args={'value': 10, 'prev_value': None, 'change': True}
2025-11-16 17:46:43,243 : INFO : EventManager : Event: ======'machine_var_fast_audio_main_volume'====== Args={'value': 60, 'prev_value': None, 'change': True}
2025-11-16 17:46:43,243 : INFO : EventManager : Event: ======'machine_var_master_volume'====== Args={'value': 0.5, 'prev_value': None, 'change': True}
2025-11-16 17:46:43,243 : INFO : EventManager : Event: ======'machine_var_player1_score'====== Args={'value': 17120, 'prev_value': None, 'change': True}
2025-11-16 17:46:43,243 : INFO : EventManager : Event: ======'machine_var_var_which_attract'====== Args={'value': 0, 'prev_value': None, 'change': True}
2025-11-16 17:46:43,243 : INFO : EventManager : Event: ======'machine_var_mpf_version'====== Args={'value': 'Mission Pinball Framework v0.80.0.dev11', 'prev_value': None, 'change': True}
2025-11-16 17:46:43,243 : INFO : EventManager : Event: ======'machine_var_mpf_extended_version'====== Args={'value': 'Mission Pinball Framework v0.80.0.dev11, Config version:6, Show version: 6, BCP version:1.1', 'prev_value': None, 'change': True}
2025-11-16 17:46:43,243 : INFO : EventManager : Event: ======'machine_var_python_version'====== Args={'value': '3.12.7', 'prev_value': None, 'change': True}
2025-11-16 17:46:43,356 : INFO : EventManager : Event: ======'machine_var_platform'====== Args={'value': 'Windows-11-10.0.26200-SP0', 'prev_value': None, 'change': True}
2025-11-16 17:46:43,356 : INFO : EventManager : Event: ======'machine_var_platform_system'====== Args={'value': 'Windows', 'prev_value': None, 'change': True}
2025-11-16 17:46:43,356 : INFO : EventManager : Event: ======'machine_var_platform_release'====== Args={'value': '11', 'prev_value': None, 'change': True}
2025-11-16 17:46:43,356 : INFO : EventManager : Event: ======'machine_var_platform_version'====== Args={'value': '10.0.26200', 'prev_value': None, 'change': True}
2025-11-16 17:46:43,356 : INFO : EventManager : Event: ======'machine_var_platform_machine'====== Args={'value': 'AMD64', 'prev_value': None, 'change': True}
2025-11-16 17:46:43,356 : INFO : EventManager : Event: ======'machine_var_log_file_path'====== Args={'value': 'C:\\Users\\finis\\diehard-mpf\\logs\\2025-11-16-17-46-42-mpf-Bosgame-1NWVA.log', 'prev_value': None, 'change': True}
2025-11-16 17:46:43,356 : INFO : EventManager : Event: ======'init_phase_1'====== Args={}
2025-11-16 17:46:43,387 : INFO : EventManager : Event: ======'drop_target_bank_bank_up'====== Args={}
2025-11-16 17:46:43,387 : INFO : EventManager : Event: ======'drop_target_bank_bank1_up'====== Args={}
2025-11-16 17:46:43,387 : INFO : EventManager : Event: ======'drop_target_bank_bank2_up'====== Args={}
2025-11-16 17:46:45,998 : INFO : SwitchController : <<<<<<< 's_trough1' active >>>>>>>
2025-11-16 17:46:45,998 : INFO : SwitchController : <<<<<<< 's_trough2' active >>>>>>>
2025-11-16 17:46:45,998 : INFO : SwitchController : <<<<<<< 's_trough3' active >>>>>>>
2025-11-16 17:46:45,998 : INFO : SwitchController : <<<<<<< 's_trough4' active >>>>>>>
2025-11-16 17:46:45,998 : INFO : SwitchController : <<<<<<< 's_trough5' active >>>>>>>
2025-11-16 17:46:46,030 : INFO : EventManager : Event: ======'init_phase_2'====== Args={}
2025-11-16 17:46:46,032 : INFO : SwitchController : Found active switch: (53, [FAST Platform Interface]) <switch.s_trough1>
2025-11-16 17:46:46,032 : INFO : SwitchController : Found active switch: (48, [FAST Platform Interface]) <switch.s_trough2>
2025-11-16 17:46:46,032 : INFO : SwitchController : Found active switch: (49, [FAST Platform Interface]) <switch.s_trough3>
2025-11-16 17:46:46,032 : INFO : SwitchController : Found active switch: (50, [FAST Platform Interface]) <switch.s_trough4>
2025-11-16 17:46:46,032 : INFO : SwitchController : Found active switch: (51, [FAST Platform Interface]) <switch.s_trough5>
2025-11-16 17:46:46,502 : INFO : ball_device.bd_trough : BCH: Initial count: 5
2025-11-16 17:46:46,502 : INFO : ball_device.bd_trough : State: idle
2025-11-16 17:46:46,502 : INFO : ball_device.bd_plunger : BCH: Initial count: 0
2025-11-16 17:46:46,504 : INFO : ball_device.bd_plunger : State: idle
2025-11-16 17:46:46,504 : INFO : ball_device.kickervault1_eject : BCH: Initial count: 0
2025-11-16 17:46:46,504 : INFO : ball_device.kickervault1_eject : State: idle
2025-11-16 17:46:46,505 : INFO : ball_device.rightkicker : BCH: Initial count: 0
2025-11-16 17:46:46,505 : INFO : ball_device.rightkicker : State: idle
2025-11-16 17:46:46,506 : INFO : ball_device.UrampUp001 : BCH: Initial count: 0
2025-11-16 17:46:46,506 : INFO : ball_device.UrampUp001 : State: idle
2025-11-16 17:46:46,506 : INFO : ball_device.rightvuk : BCH: Initial count: 0
2025-11-16 17:46:46,506 : INFO : ball_device.rightvuk : State: idle
2025-11-16 17:46:46,507 : INFO : ball_device.towervuk : BCH: Initial count: 0
2025-11-16 17:46:46,507 : INFO : ball_device.towervuk : State: idle
2025-11-16 17:46:46,508 : INFO : ball_device.airplane : BCH: Initial count: 0
2025-11-16 17:46:46,508 : INFO : ball_device.airplane : State: idle
2025-11-16 17:46:46,514 : INFO : EventManager : Event: ======'init_phase_3'====== Args={}
2025-11-16 17:46:46,516 : INFO : EventManager : Event: ======'init_phase_4'====== Args={}
2025-11-16 17:46:46,516 : INFO : BallController : Initial balls found: 5
2025-11-16 17:46:46,518 : INFO : EventManager : Event: ======'machine_var_audits_events_game_ended'====== Args={'value': 20, 'prev_value': None, 'change': True}
2025-11-16 17:46:46,518 : INFO : EventManager : Event: ======'machine_var_audits_events_game_started'====== Args={'value': 78, 'prev_value': None, 'change': True}
2025-11-16 17:46:46,518 : INFO : EventManager : Event: ======'machine_var_audits_missing_switches_s_airplane'====== Args={'value': 1, 'prev_value': None, 'change': True}
2025-11-16 17:46:46,518 : INFO : EventManager : Event: ======'machine_var_audits_missing_switches_s_bottom_left_inner_drain'====== Args={'value': 1, 'prev_value': None, 'change': True}
2025-11-16 17:46:46,518 : INFO : EventManager : Event: ======'machine_var_audits_missing_switches_s_bottom_left_outer_drain'====== Args={'value': 2, 'prev_value': None, 'change': True}
2025-11-16 17:46:46,518 : INFO : EventManager : Event: ======'machine_var_audits_missing_switches_s_bottom_right_inner_drain'====== Args={'value': 1, 'prev_value': None, 'change': True}
2025-11-16 17:46:46,518 : INFO : EventManager : Event: ======'machine_var_audits_missing_switches_s_door'====== Args={'value': 1, 'prev_value': None, 'change': True}
2025-11-16 17:46:46,518 : INFO : EventManager : Event: ======'machine_var_audits_missing_switches_s_door_tilt'====== Args={'value': 1, 'prev_value': None, 'change': True}
2025-11-16 17:46:46,518 : INFO : EventManager : Event: ======'machine_var_audits_missing_switches_s_enter'====== Args={'value': 78, 'prev_value': None, 'change': True}
2025-11-16 17:46:46,518 : INFO : EventManager : Event: ======'machine_var_audits_missing_switches_s_escape'====== Args={'value': 78, 'prev_value': None, 'change': True}
2025-11-16 17:46:46,518 : INFO : EventManager : Event: ======'machine_var_audits_missing_switches_s_highvuk'====== Args={'value': 3, 'prev_value': None, 'change': True}
2025-11-16 17:46:46,518 : INFO : EventManager : Event: ======'machine_var_audits_missing_switches_s_holly_h'====== Args={'value': 1, 'prev_value': None, 'change': True}
2025-11-16 17:46:46,518 : INFO : EventManager : Event: ======'machine_var_audits_missing_switches_s_holly_l'====== Args={'value': 1, 'prev_value': None, 'change': True}
2025-11-16 17:46:46,518 : INFO : EventManager : Event: ======'machine_var_audits_missing_switches_s_holly_l_1'====== Args={'value': 3, 'prev_value': None, 'change': True}
2025-11-16 17:46:46,518 : INFO : EventManager : Event: ======'machine_var_audits_missing_switches_s_holly_o'====== Args={'value': 1, 'prev_value': None, 'change': True}
2025-11-16 17:46:46,518 : INFO : EventManager : Event: ======'machine_var_audits_missing_switches_s_holly_y'====== Args={'value': 1, 'prev_value': None, 'change': True}
2025-11-16 17:46:46,518 : INFO : EventManager : Event: ======'machine_var_audits_missing_switches_s_left_coin'====== Args={'value': 78, 'prev_value': None, 'change': True}
2025-11-16 17:46:46,518 : INFO : EventManager : Event: ======'machine_var_audits_missing_switches_s_left_inlane'====== Args={'value': 24, 'prev_value': None, 'change': True}
2025-11-16 17:46:46,518 : INFO : EventManager : Event: ======'machine_var_audits_missing_switches_s_left_magna'====== Args={'value': 1, 'prev_value': None, 'change': True}
2025-11-16 17:46:46,518 : INFO : EventManager : Event: ======'machine_var_audits_missing_switches_s_left_orbit2'====== Args={'value': 15, 'prev_value': None, 'change': True}
2025-11-16 17:46:46,518 : INFO : EventManager : Event: ======'machine_var_audits_missing_switches_s_left_outlane'====== Args={'value': 24, 'prev_value': None, 'change': True}
2025-11-16 17:46:46,518 : INFO : EventManager : Event: ======'machine_var_audits_missing_switches_s_left_top_target'====== Args={'value': 1, 'prev_value': None, 'change': True}
2025-11-16 17:46:46,518 : INFO : EventManager : Event: ======'machine_var_audits_missing_switches_s_mid_orbit'====== Args={'value': 15, 'prev_value': None, 'change': True}
2025-11-16 17:46:46,518 : INFO : EventManager : Event: ======'machine_var_audits_missing_switches_s_middle_top_target'====== Args={'value': 1, 'prev_value': None, 'change': True}
2025-11-16 17:46:46,518 : INFO : EventManager : Event: ======'machine_var_audits_missing_switches_s_minus'====== Args={'value': 78, 'prev_value': None, 'change': True}
2025-11-16 17:46:46,518 : INFO : EventManager : Event: ======'machine_var_audits_missing_switches_s_plus'====== Args={'value': 78, 'prev_value': None, 'change': True}
2025-11-16 17:46:46,518 : INFO : EventManager : Event: ======'machine_var_audits_missing_switches_s_popbumper_left'====== Args={'value': 1, 'prev_value': None, 'change': True}
2025-11-16 17:46:46,518 : INFO : EventManager : Event: ======'machine_var_audits_missing_switches_s_right_coin'====== Args={'value': 78, 'prev_value': None, 'change': True}
2025-11-16 17:46:46,518 : INFO : EventManager : Event: ======'machine_var_audits_missing_switches_s_right_inlane'====== Args={'value': 24, 'prev_value': None, 'change': True}
2025-11-16 17:46:46,518 : INFO : EventManager : Event: ======'machine_var_audits_missing_switches_s_right_magna'====== Args={'value': 1, 'prev_value': None, 'change': True}
2025-11-16 17:46:46,518 : INFO : EventManager : Event: ======'machine_var_audits_missing_switches_s_right_orbit2'====== Args={'value': 15, 'prev_value': None, 'change': True}
2025-11-16 17:46:46,518 : INFO : EventManager : Event: ======'machine_var_audits_missing_switches_s_right_outlane'====== Args={'value': 24, 'prev_value': None, 'change': True}
2025-11-16 17:46:46,518 : INFO : EventManager : Event: ======'machine_var_audits_missing_switches_s_right_top_target'====== Args={'value': 1, 'prev_value': None, 'change': True}
2025-11-16 17:46:46,518 : INFO : EventManager : Event: ======'machine_var_audits_missing_switches_s_safe_vuk'====== Args={'value': 3, 'prev_value': None, 'change': True}
2025-11-16 17:46:46,518 : INFO : EventManager : Event: ======'machine_var_audits_missing_switches_s_start'====== Args={'value': 1, 'prev_value': None, 'change': True}
2025-11-16 17:46:46,518 : INFO : EventManager : Event: ======'machine_var_audits_missing_switches_s_target_2'====== Args={'value': 24, 'prev_value': None, 'change': True}
2025-11-16 17:46:46,518 : INFO : EventManager : Event: ======'machine_var_audits_missing_switches_s_target_3'====== Args={'value': 24, 'prev_value': None, 'change': True}
2025-11-16 17:46:46,518 : INFO : EventManager : Event: ======'machine_var_audits_missing_switches_s_tilt_bob'====== Args={'value': 78, 'prev_value': None, 'change': True}
2025-11-16 17:46:46,518 : INFO : EventManager : Event: ======'machine_var_audits_missing_switches_s_top_flipper_hold'====== Args={'value': 24, 'prev_value': None, 'change': True}
2025-11-16 17:46:46,518 : INFO : EventManager : Event: ======'machine_var_audits_missing_switches_s_tunel_vuk'====== Args={'value': 1, 'prev_value': None, 'change': True}
2025-11-16 17:46:46,518 : INFO : EventManager : Event: ======'machine_var_audits_missing_switches_s_upper_pf_entrance'====== Args={'value': 15, 'prev_value': None, 'change': True}
2025-11-16 17:46:46,518 : INFO : EventManager : Event: ======'machine_var_audits_player_score'====== Args={'value': {'average': 89899, 'top': [691810, 665430, 224220, 152420, 150000, 138180, 97570, 97420, 90150, 33330], 'total': 24}, 'prev_value': None, 'change': True}
2025-11-16 17:46:46,518 : INFO : EventManager : Event: ======'machine_var_audits_shots_holly_h'====== Args={'value': 241, 'prev_value': None, 'change': True}
2025-11-16 17:46:46,518 : INFO : EventManager : Event: ======'machine_var_audits_shots_holly_l'====== Args={'value': 96, 'prev_value': None, 'change': True}
2025-11-16 17:46:46,518 : INFO : EventManager : Event: ======'machine_var_audits_shots_holly_l1'====== Args={'value': 75, 'prev_value': None, 'change': True}
2025-11-16 17:46:46,518 : INFO : EventManager : Event: ======'machine_var_audits_shots_holly_o'====== Args={'value': 60, 'prev_value': None, 'change': True}
2025-11-16 17:46:46,518 : INFO : EventManager : Event: ======'machine_var_audits_shots_holly_y'====== Args={'value': 27, 'prev_value': None, 'change': True}
2025-11-16 17:46:46,518 : INFO : EventManager : Event: ======'machine_var_audits_switches_s_AirDuctEnter001'====== Args={'value': 13, 'prev_value': None, 'change': True}
2025-11-16 17:46:46,518 : INFO : EventManager : Event: ======'machine_var_audits_switches_s_airplane'====== Args={'value': 42, 'prev_value': None, 'change': True}
2025-11-16 17:46:46,518 : INFO : EventManager : Event: ======'machine_var_audits_switches_s_bottom_left_inner_drain'====== Args={'value': 102, 'prev_value': None, 'change': True}
2025-11-16 17:46:46,518 : INFO : EventManager : Event: ======'machine_var_audits_switches_s_bottom_left_outer_drain'====== Args={'value': 92, 'prev_value': None, 'change': True}
2025-11-16 17:46:46,518 : INFO : EventManager : Event: ======'machine_var_audits_switches_s_bottom_right_inner_drain'====== Args={'value': 126, 'prev_value': None, 'change': True}
2025-11-16 17:46:46,518 : INFO : EventManager : Event: ======'machine_var_audits_switches_s_bottom_right_outer_drain'====== Args={'value': 328, 'prev_value': None, 'change': True}
2025-11-16 17:46:46,518 : INFO : EventManager : Event: ======'machine_var_audits_switches_s_bottom_right_vuk'====== Args={'value': 1822, 'prev_value': None, 'change': True}
2025-11-16 17:46:46,518 : INFO : EventManager : Event: ======'machine_var_audits_switches_s_door'====== Args={'value': 59, 'prev_value': None, 'change': True}
2025-11-16 17:46:46,518 : INFO : EventManager : Event: ======'machine_var_audits_switches_s_door_tilt'====== Args={'value': 115, 'prev_value': None, 'change': True}
2025-11-16 17:46:46,518 : INFO : EventManager : Event: ======'machine_var_audits_switches_s_drop_target_1'====== Args={'value': 114, 'prev_value': None, 'change': True}
2025-11-16 17:46:46,518 : INFO : EventManager : Event: ======'machine_var_audits_switches_s_drop_target_2'====== Args={'value': 102, 'prev_value': None, 'change': True}
2025-11-16 17:46:46,518 : INFO : EventManager : Event: ======'machine_var_audits_switches_s_drop_target_3'====== Args={'value': 112, 'prev_value': None, 'change': True}
2025-11-16 17:46:46,518 : INFO : EventManager : Event: ======'machine_var_audits_switches_s_enter'====== Args={'value': 0, 'prev_value': None, 'change': True}
2025-11-16 17:46:46,518 : INFO : EventManager : Event: ======'machine_var_audits_switches_s_escape'====== Args={'value': 0, 'prev_value': None, 'change': True}
2025-11-16 17:46:46,518 : INFO : EventManager : Event: ======'machine_var_audits_switches_s_fire'====== Args={'value': 168, 'prev_value': None, 'change': True}
2025-11-16 17:46:46,518 : INFO : EventManager : Event: ======'machine_var_audits_switches_s_highvuk'====== Args={'value': 76, 'prev_value': None, 'change': True}
2025-11-16 17:46:46,518 : INFO : EventManager : Event: ======'machine_var_audits_switches_s_holly_h'====== Args={'value': 248, 'prev_value': None, 'change': True}
2025-11-16 17:46:46,518 : INFO : EventManager : Event: ======'machine_var_audits_switches_s_holly_l'====== Args={'value': 216, 'prev_value': None, 'change': True}
2025-11-16 17:46:46,518 : INFO : EventManager : Event: ======'machine_var_audits_switches_s_holly_l1'====== Args={'value': 75, 'prev_value': None, 'change': True}
2025-11-16 17:46:46,518 : INFO : EventManager : Event: ======'machine_var_audits_switches_s_holly_l_1'====== Args={'value': 93, 'prev_value': None, 'change': True}
2025-11-16 17:46:46,518 : INFO : EventManager : Event: ======'machine_var_audits_switches_s_holly_o'====== Args={'value': 176, 'prev_value': None, 'change': True}
2025-11-16 17:46:46,518 : INFO : EventManager : Event: ======'machine_var_audits_switches_s_holly_y'====== Args={'value': 71, 'prev_value': None, 'change': True}
2025-11-16 17:46:46,518 : INFO : EventManager : Event: ======'machine_var_audits_switches_s_left spinner'====== Args={'value': 1170, 'prev_value': None, 'change': True}
2025-11-16 17:46:46,518 : INFO : EventManager : Event: ======'machine_var_audits_switches_s_left_coin'====== Args={'value': 0, 'prev_value': None, 'change': True}
2025-11-16 17:46:46,518 : INFO : EventManager : Event: ======'machine_var_audits_switches_s_left_flipper'====== Args={'value': 1433, 'prev_value': None, 'change': True}
2025-11-16 17:46:46,520 : INFO : EventManager : Event: ======'machine_var_audits_switches_s_left_flipper_eos'====== Args={'value': 1372, 'prev_value': None, 'change': True}
2025-11-16 17:46:46,520 : INFO : EventManager : Event: ======'machine_var_audits_switches_s_left_inlane'====== Args={'value': 0, 'prev_value': None, 'change': True}
2025-11-16 17:46:46,520 : INFO : EventManager : Event: ======'machine_var_audits_switches_s_left_magna'====== Args={'value': 377, 'prev_value': None, 'change': True}
2025-11-16 17:46:46,520 : INFO : EventManager : Event: ======'machine_var_audits_switches_s_left_orbit'====== Args={'value': 335, 'prev_value': None, 'change': True}
2025-11-16 17:46:46,520 : INFO : EventManager : Event: ======'machine_var_audits_switches_s_left_orbit2'====== Args={'value': 0, 'prev_value': None, 'change': True}
2025-11-16 17:46:46,520 : INFO : EventManager : Event: ======'machine_var_audits_switches_s_left_outlane'====== Args={'value': 0, 'prev_value': None, 'change': True}
2025-11-16 17:46:46,520 : INFO : EventManager : Event: ======'machine_var_audits_switches_s_left_sling'====== Args={'value': 354, 'prev_value': None, 'change': True}
2025-11-16 17:46:46,520 : INFO : EventManager : Event: ======'machine_var_audits_switches_s_left_top_target'====== Args={'value': 76, 'prev_value': None, 'change': True}
2025-11-16 17:46:46,520 : INFO : EventManager : Event: ======'machine_var_audits_switches_s_mid_orbit'====== Args={'value': 0, 'prev_value': None, 'change': True}
2025-11-16 17:46:46,520 : INFO : EventManager : Event: ======'machine_var_audits_switches_s_middle_top_target'====== Args={'value': 42, 'prev_value': None, 'change': True}
2025-11-16 17:46:46,520 : INFO : EventManager : Event: ======'machine_var_audits_switches_s_minus'====== Args={'value': 0, 'prev_value': None, 'change': True}
2025-11-16 17:46:46,520 : INFO : EventManager : Event: ======'machine_var_audits_switches_s_nakatomi'====== Args={'value': 199, 'prev_value': None, 'change': True}
2025-11-16 17:46:46,520 : INFO : EventManager : Event: ======'machine_var_audits_switches_s_plunger_lane'====== Args={'value': 155, 'prev_value': None, 'change': True}
2025-11-16 17:46:46,520 : INFO : EventManager : Event: ======'machine_var_audits_switches_s_plus'====== Args={'value': 0, 'prev_value': None, 'change': True}
2025-11-16 17:46:46,520 : INFO : EventManager : Event: ======'machine_var_audits_switches_s_popbumper_left'====== Args={'value': 244, 'prev_value': None, 'change': True}
2025-11-16 17:46:46,520 : INFO : EventManager : Event: ======'machine_var_audits_switches_s_popbumper_right'====== Args={'value': 528, 'prev_value': None, 'change': True}
2025-11-16 17:46:46,520 : INFO : EventManager : Event: ======'machine_var_audits_switches_s_right spinner'====== Args={'value': 134, 'prev_value': None, 'change': True}
2025-11-16 17:46:46,520 : INFO : EventManager : Event: ======'machine_var_audits_switches_s_right_coin'====== Args={'value': 0, 'prev_value': None, 'change': True}
2025-11-16 17:46:46,520 : INFO : EventManager : Event: ======'machine_var_audits_switches_s_right_flipper'====== Args={'value': 1584, 'prev_value': None, 'change': True}
2025-11-16 17:46:46,520 : INFO : EventManager : Event: ======'machine_var_audits_switches_s_right_flipper_eos'====== Args={'value': 1535, 'prev_value': None, 'change': True}
2025-11-16 17:46:46,520 : INFO : EventManager : Event: ======'machine_var_audits_switches_s_right_inlane'====== Args={'value': 0, 'prev_value': None, 'change': True}
2025-11-16 17:46:46,520 : INFO : EventManager : Event: ======'machine_var_audits_switches_s_right_magna'====== Args={'value': 315, 'prev_value': None, 'change': True}
2025-11-16 17:46:46,520 : INFO : EventManager : Event: ======'machine_var_audits_switches_s_right_orbit'====== Args={'value': 250, 'prev_value': None, 'change': True}
2025-11-16 17:46:46,520 : INFO : EventManager : Event: ======'machine_var_audits_switches_s_right_orbit2'====== Args={'value': 0, 'prev_value': None, 'change': True}
2025-11-16 17:46:46,520 : INFO : EventManager : Event: ======'machine_var_audits_switches_s_right_outlane'====== Args={'value': 0, 'prev_value': None, 'change': True}
2025-11-16 17:46:46,520 : INFO : EventManager : Event: ======'machine_var_audits_switches_s_right_sling'====== Args={'value': 449, 'prev_value': None, 'change': True}
2025-11-16 17:46:46,520 : INFO : EventManager : Event: ======'machine_var_audits_switches_s_right_top_target'====== Args={'value': 38, 'prev_value': None, 'change': True}
2025-11-16 17:46:46,520 : INFO : EventManager : Event: ======'machine_var_audits_switches_s_safe_vuk'====== Args={'value': 354, 'prev_value': None, 'change': True}
2025-11-16 17:46:46,520 : INFO : EventManager : Event: ======'machine_var_audits_switches_s_start'====== Args={'value': 64, 'prev_value': None, 'change': True}
2025-11-16 17:46:46,520 : INFO : EventManager : Event: ======'machine_var_audits_switches_s_target_2'====== Args={'value': 0, 'prev_value': None, 'change': True}
2025-11-16 17:46:46,520 : INFO : EventManager : Event: ======'machine_var_audits_switches_s_target_3'====== Args={'value': 0, 'prev_value': None, 'change': True}
2025-11-16 17:46:46,520 : INFO : EventManager : Event: ======'machine_var_audits_switches_s_tilt_bob'====== Args={'value': 0, 'prev_value': None, 'change': True}
2025-11-16 17:46:46,520 : INFO : EventManager : Event: ======'machine_var_audits_switches_s_top_flipper_eos'====== Args={'value': 1373, 'prev_value': None, 'change': True}
2025-11-16 17:46:46,520 : INFO : EventManager : Event: ======'machine_var_audits_switches_s_top_flipper_hold'====== Args={'value': 0, 'prev_value': None, 'change': True}
2025-11-16 17:46:46,520 : INFO : EventManager : Event: ======'machine_var_audits_switches_s_trough1'====== Args={'value': 222, 'prev_value': None, 'change': True}
2025-11-16 17:46:46,520 : INFO : EventManager : Event: ======'machine_var_audits_switches_s_trough2'====== Args={'value': 116, 'prev_value': None, 'change': True}
2025-11-16 17:46:46,520 : INFO : EventManager : Event: ======'machine_var_audits_switches_s_trough3'====== Args={'value': 114, 'prev_value': None, 'change': True}
2025-11-16 17:46:46,520 : INFO : EventManager : Event: ======'machine_var_audits_switches_s_trough4'====== Args={'value': 118, 'prev_value': None, 'change': True}
2025-11-16 17:46:46,520 : INFO : EventManager : Event: ======'machine_var_audits_switches_s_trough5'====== Args={'value': 100, 'prev_value': None, 'change': True}
2025-11-16 17:46:46,520 : INFO : EventManager : Event: ======'machine_var_audits_switches_s_trough6'====== Args={'value': 100, 'prev_value': None, 'change': True}
2025-11-16 17:46:46,520 : INFO : EventManager : Event: ======'machine_var_audits_switches_s_trough_jam'====== Args={'value': 169, 'prev_value': None, 'change': True}
2025-11-16 17:46:46,520 : INFO : EventManager : Event: ======'machine_var_audits_switches_s_tunel_vuk'====== Args={'value': 225, 'prev_value': None, 'change': True}
2025-11-16 17:46:46,520 : INFO : EventManager : Event: ======'machine_var_audits_switches_s_upper_pf_entrance'====== Args={'value': 0, 'prev_value': None, 'change': True}
2025-11-16 17:46:46,520 : INFO : EventManager : Event: ======'machine_var_audits_switches_swPlunger'====== Args={'value': 16, 'prev_value': None, 'change': True}
2025-11-16 17:46:46,520 : INFO : EventManager : Event: ======'machine_var_audits_switches_s_targetl'====== Args={'value': 0, 'prev_value': None, 'change': True}
2025-11-16 17:46:46,520 : INFO : EventManager : Event: ======'machine_var_audits_switches_s_UrampUp001'====== Args={'value': 0, 'prev_value': None, 'change': True}
2025-11-16 17:46:46,520 : INFO : EventManager : Event: ======'machine_var_audits_switches_s_trmagr'====== Args={'value': 0, 'prev_value': None, 'change': True}
2025-11-16 17:46:46,520 : INFO : EventManager : Event: ======'machine_var_audits_switches_s_kickervault1'====== Args={'value': 0, 'prev_value': None, 'change': True}
2025-11-16 17:46:46,520 : INFO : EventManager : Event: ======'machine_var_audits_switches_s_left_slingshot'====== Args={'value': 0, 'prev_value': None, 'change': True}
2025-11-16 17:46:46,520 : INFO : EventManager : Event: ======'machine_var_audits_switches_s_swleftinlane'====== Args={'value': 0, 'prev_value': None, 'change': True}
2025-11-16 17:46:46,520 : INFO : EventManager : Event: ======'machine_var_audits_switches_s_captiveball'====== Args={'value': 0, 'prev_value': None, 'change': True}
2025-11-16 17:46:46,520 : INFO : EventManager : Event: ======'machine_var_audits_switches_s_swrightinlane'====== Args={'value': 0, 'prev_value': None, 'change': True}
2025-11-16 17:46:46,520 : INFO : EventManager : Event: ======'machine_var_audits_switches_s_targetl2'====== Args={'value': 0, 'prev_value': None, 'change': True}
2025-11-16 17:46:46,520 : INFO : EventManager : Event: ======'machine_var_audits_switches_s_swrightorb2'====== Args={'value': 0, 'prev_value': None, 'change': True}
2025-11-16 17:46:46,520 : INFO : EventManager : Event: ======'machine_var_audits_switches_s_trmagl'====== Args={'value': 0, 'prev_value': None, 'change': True}
2025-11-16 17:46:46,520 : INFO : EventManager : Event: ======'machine_var_audits_switches_s_towervuk'====== Args={'value': 0, 'prev_value': None, 'change': True}
2025-11-16 17:46:46,520 : INFO : EventManager : Event: ======'machine_var_audits_switches_s_rightkicker'====== Args={'value': 0, 'prev_value': None, 'change': True}
2025-11-16 17:46:46,520 : INFO : EventManager : Event: ======'machine_var_audits_switches_s_right_slingshot'====== Args={'value': 0, 'prev_value': None, 'change': True}
2025-11-16 17:46:46,520 : INFO : EventManager : Event: ======'machine_var_audits_switches_s_targeth'====== Args={'value': 0, 'prev_value': None, 'change': True}
2025-11-16 17:46:46,520 : INFO : EventManager : Event: ======'machine_var_audits_switches_s_spinnerleft'====== Args={'value': 0, 'prev_value': None, 'change': True}
2025-11-16 17:46:46,520 : INFO : EventManager : Event: ======'machine_var_audits_switches_s_target003'====== Args={'value': 0, 'prev_value': None, 'change': True}
2025-11-16 17:46:46,520 : INFO : EventManager : Event: ======'machine_var_audits_switches_s_swmidorb'====== Args={'value': 0, 'prev_value': None, 'change': True}
2025-11-16 17:46:46,520 : INFO : EventManager : Event: ======'machine_var_audits_switches_s_targeto'====== Args={'value': 0, 'prev_value': None, 'change': True}
2025-11-16 17:46:46,520 : INFO : EventManager : Event: ======'machine_var_audits_switches_s_push_drop_target_5'====== Args={'value': 0, 'prev_value': None, 'change': True}
2025-11-16 17:46:46,520 : INFO : EventManager : Event: ======'machine_var_audits_switches_s_swleftoutlane'====== Args={'value': 0, 'prev_value': None, 'change': True}
2025-11-16 17:46:46,520 : INFO : EventManager : Event: ======'machine_var_audits_switches_s_spinnerright'====== Args={'value': 0, 'prev_value': None, 'change': True}
2025-11-16 17:46:46,520 : INFO : EventManager : Event: ======'machine_var_audits_switches_s_push_drop_target_4'====== Args={'value': 0, 'prev_value': None, 'change': True}
2025-11-16 17:46:46,520 : INFO : EventManager : Event: ======'machine_var_audits_switches_s_rightvuk'====== Args={'value': 0, 'prev_value': None, 'change': True}
2025-11-16 17:46:46,520 : INFO : EventManager : Event: ======'machine_var_audits_switches_s_swrightorb1'====== Args={'value': 0, 'prev_value': None, 'change': True}
2025-11-16 17:46:46,520 : INFO : EventManager : Event: ======'machine_var_audits_switches_s_TrPF1'====== Args={'value': 0, 'prev_value': None, 'change': True}
2025-11-16 17:46:46,520 : INFO : EventManager : Event: ======'machine_var_audits_switches_s_TrPF3'====== Args={'value': 0, 'prev_value': None, 'change': True}
2025-11-16 17:46:46,520 : INFO : EventManager : Event: ======'machine_var_audits_switches_s_swrightoutlane'====== Args={'value': 0, 'prev_value': None, 'change': True}
2025-11-16 17:46:46,520 : INFO : EventManager : Event: ======'machine_var_audits_switches_s_swleftorb1'====== Args={'value': 0, 'prev_value': None, 'change': True}
2025-11-16 17:46:46,520 : INFO : EventManager : Event: ======'machine_var_audits_switches_s_TrPF2'====== Args={'value': 0, 'prev_value': None, 'change': True}
2025-11-16 17:46:46,522 : INFO : EventManager : Event: ======'machine_var_audits_switches_s_swDivParkp'====== Args={'value': 0, 'prev_value': None, 'change': True}
2025-11-16 17:46:46,522 : INFO : EventManager : Event: ======'machine_var_audits_switches_s_swleftorb2'====== Args={'value': 0, 'prev_value': None, 'change': True}
2025-11-16 17:46:46,522 : INFO : EventManager : Event: ======'machine_var_audits_switches_s_target002'====== Args={'value': 0, 'prev_value': None, 'change': True}
2025-11-16 17:46:46,522 : INFO : EventManager : Event: ======'machine_var_audits_switches_s_target004'====== Args={'value': 0, 'prev_value': None, 'change': True}
2025-11-16 17:46:46,522 : INFO : EventManager : Event: ======'machine_var_audits_switches_s_targety'====== Args={'value': 0, 'prev_value': None, 'change': True}
2025-11-16 17:46:46,522 : INFO : EventManager : Event: ======'machine_var_audits_switches_s_nakatomi_lock_ball_count'====== Args={'value': 0, 'prev_value': None, 'change': True}
2025-11-16 17:46:46,522 : INFO : EventManager : Event: ======'init_phase_5'====== Args={}
2025-11-16 17:46:46,522 : INFO : EventManager : Event: ======'init_done'====== Args={}
2025-11-16 17:46:46,523 : INFO : EventManager : Event: ======'machine_reset_phase_1'====== Args={}
2025-11-16 17:46:46,523 : INFO : EventManager : Event: ======'machine_reset_phase_2'====== Args={}
2025-11-16 17:46:46,525 : INFO : EventManager : Event: ======'machine_reset_phase_3'====== Args={}
2025-11-16 17:46:46,525 : INFO : drop_target_bank.bank : All targets are already up. Will not reset bank.
2025-11-16 17:46:46,525 : INFO : drop_target_bank.bank1 : All targets are already up. Will not reset bank.
2025-11-16 17:46:46,525 : INFO : drop_target_bank.bank2 : All targets are already up. Will not reset bank.
2025-11-16 17:46:46,525 : INFO : EventManager : Event: ======'reset_complete'====== Args={}
2025-11-16 17:46:46,526 : INFO : EventManager : Event: ======'mode_attract_will_start'====== Args={}
2025-11-16 17:46:46,526 : INFO : EventManager : Event: ======'mode_attract_starting'====== Args={}
2025-11-16 17:46:46,526 : INFO : Mode.attract : Started. Priority: 10
2025-11-16 17:46:46,526 : INFO : EventManager : Event: ======'modes_active_modes_changed'====== Args={}
2025-11-16 17:46:46,526 : INFO : EventManager : Event: ======'mode_attract_started'====== Args={}
2025-11-16 17:46:46,526 : INFO : EventManager : Event: ======'collecting_balls_complete'====== Args={}
2025-11-16 17:46:46,526 : INFO : Machine : Starting the main run loop with active modes: [<Mode.attract>]
2025-11-16 17:46:52,973 : INFO : SwitchController : <<<<<<< 's_start' active >>>>>>>
2025-11-16 17:46:53,083 : INFO : SwitchController : <<<<<<< 's_start' inactive >>>>>>>
2025-11-16 17:46:53,083 : INFO : EventManager : Event: ======'request_to_start_game'====== Args={}
2025-11-16 17:46:53,083 : INFO : EventManager : Event: ======'game_start'====== Args={'buttons': [], 'hold_time': 0.10900000000037835}
2025-11-16 17:46:53,083 : INFO : EventManager : Event: ======'mode_game_will_start'====== Args={'buttons': [], 'hold_time': 0.10900000000037835}
2025-11-16 17:46:53,083 : INFO : EventManager : Event: ======'mode_game_starting'====== Args={'buttons': [], 'hold_time': 0.10900000000037835}
2025-11-16 17:46:53,083 : INFO : EventManager : Event: ======'mode_attract_will_stop'====== Args={}
2025-11-16 17:46:53,083 : INFO : EventManager : Event: ======'mode_attract_stopping'====== Args={}
2025-11-16 17:46:53,083 : INFO : Mode.attract : Stopped.
2025-11-16 17:46:53,083 : INFO : EventManager : Event: ======'modes_active_modes_changed'====== Args={}
2025-11-16 17:46:53,083 : INFO : EventManager : Event: ======'mode_attract_stopped'====== Args={}
2025-11-16 17:46:53,083 : INFO : EventManager : Event: ======'clear'====== Args={'key': 'attract'}
2025-11-16 17:46:53,083 : INFO : Mode.game : Started. Priority: 20
2025-11-16 17:46:53,083 : INFO : EventManager : Event: ======'modes_active_modes_changed'====== Args={}
2025-11-16 17:46:53,083 : INFO : EventManager : Event: ======'mode_game_started'====== Args={'buttons': [], 'hold_time': 0.10900000000037835}
2025-11-16 17:46:53,085 : INFO : EventManager : Event: ======'game_will_start'====== Args={}
2025-11-16 17:46:53,085 : INFO : EventManager : Event: ======'game_starting'====== Args={'game': <Mode.game>}
2025-11-16 17:46:53,086 : INFO : EventManager : Unordered handler for class <Auditor> on event game_ended with priority 1. Handlers: [RegisteredHandler(callback=<bound method Auditor.disable of <Auditor>>, priority=1, kwargs={}, key=UUID('556f6aa7-2561-45e9-b0cd-1e166323c78a'), condition=None, blocking_facility=None), RegisteredHandler(callback=<bound method Auditor._save_audits of <Auditor>>, priority=1, kwargs={}, key=UUID('052bedbc-2822-4e51-92f2-ccce0bea438c'), condition=None, blocking_facility=None)]. The order of those handlers is not defined and they will be executed in random order. This might lead to race conditions and potential bugs.
2025-11-16 17:46:53,086 : INFO : EventManager : Event: ======'player_add_request'====== Args={}
2025-11-16 17:46:53,086 : INFO : EventManager : Event: ======'player_will_add'====== Args={'number': 1}
2025-11-16 17:46:53,086 : INFO : EventManager : Event: ======'player_adding'====== Args={'player': <Player 1>, 'number': 1}
2025-11-16 17:46:53,086 : INFO : EventManager : Event: ======'player_added'====== Args={'player': <Player 1>, 'num': 1}
2025-11-16 17:46:53,086 : INFO : Mode.game : Player added successfully. Total players: 1
2025-11-16 17:46:53,086 : INFO : EventManager : Event: ======'player_index'====== Args={'value': 0, 'prev_value': 0, 'change': 0, 'player_num': 1}
2025-11-16 17:46:53,086 : INFO : EventManager : Event: ======'player_number'====== Args={'value': 1, 'prev_value': 1, 'change': 0, 'player_num': 1}
2025-11-16 17:46:53,086 : INFO : EventManager : Event: ======'player_score'====== Args={'value': 0, 'prev_value': 0, 'change': 0, 'player_num': 1}
2025-11-16 17:46:53,086 : INFO : EventManager : Event: ======'game_started'====== Args={}
2025-11-16 17:46:53,086 : INFO : EventManager : Event: ======'player_turn_will_start'====== Args={'player': <Player 1>, 'number': 1}
2025-11-16 17:46:53,092 : INFO : EventManager : Event: ======'player_turn_starting'====== Args={'player': <Player 1>, 'number': 1}
2025-11-16 17:46:53,092 : INFO : EventManager : Event: ======'player_ball'====== Args={'value': 1, 'prev_value': 0, 'change': 1, 'player_num': 1}
2025-11-16 17:46:53,092 : INFO : EventManager : Event: ======'player_turn_started'====== Args={'player': <Player 1>, 'number': 1}
2025-11-16 17:46:53,092 : INFO : EventManager : Event: ======'ball_will_start'====== Args={'player': 1, 'ball': 1, 'balls_remaining': 2, 'is_extra_ball': False}
2025-11-16 17:46:53,093 : INFO : EventManager : Event: ======'ball_starting'====== Args={'player': 1, 'ball': 1, 'balls_remaining': 2, 'is_extra_ball': False}
2025-11-16 17:46:53,093 : INFO : drop_target_bank.bank : All targets are already up. Will not reset bank.
2025-11-16 17:46:53,093 : INFO : drop_target_bank.bank1 : All targets are already up. Will not reset bank.
2025-11-16 17:46:53,093 : INFO : drop_target_bank.bank2 : All targets are already up. Will not reset bank.
2025-11-16 17:46:53,093 : INFO : EventManager : Event: ======'balls_in_play'====== Args={'balls': 1}
2025-11-16 17:46:53,093 : INFO : EventManager : Event: ======'ball_started'====== Args={'player': 1, 'ball': 1, 'balls_remaining': 2, 'is_extra_ball': False}
2025-11-16 17:46:53,093 : INFO : EventManager : Event: ======'mode_score_will_start'====== Args={'player': 1, 'ball': 1, 'balls_remaining': 2, 'is_extra_ball': False}
2025-11-16 17:46:53,093 : INFO : EventManager : Event: ======'mode_score_starting'====== Args={'player': 1, 'ball': 1, 'balls_remaining': 2, 'is_extra_ball': False}
2025-11-16 17:46:53,093 : INFO : EventManager : Event: ======'mode_holly_will_start'====== Args={'player': 1, 'ball': 1, 'balls_remaining': 2, 'is_extra_ball': False}
2025-11-16 17:46:53,093 : INFO : EventManager : Event: ======'player_shot_targeth_enabled'====== Args={'value': True, 'prev_value': 0, 'change': 1, 'player_num': 1}
2025-11-16 17:46:53,095 : INFO : EventManager : Event: ======'player_shot_targeto_enabled'====== Args={'value': True, 'prev_value': 0, 'change': 1, 'player_num': 1}
2025-11-16 17:46:53,095 : INFO : EventManager : Event: ======'player_shot_targetl_enabled'====== Args={'value': True, 'prev_value': 0, 'change': 1, 'player_num': 1}
2025-11-16 17:46:53,095 : INFO : EventManager : Event: ======'player_shot_targetl2_enabled'====== Args={'value': True, 'prev_value': 0, 'change': 1, 'player_num': 1}
2025-11-16 17:46:53,095 : INFO : EventManager : Event: ======'player_shot_targety_enabled'====== Args={'value': True, 'prev_value': 0, 'change': 1, 'player_num': 1}
2025-11-16 17:46:53,095 : INFO : EventManager : Event: ======'holly_targets_complete'====== Args={'state': 'off'}
2025-11-16 17:46:53,095 : INFO : EventManager : Event: ======'holly_targets_off_complete'====== Args={}
2025-11-16 17:46:53,095 : INFO : EventManager : Event: ======'mode_holly_starting'====== Args={'player': 1, 'ball': 1, 'balls_remaining': 2, 'is_extra_ball': False}
2025-11-16 17:46:53,095 : INFO : EventManager : Event: ======'mode_base_will_start'====== Args={'player': 1, 'ball': 1, 'balls_remaining': 2, 'is_extra_ball': False}
2025-11-16 17:46:53,095 : INFO : EventManager : Event: ======'mode_base_starting'====== Args={'player': 1, 'ball': 1, 'balls_remaining': 2, 'is_extra_ball': False}
2025-11-16 17:46:53,095 : INFO : Mode.base : Started. Priority: 100
2025-11-16 17:46:53,095 : INFO : EventManager : Event: ======'modes_active_modes_changed'====== Args={}
2025-11-16 17:46:53,095 : INFO : EventManager : Event: ======'mode_base_started'====== Args={'player': 1, 'ball': 1, 'balls_remaining': 2, 'is_extra_ball': False}
2025-11-16 17:46:53,095 : INFO : Mode.holly : Started. Priority: 110
2025-11-16 17:46:53,095 : INFO : EventManager : Event: ======'modes_active_modes_changed'====== Args={}
2025-11-16 17:46:53,095 : INFO : EventManager : Event: ======'mode_holly_started'====== Args={'player': 1, 'ball': 1, 'balls_remaining': 2, 'is_extra_ball': False}
2025-11-16 17:46:53,095 : INFO : Mode.score : Started. Priority: 110
2025-11-16 17:46:53,095 : INFO : EventManager : Event: ======'modes_active_modes_changed'====== Args={}
2025-11-16 17:46:53,095 : INFO : EventManager : Event: ======'mode_score_started'====== Args={'player': 1, 'ball': 1, 'balls_remaining': 2, 'is_extra_ball': False}
2025-11-16 17:46:53,097 : INFO : EventManager : Event: ======'single_player_ball_started'====== Args={}
2025-11-16 17:46:53,097 : INFO : EventManager : Event: ======'ball_start_target'====== Args={'target': 'playfield'}
2025-11-16 17:46:53,097 : INFO : ball_device.bd_plunger : Setting up player-controlled eject. Balls: 1, Target: <playfield.playfield>, player_controlled_eject_event: s_fire_active
2025-11-16 17:46:53,099 : INFO : EventManager : Event: ======'balldevice_balls_available'====== Args={}
2025-11-16 17:46:53,100 : INFO : ball_device.bd_trough : State: waiting_for_target_ready
2025-11-16 17:46:53,100 : INFO : EventManager : Event: ======'balldevice_bd_trough_ball_eject_attempt'====== Args={'balls': 1, 'target': <ball_device.bd_plunger>, 'source': <ball_device.bd_trough>, 'mechanical_eject': True, 'num_attempts': 0}
2025-11-16 17:46:53,100 : INFO : ball_device.bd_plunger : State: waiting_for_ball
2025-11-16 17:46:53,100 : INFO : ball_device.bd_trough : State: ejecting
2025-11-16 17:46:53,100 : INFO : ball_device.bd_trough : Ejecting ball to <ball_device.bd_plunger>
2025-11-16 17:46:53,100 : INFO : EventManager : Event: ======'balldevice_bd_trough_ejecting_ball'====== Args={'balls': 1, 'target': <ball_device.bd_plunger>, 'source': <ball_device.bd_trough>, 'mechanical_eject': True, 'num_attempts': 0}
2025-11-16 17:46:53,100 : INFO : ball_device.bd_trough : Wait for ball to leave device
2025-11-16 17:46:53,100 : INFO : coil.c_trough_eject : Pulsing Driver for 20ms (1.0 pulse_power)
2025-11-16 17:46:53,145 : INFO : SwitchController : <<<<<<< 's_trough_jam' active >>>>>>>
2025-11-16 17:46:53,145 : INFO : EventManager : Event: ======'machine_var_audits_switches_s_trough_jam'====== Args={'value': 170, 'prev_value': 169, 'change': 1}
2025-11-16 17:46:53,145 : INFO : SwitchController : <<<<<<< 's_trough_jam' inactive >>>>>>>
2025-11-16 17:46:53,319 : INFO : SwitchController : <<<<<<< 's_trough3' inactive >>>>>>>
2025-11-16 17:46:53,319 : INFO : SwitchController : <<<<<<< 's_trough5' inactive >>>>>>>
2025-11-16 17:46:53,319 : INFO : SwitchController : <<<<<<< 's_trough2' inactive >>>>>>>
2025-11-16 17:46:53,319 : INFO : SwitchController : <<<<<<< 's_trough4' inactive >>>>>>>
2025-11-16 17:46:53,320 : INFO : ball_device.bd_trough : State: ball_left
2025-11-16 17:46:53,320 : INFO : ball_device.bd_trough : Ball left
2025-11-16 17:46:53,320 : INFO : ball_device.bd_trough : Wait for confirm with timeout 10.0
2025-11-16 17:46:53,444 : INFO : SwitchController : <<<<<<< 's_trough4' active >>>>>>>
2025-11-16 17:46:53,444 : INFO : EventManager : Event: ======'machine_var_audits_switches_s_trough4'====== Args={'value': 119, 'prev_value': 118, 'change': 1}
2025-11-16 17:46:53,444 : INFO : SwitchController : <<<<<<< 's_trough2' active >>>>>>>
2025-11-16 17:46:53,444 : INFO : EventManager : Event: ======'machine_var_audits_switches_s_trough2'====== Args={'value': 117, 'prev_value': 116, 'change': 1}
2025-11-16 17:46:53,444 : INFO : SwitchController : <<<<<<< 's_trough3' active >>>>>>>
2025-11-16 17:46:53,444 : INFO : EventManager : Event: ======'machine_var_audits_switches_s_trough3'====== Args={'value': 115, 'prev_value': 114, 'change': 1}
2025-11-16 17:46:53,648 : INFO : SwitchController : <<<<<<< 's_plunger_lane' active >>>>>>>
2025-11-16 17:46:53,648 : INFO : EventManager : Event: ======'machine_var_audits_switches_s_plunger_lane'====== Args={'value': 156, 'prev_value': 155, 'change': 1}
2025-11-16 17:46:54,136 : INFO : ball_device.bd_plunger : Received ball from <ball_device.bd_trough>
2025-11-16 17:46:54,136 : INFO : EventManager : Event: ======'balldevice_bd_plunger_ball_enter'====== Args={'new_balls': 1, 'unclaimed_balls': 0, 'new_available_balls': 0, 'device': <ball_device.bd_plunger>}
2025-11-16 17:46:54,137 : INFO : EventManager : Event: ======'balldevice_bd_plunger_ball_entered'====== Args={'new_balls': 0, 'device': <ball_device.bd_plunger>}
2025-11-16 17:46:54,137 : INFO : EventManager : Event: ======'balldevice_bd_plunger_ball_count_changed'====== Args={'balls': 1}
2025-11-16 17:46:54,137 : INFO : ball_device.bd_trough : Got eject confirm
2025-11-16 17:46:54,137 : INFO : ball_device.bd_trough : Eject successful
2025-11-16 17:46:54,137 : INFO : EventManager : Event: ======'balldevice_bd_trough_ball_eject_success'====== Args={'balls': 1, 'target': <ball_device.bd_plunger>}
2025-11-16 17:46:54,137 : INFO : ball_device.bd_plunger : State: waiting_for_target_ready
2025-11-16 17:46:54,137 : INFO : EventManager : Event: ======'balldevice_bd_plunger_ball_eject_attempt'====== Args={'balls': 1, 'target': <playfield.playfield>, 'source': <ball_device.bd_plunger>, 'mechanical_eject': True, 'num_attempts': 0}
2025-11-16 17:46:54,137 : INFO : EventManager : Event: ======'balldevice_bd_trough_ball_count_changed'====== Args={'balls': 4}
2025-11-16 17:46:54,137 : INFO : ball_device.bd_trough : State: idle
2025-11-16 17:46:54,138 : INFO : ball_device.bd_plunger : State: ejecting
2025-11-16 17:46:54,138 : INFO : ball_device.bd_plunger : Ejecting ball to <playfield.playfield>
2025-11-16 17:46:54,138 : INFO : EventManager : Event: ======'balldevice_bd_plunger_ejecting_ball'====== Args={'balls': 1, 'target': <playfield.playfield>, 'source': <ball_device.bd_plunger>, 'mechanical_eject': True, 'num_attempts': 0}
2025-11-16 17:46:54,138 : INFO : ball_device.bd_plunger : Wait for ball to leave device
2025-11-16 17:47:53,702 : INFO : SwitchController : <<<<<<< 's_fire' active >>>>>>>
2025-11-16 17:47:53,702 : INFO : EventManager : Event: ======'s_fire_active'====== Args={}
2025-11-16 17:47:53,702 : INFO : EventManager : Event: ======'machine_var_audits_switches_s_fire'====== Args={'value': 169, 'prev_value': 168, 'change': 1}
2025-11-16 17:47:53,703 : INFO : coil.c_plunger : Pulsing Driver for 40ms (1.0 pulse_power)
2025-11-16 17:47:53,750 : INFO : SwitchController : <<<<<<< 's_plunger_lane' inactive >>>>>>>
2025-11-16 17:47:53,750 : INFO : ball_device.bd_plunger : State: ball_left
2025-11-16 17:47:53,750 : INFO : ball_device.bd_plunger : Ball left
2025-11-16 17:47:53,750 : INFO : ball_device.bd_plunger : Wait for confirm with timeout 10.0
2025-11-16 17:47:53,845 : INFO : SwitchController : <<<<<<< 's_fire' inactive >>>>>>>
2025-11-16 17:47:54,632 : INFO : SwitchController : <<<<<<< 's_swleftorb2' active >>>>>>>
2025-11-16 17:47:54,632 : INFO : EventManager : Event: ======'sw_playfield_active'====== Args={}
2025-11-16 17:47:54,632 : INFO : EventManager : Event: ======'machine_var_audits_switches_s_swleftorb2'====== Args={'value': 1, 'prev_value': 0, 'change': 1}
2025-11-16 17:47:54,633 : INFO : EventManager : Event: ======'playfield_active'====== Args={'source': None}
2025-11-16 17:47:54,633 : INFO : ball_device.bd_plunger : Got eject confirm
2025-11-16 17:47:54,633 : INFO : ball_device.bd_plunger : Eject successful
2025-11-16 17:47:54,633 : INFO : EventManager : Event: ======'balldevice_bd_plunger_ball_eject_success'====== Args={'balls': 1, 'target': <playfield.playfield>}
2025-11-16 17:47:54,633 : INFO : EventManager : Event: ======'balldevice_playfield_ball_enter'====== Args={'new_balls': 1, 'unclaimed_balls': 1, 'device': <playfield.playfield>}
2025-11-16 17:47:54,633 : INFO : EventManager : Event: ======'playfield_ball_count_change'====== Args={'balls': 1, 'change': 1}
2025-11-16 17:47:54,634 : INFO : EventManager : Event: ======'balldevice_bd_plunger_ball_count_changed'====== Args={'balls': 0}
2025-11-16 17:47:54,634 : INFO : ball_device.bd_plunger : State: idle
2025-11-16 17:47:54,679 : INFO : SwitchController : <<<<<<< 's_swleftorb2' inactive >>>>>>>
2025-11-16 17:47:55,071 : INFO : SwitchController : <<<<<<< 's_swleftorb1' active >>>>>>>
2025-11-16 17:47:55,071 : INFO : EventManager : Event: ======'machine_var_audits_switches_s_swleftorb1'====== Args={'value': 1, 'prev_value': 0, 'change': 1}
2025-11-16 17:47:55,087 : INFO : SwitchController : <<<<<<< 's_swleftorb1' inactive >>>>>>>
2025-11-16 17:47:55,198 : INFO : SwitchController : <<<<<<< 's_spinnerleft' active >>>>>>>
2025-11-16 17:47:55,198 : INFO : EventManager : Event: ======'machine_var_audits_switches_s_spinnerleft'====== Args={'value': 1, 'prev_value': 0, 'change': 1}
2025-11-16 17:47:55,260 : INFO : SwitchController : <<<<<<< 's_spinnerleft' inactive >>>>>>>
2025-11-16 17:47:55,386 : INFO : SwitchController : <<<<<<< 's_spinnerleft' active >>>>>>>
2025-11-16 17:47:55,386 : INFO : EventManager : Event: ======'machine_var_audits_switches_s_spinnerleft'====== Args={'value': 2, 'prev_value': 1, 'change': 1}
2025-11-16 17:47:55,513 : INFO : SwitchController : <<<<<<< 's_spinnerleft' inactive >>>>>>>
2025-11-16 17:47:55,685 : INFO : SwitchController : <<<<<<< 's_left_flipper' active >>>>>>>
2025-11-16 17:47:55,685 : INFO : EventManager : Event: ======'machine_var_audits_switches_s_left_flipper'====== Args={'value': 1434, 'prev_value': 1433, 'change': 1}
2025-11-16 17:47:55,718 : INFO : SwitchController : <<<<<<< 's_left_flipper_eos' active >>>>>>>
2025-11-16 17:47:55,718 : INFO : EventManager : Event: ======'machine_var_audits_switches_s_left_flipper_eos'====== Args={'value': 1373, 'prev_value': 1372, 'change': 1}
2025-11-16 17:47:56,486 : INFO : SwitchController : <<<<<<< 's_left_flipper' inactive >>>>>>>
2025-11-16 17:47:56,581 : INFO : SwitchController : <<<<<<< 's_left_flipper_eos' inactive >>>>>>>
2025-11-16 17:47:56,708 : INFO : SwitchController : <<<<<<< 's_AirDuctEnter001' active >>>>>>>
2025-11-16 17:47:56,708 : INFO : EventManager : Event: ======'machine_var_audits_switches_s_AirDuctEnter001'====== Args={'value': 14, 'prev_value': 13, 'change': 1}
2025-11-16 17:47:56,848 : INFO : SwitchController : <<<<<<< 's_AirDuctEnter001' inactive >>>>>>>
2025-11-16 17:47:58,294 : INFO : SwitchController : <<<<<<< 's_swrightinlane' active >>>>>>>
2025-11-16 17:47:58,294 : INFO : EventManager : Event: ======'machine_var_audits_switches_s_swrightinlane'====== Args={'value': 1, 'prev_value': 0, 'change': 1}
2025-11-16 17:47:58,450 : INFO : SwitchController : <<<<<<< 's_swrightinlane' inactive >>>>>>>
2025-11-16 17:47:59,270 : INFO : SwitchController : <<<<<<< 's_right_flipper' active >>>>>>>
2025-11-16 17:47:59,270 : INFO : EventManager : Event: ======'machine_var_audits_switches_s_right_flipper'====== Args={'value': 1585, 'prev_value': 1584, 'change': 1}
2025-11-16 17:47:59,567 : INFO : SwitchController : <<<<<<< 's_spinnerleft' active >>>>>>>
2025-11-16 17:47:59,567 : INFO : EventManager : Event: ======'machine_var_audits_switches_s_spinnerleft'====== Args={'value': 3, 'prev_value': 2, 'change': 1}
2025-11-16 17:47:59,583 : INFO : SwitchController : <<<<<<< 's_spinnerleft' inactive >>>>>>>
2025-11-16 17:47:59,598 : INFO : SwitchController : <<<<<<< 's_swleftorb1' active >>>>>>>
2025-11-16 17:47:59,598 : INFO : EventManager : Event: ======'machine_var_audits_switches_s_swleftorb1'====== Args={'value': 2, 'prev_value': 1, 'change': 1}
2025-11-16 17:47:59,614 : INFO : SwitchController : <<<<<<< 's_swleftorb1' inactive >>>>>>>
2025-11-16 17:47:59,630 : INFO : SwitchController : <<<<<<< 's_spinnerleft' active >>>>>>>
2025-11-16 17:47:59,630 : INFO : EventManager : Event: ======'machine_var_audits_switches_s_spinnerleft'====== Args={'value': 4, 'prev_value': 3, 'change': 1}
2025-11-16 17:47:59,645 : INFO : SwitchController : <<<<<<< 's_spinnerleft' inactive >>>>>>>
2025-11-16 17:47:59,692 : INFO : SwitchController : <<<<<<< 's_spinnerleft' active >>>>>>>
2025-11-16 17:47:59,692 : INFO : EventManager : Event: ======'machine_var_audits_switches_s_spinnerleft'====== Args={'value': 5, 'prev_value': 4, 'change': 1}
2025-11-16 17:47:59,723 : INFO : SwitchController : <<<<<<< 's_spinnerleft' inactive >>>>>>>
2025-11-16 17:47:59,770 : INFO : SwitchController : <<<<<<< 's_spinnerleft' active >>>>>>>
2025-11-16 17:47:59,770 : INFO : EventManager : Event: ======'machine_var_audits_switches_s_spinnerleft'====== Args={'value': 6, 'prev_value': 5, 'change': 1}
2025-11-16 17:47:59,801 : INFO : SwitchController : <<<<<<< 's_spinnerleft' inactive >>>>>>>
2025-11-16 17:47:59,817 : INFO : SwitchController : <<<<<<< 's_right_flipper' inactive >>>>>>>
2025-11-16 17:47:59,833 : INFO : SwitchController : <<<<<<< 's_swleftorb2' active >>>>>>>
2025-11-16 17:47:59,833 : INFO : EventManager : Event: ======'sw_playfield_active'====== Args={}
2025-11-16 17:47:59,833 : INFO : EventManager : Event: ======'machine_var_audits_switches_s_swleftorb2'====== Args={'value': 2, 'prev_value': 1, 'change': 1}
2025-11-16 17:47:59,849 : INFO : SwitchController : <<<<<<< 's_spinnerleft' active >>>>>>>
2025-11-16 17:47:59,849 : INFO : EventManager : Event: ======'machine_var_audits_switches_s_spinnerleft'====== Args={'value': 7, 'prev_value': 6, 'change': 1}
2025-11-16 17:47:59,865 : INFO : SwitchController : <<<<<<< 's_swleftorb2' inactive >>>>>>>
2025-11-16 17:47:59,881 : INFO : SwitchController : <<<<<<< 's_spinnerleft' inactive >>>>>>>
2025-11-16 17:47:59,944 : INFO : SwitchController : <<<<<<< 's_spinnerleft' active >>>>>>>
2025-11-16 17:47:59,944 : INFO : EventManager : Event: ======'machine_var_audits_switches_s_spinnerleft'====== Args={'value': 8, 'prev_value': 7, 'change': 1}
2025-11-16 17:47:59,992 : INFO : SwitchController : <<<<<<< 's_spinnerleft' inactive >>>>>>>
2025-11-16 17:48:00,087 : INFO : SwitchController : <<<<<<< 's_spinnerleft' active >>>>>>>
2025-11-16 17:48:00,087 : INFO : EventManager : Event: ======'machine_var_audits_switches_s_spinnerleft'====== Args={'value': 9, 'prev_value': 8, 'change': 1}
2025-11-16 17:48:00,150 : INFO : SwitchController : <<<<<<< 's_spinnerleft' inactive >>>>>>>
2025-11-16 17:48:00,292 : INFO : SwitchController : <<<<<<< 's_spinnerleft' active >>>>>>>
2025-11-16 17:48:00,292 : INFO : EventManager : Event: ======'machine_var_audits_switches_s_spinnerleft'====== Args={'value': 10, 'prev_value': 9, 'change': 1}
2025-11-16 17:48:00,371 : INFO : SwitchController : <<<<<<< 's_spinnerleft' inactive >>>>>>>
2025-11-16 17:48:00,514 : INFO : SwitchController : <<<<<<< 's_swrightorb1' active >>>>>>>
2025-11-16 17:48:00,514 : INFO : EventManager : Event: ======'machine_var_audits_switches_s_swrightorb1'====== Args={'value': 1, 'prev_value': 0, 'change': 1}
2025-11-16 17:48:00,546 : INFO : SwitchController : <<<<<<< 's_swrightorb1' inactive >>>>>>>
2025-11-16 17:48:00,624 : INFO : SwitchController : <<<<<<< 's_spinnerright' active >>>>>>>
2025-11-16 17:48:00,624 : INFO : EventManager : Event: ======'machine_var_audits_switches_s_spinnerright'====== Args={'value': 1, 'prev_value': 0, 'change': 1}
2025-11-16 17:48:00,639 : INFO : SwitchController : <<<<<<< 's_spinnerright' inactive >>>>>>>
2025-11-16 17:48:00,718 : INFO : SwitchController : <<<<<<< 's_spinnerright' active >>>>>>>
2025-11-16 17:48:00,718 : INFO : EventManager : Event: ======'machine_var_audits_switches_s_spinnerright'====== Args={'value': 2, 'prev_value': 1, 'change': 1}
2025-11-16 17:48:00,733 : INFO : SwitchController : <<<<<<< 's_spinnerright' inactive >>>>>>>
2025-11-16 17:48:00,812 : INFO : SwitchController : <<<<<<< 's_spinnerright' active >>>>>>>
2025-11-16 17:48:00,812 : INFO : EventManager : Event: ======'machine_var_audits_switches_s_spinnerright'====== Args={'value': 3, 'prev_value': 2, 'change': 1}
2025-11-16 17:48:00,828 : INFO : SwitchController : <<<<<<< 's_spinnerright' inactive >>>>>>>
2025-11-16 17:48:00,938 : INFO : SwitchController : <<<<<<< 's_spinnerright' active >>>>>>>
2025-11-16 17:48:00,938 : INFO : EventManager : Event: ======'machine_var_audits_switches_s_spinnerright'====== Args={'value': 4, 'prev_value': 3, 'change': 1}
2025-11-16 17:48:00,954 : INFO : SwitchController : <<<<<<< 's_spinnerright' inactive >>>>>>>
2025-11-16 17:48:01,110 : INFO : SwitchController : <<<<<<< 's_spinnerright' active >>>>>>>
2025-11-16 17:48:01,110 : INFO : EventManager : Event: ======'machine_var_audits_switches_s_spinnerright'====== Args={'value': 5, 'prev_value': 4, 'change': 1}
2025-11-16 17:48:01,126 : INFO : SwitchController : <<<<<<< 's_right_flipper' active >>>>>>>
2025-11-16 17:48:01,126 : INFO : EventManager : Event: ======'machine_var_audits_switches_s_right_flipper'====== Args={'value': 1586, 'prev_value': 1585, 'change': 1}
2025-11-16 17:48:01,142 : INFO : SwitchController : <<<<<<< 's_spinnerright' inactive >>>>>>>
2025-11-16 17:48:01,472 : INFO : SwitchController : <<<<<<< 's_right_flipper' inactive >>>>>>>
2025-11-16 17:48:01,676 : INFO : SwitchController : <<<<<<< 's_push_drop_target_4' active >>>>>>>
2025-11-16 17:48:01,676 : INFO : EventManager : Event: ======'drop_target_bank4_down'====== Args={'device': <drop_target.bank4>}
2025-11-16 17:48:01,676 : INFO : EventManager : Event: ======'drop_target_bank_bank1_down'====== Args={}
2025-11-16 17:48:01,676 : INFO : EventManager : Event: ======'machine_var_audits_switches_s_push_drop_target_4'====== Args={'value': 1, 'prev_value': 0, 'change': 1}
2025-11-16 17:48:02,038 : INFO : SwitchController : <<<<<<< 's_left_flipper' active >>>>>>>
2025-11-16 17:48:02,038 : INFO : EventManager : Event: ======'machine_var_audits_switches_s_left_flipper'====== Args={'value': 1435, 'prev_value': 1434, 'change': 1}
2025-11-16 17:48:02,069 : INFO : SwitchController : <<<<<<< 's_left_flipper_eos' active >>>>>>>
2025-11-16 17:48:02,069 : INFO : EventManager : Event: ======'machine_var_audits_switches_s_left_flipper_eos'====== Args={'value': 1374, 'prev_value': 1373, 'change': 1}
2025-11-16 17:48:02,179 : INFO : drop_target_bank.bank1 : 1 targets are down. Will reset those.
2025-11-16 17:48:02,179 : INFO : coil.c_reset_drop_target_nakotomi : Pulsing Driver for 80ms (1.0 pulse_power)
2025-11-16 17:48:02,210 : INFO : SwitchController : <<<<<<< 's_push_drop_target_4' inactive (muted) >>>>>>>
2025-11-16 17:48:02,258 : INFO : SwitchController : <<<<<<< 's_left_flipper' inactive >>>>>>>
2025-11-16 17:48:02,336 : INFO : SwitchController : <<<<<<< 's_left_flipper_eos' inactive >>>>>>>
2025-11-16 17:48:02,667 : INFO : EventManager : Event: ======'drop_target_bank4_up'====== Args={'device': <drop_target.bank4>}
2025-11-16 17:48:02,667 : INFO : EventManager : Event: ======'drop_target_bank_bank1_up'====== Args={}
2025-11-16 17:48:03,185 : INFO : SwitchController : <<<<<<< 's_right_flipper' active >>>>>>>
2025-11-16 17:48:03,185 : INFO : EventManager : Event: ======'machine_var_audits_switches_s_right_flipper'====== Args={'value': 1587, 'prev_value': 1586, 'change': 1}
2025-11-16 17:48:03,327 : INFO : SwitchController : <<<<<<< 's_right_flipper' inactive >>>>>>>
2025-11-16 17:48:03,421 : INFO : SwitchController : <<<<<<< 's_targetl2' active >>>>>>>
2025-11-16 17:48:03,421 : INFO : EventManager : Event: ======'s_targetl2_active'====== Args={}
2025-11-16 17:48:03,421 : INFO : EventManager : Event: ======'machine_var_audits_switches_s_targetl2'====== Args={'value': 1, 'prev_value': 0, 'change': 1}
2025-11-16 17:48:03,421 : INFO : SwitchController : <<<<<<< 's_targetl2' inactive >>>>>>>
2025-11-16 17:48:03,421 : INFO : EventManager : Event: ======'player_shot_targetl2'====== Args={'value': 1, 'prev_value': 0, 'change': 1, 'player_num': 1}
2025-11-16 17:48:03,421 : INFO : EventManager : Event: ======'machine_var_audits_shots_targetl2'====== Args={'value': 1, 'prev_value': None, 'change': True}
2025-11-16 17:48:03,421 : INFO : EventManager : Event: ======'targetl2_hit'====== Args={'profile': 'profile_holly', 'state': 'off', 'advancing': True}
2025-11-16 17:48:03,421 : INFO : EventManager : Event: ======'targetl2_profile_holly_hit'====== Args={'profile': 'profile_holly', 'state': 'off', 'advancing': True}
2025-11-16 17:48:03,421 : INFO : EventManager : Event: ======'targetl2_profile_holly_off_hit'====== Args={'profile': 'profile_holly', 'state': 'off', 'advancing': True}
2025-11-16 17:48:03,421 : INFO : EventManager : Event: ======'targetl2_off_hit'====== Args={'profile': 'profile_holly', 'state': 'off', 'advancing': True}
2025-11-16 17:48:03,421 : INFO : EventManager : Event: ======'holly_targets_hit'====== Args={'shot': 'targetl2'}
2025-11-16 17:48:03,421 : INFO : EventManager : Event: ======'holly_targets_off_hit'====== Args={'shot': 'targetl2'}
2025-11-16 17:48:03,421 : INFO : EventManager : Event: ======'player_score'====== Args={'value': 5000, 'prev_value': 0, 'change': 5000, 'player_num': 1, 'source': 'score'}
2025-11-16 17:48:03,608 : INFO : SwitchController : <<<<<<< 's_push_drop_target_4' active >>>>>>>
2025-11-16 17:48:03,608 : INFO : EventManager : Event: ======'drop_target_bank4_down'====== Args={'device': <drop_target.bank4>}
2025-11-16 17:48:03,608 : INFO : EventManager : Event: ======'drop_target_bank_bank1_down'====== Args={}
2025-11-16 17:48:03,608 : INFO : EventManager : Event: ======'machine_var_audits_switches_s_push_drop_target_4'====== Args={'value': 2, 'prev_value': 1, 'change': 1}
2025-11-16 17:48:04,112 : INFO : drop_target_bank.bank1 : 1 targets are down. Will reset those.
2025-11-16 17:48:04,112 : INFO : coil.c_reset_drop_target_nakotomi : Pulsing Driver for 80ms (1.0 pulse_power)
2025-11-16 17:48:04,144 : INFO : SwitchController : <<<<<<< 's_push_drop_target_4' inactive (muted) >>>>>>>
2025-11-16 17:48:04,615 : INFO : EventManager : Event: ======'drop_target_bank4_up'====== Args={'device': <drop_target.bank4>}
2025-11-16 17:48:04,615 : INFO : EventManager : Event: ======'drop_target_bank_bank1_up'====== Args={}
2025-11-16 17:48:04,835 : INFO : SwitchController : <<<<<<< 's_right_flipper' active >>>>>>>
2025-11-16 17:48:04,835 : INFO : EventManager : Event: ======'machine_var_audits_switches_s_right_flipper'====== Args={'value': 1588, 'prev_value': 1587, 'change': 1}
2025-11-16 17:48:05,071 : INFO : SwitchController : <<<<<<< 's_targetl2' active >>>>>>>
2025-11-16 17:48:05,071 : INFO : EventManager : Event: ======'s_targetl2_active'====== Args={}
2025-11-16 17:48:05,071 : INFO : EventManager : Event: ======'machine_var_audits_switches_s_targetl2'====== Args={'value': 2, 'prev_value': 1, 'change': 1}
2025-11-16 17:48:05,071 : INFO : SwitchController : <<<<<<< 's_right_flipper' inactive >>>>>>>
2025-11-16 17:48:05,071 : INFO : SwitchController : <<<<<<< 's_targetl2' inactive >>>>>>>
2025-11-16 17:48:05,071 : INFO : EventManager : Event: ======'machine_var_audits_shots_targetl2'====== Args={'value': 2, 'prev_value': 1, 'change': 1}
2025-11-16 17:48:05,071 : INFO : EventManager : Event: ======'targetl2_hit'====== Args={'profile': 'profile_holly', 'state': 'on', 'advancing': False}
2025-11-16 17:48:05,071 : INFO : EventManager : Event: ======'targetl2_profile_holly_hit'====== Args={'profile': 'profile_holly', 'state': 'on', 'advancing': False}
2025-11-16 17:48:05,071 : INFO : EventManager : Event: ======'targetl2_profile_holly_on_hit'====== Args={'profile': 'profile_holly', 'state': 'on', 'advancing': False}
2025-11-16 17:48:05,071 : INFO : EventManager : Event: ======'targetl2_on_hit'====== Args={'profile': 'profile_holly', 'state': 'on', 'advancing': False}
2025-11-16 17:48:05,071 : INFO : EventManager : Event: ======'holly_targets_hit'====== Args={'shot': 'targetl2'}
2025-11-16 17:48:05,071 : INFO : EventManager : Event: ======'holly_targets_on_hit'====== Args={'shot': 'targetl2'}
2025-11-16 17:48:05,071 : INFO : EventManager : Event: ======'player_score'====== Args={'value': 10000, 'prev_value': 5000, 'change': 5000, 'player_num': 1, 'source': 'score'}
2025-11-16 17:48:05,386 : INFO : SwitchController : <<<<<<< 's_right_flipper' active >>>>>>>
2025-11-16 17:48:05,386 : INFO : EventManager : Event: ======'machine_var_audits_switches_s_right_flipper'====== Args={'value': 1589, 'prev_value': 1588, 'change': 1}
2025-11-16 17:48:05,638 : INFO : SwitchController : <<<<<<< 's_right_flipper' inactive >>>>>>>
2025-11-16 17:48:05,874 : INFO : SwitchController : <<<<<<< 's_drop_target_3' active >>>>>>>
2025-11-16 17:48:05,874 : INFO : EventManager : Event: ======'drop_target_bank3_down'====== Args={'device': <drop_target.bank3>}
2025-11-16 17:48:05,874 : INFO : EventManager : Event: ======'drop_target_bank_bank_mixed'====== Args={'prev_value': <DropTargetBankState.UP: 'up'>, 'down': 1}
2025-11-16 17:48:05,874 : INFO : EventManager : Event: ======'machine_var_audits_switches_s_drop_target_3'====== Args={'value': 113, 'prev_value': 112, 'change': 1}
2025-11-16 17:48:07,558 : INFO : SwitchController : <<<<<<< 's_left_slingshot' active >>>>>>>
2025-11-16 17:48:07,558 : INFO : EventManager : Event: ======'s_left_slingshot_active'====== Args={}
2025-11-16 17:48:07,558 : INFO : EventManager : Event: ======'machine_var_audits_switches_s_left_slingshot'====== Args={'value': 1, 'prev_value': 0, 'change': 1}
2025-11-16 17:48:07,558 : INFO : EventManager : Event: ======'player_score'====== Args={'value': 13030, 'prev_value': 10000, 'change': 3030, 'player_num': 1, 'source': 'score'}
2025-11-16 17:48:07,558 : INFO : EventManager : Event: ======'flash_left_slingshot_blue'====== Args={}
2025-11-16 17:48:07,574 : INFO : SwitchController : <<<<<<< 's_left_slingshot' inactive >>>>>>>
2025-11-16 17:48:07,669 : INFO : SwitchController : <<<<<<< 's_right_slingshot' active >>>>>>>
2025-11-16 17:48:07,669 : INFO : EventManager : Event: ======'s_right_slingshot_active'====== Args={}
2025-11-16 17:48:07,669 : INFO : EventManager : Event: ======'machine_var_audits_switches_s_right_slingshot'====== Args={'value': 1, 'prev_value': 0, 'change': 1}
2025-11-16 17:48:07,669 : INFO : EventManager : Event: ======'player_score'====== Args={'value': 16060, 'prev_value': 13030, 'change': 3030, 'player_num': 1, 'source': 'score'}
2025-11-16 17:48:07,669 : INFO : EventManager : Event: ======'flash_right_slingshot_red'====== Args={}
2025-11-16 17:48:07,669 : ERROR : asyncio : Exception in callback EventManager.process_event_queue()
handle: <Handle EventManager.process_event_queue()>
Traceback (most recent call last):
  File "C:\Users\finis\mpf\Lib\site-packages\mpf\core\events.py", line 755, in _run_handlers
    result = handler.callback(**merged_kwargs)
             ^^^^^^^^^^^^^^^^^^^^^^^^^^^^^^^^^
  File "C:\Users\finis\mpf\Lib\site-packages\mpf\core\config_player.py", line 348, in config_play_callback
    return self.play(settings=settings, context=context, calling_context=calling_context, priority=priority,
           ^^^^^^^^^^^^^^^^^^^^^^^^^^^^^^^^^^^^^^^^^^^^^^^^^^^^^^^^^^^^^^^^^^^^^^^^^^^^^^^^^^^^^^^^^^^^^^^^^
  File "C:\Users\finis\mpf\Lib\site-packages\mpf\config_players\show_player.py", line 60, in play
    self._update_show(show.name, show_settings, context, queue, start_time, show_tokens)
  File "C:\Users\finis\mpf\Lib\site-packages\mpf\config_players\show_player.py", line 225, in _update_show
    action(key, instance_dict, show_name, show_settings, queue, start_time, placeholder_args)
  File "C:\Users\finis\mpf\Lib\site-packages\mpf\config_players\show_player.py", line 117, in _play
    instance_dict[key] = self.machine.show_controller.replace_or_advance_show(previous_show, show_config,
                         ^^^^^^^^^^^^^^^^^^^^^^^^^^^^^^^^^^^^^^^^^^^^^^^^^^^^^^^^^^^^^^^^^^^^^^^^^^^^^^^^
  File "C:\Users\finis\mpf\Lib\site-packages\mpf\core\show_controller.py", line 135, in replace_or_advance_show
    return show_obj.play_with_config(
           ^^^^^^^^^^^^^^^^^^^^^^^^^^
  File "C:\Users\finis\mpf\Lib\site-packages\mpf\assets\show.py", line 291, in play_with_config
    running_show = RunningShow(machine=self.machine,
                   ^^^^^^^^^^^^^^^^^^^^^^^^^^^^^^^^^
  File "C:\Users\finis\mpf\Lib\site-packages\mpf\assets\show.py", line 518, in __init__
    self.show_steps = self.show.get_show_steps_with_token(self.show_config.show_tokens)
                      ^^^^^^^^^^^^^^^^^^^^^^^^^^^^^^^^^^^^^^^^^^^^^^^^^^^^^^^^^^^^^^^^^
  File "C:\Users\finis\mpf\Lib\site-packages\mpf\assets\show.py", line 424, in get_show_steps_with_token
    step[key] = self.machine.show_controller.show_players[key].expand_config_entry(value)
                ^^^^^^^^^^^^^^^^^^^^^^^^^^^^^^^^^^^^^^^^^^^^^^^^^^^^^^^^^^^^^^^^^^^^^^^^^
  File "C:\Users\finis\mpf\Lib\site-packages\mpf\config_players\device_config_player.py", line 27, in expand_config_entry
    devices = self._expand_device(device)
              ^^^^^^^^^^^^^^^^^^^^^^^^^^^
  File "C:\Users\finis\mpf\Lib\site-packages\mpf\config_players\device_config_player.py", line 114, in _expand_device
    return self.raise_config_error(
           ^^^^^^^^^^^^^^^^^^^^^^^^
  File "C:\Users\finis\mpf\Lib\site-packages\mpf\core\logging.py", line 175, in raise_config_error
    raise ConfigFileError(msg, error_no, self.log.name if self.log else "", context, self._url_base) \
mpf.exceptions.config_file_error.ConfigFileError: Config File Error in light_player: Could not find a lights device with name or tag f140, from list ['f140'] Error Code: CFE-light_player-101 (https://missionpinball.org/logs)

The above exception was the direct cause of the following exception:

Traceback (most recent call last):
  File "C:\Users\finis\AppData\Local\Programs\Python\Python312\Lib\asyncio\events.py", line 88, in _run
    self._context.run(self._callback, *self._args)
  File "C:\Users\finis\mpf\Lib\site-packages\mpf\core\events.py", line 846, in process_event_queue
    self._process_event(event=event[0],
  File "C:\Users\finis\mpf\Lib\site-packages\mpf\core\events.py", line 808, in _process_event
    result = self._run_handlers(event, ev_type, kwargs)
             ^^^^^^^^^^^^^^^^^^^^^^^^^^^^^^^^^^^^^^^^^^
  File "C:\Users\finis\mpf\Lib\site-packages\mpf\core\events.py", line 757, in _run_handlers
    raise EventHandlerException(
mpf.core.events.EventHandlerException: Exception while processing RegisteredHandler(callback=<bound method ConfigPlayer.config_play_callback of ConfigPlayer.show_player/shows>, priority=100, kwargs={'calling_context': 'flash_right_slingshot_red', 'mode': <Mode.base>, 'settings': {flicker_color-None-None: {'key': 'key_s_right_slingshot_active', 'loops': 0, 'speed': <NativeTemplate 2.0>, 'show_tokens': {'lights': <NativeTemplate f140>, 'color': <NativeTemplate C81616>}, 'priority': 0, 'action': 'play', 'show': None, 'block_queue': False, 'start_step': <NativeTemplate 1>, 'start_running': <Template True>, 'sync_ms': None, 'manual_advance': False, 'show_queue': None, 'events_when_played': [], 'events_when_stopped': [], 'events_when_looped': [], 'events_when_paused': [], 'events_when_resumed': [], 'events_when_advanced': [], 'events_when_stepped_back': [], 'events_when_updated': [], 'events_when_completed': []}}}, key=UUID('8a636676-650c-4ccc-b58f-98e89b17b2d2'), condition=None, blocking_facility=None) for event flash_right_slingshot_red. Config File Error in light_player: Could not find a lights device with name or tag f140, from list ['f140'] Error Code: CFE-light_player-101 (https://missionpinball.org/logs)
2025-11-16 17:48:07,694 : INFO : SwitchController : <<<<<<< 's_right_slingshot' inactive >>>>>>>
2025-11-16 17:48:07,694 : INFO : Machine : Shutting down...
2025-11-16 17:48:07,694 : INFO : EventManager : Event: ======'shutdown'====== Args={}
2025-11-16 17:48:07,696 : INFO : EventManager : Event: ======'mode_game_will_stop'====== Args={}
2025-11-16 17:48:07,696 : INFO : EventManager : Event: ======'mode_game_stopping'====== Args={}
2025-11-16 17:48:07,696 : INFO : EventManager : Event: ======'mode_score_will_stop'====== Args={}
2025-11-16 17:48:07,696 : INFO : EventManager : Event: ======'mode_score_stopping'====== Args={}
2025-11-16 17:48:07,696 : INFO : EventManager : Event: ======'mode_base_will_stop'====== Args={}
2025-11-16 17:48:07,696 : INFO : EventManager : Event: ======'mode_base_stopping'====== Args={}
2025-11-16 17:48:07,696 : INFO : EventManager : Event: ======'mode_holly_will_stop'====== Args={}
2025-11-16 17:48:07,696 : INFO : EventManager : Event: ======'mode_holly_stopping'====== Args={}
2025-11-16 17:48:07,696 : INFO : Mode.holly : Stopped.
2025-11-16 17:48:07,696 : INFO : EventManager : Event: ======'modes_active_modes_changed'====== Args={}
2025-11-16 17:48:07,696 : INFO : EventManager : Event: ======'mode_holly_stopped'====== Args={}
2025-11-16 17:48:07,696 : INFO : EventManager : Event: ======'clear'====== Args={'key': 'holly'}
2025-11-16 17:48:07,698 : INFO : Mode.base : Stopped.
2025-11-16 17:48:07,698 : INFO : EventManager : Event: ======'modes_active_modes_changed'====== Args={}
2025-11-16 17:48:07,698 : INFO : EventManager : Event: ======'mode_base_stopped'====== Args={}
2025-11-16 17:48:07,698 : INFO : EventManager : Event: ======'clear'====== Args={'key': 'base'}
2025-11-16 17:48:07,698 : INFO : Mode.score : Stopped.
2025-11-16 17:48:07,698 : INFO : EventManager : Event: ======'modes_active_modes_changed'====== Args={}
2025-11-16 17:48:07,699 : INFO : EventManager : Event: ======'mode_score_stopped'====== Args={}
2025-11-16 17:48:07,699 : INFO : EventManager : Event: ======'clear'====== Args={'key': 'score'}
2025-11-16 17:48:07,699 : INFO : Mode.game : Stopped.
2025-11-16 17:48:07,699 : INFO : EventManager : Event: ======'modes_active_modes_changed'====== Args={}
2025-11-16 17:48:07,699 : INFO : EventManager : Event: ======'mode_game_stopped'====== Args={}
2025-11-16 17:48:07,699 : INFO : EventManager : Event: ======'clear'====== Args={'key': 'game'}
2025-11-16 17:48:07,799 : ERROR : Machine : Runtime Exception
Traceback (most recent call last):
  File "C:\Users\finis\mpf\Lib\site-packages\mpf\core\events.py", line 755, in _run_handlers
    result = handler.callback(**merged_kwargs)
             ^^^^^^^^^^^^^^^^^^^^^^^^^^^^^^^^^
  File "C:\Users\finis\mpf\Lib\site-packages\mpf\core\config_player.py", line 348, in config_play_callback
    return self.play(settings=settings, context=context, calling_context=calling_context, priority=priority,
           ^^^^^^^^^^^^^^^^^^^^^^^^^^^^^^^^^^^^^^^^^^^^^^^^^^^^^^^^^^^^^^^^^^^^^^^^^^^^^^^^^^^^^^^^^^^^^^^^^
  File "C:\Users\finis\mpf\Lib\site-packages\mpf\config_players\show_player.py", line 60, in play
    self._update_show(show.name, show_settings, context, queue, start_time, show_tokens)
  File "C:\Users\finis\mpf\Lib\site-packages\mpf\config_players\show_player.py", line 225, in _update_show
    action(key, instance_dict, show_name, show_settings, queue, start_time, placeholder_args)
  File "C:\Users\finis\mpf\Lib\site-packages\mpf\config_players\show_player.py", line 117, in _play
    instance_dict[key] = self.machine.show_controller.replace_or_advance_show(previous_show, show_config,
                         ^^^^^^^^^^^^^^^^^^^^^^^^^^^^^^^^^^^^^^^^^^^^^^^^^^^^^^^^^^^^^^^^^^^^^^^^^^^^^^^^
  File "C:\Users\finis\mpf\Lib\site-packages\mpf\core\show_controller.py", line 135, in replace_or_advance_show
    return show_obj.play_with_config(
           ^^^^^^^^^^^^^^^^^^^^^^^^^^
  File "C:\Users\finis\mpf\Lib\site-packages\mpf\assets\show.py", line 291, in play_with_config
    running_show = RunningShow(machine=self.machine,
                   ^^^^^^^^^^^^^^^^^^^^^^^^^^^^^^^^^
  File "C:\Users\finis\mpf\Lib\site-packages\mpf\assets\show.py", line 518, in __init__
    self.show_steps = self.show.get_show_steps_with_token(self.show_config.show_tokens)
                      ^^^^^^^^^^^^^^^^^^^^^^^^^^^^^^^^^^^^^^^^^^^^^^^^^^^^^^^^^^^^^^^^^
  File "C:\Users\finis\mpf\Lib\site-packages\mpf\assets\show.py", line 424, in get_show_steps_with_token
    step[key] = self.machine.show_controller.show_players[key].expand_config_entry(value)
                ^^^^^^^^^^^^^^^^^^^^^^^^^^^^^^^^^^^^^^^^^^^^^^^^^^^^^^^^^^^^^^^^^^^^^^^^^
  File "C:\Users\finis\mpf\Lib\site-packages\mpf\config_players\device_config_player.py", line 27, in expand_config_entry
    devices = self._expand_device(device)
              ^^^^^^^^^^^^^^^^^^^^^^^^^^^
  File "C:\Users\finis\mpf\Lib\site-packages\mpf\config_players\device_config_player.py", line 114, in _expand_device
    return self.raise_config_error(
           ^^^^^^^^^^^^^^^^^^^^^^^^
  File "C:\Users\finis\mpf\Lib\site-packages\mpf\core\logging.py", line 175, in raise_config_error
    raise ConfigFileError(msg, error_no, self.log.name if self.log else "", context, self._url_base) \
mpf.exceptions.config_file_error.ConfigFileError: Config File Error in light_player: Could not find a lights device with name or tag f140, from list ['f140'] Error Code: CFE-light_player-101 (https://missionpinball.org/logs)

The above exception was the direct cause of the following exception:

Traceback (most recent call last):
  File "C:\Users\finis\mpf\Lib\site-packages\mpf\core\machine.py", line 810, in _run_loop
    raise self._exception['exception']
  File "C:\Users\finis\AppData\Local\Programs\Python\Python312\Lib\asyncio\events.py", line 88, in _run
    self._context.run(self._callback, *self._args)
  File "C:\Users\finis\mpf\Lib\site-packages\mpf\core\events.py", line 846, in process_event_queue
    self._process_event(event=event[0],
  File "C:\Users\finis\mpf\Lib\site-packages\mpf\core\events.py", line 808, in _process_event
    result = self._run_handlers(event, ev_type, kwargs)
             ^^^^^^^^^^^^^^^^^^^^^^^^^^^^^^^^^^^^^^^^^^
  File "C:\Users\finis\mpf\Lib\site-packages\mpf\core\events.py", line 757, in _run_handlers
    raise EventHandlerException(
mpf.core.events.EventHandlerException: Exception while processing RegisteredHandler(callback=<bound method ConfigPlayer.config_play_callback of ConfigPlayer.show_player/shows>, priority=100, kwargs={'calling_context': 'flash_right_slingshot_red', 'mode': <Mode.base>, 'settings': {flicker_color-None-None: {'key': 'key_s_right_slingshot_active', 'loops': 0, 'speed': <NativeTemplate 2.0>, 'show_tokens': {'lights': <NativeTemplate f140>, 'color': <NativeTemplate C81616>}, 'priority': 0, 'action': 'play', 'show': None, 'block_queue': False, 'start_step': <NativeTemplate 1>, 'start_running': <Template True>, 'sync_ms': None, 'manual_advance': False, 'show_queue': None, 'events_when_played': [], 'events_when_stopped': [], 'events_when_looped': [], 'events_when_paused': [], 'events_when_resumed': [], 'events_when_advanced': [], 'events_when_stepped_back': [], 'events_when_updated': [], 'events_when_completed': []}}}, key=UUID('8a636676-650c-4ccc-b58f-98e89b17b2d2'), condition=None, blocking_facility=None) for event flash_right_slingshot_red. Config File Error in light_player: Could not find a lights device with name or tag f140, from list ['f140'] Error Code: CFE-light_player-101 (https://missionpinball.org/logs)
2025-11-16 17:48:07,800 : INFO : root : MPF run loop ended.
