2026-01-04 16:42:01,204 : INFO : root : Loading config.
2026-01-04 16:42:01,207 : INFO : YamlMultifileConfigLoader : Machine config file #1: config.yaml
2026-01-04 16:42:01,207 : INFO : ConfigProcessor : Loading config from cache: C:\Users\carr-\AppData\Local\Temp\23e177fce4903a9a69d69f474fa748a1.mpf_cache
2026-01-04 16:42:01,283 : INFO : ConfigProcessor : Loading config from cache: C:\Users\carr-\AppData\Local\Temp\2f9bbeccf93c71693a410725897ab70d.mpf_cache
2026-01-04 16:42:01,284 : INFO : ConfigProcessor : Loading config from cache: C:\Users\carr-\AppData\Local\Temp\71986c9cb54d44e1ee87b7d4d0f68024.mpf_cache
2026-01-04 16:42:01,284 : INFO : ConfigProcessor : Loading config from cache: C:\Users\carr-\AppData\Local\Temp\2f9bbeccf93c71693a410725897ab70d.mpf_cache
2026-01-04 16:42:01,285 : INFO : ConfigProcessor : Loading config from cache: C:\Users\carr-\AppData\Local\Temp\460998002e273cec26232c9157d92984.mpf_cache
2026-01-04 16:42:01,286 : INFO : ConfigProcessor : Loading config from cache: C:\Users\carr-\AppData\Local\Temp\20b013b046c359f6243f62843681857a.mpf_cache
2026-01-04 16:42:01,287 : INFO : ConfigProcessor : Loading config from cache: C:\Users\carr-\AppData\Local\Temp\1113c1d20ec4e70f79a7ed8de50ab69e.mpf_cache
2026-01-04 16:42:01,287 : INFO : ConfigProcessor : Loading config from cache: C:\Users\carr-\AppData\Local\Temp\668dbdbfcbfe997663fcbdfe0871c0b4.mpf_cache
2026-01-04 16:42:01,288 : INFO : ConfigProcessor : Loading config from cache: C:\Users\carr-\AppData\Local\Temp\9f94008f2458f1d20e2cc19a054f750f.mpf_cache
2026-01-04 16:42:01,289 : INFO : ConfigProcessor : Loading config from cache: C:\Users\carr-\AppData\Local\Temp\5c44289116f594f9a69b4726f51f0c3e.mpf_cache
2026-01-04 16:42:01,290 : INFO : ConfigProcessor : Loading config from cache: C:\Users\carr-\AppData\Local\Temp\711ddd764abb82faa37efd15f2a17772.mpf_cache
2026-01-04 16:42:01,290 : INFO : ConfigProcessor : Loading config from cache: C:\Users\carr-\AppData\Local\Temp\6a4847c7210b75a304ae3e1d0e125b6a.mpf_cache
2026-01-04 16:42:01,291 : INFO : ConfigProcessor : Loading config from cache: C:\Users\carr-\AppData\Local\Temp\5bdb9da15c9005c4036d70c7ddf4c03f.mpf_cache
2026-01-04 16:42:01,292 : INFO : ConfigProcessor : Loading config from cache: C:\Users\carr-\AppData\Local\Temp\4ef2cae97e908c683695ed521c4a6650.mpf_cache
2026-01-04 16:42:01,293 : INFO : ConfigProcessor : Loading config from cache: C:\Users\carr-\AppData\Local\Temp\3fafba5daebe73845f095f892a673873.mpf_cache
2026-01-04 16:42:01,293 : INFO : ConfigProcessor : Loading config from cache: C:\Users\carr-\AppData\Local\Temp\c01a61b73c292b8700a32cafeda2e6a0.mpf_cache
2026-01-04 16:42:01,294 : INFO : ConfigProcessor : Loading config from cache: C:\Users\carr-\AppData\Local\Temp\49701430bcd4b0a029207d17fb25cb36.mpf_cache
2026-01-04 16:42:01,294 : INFO : ConfigProcessor : Loading config from cache: C:\Users\carr-\AppData\Local\Temp\3675271a3c90b9f1f0f947db698ba341.mpf_cache
2026-01-04 16:42:01,295 : INFO : ConfigProcessor : Loading config from cache: C:\Users\carr-\AppData\Local\Temp\4e385f0fc3c119806280d03e756fbf7d.mpf_cache
2026-01-04 16:42:01,296 : INFO : ConfigProcessor : Loading config from cache: C:\Users\carr-\AppData\Local\Temp\17e9360ec3e282ab24c38e32f4731b24.mpf_cache
2026-01-04 16:42:01,296 : INFO : ConfigProcessor : Loading config from cache: C:\Users\carr-\AppData\Local\Temp\d26a06b4c29ce604d42260b0d65dcd46.mpf_cache
2026-01-04 16:42:01,297 : INFO : ConfigProcessor : Loading config from cache: C:\Users\carr-\AppData\Local\Temp\e7fd0e8687e60c6b50353af968986d97.mpf_cache
2026-01-04 16:42:01,298 : INFO : Machine : Mission Pinball Framework Core Engine v0.80.0.dev6
2026-01-04 16:42:01,298 : INFO : Machine : Command line arguments: {'no_load_cache': False, 'create_config_cache': True, 'bcp': True, 'configfile': ['config.yaml'], 'force_assets_load': False, 'platform_integration_test': False, 'jsonlogging': False, 'logfile': 'logs\\2026-01-04-16-42-01-mpf-LAPTOP-99TN7EPH.log', 'pause': False, 'production': False, 'text_ui': False, 'loglevel': 15, 'consoleloglevel': 10, 'force_platform': 'smart_virtual', 'syslog_address': None, 'full_logfile_path': 'C:\\Users\\carr-\\Documents\\development\\diehard-mpf\\logs\\2026-01-04-16-42-01-mpf-LAPTOP-99TN7EPH.log'}
2026-01-04 16:42:01,298 : INFO : Machine : MPF path: C:\Users\carr-\Documents\development\mpf080\mpf
2026-01-04 16:42:01,298 : INFO : Machine : Machine path: C:\Users\carr-\Documents\development\diehard-mpf
2026-01-04 16:42:01,298 : INFO : Machine : Platform: win32
2026-01-04 16:42:01,298 : INFO : Machine : Python executable location: C:\Users\carr-\Documents\development\mpf080\mpfenv\Scripts\python.exe
2026-01-04 16:42:01,298 : INFO : Machine : Python version: 3.9.13 (64-bit)
2026-01-04 16:42:01,301 : INFO : Machine : Initializing MPF...
2026-01-04 16:42:01,368 : INFO : EventManager : Event: ======'machine_var_credits_string'====== Args={'value': 'FREE PLAY', 'prev_value': None, 'change': True}
2026-01-04 16:42:01,388 : INFO : EventManager : Event: ======'machine_var_fast_audio_headphones_volume'====== Args={'value': 10, 'prev_value': None, 'change': True}
2026-01-04 16:42:01,389 : INFO : EventManager : Event: ======'machine_var_fast_audio_main_volume'====== Args={'value': 60, 'prev_value': None, 'change': True}
2026-01-04 16:42:01,389 : INFO : EventManager : Event: ======'machine_var_master_volume'====== Args={'value': 0.5, 'prev_value': None, 'change': True}
2026-01-04 16:42:01,389 : INFO : EventManager : Event: ======'machine_var_player1_score'====== Args={'value': 17120, 'prev_value': None, 'change': True}
2026-01-04 16:42:01,389 : INFO : EventManager : Event: ======'machine_var_var_which_attract'====== Args={'value': 0, 'prev_value': None, 'change': True}
2026-01-04 16:42:01,389 : INFO : EventManager : Event: ======'machine_var_magnets_enabled'====== Args={'value': 0, 'prev_value': None, 'change': True}
2026-01-04 16:42:01,389 : INFO : EventManager : Event: ======'machine_var_mpf_version'====== Args={'value': 'Mission Pinball Framework v0.80.0.dev6', 'prev_value': None, 'change': True}
2026-01-04 16:42:01,389 : INFO : EventManager : Event: ======'machine_var_mpf_extended_version'====== Args={'value': 'Mission Pinball Framework v0.80.0.dev6, Config version:6, Show version: 6, BCP version:1.1', 'prev_value': None, 'change': True}
2026-01-04 16:42:01,389 : INFO : EventManager : Event: ======'machine_var_python_version'====== Args={'value': '3.9.13', 'prev_value': None, 'change': True}
2026-01-04 16:42:01,413 : INFO : EventManager : Event: ======'machine_var_platform'====== Args={'value': 'Windows-10-10.0.26100-SP0', 'prev_value': None, 'change': True}
2026-01-04 16:42:01,413 : INFO : EventManager : Event: ======'machine_var_platform_system'====== Args={'value': 'Windows', 'prev_value': None, 'change': True}
2026-01-04 16:42:01,413 : INFO : EventManager : Event: ======'machine_var_platform_release'====== Args={'value': '10', 'prev_value': None, 'change': True}
2026-01-04 16:42:01,413 : INFO : EventManager : Event: ======'machine_var_platform_version'====== Args={'value': '10.0.26100', 'prev_value': None, 'change': True}
2026-01-04 16:42:01,413 : INFO : EventManager : Event: ======'machine_var_platform_machine'====== Args={'value': 'AMD64', 'prev_value': None, 'change': True}
2026-01-04 16:42:01,413 : INFO : EventManager : Event: ======'machine_var_log_file_path'====== Args={'value': 'C:\\Users\\carr-\\Documents\\development\\diehard-mpf\\logs\\2026-01-04-16-42-01-mpf-LAPTOP-99TN7EPH.log', 'prev_value': None, 'change': True}
2026-01-04 16:42:01,413 : INFO : EventManager : Event: ======'init_phase_1'====== Args={}
2026-01-04 16:42:01,466 : INFO : EventManager : Event: ======'drop_target_bank_bank_up'====== Args={}
2026-01-04 16:42:01,466 : INFO : EventManager : Event: ======'drop_target_bank_bank1_up'====== Args={}
2026-01-04 16:42:01,467 : INFO : EventManager : Event: ======'init_phase_2'====== Args={}
2026-01-04 16:42:01,468 : INFO : SwitchController : Found active switch: ('d-29', <Platform.SmartVirtual>) <switch.s_trough1>
2026-01-04 16:42:01,468 : INFO : SwitchController : Found active switch: ('d-24', <Platform.SmartVirtual>) <switch.s_trough2>
2026-01-04 16:42:01,468 : INFO : SwitchController : Found active switch: ('d-25', <Platform.SmartVirtual>) <switch.s_trough3>
2026-01-04 16:42:01,468 : INFO : SwitchController : Found active switch: ('d-26', <Platform.SmartVirtual>) <switch.s_trough4>
2026-01-04 16:42:01,468 : INFO : SwitchController : Found active switch: ('d-27', <Platform.SmartVirtual>) <switch.s_trough5>
2026-01-04 16:42:01,468 : INFO : SwitchController : Found active switch: ('d-28', <Platform.SmartVirtual>) <switch.s_trough6>
2026-01-04 16:42:01,474 : INFO : EventManager : Event: ======'bcp_connection_attempt'====== Args={'name': 'local_display', 'host': 'localhost', 'port': 5050}
2026-01-04 16:42:01,476 : INFO : BCPClientSocket : Connecting BCP to 'local_display' at localhost:5050...
2026-01-04 16:42:23,329 : INFO : Machine : Starting the main run loop with active modes: []
2026-01-04 16:42:23,329 : WARNING : Machine : Attract mode is not active, game will not be playable. Please check your attract mode configuration.
2026-01-04 16:42:23,329 : INFO : Machine : Shutting down...
2026-01-04 16:42:23,329 : INFO : EventManager : Event: ======'shutdown'====== Args={}
2026-01-04 16:42:23,498 : ERROR : root : Received second SIGINT. Will exit ungracefully!
NoneType: None
