2026-01-04 16:41:41,844 : INFO : root : Loading config.
2026-01-04 16:41:41,847 : INFO : YamlMultifileConfigLoader : Machine config file #1: config.yaml
2026-01-04 16:41:41,848 : INFO : ConfigProcessor : Loading config from cache: C:\Users\carr-\AppData\Local\Temp\23e177fce4903a9a69d69f474fa748a1.mpf_cache
2026-01-04 16:41:41,923 : INFO : ConfigProcessor : Loading config from cache: C:\Users\carr-\AppData\Local\Temp\2f9bbeccf93c71693a410725897ab70d.mpf_cache
2026-01-04 16:41:41,924 : INFO : ConfigProcessor : Loading config from cache: C:\Users\carr-\AppData\Local\Temp\71986c9cb54d44e1ee87b7d4d0f68024.mpf_cache
2026-01-04 16:41:41,925 : INFO : ConfigProcessor : Loading config from cache: C:\Users\carr-\AppData\Local\Temp\2f9bbeccf93c71693a410725897ab70d.mpf_cache
2026-01-04 16:41:41,926 : INFO : ConfigProcessor : Loading config from cache: C:\Users\carr-\AppData\Local\Temp\460998002e273cec26232c9157d92984.mpf_cache
2026-01-04 16:41:41,927 : INFO : ConfigProcessor : Loading config from cache: C:\Users\carr-\AppData\Local\Temp\20b013b046c359f6243f62843681857a.mpf_cache
2026-01-04 16:41:41,928 : INFO : ConfigProcessor : Loading config from cache: C:\Users\carr-\AppData\Local\Temp\1113c1d20ec4e70f79a7ed8de50ab69e.mpf_cache
2026-01-04 16:41:41,929 : INFO : ConfigProcessor : Loading config from cache: C:\Users\carr-\AppData\Local\Temp\668dbdbfcbfe997663fcbdfe0871c0b4.mpf_cache
2026-01-04 16:41:41,929 : INFO : ConfigProcessor : Loading config from cache: C:\Users\carr-\AppData\Local\Temp\9f94008f2458f1d20e2cc19a054f750f.mpf_cache
2026-01-04 16:41:41,930 : INFO : ConfigProcessor : Loading config from cache: C:\Users\carr-\AppData\Local\Temp\5c44289116f594f9a69b4726f51f0c3e.mpf_cache
2026-01-04 16:41:41,931 : INFO : ConfigProcessor : Loading config from cache: C:\Users\carr-\AppData\Local\Temp\711ddd764abb82faa37efd15f2a17772.mpf_cache
2026-01-04 16:41:41,941 : INFO : ConfigProcessor : Loading config from cache: C:\Users\carr-\AppData\Local\Temp\6a4847c7210b75a304ae3e1d0e125b6a.mpf_cache
2026-01-04 16:41:41,942 : INFO : ConfigProcessor : Loading config from cache: C:\Users\carr-\AppData\Local\Temp\5bdb9da15c9005c4036d70c7ddf4c03f.mpf_cache
2026-01-04 16:41:41,942 : INFO : ConfigProcessor : Loading config from cache: C:\Users\carr-\AppData\Local\Temp\4ef2cae97e908c683695ed521c4a6650.mpf_cache
2026-01-04 16:41:41,943 : INFO : ConfigProcessor : Loading config from cache: C:\Users\carr-\AppData\Local\Temp\3fafba5daebe73845f095f892a673873.mpf_cache
2026-01-04 16:41:41,944 : INFO : ConfigProcessor : Loading config from cache: C:\Users\carr-\AppData\Local\Temp\c01a61b73c292b8700a32cafeda2e6a0.mpf_cache
2026-01-04 16:41:41,944 : INFO : ConfigProcessor : Loading config from cache: C:\Users\carr-\AppData\Local\Temp\49701430bcd4b0a029207d17fb25cb36.mpf_cache
2026-01-04 16:41:41,945 : INFO : ConfigProcessor : Loading config from cache: C:\Users\carr-\AppData\Local\Temp\3675271a3c90b9f1f0f947db698ba341.mpf_cache
2026-01-04 16:41:41,945 : INFO : ConfigProcessor : Loading config from cache: C:\Users\carr-\AppData\Local\Temp\4e385f0fc3c119806280d03e756fbf7d.mpf_cache
2026-01-04 16:41:41,946 : INFO : ConfigProcessor : Loading config from cache: C:\Users\carr-\AppData\Local\Temp\17e9360ec3e282ab24c38e32f4731b24.mpf_cache
2026-01-04 16:41:41,946 : INFO : ConfigProcessor : Loading config from cache: C:\Users\carr-\AppData\Local\Temp\d26a06b4c29ce604d42260b0d65dcd46.mpf_cache
2026-01-04 16:41:41,947 : INFO : ConfigProcessor : Loading config from cache: C:\Users\carr-\AppData\Local\Temp\e7fd0e8687e60c6b50353af968986d97.mpf_cache
2026-01-04 16:41:41,948 : INFO : Machine : Mission Pinball Framework Core Engine v0.80.0.dev6
2026-01-04 16:41:41,948 : INFO : Machine : Command line arguments: {'no_load_cache': False, 'create_config_cache': True, 'bcp': True, 'configfile': ['config.yaml'], 'force_assets_load': False, 'platform_integration_test': False, 'jsonlogging': False, 'logfile': 'logs\\2026-01-04-16-41-41-mpf-LAPTOP-99TN7EPH.log', 'pause': False, 'production': False, 'text_ui': False, 'loglevel': 15, 'consoleloglevel': 10, 'force_platform': 'smart_virtual', 'syslog_address': None, 'full_logfile_path': 'C:\\Users\\carr-\\Documents\\development\\diehard-mpf\\logs\\2026-01-04-16-41-41-mpf-LAPTOP-99TN7EPH.log'}
2026-01-04 16:41:41,948 : INFO : Machine : MPF path: C:\Users\carr-\Documents\development\mpf080\mpf
2026-01-04 16:41:41,948 : INFO : Machine : Machine path: C:\Users\carr-\Documents\development\diehard-mpf
2026-01-04 16:41:41,948 : INFO : Machine : Platform: win32
2026-01-04 16:41:41,948 : INFO : Machine : Python executable location: C:\Users\carr-\Documents\development\mpf080\mpfenv\Scripts\python.exe
2026-01-04 16:41:41,948 : INFO : Machine : Python version: 3.9.13 (64-bit)
2026-01-04 16:41:41,950 : INFO : Machine : Initializing MPF...
2026-01-04 16:41:42,015 : INFO : EventManager : Event: ======'machine_var_credits_string'====== Args={'value': 'FREE PLAY', 'prev_value': None, 'change': True}
2026-01-04 16:41:42,043 : INFO : EventManager : Event: ======'machine_var_fast_audio_headphones_volume'====== Args={'value': 10, 'prev_value': None, 'change': True}
2026-01-04 16:41:42,043 : INFO : EventManager : Event: ======'machine_var_fast_audio_main_volume'====== Args={'value': 60, 'prev_value': None, 'change': True}
2026-01-04 16:41:42,043 : INFO : EventManager : Event: ======'machine_var_master_volume'====== Args={'value': 0.5, 'prev_value': None, 'change': True}
2026-01-04 16:41:42,043 : INFO : EventManager : Event: ======'machine_var_player1_score'====== Args={'value': 17120, 'prev_value': None, 'change': True}
2026-01-04 16:41:42,043 : INFO : EventManager : Event: ======'machine_var_var_which_attract'====== Args={'value': 0, 'prev_value': None, 'change': True}
2026-01-04 16:41:42,043 : INFO : EventManager : Event: ======'machine_var_magnets_enabled'====== Args={'value': 0, 'prev_value': None, 'change': True}
2026-01-04 16:41:42,044 : INFO : EventManager : Event: ======'machine_var_mpf_version'====== Args={'value': 'Mission Pinball Framework v0.80.0.dev6', 'prev_value': None, 'change': True}
2026-01-04 16:41:42,044 : INFO : EventManager : Event: ======'machine_var_mpf_extended_version'====== Args={'value': 'Mission Pinball Framework v0.80.0.dev6, Config version:6, Show version: 6, BCP version:1.1', 'prev_value': None, 'change': True}
2026-01-04 16:41:42,044 : INFO : EventManager : Event: ======'machine_var_python_version'====== Args={'value': '3.9.13', 'prev_value': None, 'change': True}
2026-01-04 16:41:42,067 : INFO : EventManager : Event: ======'machine_var_platform'====== Args={'value': 'Windows-10-10.0.26100-SP0', 'prev_value': None, 'change': True}
2026-01-04 16:41:42,067 : INFO : EventManager : Event: ======'machine_var_platform_system'====== Args={'value': 'Windows', 'prev_value': None, 'change': True}
2026-01-04 16:41:42,067 : INFO : EventManager : Event: ======'machine_var_platform_release'====== Args={'value': '10', 'prev_value': None, 'change': True}
2026-01-04 16:41:42,067 : INFO : EventManager : Event: ======'machine_var_platform_version'====== Args={'value': '10.0.26100', 'prev_value': None, 'change': True}
2026-01-04 16:41:42,067 : INFO : EventManager : Event: ======'machine_var_platform_machine'====== Args={'value': 'AMD64', 'prev_value': None, 'change': True}
2026-01-04 16:41:42,067 : INFO : EventManager : Event: ======'machine_var_log_file_path'====== Args={'value': 'C:\\Users\\carr-\\Documents\\development\\diehard-mpf\\logs\\2026-01-04-16-41-41-mpf-LAPTOP-99TN7EPH.log', 'prev_value': None, 'change': True}
2026-01-04 16:41:42,067 : INFO : EventManager : Event: ======'init_phase_1'====== Args={}
2026-01-04 16:41:42,127 : INFO : EventManager : Event: ======'drop_target_bank_bank_up'====== Args={}
2026-01-04 16:41:42,127 : INFO : EventManager : Event: ======'drop_target_bank_bank1_up'====== Args={}
2026-01-04 16:41:42,129 : INFO : EventManager : Event: ======'init_phase_2'====== Args={}
2026-01-04 16:41:42,130 : INFO : SwitchController : Found active switch: ('d-29', <Platform.SmartVirtual>) <switch.s_trough1>
2026-01-04 16:41:42,130 : INFO : SwitchController : Found active switch: ('d-24', <Platform.SmartVirtual>) <switch.s_trough2>
2026-01-04 16:41:42,130 : INFO : SwitchController : Found active switch: ('d-25', <Platform.SmartVirtual>) <switch.s_trough3>
2026-01-04 16:41:42,130 : INFO : SwitchController : Found active switch: ('d-26', <Platform.SmartVirtual>) <switch.s_trough4>
2026-01-04 16:41:42,130 : INFO : SwitchController : Found active switch: ('d-27', <Platform.SmartVirtual>) <switch.s_trough5>
2026-01-04 16:41:42,130 : INFO : SwitchController : Found active switch: ('d-28', <Platform.SmartVirtual>) <switch.s_trough6>
2026-01-04 16:41:42,139 : INFO : EventManager : Event: ======'bcp_connection_attempt'====== Args={'name': 'local_display', 'host': 'localhost', 'port': 5050}
2026-01-04 16:41:42,141 : INFO : BCPClientSocket : Connecting BCP to 'local_display' at localhost:5050...
2026-01-04 16:41:45,691 : INFO : BCPClientSocket : Connected BCP to 'local_display' localhost:5050
2026-01-04 16:41:45,691 : INFO : EventManager : Event: ======'bcp_clients_connected'====== Args={}
2026-01-04 16:41:45,692 : INFO : ball_device.bd_trough : BCH: Initial count: 6
2026-01-04 16:41:45,692 : INFO : ball_device.bd_trough : State: idle
2026-01-04 16:41:45,692 : INFO : ball_device.bd_plunger : BCH: Initial count: 0
2026-01-04 16:41:45,692 : INFO : ball_device.bd_plunger : State: idle
2026-01-04 16:41:45,693 : INFO : ball_device.kickervault1_eject : BCH: Initial count: 0
2026-01-04 16:41:45,693 : INFO : ball_device.kickervault1_eject : State: idle
2026-01-04 16:41:45,693 : INFO : ball_device.rightkicker : BCH: Initial count: 0
2026-01-04 16:41:45,693 : INFO : ball_device.rightkicker : State: idle
2026-01-04 16:41:45,693 : INFO : ball_device.UrampUp001 : BCH: Initial count: 0
2026-01-04 16:41:45,694 : INFO : ball_device.UrampUp001 : State: idle
2026-01-04 16:41:45,694 : INFO : ball_device.rightvuk : BCH: Initial count: 0
2026-01-04 16:41:45,694 : INFO : ball_device.rightvuk : State: idle
2026-01-04 16:41:45,694 : INFO : ball_device.towervuk : BCH: Initial count: 0
2026-01-04 16:41:45,694 : INFO : ball_device.towervuk : State: idle
2026-01-04 16:41:45,695 : INFO : ball_device.airplane : BCH: Initial count: 0
2026-01-04 16:41:45,695 : INFO : ball_device.airplane : State: idle
2026-01-04 16:41:45,709 : INFO : EventManager : Event: ======'init_phase_3'====== Args={}
2026-01-04 16:41:45,773 : INFO : EventManager : Event: ======'init_phase_4'====== Args={}
2026-01-04 16:41:45,774 : INFO : BallController : Initial balls found: 6
2026-01-04 16:41:45,774 : INFO : Machine : Starting the main run loop with active modes: []
2026-01-04 16:41:45,774 : WARNING : Machine : Attract mode is not active, game will not be playable. Please check your attract mode configuration.
2026-01-04 16:41:45,775 : INFO : Machine : Shutting down...
2026-01-04 16:41:45,775 : INFO : EventManager : Event: ======'shutdown'====== Args={}
2026-01-04 16:41:45,776 : INFO : EventManager : Event: ======'machine_var_audits_events_game_ended'====== Args={'value': 20, 'prev_value': None, 'change': True}
2026-01-04 16:41:45,776 : INFO : EventManager : Event: ======'machine_var_audits_events_game_started'====== Args={'value': 121, 'prev_value': None, 'change': True}
2026-01-04 16:41:45,776 : INFO : EventManager : Event: ======'machine_var_audits_missing_switches_SpinnerLeft'====== Args={'value': 1, 'prev_value': None, 'change': True}
2026-01-04 16:41:45,776 : INFO : EventManager : Event: ======'machine_var_audits_missing_switches_SpinnerRight'====== Args={'value': 10, 'prev_value': None, 'change': True}
2026-01-04 16:41:45,776 : INFO : EventManager : Event: ======'machine_var_audits_missing_switches_s_AirDuctEnter001'====== Args={'value': 33, 'prev_value': None, 'change': True}
2026-01-04 16:41:45,776 : INFO : EventManager : Event: ======'machine_var_audits_missing_switches_s_TrPF1'====== Args={'value': 43, 'prev_value': None, 'change': True}
2026-01-04 16:41:45,777 : INFO : EventManager : Event: ======'machine_var_audits_missing_switches_s_TrPF2'====== Args={'value': 43, 'prev_value': None, 'change': True}
2026-01-04 16:41:45,777 : INFO : EventManager : Event: ======'machine_var_audits_missing_switches_s_TrPF3'====== Args={'value': 43, 'prev_value': None, 'change': True}
2026-01-04 16:41:45,777 : INFO : EventManager : Event: ======'machine_var_audits_missing_switches_s_UrampUp001'====== Args={'value': 43, 'prev_value': None, 'change': True}
2026-01-04 16:41:45,777 : INFO : EventManager : Event: ======'machine_var_audits_missing_switches_s_air_duct'====== Args={'value': 9, 'prev_value': None, 'change': True}
2026-01-04 16:41:45,777 : INFO : EventManager : Event: ======'machine_var_audits_missing_switches_s_airplane'====== Args={'value': 1, 'prev_value': None, 'change': True}
2026-01-04 16:41:45,777 : INFO : EventManager : Event: ======'machine_var_audits_missing_switches_s_bottom_left_inner_drain'====== Args={'value': 1, 'prev_value': None, 'change': True}
2026-01-04 16:41:45,777 : INFO : EventManager : Event: ======'machine_var_audits_missing_switches_s_bottom_left_outer_drain'====== Args={'value': 2, 'prev_value': None, 'change': True}
2026-01-04 16:41:45,777 : INFO : EventManager : Event: ======'machine_var_audits_missing_switches_s_bottom_right_inner_drain'====== Args={'value': 1, 'prev_value': None, 'change': True}
2026-01-04 16:41:45,777 : INFO : EventManager : Event: ======'machine_var_audits_missing_switches_s_captiveball'====== Args={'value': 43, 'prev_value': None, 'change': True}
2026-01-04 16:41:45,777 : INFO : EventManager : Event: ======'machine_var_audits_missing_switches_s_door'====== Args={'value': 44, 'prev_value': None, 'change': True}
2026-01-04 16:41:45,777 : INFO : EventManager : Event: ======'machine_var_audits_missing_switches_s_door_tilt'====== Args={'value': 44, 'prev_value': None, 'change': True}
2026-01-04 16:41:45,777 : INFO : EventManager : Event: ======'machine_var_audits_missing_switches_s_drop_target_1'====== Args={'value': 43, 'prev_value': None, 'change': True}
2026-01-04 16:41:45,777 : INFO : EventManager : Event: ======'machine_var_audits_missing_switches_s_drop_target_2'====== Args={'value': 43, 'prev_value': None, 'change': True}
2026-01-04 16:41:45,777 : INFO : EventManager : Event: ======'machine_var_audits_missing_switches_s_drop_target_3'====== Args={'value': 42, 'prev_value': None, 'change': True}
2026-01-04 16:41:45,777 : INFO : EventManager : Event: ======'machine_var_audits_missing_switches_s_enter'====== Args={'value': 121, 'prev_value': None, 'change': True}
2026-01-04 16:41:45,777 : INFO : EventManager : Event: ======'machine_var_audits_missing_switches_s_escape'====== Args={'value': 121, 'prev_value': None, 'change': True}
2026-01-04 16:41:45,777 : INFO : EventManager : Event: ======'machine_var_audits_missing_switches_s_fire'====== Args={'value': 1, 'prev_value': None, 'change': True}
2026-01-04 16:41:45,777 : INFO : EventManager : Event: ======'machine_var_audits_missing_switches_s_highvuk'====== Args={'value': 3, 'prev_value': None, 'change': True}
2026-01-04 16:41:45,777 : INFO : EventManager : Event: ======'machine_var_audits_missing_switches_s_holly_h'====== Args={'value': 10, 'prev_value': None, 'change': True}
2026-01-04 16:41:45,777 : INFO : EventManager : Event: ======'machine_var_audits_missing_switches_s_holly_l'====== Args={'value': 42, 'prev_value': None, 'change': True}
2026-01-04 16:41:45,777 : INFO : EventManager : Event: ======'machine_var_audits_missing_switches_s_holly_l1'====== Args={'value': 41, 'prev_value': None, 'change': True}
2026-01-04 16:41:45,777 : INFO : EventManager : Event: ======'machine_var_audits_missing_switches_s_holly_l_1'====== Args={'value': 3, 'prev_value': None, 'change': True}
2026-01-04 16:41:45,777 : INFO : EventManager : Event: ======'machine_var_audits_missing_switches_s_holly_o'====== Args={'value': 10, 'prev_value': None, 'change': True}
2026-01-04 16:41:45,777 : INFO : EventManager : Event: ======'machine_var_audits_missing_switches_s_holly_y'====== Args={'value': 42, 'prev_value': None, 'change': True}
2026-01-04 16:41:45,778 : INFO : EventManager : Event: ======'machine_var_audits_missing_switches_s_kickervault1'====== Args={'value': 10, 'prev_value': None, 'change': True}
2026-01-04 16:41:45,778 : INFO : EventManager : Event: ======'machine_var_audits_missing_switches_s_left_coin'====== Args={'value': 121, 'prev_value': None, 'change': True}
2026-01-04 16:41:45,778 : INFO : EventManager : Event: ======'machine_var_audits_missing_switches_s_left_flipper'====== Args={'value': 6, 'prev_value': None, 'change': True}
2026-01-04 16:41:45,778 : INFO : EventManager : Event: ======'machine_var_audits_missing_switches_s_left_flipper_eos'====== Args={'value': 42, 'prev_value': None, 'change': True}
2026-01-04 16:41:45,778 : INFO : EventManager : Event: ======'machine_var_audits_missing_switches_s_left_inlane'====== Args={'value': 24, 'prev_value': None, 'change': True}
2026-01-04 16:41:45,778 : INFO : EventManager : Event: ======'machine_var_audits_missing_switches_s_left_magna'====== Args={'value': 1, 'prev_value': None, 'change': True}
2026-01-04 16:41:45,778 : INFO : EventManager : Event: ======'machine_var_audits_missing_switches_s_left_orbit'====== Args={'value': 1, 'prev_value': None, 'change': True}
2026-01-04 16:41:45,778 : INFO : EventManager : Event: ======'machine_var_audits_missing_switches_s_left_orbit2'====== Args={'value': 1, 'prev_value': None, 'change': True}
2026-01-04 16:41:45,778 : INFO : EventManager : Event: ======'machine_var_audits_missing_switches_s_left_outlane'====== Args={'value': 24, 'prev_value': None, 'change': True}
2026-01-04 16:41:45,778 : INFO : EventManager : Event: ======'machine_var_audits_missing_switches_s_left_slingshot'====== Args={'value': 1, 'prev_value': None, 'change': True}
2026-01-04 16:41:45,778 : INFO : EventManager : Event: ======'machine_var_audits_missing_switches_s_left_top_target'====== Args={'value': 1, 'prev_value': None, 'change': True}
2026-01-04 16:41:45,778 : INFO : EventManager : Event: ======'machine_var_audits_missing_switches_s_mid_orbit'====== Args={'value': 52, 'prev_value': None, 'change': True}
2026-01-04 16:41:45,778 : INFO : EventManager : Event: ======'machine_var_audits_missing_switches_s_middle_top_target'====== Args={'value': 1, 'prev_value': None, 'change': True}
2026-01-04 16:41:45,778 : INFO : EventManager : Event: ======'machine_var_audits_missing_switches_s_minus'====== Args={'value': 121, 'prev_value': None, 'change': True}
2026-01-04 16:41:45,778 : INFO : EventManager : Event: ======'machine_var_audits_missing_switches_s_nakatomi_lock_ball_count'====== Args={'value': 43, 'prev_value': None, 'change': True}
2026-01-04 16:41:45,778 : INFO : EventManager : Event: ======'machine_var_audits_missing_switches_s_plus'====== Args={'value': 121, 'prev_value': None, 'change': True}
2026-01-04 16:41:45,778 : INFO : EventManager : Event: ======'machine_var_audits_missing_switches_s_popbumper_left'====== Args={'value': 33, 'prev_value': None, 'change': True}
2026-01-04 16:41:45,778 : INFO : EventManager : Event: ======'machine_var_audits_missing_switches_s_popbumper_right'====== Args={'value': 33, 'prev_value': None, 'change': True}
2026-01-04 16:41:45,778 : INFO : EventManager : Event: ======'machine_var_audits_missing_switches_s_push_drop_target_4'====== Args={'value': 42, 'prev_value': None, 'change': True}
2026-01-04 16:41:45,778 : INFO : EventManager : Event: ======'machine_var_audits_missing_switches_s_push_drop_target_5'====== Args={'value': 10, 'prev_value': None, 'change': True}
2026-01-04 16:41:45,778 : INFO : EventManager : Event: ======'machine_var_audits_missing_switches_s_right_coin'====== Args={'value': 121, 'prev_value': None, 'change': True}
2026-01-04 16:41:45,778 : INFO : EventManager : Event: ======'machine_var_audits_missing_switches_s_right_flipper'====== Args={'value': 42, 'prev_value': None, 'change': True}
2026-01-04 16:41:45,778 : INFO : EventManager : Event: ======'machine_var_audits_missing_switches_s_right_flipper_eos'====== Args={'value': 43, 'prev_value': None, 'change': True}
2026-01-04 16:41:45,778 : INFO : EventManager : Event: ======'machine_var_audits_missing_switches_s_right_inlane'====== Args={'value': 24, 'prev_value': None, 'change': True}
2026-01-04 16:41:45,778 : INFO : EventManager : Event: ======'machine_var_audits_missing_switches_s_right_magna'====== Args={'value': 1, 'prev_value': None, 'change': True}
2026-01-04 16:41:45,778 : INFO : EventManager : Event: ======'machine_var_audits_missing_switches_s_right_orbit'====== Args={'value': 37, 'prev_value': None, 'change': True}
2026-01-04 16:41:45,779 : INFO : EventManager : Event: ======'machine_var_audits_missing_switches_s_right_orbit2'====== Args={'value': 37, 'prev_value': None, 'change': True}
2026-01-04 16:41:45,779 : INFO : EventManager : Event: ======'machine_var_audits_missing_switches_s_right_outlane'====== Args={'value': 24, 'prev_value': None, 'change': True}
2026-01-04 16:41:45,779 : INFO : EventManager : Event: ======'machine_var_audits_missing_switches_s_right_slingshot'====== Args={'value': 2, 'prev_value': None, 'change': True}
2026-01-04 16:41:45,779 : INFO : EventManager : Event: ======'machine_var_audits_missing_switches_s_right_top_target'====== Args={'value': 1, 'prev_value': None, 'change': True}
2026-01-04 16:41:45,779 : INFO : EventManager : Event: ======'machine_var_audits_missing_switches_s_rightkicker'====== Args={'value': 9, 'prev_value': None, 'change': True}
2026-01-04 16:41:45,779 : INFO : EventManager : Event: ======'machine_var_audits_missing_switches_s_rightvuk'====== Args={'value': 43, 'prev_value': None, 'change': True}
2026-01-04 16:41:45,779 : INFO : EventManager : Event: ======'machine_var_audits_missing_switches_s_safe_vuk'====== Args={'value': 3, 'prev_value': None, 'change': True}
2026-01-04 16:41:45,779 : INFO : EventManager : Event: ======'machine_var_audits_missing_switches_s_spinnerleft'====== Args={'value': 1, 'prev_value': None, 'change': True}
2026-01-04 16:41:45,779 : INFO : EventManager : Event: ======'machine_var_audits_missing_switches_s_spinnerright'====== Args={'value': 1, 'prev_value': None, 'change': True}
2026-01-04 16:41:45,779 : INFO : EventManager : Event: ======'machine_var_audits_missing_switches_s_start'====== Args={'value': 34, 'prev_value': None, 'change': True}
2026-01-04 16:41:45,779 : INFO : EventManager : Event: ======'machine_var_audits_missing_switches_s_swDivParkp'====== Args={'value': 34, 'prev_value': None, 'change': True}
2026-01-04 16:41:45,779 : INFO : EventManager : Event: ======'machine_var_audits_missing_switches_s_swleftinlane'====== Args={'value': 43, 'prev_value': None, 'change': True}
2026-01-04 16:41:45,779 : INFO : EventManager : Event: ======'machine_var_audits_missing_switches_s_swleftorb1'====== Args={'value': 1, 'prev_value': None, 'change': True}
2026-01-04 16:41:45,779 : INFO : EventManager : Event: ======'machine_var_audits_missing_switches_s_swleftorb2'====== Args={'value': 1, 'prev_value': None, 'change': True}
2026-01-04 16:41:45,779 : INFO : EventManager : Event: ======'machine_var_audits_missing_switches_s_swleftoutlane'====== Args={'value': 43, 'prev_value': None, 'change': True}
2026-01-04 16:41:45,779 : INFO : EventManager : Event: ======'machine_var_audits_missing_switches_s_swmidorb'====== Args={'value': 6, 'prev_value': None, 'change': True}
2026-01-04 16:41:45,779 : INFO : EventManager : Event: ======'machine_var_audits_missing_switches_s_swrightinlane'====== Args={'value': 42, 'prev_value': None, 'change': True}
2026-01-04 16:41:45,779 : INFO : EventManager : Event: ======'machine_var_audits_missing_switches_s_swrightorb1'====== Args={'value': 1, 'prev_value': None, 'change': True}
2026-01-04 16:41:45,779 : INFO : EventManager : Event: ======'machine_var_audits_missing_switches_s_swrightorb2'====== Args={'value': 2, 'prev_value': None, 'change': True}
2026-01-04 16:41:45,779 : INFO : EventManager : Event: ======'machine_var_audits_missing_switches_s_swrightoutlane'====== Args={'value': 43, 'prev_value': None, 'change': True}
2026-01-04 16:41:45,779 : INFO : EventManager : Event: ======'machine_var_audits_missing_switches_s_target002'====== Args={'value': 43, 'prev_value': None, 'change': True}
2026-01-04 16:41:45,779 : INFO : EventManager : Event: ======'machine_var_audits_missing_switches_s_target003'====== Args={'value': 43, 'prev_value': None, 'change': True}
2026-01-04 16:41:45,779 : INFO : EventManager : Event: ======'machine_var_audits_missing_switches_s_target004'====== Args={'value': 43, 'prev_value': None, 'change': True}
2026-01-04 16:41:45,779 : INFO : EventManager : Event: ======'machine_var_audits_missing_switches_s_target_2'====== Args={'value': 24, 'prev_value': None, 'change': True}
2026-01-04 16:41:45,779 : INFO : EventManager : Event: ======'machine_var_audits_missing_switches_s_target_3'====== Args={'value': 24, 'prev_value': None, 'change': True}
2026-01-04 16:41:45,779 : INFO : EventManager : Event: ======'machine_var_audits_missing_switches_s_targeth'====== Args={'value': 2, 'prev_value': None, 'change': True}
2026-01-04 16:41:45,779 : INFO : EventManager : Event: ======'machine_var_audits_missing_switches_s_targetl'====== Args={'value': 2, 'prev_value': None, 'change': True}
2026-01-04 16:41:45,779 : INFO : EventManager : Event: ======'machine_var_audits_missing_switches_s_targetl2'====== Args={'value': 1, 'prev_value': None, 'change': True}
2026-01-04 16:41:45,779 : INFO : EventManager : Event: ======'machine_var_audits_missing_switches_s_targeto'====== Args={'value': 2, 'prev_value': None, 'change': True}
2026-01-04 16:41:45,779 : INFO : EventManager : Event: ======'machine_var_audits_missing_switches_s_targety'====== Args={'value': 2, 'prev_value': None, 'change': True}
2026-01-04 16:41:45,779 : INFO : EventManager : Event: ======'machine_var_audits_missing_switches_s_tilt_bob'====== Args={'value': 121, 'prev_value': None, 'change': True}
2026-01-04 16:41:45,779 : INFO : EventManager : Event: ======'machine_var_audits_missing_switches_s_top_flipper_eos'====== Args={'value': 43, 'prev_value': None, 'change': True}
2026-01-04 16:41:45,779 : INFO : EventManager : Event: ======'machine_var_audits_missing_switches_s_top_flipper_hold'====== Args={'value': 24, 'prev_value': None, 'change': True}
2026-01-04 16:41:45,780 : INFO : EventManager : Event: ======'machine_var_audits_missing_switches_s_towervuk'====== Args={'value': 43, 'prev_value': None, 'change': True}
2026-01-04 16:41:45,780 : INFO : EventManager : Event: ======'machine_var_audits_missing_switches_s_trmagl'====== Args={'value': 43, 'prev_value': None, 'change': True}
2026-01-04 16:41:45,780 : INFO : EventManager : Event: ======'machine_var_audits_missing_switches_s_trmagr'====== Args={'value': 43, 'prev_value': None, 'change': True}
2026-01-04 16:41:45,780 : INFO : EventManager : Event: ======'machine_var_audits_missing_switches_s_trough1'====== Args={'value': 1, 'prev_value': None, 'change': True}
2026-01-04 16:41:45,780 : INFO : EventManager : Event: ======'machine_var_audits_missing_switches_s_trough2'====== Args={'value': 3, 'prev_value': None, 'change': True}
2026-01-04 16:41:45,780 : INFO : EventManager : Event: ======'machine_var_audits_missing_switches_s_trough3'====== Args={'value': 3, 'prev_value': None, 'change': True}
2026-01-04 16:41:45,780 : INFO : EventManager : Event: ======'machine_var_audits_missing_switches_s_trough4'====== Args={'value': 3, 'prev_value': None, 'change': True}
2026-01-04 16:41:45,780 : INFO : EventManager : Event: ======'machine_var_audits_missing_switches_s_trough5'====== Args={'value': 3, 'prev_value': None, 'change': True}
2026-01-04 16:41:45,780 : INFO : EventManager : Event: ======'machine_var_audits_missing_switches_s_trough6'====== Args={'value': 3, 'prev_value': None, 'change': True}
2026-01-04 16:41:45,780 : INFO : EventManager : Event: ======'machine_var_audits_missing_switches_s_trough_jam'====== Args={'value': 1, 'prev_value': None, 'change': True}
2026-01-04 16:41:45,780 : INFO : EventManager : Event: ======'machine_var_audits_missing_switches_s_tunel_vuk'====== Args={'value': 1, 'prev_value': None, 'change': True}
2026-01-04 16:41:45,780 : INFO : EventManager : Event: ======'machine_var_audits_missing_switches_s_upper_pf_entrance'====== Args={'value': 24, 'prev_value': None, 'change': True}
2026-01-04 16:41:45,780 : INFO : EventManager : Event: ======'machine_var_audits_player_score'====== Args={'value': {'average': 89899, 'top': [691810, 665430, 224220, 152420, 150000, 138180, 97570, 97420, 90150, 33330], 'total': 24}, 'prev_value': None, 'change': True}
2026-01-04 16:41:45,780 : INFO : EventManager : Event: ======'machine_var_audits_shots_holly_h'====== Args={'value': 301, 'prev_value': None, 'change': True}
2026-01-04 16:41:45,780 : INFO : EventManager : Event: ======'machine_var_audits_shots_holly_l'====== Args={'value': 96, 'prev_value': None, 'change': True}
2026-01-04 16:41:45,780 : INFO : EventManager : Event: ======'machine_var_audits_shots_holly_l1'====== Args={'value': 75, 'prev_value': None, 'change': True}
2026-01-04 16:41:45,780 : INFO : EventManager : Event: ======'machine_var_audits_shots_holly_o'====== Args={'value': 121, 'prev_value': None, 'change': True}
2026-01-04 16:41:45,780 : INFO : EventManager : Event: ======'machine_var_audits_shots_holly_y'====== Args={'value': 27, 'prev_value': None, 'change': True}
2026-01-04 16:41:45,780 : INFO : EventManager : Event: ======'machine_var_audits_shots_targetl2'====== Args={'value': 2, 'prev_value': None, 'change': True}
2026-01-04 16:41:45,780 : INFO : EventManager : Event: ======'machine_var_audits_shots_vault_h'====== Args={'value': 59, 'prev_value': None, 'change': True}
2026-01-04 16:41:45,780 : INFO : EventManager : Event: ======'machine_var_audits_shots_vault_o'====== Args={'value': 61, 'prev_value': None, 'change': True}
2026-01-04 16:41:45,780 : INFO : EventManager : Event: ======'machine_var_audits_switches_SpinnerLeft'====== Args={'value': 23, 'prev_value': None, 'change': True}
2026-01-04 16:41:45,780 : INFO : EventManager : Event: ======'machine_var_audits_switches_SpinnerRight'====== Args={'value': 8, 'prev_value': None, 'change': True}
2026-01-04 16:41:45,780 : INFO : EventManager : Event: ======'machine_var_audits_switches_s_AirDuctEnter001'====== Args={'value': 14, 'prev_value': None, 'change': True}
2026-01-04 16:41:45,780 : INFO : EventManager : Event: ======'machine_var_audits_switches_s_TrPF1'====== Args={'value': 0, 'prev_value': None, 'change': True}
2026-01-04 16:41:45,780 : INFO : EventManager : Event: ======'machine_var_audits_switches_s_TrPF2'====== Args={'value': 0, 'prev_value': None, 'change': True}
2026-01-04 16:41:45,781 : INFO : EventManager : Event: ======'machine_var_audits_switches_s_TrPF3'====== Args={'value': 0, 'prev_value': None, 'change': True}
2026-01-04 16:41:45,781 : INFO : EventManager : Event: ======'machine_var_audits_switches_s_UrampUp001'====== Args={'value': 0, 'prev_value': None, 'change': True}
2026-01-04 16:41:45,781 : INFO : EventManager : Event: ======'machine_var_audits_switches_s_air_duct'====== Args={'value': 0, 'prev_value': None, 'change': True}
2026-01-04 16:41:45,781 : INFO : EventManager : Event: ======'machine_var_audits_switches_s_airplane'====== Args={'value': 42, 'prev_value': None, 'change': True}
2026-01-04 16:41:45,781 : INFO : EventManager : Event: ======'machine_var_audits_switches_s_bottom_left_inner_drain'====== Args={'value': 102, 'prev_value': None, 'change': True}
2026-01-04 16:41:45,781 : INFO : EventManager : Event: ======'machine_var_audits_switches_s_bottom_left_outer_drain'====== Args={'value': 92, 'prev_value': None, 'change': True}
2026-01-04 16:41:45,781 : INFO : EventManager : Event: ======'machine_var_audits_switches_s_bottom_right_inner_drain'====== Args={'value': 126, 'prev_value': None, 'change': True}
2026-01-04 16:41:45,781 : INFO : EventManager : Event: ======'machine_var_audits_switches_s_bottom_right_outer_drain'====== Args={'value': 328, 'prev_value': None, 'change': True}
2026-01-04 16:41:45,781 : INFO : EventManager : Event: ======'machine_var_audits_switches_s_bottom_right_vuk'====== Args={'value': 1822, 'prev_value': None, 'change': True}
2026-01-04 16:41:45,781 : INFO : EventManager : Event: ======'machine_var_audits_switches_s_captiveball'====== Args={'value': 0, 'prev_value': None, 'change': True}
2026-01-04 16:41:45,781 : INFO : EventManager : Event: ======'machine_var_audits_switches_s_door'====== Args={'value': 59, 'prev_value': None, 'change': True}
2026-01-04 16:41:45,781 : INFO : EventManager : Event: ======'machine_var_audits_switches_s_door_tilt'====== Args={'value': 115, 'prev_value': None, 'change': True}
2026-01-04 16:41:45,781 : INFO : EventManager : Event: ======'machine_var_audits_switches_s_drop_target_1'====== Args={'value': 114, 'prev_value': None, 'change': True}
2026-01-04 16:41:45,781 : INFO : EventManager : Event: ======'machine_var_audits_switches_s_drop_target_2'====== Args={'value': 102, 'prev_value': None, 'change': True}
2026-01-04 16:41:45,781 : INFO : EventManager : Event: ======'machine_var_audits_switches_s_drop_target_3'====== Args={'value': 113, 'prev_value': None, 'change': True}
2026-01-04 16:41:45,781 : INFO : EventManager : Event: ======'machine_var_audits_switches_s_enter'====== Args={'value': 0, 'prev_value': None, 'change': True}
2026-01-04 16:41:45,781 : INFO : EventManager : Event: ======'machine_var_audits_switches_s_escape'====== Args={'value': 0, 'prev_value': None, 'change': True}
2026-01-04 16:41:45,781 : INFO : EventManager : Event: ======'machine_var_audits_switches_s_fire'====== Args={'value': 176, 'prev_value': None, 'change': True}
2026-01-04 16:41:45,781 : INFO : EventManager : Event: ======'machine_var_audits_switches_s_highvuk'====== Args={'value': 76, 'prev_value': None, 'change': True}
2026-01-04 16:41:45,781 : INFO : EventManager : Event: ======'machine_var_audits_switches_s_holly_h'====== Args={'value': 308, 'prev_value': None, 'change': True}
2026-01-04 16:41:45,781 : INFO : EventManager : Event: ======'machine_var_audits_switches_s_holly_l'====== Args={'value': 216, 'prev_value': None, 'change': True}
2026-01-04 16:41:45,781 : INFO : EventManager : Event: ======'machine_var_audits_switches_s_holly_l1'====== Args={'value': 75, 'prev_value': None, 'change': True}
2026-01-04 16:41:45,781 : INFO : EventManager : Event: ======'machine_var_audits_switches_s_holly_l_1'====== Args={'value': 93, 'prev_value': None, 'change': True}
2026-01-04 16:41:45,781 : INFO : EventManager : Event: ======'machine_var_audits_switches_s_holly_o'====== Args={'value': 237, 'prev_value': None, 'change': True}
2026-01-04 16:41:45,781 : INFO : EventManager : Event: ======'machine_var_audits_switches_s_holly_y'====== Args={'value': 71, 'prev_value': None, 'change': True}
2026-01-04 16:41:45,782 : INFO : EventManager : Event: ======'machine_var_audits_switches_s_kickervault1'====== Args={'value': 13, 'prev_value': None, 'change': True}
2026-01-04 16:41:45,782 : INFO : EventManager : Event: ======'machine_var_audits_switches_s_left spinner'====== Args={'value': 1170, 'prev_value': None, 'change': True}
2026-01-04 16:41:45,782 : INFO : EventManager : Event: ======'machine_var_audits_switches_s_left_coin'====== Args={'value': 0, 'prev_value': None, 'change': True}
2026-01-04 16:41:45,782 : INFO : EventManager : Event: ======'machine_var_audits_switches_s_left_flipper'====== Args={'value': 1436, 'prev_value': None, 'change': True}
2026-01-04 16:41:45,782 : INFO : EventManager : Event: ======'machine_var_audits_switches_s_left_flipper_eos'====== Args={'value': 1374, 'prev_value': None, 'change': True}
2026-01-04 16:41:45,782 : INFO : EventManager : Event: ======'machine_var_audits_switches_s_left_inlane'====== Args={'value': 0, 'prev_value': None, 'change': True}
2026-01-04 16:41:45,782 : INFO : EventManager : Event: ======'machine_var_audits_switches_s_left_magna'====== Args={'value': 377, 'prev_value': None, 'change': True}
2026-01-04 16:41:45,782 : INFO : EventManager : Event: ======'machine_var_audits_switches_s_left_orbit'====== Args={'value': 345, 'prev_value': None, 'change': True}
2026-01-04 16:41:45,782 : INFO : EventManager : Event: ======'machine_var_audits_switches_s_left_orbit2'====== Args={'value': 11, 'prev_value': None, 'change': True}
2026-01-04 16:41:45,782 : INFO : EventManager : Event: ======'machine_var_audits_switches_s_left_outlane'====== Args={'value': 0, 'prev_value': None, 'change': True}
2026-01-04 16:41:45,782 : INFO : EventManager : Event: ======'machine_var_audits_switches_s_left_sling'====== Args={'value': 389, 'prev_value': None, 'change': True}
2026-01-04 16:41:45,782 : INFO : EventManager : Event: ======'machine_var_audits_switches_s_left_slingshot'====== Args={'value': 1, 'prev_value': None, 'change': True}
2026-01-04 16:41:45,782 : INFO : EventManager : Event: ======'machine_var_audits_switches_s_left_top_target'====== Args={'value': 76, 'prev_value': None, 'change': True}
2026-01-04 16:41:45,782 : INFO : EventManager : Event: ======'machine_var_audits_switches_s_mid_orbit'====== Args={'value': 0, 'prev_value': None, 'change': True}
2026-01-04 16:41:45,782 : INFO : EventManager : Event: ======'machine_var_audits_switches_s_middle_top_target'====== Args={'value': 42, 'prev_value': None, 'change': True}
2026-01-04 16:41:45,782 : INFO : EventManager : Event: ======'machine_var_audits_switches_s_minus'====== Args={'value': 0, 'prev_value': None, 'change': True}
2026-01-04 16:41:45,782 : INFO : EventManager : Event: ======'machine_var_audits_switches_s_nakatomi'====== Args={'value': 199, 'prev_value': None, 'change': True}
2026-01-04 16:41:45,782 : INFO : EventManager : Event: ======'machine_var_audits_switches_s_nakatomi_lock_ball_count'====== Args={'value': 0, 'prev_value': None, 'change': True}
2026-01-04 16:41:45,782 : INFO : EventManager : Event: ======'machine_var_audits_switches_s_plunger_lane'====== Args={'value': 205, 'prev_value': None, 'change': True}
2026-01-04 16:41:45,782 : INFO : EventManager : Event: ======'machine_var_audits_switches_s_plus'====== Args={'value': 0, 'prev_value': None, 'change': True}
2026-01-04 16:41:45,782 : INFO : EventManager : Event: ======'machine_var_audits_switches_s_popbumper_left'====== Args={'value': 256, 'prev_value': None, 'change': True}
2026-01-04 16:41:45,782 : INFO : EventManager : Event: ======'machine_var_audits_switches_s_popbumper_right'====== Args={'value': 535, 'prev_value': None, 'change': True}
2026-01-04 16:41:45,782 : INFO : EventManager : Event: ======'machine_var_audits_switches_s_push_drop_target_4'====== Args={'value': 2, 'prev_value': None, 'change': True}
2026-01-04 16:41:45,782 : INFO : EventManager : Event: ======'machine_var_audits_switches_s_push_drop_target_5'====== Args={'value': 7, 'prev_value': None, 'change': True}
2026-01-04 16:41:45,782 : INFO : EventManager : Event: ======'machine_var_audits_switches_s_right spinner'====== Args={'value': 134, 'prev_value': None, 'change': True}
2026-01-04 16:41:45,782 : INFO : EventManager : Event: ======'machine_var_audits_switches_s_right_coin'====== Args={'value': 0, 'prev_value': None, 'change': True}
2026-01-04 16:41:45,783 : INFO : EventManager : Event: ======'machine_var_audits_switches_s_right_flipper'====== Args={'value': 1589, 'prev_value': None, 'change': True}
2026-01-04 16:41:45,783 : INFO : EventManager : Event: ======'machine_var_audits_switches_s_right_flipper_eos'====== Args={'value': 1535, 'prev_value': None, 'change': True}
2026-01-04 16:41:45,783 : INFO : EventManager : Event: ======'machine_var_audits_switches_s_right_inlane'====== Args={'value': 0, 'prev_value': None, 'change': True}
2026-01-04 16:41:45,783 : INFO : EventManager : Event: ======'machine_var_audits_switches_s_right_magna'====== Args={'value': 315, 'prev_value': None, 'change': True}
2026-01-04 16:41:45,783 : INFO : EventManager : Event: ======'machine_var_audits_switches_s_right_orbit'====== Args={'value': 261, 'prev_value': None, 'change': True}
2026-01-04 16:41:45,783 : INFO : EventManager : Event: ======'machine_var_audits_switches_s_right_orbit2'====== Args={'value': 11, 'prev_value': None, 'change': True}
2026-01-04 16:41:45,783 : INFO : EventManager : Event: ======'machine_var_audits_switches_s_right_outlane'====== Args={'value': 0, 'prev_value': None, 'change': True}
2026-01-04 16:41:45,783 : INFO : EventManager : Event: ======'machine_var_audits_switches_s_right_sling'====== Args={'value': 511, 'prev_value': None, 'change': True}
2026-01-04 16:41:45,783 : INFO : EventManager : Event: ======'machine_var_audits_switches_s_right_slingshot'====== Args={'value': 0, 'prev_value': None, 'change': True}
2026-01-04 16:41:45,783 : INFO : EventManager : Event: ======'machine_var_audits_switches_s_right_top_target'====== Args={'value': 38, 'prev_value': None, 'change': True}
2026-01-04 16:41:45,783 : INFO : EventManager : Event: ======'machine_var_audits_switches_s_rightkicker'====== Args={'value': 2, 'prev_value': None, 'change': True}
2026-01-04 16:41:45,783 : INFO : EventManager : Event: ======'machine_var_audits_switches_s_rightvuk'====== Args={'value': 0, 'prev_value': None, 'change': True}
2026-01-04 16:41:45,783 : INFO : EventManager : Event: ======'machine_var_audits_switches_s_safe_vuk'====== Args={'value': 354, 'prev_value': None, 'change': True}
2026-01-04 16:41:45,783 : INFO : EventManager : Event: ======'machine_var_audits_switches_s_spinnerleft'====== Args={'value': 10, 'prev_value': None, 'change': True}
2026-01-04 16:41:45,783 : INFO : EventManager : Event: ======'machine_var_audits_switches_s_spinnerright'====== Args={'value': 5, 'prev_value': None, 'change': True}
2026-01-04 16:41:45,783 : INFO : EventManager : Event: ======'machine_var_audits_switches_s_start'====== Args={'value': 65, 'prev_value': None, 'change': True}
2026-01-04 16:41:45,783 : INFO : EventManager : Event: ======'machine_var_audits_switches_s_swDivParkp'====== Args={'value': 0, 'prev_value': None, 'change': True}
2026-01-04 16:41:45,783 : INFO : EventManager : Event: ======'machine_var_audits_switches_s_swleftinlane'====== Args={'value': 0, 'prev_value': None, 'change': True}
2026-01-04 16:41:45,783 : INFO : EventManager : Event: ======'machine_var_audits_switches_s_swleftorb1'====== Args={'value': 2, 'prev_value': None, 'change': True}
2026-01-04 16:41:45,783 : INFO : EventManager : Event: ======'machine_var_audits_switches_s_swleftorb2'====== Args={'value': 2, 'prev_value': None, 'change': True}
2026-01-04 16:41:45,783 : INFO : EventManager : Event: ======'machine_var_audits_switches_s_swleftoutlane'====== Args={'value': 0, 'prev_value': None, 'change': True}
2026-01-04 16:41:45,783 : INFO : EventManager : Event: ======'machine_var_audits_switches_s_swmidorb'====== Args={'value': 0, 'prev_value': None, 'change': True}
2026-01-04 16:41:45,783 : INFO : EventManager : Event: ======'machine_var_audits_switches_s_swrightinlane'====== Args={'value': 1, 'prev_value': None, 'change': True}
2026-01-04 16:41:45,783 : INFO : EventManager : Event: ======'machine_var_audits_switches_s_swrightorb1'====== Args={'value': 1, 'prev_value': None, 'change': True}
2026-01-04 16:41:45,784 : INFO : EventManager : Event: ======'machine_var_audits_switches_s_swrightorb2'====== Args={'value': 0, 'prev_value': None, 'change': True}
2026-01-04 16:41:45,784 : INFO : EventManager : Event: ======'machine_var_audits_switches_s_swrightoutlane'====== Args={'value': 0, 'prev_value': None, 'change': True}
2026-01-04 16:41:45,784 : INFO : EventManager : Event: ======'machine_var_audits_switches_s_target002'====== Args={'value': 0, 'prev_value': None, 'change': True}
2026-01-04 16:41:45,784 : INFO : EventManager : Event: ======'machine_var_audits_switches_s_target003'====== Args={'value': 0, 'prev_value': None, 'change': True}
2026-01-04 16:41:45,784 : INFO : EventManager : Event: ======'machine_var_audits_switches_s_target004'====== Args={'value': 0, 'prev_value': None, 'change': True}
2026-01-04 16:41:45,784 : INFO : EventManager : Event: ======'machine_var_audits_switches_s_target_2'====== Args={'value': 0, 'prev_value': None, 'change': True}
2026-01-04 16:41:45,784 : INFO : EventManager : Event: ======'machine_var_audits_switches_s_target_3'====== Args={'value': 0, 'prev_value': None, 'change': True}
2026-01-04 16:41:45,784 : INFO : EventManager : Event: ======'machine_var_audits_switches_s_targeth'====== Args={'value': 0, 'prev_value': None, 'change': True}
2026-01-04 16:41:45,784 : INFO : EventManager : Event: ======'machine_var_audits_switches_s_targetl'====== Args={'value': 0, 'prev_value': None, 'change': True}
2026-01-04 16:41:45,784 : INFO : EventManager : Event: ======'machine_var_audits_switches_s_targetl2'====== Args={'value': 2, 'prev_value': None, 'change': True}
2026-01-04 16:41:45,784 : INFO : EventManager : Event: ======'machine_var_audits_switches_s_targeto'====== Args={'value': 0, 'prev_value': None, 'change': True}
2026-01-04 16:41:45,784 : INFO : EventManager : Event: ======'machine_var_audits_switches_s_targety'====== Args={'value': 0, 'prev_value': None, 'change': True}
2026-01-04 16:41:45,784 : INFO : EventManager : Event: ======'machine_var_audits_switches_s_tilt_bob'====== Args={'value': 0, 'prev_value': None, 'change': True}
2026-01-04 16:41:45,784 : INFO : EventManager : Event: ======'machine_var_audits_switches_s_top_flipper_eos'====== Args={'value': 1373, 'prev_value': None, 'change': True}
2026-01-04 16:41:45,784 : INFO : EventManager : Event: ======'machine_var_audits_switches_s_top_flipper_hold'====== Args={'value': 0, 'prev_value': None, 'change': True}
2026-01-04 16:41:45,784 : INFO : EventManager : Event: ======'machine_var_audits_switches_s_towervuk'====== Args={'value': 0, 'prev_value': None, 'change': True}
2026-01-04 16:41:45,784 : INFO : EventManager : Event: ======'machine_var_audits_switches_s_trmagl'====== Args={'value': 0, 'prev_value': None, 'change': True}
2026-01-04 16:41:45,784 : INFO : EventManager : Event: ======'machine_var_audits_switches_s_trmagr'====== Args={'value': 0, 'prev_value': None, 'change': True}
2026-01-04 16:41:45,784 : INFO : EventManager : Event: ======'machine_var_audits_switches_s_trough1'====== Args={'value': 329, 'prev_value': None, 'change': True}
2026-01-04 16:41:45,784 : INFO : EventManager : Event: ======'machine_var_audits_switches_s_trough2'====== Args={'value': 121, 'prev_value': None, 'change': True}
2026-01-04 16:41:45,784 : INFO : EventManager : Event: ======'machine_var_audits_switches_s_trough3'====== Args={'value': 119, 'prev_value': None, 'change': True}
2026-01-04 16:41:45,784 : INFO : EventManager : Event: ======'machine_var_audits_switches_s_trough4'====== Args={'value': 123, 'prev_value': None, 'change': True}
2026-01-04 16:41:45,784 : INFO : EventManager : Event: ======'machine_var_audits_switches_s_trough5'====== Args={'value': 103, 'prev_value': None, 'change': True}
2026-01-04 16:41:45,784 : INFO : EventManager : Event: ======'machine_var_audits_switches_s_trough6'====== Args={'value': 103, 'prev_value': None, 'change': True}
2026-01-04 16:41:45,784 : INFO : EventManager : Event: ======'machine_var_audits_switches_s_trough_jam'====== Args={'value': 180, 'prev_value': None, 'change': True}
2026-01-04 16:41:45,784 : INFO : EventManager : Event: ======'machine_var_audits_switches_s_tunel_vuk'====== Args={'value': 225, 'prev_value': None, 'change': True}
2026-01-04 16:41:45,784 : INFO : EventManager : Event: ======'machine_var_audits_switches_s_upper_pf_entrance'====== Args={'value': 0, 'prev_value': None, 'change': True}
2026-01-04 16:41:45,785 : INFO : EventManager : Event: ======'machine_var_audits_switches_swPlunger'====== Args={'value': 16, 'prev_value': None, 'change': True}
2026-01-04 16:41:45,785 : INFO : EventManager : Event: ======'init_phase_5'====== Args={}
2026-01-04 16:41:45,786 : ERROR : asyncio : Task exception was never retrieved
future: <Task finished name='Task-1' coro=<MachineController.initialize() done, defined at C:\Users\carr-\Documents\development\mpf080\mpf\core\machine.py:246> exception=AttributeError("'NoneType' object has no attribute 'config'")>
Traceback (most recent call last):
  File "C:\Users\carr-\Documents\development\mpf080\mpf\core\machine.py", line 258, in initialize
    await self._start_platforms()
  File "C:\Users\carr-\Documents\development\mpf080\mpf\core\machine.py", line 339, in _start_platforms
    await hardware_platform.start()
  File "C:\Users\carr-\Documents\development\mpf080\mpf\platforms\smart_virtual.py", line 293, in start
    self._initialize_ball_devices()
  File "C:\Users\carr-\Documents\development\mpf080\mpf\platforms\smart_virtual.py", line 352, in _initialize_ball_devices
    action = device.ejector.config['eject_coil'].hw_driver.action = AddBallToTargetAction(
  File "C:\Users\carr-\Documents\development\mpf080\mpf\platforms\smart_virtual.py", line 183, in __init__
    self.ball_switches = device.ball_count_handler.counter.config.get('ball_switches', [])
AttributeError: 'NoneType' object has no attribute 'config'
2026-01-04 16:41:46,837 : ERROR : asyncio : Task was destroyed but it is pending!
task: <Task pending name='Task-339' coro=<IocpProactor.accept.<locals>.accept_coro() running at C:\Users\carr-\AppData\Local\Programs\Python\Python39\lib\asyncio\windows_events.py:571> wait_for=<_OverlappedFuture cancelled>>
2026-01-04 16:41:46,838 : INFO : root : MPF run loop ended.
